[95006:95006:0324/114724.889370:ERROR:cursor_factory.cc(96)] Not implemented reached in virtual void ui::CursorFactory::ObserveThemeChanges()
[95071:95071:0324/114725.295175:WARNING:sandbox_linux.cc(415)] InitializeSandbox() called with multiple threads in process gpu-process.
[95071:95071:0324/114725.323367:WARNING:viz_main_impl.cc(85)] VizNullHypothesis is disabled (not a warning)
[95080:95080:0324/114725.436408:WARNING:sandbox_linux.cc(415)] InitializeSandbox() called with multiple threads in process gpu-process.
[95080:95080:0324/114725.463080:WARNING:viz_main_impl.cc(85)] VizNullHypothesis is disabled (not a warning)
[95006:95006:0324/114725.637718:WARNING:account_consistency_mode_manager.cc(72)] Desktop Identity Consistency cannot be enabled as no OAuth client ID and client secret have been configured.
[95006:95006:0324/114727.119588:ERROR:platform_screen.cc(45)] Not implemented reached in virtual bool ui::PlatformScreen::IsScreenSaverActive() const
[95006:95006:0324/114727.119744:ERROR:platform_screen.cc(50)] Not implemented reached in virtual base::TimeDelta ui::PlatformScreen::CalculateIdleTime() const
[95006:95006:0324/114727.128350:WARNING:compose_enabling.cc(64)] Couldn't get country info.
[95006:95006:0324/114742.107735:INFO:CONSOLE(8)] "The Content Security Policy 'default-src 'self' 'unsafe-inline'' was delivered via a <meta> element outside the document's <head>, which is disallowed. The policy has been ignored.", source: file:///home/dhia/browser-fuzzer/Dissertation/logger/run_20250324_064826/round_031/mutations/mutated_0004.html (8)
[95006:95006:0324/114747.596873:INFO:CONSOLE(106)] "Uncaught SyntaxError: Unexpected end of input", source: file:///home/dhia/browser-fuzzer/Dissertation/logger/run_20250324_064826/round_031/mutations/mutated_0004.html (106)
[95006:95006:0324/114747.917844:INFO:CONSOLE(187)] "Uncaught SyntaxError: Unexpected end of input", source: file:///home/dhia/browser-fuzzer/Dissertation/logger/run_20250324_064826/round_031/mutations/mutated_0004.html (187)
[95006:95006:0324/114748.511773:INFO:CONSOLE(225)] "Uncaught SyntaxError: Invalid or unexpected token", source: file:///home/dhia/browser-fuzzer/Dissertation/logger/run_20250324_064826/round_031/mutations/mutated_0004.html (225)
[95006:95006:0324/114748.528308:INFO:CONSOLE(226)] "Uncaught SyntaxError: Invalid or unexpected token", source: file:///home/dhia/browser-fuzzer/Dissertation/logger/run_20250324_064826/round_031/mutations/mutated_0004.html (226)
[95006:95006:0324/114748.624864:INFO:CONSOLE(229)] "Uncaught SyntaxError: Invalid or unexpected token", source: file:///home/dhia/browser-fuzzer/Dissertation/logger/run_20250324_064826/round_031/mutations/mutated_0004.html (229)
[95006:95006:0324/114748.630311:INFO:CONSOLE(230)] "Uncaught SyntaxError: Invalid or unexpected token", source: file:///home/dhia/browser-fuzzer/Dissertation/logger/run_20250324_064826/round_031/mutations/mutated_0004.html (230)
[95006:95006:0324/114748.638752:INFO:CONSOLE(231)] "Uncaught SyntaxError: Invalid or unexpected token", source: file:///home/dhia/browser-fuzzer/Dissertation/logger/run_20250324_064826/round_031/mutations/mutated_0004.html (231)
[95006:95006:0324/114748.755708:INFO:CONSOLE(232)] "Uncaught SyntaxError: Invalid or unexpected token", source: file:///home/dhia/browser-fuzzer/Dissertation/logger/run_20250324_064826/round_031/mutations/mutated_0004.html (232)
[95006:95006:0324/114748.772899:INFO:CONSOLE(233)] "Uncaught SyntaxError: Invalid or unexpected token", source: file:///home/dhia/browser-fuzzer/Dissertation/logger/run_20250324_064826/round_031/mutations/mutated_0004.html (233)
[95006:95006:0324/114748.783021:INFO:CONSOLE(235)] "Uncaught SyntaxError: Invalid or unexpected token", source: file:///home/dhia/browser-fuzzer/Dissertation/logger/run_20250324_064826/round_031/mutations/mutated_0004.html (235)
[95006:95006:0324/114748.865966:INFO:CONSOLE(236)] "Uncaught SyntaxError: Invalid or unexpected token", source: file:///home/dhia/browser-fuzzer/Dissertation/logger/run_20250324_064826/round_031/mutations/mutated_0004.html (236)
[95006:95006:0324/114748.879401:INFO:CONSOLE(245)] "Uncaught SyntaxError: Invalid or unexpected token", source: file:///home/dhia/browser-fuzzer/Dissertation/logger/run_20250324_064826/round_031/mutations/mutated_0004.html (245)
[95006:95006:0324/114748.979045:INFO:CONSOLE(246)] "Uncaught SyntaxError: Invalid or unexpected token", source: file:///home/dhia/browser-fuzzer/Dissertation/logger/run_20250324_064826/round_031/mutations/mutated_0004.html (246)
[95006:95006:0324/114748.989751:INFO:CONSOLE(283)] "Uncaught SyntaxError: Invalid or unexpected token", source: file:///home/dhia/browser-fuzzer/Dissertation/logger/run_20250324_064826/round_031/mutations/mutated_0004.html (283)
[95006:95006:0324/114749.327192:INFO:CONSOLE(284)] "Uncaught SyntaxError: Invalid or unexpected token", source: file:///home/dhia/browser-fuzzer/Dissertation/logger/run_20250324_064826/round_031/mutations/mutated_0004.html (284)
[95006:95006:0324/114749.339008:INFO:CONSOLE(286)] "Uncaught SyntaxError: Invalid or unexpected token", source: file:///home/dhia/browser-fuzzer/Dissertation/logger/run_20250324_064826/round_031/mutations/mutated_0004.html (286)
[95006:95006:0324/114749.480765:INFO:CONSOLE(287)] "Uncaught SyntaxError: Invalid or unexpected token", source: file:///home/dhia/browser-fuzzer/Dissertation/logger/run_20250324_064826/round_031/mutations/mutated_0004.html (287)
[95006:95006:0324/114749.489091:INFO:CONSOLE(288)] "Uncaught SyntaxError: Invalid or unexpected token", source: file:///home/dhia/browser-fuzzer/Dissertation/logger/run_20250324_064826/round_031/mutations/mutated_0004.html (288)
[95006:95006:0324/114749.590374:INFO:CONSOLE(289)] "Uncaught SyntaxError: Invalid or unexpected token", source: file:///home/dhia/browser-fuzzer/Dissertation/logger/run_20250324_064826/round_031/mutations/mutated_0004.html (289)
[95006:95006:0324/114749.594443:INFO:CONSOLE(290)] "Uncaught SyntaxError: Invalid or unexpected token", source: file:///home/dhia/browser-fuzzer/Dissertation/logger/run_20250324_064826/round_031/mutations/mutated_0004.html (290)
[95006:95006:0324/114749.756279:INFO:CONSOLE(297)] "Uncaught SyntaxError: Invalid or unexpected token", source: file:///home/dhia/browser-fuzzer/Dissertation/logger/run_20250324_064826/round_031/mutations/mutated_0004.html (297)
[95006:95006:0324/114749.769025:INFO:CONSOLE(298)] "Uncaught SyntaxError: Invalid or unexpected token", source: file:///home/dhia/browser-fuzzer/Dissertation/logger/run_20250324_064826/round_031/mutations/mutated_0004.html (298)
[95006:95006:0324/114750.119141:INFO:CONSOLE(319)] "Uncaught SyntaxError: Invalid or unexpected token", source: file:///home/dhia/browser-fuzzer/Dissertation/logger/run_20250324_064826/round_031/mutations/mutated_0004.html (319)
[95006:95006:0324/114750.141416:INFO:CONSOLE(320)] "Uncaught SyntaxError: Invalid or unexpected token", source: file:///home/dhia/browser-fuzzer/Dissertation/logger/run_20250324_064826/round_031/mutations/mutated_0004.html (320)
[95006:95006:0324/114750.274643:INFO:CONSOLE(390)] "Uncaught SyntaxError: Unexpected end of input", source: file:///home/dhia/browser-fuzzer/Dissertation/logger/run_20250324_064826/round_031/mutations/mutated_0004.html (390)
[95006:95006:0324/114750.284855:INFO:CONSOLE(393)] "Uncaught SyntaxError: Invalid or unexpected token", source: file:///home/dhia/browser-fuzzer/Dissertation/logger/run_20250324_064826/round_031/mutations/mutated_0004.html (393)
[95006:95006:0324/114750.729368:INFO:CONSOLE(394)] "Uncaught SyntaxError: Invalid or unexpected token", source: file:///home/dhia/browser-fuzzer/Dissertation/logger/run_20250324_064826/round_031/mutations/mutated_0004.html (394)
[95006:95006:0324/114750.742384:INFO:CONSOLE(395)] "Uncaught SyntaxError: Invalid or unexpected token", source: file:///home/dhia/browser-fuzzer/Dissertation/logger/run_20250324_064826/round_031/mutations/mutated_0004.html (395)
[95006:95006:0324/114750.884220:INFO:CONSOLE(486)] "Uncaught SyntaxError: Unexpected end of input", source: file:///home/dhia/browser-fuzzer/Dissertation/logger/run_20250324_064826/round_031/mutations/mutated_0004.html (486)
[95006:95006:0324/114751.154696:INFO:CONSOLE(505)] "Uncaught SyntaxError: Invalid or unexpected token", source: file:///home/dhia/browser-fuzzer/Dissertation/logger/run_20250324_064826/round_031/mutations/mutated_0004.html (505)
[95006:95006:0324/114751.366731:INFO:CONSOLE(515)] "Uncaught SyntaxError: Invalid or unexpected token", source: file:///home/dhia/browser-fuzzer/Dissertation/logger/run_20250324_064826/round_031/mutations/mutated_0004.html (515)
[95006:95006:0324/114751.384940:INFO:CONSOLE(516)] "Uncaught SyntaxError: Invalid or unexpected token", source: file:///home/dhia/browser-fuzzer/Dissertation/logger/run_20250324_064826/round_031/mutations/mutated_0004.html (516)
[95006:95006:0324/114751.404967:INFO:CONSOLE(517)] "Uncaught SyntaxError: Invalid or unexpected token", source: file:///home/dhia/browser-fuzzer/Dissertation/logger/run_20250324_064826/round_031/mutations/mutated_0004.html (517)
[95006:95006:0324/114751.490063:INFO:CONSOLE(518)] "Uncaught SyntaxError: Invalid or unexpected token", source: file:///home/dhia/browser-fuzzer/Dissertation/logger/run_20250324_064826/round_031/mutations/mutated_0004.html (518)
[95006:95006:0324/114751.497803:INFO:CONSOLE(519)] "Uncaught SyntaxError: Invalid or unexpected token", source: file:///home/dhia/browser-fuzzer/Dissertation/logger/run_20250324_064826/round_031/mutations/mutated_0004.html (519)
[95006:95006:0324/114751.506797:INFO:CONSOLE(520)] "Uncaught SyntaxError: Invalid or unexpected token", source: file:///home/dhia/browser-fuzzer/Dissertation/logger/run_20250324_064826/round_031/mutations/mutated_0004.html (520)
[95006:95006:0324/114751.643084:INFO:CONSOLE(521)] "Uncaught SyntaxError: Invalid or unexpected token", source: file:///home/dhia/browser-fuzzer/Dissertation/logger/run_20250324_064826/round_031/mutations/mutated_0004.html (521)
[95006:95006:0324/114751.654147:INFO:CONSOLE(523)] "Uncaught SyntaxError: Invalid or unexpected token", source: file:///home/dhia/browser-fuzzer/Dissertation/logger/run_20250324_064826/round_031/mutations/mutated_0004.html (523)
[95006:95006:0324/114751.772042:INFO:CONSOLE(524)] "Uncaught SyntaxError: Invalid or unexpected token", source: file:///home/dhia/browser-fuzzer/Dissertation/logger/run_20250324_064826/round_031/mutations/mutated_0004.html (524)
[95006:95006:0324/114751.776410:INFO:CONSOLE(533)] "Uncaught SyntaxError: Invalid or unexpected token", source: file:///home/dhia/browser-fuzzer/Dissertation/logger/run_20250324_064826/round_031/mutations/mutated_0004.html (533)
[95006:95006:0324/114751.874901:INFO:CONSOLE(534)] "Uncaught SyntaxError: Invalid or unexpected token", source: file:///home/dhia/browser-fuzzer/Dissertation/logger/run_20250324_064826/round_031/mutations/mutated_0004.html (534)
[95006:95006:0324/114751.887394:INFO:CONSOLE(535)] "Uncaught SyntaxError: Invalid or unexpected token", source: file:///home/dhia/browser-fuzzer/Dissertation/logger/run_20250324_064826/round_031/mutations/mutated_0004.html (535)
[95006:95006:0324/114752.000577:INFO:CONSOLE(582)] "Uncaught SyntaxError: Invalid or unexpected token", source: file:///home/dhia/browser-fuzzer/Dissertation/logger/run_20250324_064826/round_031/mutations/mutated_0004.html (582)
[95006:95006:0324/114752.023346:INFO:CONSOLE(583)] "Uncaught SyntaxError: Invalid or unexpected token", source: file:///home/dhia/browser-fuzzer/Dissertation/logger/run_20250324_064826/round_031/mutations/mutated_0004.html (583)
[95006:95006:0324/114752.632999:INFO:CONSOLE(585)] "Uncaught SyntaxError: Invalid or unexpected token", source: file:///home/dhia/browser-fuzzer/Dissertation/logger/run_20250324_064826/round_031/mutations/mutated_0004.html (585)
[95006:95006:0324/114752.638037:INFO:CONSOLE(586)] "Uncaught SyntaxError: Invalid or unexpected token", source: file:///home/dhia/browser-fuzzer/Dissertation/logger/run_20250324_064826/round_031/mutations/mutated_0004.html (586)
[95006:95006:0324/114752.641947:INFO:CONSOLE(587)] "Uncaught SyntaxError: Invalid or unexpected token", source: file:///home/dhia/browser-fuzzer/Dissertation/logger/run_20250324_064826/round_031/mutations/mutated_0004.html (587)
[95006:95006:0324/114752.802753:INFO:CONSOLE(588)] "Uncaught SyntaxError: Invalid or unexpected token", source: file:///home/dhia/browser-fuzzer/Dissertation/logger/run_20250324_064826/round_031/mutations/mutated_0004.html (588)
[95006:95006:0324/114752.810103:INFO:CONSOLE(595)] "Uncaught SyntaxError: Invalid or unexpected token", source: file:///home/dhia/browser-fuzzer/Dissertation/logger/run_20250324_064826/round_031/mutations/mutated_0004.html (595)
[95006:95006:0324/114753.006815:INFO:CONSOLE(596)] "Uncaught SyntaxError: Invalid or unexpected token", source: file:///home/dhia/browser-fuzzer/Dissertation/logger/run_20250324_064826/round_031/mutations/mutated_0004.html (596)
[95006:95006:0324/114753.340986:INFO:CONSOLE(607)] "Uncaught SyntaxError: Invalid or unexpected token", source: file:///home/dhia/browser-fuzzer/Dissertation/logger/run_20250324_064826/round_031/mutations/mutated_0004.html (607)
[95006:95006:0324/114753.350222:INFO:CONSOLE(608)] "Uncaught SyntaxError: Invalid or unexpected token", source: file:///home/dhia/browser-fuzzer/Dissertation/logger/run_20250324_064826/round_031/mutations/mutated_0004.html (608)
[95006:95006:0324/114753.519346:INFO:CONSOLE(678)] "Uncaught SyntaxError: Unexpected end of input", source: file:///home/dhia/browser-fuzzer/Dissertation/logger/run_20250324_064826/round_031/mutations/mutated_0004.html (678)
[95006:95006:0324/114753.531432:INFO:CONSOLE(681)] "Uncaught SyntaxError: Invalid or unexpected token", source: file:///home/dhia/browser-fuzzer/Dissertation/logger/run_20250324_064826/round_031/mutations/mutated_0004.html (681)
[95006:95006:0324/114753.541314:INFO:CONSOLE(682)] "Uncaught SyntaxError: Invalid or unexpected token", source: file:///home/dhia/browser-fuzzer/Dissertation/logger/run_20250324_064826/round_031/mutations/mutated_0004.html (682)
[95006:95006:0324/114754.243245:INFO:CONSOLE(683)] "Uncaught SyntaxError: Invalid or unexpected token", source: file:///home/dhia/browser-fuzzer/Dissertation/logger/run_20250324_064826/round_031/mutations/mutated_0004.html (683)
[95006:95006:0324/114754.492876:INFO:CONSOLE(764)] "Uncaught SyntaxError: Unexpected end of input", source: file:///home/dhia/browser-fuzzer/Dissertation/logger/run_20250324_064826/round_031/mutations/mutated_0004.html (764)
[95006:95006:0324/114754.733261:INFO:CONSOLE(783)] "Uncaught SyntaxError: Invalid or unexpected token", source: file:///home/dhia/browser-fuzzer/Dissertation/logger/run_20250324_064826/round_031/mutations/mutated_0004.html (783)
[95006:95006:0324/114755.096213:INFO:CONSOLE(793)] "Uncaught SyntaxError: Invalid or unexpected token", source: file:///home/dhia/browser-fuzzer/Dissertation/logger/run_20250324_064826/round_031/mutations/mutated_0004.html (793)
[95006:95006:0324/114755.116671:INFO:CONSOLE(794)] "Uncaught SyntaxError: Invalid or unexpected token", source: file:///home/dhia/browser-fuzzer/Dissertation/logger/run_20250324_064826/round_031/mutations/mutated_0004.html (794)
[95006:95006:0324/114755.270741:INFO:CONSOLE(795)] "Uncaught SyntaxError: Invalid or unexpected token", source: file:///home/dhia/browser-fuzzer/Dissertation/logger/run_20250324_064826/round_031/mutations/mutated_0004.html (795)
[95006:95006:0324/114755.275657:INFO:CONSOLE(796)] "Uncaught SyntaxError: Invalid or unexpected token", source: file:///home/dhia/browser-fuzzer/Dissertation/logger/run_20250324_064826/round_031/mutations/mutated_0004.html (796)
[95006:95006:0324/114755.404918:INFO:CONSOLE(797)] "Uncaught SyntaxError: Invalid or unexpected token", source: file:///home/dhia/browser-fuzzer/Dissertation/logger/run_20250324_064826/round_031/mutations/mutated_0004.html (797)
[95006:95006:0324/114755.642442:INFO:CONSOLE(808)] "Uncaught SyntaxError: Invalid or unexpected token", source: file:///home/dhia/browser-fuzzer/Dissertation/logger/run_20250324_064826/round_031/mutations/mutated_0004.html (808)
[95006:95006:0324/114755.650888:INFO:CONSOLE(809)] "Uncaught SyntaxError: Invalid or unexpected token", source: file:///home/dhia/browser-fuzzer/Dissertation/logger/run_20250324_064826/round_031/mutations/mutated_0004.html (809)
[95006:95006:0324/114755.753662:INFO:CONSOLE(810)] "Uncaught SyntaxError: Invalid or unexpected token", source: file:///home/dhia/browser-fuzzer/Dissertation/logger/run_20250324_064826/round_031/mutations/mutated_0004.html (810)
[95006:95006:0324/114755.773244:INFO:CONSOLE(811)] "Uncaught SyntaxError: Invalid or unexpected token", source: file:///home/dhia/browser-fuzzer/Dissertation/logger/run_20250324_064826/round_031/mutations/mutated_0004.html (811)
[95006:95006:0324/114756.054109:INFO:CONSOLE(891)] "Uncaught SyntaxError: Unexpected end of input", source: file:///home/dhia/browser-fuzzer/Dissertation/logger/run_20250324_064826/round_031/mutations/mutated_0004.html (891)
[95006:95006:0324/114756.058072:INFO:CONSOLE(894)] "Uncaught SyntaxError: Invalid or unexpected token", source: file:///home/dhia/browser-fuzzer/Dissertation/logger/run_20250324_064826/round_031/mutations/mutated_0004.html (894)
[95006:95006:0324/114756.070055:INFO:CONSOLE(895)] "Uncaught SyntaxError: Invalid or unexpected token", source: file:///home/dhia/browser-fuzzer/Dissertation/logger/run_20250324_064826/round_031/mutations/mutated_0004.html (895)
[95006:95006:0324/114756.255842:INFO:CONSOLE(896)] "Uncaught SyntaxError: Invalid or unexpected token", source: file:///home/dhia/browser-fuzzer/Dissertation/logger/run_20250324_064826/round_031/mutations/mutated_0004.html (896)
[95006:95006:0324/114756.502531:INFO:CONSOLE(975)] "Uncaught SyntaxError: Unexpected end of input", source: file:///home/dhia/browser-fuzzer/Dissertation/logger/run_20250324_064826/round_031/mutations/mutated_0004.html (975)
[95006:95006:0324/114756.507510:INFO:CONSOLE(977)] "Uncaught SyntaxError: Invalid or unexpected token", source: file:///home/dhia/browser-fuzzer/Dissertation/logger/run_20250324_064826/round_031/mutations/mutated_0004.html (977)
[95006:95006:0324/114756.766762:INFO:CONSOLE(1046)] "Uncaught SyntaxError: Unexpected end of input", source: file:///home/dhia/browser-fuzzer/Dissertation/logger/run_20250324_064826/round_031/mutations/mutated_0004.html (1046)
[95006:95006:0324/114756.796571:INFO:CONSOLE(1049)] "Uncaught SyntaxError: Invalid or unexpected token", source: file:///home/dhia/browser-fuzzer/Dissertation/logger/run_20250324_064826/round_031/mutations/mutated_0004.html (1049)
[95006:95006:0324/114756.804309:INFO:CONSOLE(1050)] "Uncaught SyntaxError: Invalid or unexpected token", source: file:///home/dhia/browser-fuzzer/Dissertation/logger/run_20250324_064826/round_031/mutations/mutated_0004.html (1050)
[95006:95006:0324/114756.951200:INFO:CONSOLE(1059)] "Uncaught SyntaxError: Invalid or unexpected token", source: file:///home/dhia/browser-fuzzer/Dissertation/logger/run_20250324_064826/round_031/mutations/mutated_0004.html (1059)
[95006:95006:0324/114756.963128:INFO:CONSOLE(1060)] "Uncaught SyntaxError: Invalid or unexpected token", source: file:///home/dhia/browser-fuzzer/Dissertation/logger/run_20250324_064826/round_031/mutations/mutated_0004.html (1060)
[95006:95006:0324/114757.925838:INFO:CONSOLE(1109)] "Uncaught SyntaxError: Invalid or unexpected token", source: file:///home/dhia/browser-fuzzer/Dissertation/logger/run_20250324_064826/round_031/mutations/mutated_0004.html (1109)
[95006:95006:0324/114757.957992:INFO:CONSOLE(1110)] "Uncaught SyntaxError: Invalid or unexpected token", source: file:///home/dhia/browser-fuzzer/Dissertation/logger/run_20250324_064826/round_031/mutations/mutated_0004.html (1110)
[95006:95006:0324/114758.167126:INFO:CONSOLE(1112)] "Uncaught SyntaxError: Invalid or unexpected token", source: file:///home/dhia/browser-fuzzer/Dissertation/logger/run_20250324_064826/round_031/mutations/mutated_0004.html (1112)
[95006:95006:0324/114758.181332:INFO:CONSOLE(1113)] "Uncaught SyntaxError: Invalid or unexpected token", source: file:///home/dhia/browser-fuzzer/Dissertation/logger/run_20250324_064826/round_031/mutations/mutated_0004.html (1113)
[95006:95006:0324/114758.424824:INFO:CONSOLE(1199)] "Uncaught SyntaxError: Invalid or unexpected token", source: file:///home/dhia/browser-fuzzer/Dissertation/logger/run_20250324_064826/round_031/mutations/mutated_0004.html (1199)
[95006:95006:0324/114758.438700:INFO:CONSOLE(1202)] "Uncaught SyntaxError: Invalid or unexpected token", source: file:///home/dhia/browser-fuzzer/Dissertation/logger/run_20250324_064826/round_031/mutations/mutated_0004.html (1202)
[95006:95006:0324/114759.778203:INFO:CONSOLE(1203)] "Uncaught SyntaxError: Invalid or unexpected token", source: file:///home/dhia/browser-fuzzer/Dissertation/logger/run_20250324_064826/round_031/mutations/mutated_0004.html (1203)
[95006:95006:0324/114759.791036:INFO:CONSOLE(1204)] "Uncaught SyntaxError: Invalid or unexpected token", source: file:///home/dhia/browser-fuzzer/Dissertation/logger/run_20250324_064826/round_031/mutations/mutated_0004.html (1204)
[95006:95006:0324/114759.855253:INFO:CONSOLE(1205)] "Uncaught SyntaxError: Invalid or unexpected token", source: file:///home/dhia/browser-fuzzer/Dissertation/logger/run_20250324_064826/round_031/mutations/mutated_0004.html (1205)
[95006:95006:0324/114759.861020:INFO:CONSOLE(1206)] "Uncaught SyntaxError: Invalid or unexpected token", source: file:///home/dhia/browser-fuzzer/Dissertation/logger/run_20250324_064826/round_031/mutations/mutated_0004.html (1206)
[95006:95006:0324/114800.160694:INFO:CONSOLE(1216)] "Uncaught SyntaxError: Invalid or unexpected token", source: file:///home/dhia/browser-fuzzer/Dissertation/logger/run_20250324_064826/round_031/mutations/mutated_0004.html (1216)
[95006:95006:0324/114800.182201:INFO:CONSOLE(1217)] "Uncaught SyntaxError: Invalid or unexpected token", source: file:///home/dhia/browser-fuzzer/Dissertation/logger/run_20250324_064826/round_031/mutations/mutated_0004.html (1217)
[95006:95006:0324/114800.685725:INFO:CONSOLE(1227)] "Uncaught SyntaxError: Invalid or unexpected token", source: file:///home/dhia/browser-fuzzer/Dissertation/logger/run_20250324_064826/round_031/mutations/mutated_0004.html (1227)
[95006:95006:0324/114800.703636:INFO:CONSOLE(1228)] "Uncaught SyntaxError: Invalid or unexpected token", source: file:///home/dhia/browser-fuzzer/Dissertation/logger/run_20250324_064826/round_031/mutations/mutated_0004.html (1228)
[95006:95006:0324/114801.269233:INFO:CONSOLE(1238)] "Uncaught SyntaxError: Invalid or unexpected token", source: file:///home/dhia/browser-fuzzer/Dissertation/logger/run_20250324_064826/round_031/mutations/mutated_0004.html (1238)
[95006:95006:0324/114801.273337:INFO:CONSOLE(1239)] "Uncaught SyntaxError: Invalid or unexpected token", source: file:///home/dhia/browser-fuzzer/Dissertation/logger/run_20250324_064826/round_031/mutations/mutated_0004.html (1239)
[95006:95006:0324/114801.280228:INFO:CONSOLE(1240)] "Uncaught SyntaxError: Invalid or unexpected token", source: file:///home/dhia/browser-fuzzer/Dissertation/logger/run_20250324_064826/round_031/mutations/mutated_0004.html (1240)
[95006:95006:0324/114801.473917:INFO:CONSOLE(1247)] "Uncaught SyntaxError: Invalid or unexpected token", source: file:///home/dhia/browser-fuzzer/Dissertation/logger/run_20250324_064826/round_031/mutations/mutated_0004.html (1247)
[95006:95006:0324/114801.481689:INFO:CONSOLE(1248)] "Uncaught SyntaxError: Invalid or unexpected token", source: file:///home/dhia/browser-fuzzer/Dissertation/logger/run_20250324_064826/round_031/mutations/mutated_0004.html (1248)
[95006:95006:0324/114801.719401:INFO:CONSOLE(1255)] "Uncaught SyntaxError: Invalid or unexpected token", source: file:///home/dhia/browser-fuzzer/Dissertation/logger/run_20250324_064826/round_031/mutations/mutated_0004.html (1255)
[95006:95006:0324/114801.732382:INFO:CONSOLE(1256)] "Uncaught SyntaxError: Invalid or unexpected token", source: file:///home/dhia/browser-fuzzer/Dissertation/logger/run_20250324_064826/round_031/mutations/mutated_0004.html (1256)
[95006:95006:0324/114801.740004:INFO:CONSOLE(1261)] "Uncaught SyntaxError: Invalid or unexpected token", source: file:///home/dhia/browser-fuzzer/Dissertation/logger/run_20250324_064826/round_031/mutations/mutated_0004.html (1261)
[95006:95006:0324/114801.995190:INFO:CONSOLE(1262)] "Uncaught SyntaxError: Invalid or unexpected token", source: file:///home/dhia/browser-fuzzer/Dissertation/logger/run_20250324_064826/round_031/mutations/mutated_0004.html (1262)
[95006:95006:0324/114802.011663:INFO:CONSOLE(1263)] "Uncaught SyntaxError: Invalid or unexpected token", source: file:///home/dhia/browser-fuzzer/Dissertation/logger/run_20250324_064826/round_031/mutations/mutated_0004.html (1263)
[95006:95006:0324/114802.234746:INFO:CONSOLE(1266)] "Uncaught SyntaxError: Invalid or unexpected token", source: file:///home/dhia/browser-fuzzer/Dissertation/logger/run_20250324_064826/round_031/mutations/mutated_0004.html (1266)
[95006:95006:0324/114802.239352:INFO:CONSOLE(1269)] "Uncaught SyntaxError: Invalid or unexpected token", source: file:///home/dhia/browser-fuzzer/Dissertation/logger/run_20250324_064826/round_031/mutations/mutated_0004.html (1269)
[95006:95006:0324/114802.434700:INFO:CONSOLE(1270)] "Uncaught SyntaxError: Invalid or unexpected token", source: file:///home/dhia/browser-fuzzer/Dissertation/logger/run_20250324_064826/round_031/mutations/mutated_0004.html (1270)
[95006:95006:0324/114802.440709:INFO:CONSOLE(1271)] "Uncaught SyntaxError: Invalid or unexpected token", source: file:///home/dhia/browser-fuzzer/Dissertation/logger/run_20250324_064826/round_031/mutations/mutated_0004.html (1271)
[95006:95006:0324/114802.631608:INFO:CONSOLE(1272)] "Uncaught SyntaxError: Invalid or unexpected token", source: file:///home/dhia/browser-fuzzer/Dissertation/logger/run_20250324_064826/round_031/mutations/mutated_0004.html (1272)
[95006:95006:0324/114802.650357:INFO:CONSOLE(1273)] "Uncaught SyntaxError: Invalid or unexpected token", source: file:///home/dhia/browser-fuzzer/Dissertation/logger/run_20250324_064826/round_031/mutations/mutated_0004.html (1273)
[95006:95006:0324/114802.856945:INFO:CONSOLE(1274)] "Uncaught SyntaxError: Invalid or unexpected token", source: file:///home/dhia/browser-fuzzer/Dissertation/logger/run_20250324_064826/round_031/mutations/mutated_0004.html (1274)
[95006:95006:0324/114802.882156:INFO:CONSOLE(1275)] "Uncaught SyntaxError: Invalid or unexpected token", source: file:///home/dhia/browser-fuzzer/Dissertation/logger/run_20250324_064826/round_031/mutations/mutated_0004.html (1275)
[95006:95006:0324/114802.892711:INFO:CONSOLE(1276)] "Uncaught SyntaxError: Invalid or unexpected token", source: file:///home/dhia/browser-fuzzer/Dissertation/logger/run_20250324_064826/round_031/mutations/mutated_0004.html (1276)
[95006:95006:0324/114803.112800:INFO:CONSOLE(1277)] "Uncaught SyntaxError: Invalid or unexpected token", source: file:///home/dhia/browser-fuzzer/Dissertation/logger/run_20250324_064826/round_031/mutations/mutated_0004.html (1277)
[95006:95006:0324/114803.125913:INFO:CONSOLE(1278)] "Uncaught SyntaxError: Invalid or unexpected token", source: file:///home/dhia/browser-fuzzer/Dissertation/logger/run_20250324_064826/round_031/mutations/mutated_0004.html (1278)
[95006:95006:0324/114803.361035:INFO:CONSOLE(1279)] "Uncaught SyntaxError: Invalid or unexpected token", source: file:///home/dhia/browser-fuzzer/Dissertation/logger/run_20250324_064826/round_031/mutations/mutated_0004.html (1279)
[95006:95006:0324/114803.372759:INFO:CONSOLE(1280)] "Uncaught SyntaxError: Invalid or unexpected token", source: file:///home/dhia/browser-fuzzer/Dissertation/logger/run_20250324_064826/round_031/mutations/mutated_0004.html (1280)
[95006:95006:0324/114803.609034:INFO:CONSOLE(1281)] "Uncaught SyntaxError: Invalid or unexpected token", source: file:///home/dhia/browser-fuzzer/Dissertation/logger/run_20250324_064826/round_031/mutations/mutated_0004.html (1281)
[95006:95006:0324/114803.624773:INFO:CONSOLE(1282)] "Uncaught SyntaxError: Invalid or unexpected token", source: file:///home/dhia/browser-fuzzer/Dissertation/logger/run_20250324_064826/round_031/mutations/mutated_0004.html (1282)
[95006:95006:0324/114803.836484:INFO:CONSOLE(1283)] "Uncaught SyntaxError: Invalid or unexpected token", source: file:///home/dhia/browser-fuzzer/Dissertation/logger/run_20250324_064826/round_031/mutations/mutated_0004.html (1283)
[95006:95006:0324/114803.850158:INFO:CONSOLE(1284)] "Uncaught SyntaxError: Invalid or unexpected token", source: file:///home/dhia/browser-fuzzer/Dissertation/logger/run_20250324_064826/round_031/mutations/mutated_0004.html (1284)
[95006:95006:0324/114804.048408:INFO:CONSOLE(1285)] "Uncaught SyntaxError: Invalid or unexpected token", source: file:///home/dhia/browser-fuzzer/Dissertation/logger/run_20250324_064826/round_031/mutations/mutated_0004.html (1285)
[95006:95006:0324/114804.055313:INFO:CONSOLE(1286)] "Uncaught SyntaxError: Invalid or unexpected token", source: file:///home/dhia/browser-fuzzer/Dissertation/logger/run_20250324_064826/round_031/mutations/mutated_0004.html (1286)
[95006:95006:0324/114804.070421:INFO:CONSOLE(1287)] "Uncaught SyntaxError: Invalid or unexpected token", source: file:///home/dhia/browser-fuzzer/Dissertation/logger/run_20250324_064826/round_031/mutations/mutated_0004.html (1287)
[95006:95006:0324/114804.281811:INFO:CONSOLE(1298)] "Uncaught SyntaxError: Invalid or unexpected token", source: file:///home/dhia/browser-fuzzer/Dissertation/logger/run_20250324_064826/round_031/mutations/mutated_0004.html (1298)
[95006:95006:0324/114804.291126:INFO:CONSOLE(1309)] "Uncaught SyntaxError: Invalid or unexpected token", source: file:///home/dhia/browser-fuzzer/Dissertation/logger/run_20250324_064826/round_031/mutations/mutated_0004.html (1309)
[95006:95006:0324/114804.308189:INFO:CONSOLE(1310)] "Uncaught SyntaxError: Invalid or unexpected token", source: file:///home/dhia/browser-fuzzer/Dissertation/logger/run_20250324_064826/round_031/mutations/mutated_0004.html (1310)
[95006:95006:0324/114804.570499:INFO:CONSOLE(1311)] "Uncaught SyntaxError: Invalid or unexpected token", source: file:///home/dhia/browser-fuzzer/Dissertation/logger/run_20250324_064826/round_031/mutations/mutated_0004.html (1311)
[95006:95006:0324/114804.582150:INFO:CONSOLE(1312)] "Uncaught SyntaxError: Invalid or unexpected token", source: file:///home/dhia/browser-fuzzer/Dissertation/logger/run_20250324_064826/round_031/mutations/mutated_0004.html (1312)
[95006:95006:0324/114804.806939:INFO:CONSOLE(1313)] "Uncaught SyntaxError: Invalid or unexpected token", source: file:///home/dhia/browser-fuzzer/Dissertation/logger/run_20250324_064826/round_031/mutations/mutated_0004.html (1313)
[95006:95006:0324/114804.852785:INFO:CONSOLE(1314)] "Uncaught SyntaxError: Invalid or unexpected token", source: file:///home/dhia/browser-fuzzer/Dissertation/logger/run_20250324_064826/round_031/mutations/mutated_0004.html (1314)
[95006:95006:0324/114804.860238:INFO:CONSOLE(1315)] "Uncaught SyntaxError: Invalid or unexpected token", source: file:///home/dhia/browser-fuzzer/Dissertation/logger/run_20250324_064826/round_031/mutations/mutated_0004.html (1315)
[95006:95006:0324/114804.871857:INFO:CONSOLE(1316)] "Uncaught SyntaxError: Invalid or unexpected token", source: file:///home/dhia/browser-fuzzer/Dissertation/logger/run_20250324_064826/round_031/mutations/mutated_0004.html (1316)
[95006:95006:0324/114805.089133:INFO:CONSOLE(1317)] "Uncaught SyntaxError: Invalid or unexpected token", source: file:///home/dhia/browser-fuzzer/Dissertation/logger/run_20250324_064826/round_031/mutations/mutated_0004.html (1317)
[95006:95006:0324/114805.108143:INFO:CONSOLE(1318)] "Uncaught SyntaxError: Invalid or unexpected token", source: file:///home/dhia/browser-fuzzer/Dissertation/logger/run_20250324_064826/round_031/mutations/mutated_0004.html (1318)
[95006:95006:0324/114805.115311:INFO:CONSOLE(1319)] "Uncaught SyntaxError: Invalid or unexpected token", source: file:///home/dhia/browser-fuzzer/Dissertation/logger/run_20250324_064826/round_031/mutations/mutated_0004.html (1319)
[95006:95006:0324/114805.347470:INFO:CONSOLE(1332)] "Uncaught SyntaxError: Invalid or unexpected token", source: file:///home/dhia/browser-fuzzer/Dissertation/logger/run_20250324_064826/round_031/mutations/mutated_0004.html (1332)
[95006:95006:0324/114805.361967:INFO:CONSOLE(1333)] "Uncaught SyntaxError: Invalid or unexpected token", source: file:///home/dhia/browser-fuzzer/Dissertation/logger/run_20250324_064826/round_031/mutations/mutated_0004.html (1333)
[95006:95006:0324/114805.603511:INFO:CONSOLE(1334)] "Uncaught SyntaxError: Invalid or unexpected token", source: file:///home/dhia/browser-fuzzer/Dissertation/logger/run_20250324_064826/round_031/mutations/mutated_0004.html (1334)
[95006:95006:0324/114805.616079:INFO:CONSOLE(1335)] "Uncaught SyntaxError: Invalid or unexpected token", source: file:///home/dhia/browser-fuzzer/Dissertation/logger/run_20250324_064826/round_031/mutations/mutated_0004.html (1335)
[95006:95006:0324/114805.874335:INFO:CONSOLE(1336)] "Uncaught SyntaxError: Invalid or unexpected token", source: file:///home/dhia/browser-fuzzer/Dissertation/logger/run_20250324_064826/round_031/mutations/mutated_0004.html (1336)
[95006:95006:0324/114805.881491:INFO:CONSOLE(1337)] "Uncaught SyntaxError: Invalid or unexpected token", source: file:///home/dhia/browser-fuzzer/Dissertation/logger/run_20250324_064826/round_031/mutations/mutated_0004.html (1337)
[95006:95006:0324/114805.889790:INFO:CONSOLE(1348)] "Uncaught SyntaxError: Invalid or unexpected token", source: file:///home/dhia/browser-fuzzer/Dissertation/logger/run_20250324_064826/round_031/mutations/mutated_0004.html (1348)
[95006:95006:0324/114806.188027:INFO:CONSOLE(1349)] "Uncaught SyntaxError: Invalid or unexpected token", source: file:///home/dhia/browser-fuzzer/Dissertation/logger/run_20250324_064826/round_031/mutations/mutated_0004.html (1349)
[95006:95006:0324/114806.193110:INFO:CONSOLE(1360)] "Uncaught SyntaxError: Invalid or unexpected token", source: file:///home/dhia/browser-fuzzer/Dissertation/logger/run_20250324_064826/round_031/mutations/mutated_0004.html (1360)
[95006:95006:0324/114806.412089:INFO:CONSOLE(1361)] "Uncaught SyntaxError: Invalid or unexpected token", source: file:///home/dhia/browser-fuzzer/Dissertation/logger/run_20250324_064826/round_031/mutations/mutated_0004.html (1361)
[95006:95006:0324/114806.834366:INFO:CONSOLE(1471)] "Uncaught SyntaxError: Unexpected end of input", source: file:///home/dhia/browser-fuzzer/Dissertation/logger/run_20250324_064826/round_031/mutations/mutated_0004.html (1471)
[95006:95006:0324/114808.283147:INFO:CONSOLE(1552)] "Uncaught SyntaxError: Unexpected end of input", source: file:///home/dhia/browser-fuzzer/Dissertation/logger/run_20250324_064826/round_031/mutations/mutated_0004.html (1552)
[95006:95006:0324/114808.952441:INFO:CONSOLE(1588)] "Uncaught SyntaxError: Invalid or unexpected token", source: file:///home/dhia/browser-fuzzer/Dissertation/logger/run_20250324_064826/round_031/mutations/mutated_0004.html (1588)
[95006:95006:0324/114808.957302:INFO:CONSOLE(1589)] "Uncaught SyntaxError: Invalid or unexpected token", source: file:///home/dhia/browser-fuzzer/Dissertation/logger/run_20250324_064826/round_031/mutations/mutated_0004.html (1589)
[95006:95006:0324/114809.154980:INFO:CONSOLE(1592)] "Uncaught SyntaxError: Invalid or unexpected token", source: file:///home/dhia/browser-fuzzer/Dissertation/logger/run_20250324_064826/round_031/mutations/mutated_0004.html (1592)
[95006:95006:0324/114809.169719:INFO:CONSOLE(1593)] "Uncaught SyntaxError: Invalid or unexpected token", source: file:///home/dhia/browser-fuzzer/Dissertation/logger/run_20250324_064826/round_031/mutations/mutated_0004.html (1593)
[95006:95006:0324/114809.177892:INFO:CONSOLE(1594)] "Uncaught SyntaxError: Invalid or unexpected token", source: file:///home/dhia/browser-fuzzer/Dissertation/logger/run_20250324_064826/round_031/mutations/mutated_0004.html (1594)
[95006:95006:0324/114809.351904:INFO:CONSOLE(1595)] "Uncaught SyntaxError: Invalid or unexpected token", source: file:///home/dhia/browser-fuzzer/Dissertation/logger/run_20250324_064826/round_031/mutations/mutated_0004.html (1595)
[95006:95006:0324/114809.359668:INFO:CONSOLE(1596)] "Uncaught SyntaxError: Invalid or unexpected token", source: file:///home/dhia/browser-fuzzer/Dissertation/logger/run_20250324_064826/round_031/mutations/mutated_0004.html (1596)
[95006:95006:0324/114809.571785:INFO:CONSOLE(1598)] "Uncaught SyntaxError: Invalid or unexpected token", source: file:///home/dhia/browser-fuzzer/Dissertation/logger/run_20250324_064826/round_031/mutations/mutated_0004.html (1598)
[95006:95006:0324/114809.578944:INFO:CONSOLE(1599)] "Uncaught SyntaxError: Invalid or unexpected token", source: file:///home/dhia/browser-fuzzer/Dissertation/logger/run_20250324_064826/round_031/mutations/mutated_0004.html (1599)
[95006:95006:0324/114809.786862:INFO:CONSOLE(1608)] "Uncaught SyntaxError: Invalid or unexpected token", source: file:///home/dhia/browser-fuzzer/Dissertation/logger/run_20250324_064826/round_031/mutations/mutated_0004.html (1608)
[95006:95006:0324/114809.800582:INFO:CONSOLE(1609)] "Uncaught SyntaxError: Invalid or unexpected token", source: file:///home/dhia/browser-fuzzer/Dissertation/logger/run_20250324_064826/round_031/mutations/mutated_0004.html (1609)
[95006:95006:0324/114809.966636:INFO:CONSOLE(1646)] "Uncaught SyntaxError: Invalid or unexpected token", source: file:///home/dhia/browser-fuzzer/Dissertation/logger/run_20250324_064826/round_031/mutations/mutated_0004.html (1646)
[95006:95006:0324/114809.979533:INFO:CONSOLE(1647)] "Uncaught SyntaxError: Invalid or unexpected token", source: file:///home/dhia/browser-fuzzer/Dissertation/logger/run_20250324_064826/round_031/mutations/mutated_0004.html (1647)
[95006:95006:0324/114809.992651:INFO:CONSOLE(1649)] "Uncaught SyntaxError: Invalid or unexpected token", source: file:///home/dhia/browser-fuzzer/Dissertation/logger/run_20250324_064826/round_031/mutations/mutated_0004.html (1649)
[95006:95006:0324/114811.672898:INFO:CONSOLE(1650)] "Uncaught SyntaxError: Invalid or unexpected token", source: file:///home/dhia/browser-fuzzer/Dissertation/logger/run_20250324_064826/round_031/mutations/mutated_0004.html (1650)
[95006:95006:0324/114811.706875:INFO:CONSOLE(1651)] "Uncaught SyntaxError: Invalid or unexpected token", source: file:///home/dhia/browser-fuzzer/Dissertation/logger/run_20250324_064826/round_031/mutations/mutated_0004.html (1651)
[95006:95006:0324/114811.915153:INFO:CONSOLE(1652)] "Uncaught SyntaxError: Invalid or unexpected token", source: file:///home/dhia/browser-fuzzer/Dissertation/logger/run_20250324_064826/round_031/mutations/mutated_0004.html (1652)
[95006:95006:0324/114811.923432:INFO:CONSOLE(1653)] "Uncaught SyntaxError: Invalid or unexpected token", source: file:///home/dhia/browser-fuzzer/Dissertation/logger/run_20250324_064826/round_031/mutations/mutated_0004.html (1653)
[95006:95006:0324/114812.164653:INFO:CONSOLE(1660)] "Uncaught SyntaxError: Invalid or unexpected token", source: file:///home/dhia/browser-fuzzer/Dissertation/logger/run_20250324_064826/round_031/mutations/mutated_0004.html (1660)
[95006:95006:0324/114812.174995:INFO:CONSOLE(1661)] "Uncaught SyntaxError: Invalid or unexpected token", source: file:///home/dhia/browser-fuzzer/Dissertation/logger/run_20250324_064826/round_031/mutations/mutated_0004.html (1661)
[95006:95006:0324/114812.857079:INFO:CONSOLE(1672)] "Uncaught SyntaxError: Invalid or unexpected token", source: file:///home/dhia/browser-fuzzer/Dissertation/logger/run_20250324_064826/round_031/mutations/mutated_0004.html (1672)
[95006:95006:0324/114812.881400:INFO:CONSOLE(1673)] "Uncaught SyntaxError: Invalid or unexpected token", source: file:///home/dhia/browser-fuzzer/Dissertation/logger/run_20250324_064826/round_031/mutations/mutated_0004.html (1673)
[95006:95006:0324/114814.365482:INFO:CONSOLE(1765)] "Uncaught SyntaxError: Unexpected end of input", source: file:///home/dhia/browser-fuzzer/Dissertation/logger/run_20250324_064826/round_031/mutations/mutated_0004.html (1765)
[95006:95006:0324/114814.386026:INFO:CONSOLE(1768)] "Uncaught SyntaxError: Invalid or unexpected token", source: file:///home/dhia/browser-fuzzer/Dissertation/logger/run_20250324_064826/round_031/mutations/mutated_0004.html (1768)
[95006:95006:0324/114814.626855:INFO:CONSOLE(1769)] "Uncaught SyntaxError: Invalid or unexpected token", source: file:///home/dhia/browser-fuzzer/Dissertation/logger/run_20250324_064826/round_031/mutations/mutated_0004.html (1769)
[95006:95006:0324/114814.644152:INFO:CONSOLE(1770)] "Uncaught SyntaxError: Invalid or unexpected token", source: file:///home/dhia/browser-fuzzer/Dissertation/logger/run_20250324_064826/round_031/mutations/mutated_0004.html (1770)
[95006:95006:0324/114814.906311:INFO:CONSOLE(1849)] "Uncaught SyntaxError: Unexpected end of input", source: file:///home/dhia/browser-fuzzer/Dissertation/logger/run_20250324_064826/round_031/mutations/mutated_0004.html (1849)
[95006:95006:0324/114815.506765:INFO:CONSOLE(1868)] "Uncaught SyntaxError: Invalid or unexpected token", source: file:///home/dhia/browser-fuzzer/Dissertation/logger/run_20250324_064826/round_031/mutations/mutated_0004.html (1868)
[95006:95006:0324/114815.882247:INFO:CONSOLE(1878)] "Uncaught SyntaxError: Invalid or unexpected token", source: file:///home/dhia/browser-fuzzer/Dissertation/logger/run_20250324_064826/round_031/mutations/mutated_0004.html (1878)
[95006:95006:0324/114815.901143:INFO:CONSOLE(1879)] "Uncaught SyntaxError: Invalid or unexpected token", source: file:///home/dhia/browser-fuzzer/Dissertation/logger/run_20250324_064826/round_031/mutations/mutated_0004.html (1879)
[95006:95006:0324/114816.049626:INFO:CONSOLE(1880)] "Uncaught SyntaxError: Invalid or unexpected token", source: file:///home/dhia/browser-fuzzer/Dissertation/logger/run_20250324_064826/round_031/mutations/mutated_0004.html (1880)
[95006:95006:0324/114816.072424:INFO:CONSOLE(1881)] "Uncaught SyntaxError: Invalid or unexpected token", source: file:///home/dhia/browser-fuzzer/Dissertation/logger/run_20250324_064826/round_031/mutations/mutated_0004.html (1881)
[95006:95006:0324/114816.229937:INFO:CONSOLE(1882)] "Uncaught SyntaxError: Invalid or unexpected token", source: file:///home/dhia/browser-fuzzer/Dissertation/logger/run_20250324_064826/round_031/mutations/mutated_0004.html (1882)
[95006:95006:0324/114816.250871:INFO:CONSOLE(1883)] "Uncaught SyntaxError: Invalid or unexpected token", source: file:///home/dhia/browser-fuzzer/Dissertation/logger/run_20250324_064826/round_031/mutations/mutated_0004.html (1883)
[95006:95006:0324/114816.406340:INFO:CONSOLE(1884)] "Uncaught SyntaxError: Invalid or unexpected token", source: file:///home/dhia/browser-fuzzer/Dissertation/logger/run_20250324_064826/round_031/mutations/mutated_0004.html (1884)
[95006:95006:0324/114816.420624:INFO:CONSOLE(1886)] "Uncaught SyntaxError: Invalid or unexpected token", source: file:///home/dhia/browser-fuzzer/Dissertation/logger/run_20250324_064826/round_031/mutations/mutated_0004.html (1886)
[95006:95006:0324/114816.589104:INFO:CONSOLE(1887)] "Uncaught SyntaxError: Invalid or unexpected token", source: file:///home/dhia/browser-fuzzer/Dissertation/logger/run_20250324_064826/round_031/mutations/mutated_0004.html (1887)
[95006:95006:0324/114816.597709:INFO:CONSOLE(1896)] "Uncaught SyntaxError: Invalid or unexpected token", source: file:///home/dhia/browser-fuzzer/Dissertation/logger/run_20250324_064826/round_031/mutations/mutated_0004.html (1896)
[95006:95006:0324/114816.797102:INFO:CONSOLE(1897)] "Uncaught SyntaxError: Invalid or unexpected token", source: file:///home/dhia/browser-fuzzer/Dissertation/logger/run_20250324_064826/round_031/mutations/mutated_0004.html (1897)
[95006:95006:0324/114816.815626:INFO:CONSOLE(1898)] "Uncaught SyntaxError: Invalid or unexpected token", source: file:///home/dhia/browser-fuzzer/Dissertation/logger/run_20250324_064826/round_031/mutations/mutated_0004.html (1898)
[95006:95006:0324/114818.988936:INFO:CONSOLE(1935)] "Uncaught SyntaxError: Invalid or unexpected token", source: file:///home/dhia/browser-fuzzer/Dissertation/logger/run_20250324_064826/round_031/mutations/mutated_0004.html (1935)
[95006:95006:0324/114819.005631:INFO:CONSOLE(1936)] "Uncaught SyntaxError: Invalid or unexpected token", source: file:///home/dhia/browser-fuzzer/Dissertation/logger/run_20250324_064826/round_031/mutations/mutated_0004.html (1936)
[95006:95006:0324/114819.357531:INFO:CONSOLE(1938)] "Uncaught SyntaxError: Invalid or unexpected token", source: file:///home/dhia/browser-fuzzer/Dissertation/logger/run_20250324_064826/round_031/mutations/mutated_0004.html (1938)
[95006:95006:0324/114819.374726:INFO:CONSOLE(1939)] "Uncaught SyntaxError: Invalid or unexpected token", source: file:///home/dhia/browser-fuzzer/Dissertation/logger/run_20250324_064826/round_031/mutations/mutated_0004.html (1939)
[95006:95006:0324/114819.387490:INFO:CONSOLE(1940)] "Uncaught SyntaxError: Invalid or unexpected token", source: file:///home/dhia/browser-fuzzer/Dissertation/logger/run_20250324_064826/round_031/mutations/mutated_0004.html (1940)
[95006:95006:0324/114819.566584:INFO:CONSOLE(1941)] "Uncaught SyntaxError: Invalid or unexpected token", source: file:///home/dhia/browser-fuzzer/Dissertation/logger/run_20250324_064826/round_031/mutations/mutated_0004.html (1941)
[95006:95006:0324/114819.585532:INFO:CONSOLE(1948)] "Uncaught SyntaxError: Invalid or unexpected token", source: file:///home/dhia/browser-fuzzer/Dissertation/logger/run_20250324_064826/round_031/mutations/mutated_0004.html (1948)
[95006:95006:0324/114819.856435:INFO:CONSOLE(1949)] "Uncaught SyntaxError: Invalid or unexpected token", source: file:///home/dhia/browser-fuzzer/Dissertation/logger/run_20250324_064826/round_031/mutations/mutated_0004.html (1949)
[95006:95006:0324/114820.299840:INFO:CONSOLE(1960)] "Uncaught SyntaxError: Invalid or unexpected token", source: file:///home/dhia/browser-fuzzer/Dissertation/logger/run_20250324_064826/round_031/mutations/mutated_0004.html (1960)
[95006:95006:0324/114820.304799:INFO:CONSOLE(1961)] "Uncaught SyntaxError: Invalid or unexpected token", source: file:///home/dhia/browser-fuzzer/Dissertation/logger/run_20250324_064826/round_031/mutations/mutated_0004.html (1961)
[95006:95006:0324/114820.553697:INFO:CONSOLE(2031)] "Uncaught SyntaxError: Unexpected end of input", source: file:///home/dhia/browser-fuzzer/Dissertation/logger/run_20250324_064826/round_031/mutations/mutated_0004.html (2031)
[95006:95006:0324/114820.573116:INFO:CONSOLE(2034)] "Uncaught SyntaxError: Invalid or unexpected token", source: file:///home/dhia/browser-fuzzer/Dissertation/logger/run_20250324_064826/round_031/mutations/mutated_0004.html (2034)
[95006:95006:0324/114820.579960:INFO:CONSOLE(2035)] "Uncaught SyntaxError: Invalid or unexpected token", source: file:///home/dhia/browser-fuzzer/Dissertation/logger/run_20250324_064826/round_031/mutations/mutated_0004.html (2035)
[95006:95006:0324/114822.511830:INFO:CONSOLE(2036)] "Uncaught SyntaxError: Invalid or unexpected token", source: file:///home/dhia/browser-fuzzer/Dissertation/logger/run_20250324_064826/round_031/mutations/mutated_0004.html (2036)
[95006:95006:0324/114823.053374:INFO:CONSOLE(2105)] "Uncaught SyntaxError: Unexpected end of input", source: file:///home/dhia/browser-fuzzer/Dissertation/logger/run_20250324_064826/round_031/mutations/mutated_0004.html (2105)
[95006:95006:0324/114823.336800:INFO:CONSOLE(2124)] "Uncaught SyntaxError: Invalid or unexpected token", source: file:///home/dhia/browser-fuzzer/Dissertation/logger/run_20250324_064826/round_031/mutations/mutated_0004.html (2124)
[95006:95006:0324/114823.839359:INFO:CONSOLE(2134)] "Uncaught SyntaxError: Invalid or unexpected token", source: file:///home/dhia/browser-fuzzer/Dissertation/logger/run_20250324_064826/round_031/mutations/mutated_0004.html (2134)
[95006:95006:0324/114823.848677:INFO:CONSOLE(2135)] "Uncaught SyntaxError: Invalid or unexpected token", source: file:///home/dhia/browser-fuzzer/Dissertation/logger/run_20250324_064826/round_031/mutations/mutated_0004.html (2135)
[95006:95006:0324/114824.037416:INFO:CONSOLE(2148)] "Uncaught SyntaxError: Invalid or unexpected token", source: file:///home/dhia/browser-fuzzer/Dissertation/logger/run_20250324_064826/round_031/mutations/mutated_0004.html (2148)
[95006:95006:0324/114824.056587:INFO:CONSOLE(2149)] "Uncaught SyntaxError: Invalid or unexpected token", source: file:///home/dhia/browser-fuzzer/Dissertation/logger/run_20250324_064826/round_031/mutations/mutated_0004.html (2149)
[95006:95006:0324/114824.064424:INFO:CONSOLE(2150)] "Uncaught SyntaxError: Invalid or unexpected token", source: file:///home/dhia/browser-fuzzer/Dissertation/logger/run_20250324_064826/round_031/mutations/mutated_0004.html (2150)
[95006:95006:0324/114824.597098:INFO:CONSOLE(2160)] "Uncaught SyntaxError: Invalid or unexpected token", source: file:///home/dhia/browser-fuzzer/Dissertation/logger/run_20250324_064826/round_031/mutations/mutated_0004.html (2160)
[95006:95006:0324/114824.604605:INFO:CONSOLE(2161)] "Uncaught SyntaxError: Invalid or unexpected token", source: file:///home/dhia/browser-fuzzer/Dissertation/logger/run_20250324_064826/round_031/mutations/mutated_0004.html (2161)
[95006:95006:0324/114824.611519:INFO:CONSOLE(2162)] "Uncaught SyntaxError: Invalid or unexpected token", source: file:///home/dhia/browser-fuzzer/Dissertation/logger/run_20250324_064826/round_031/mutations/mutated_0004.html (2162)
[95006:95006:0324/114824.791590:INFO:CONSOLE(2163)] "Uncaught SyntaxError: Invalid or unexpected token", source: file:///home/dhia/browser-fuzzer/Dissertation/logger/run_20250324_064826/round_031/mutations/mutated_0004.html (2163)
[95006:95006:0324/114825.471429:INFO:CONSOLE(2243)] "Uncaught SyntaxError: Unexpected end of input", source: file:///home/dhia/browser-fuzzer/Dissertation/logger/run_20250324_064826/round_031/mutations/mutated_0004.html (2243)
[95006:95006:0324/114825.491263:INFO:CONSOLE(2246)] "Uncaught SyntaxError: Invalid or unexpected token", source: file:///home/dhia/browser-fuzzer/Dissertation/logger/run_20250324_064826/round_031/mutations/mutated_0004.html (2246)
[95006:95006:0324/114825.692441:INFO:CONSOLE(2247)] "Uncaught SyntaxError: Invalid or unexpected token", source: file:///home/dhia/browser-fuzzer/Dissertation/logger/run_20250324_064826/round_031/mutations/mutated_0004.html (2247)
[95006:95006:0324/114825.701756:INFO:CONSOLE(2248)] "Uncaught SyntaxError: Invalid or unexpected token", source: file:///home/dhia/browser-fuzzer/Dissertation/logger/run_20250324_064826/round_031/mutations/mutated_0004.html (2248)
[95006:95006:0324/114826.229567:INFO:CONSOLE(2339)] "Uncaught SyntaxError: Unexpected end of input", source: file:///home/dhia/browser-fuzzer/Dissertation/logger/run_20250324_064826/round_031/mutations/mutated_0004.html (2339)
[95006:95006:0324/114826.244957:INFO:CONSOLE(2341)] "Uncaught SyntaxError: Invalid or unexpected token", source: file:///home/dhia/browser-fuzzer/Dissertation/logger/run_20250324_064826/round_031/mutations/mutated_0004.html (2341)
[95006:95006:0324/114826.489960:INFO:CONSOLE(2410)] "Uncaught SyntaxError: Unexpected end of input", source: file:///home/dhia/browser-fuzzer/Dissertation/logger/run_20250324_064826/round_031/mutations/mutated_0004.html (2410)
[95006:95006:0324/114826.501031:INFO:CONSOLE(2413)] "Uncaught SyntaxError: Invalid or unexpected token", source: file:///home/dhia/browser-fuzzer/Dissertation/logger/run_20250324_064826/round_031/mutations/mutated_0004.html (2413)
[95006:95006:0324/114826.505565:INFO:CONSOLE(2414)] "Uncaught SyntaxError: Invalid or unexpected token", source: file:///home/dhia/browser-fuzzer/Dissertation/logger/run_20250324_064826/round_031/mutations/mutated_0004.html (2414)
[95006:95006:0324/114827.055946:INFO:CONSOLE(2423)] "Uncaught SyntaxError: Invalid or unexpected token", source: file:///home/dhia/browser-fuzzer/Dissertation/logger/run_20250324_064826/round_031/mutations/mutated_0004.html (2423)
[95006:95006:0324/114827.081349:INFO:CONSOLE(2424)] "Uncaught SyntaxError: Invalid or unexpected token", source: file:///home/dhia/browser-fuzzer/Dissertation/logger/run_20250324_064826/round_031/mutations/mutated_0004.html (2424)
[95006:95006:0324/114829.278669:INFO:CONSOLE(2473)] "Uncaught SyntaxError: Invalid or unexpected token", source: file:///home/dhia/browser-fuzzer/Dissertation/logger/run_20250324_064826/round_031/mutations/mutated_0004.html (2473)
[95006:95006:0324/114829.299249:INFO:CONSOLE(2474)] "Uncaught SyntaxError: Invalid or unexpected token", source: file:///home/dhia/browser-fuzzer/Dissertation/logger/run_20250324_064826/round_031/mutations/mutated_0004.html (2474)
[95006:95006:0324/114829.547201:INFO:CONSOLE(2476)] "Uncaught SyntaxError: Invalid or unexpected token", source: file:///home/dhia/browser-fuzzer/Dissertation/logger/run_20250324_064826/round_031/mutations/mutated_0004.html (2476)
[95006:95006:0324/114829.560545:INFO:CONSOLE(2477)] "Uncaught SyntaxError: Invalid or unexpected token", source: file:///home/dhia/browser-fuzzer/Dissertation/logger/run_20250324_064826/round_031/mutations/mutated_0004.html (2477)
[95006:95006:0324/114829.899124:INFO:CONSOLE(2551)] "Uncaught SyntaxError: Invalid or unexpected token", source: file:///home/dhia/browser-fuzzer/Dissertation/logger/run_20250324_064826/round_031/mutations/mutated_0004.html (2551)
[95006:95006:0324/114829.908172:INFO:CONSOLE(2566)] "Uncaught SyntaxError: Invalid or unexpected token", source: file:///home/dhia/browser-fuzzer/Dissertation/logger/run_20250324_064826/round_031/mutations/mutated_0004.html (2566)
[95006:95006:0324/114829.914523:INFO:CONSOLE(2567)] "Uncaught SyntaxError: Invalid or unexpected token", source: file:///home/dhia/browser-fuzzer/Dissertation/logger/run_20250324_064826/round_031/mutations/mutated_0004.html (2567)
[95006:95006:0324/114830.350146:INFO:CONSOLE(2568)] "Uncaught SyntaxError: Invalid or unexpected token", source: file:///home/dhia/browser-fuzzer/Dissertation/logger/run_20250324_064826/round_031/mutations/mutated_0004.html (2568)
[95006:95006:0324/114830.365236:INFO:CONSOLE(2569)] "Uncaught SyntaxError: Invalid or unexpected token", source: file:///home/dhia/browser-fuzzer/Dissertation/logger/run_20250324_064826/round_031/mutations/mutated_0004.html (2569)
[95006:95006:0324/114830.627746:INFO:CONSOLE(2570)] "Uncaught SyntaxError: Invalid or unexpected token", source: file:///home/dhia/browser-fuzzer/Dissertation/logger/run_20250324_064826/round_031/mutations/mutated_0004.html (2570)
[95006:95006:0324/114831.026133:INFO:CONSOLE(2592)] "Uncaught SyntaxError: Invalid or unexpected token", source: file:///home/dhia/browser-fuzzer/Dissertation/logger/run_20250324_064826/round_031/mutations/mutated_0004.html (2592)
[95006:95006:0324/114831.041274:INFO:CONSOLE(2593)] "Uncaught SyntaxError: Invalid or unexpected token", source: file:///home/dhia/browser-fuzzer/Dissertation/logger/run_20250324_064826/round_031/mutations/mutated_0004.html (2593)
[95006:95006:0324/114831.606235:INFO:CONSOLE(2603)] "Uncaught SyntaxError: Invalid or unexpected token", source: file:///home/dhia/browser-fuzzer/Dissertation/logger/run_20250324_064826/round_031/mutations/mutated_0004.html (2603)
[95006:95006:0324/114831.610200:INFO:CONSOLE(2604)] "Uncaught SyntaxError: Invalid or unexpected token", source: file:///home/dhia/browser-fuzzer/Dissertation/logger/run_20250324_064826/round_031/mutations/mutated_0004.html (2604)
[95006:95006:0324/114832.215029:INFO:CONSOLE(2614)] "Uncaught SyntaxError: Invalid or unexpected token", source: file:///home/dhia/browser-fuzzer/Dissertation/logger/run_20250324_064826/round_031/mutations/mutated_0004.html (2614)
[95006:95006:0324/114832.219174:INFO:CONSOLE(2615)] "Uncaught SyntaxError: Invalid or unexpected token", source: file:///home/dhia/browser-fuzzer/Dissertation/logger/run_20250324_064826/round_031/mutations/mutated_0004.html (2615)
[95006:95006:0324/114832.231125:INFO:CONSOLE(2616)] "Uncaught SyntaxError: Invalid or unexpected token", source: file:///home/dhia/browser-fuzzer/Dissertation/logger/run_20250324_064826/round_031/mutations/mutated_0004.html (2616)
[95006:95006:0324/114832.528474:INFO:CONSOLE(2623)] "Uncaught SyntaxError: Invalid or unexpected token", source: file:///home/dhia/browser-fuzzer/Dissertation/logger/run_20250324_064826/round_031/mutations/mutated_0004.html (2623)
[95006:95006:0324/114832.534765:INFO:CONSOLE(2624)] "Uncaught SyntaxError: Invalid or unexpected token", source: file:///home/dhia/browser-fuzzer/Dissertation/logger/run_20250324_064826/round_031/mutations/mutated_0004.html (2624)
[95006:95006:0324/114832.822317:INFO:CONSOLE(2631)] "Uncaught SyntaxError: Invalid or unexpected token", source: file:///home/dhia/browser-fuzzer/Dissertation/logger/run_20250324_064826/round_031/mutations/mutated_0004.html (2631)
[95006:95006:0324/114832.830204:INFO:CONSOLE(2632)] "Uncaught SyntaxError: Invalid or unexpected token", source: file:///home/dhia/browser-fuzzer/Dissertation/logger/run_20250324_064826/round_031/mutations/mutated_0004.html (2632)
[95006:95006:0324/114832.845152:INFO:CONSOLE(2637)] "Uncaught SyntaxError: Invalid or unexpected token", source: file:///home/dhia/browser-fuzzer/Dissertation/logger/run_20250324_064826/round_031/mutations/mutated_0004.html (2637)
[95006:95006:0324/114833.091125:INFO:CONSOLE(2638)] "Uncaught SyntaxError: Invalid or unexpected token", source: file:///home/dhia/browser-fuzzer/Dissertation/logger/run_20250324_064826/round_031/mutations/mutated_0004.html (2638)
[95006:95006:0324/114833.102116:INFO:CONSOLE(2639)] "Uncaught SyntaxError: Invalid or unexpected token", source: file:///home/dhia/browser-fuzzer/Dissertation/logger/run_20250324_064826/round_031/mutations/mutated_0004.html (2639)
[95006:95006:0324/114833.108236:INFO:CONSOLE(2642)] "Uncaught SyntaxError: Invalid or unexpected token", source: file:///home/dhia/browser-fuzzer/Dissertation/logger/run_20250324_064826/round_031/mutations/mutated_0004.html (2642)
[95006:95006:0324/114833.359432:INFO:CONSOLE(2645)] "Uncaught SyntaxError: Invalid or unexpected token", source: file:///home/dhia/browser-fuzzer/Dissertation/logger/run_20250324_064826/round_031/mutations/mutated_0004.html (2645)
[95006:95006:0324/114833.365143:INFO:CONSOLE(2646)] "Uncaught SyntaxError: Invalid or unexpected token", source: file:///home/dhia/browser-fuzzer/Dissertation/logger/run_20250324_064826/round_031/mutations/mutated_0004.html (2646)
[95006:95006:0324/114833.650305:INFO:CONSOLE(2647)] "Uncaught SyntaxError: Invalid or unexpected token", source: file:///home/dhia/browser-fuzzer/Dissertation/logger/run_20250324_064826/round_031/mutations/mutated_0004.html (2647)
[95006:95006:0324/114833.664088:INFO:CONSOLE(2648)] "Uncaught SyntaxError: Invalid or unexpected token", source: file:///home/dhia/browser-fuzzer/Dissertation/logger/run_20250324_064826/round_031/mutations/mutated_0004.html (2648)
[95006:95006:0324/114833.686322:INFO:CONSOLE(2649)] "Uncaught SyntaxError: Invalid or unexpected token", source: file:///home/dhia/browser-fuzzer/Dissertation/logger/run_20250324_064826/round_031/mutations/mutated_0004.html (2649)
[95006:95006:0324/114833.939927:INFO:CONSOLE(2650)] "Uncaught SyntaxError: Invalid or unexpected token", source: file:///home/dhia/browser-fuzzer/Dissertation/logger/run_20250324_064826/round_031/mutations/mutated_0004.html (2650)
[95006:95006:0324/114833.968200:INFO:CONSOLE(2651)] "Uncaught SyntaxError: Invalid or unexpected token", source: file:///home/dhia/browser-fuzzer/Dissertation/logger/run_20250324_064826/round_031/mutations/mutated_0004.html (2651)
[95006:95006:0324/114834.173106:INFO:CONSOLE(2652)] "Uncaught SyntaxError: Invalid or unexpected token", source: file:///home/dhia/browser-fuzzer/Dissertation/logger/run_20250324_064826/round_031/mutations/mutated_0004.html (2652)
[95006:95006:0324/114834.180136:INFO:CONSOLE(2653)] "Uncaught SyntaxError: Invalid or unexpected token", source: file:///home/dhia/browser-fuzzer/Dissertation/logger/run_20250324_064826/round_031/mutations/mutated_0004.html (2653)
[95006:95006:0324/114834.433891:INFO:CONSOLE(2654)] "Uncaught SyntaxError: Invalid or unexpected token", source: file:///home/dhia/browser-fuzzer/Dissertation/logger/run_20250324_064826/round_031/mutations/mutated_0004.html (2654)
[95006:95006:0324/114834.447692:INFO:CONSOLE(2655)] "Uncaught SyntaxError: Invalid or unexpected token", source: file:///home/dhia/browser-fuzzer/Dissertation/logger/run_20250324_064826/round_031/mutations/mutated_0004.html (2655)
[95006:95006:0324/114834.457974:INFO:CONSOLE(2656)] "Uncaught SyntaxError: Invalid or unexpected token", source: file:///home/dhia/browser-fuzzer/Dissertation/logger/run_20250324_064826/round_031/mutations/mutated_0004.html (2656)
[95006:95006:0324/114834.475197:INFO:CONSOLE(2657)] "Uncaught SyntaxError: Invalid or unexpected token", source: file:///home/dhia/browser-fuzzer/Dissertation/logger/run_20250324_064826/round_031/mutations/mutated_0004.html (2657)
[95006:95006:0324/114834.486423:INFO:CONSOLE(2658)] "Uncaught SyntaxError: Invalid or unexpected token", source: file:///home/dhia/browser-fuzzer/Dissertation/logger/run_20250324_064826/round_031/mutations/mutated_0004.html (2658)
[95006:95006:0324/114834.735406:INFO:CONSOLE(2659)] "Uncaught SyntaxError: Invalid or unexpected token", source: file:///home/dhia/browser-fuzzer/Dissertation/logger/run_20250324_064826/round_031/mutations/mutated_0004.html (2659)
[95006:95006:0324/114834.749358:INFO:CONSOLE(2660)] "Uncaught SyntaxError: Invalid or unexpected token", source: file:///home/dhia/browser-fuzzer/Dissertation/logger/run_20250324_064826/round_031/mutations/mutated_0004.html (2660)
[95006:95006:0324/114835.032021:INFO:CONSOLE(2671)] "Uncaught SyntaxError: Invalid or unexpected token", source: file:///home/dhia/browser-fuzzer/Dissertation/logger/run_20250324_064826/round_031/mutations/mutated_0004.html (2671)
[95006:95006:0324/114835.037761:INFO:CONSOLE(2672)] "Uncaught SyntaxError: Invalid or unexpected token", source: file:///home/dhia/browser-fuzzer/Dissertation/logger/run_20250324_064826/round_031/mutations/mutated_0004.html (2672)
[95006:95006:0324/114835.054982:INFO:CONSOLE(2673)] "Uncaught SyntaxError: Invalid or unexpected token", source: file:///home/dhia/browser-fuzzer/Dissertation/logger/run_20250324_064826/round_031/mutations/mutated_0004.html (2673)
[95006:95006:0324/114835.305260:INFO:CONSOLE(2674)] "Uncaught SyntaxError: Invalid or unexpected token", source: file:///home/dhia/browser-fuzzer/Dissertation/logger/run_20250324_064826/round_031/mutations/mutated_0004.html (2674)
[95006:95006:0324/114835.320353:INFO:CONSOLE(2675)] "Uncaught SyntaxError: Invalid or unexpected token", source: file:///home/dhia/browser-fuzzer/Dissertation/logger/run_20250324_064826/round_031/mutations/mutated_0004.html (2675)
[95006:95006:0324/114835.334270:INFO:CONSOLE(2676)] "Uncaught SyntaxError: Invalid or unexpected token", source: file:///home/dhia/browser-fuzzer/Dissertation/logger/run_20250324_064826/round_031/mutations/mutated_0004.html (2676)
[95006:95006:0324/114835.569333:INFO:CONSOLE(2677)] "Uncaught SyntaxError: Invalid or unexpected token", source: file:///home/dhia/browser-fuzzer/Dissertation/logger/run_20250324_064826/round_031/mutations/mutated_0004.html (2677)
[95006:95006:0324/114835.573310:INFO:CONSOLE(2678)] "Uncaught SyntaxError: Invalid or unexpected token", source: file:///home/dhia/browser-fuzzer/Dissertation/logger/run_20250324_064826/round_031/mutations/mutated_0004.html (2678)
[95006:95006:0324/114835.580630:INFO:CONSOLE(2679)] "Uncaught SyntaxError: Invalid or unexpected token", source: file:///home/dhia/browser-fuzzer/Dissertation/logger/run_20250324_064826/round_031/mutations/mutated_0004.html (2679)
[95006:95006:0324/114835.893508:INFO:CONSOLE(2680)] "Uncaught SyntaxError: Invalid or unexpected token", source: file:///home/dhia/browser-fuzzer/Dissertation/logger/run_20250324_064826/round_031/mutations/mutated_0004.html (2680)
[95006:95006:0324/114835.898219:INFO:CONSOLE(2681)] "Uncaught SyntaxError: Invalid or unexpected token", source: file:///home/dhia/browser-fuzzer/Dissertation/logger/run_20250324_064826/round_031/mutations/mutated_0004.html (2681)
[95006:95006:0324/114835.907927:INFO:CONSOLE(2682)] "Uncaught SyntaxError: Invalid or unexpected token", source: file:///home/dhia/browser-fuzzer/Dissertation/logger/run_20250324_064826/round_031/mutations/mutated_0004.html (2682)
[95006:95006:0324/114836.183542:INFO:CONSOLE(2683)] "Uncaught SyntaxError: Invalid or unexpected token", source: file:///home/dhia/browser-fuzzer/Dissertation/logger/run_20250324_064826/round_031/mutations/mutated_0004.html (2683)
[95006:95006:0324/114836.196224:INFO:CONSOLE(2684)] "Uncaught SyntaxError: Invalid or unexpected token", source: file:///home/dhia/browser-fuzzer/Dissertation/logger/run_20250324_064826/round_031/mutations/mutated_0004.html (2684)
[95006:95006:0324/114836.206938:INFO:CONSOLE(2685)] "Uncaught SyntaxError: Invalid or unexpected token", source: file:///home/dhia/browser-fuzzer/Dissertation/logger/run_20250324_064826/round_031/mutations/mutated_0004.html (2685)
[95006:95006:0324/114836.466606:INFO:CONSOLE(2686)] "Uncaught SyntaxError: Invalid or unexpected token", source: file:///home/dhia/browser-fuzzer/Dissertation/logger/run_20250324_064826/round_031/mutations/mutated_0004.html (2686)
[95006:95006:0324/114836.476992:INFO:CONSOLE(2687)] "Uncaught SyntaxError: Invalid or unexpected token", source: file:///home/dhia/browser-fuzzer/Dissertation/logger/run_20250324_064826/round_031/mutations/mutated_0004.html (2687)
[95006:95006:0324/114836.782980:INFO:CONSOLE(2688)] "Uncaught SyntaxError: Invalid or unexpected token", source: file:///home/dhia/browser-fuzzer/Dissertation/logger/run_20250324_064826/round_031/mutations/mutated_0004.html (2688)
[95006:95006:0324/114836.789762:INFO:CONSOLE(2689)] "Uncaught SyntaxError: Invalid or unexpected token", source: file:///home/dhia/browser-fuzzer/Dissertation/logger/run_20250324_064826/round_031/mutations/mutated_0004.html (2689)
[95006:95006:0324/114837.069064:INFO:CONSOLE(2690)] "Uncaught SyntaxError: Invalid or unexpected token", source: file:///home/dhia/browser-fuzzer/Dissertation/logger/run_20250324_064826/round_031/mutations/mutated_0004.html (2690)
[95006:95006:0324/114837.082135:INFO:CONSOLE(2691)] "Uncaught SyntaxError: Invalid or unexpected token", source: file:///home/dhia/browser-fuzzer/Dissertation/logger/run_20250324_064826/round_031/mutations/mutated_0004.html (2691)
[95006:95006:0324/114837.335704:INFO:CONSOLE(2702)] "Uncaught SyntaxError: Invalid or unexpected token", source: file:///home/dhia/browser-fuzzer/Dissertation/logger/run_20250324_064826/round_031/mutations/mutated_0004.html (2702)
[95006:95006:0324/114837.352549:INFO:CONSOLE(2703)] "Uncaught SyntaxError: Invalid or unexpected token", source: file:///home/dhia/browser-fuzzer/Dissertation/logger/run_20250324_064826/round_031/mutations/mutated_0004.html (2703)
[95006:95006:0324/114837.593761:INFO:CONSOLE(2714)] "Uncaught SyntaxError: Invalid or unexpected token", source: file:///home/dhia/browser-fuzzer/Dissertation/logger/run_20250324_064826/round_031/mutations/mutated_0004.html (2714)
[95006:95006:0324/114837.602810:INFO:CONSOLE(2715)] "Uncaught SyntaxError: Invalid or unexpected token", source: file:///home/dhia/browser-fuzzer/Dissertation/logger/run_20250324_064826/round_031/mutations/mutated_0004.html (2715)
[95006:95006:0324/114837.867617:INFO:CONSOLE(2728)] "Uncaught SyntaxError: Invalid or unexpected token", source: file:///home/dhia/browser-fuzzer/Dissertation/logger/run_20250324_064826/round_031/mutations/mutated_0004.html (2728)
[95006:95006:0324/114837.883116:INFO:CONSOLE(2729)] "Uncaught SyntaxError: Invalid or unexpected token", source: file:///home/dhia/browser-fuzzer/Dissertation/logger/run_20250324_064826/round_031/mutations/mutated_0004.html (2729)
[95006:95006:0324/114837.898773:INFO:CONSOLE(2730)] "Uncaught SyntaxError: Invalid or unexpected token", source: file:///home/dhia/browser-fuzzer/Dissertation/logger/run_20250324_064826/round_031/mutations/mutated_0004.html (2730)
[95006:95006:0324/114838.199236:INFO:CONSOLE(2731)] "Uncaught SyntaxError: Invalid or unexpected token", source: file:///home/dhia/browser-fuzzer/Dissertation/logger/run_20250324_064826/round_031/mutations/mutated_0004.html (2731)
[95006:95006:0324/114838.208120:INFO:CONSOLE(2732)] "Uncaught SyntaxError: Invalid or unexpected token", source: file:///home/dhia/browser-fuzzer/Dissertation/logger/run_20250324_064826/round_031/mutations/mutated_0004.html (2732)
[95006:95006:0324/114838.500189:INFO:CONSOLE(2734)] "Uncaught SyntaxError: Invalid or unexpected token", source: file:///home/dhia/browser-fuzzer/Dissertation/logger/run_20250324_064826/round_031/mutations/mutated_0004.html (2734)
[95006:95006:0324/114838.510596:INFO:CONSOLE(2735)] "Uncaught SyntaxError: Invalid or unexpected token", source: file:///home/dhia/browser-fuzzer/Dissertation/logger/run_20250324_064826/round_031/mutations/mutated_0004.html (2735)
[95006:95006:0324/114838.791858:INFO:CONSOLE(2744)] "Uncaught SyntaxError: Invalid or unexpected token", source: file:///home/dhia/browser-fuzzer/Dissertation/logger/run_20250324_064826/round_031/mutations/mutated_0004.html (2744)
[95006:95006:0324/114838.805771:INFO:CONSOLE(2745)] "Uncaught SyntaxError: Invalid or unexpected token", source: file:///home/dhia/browser-fuzzer/Dissertation/logger/run_20250324_064826/round_031/mutations/mutated_0004.html (2745)
[95006:95006:0324/114839.489703:INFO:CONSOLE(2782)] "Uncaught SyntaxError: Invalid or unexpected token", source: file:///home/dhia/browser-fuzzer/Dissertation/logger/run_20250324_064826/round_031/mutations/mutated_0004.html (2782)
[95006:95006:0324/114839.499900:INFO:CONSOLE(2783)] "Uncaught SyntaxError: Invalid or unexpected token", source: file:///home/dhia/browser-fuzzer/Dissertation/logger/run_20250324_064826/round_031/mutations/mutated_0004.html (2783)
[95006:95006:0324/114839.788196:INFO:CONSOLE(2785)] "Uncaught SyntaxError: Invalid or unexpected token", source: file:///home/dhia/browser-fuzzer/Dissertation/logger/run_20250324_064826/round_031/mutations/mutated_0004.html (2785)
[95006:95006:0324/114839.797551:INFO:CONSOLE(2786)] "Uncaught SyntaxError: Invalid or unexpected token", source: file:///home/dhia/browser-fuzzer/Dissertation/logger/run_20250324_064826/round_031/mutations/mutated_0004.html (2786)
[95006:95006:0324/114839.801683:INFO:CONSOLE(2787)] "Uncaught SyntaxError: Invalid or unexpected token", source: file:///home/dhia/browser-fuzzer/Dissertation/logger/run_20250324_064826/round_031/mutations/mutated_0004.html (2787)
[95006:95006:0324/114840.036751:INFO:CONSOLE(2788)] "Uncaught SyntaxError: Invalid or unexpected token", source: file:///home/dhia/browser-fuzzer/Dissertation/logger/run_20250324_064826/round_031/mutations/mutated_0004.html (2788)
[95006:95006:0324/114840.046909:INFO:CONSOLE(2789)] "Uncaught SyntaxError: Invalid or unexpected token", source: file:///home/dhia/browser-fuzzer/Dissertation/logger/run_20250324_064826/round_031/mutations/mutated_0004.html (2789)
[95006:95006:0324/114840.412381:INFO:CONSOLE(2796)] "Uncaught SyntaxError: Invalid or unexpected token", source: file:///home/dhia/browser-fuzzer/Dissertation/logger/run_20250324_064826/round_031/mutations/mutated_0004.html (2796)
[95006:95006:0324/114840.429953:INFO:CONSOLE(2797)] "Uncaught SyntaxError: Invalid or unexpected token", source: file:///home/dhia/browser-fuzzer/Dissertation/logger/run_20250324_064826/round_031/mutations/mutated_0004.html (2797)
[95006:95006:0324/114841.551044:ERROR:background_mode_manager_aura.cc(12)] Not implemented reached in virtual void BackgroundModeManager::EnableLaunchOnStartup(bool)
[95006:95006:0324/114841.884948:ERROR:kill_posix.cc(33)] waitpid(95081): No child processes (10)
[95006:95059:0324/114841.909226:WARNING:discardable_shared_memory_manager.cc(452)] Some MojoDiscardableSharedMemoryManagerImpls are still alive. They will be leaked.
