[01:18:43][INFO] mutation-deterministic: [ADV-DETERMINISTIC] Using forced seeds => A=/home/dhia/browser-fuzzer/Dissertation/tests/testing_seeds/combined/complex/trigger2.html, B=/home/dhia/browser-fuzzer/Dissertation/tests/testing_seeds/combined/complex/trigger1.html
[01:18:43][WARNING] mutation-deterministic: Complexity validation failed, enforcing aggressive mutations.
[01:18:43][WARNING] mutation-deterministic: Script content contains HTML; removing invalid JS.
[01:18:43][WARNING] mutation-deterministic: Script content contains HTML; removing invalid JS.
[01:18:43][WARNING] mutation-deterministic: Script content contains HTML; removing invalid JS.
[01:18:43][WARNING] mutation-deterministic: Script content contains HTML; removing invalid JS.
[01:18:43][WARNING] mutation-deterministic: Script content contains HTML; removing invalid JS.
[01:18:43][WARNING] mutation-deterministic: Script content contains HTML; removing invalid JS.
[01:18:43][WARNING] mutation-deterministic: Script content contains HTML; removing invalid JS.
[01:18:43][WARNING] mutation-deterministic: Script content contains HTML; removing invalid JS.
[01:18:43][WARNING] mutation-deterministic: Script content contains HTML; removing invalid JS.
[01:18:43][WARNING] mutation-deterministic: Script content contains HTML; removing invalid JS.
[01:18:43][WARNING] mutation-deterministic: Invalid JavaScript detected: Line 1: Unexpected token <
[01:18:43][INFO] mutation-deterministic: Generated advanced deterministic mutation 1 => /home/dhia/browser-fuzzer/Dissertation/logger/run_20250318_011840/round_001/mutations/mutated_0001.html
[01:18:46][WARNING] mutation-deterministic: Complexity validation failed, enforcing aggressive mutations.
[01:18:53][WARNING] mutation-deterministic: Invalid JavaScript detected: Line 1: Unexpected token <
[01:18:53][WARNING] mutation-deterministic: Script content contains HTML; removing invalid JS.
[01:18:53][WARNING] mutation-deterministic: Script content contains HTML; removing invalid JS.
[01:18:53][WARNING] mutation-deterministic: Script content contains HTML; removing invalid JS.
[01:18:53][WARNING] mutation-deterministic: Script content contains HTML; removing invalid JS.
[01:18:53][WARNING] mutation-deterministic: Script content contains HTML; removing invalid JS.
[01:18:53][WARNING] mutation-deterministic: Script content contains HTML; removing invalid JS.
[01:18:53][WARNING] mutation-deterministic: Script content contains HTML; removing invalid JS.
[01:18:53][WARNING] mutation-deterministic: Script content contains HTML; removing invalid JS.
[01:18:53][WARNING] mutation-deterministic: Script content contains HTML; removing invalid JS.
[01:18:53][WARNING] mutation-deterministic: Script content contains HTML; removing invalid JS.
[01:18:53][WARNING] mutation-deterministic: Script content contains HTML; removing invalid JS.
[01:18:53][WARNING] mutation-deterministic: Script content contains HTML; removing invalid JS.
[01:18:53][WARNING] mutation-deterministic: Script content contains HTML; removing invalid JS.
[01:18:53][WARNING] mutation-deterministic: Script content contains HTML; removing invalid JS.
[01:18:53][WARNING] mutation-deterministic: Script content contains HTML; removing invalid JS.
[01:18:53][WARNING] mutation-deterministic: Script content contains HTML; removing invalid JS.
[01:18:53][WARNING] mutation-deterministic: Script content contains HTML; removing invalid JS.
[01:18:53][WARNING] mutation-deterministic: Script content contains HTML; removing invalid JS.
[01:18:53][WARNING] mutation-deterministic: Script content contains HTML; removing invalid JS.
[01:18:53][WARNING] mutation-deterministic: Script content contains HTML; removing invalid JS.
[01:18:53][WARNING] mutation-deterministic: Script content contains HTML; removing invalid JS.
[01:18:53][WARNING] mutation-deterministic: Script content contains HTML; removing invalid JS.
[01:18:53][WARNING] mutation-deterministic: Script content contains HTML; removing invalid JS.
[01:18:53][WARNING] mutation-deterministic: Script content contains HTML; removing invalid JS.
[01:18:53][WARNING] mutation-deterministic: Script content contains HTML; removing invalid JS.
[01:18:53][WARNING] mutation-deterministic: Script content contains HTML; removing invalid JS.
[01:18:53][WARNING] mutation-deterministic: Script content contains HTML; removing invalid JS.
[01:18:53][WARNING] mutation-deterministic: Script content contains HTML; removing invalid JS.
[01:18:53][WARNING] mutation-deterministic: Script content contains HTML; removing invalid JS.
[01:18:53][WARNING] mutation-deterministic: Script content contains HTML; removing invalid JS.
[01:18:53][WARNING] mutation-deterministic: Script content contains HTML; removing invalid JS.
[01:18:53][WARNING] mutation-deterministic: Script content contains HTML; removing invalid JS.
[01:18:53][WARNING] mutation-deterministic: Script content contains HTML; removing invalid JS.
[01:18:53][WARNING] mutation-deterministic: Script content contains HTML; removing invalid JS.
[01:18:53][WARNING] mutation-deterministic: Script content contains HTML; removing invalid JS.
[01:18:53][WARNING] mutation-deterministic: Script content contains HTML; removing invalid JS.
[01:18:53][WARNING] mutation-deterministic: Script content contains HTML; removing invalid JS.
[01:18:53][WARNING] mutation-deterministic: Script content contains HTML; removing invalid JS.
[01:18:53][WARNING] mutation-deterministic: Script content contains HTML; removing invalid JS.
[01:18:53][WARNING] mutation-deterministic: Script content contains HTML; removing invalid JS.
[01:18:53][WARNING] mutation-deterministic: Script content contains HTML; removing invalid JS.
[01:18:53][WARNING] mutation-deterministic: Script content contains HTML; removing invalid JS.
[01:18:53][WARNING] mutation-deterministic: Script content contains HTML; removing invalid JS.
[01:18:53][WARNING] mutation-deterministic: Script content contains HTML; removing invalid JS.
[01:18:53][WARNING] mutation-deterministic: Script content contains HTML; removing invalid JS.
[01:18:53][WARNING] mutation-deterministic: Script content contains HTML; removing invalid JS.
[01:18:53][WARNING] mutation-deterministic: Script content contains HTML; removing invalid JS.
[01:18:53][WARNING] mutation-deterministic: Script content contains HTML; removing invalid JS.
[01:18:53][WARNING] mutation-deterministic: Script content contains HTML; removing invalid JS.
[01:18:53][WARNING] mutation-deterministic: Script content contains HTML; removing invalid JS.
[01:18:53][WARNING] mutation-deterministic: Script content contains HTML; removing invalid JS.
[01:18:53][WARNING] mutation-deterministic: Script content contains HTML; removing invalid JS.
[01:18:53][WARNING] mutation-deterministic: Script content contains HTML; removing invalid JS.
[01:18:53][WARNING] mutation-deterministic: Script content contains HTML; removing invalid JS.
[01:18:53][WARNING] mutation-deterministic: Script content contains HTML; removing invalid JS.
[01:18:53][WARNING] mutation-deterministic: Script content contains HTML; removing invalid JS.
[01:18:53][WARNING] mutation-deterministic: Script content contains HTML; removing invalid JS.
[01:18:53][WARNING] mutation-deterministic: Script content contains HTML; removing invalid JS.
[01:18:53][WARNING] mutation-deterministic: Script content contains HTML; removing invalid JS.
[01:18:53][WARNING] mutation-deterministic: Script content contains HTML; removing invalid JS.
[01:18:53][WARNING] mutation-deterministic: Script content contains HTML; removing invalid JS.
[01:18:53][WARNING] mutation-deterministic: Script content contains HTML; removing invalid JS.
[01:18:53][WARNING] mutation-deterministic: Script content contains HTML; removing invalid JS.
[01:18:53][WARNING] mutation-deterministic: Script content contains HTML; removing invalid JS.
[01:18:53][WARNING] mutation-deterministic: Invalid JavaScript detected: Line 1: Unexpected token <
[01:18:53][WARNING] mutation-deterministic: Invalid JavaScript detected: Line 1: Unexpected token <
[01:18:53][WARNING] mutation-deterministic: Invalid JavaScript detected: Line 1: Unexpected token <
[01:18:53][WARNING] mutation-deterministic: Invalid JavaScript detected: Line 9: Unexpected token <
[01:18:53][WARNING] mutation-deterministic: Invalid JavaScript detected: Line 45: Unexpected token <
[01:18:53][WARNING] mutation-deterministic: Invalid JavaScript detected: Line 1: Unexpected token <
[01:18:53][WARNING] mutation-deterministic: Invalid JavaScript detected: Line 1: Unexpected token <
[01:18:53][WARNING] mutation-deterministic: Invalid JavaScript detected: Line 1: Unexpected token <
[01:18:53][WARNING] mutation-deterministic: Invalid JavaScript detected: Line 1: Unexpected token <
[01:18:53][WARNING] mutation-deterministic: Invalid JavaScript detected: Line 1: Unexpected token <
[01:18:53][WARNING] mutation-deterministic: Invalid JavaScript detected: Line 1: Unexpected token <
[01:18:53][WARNING] mutation-deterministic: Script content contains HTML; removing invalid JS.
[01:18:53][WARNING] mutation-deterministic: Script content contains HTML; removing invalid JS.
[01:18:53][WARNING] mutation-deterministic: Script content contains HTML; removing invalid JS.
[01:18:53][WARNING] mutation-deterministic: Script content contains HTML; removing invalid JS.
[01:18:53][WARNING] mutation-deterministic: Script content contains HTML; removing invalid JS.
[01:18:53][WARNING] mutation-deterministic: Script content contains HTML; removing invalid JS.
[01:18:53][WARNING] mutation-deterministic: Script content contains HTML; removing invalid JS.
[01:18:53][WARNING] mutation-deterministic: Script content contains HTML; removing invalid JS.
[01:18:53][WARNING] mutation-deterministic: Script content contains HTML; removing invalid JS.
[01:18:53][WARNING] mutation-deterministic: Script content contains HTML; removing invalid JS.
[01:18:53][WARNING] mutation-deterministic: Script content contains HTML; removing invalid JS.
[01:18:53][WARNING] mutation-deterministic: Script content contains HTML; removing invalid JS.
[01:18:53][WARNING] mutation-deterministic: Script content contains HTML; removing invalid JS.
[01:18:53][WARNING] mutation-deterministic: Script content contains HTML; removing invalid JS.
[01:18:53][WARNING] mutation-deterministic: Script content contains HTML; removing invalid JS.
[01:18:53][WARNING] mutation-deterministic: Script content contains HTML; removing invalid JS.
[01:18:53][WARNING] mutation-deterministic: Script content contains HTML; removing invalid JS.
[01:18:53][WARNING] mutation-deterministic: Script content contains HTML; removing invalid JS.
[01:18:53][WARNING] mutation-deterministic: Script content contains HTML; removing invalid JS.
[01:18:53][WARNING] mutation-deterministic: Script content contains HTML; removing invalid JS.
[01:18:53][WARNING] mutation-deterministic: Script content contains HTML; removing invalid JS.
[01:18:53][WARNING] mutation-deterministic: Script content contains HTML; removing invalid JS.
[01:18:53][WARNING] mutation-deterministic: Script content contains HTML; removing invalid JS.
[01:18:53][WARNING] mutation-deterministic: Script content contains HTML; removing invalid JS.
[01:18:53][WARNING] mutation-deterministic: Script content contains HTML; removing invalid JS.
[01:18:53][WARNING] mutation-deterministic: Script content contains HTML; removing invalid JS.
[01:18:53][WARNING] mutation-deterministic: Script content contains HTML; removing invalid JS.
[01:18:53][WARNING] mutation-deterministic: Script content contains HTML; removing invalid JS.
[01:18:53][WARNING] mutation-deterministic: Script content contains HTML; removing invalid JS.
[01:18:53][WARNING] mutation-deterministic: Script content contains HTML; removing invalid JS.
[01:18:53][WARNING] mutation-deterministic: Script content contains HTML; removing invalid JS.
[01:18:53][WARNING] mutation-deterministic: Script content contains HTML; removing invalid JS.
[01:18:53][WARNING] mutation-deterministic: Script content contains HTML; removing invalid JS.
[01:18:53][WARNING] mutation-deterministic: Script content contains HTML; removing invalid JS.
[01:18:53][WARNING] mutation-deterministic: Script content contains HTML; removing invalid JS.
[01:18:53][WARNING] mutation-deterministic: Script content contains HTML; removing invalid JS.
[01:18:53][WARNING] mutation-deterministic: Script content contains HTML; removing invalid JS.
[01:18:53][WARNING] mutation-deterministic: Script content contains HTML; removing invalid JS.
[01:18:53][WARNING] mutation-deterministic: Script content contains HTML; removing invalid JS.
[01:18:53][WARNING] mutation-deterministic: Script content contains HTML; removing invalid JS.
[01:18:53][WARNING] mutation-deterministic: Script content contains HTML; removing invalid JS.
[01:18:53][WARNING] mutation-deterministic: Script content contains HTML; removing invalid JS.
[01:18:53][WARNING] mutation-deterministic: Invalid JavaScript detected: Line 1: Unexpected token <
[01:18:53][WARNING] mutation-deterministic: Invalid JavaScript detected: Line 1: Unexpected token <
[01:18:53][WARNING] mutation-deterministic: Invalid JavaScript detected: Line 1: Unexpected token <
[01:18:53][WARNING] mutation-deterministic: Invalid JavaScript detected: Line 1: Unexpected token <
[01:18:53][WARNING] mutation-deterministic: Invalid JavaScript detected: Line 1: Unexpected token <
[01:18:53][WARNING] mutation-deterministic: Invalid JavaScript detected: Line 1: Unexpected token <
[01:18:53][WARNING] mutation-deterministic: Script content contains HTML; removing invalid JS.
[01:18:53][WARNING] mutation-deterministic: Script content contains HTML; removing invalid JS.
[01:18:53][WARNING] mutation-deterministic: Script content contains HTML; removing invalid JS.
[01:18:53][WARNING] mutation-deterministic: Script content contains HTML; removing invalid JS.
[01:18:53][WARNING] mutation-deterministic: Script content contains HTML; removing invalid JS.
[01:18:53][WARNING] mutation-deterministic: Script content contains HTML; removing invalid JS.
[01:18:53][WARNING] mutation-deterministic: Script content contains HTML; removing invalid JS.
[01:18:53][WARNING] mutation-deterministic: Script content contains HTML; removing invalid JS.
[01:18:53][WARNING] mutation-deterministic: Script content contains HTML; removing invalid JS.
[01:18:53][WARNING] mutation-deterministic: Script content contains HTML; removing invalid JS.
[01:18:53][WARNING] mutation-deterministic: Script content contains HTML; removing invalid JS.
[01:18:53][WARNING] mutation-deterministic: Script content contains HTML; removing invalid JS.
[01:18:53][WARNING] mutation-deterministic: Script content contains HTML; removing invalid JS.
[01:18:53][WARNING] mutation-deterministic: Script content contains HTML; removing invalid JS.
[01:18:53][WARNING] mutation-deterministic: Script content contains HTML; removing invalid JS.
[01:18:53][WARNING] mutation-deterministic: Script content contains HTML; removing invalid JS.
[01:18:53][WARNING] mutation-deterministic: Script content contains HTML; removing invalid JS.
[01:18:53][WARNING] mutation-deterministic: Script content contains HTML; removing invalid JS.
[01:18:53][WARNING] mutation-deterministic: Script content contains HTML; removing invalid JS.
[01:18:53][WARNING] mutation-deterministic: Script content contains HTML; removing invalid JS.
[01:18:53][WARNING] mutation-deterministic: Script content contains HTML; removing invalid JS.
[01:18:53][WARNING] mutation-deterministic: Script content contains HTML; removing invalid JS.
[01:18:53][WARNING] mutation-deterministic: Script content contains HTML; removing invalid JS.
[01:18:53][WARNING] mutation-deterministic: Script content contains HTML; removing invalid JS.
[01:18:53][WARNING] mutation-deterministic: Script content contains HTML; removing invalid JS.
[01:18:53][WARNING] mutation-deterministic: Script content contains HTML; removing invalid JS.
[01:18:53][WARNING] mutation-deterministic: Script content contains HTML; removing invalid JS.
[01:18:53][WARNING] mutation-deterministic: Script content contains HTML; removing invalid JS.
[01:18:53][WARNING] mutation-deterministic: Script content contains HTML; removing invalid JS.
[01:18:53][WARNING] mutation-deterministic: Script content contains HTML; removing invalid JS.
[01:18:53][WARNING] mutation-deterministic: Script content contains HTML; removing invalid JS.
[01:18:53][WARNING] mutation-deterministic: Script content contains HTML; removing invalid JS.
[01:18:53][WARNING] mutation-deterministic: Script content contains HTML; removing invalid JS.
[01:18:53][WARNING] mutation-deterministic: Script content contains HTML; removing invalid JS.
[01:18:53][WARNING] mutation-deterministic: Script content contains HTML; removing invalid JS.
[01:18:53][WARNING] mutation-deterministic: Script content contains HTML; removing invalid JS.
[01:18:53][WARNING] mutation-deterministic: Script content contains HTML; removing invalid JS.
[01:18:53][WARNING] mutation-deterministic: Script content contains HTML; removing invalid JS.
[01:18:53][WARNING] mutation-deterministic: Script content contains HTML; removing invalid JS.
[01:18:53][WARNING] mutation-deterministic: Script content contains HTML; removing invalid JS.
[01:18:53][WARNING] mutation-deterministic: Script content contains HTML; removing invalid JS.
[01:18:53][WARNING] mutation-deterministic: Script content contains HTML; removing invalid JS.
[01:18:53][WARNING] mutation-deterministic: Script content contains HTML; removing invalid JS.
[01:18:53][WARNING] mutation-deterministic: Script content contains HTML; removing invalid JS.
[01:18:53][WARNING] mutation-deterministic: Script content contains HTML; removing invalid JS.
[01:18:53][WARNING] mutation-deterministic: Script content contains HTML; removing invalid JS.
[01:18:53][WARNING] mutation-deterministic: Script content contains HTML; removing invalid JS.
[01:18:53][WARNING] mutation-deterministic: Script content contains HTML; removing invalid JS.
[01:18:53][WARNING] mutation-deterministic: Script content contains HTML; removing invalid JS.
[01:18:53][WARNING] mutation-deterministic: Script content contains HTML; removing invalid JS.
[01:18:53][WARNING] mutation-deterministic: Script content contains HTML; removing invalid JS.
[01:18:53][WARNING] mutation-deterministic: Script content contains HTML; removing invalid JS.
[01:18:53][WARNING] mutation-deterministic: Script content contains HTML; removing invalid JS.
[01:18:53][WARNING] mutation-deterministic: Script content contains HTML; removing invalid JS.
[01:18:53][WARNING] mutation-deterministic: Script content contains HTML; removing invalid JS.
[01:18:53][WARNING] mutation-deterministic: Script content contains HTML; removing invalid JS.
[01:18:53][WARNING] mutation-deterministic: Script content contains HTML; removing invalid JS.
[01:18:53][WARNING] mutation-deterministic: Script content contains HTML; removing invalid JS.
[01:18:53][WARNING] mutation-deterministic: Script content contains HTML; removing invalid JS.
[01:18:53][WARNING] mutation-deterministic: Script content contains HTML; removing invalid JS.
[01:18:53][WARNING] mutation-deterministic: Script content contains HTML; removing invalid JS.
[01:18:53][WARNING] mutation-deterministic: Script content contains HTML; removing invalid JS.
[01:18:53][WARNING] mutation-deterministic: Script content contains HTML; removing invalid JS.
[01:18:53][WARNING] mutation-deterministic: Invalid JavaScript detected: Line 1: Unexpected token <
[01:18:53][WARNING] mutation-deterministic: Invalid JavaScript detected: Line 1: Unexpected token <
[01:18:53][WARNING] mutation-deterministic: Invalid JavaScript detected: Line 1: Unexpected token <
[01:18:53][WARNING] mutation-deterministic: Invalid JavaScript detected: Line 1: Unexpected token <
[01:18:53][WARNING] mutation-deterministic: Invalid JavaScript detected: Line 1: Unexpected token <
[01:18:53][WARNING] mutation-deterministic: Script content contains HTML; removing invalid JS.
[01:18:53][WARNING] mutation-deterministic: Invalid JavaScript detected: Line 1: Unexpected token <
[01:18:53][WARNING] mutation-deterministic: Invalid JavaScript detected: Line 1: Unexpected token <
[01:18:53][WARNING] mutation-deterministic: Invalid JavaScript detected: Line 1: Unexpected token <
[01:18:53][WARNING] mutation-deterministic: Invalid JavaScript detected: Line 1: Unexpected token <
[01:18:53][WARNING] mutation-deterministic: Invalid JavaScript detected: Line 1: Unexpected token <
[01:18:53][WARNING] mutation-deterministic: Script content contains HTML; removing invalid JS.
[01:18:54][WARNING] mutation-deterministic: Invalid JavaScript detected: Line 1: Unexpected token <
[01:18:54][WARNING] mutation-deterministic: Invalid JavaScript detected: Line 1: Unexpected token <
[01:18:54][WARNING] mutation-deterministic: Invalid JavaScript detected: Line 1: Unexpected token <
[01:18:54][WARNING] mutation-deterministic: Invalid JavaScript detected: Line 1: Unexpected token <
[01:18:54][WARNING] mutation-deterministic: Script content contains HTML; removing invalid JS.
[01:18:54][WARNING] mutation-deterministic: Script content contains HTML; removing invalid JS.
[01:18:54][WARNING] mutation-deterministic: Script content contains HTML; removing invalid JS.
[01:18:54][WARNING] mutation-deterministic: Script content contains HTML; removing invalid JS.
[01:18:54][WARNING] mutation-deterministic: Script content contains HTML; removing invalid JS.
[01:18:54][WARNING] mutation-deterministic: Script content contains HTML; removing invalid JS.
[01:18:54][WARNING] mutation-deterministic: Script content contains HTML; removing invalid JS.
[01:18:54][WARNING] mutation-deterministic: Script content contains HTML; removing invalid JS.
[01:18:54][WARNING] mutation-deterministic: Script content contains HTML; removing invalid JS.
[01:18:54][WARNING] mutation-deterministic: Script content contains HTML; removing invalid JS.
[01:18:54][WARNING] mutation-deterministic: Script content contains HTML; removing invalid JS.
[01:18:54][WARNING] mutation-deterministic: Script content contains HTML; removing invalid JS.
[01:18:54][WARNING] mutation-deterministic: Script content contains HTML; removing invalid JS.
[01:18:54][WARNING] mutation-deterministic: Script content contains HTML; removing invalid JS.
[01:18:54][WARNING] mutation-deterministic: Invalid JavaScript detected: Line 1: Unexpected token <
[01:18:54][WARNING] mutation-deterministic: Invalid JavaScript detected: Line 1: Unexpected token <
[01:18:54][WARNING] mutation-deterministic: Script content contains HTML; removing invalid JS.
[01:18:54][WARNING] mutation-deterministic: Invalid JavaScript detected: Line 1: Unexpected token <
[01:18:54][WARNING] mutation-deterministic: Invalid JavaScript detected: Line 1: Unexpected token <
[01:18:54][WARNING] mutation-deterministic: Invalid JavaScript detected: Line 1: Unexpected token <
[01:18:54][WARNING] mutation-deterministic: Invalid JavaScript detected: Line 1: Unexpected token <
[01:18:54][WARNING] mutation-deterministic: Invalid JavaScript detected: Line 1: Unexpected token <
[01:18:54][WARNING] mutation-deterministic: Invalid JavaScript detected: Line 1: Unexpected token <
[01:18:54][WARNING] mutation-deterministic: Invalid JavaScript detected: Line 1: Unexpected token <
[01:18:54][WARNING] mutation-deterministic: Invalid JavaScript detected: Line 1: Unexpected token <
[01:18:54][WARNING] mutation-deterministic: Invalid JavaScript detected: Line 1: Unexpected token <
[01:18:54][WARNING] mutation-deterministic: Invalid JavaScript detected: Line 1: Unexpected token <
[01:18:54][WARNING] mutation-deterministic: Invalid JavaScript detected: Line 1: Unexpected token <
[01:18:54][WARNING] mutation-deterministic: Invalid JavaScript detected: Line 1: Unexpected token <
[01:18:54][WARNING] mutation-deterministic: Invalid JavaScript detected: Line 1: Unexpected token <
[01:18:54][WARNING] mutation-deterministic: Script content contains HTML; removing invalid JS.
[01:18:54][WARNING] mutation-deterministic: Script content contains HTML; removing invalid JS.
[01:18:54][WARNING] mutation-deterministic: Script content contains HTML; removing invalid JS.
[01:18:54][WARNING] mutation-deterministic: Script content contains HTML; removing invalid JS.
[01:18:54][WARNING] mutation-deterministic: Script content contains HTML; removing invalid JS.
[01:18:54][WARNING] mutation-deterministic: Script content contains HTML; removing invalid JS.
[01:18:54][WARNING] mutation-deterministic: Script content contains HTML; removing invalid JS.
[01:18:54][WARNING] mutation-deterministic: Script content contains HTML; removing invalid JS.
[01:18:54][WARNING] mutation-deterministic: Invalid JavaScript detected: Line 1: Unexpected token <
[01:18:54][WARNING] mutation-deterministic: Script content contains HTML; removing invalid JS.
[01:18:54][WARNING] mutation-deterministic: Invalid JavaScript detected: Line 1: Unexpected token <
[01:18:54][WARNING] mutation-deterministic: Script content contains HTML; removing invalid JS.
[01:18:54][WARNING] mutation-deterministic: Script content contains HTML; removing invalid JS.
[01:18:54][WARNING] mutation-deterministic: Script content contains HTML; removing invalid JS.
[01:18:54][WARNING] mutation-deterministic: Script content contains HTML; removing invalid JS.
[01:18:54][WARNING] mutation-deterministic: Script content contains HTML; removing invalid JS.
[01:18:54][WARNING] mutation-deterministic: Script content contains HTML; removing invalid JS.
[01:18:54][WARNING] mutation-deterministic: Script content contains HTML; removing invalid JS.
[01:18:54][WARNING] mutation-deterministic: Script content contains HTML; removing invalid JS.
[01:18:54][WARNING] mutation-deterministic: Script content contains HTML; removing invalid JS.
[01:18:54][WARNING] mutation-deterministic: Script content contains HTML; removing invalid JS.
[01:18:54][WARNING] mutation-deterministic: Script content contains HTML; removing invalid JS.
[01:18:54][WARNING] mutation-deterministic: Script content contains HTML; removing invalid JS.
[01:18:54][WARNING] mutation-deterministic: Script content contains HTML; removing invalid JS.
[01:18:54][WARNING] mutation-deterministic: Script content contains HTML; removing invalid JS.
[01:18:54][WARNING] mutation-deterministic: Script content contains HTML; removing invalid JS.
[01:18:54][WARNING] mutation-deterministic: Script content contains HTML; removing invalid JS.
[01:18:54][WARNING] mutation-deterministic: Script content contains HTML; removing invalid JS.
[01:18:54][WARNING] mutation-deterministic: Script content contains HTML; removing invalid JS.
[01:18:54][WARNING] mutation-deterministic: Script content contains HTML; removing invalid JS.
[01:18:54][WARNING] mutation-deterministic: Script content contains HTML; removing invalid JS.
[01:18:54][WARNING] mutation-deterministic: Invalid JavaScript detected: Line 1: Unexpected token <
[01:18:54][WARNING] mutation-deterministic: Invalid JavaScript detected: Line 1: Unexpected token <
[01:18:54][WARNING] mutation-deterministic: Script content contains HTML; removing invalid JS.
[01:18:54][WARNING] mutation-deterministic: Script content contains HTML; removing invalid JS.
[01:18:54][WARNING] mutation-deterministic: Invalid JavaScript detected: Line 1: Unexpected token <
[01:18:54][WARNING] mutation-deterministic: Script content contains HTML; removing invalid JS.
[01:18:54][WARNING] mutation-deterministic: Script content contains HTML; removing invalid JS.
[01:18:54][WARNING] mutation-deterministic: Script content contains HTML; removing invalid JS.
[01:18:54][WARNING] mutation-deterministic: Script content contains HTML; removing invalid JS.
[01:18:54][WARNING] mutation-deterministic: Script content contains HTML; removing invalid JS.
[01:18:54][WARNING] mutation-deterministic: Script content contains HTML; removing invalid JS.
[01:18:54][WARNING] mutation-deterministic: Script content contains HTML; removing invalid JS.
[01:18:54][WARNING] mutation-deterministic: Script content contains HTML; removing invalid JS.
[01:18:54][WARNING] mutation-deterministic: Script content contains HTML; removing invalid JS.
[01:18:54][WARNING] mutation-deterministic: Script content contains HTML; removing invalid JS.
[01:18:54][WARNING] mutation-deterministic: Script content contains HTML; removing invalid JS.
[01:18:54][WARNING] mutation-deterministic: Script content contains HTML; removing invalid JS.
[01:18:54][WARNING] mutation-deterministic: Script content contains HTML; removing invalid JS.
[01:18:54][WARNING] mutation-deterministic: Script content contains HTML; removing invalid JS.
[01:18:54][WARNING] mutation-deterministic: Script content contains HTML; removing invalid JS.
[01:18:54][WARNING] mutation-deterministic: Invalid JavaScript detected: Line 1: Unexpected token <
[01:18:54][WARNING] mutation-deterministic: Invalid JavaScript detected: Line 1: Unexpected token <
[01:18:54][WARNING] mutation-deterministic: Script content contains HTML; removing invalid JS.
[01:18:54][WARNING] mutation-deterministic: Script content contains HTML; removing invalid JS.
[01:18:54][WARNING] mutation-deterministic: Invalid JavaScript detected: Line 1: Unexpected token <
[01:18:54][WARNING] mutation-deterministic: Invalid JavaScript detected: Line 1: Unexpected token <
[01:18:54][WARNING] mutation-deterministic: Invalid JavaScript detected: Line 1: Unexpected token <
[01:18:54][WARNING] mutation-deterministic: Invalid JavaScript detected: Line 1: Unexpected token <
[01:18:54][WARNING] mutation-deterministic: Invalid JavaScript detected: Line 1: Unexpected token <
[01:18:54][WARNING] mutation-deterministic: Invalid JavaScript detected: Line 1: Unexpected token <
[01:18:54][WARNING] mutation-deterministic: Invalid JavaScript detected: Line 1: Unexpected token <
[01:18:54][WARNING] mutation-deterministic: Invalid JavaScript detected: Line 1: Unexpected token <
[01:18:54][WARNING] mutation-deterministic: Script content contains HTML; removing invalid JS.
[01:18:54][WARNING] mutation-deterministic: Script content contains HTML; removing invalid JS.
[01:18:54][WARNING] mutation-deterministic: Script content contains HTML; removing invalid JS.
[01:18:54][WARNING] mutation-deterministic: Script content contains HTML; removing invalid JS.
[01:18:54][WARNING] mutation-deterministic: Script content contains HTML; removing invalid JS.
[01:18:54][WARNING] mutation-deterministic: Script content contains HTML; removing invalid JS.
[01:18:54][WARNING] mutation-deterministic: Script content contains HTML; removing invalid JS.
[01:18:54][WARNING] mutation-deterministic: Script content contains HTML; removing invalid JS.
[01:18:54][WARNING] mutation-deterministic: Script content contains HTML; removing invalid JS.
[01:18:54][WARNING] mutation-deterministic: Script content contains HTML; removing invalid JS.
[01:18:54][WARNING] mutation-deterministic: Script content contains HTML; removing invalid JS.
[01:18:54][WARNING] mutation-deterministic: Script content contains HTML; removing invalid JS.
[01:18:54][WARNING] mutation-deterministic: Script content contains HTML; removing invalid JS.
[01:18:54][WARNING] mutation-deterministic: Script content contains HTML; removing invalid JS.
[01:18:54][WARNING] mutation-deterministic: Script content contains HTML; removing invalid JS.
[01:18:54][WARNING] mutation-deterministic: Script content contains HTML; removing invalid JS.
[01:18:54][WARNING] mutation-deterministic: Script content contains HTML; removing invalid JS.
[01:18:54][WARNING] mutation-deterministic: Script content contains HTML; removing invalid JS.
[01:18:54][WARNING] mutation-deterministic: Script content contains HTML; removing invalid JS.
[01:18:54][WARNING] mutation-deterministic: Script content contains HTML; removing invalid JS.
[01:18:54][WARNING] mutation-deterministic: Script content contains HTML; removing invalid JS.
[01:18:54][WARNING] mutation-deterministic: Script content contains HTML; removing invalid JS.
[01:18:54][WARNING] mutation-deterministic: Invalid JavaScript detected: Line 1: Unexpected token <
[01:18:54][WARNING] mutation-deterministic: Invalid JavaScript detected: Line 1: Unexpected token <
[01:18:54][WARNING] mutation-deterministic: Invalid JavaScript detected: Line 1: Unexpected token <
[01:18:54][WARNING] mutation-deterministic: Invalid JavaScript detected: Line 1: Unexpected token <
[01:18:54][WARNING] mutation-deterministic: Invalid JavaScript detected: Line 1: Unexpected token <
[01:18:54][WARNING] mutation-deterministic: Invalid JavaScript detected: Line 1: Unexpected token <
[01:18:54][WARNING] mutation-deterministic: Invalid JavaScript detected: Line 1: Unexpected token <
[01:18:54][WARNING] mutation-deterministic: Invalid JavaScript detected: Line 1: Unexpected token <
[01:18:54][WARNING] mutation-deterministic: Script content contains HTML; removing invalid JS.
[01:18:54][WARNING] mutation-deterministic: Script content contains HTML; removing invalid JS.
[01:18:54][WARNING] mutation-deterministic: Script content contains HTML; removing invalid JS.
[01:18:54][WARNING] mutation-deterministic: Invalid JavaScript detected: Line 1: Unexpected token <
[01:18:54][WARNING] mutation-deterministic: Invalid JavaScript detected: Line 1: Unexpected token <
[01:18:54][WARNING] mutation-deterministic: Invalid JavaScript detected: Line 1: Unexpected token <
[01:18:54][WARNING] mutation-deterministic: Script content contains HTML; removing invalid JS.
[01:18:54][WARNING] mutation-deterministic: Script content contains HTML; removing invalid JS.
[01:18:54][WARNING] mutation-deterministic: Script content contains HTML; removing invalid JS.
[01:18:54][WARNING] mutation-deterministic: Invalid JavaScript detected: Line 1: Unexpected token <
[01:18:54][WARNING] mutation-deterministic: Script content contains HTML; removing invalid JS.
[01:18:54][WARNING] mutation-deterministic: Script content contains HTML; removing invalid JS.
[01:18:54][WARNING] mutation-deterministic: Script content contains HTML; removing invalid JS.
[01:18:54][WARNING] mutation-deterministic: Script content contains HTML; removing invalid JS.
[01:18:54][WARNING] mutation-deterministic: Script content contains HTML; removing invalid JS.
[01:18:54][WARNING] mutation-deterministic: Script content contains HTML; removing invalid JS.
[01:18:54][WARNING] mutation-deterministic: Script content contains HTML; removing invalid JS.
[01:18:54][WARNING] mutation-deterministic: Invalid JavaScript detected: Line 1: Unexpected token <
[01:18:54][WARNING] mutation-deterministic: Script content contains HTML; removing invalid JS.
[01:18:54][WARNING] mutation-deterministic: Invalid JavaScript detected: Line 1: Unexpected token <
[01:18:54][WARNING] mutation-deterministic: Script content contains HTML; removing invalid JS.
[01:18:54][WARNING] mutation-deterministic: Script content contains HTML; removing invalid JS.
[01:18:54][WARNING] mutation-deterministic: Script content contains HTML; removing invalid JS.
[01:18:54][WARNING] mutation-deterministic: Script content contains HTML; removing invalid JS.
[01:18:54][WARNING] mutation-deterministic: Script content contains HTML; removing invalid JS.
[01:18:54][WARNING] mutation-deterministic: Invalid JavaScript detected: Line 1: Unexpected token <
[01:18:54][WARNING] mutation-deterministic: Invalid JavaScript detected: Line 45: Unexpected token <
[01:18:54][WARNING] mutation-deterministic: Invalid JavaScript detected: Line 45: Unexpected token <
[01:18:54][WARNING] mutation-deterministic: Invalid JavaScript detected: Line 1: Unexpected token <
[01:18:54][WARNING] mutation-deterministic: Invalid JavaScript detected: Line 1: Unexpected token <
[01:18:54][WARNING] mutation-deterministic: Invalid JavaScript detected: Line 1: Unexpected token <
[01:18:54][WARNING] mutation-deterministic: Script content contains HTML; removing invalid JS.
[01:18:54][WARNING] mutation-deterministic: Script content contains HTML; removing invalid JS.
[01:18:54][WARNING] mutation-deterministic: Script content contains HTML; removing invalid JS.
[01:18:54][WARNING] mutation-deterministic: Script content contains HTML; removing invalid JS.
[01:18:54][WARNING] mutation-deterministic: Script content contains HTML; removing invalid JS.
[01:18:54][WARNING] mutation-deterministic: Script content contains HTML; removing invalid JS.
[01:18:54][WARNING] mutation-deterministic: Script content contains HTML; removing invalid JS.
[01:18:54][WARNING] mutation-deterministic: Script content contains HTML; removing invalid JS.
[01:18:54][WARNING] mutation-deterministic: Script content contains HTML; removing invalid JS.
[01:18:54][WARNING] mutation-deterministic: Script content contains HTML; removing invalid JS.
[01:18:54][WARNING] mutation-deterministic: Script content contains HTML; removing invalid JS.
[01:18:54][WARNING] mutation-deterministic: Script content contains HTML; removing invalid JS.
[01:18:54][WARNING] mutation-deterministic: Script content contains HTML; removing invalid JS.
[01:18:54][WARNING] mutation-deterministic: Script content contains HTML; removing invalid JS.
[01:18:54][WARNING] mutation-deterministic: Script content contains HTML; removing invalid JS.
[01:18:54][WARNING] mutation-deterministic: Script content contains HTML; removing invalid JS.
[01:18:54][WARNING] mutation-deterministic: Script content contains HTML; removing invalid JS.
[01:18:54][WARNING] mutation-deterministic: Script content contains HTML; removing invalid JS.
[01:18:54][WARNING] mutation-deterministic: Script content contains HTML; removing invalid JS.
[01:18:54][WARNING] mutation-deterministic: Script content contains HTML; removing invalid JS.
[01:18:54][WARNING] mutation-deterministic: Script content contains HTML; removing invalid JS.
[01:18:54][WARNING] mutation-deterministic: Script content contains HTML; removing invalid JS.
[01:18:54][WARNING] mutation-deterministic: Script content contains HTML; removing invalid JS.
[01:18:54][WARNING] mutation-deterministic: Script content contains HTML; removing invalid JS.
[01:18:54][WARNING] mutation-deterministic: Script content contains HTML; removing invalid JS.
[01:18:54][WARNING] mutation-deterministic: Script content contains HTML; removing invalid JS.
[01:18:54][WARNING] mutation-deterministic: Script content contains HTML; removing invalid JS.
[01:18:54][WARNING] mutation-deterministic: Script content contains HTML; removing invalid JS.
[01:18:54][WARNING] mutation-deterministic: Script content contains HTML; removing invalid JS.
[01:18:54][WARNING] mutation-deterministic: Script content contains HTML; removing invalid JS.
[01:18:54][WARNING] mutation-deterministic: Script content contains HTML; removing invalid JS.
[01:18:54][WARNING] mutation-deterministic: Script content contains HTML; removing invalid JS.
[01:18:54][WARNING] mutation-deterministic: Script content contains HTML; removing invalid JS.
[01:18:54][WARNING] mutation-deterministic: Script content contains HTML; removing invalid JS.
[01:18:54][WARNING] mutation-deterministic: Script content contains HTML; removing invalid JS.
[01:18:54][WARNING] mutation-deterministic: Script content contains HTML; removing invalid JS.
[01:18:54][WARNING] mutation-deterministic: Script content contains HTML; removing invalid JS.
[01:18:54][WARNING] mutation-deterministic: Script content contains HTML; removing invalid JS.
[01:18:54][WARNING] mutation-deterministic: Script content contains HTML; removing invalid JS.
[01:18:54][WARNING] mutation-deterministic: Invalid JavaScript detected: Line 45: Unexpected token <
[01:18:55][WARNING] mutation-deterministic: Invalid JavaScript detected: Line 1: Unexpected token <
[01:18:55][WARNING] mutation-deterministic: Script content contains HTML; removing invalid JS.
[01:18:55][WARNING] mutation-deterministic: Script content contains HTML; removing invalid JS.
[01:18:55][WARNING] mutation-deterministic: Script content contains HTML; removing invalid JS.
[01:18:55][WARNING] mutation-deterministic: Script content contains HTML; removing invalid JS.
[01:18:55][WARNING] mutation-deterministic: Script content contains HTML; removing invalid JS.
[01:18:55][WARNING] mutation-deterministic: Script content contains HTML; removing invalid JS.
[01:18:55][WARNING] mutation-deterministic: Script content contains HTML; removing invalid JS.
[01:18:55][WARNING] mutation-deterministic: Script content contains HTML; removing invalid JS.
[01:18:55][WARNING] mutation-deterministic: Script content contains HTML; removing invalid JS.
[01:18:55][WARNING] mutation-deterministic: Script content contains HTML; removing invalid JS.
[01:18:55][WARNING] mutation-deterministic: Script content contains HTML; removing invalid JS.
[01:18:55][WARNING] mutation-deterministic: Script content contains HTML; removing invalid JS.
[01:18:55][WARNING] mutation-deterministic: Script content contains HTML; removing invalid JS.
[01:18:55][WARNING] mutation-deterministic: Script content contains HTML; removing invalid JS.
[01:18:55][WARNING] mutation-deterministic: Script content contains HTML; removing invalid JS.
[01:18:55][WARNING] mutation-deterministic: Invalid JavaScript detected: Line 9: Unexpected token <
[01:18:55][WARNING] mutation-deterministic: Script content contains HTML; removing invalid JS.
[01:18:55][WARNING] mutation-deterministic: Script content contains HTML; removing invalid JS.
[01:18:55][WARNING] mutation-deterministic: Script content contains HTML; removing invalid JS.
[01:18:55][WARNING] mutation-deterministic: Script content contains HTML; removing invalid JS.
[01:18:55][WARNING] mutation-deterministic: Script content contains HTML; removing invalid JS.
[01:18:55][WARNING] mutation-deterministic: Script content contains HTML; removing invalid JS.
[01:18:55][WARNING] mutation-deterministic: Invalid JavaScript detected: Line 9: Unexpected token <
[01:18:55][WARNING] mutation-deterministic: Script content contains HTML; removing invalid JS.
[01:18:55][WARNING] mutation-deterministic: Script content contains HTML; removing invalid JS.
[01:18:55][WARNING] mutation-deterministic: Script content contains HTML; removing invalid JS.
[01:18:55][WARNING] mutation-deterministic: Script content contains HTML; removing invalid JS.
[01:18:55][WARNING] mutation-deterministic: Script content contains HTML; removing invalid JS.
[01:18:55][WARNING] mutation-deterministic: Script content contains HTML; removing invalid JS.
[01:18:55][WARNING] mutation-deterministic: Script content contains HTML; removing invalid JS.
[01:18:55][WARNING] mutation-deterministic: Script content contains HTML; removing invalid JS.
[01:18:55][WARNING] mutation-deterministic: Invalid JavaScript detected: Line 1: Unexpected token <
[01:18:55][WARNING] mutation-deterministic: Invalid JavaScript detected: Line 1: Unexpected token <
[01:18:55][WARNING] mutation-deterministic: Invalid JavaScript detected: Line 1: Unexpected token <
[01:18:55][WARNING] mutation-deterministic: Invalid JavaScript detected: Line 1: Unexpected token <
[01:18:55][WARNING] mutation-deterministic: Invalid JavaScript detected: Line 1: Unexpected token <
[01:18:55][WARNING] mutation-deterministic: Script content contains HTML; removing invalid JS.
[01:18:55][WARNING] mutation-deterministic: Script content contains HTML; removing invalid JS.
[01:18:55][WARNING] mutation-deterministic: Script content contains HTML; removing invalid JS.
[01:18:55][WARNING] mutation-deterministic: Script content contains HTML; removing invalid JS.
[01:18:55][WARNING] mutation-deterministic: Script content contains HTML; removing invalid JS.
[01:18:55][WARNING] mutation-deterministic: Script content contains HTML; removing invalid JS.
[01:18:55][WARNING] mutation-deterministic: Script content contains HTML; removing invalid JS.
[01:18:55][WARNING] mutation-deterministic: Script content contains HTML; removing invalid JS.
[01:18:55][WARNING] mutation-deterministic: Script content contains HTML; removing invalid JS.
[01:18:55][WARNING] mutation-deterministic: Invalid JavaScript detected: Line 1: Unexpected token <
[01:18:55][WARNING] mutation-deterministic: Invalid JavaScript detected: Line 1: Unexpected token <
[01:18:55][WARNING] mutation-deterministic: Script content contains HTML; removing invalid JS.
[01:18:55][WARNING] mutation-deterministic: Script content contains HTML; removing invalid JS.
[01:18:55][WARNING] mutation-deterministic: Script content contains HTML; removing invalid JS.
[01:18:55][WARNING] mutation-deterministic: Script content contains HTML; removing invalid JS.
[01:18:55][WARNING] mutation-deterministic: Script content contains HTML; removing invalid JS.
[01:18:55][WARNING] mutation-deterministic: Invalid JavaScript detected: Line 1: Unexpected token <
[01:18:55][WARNING] mutation-deterministic: Script content contains HTML; removing invalid JS.
[01:18:55][WARNING] mutation-deterministic: Script content contains HTML; removing invalid JS.
[01:18:55][WARNING] mutation-deterministic: Script content contains HTML; removing invalid JS.
[01:18:55][WARNING] mutation-deterministic: Script content contains HTML; removing invalid JS.
[01:18:55][WARNING] mutation-deterministic: Invalid JavaScript detected: Line 1: Unexpected token <
[01:18:55][WARNING] mutation-deterministic: Script content contains HTML; removing invalid JS.
[01:18:55][WARNING] mutation-deterministic: Invalid JavaScript detected: Line 1: Unexpected token <
[01:18:55][WARNING] mutation-deterministic: Invalid JavaScript detected: Line 1: Unexpected token <
[01:18:55][WARNING] mutation-deterministic: Script content contains HTML; removing invalid JS.
[01:18:55][WARNING] mutation-deterministic: Script content contains HTML; removing invalid JS.
[01:18:55][WARNING] mutation-deterministic: Script content contains HTML; removing invalid JS.
[01:18:55][WARNING] mutation-deterministic: Script content contains HTML; removing invalid JS.
[01:18:55][WARNING] mutation-deterministic: Script content contains HTML; removing invalid JS.
[01:18:55][WARNING] mutation-deterministic: Script content contains HTML; removing invalid JS.
[01:18:55][WARNING] mutation-deterministic: Script content contains HTML; removing invalid JS.
[01:18:55][WARNING] mutation-deterministic: Script content contains HTML; removing invalid JS.
[01:18:55][WARNING] mutation-deterministic: Script content contains HTML; removing invalid JS.
[01:18:55][WARNING] mutation-deterministic: Script content contains HTML; removing invalid JS.
[01:18:55][WARNING] mutation-deterministic: Script content contains HTML; removing invalid JS.
[01:18:55][WARNING] mutation-deterministic: Script content contains HTML; removing invalid JS.
[01:18:55][WARNING] mutation-deterministic: Script content contains HTML; removing invalid JS.
[01:18:55][WARNING] mutation-deterministic: Script content contains HTML; removing invalid JS.
[01:18:55][WARNING] mutation-deterministic: Script content contains HTML; removing invalid JS.
[01:18:55][WARNING] mutation-deterministic: Script content contains HTML; removing invalid JS.
[01:18:55][WARNING] mutation-deterministic: Script content contains HTML; removing invalid JS.
[01:18:55][WARNING] mutation-deterministic: Script content contains HTML; removing invalid JS.
[01:18:55][WARNING] mutation-deterministic: Script content contains HTML; removing invalid JS.
[01:18:55][WARNING] mutation-deterministic: Script content contains HTML; removing invalid JS.
[01:18:55][WARNING] mutation-deterministic: Script content contains HTML; removing invalid JS.
[01:18:55][WARNING] mutation-deterministic: Script content contains HTML; removing invalid JS.
[01:18:55][WARNING] mutation-deterministic: Script content contains HTML; removing invalid JS.
[01:18:55][WARNING] mutation-deterministic: Invalid JavaScript detected: Line 1: Unexpected token <
[01:18:55][WARNING] mutation-deterministic: Invalid JavaScript detected: Line 1: Unexpected token <
[01:18:55][WARNING] mutation-deterministic: Invalid JavaScript detected: Line 1: Unexpected token <
[01:18:55][WARNING] mutation-deterministic: Invalid JavaScript detected: Line 1: Unexpected token <
[01:18:55][WARNING] mutation-deterministic: Script content contains HTML; removing invalid JS.
[01:18:55][WARNING] mutation-deterministic: Invalid JavaScript detected: Line 1: Unexpected token <
[01:18:55][WARNING] mutation-deterministic: Script content contains HTML; removing invalid JS.
[01:18:55][WARNING] mutation-deterministic: Script content contains HTML; removing invalid JS.
[01:18:55][WARNING] mutation-deterministic: Script content contains HTML; removing invalid JS.
[01:18:55][WARNING] mutation-deterministic: Script content contains HTML; removing invalid JS.
[01:18:55][WARNING] mutation-deterministic: Script content contains HTML; removing invalid JS.
[01:18:55][WARNING] mutation-deterministic: Script content contains HTML; removing invalid JS.
[01:18:55][WARNING] mutation-deterministic: Script content contains HTML; removing invalid JS.
[01:18:55][WARNING] mutation-deterministic: Script content contains HTML; removing invalid JS.
[01:18:55][WARNING] mutation-deterministic: Script content contains HTML; removing invalid JS.
[01:18:55][WARNING] mutation-deterministic: Script content contains HTML; removing invalid JS.
[01:18:55][WARNING] mutation-deterministic: Script content contains HTML; removing invalid JS.
[01:18:55][WARNING] mutation-deterministic: Script content contains HTML; removing invalid JS.
[01:18:55][WARNING] mutation-deterministic: Script content contains HTML; removing invalid JS.
[01:18:55][WARNING] mutation-deterministic: Invalid JavaScript detected: Line 1: Unexpected token <
[01:18:55][WARNING] mutation-deterministic: Invalid JavaScript detected: Line 1: Unexpected token <
[01:18:55][WARNING] mutation-deterministic: Script content contains HTML; removing invalid JS.
[01:18:55][WARNING] mutation-deterministic: Invalid JavaScript detected: Line 1: Unexpected token <
[01:18:55][WARNING] mutation-deterministic: Invalid JavaScript detected: Line 1: Unexpected token <
[01:18:55][WARNING] mutation-deterministic: Script content contains HTML; removing invalid JS.
[01:18:55][WARNING] mutation-deterministic: Script content contains HTML; removing invalid JS.
[01:18:55][WARNING] mutation-deterministic: Invalid JavaScript detected: Line 1: Unexpected token <
[01:18:55][WARNING] mutation-deterministic: Script content contains HTML; removing invalid JS.
[01:18:55][WARNING] mutation-deterministic: Invalid JavaScript detected: Line 1: Unexpected token <
[01:18:55][WARNING] mutation-deterministic: Script content contains HTML; removing invalid JS.
[01:18:55][WARNING] mutation-deterministic: Script content contains HTML; removing invalid JS.
[01:18:55][WARNING] mutation-deterministic: Script content contains HTML; removing invalid JS.
[01:18:55][WARNING] mutation-deterministic: Script content contains HTML; removing invalid JS.
[01:18:55][WARNING] mutation-deterministic: Script content contains HTML; removing invalid JS.
[01:18:55][WARNING] mutation-deterministic: Script content contains HTML; removing invalid JS.
[01:18:55][WARNING] mutation-deterministic: Script content contains HTML; removing invalid JS.
[01:18:55][WARNING] mutation-deterministic: Invalid JavaScript detected: Line 1: Unexpected token <
[01:18:55][WARNING] mutation-deterministic: Script content contains HTML; removing invalid JS.
[01:18:55][WARNING] mutation-deterministic: Invalid JavaScript detected: Line 1: Unexpected token <
[01:18:55][WARNING] mutation-deterministic: Script content contains HTML; removing invalid JS.
[01:18:55][WARNING] mutation-deterministic: Script content contains HTML; removing invalid JS.
[01:18:55][WARNING] mutation-deterministic: Script content contains HTML; removing invalid JS.
[01:18:55][WARNING] mutation-deterministic: Script content contains HTML; removing invalid JS.
[01:18:55][WARNING] mutation-deterministic: Script content contains HTML; removing invalid JS.
[01:18:55][WARNING] mutation-deterministic: Invalid JavaScript detected: Line 1: Unexpected token <
[01:18:55][WARNING] mutation-deterministic: Invalid JavaScript detected: Line 45: Unexpected token <
[01:18:55][WARNING] mutation-deterministic: Invalid JavaScript detected: Line 45: Unexpected token <
[01:18:55][WARNING] mutation-deterministic: Invalid JavaScript detected: Line 1: Unexpected token <
[01:18:55][WARNING] mutation-deterministic: Invalid JavaScript detected: Line 1: Unexpected token <
[01:18:55][WARNING] mutation-deterministic: Invalid JavaScript detected: Line 1: Unexpected token <
[01:18:55][WARNING] mutation-deterministic: Script content contains HTML; removing invalid JS.
[01:18:55][WARNING] mutation-deterministic: Script content contains HTML; removing invalid JS.
[01:18:55][WARNING] mutation-deterministic: Script content contains HTML; removing invalid JS.
[01:18:55][WARNING] mutation-deterministic: Script content contains HTML; removing invalid JS.
[01:18:55][WARNING] mutation-deterministic: Script content contains HTML; removing invalid JS.
[01:18:55][WARNING] mutation-deterministic: Script content contains HTML; removing invalid JS.
[01:18:55][WARNING] mutation-deterministic: Script content contains HTML; removing invalid JS.
[01:18:55][WARNING] mutation-deterministic: Script content contains HTML; removing invalid JS.
[01:18:55][WARNING] mutation-deterministic: Script content contains HTML; removing invalid JS.
[01:18:55][WARNING] mutation-deterministic: Script content contains HTML; removing invalid JS.
[01:18:55][WARNING] mutation-deterministic: Script content contains HTML; removing invalid JS.
[01:18:55][WARNING] mutation-deterministic: Script content contains HTML; removing invalid JS.
[01:18:55][WARNING] mutation-deterministic: Script content contains HTML; removing invalid JS.
[01:18:55][WARNING] mutation-deterministic: Script content contains HTML; removing invalid JS.
[01:18:55][WARNING] mutation-deterministic: Script content contains HTML; removing invalid JS.
[01:18:55][WARNING] mutation-deterministic: Script content contains HTML; removing invalid JS.
[01:18:55][WARNING] mutation-deterministic: Script content contains HTML; removing invalid JS.
[01:18:55][WARNING] mutation-deterministic: Script content contains HTML; removing invalid JS.
[01:18:55][WARNING] mutation-deterministic: Script content contains HTML; removing invalid JS.
[01:18:55][WARNING] mutation-deterministic: Script content contains HTML; removing invalid JS.
[01:18:55][WARNING] mutation-deterministic: Script content contains HTML; removing invalid JS.
[01:18:55][WARNING] mutation-deterministic: Script content contains HTML; removing invalid JS.
[01:18:55][WARNING] mutation-deterministic: Script content contains HTML; removing invalid JS.
[01:18:55][WARNING] mutation-deterministic: Script content contains HTML; removing invalid JS.
[01:18:55][WARNING] mutation-deterministic: Script content contains HTML; removing invalid JS.
[01:18:55][WARNING] mutation-deterministic: Script content contains HTML; removing invalid JS.
[01:18:55][WARNING] mutation-deterministic: Script content contains HTML; removing invalid JS.
[01:18:55][WARNING] mutation-deterministic: Script content contains HTML; removing invalid JS.
[01:18:55][WARNING] mutation-deterministic: Script content contains HTML; removing invalid JS.
[01:18:55][WARNING] mutation-deterministic: Script content contains HTML; removing invalid JS.
[01:18:55][WARNING] mutation-deterministic: Script content contains HTML; removing invalid JS.
[01:18:55][WARNING] mutation-deterministic: Script content contains HTML; removing invalid JS.
[01:18:55][WARNING] mutation-deterministic: Invalid JavaScript detected: Line 45: Unexpected token <
[01:18:55][WARNING] mutation-deterministic: Invalid JavaScript detected: Line 1: Unexpected token <
[01:18:55][WARNING] mutation-deterministic: Script content contains HTML; removing invalid JS.
[01:18:55][WARNING] mutation-deterministic: Script content contains HTML; removing invalid JS.
[01:18:55][WARNING] mutation-deterministic: Script content contains HTML; removing invalid JS.
[01:18:55][WARNING] mutation-deterministic: Script content contains HTML; removing invalid JS.
[01:18:55][WARNING] mutation-deterministic: Script content contains HTML; removing invalid JS.
[01:18:55][WARNING] mutation-deterministic: Script content contains HTML; removing invalid JS.
[01:18:55][WARNING] mutation-deterministic: Script content contains HTML; removing invalid JS.
[01:18:55][WARNING] mutation-deterministic: Script content contains HTML; removing invalid JS.
[01:18:55][WARNING] mutation-deterministic: Script content contains HTML; removing invalid JS.
[01:18:55][WARNING] mutation-deterministic: Script content contains HTML; removing invalid JS.
[01:18:55][WARNING] mutation-deterministic: Script content contains HTML; removing invalid JS.
[01:18:55][WARNING] mutation-deterministic: Script content contains HTML; removing invalid JS.
[01:18:55][WARNING] mutation-deterministic: Script content contains HTML; removing invalid JS.
[01:18:55][WARNING] mutation-deterministic: Script content contains HTML; removing invalid JS.
[01:18:55][WARNING] mutation-deterministic: Script content contains HTML; removing invalid JS.
[01:18:55][WARNING] mutation-deterministic: Invalid JavaScript detected: Line 9: Unexpected token <
[01:18:55][WARNING] mutation-deterministic: Script content contains HTML; removing invalid JS.
[01:18:55][WARNING] mutation-deterministic: Script content contains HTML; removing invalid JS.
[01:18:55][WARNING] mutation-deterministic: Script content contains HTML; removing invalid JS.
[01:18:55][WARNING] mutation-deterministic: Script content contains HTML; removing invalid JS.
[01:18:55][WARNING] mutation-deterministic: Script content contains HTML; removing invalid JS.
[01:18:55][WARNING] mutation-deterministic: Script content contains HTML; removing invalid JS.
[01:18:55][WARNING] mutation-deterministic: Invalid JavaScript detected: Line 9: Unexpected token <
[01:18:55][WARNING] mutation-deterministic: Script content contains HTML; removing invalid JS.
[01:18:55][WARNING] mutation-deterministic: Script content contains HTML; removing invalid JS.
[01:18:55][WARNING] mutation-deterministic: Script content contains HTML; removing invalid JS.
[01:18:55][WARNING] mutation-deterministic: Script content contains HTML; removing invalid JS.
[01:18:55][WARNING] mutation-deterministic: Script content contains HTML; removing invalid JS.
[01:18:55][WARNING] mutation-deterministic: Script content contains HTML; removing invalid JS.
[01:18:55][WARNING] mutation-deterministic: Script content contains HTML; removing invalid JS.
[01:18:55][WARNING] mutation-deterministic: Invalid JavaScript detected: Line 1: Unexpected token <
[01:18:55][WARNING] mutation-deterministic: Invalid JavaScript detected: Line 1: Unexpected token <
[01:18:55][WARNING] mutation-deterministic: Invalid JavaScript detected: Line 1: Unexpected token <
[01:18:55][WARNING] mutation-deterministic: Script content contains HTML; removing invalid JS.
[01:18:55][WARNING] mutation-deterministic: Script content contains HTML; removing invalid JS.
[01:18:55][WARNING] mutation-deterministic: Script content contains HTML; removing invalid JS.
[01:18:55][WARNING] mutation-deterministic: Script content contains HTML; removing invalid JS.
[01:18:55][WARNING] mutation-deterministic: Script content contains HTML; removing invalid JS.
[01:18:55][WARNING] mutation-deterministic: Script content contains HTML; removing invalid JS.
[01:18:55][WARNING] mutation-deterministic: Script content contains HTML; removing invalid JS.
[01:18:55][WARNING] mutation-deterministic: Script content contains HTML; removing invalid JS.
[01:18:55][WARNING] mutation-deterministic: Script content contains HTML; removing invalid JS.
[01:18:55][WARNING] mutation-deterministic: Invalid JavaScript detected: Line 1: Unexpected token <
[01:18:55][WARNING] mutation-deterministic: Invalid JavaScript detected: Line 1: Unexpected token <
[01:18:55][WARNING] mutation-deterministic: Script content contains HTML; removing invalid JS.
[01:18:55][WARNING] mutation-deterministic: Script content contains HTML; removing invalid JS.
[01:18:55][WARNING] mutation-deterministic: Script content contains HTML; removing invalid JS.
[01:18:55][WARNING] mutation-deterministic: Script content contains HTML; removing invalid JS.
[01:18:55][WARNING] mutation-deterministic: Script content contains HTML; removing invalid JS.
[01:18:55][WARNING] mutation-deterministic: Invalid JavaScript detected: Line 1: Unexpected token <
[01:18:55][WARNING] mutation-deterministic: Script content contains HTML; removing invalid JS.
[01:18:55][WARNING] mutation-deterministic: Invalid JavaScript detected: Line 1: Unexpected token <
[01:18:55][WARNING] mutation-deterministic: Script content contains HTML; removing invalid JS.
[01:18:55][WARNING] mutation-deterministic: Script content contains HTML; removing invalid JS.
[01:18:55][WARNING] mutation-deterministic: Script content contains HTML; removing invalid JS.
[01:18:55][WARNING] mutation-deterministic: Script content contains HTML; removing invalid JS.
[01:18:55][WARNING] mutation-deterministic: Script content contains HTML; removing invalid JS.
[01:18:55][WARNING] mutation-deterministic: Script content contains HTML; removing invalid JS.
[01:18:55][WARNING] mutation-deterministic: Script content contains HTML; removing invalid JS.
[01:18:55][WARNING] mutation-deterministic: Script content contains HTML; removing invalid JS.
[01:18:55][WARNING] mutation-deterministic: Script content contains HTML; removing invalid JS.
[01:18:55][WARNING] mutation-deterministic: Script content contains HTML; removing invalid JS.
[01:18:55][WARNING] mutation-deterministic: Script content contains HTML; removing invalid JS.
[01:18:55][WARNING] mutation-deterministic: Script content contains HTML; removing invalid JS.
[01:18:55][WARNING] mutation-deterministic: Script content contains HTML; removing invalid JS.
[01:18:55][WARNING] mutation-deterministic: Script content contains HTML; removing invalid JS.
[01:18:55][WARNING] mutation-deterministic: Invalid JavaScript detected: Line 1: Unexpected token <
[01:18:55][WARNING] mutation-deterministic: Invalid JavaScript detected: Line 1: Unexpected token <
[01:18:55][WARNING] mutation-deterministic: Invalid JavaScript detected: Line 1: Unexpected token <
[01:18:55][WARNING] mutation-deterministic: Invalid JavaScript detected: Line 1: Unexpected token <
[01:18:56][WARNING] mutation-deterministic: Script content contains HTML; removing invalid JS.
[01:18:56][WARNING] mutation-deterministic: Invalid JavaScript detected: Line 1: Unexpected token <
[01:18:56][WARNING] mutation-deterministic: Script content contains HTML; removing invalid JS.
[01:18:56][WARNING] mutation-deterministic: Script content contains HTML; removing invalid JS.
[01:18:56][WARNING] mutation-deterministic: Script content contains HTML; removing invalid JS.
[01:18:56][WARNING] mutation-deterministic: Script content contains HTML; removing invalid JS.
[01:18:56][WARNING] mutation-deterministic: Script content contains HTML; removing invalid JS.
[01:18:56][WARNING] mutation-deterministic: Script content contains HTML; removing invalid JS.
[01:18:56][WARNING] mutation-deterministic: Script content contains HTML; removing invalid JS.
[01:18:56][WARNING] mutation-deterministic: Script content contains HTML; removing invalid JS.
[01:18:56][WARNING] mutation-deterministic: Script content contains HTML; removing invalid JS.
[01:18:56][WARNING] mutation-deterministic: Script content contains HTML; removing invalid JS.
[01:18:56][WARNING] mutation-deterministic: Script content contains HTML; removing invalid JS.
[01:18:56][WARNING] mutation-deterministic: Script content contains HTML; removing invalid JS.
[01:18:56][WARNING] mutation-deterministic: Invalid JavaScript detected: Line 1: Unexpected token <
[01:18:56][WARNING] mutation-deterministic: Invalid JavaScript detected: Line 1: Unexpected token <
[01:18:56][WARNING] mutation-deterministic: Script content contains HTML; removing invalid JS.
[01:18:56][WARNING] mutation-deterministic: Invalid JavaScript detected: Line 1: Unexpected token <
[01:18:56][WARNING] mutation-deterministic: Invalid JavaScript detected: Line 1: Unexpected token <
[01:18:56][WARNING] mutation-deterministic: Script content contains HTML; removing invalid JS.
[01:18:56][WARNING] mutation-deterministic: Script content contains HTML; removing invalid JS.
[01:18:56][WARNING] mutation-deterministic: Invalid JavaScript detected: Line 1: Unexpected token <
[01:18:56][WARNING] mutation-deterministic: Script content contains HTML; removing invalid JS.
[01:18:56][INFO] mutation-deterministic: Generated advanced deterministic mutation 2 => /home/dhia/browser-fuzzer/Dissertation/logger/run_20250318_011840/round_001/mutations/mutated_0002.html
