[45658:45658:0324/082913.952891:ERROR:cursor_factory.cc(96)] Not implemented reached in virtual void ui::CursorFactory::ObserveThemeChanges()
[45658:45658:0324/082914.509073:WARNING:account_consistency_mode_manager.cc(72)] Desktop Identity Consistency cannot be enabled as no OAuth client ID and client secret have been configured.
[45714:45714:0324/082914.659200:WARNING:sandbox_linux.cc(415)] InitializeSandbox() called with multiple threads in process gpu-process.
[45714:45714:0324/082914.685110:WARNING:viz_main_impl.cc(85)] VizNullHypothesis is disabled (not a warning)
[45725:45725:0324/082914.776724:WARNING:sandbox_linux.cc(415)] InitializeSandbox() called with multiple threads in process gpu-process.
[45725:45725:0324/082914.863507:WARNING:viz_main_impl.cc(85)] VizNullHypothesis is disabled (not a warning)
[45658:45658:0324/082916.165861:ERROR:platform_screen.cc(45)] Not implemented reached in virtual bool ui::PlatformScreen::IsScreenSaverActive() const
[45658:45658:0324/082916.165965:ERROR:platform_screen.cc(50)] Not implemented reached in virtual base::TimeDelta ui::PlatformScreen::CalculateIdleTime() const
[45658:45658:0324/082916.170327:WARNING:compose_enabling.cc(64)] Couldn't get country info.
[45658:45658:0324/082930.486732:INFO:CONSOLE(19)] "Uncaught SyntaxError: Invalid or unexpected token", source: file:///home/dhia/browser-fuzzer/Dissertation/logger/run_20250324_064826/round_011/mutations/mutated_0003.html (19)
[45658:45658:0324/082930.508056:INFO:CONSOLE(20)] "Uncaught SyntaxError: Invalid or unexpected token", source: file:///home/dhia/browser-fuzzer/Dissertation/logger/run_20250324_064826/round_011/mutations/mutated_0003.html (20)
[45658:45658:0324/082930.545428:INFO:CONSOLE(21)] "Uncaught SyntaxError: Invalid or unexpected token", source: file:///home/dhia/browser-fuzzer/Dissertation/logger/run_20250324_064826/round_011/mutations/mutated_0003.html (21)
[45658:45658:0324/082930.551991:INFO:CONSOLE(22)] "Uncaught SyntaxError: Invalid or unexpected token", source: file:///home/dhia/browser-fuzzer/Dissertation/logger/run_20250324_064826/round_011/mutations/mutated_0003.html (22)
[45658:45658:0324/082930.568792:INFO:CONSOLE(23)] "Uncaught SyntaxError: Invalid or unexpected token", source: file:///home/dhia/browser-fuzzer/Dissertation/logger/run_20250324_064826/round_011/mutations/mutated_0003.html (23)
[45658:45658:0324/082930.621061:INFO:CONSOLE(24)] "Uncaught SyntaxError: Invalid or unexpected token", source: file:///home/dhia/browser-fuzzer/Dissertation/logger/run_20250324_064826/round_011/mutations/mutated_0003.html (24)
[45658:45658:0324/082931.624849:INFO:CONSOLE(33)] "Uncaught SyntaxError: Invalid or unexpected token", source: file:///home/dhia/browser-fuzzer/Dissertation/logger/run_20250324_064826/round_011/mutations/mutated_0003.html (33)
[45658:45658:0324/082931.646310:INFO:CONSOLE(34)] "Uncaught SyntaxError: Invalid or unexpected token", source: file:///home/dhia/browser-fuzzer/Dissertation/logger/run_20250324_064826/round_011/mutations/mutated_0003.html (34)
[45658:45658:0324/082931.682145:INFO:CONSOLE(88)] "Uncaught SyntaxError: Invalid or unexpected token", source: file:///home/dhia/browser-fuzzer/Dissertation/logger/run_20250324_064826/round_011/mutations/mutated_0003.html (88)
[45658:45658:0324/082931.854328:INFO:CONSOLE(105)] "Uncaught SyntaxError: Unexpected end of input", source: file:///home/dhia/browser-fuzzer/Dissertation/logger/run_20250324_064826/round_011/mutations/mutated_0003.html (105)
[45658:45658:0324/082931.864192:INFO:CONSOLE(108)] "Uncaught SyntaxError: Invalid or unexpected token", source: file:///home/dhia/browser-fuzzer/Dissertation/logger/run_20250324_064826/round_011/mutations/mutated_0003.html (108)
[45658:45658:0324/082931.999289:INFO:CONSOLE(109)] "Uncaught SyntaxError: Invalid or unexpected token", source: file:///home/dhia/browser-fuzzer/Dissertation/logger/run_20250324_064826/round_011/mutations/mutated_0003.html (109)
[45658:45658:0324/082932.010883:INFO:CONSOLE(110)] "Uncaught SyntaxError: Invalid or unexpected token", source: file:///home/dhia/browser-fuzzer/Dissertation/logger/run_20250324_064826/round_011/mutations/mutated_0003.html (110)
[45658:45658:0324/082932.075690:INFO:CONSOLE(111)] "Uncaught SyntaxError: Invalid or unexpected token", source: file:///home/dhia/browser-fuzzer/Dissertation/logger/run_20250324_064826/round_011/mutations/mutated_0003.html (111)
[45658:45658:0324/082932.082990:INFO:CONSOLE(112)] "Uncaught SyntaxError: Invalid or unexpected token", source: file:///home/dhia/browser-fuzzer/Dissertation/logger/run_20250324_064826/round_011/mutations/mutated_0003.html (112)
[45658:45658:0324/082932.136425:INFO:CONSOLE(113)] "Uncaught SyntaxError: Invalid or unexpected token", source: file:///home/dhia/browser-fuzzer/Dissertation/logger/run_20250324_064826/round_011/mutations/mutated_0003.html (113)
[45658:45658:0324/082932.159304:INFO:CONSOLE(114)] "Uncaught SyntaxError: Invalid or unexpected token", source: file:///home/dhia/browser-fuzzer/Dissertation/logger/run_20250324_064826/round_011/mutations/mutated_0003.html (114)
[45658:45658:0324/082932.164368:INFO:CONSOLE(115)] "Uncaught SyntaxError: Invalid or unexpected token", source: file:///home/dhia/browser-fuzzer/Dissertation/logger/run_20250324_064826/round_011/mutations/mutated_0003.html (115)
[45658:45658:0324/082932.218492:INFO:CONSOLE(116)] "Uncaught SyntaxError: Invalid or unexpected token", source: file:///home/dhia/browser-fuzzer/Dissertation/logger/run_20250324_064826/round_011/mutations/mutated_0003.html (116)
[45658:45658:0324/082932.362884:INFO:CONSOLE(209)] "Uncaught SyntaxError: Unexpected end of input", source: file:///home/dhia/browser-fuzzer/Dissertation/logger/run_20250324_064826/round_011/mutations/mutated_0003.html (209)
[45658:45658:0324/082932.376520:INFO:CONSOLE(211)] "Uncaught SyntaxError: Invalid or unexpected token", source: file:///home/dhia/browser-fuzzer/Dissertation/logger/run_20250324_064826/round_011/mutations/mutated_0003.html (211)
[45658:45658:0324/082932.744556:INFO:CONSOLE(236)] "Uncaught SyntaxError: Invalid or unexpected token", source: file:///home/dhia/browser-fuzzer/Dissertation/logger/run_20250324_064826/round_011/mutations/mutated_0003.html (236)
[45658:45658:0324/082932.749693:INFO:CONSOLE(237)] "Uncaught SyntaxError: Invalid or unexpected token", source: file:///home/dhia/browser-fuzzer/Dissertation/logger/run_20250324_064826/round_011/mutations/mutated_0003.html (237)
[45658:45658:0324/082932.859128:INFO:CONSOLE(238)] "Uncaught SyntaxError: Invalid or unexpected token", source: file:///home/dhia/browser-fuzzer/Dissertation/logger/run_20250324_064826/round_011/mutations/mutated_0003.html (238)
[45658:45658:0324/082932.873267:INFO:CONSOLE(240)] "Uncaught SyntaxError: Invalid or unexpected token", source: file:///home/dhia/browser-fuzzer/Dissertation/logger/run_20250324_064826/round_011/mutations/mutated_0003.html (240)
[45658:45658:0324/082932.959541:INFO:CONSOLE(241)] "Uncaught SyntaxError: Invalid or unexpected token", source: file:///home/dhia/browser-fuzzer/Dissertation/logger/run_20250324_064826/round_011/mutations/mutated_0003.html (241)
[45658:45658:0324/082932.967573:INFO:CONSOLE(248)] "Uncaught SyntaxError: Invalid or unexpected token", source: file:///home/dhia/browser-fuzzer/Dissertation/logger/run_20250324_064826/round_011/mutations/mutated_0003.html (248)
[45658:45658:0324/082932.992988:INFO:CONSOLE(249)] "Uncaught SyntaxError: Invalid or unexpected token", source: file:///home/dhia/browser-fuzzer/Dissertation/logger/run_20250324_064826/round_011/mutations/mutated_0003.html (249)
[45658:45658:0324/082933.001111:INFO:CONSOLE(286)] "Uncaught SyntaxError: Invalid or unexpected token", source: file:///home/dhia/browser-fuzzer/Dissertation/logger/run_20250324_064826/round_011/mutations/mutated_0003.html (286)
[45658:45658:0324/082933.292051:INFO:CONSOLE(287)] "Uncaught SyntaxError: Invalid or unexpected token", source: file:///home/dhia/browser-fuzzer/Dissertation/logger/run_20250324_064826/round_011/mutations/mutated_0003.html (287)
[45658:45658:0324/082933.316588:INFO:CONSOLE(288)] "Uncaught SyntaxError: Invalid or unexpected token", source: file:///home/dhia/browser-fuzzer/Dissertation/logger/run_20250324_064826/round_011/mutations/mutated_0003.html (288)
[45658:45658:0324/082933.419073:INFO:CONSOLE(290)] "Uncaught SyntaxError: Invalid or unexpected token", source: file:///home/dhia/browser-fuzzer/Dissertation/logger/run_20250324_064826/round_011/mutations/mutated_0003.html (290)
[45658:45658:0324/082933.433366:INFO:CONSOLE(291)] "Uncaught SyntaxError: Invalid or unexpected token", source: file:///home/dhia/browser-fuzzer/Dissertation/logger/run_20250324_064826/round_011/mutations/mutated_0003.html (291)
[45658:45658:0324/082933.550633:INFO:CONSOLE(298)] "Uncaught SyntaxError: Invalid or unexpected token", source: file:///home/dhia/browser-fuzzer/Dissertation/logger/run_20250324_064826/round_011/mutations/mutated_0003.html (298)
[45658:45658:0324/082933.571820:INFO:CONSOLE(299)] "Uncaught SyntaxError: Invalid or unexpected token", source: file:///home/dhia/browser-fuzzer/Dissertation/logger/run_20250324_064826/round_011/mutations/mutated_0003.html (299)
[45658:45658:0324/082933.575176:INFO:CONSOLE(300)] "Uncaught SyntaxError: Invalid or unexpected token", source: file:///home/dhia/browser-fuzzer/Dissertation/logger/run_20250324_064826/round_011/mutations/mutated_0003.html (300)
[45658:45658:0324/082933.700832:INFO:CONSOLE(301)] "Uncaught SyntaxError: Invalid or unexpected token", source: file:///home/dhia/browser-fuzzer/Dissertation/logger/run_20250324_064826/round_011/mutations/mutated_0003.html (301)
[45658:45658:0324/082933.727997:INFO:CONSOLE(302)] "Uncaught SyntaxError: Invalid or unexpected token", source: file:///home/dhia/browser-fuzzer/Dissertation/logger/run_20250324_064826/round_011/mutations/mutated_0003.html (302)
[45658:45658:0324/082933.936804:INFO:CONSOLE(311)] "Uncaught SyntaxError: Invalid or unexpected token", source: file:///home/dhia/browser-fuzzer/Dissertation/logger/run_20250324_064826/round_011/mutations/mutated_0003.html (311)
[45658:45658:0324/082933.946363:INFO:CONSOLE(312)] "Uncaught SyntaxError: Invalid or unexpected token", source: file:///home/dhia/browser-fuzzer/Dissertation/logger/run_20250324_064826/round_011/mutations/mutated_0003.html (312)
[45658:45658:0324/082934.282566:INFO:CONSOLE(366)] "Uncaught SyntaxError: Invalid or unexpected token", source: file:///home/dhia/browser-fuzzer/Dissertation/logger/run_20250324_064826/round_011/mutations/mutated_0003.html (366)
[45658:45658:0324/082934.455984:INFO:CONSOLE(383)] "Uncaught SyntaxError: Unexpected end of input", source: file:///home/dhia/browser-fuzzer/Dissertation/logger/run_20250324_064826/round_011/mutations/mutated_0003.html (383)
[45658:45658:0324/082934.464152:INFO:CONSOLE(386)] "Uncaught SyntaxError: Invalid or unexpected token", source: file:///home/dhia/browser-fuzzer/Dissertation/logger/run_20250324_064826/round_011/mutations/mutated_0003.html (386)
[45658:45658:0324/082934.610922:INFO:CONSOLE(387)] "Uncaught SyntaxError: Invalid or unexpected token", source: file:///home/dhia/browser-fuzzer/Dissertation/logger/run_20250324_064826/round_011/mutations/mutated_0003.html (387)
[45658:45658:0324/082934.622206:INFO:CONSOLE(388)] "Uncaught SyntaxError: Invalid or unexpected token", source: file:///home/dhia/browser-fuzzer/Dissertation/logger/run_20250324_064826/round_011/mutations/mutated_0003.html (388)
[45658:45658:0324/082934.640484:INFO:CONSOLE(389)] "Uncaught SyntaxError: Invalid or unexpected token", source: file:///home/dhia/browser-fuzzer/Dissertation/logger/run_20250324_064826/round_011/mutations/mutated_0003.html (389)
[45658:45658:0324/082934.714804:INFO:CONSOLE(390)] "Uncaught SyntaxError: Invalid or unexpected token", source: file:///home/dhia/browser-fuzzer/Dissertation/logger/run_20250324_064826/round_011/mutations/mutated_0003.html (390)
[45658:45658:0324/082934.730501:INFO:CONSOLE(391)] "Uncaught SyntaxError: Invalid or unexpected token", source: file:///home/dhia/browser-fuzzer/Dissertation/logger/run_20250324_064826/round_011/mutations/mutated_0003.html (391)
[45658:45658:0324/082934.823141:INFO:CONSOLE(392)] "Uncaught SyntaxError: Invalid or unexpected token", source: file:///home/dhia/browser-fuzzer/Dissertation/logger/run_20250324_064826/round_011/mutations/mutated_0003.html (392)
[45658:45658:0324/082934.839191:INFO:CONSOLE(393)] "Uncaught SyntaxError: Invalid or unexpected token", source: file:///home/dhia/browser-fuzzer/Dissertation/logger/run_20250324_064826/round_011/mutations/mutated_0003.html (393)
[45658:45658:0324/082934.848918:INFO:CONSOLE(394)] "Uncaught SyntaxError: Invalid or unexpected token", source: file:///home/dhia/browser-fuzzer/Dissertation/logger/run_20250324_064826/round_011/mutations/mutated_0003.html (394)
[45658:45658:0324/082934.973718:INFO:CONSOLE(487)] "Uncaught SyntaxError: Unexpected end of input", source: file:///home/dhia/browser-fuzzer/Dissertation/logger/run_20250324_064826/round_011/mutations/mutated_0003.html (487)
[45658:45658:0324/082934.980383:INFO:CONSOLE(489)] "Uncaught SyntaxError: Invalid or unexpected token", source: file:///home/dhia/browser-fuzzer/Dissertation/logger/run_20250324_064826/round_011/mutations/mutated_0003.html (489)
[45658:45658:0324/082935.480481:INFO:CONSOLE(526)] "Uncaught SyntaxError: Invalid or unexpected token", source: file:///home/dhia/browser-fuzzer/Dissertation/logger/run_20250324_064826/round_011/mutations/mutated_0003.html (526)
[45658:45658:0324/082935.490390:INFO:CONSOLE(527)] "Uncaught SyntaxError: Invalid or unexpected token", source: file:///home/dhia/browser-fuzzer/Dissertation/logger/run_20250324_064826/round_011/mutations/mutated_0003.html (527)
[45658:45658:0324/082935.603235:INFO:CONSOLE(528)] "Uncaught SyntaxError: Invalid or unexpected token", source: file:///home/dhia/browser-fuzzer/Dissertation/logger/run_20250324_064826/round_011/mutations/mutated_0003.html (528)
[45658:45658:0324/082935.613950:INFO:CONSOLE(530)] "Uncaught SyntaxError: Invalid or unexpected token", source: file:///home/dhia/browser-fuzzer/Dissertation/logger/run_20250324_064826/round_011/mutations/mutated_0003.html (530)
[45658:45658:0324/082935.740417:INFO:CONSOLE(531)] "Uncaught SyntaxError: Invalid or unexpected token", source: file:///home/dhia/browser-fuzzer/Dissertation/logger/run_20250324_064826/round_011/mutations/mutated_0003.html (531)
[45658:45658:0324/082935.773327:INFO:CONSOLE(538)] "Uncaught SyntaxError: Invalid or unexpected token", source: file:///home/dhia/browser-fuzzer/Dissertation/logger/run_20250324_064826/round_011/mutations/mutated_0003.html (538)
[45658:45658:0324/082935.865065:INFO:CONSOLE(539)] "Uncaught SyntaxError: Invalid or unexpected token", source: file:///home/dhia/browser-fuzzer/Dissertation/logger/run_20250324_064826/round_011/mutations/mutated_0003.html (539)
[45658:45658:0324/082935.889799:INFO:CONSOLE(576)] "Uncaught SyntaxError: Invalid or unexpected token", source: file:///home/dhia/browser-fuzzer/Dissertation/logger/run_20250324_064826/round_011/mutations/mutated_0003.html (576)
[45658:45658:0324/082936.434964:INFO:CONSOLE(577)] "Uncaught SyntaxError: Invalid or unexpected token", source: file:///home/dhia/browser-fuzzer/Dissertation/logger/run_20250324_064826/round_011/mutations/mutated_0003.html (577)
[45658:45658:0324/082936.447028:INFO:CONSOLE(579)] "Uncaught SyntaxError: Invalid or unexpected token", source: file:///home/dhia/browser-fuzzer/Dissertation/logger/run_20250324_064826/round_011/mutations/mutated_0003.html (579)
[45658:45658:0324/082936.601397:INFO:CONSOLE(580)] "Uncaught SyntaxError: Invalid or unexpected token", source: file:///home/dhia/browser-fuzzer/Dissertation/logger/run_20250324_064826/round_011/mutations/mutated_0003.html (580)
[45658:45658:0324/082936.621252:INFO:CONSOLE(599)] "Uncaught SyntaxError: Invalid or unexpected token", source: file:///home/dhia/browser-fuzzer/Dissertation/logger/run_20250324_064826/round_011/mutations/mutated_0003.html (599)
[45658:45658:0324/082936.793845:INFO:CONSOLE(600)] "Uncaught SyntaxError: Invalid or unexpected token", source: file:///home/dhia/browser-fuzzer/Dissertation/logger/run_20250324_064826/round_011/mutations/mutated_0003.html (600)
[45658:45658:0324/082936.811726:INFO:CONSOLE(607)] "Uncaught SyntaxError: Invalid or unexpected token", source: file:///home/dhia/browser-fuzzer/Dissertation/logger/run_20250324_064826/round_011/mutations/mutated_0003.html (607)
[45658:45658:0324/082937.014235:INFO:CONSOLE(608)] "Uncaught SyntaxError: Invalid or unexpected token", source: file:///home/dhia/browser-fuzzer/Dissertation/logger/run_20250324_064826/round_011/mutations/mutated_0003.html (608)
[45658:45658:0324/082937.023891:INFO:CONSOLE(609)] "Uncaught SyntaxError: Invalid or unexpected token", source: file:///home/dhia/browser-fuzzer/Dissertation/logger/run_20250324_064826/round_011/mutations/mutated_0003.html (609)
[45658:45658:0324/082937.030253:INFO:CONSOLE(610)] "Uncaught SyntaxError: Invalid or unexpected token", source: file:///home/dhia/browser-fuzzer/Dissertation/logger/run_20250324_064826/round_011/mutations/mutated_0003.html (610)
[45658:45658:0324/082937.184180:INFO:CONSOLE(611)] "Uncaught SyntaxError: Invalid or unexpected token", source: file:///home/dhia/browser-fuzzer/Dissertation/logger/run_20250324_064826/round_011/mutations/mutated_0003.html (611)
[45658:45658:0324/082937.317855:INFO:CONSOLE(620)] "Uncaught SyntaxError: Invalid or unexpected token", source: file:///home/dhia/browser-fuzzer/Dissertation/logger/run_20250324_064826/round_011/mutations/mutated_0003.html (620)
[45658:45658:0324/082937.333766:INFO:CONSOLE(621)] "Uncaught SyntaxError: Invalid or unexpected token", source: file:///home/dhia/browser-fuzzer/Dissertation/logger/run_20250324_064826/round_011/mutations/mutated_0003.html (621)
[45658:45658:0324/082937.483442:INFO:CONSOLE(622)] "Uncaught SyntaxError: Invalid or unexpected token", source: file:///home/dhia/browser-fuzzer/Dissertation/logger/run_20250324_064826/round_011/mutations/mutated_0003.html (622)
[45658:45658:0324/082937.496145:INFO:CONSOLE(686)] "Uncaught SyntaxError: Invalid or unexpected token", source: file:///home/dhia/browser-fuzzer/Dissertation/logger/run_20250324_064826/round_011/mutations/mutated_0003.html (686)
[45658:45658:0324/082938.127229:INFO:CONSOLE(703)] "Uncaught SyntaxError: Unexpected end of input", source: file:///home/dhia/browser-fuzzer/Dissertation/logger/run_20250324_064826/round_011/mutations/mutated_0003.html (703)
[45658:45658:0324/082938.134736:INFO:CONSOLE(706)] "Uncaught SyntaxError: Invalid or unexpected token", source: file:///home/dhia/browser-fuzzer/Dissertation/logger/run_20250324_064826/round_011/mutations/mutated_0003.html (706)
[45658:45658:0324/082938.310608:INFO:CONSOLE(707)] "Uncaught SyntaxError: Invalid or unexpected token", source: file:///home/dhia/browser-fuzzer/Dissertation/logger/run_20250324_064826/round_011/mutations/mutated_0003.html (707)
[45658:45658:0324/082938.324412:INFO:CONSOLE(760)] "Uncaught SyntaxError: Invalid or unexpected token", source: file:///home/dhia/browser-fuzzer/Dissertation/logger/run_20250324_064826/round_011/mutations/mutated_0003.html (760)
[45658:45658:0324/082938.515274:INFO:CONSOLE(761)] "Uncaught SyntaxError: Invalid or unexpected token", source: file:///home/dhia/browser-fuzzer/Dissertation/logger/run_20250324_064826/round_011/mutations/mutated_0003.html (761)
[45658:45658:0324/082938.645388:INFO:CONSOLE(778)] "Uncaught SyntaxError: Unexpected end of input", source: file:///home/dhia/browser-fuzzer/Dissertation/logger/run_20250324_064826/round_011/mutations/mutated_0003.html (778)
[45658:45658:0324/082938.659043:INFO:CONSOLE(782)] "Uncaught SyntaxError: Invalid or unexpected token", source: file:///home/dhia/browser-fuzzer/Dissertation/logger/run_20250324_064826/round_011/mutations/mutated_0003.html (782)
[45658:45658:0324/082938.872123:INFO:CONSOLE(798)] "Uncaught SyntaxError: Invalid or unexpected token", source: file:///home/dhia/browser-fuzzer/Dissertation/logger/run_20250324_064826/round_011/mutations/mutated_0003.html (798)
[45658:45658:0324/082939.115691:INFO:CONSOLE(896)] "Uncaught SyntaxError: Unexpected end of input", source: file:///home/dhia/browser-fuzzer/Dissertation/logger/run_20250324_064826/round_011/mutations/mutated_0003.html (896)
[45658:45658:0324/082939.129534:INFO:CONSOLE(899)] "Uncaught SyntaxError: Invalid or unexpected token", source: file:///home/dhia/browser-fuzzer/Dissertation/logger/run_20250324_064826/round_011/mutations/mutated_0003.html (899)
[45658:45658:0324/082939.133939:INFO:CONSOLE(900)] "Uncaught SyntaxError: Invalid or unexpected token", source: file:///home/dhia/browser-fuzzer/Dissertation/logger/run_20250324_064826/round_011/mutations/mutated_0003.html (900)
[45658:45658:0324/082939.501582:INFO:CONSOLE(907)] "Uncaught SyntaxError: Invalid or unexpected token", source: file:///home/dhia/browser-fuzzer/Dissertation/logger/run_20250324_064826/round_011/mutations/mutated_0003.html (907)
[45658:45658:0324/082939.506542:INFO:CONSOLE(908)] "Uncaught SyntaxError: Invalid or unexpected token", source: file:///home/dhia/browser-fuzzer/Dissertation/logger/run_20250324_064826/round_011/mutations/mutated_0003.html (908)
[45658:45658:0324/082940.424974:INFO:CONSOLE(945)] "Uncaught SyntaxError: Invalid or unexpected token", source: file:///home/dhia/browser-fuzzer/Dissertation/logger/run_20250324_064826/round_011/mutations/mutated_0003.html (945)
[45658:45658:0324/082940.447122:INFO:CONSOLE(946)] "Uncaught SyntaxError: Invalid or unexpected token", source: file:///home/dhia/browser-fuzzer/Dissertation/logger/run_20250324_064826/round_011/mutations/mutated_0003.html (946)
[45658:45658:0324/082940.456504:INFO:CONSOLE(947)] "Uncaught SyntaxError: Invalid or unexpected token", source: file:///home/dhia/browser-fuzzer/Dissertation/logger/run_20250324_064826/round_011/mutations/mutated_0003.html (947)
[45658:45658:0324/082940.641117:INFO:CONSOLE(949)] "Uncaught SyntaxError: Invalid or unexpected token", source: file:///home/dhia/browser-fuzzer/Dissertation/logger/run_20250324_064826/round_011/mutations/mutated_0003.html (949)
[45658:45658:0324/082940.646602:INFO:CONSOLE(950)] "Uncaught SyntaxError: Invalid or unexpected token", source: file:///home/dhia/browser-fuzzer/Dissertation/logger/run_20250324_064826/round_011/mutations/mutated_0003.html (950)
[45658:45658:0324/082940.867429:INFO:CONSOLE(974)] "Uncaught SyntaxError: Invalid or unexpected token", source: file:///home/dhia/browser-fuzzer/Dissertation/logger/run_20250324_064826/round_011/mutations/mutated_0003.html (974)
[45658:45658:0324/082940.889518:INFO:CONSOLE(975)] "Uncaught SyntaxError: Invalid or unexpected token", source: file:///home/dhia/browser-fuzzer/Dissertation/logger/run_20250324_064826/round_011/mutations/mutated_0003.html (975)
[45658:45658:0324/082941.163208:INFO:CONSOLE(976)] "Uncaught SyntaxError: Invalid or unexpected token", source: file:///home/dhia/browser-fuzzer/Dissertation/logger/run_20250324_064826/round_011/mutations/mutated_0003.html (976)
[45658:45658:0324/082941.170524:INFO:CONSOLE(977)] "Uncaught SyntaxError: Invalid or unexpected token", source: file:///home/dhia/browser-fuzzer/Dissertation/logger/run_20250324_064826/round_011/mutations/mutated_0003.html (977)
[45658:45658:0324/082941.181853:INFO:CONSOLE(978)] "Uncaught SyntaxError: Invalid or unexpected token", source: file:///home/dhia/browser-fuzzer/Dissertation/logger/run_20250324_064826/round_011/mutations/mutated_0003.html (978)
[45658:45658:0324/082941.338330:INFO:CONSOLE(979)] "Uncaught SyntaxError: Invalid or unexpected token", source: file:///home/dhia/browser-fuzzer/Dissertation/logger/run_20250324_064826/round_011/mutations/mutated_0003.html (979)
[45658:45658:0324/082941.354698:INFO:CONSOLE(980)] "Uncaught SyntaxError: Invalid or unexpected token", source: file:///home/dhia/browser-fuzzer/Dissertation/logger/run_20250324_064826/round_011/mutations/mutated_0003.html (980)
[45658:45658:0324/082941.362571:INFO:CONSOLE(981)] "Uncaught SyntaxError: Invalid or unexpected token", source: file:///home/dhia/browser-fuzzer/Dissertation/logger/run_20250324_064826/round_011/mutations/mutated_0003.html (981)
[45658:45658:0324/082941.488812:INFO:CONSOLE(982)] "Uncaught SyntaxError: Invalid or unexpected token", source: file:///home/dhia/browser-fuzzer/Dissertation/logger/run_20250324_064826/round_011/mutations/mutated_0003.html (982)
[45658:45658:0324/082941.496296:INFO:CONSOLE(983)] "Uncaught SyntaxError: Invalid or unexpected token", source: file:///home/dhia/browser-fuzzer/Dissertation/logger/run_20250324_064826/round_011/mutations/mutated_0003.html (983)
[45658:45658:0324/082941.512938:INFO:CONSOLE(984)] "Uncaught SyntaxError: Invalid or unexpected token", source: file:///home/dhia/browser-fuzzer/Dissertation/logger/run_20250324_064826/round_011/mutations/mutated_0003.html (984)
[45658:45658:0324/082941.682811:INFO:CONSOLE(991)] "Uncaught SyntaxError: Invalid or unexpected token", source: file:///home/dhia/browser-fuzzer/Dissertation/logger/run_20250324_064826/round_011/mutations/mutated_0003.html (991)
[45658:45658:0324/082941.693839:INFO:CONSOLE(992)] "Uncaught SyntaxError: Invalid or unexpected token", source: file:///home/dhia/browser-fuzzer/Dissertation/logger/run_20250324_064826/round_011/mutations/mutated_0003.html (992)
[45658:45658:0324/082941.883935:INFO:CONSOLE(999)] "Uncaught SyntaxError: Invalid or unexpected token", source: file:///home/dhia/browser-fuzzer/Dissertation/logger/run_20250324_064826/round_011/mutations/mutated_0003.html (999)
[45658:45658:0324/082941.904001:INFO:CONSOLE(1012)] "Uncaught SyntaxError: Invalid or unexpected token", source: file:///home/dhia/browser-fuzzer/Dissertation/logger/run_20250324_064826/round_011/mutations/mutated_0003.html (1012)
[45658:45658:0324/082941.915064:INFO:CONSOLE(1013)] "Uncaught SyntaxError: Invalid or unexpected token", source: file:///home/dhia/browser-fuzzer/Dissertation/logger/run_20250324_064826/round_011/mutations/mutated_0003.html (1013)
[45658:45658:0324/082942.277894:INFO:CONSOLE(1021)] "Uncaught SyntaxError: Invalid or unexpected token", source: file:///home/dhia/browser-fuzzer/Dissertation/logger/run_20250324_064826/round_011/mutations/mutated_0003.html (1021)
[45658:45658:0324/082942.285280:INFO:CONSOLE(1022)] "Uncaught SyntaxError: Invalid or unexpected token", source: file:///home/dhia/browser-fuzzer/Dissertation/logger/run_20250324_064826/round_011/mutations/mutated_0003.html (1022)
[45658:45658:0324/082942.438941:INFO:CONSOLE(1023)] "Uncaught SyntaxError: Invalid or unexpected token", source: file:///home/dhia/browser-fuzzer/Dissertation/logger/run_20250324_064826/round_011/mutations/mutated_0003.html (1023)
[45658:45658:0324/082942.456180:INFO:CONSOLE(1024)] "Uncaught SyntaxError: Invalid or unexpected token", source: file:///home/dhia/browser-fuzzer/Dissertation/logger/run_20250324_064826/round_011/mutations/mutated_0003.html (1024)
[45658:45658:0324/082942.460036:INFO:CONSOLE(1025)] "Uncaught SyntaxError: Invalid or unexpected token", source: file:///home/dhia/browser-fuzzer/Dissertation/logger/run_20250324_064826/round_011/mutations/mutated_0003.html (1025)
[45658:45658:0324/082942.625851:INFO:CONSOLE(1026)] "Uncaught SyntaxError: Invalid or unexpected token", source: file:///home/dhia/browser-fuzzer/Dissertation/logger/run_20250324_064826/round_011/mutations/mutated_0003.html (1026)
[45658:45658:0324/082942.635667:INFO:CONSOLE(1027)] "Uncaught SyntaxError: Invalid or unexpected token", source: file:///home/dhia/browser-fuzzer/Dissertation/logger/run_20250324_064826/round_011/mutations/mutated_0003.html (1027)
[45658:45658:0324/082942.838319:INFO:CONSOLE(1028)] "Uncaught SyntaxError: Invalid or unexpected token", source: file:///home/dhia/browser-fuzzer/Dissertation/logger/run_20250324_064826/round_011/mutations/mutated_0003.html (1028)
[45658:45658:0324/082942.848000:INFO:CONSOLE(1029)] "Uncaught SyntaxError: Invalid or unexpected token", source: file:///home/dhia/browser-fuzzer/Dissertation/logger/run_20250324_064826/round_011/mutations/mutated_0003.html (1029)
[45658:45658:0324/082943.048110:INFO:CONSOLE(1030)] "Uncaught SyntaxError: Invalid or unexpected token", source: file:///home/dhia/browser-fuzzer/Dissertation/logger/run_20250324_064826/round_011/mutations/mutated_0003.html (1030)
[45658:45658:0324/082943.077369:INFO:CONSOLE(1031)] "Uncaught SyntaxError: Invalid or unexpected token", source: file:///home/dhia/browser-fuzzer/Dissertation/logger/run_20250324_064826/round_011/mutations/mutated_0003.html (1031)
[45658:45658:0324/082943.081792:INFO:CONSOLE(1032)] "Uncaught SyntaxError: Invalid or unexpected token", source: file:///home/dhia/browser-fuzzer/Dissertation/logger/run_20250324_064826/round_011/mutations/mutated_0003.html (1032)
[45658:45658:0324/082943.246636:INFO:CONSOLE(1033)] "Uncaught SyntaxError: Invalid or unexpected token", source: file:///home/dhia/browser-fuzzer/Dissertation/logger/run_20250324_064826/round_011/mutations/mutated_0003.html (1033)
[45658:45658:0324/082943.275361:INFO:CONSOLE(1034)] "Uncaught SyntaxError: Invalid or unexpected token", source: file:///home/dhia/browser-fuzzer/Dissertation/logger/run_20250324_064826/round_011/mutations/mutated_0003.html (1034)
[45658:45658:0324/082943.501916:INFO:CONSOLE(1035)] "Uncaught SyntaxError: Invalid or unexpected token", source: file:///home/dhia/browser-fuzzer/Dissertation/logger/run_20250324_064826/round_011/mutations/mutated_0003.html (1035)
[45658:45658:0324/082943.509743:INFO:CONSOLE(1036)] "Uncaught SyntaxError: Invalid or unexpected token", source: file:///home/dhia/browser-fuzzer/Dissertation/logger/run_20250324_064826/round_011/mutations/mutated_0003.html (1036)
[45658:45658:0324/082943.520492:INFO:CONSOLE(1037)] "Uncaught SyntaxError: Invalid or unexpected token", source: file:///home/dhia/browser-fuzzer/Dissertation/logger/run_20250324_064826/round_011/mutations/mutated_0003.html (1037)
[45658:45658:0324/082943.684557:INFO:CONSOLE(1038)] "Uncaught SyntaxError: Invalid or unexpected token", source: file:///home/dhia/browser-fuzzer/Dissertation/logger/run_20250324_064826/round_011/mutations/mutated_0003.html (1038)
[45658:45658:0324/082943.697897:INFO:CONSOLE(1039)] "Uncaught SyntaxError: Invalid or unexpected token", source: file:///home/dhia/browser-fuzzer/Dissertation/logger/run_20250324_064826/round_011/mutations/mutated_0003.html (1039)
[45658:45658:0324/082943.708945:INFO:CONSOLE(1040)] "Uncaught SyntaxError: Invalid or unexpected token", source: file:///home/dhia/browser-fuzzer/Dissertation/logger/run_20250324_064826/round_011/mutations/mutated_0003.html (1040)
[45658:45658:0324/082943.901024:INFO:CONSOLE(1041)] "Uncaught SyntaxError: Invalid or unexpected token", source: file:///home/dhia/browser-fuzzer/Dissertation/logger/run_20250324_064826/round_011/mutations/mutated_0003.html (1041)
[45658:45658:0324/082943.911023:INFO:CONSOLE(1042)] "Uncaught SyntaxError: Invalid or unexpected token", source: file:///home/dhia/browser-fuzzer/Dissertation/logger/run_20250324_064826/round_011/mutations/mutated_0003.html (1042)
[45658:45658:0324/082944.110252:INFO:CONSOLE(1043)] "Uncaught SyntaxError: Invalid or unexpected token", source: file:///home/dhia/browser-fuzzer/Dissertation/logger/run_20250324_064826/round_011/mutations/mutated_0003.html (1043)
[45658:45658:0324/082944.113660:INFO:CONSOLE(1044)] "Uncaught SyntaxError: Invalid or unexpected token", source: file:///home/dhia/browser-fuzzer/Dissertation/logger/run_20250324_064826/round_011/mutations/mutated_0003.html (1044)
[45658:45658:0324/082944.118661:INFO:CONSOLE(1045)] "Uncaught SyntaxError: Invalid or unexpected token", source: file:///home/dhia/browser-fuzzer/Dissertation/logger/run_20250324_064826/round_011/mutations/mutated_0003.html (1045)
[45658:45658:0324/082944.308099:INFO:CONSOLE(1046)] "Uncaught SyntaxError: Invalid or unexpected token", source: file:///home/dhia/browser-fuzzer/Dissertation/logger/run_20250324_064826/round_011/mutations/mutated_0003.html (1046)
[45658:45658:0324/082944.316288:INFO:CONSOLE(1047)] "Uncaught SyntaxError: Invalid or unexpected token", source: file:///home/dhia/browser-fuzzer/Dissertation/logger/run_20250324_064826/round_011/mutations/mutated_0003.html (1047)
[45658:45658:0324/082944.336487:INFO:CONSOLE(1048)] "Uncaught SyntaxError: Invalid or unexpected token", source: file:///home/dhia/browser-fuzzer/Dissertation/logger/run_20250324_064826/round_011/mutations/mutated_0003.html (1048)
[45658:45658:0324/082944.537221:INFO:CONSOLE(1049)] "Uncaught SyntaxError: Invalid or unexpected token", source: file:///home/dhia/browser-fuzzer/Dissertation/logger/run_20250324_064826/round_011/mutations/mutated_0003.html (1049)
[45658:45658:0324/082944.554900:INFO:CONSOLE(1050)] "Uncaught SyntaxError: Invalid or unexpected token", source: file:///home/dhia/browser-fuzzer/Dissertation/logger/run_20250324_064826/round_011/mutations/mutated_0003.html (1050)
[45658:45658:0324/082944.734546:INFO:CONSOLE(1051)] "Uncaught SyntaxError: Invalid or unexpected token", source: file:///home/dhia/browser-fuzzer/Dissertation/logger/run_20250324_064826/round_011/mutations/mutated_0003.html (1051)
[45658:45658:0324/082944.751858:INFO:CONSOLE(1052)] "Uncaught SyntaxError: Invalid or unexpected token", source: file:///home/dhia/browser-fuzzer/Dissertation/logger/run_20250324_064826/round_011/mutations/mutated_0003.html (1052)
[45658:45658:0324/082944.763125:INFO:CONSOLE(1053)] "Uncaught SyntaxError: Invalid or unexpected token", source: file:///home/dhia/browser-fuzzer/Dissertation/logger/run_20250324_064826/round_011/mutations/mutated_0003.html (1053)
[45658:45658:0324/082944.945796:INFO:CONSOLE(1054)] "Uncaught SyntaxError: Invalid or unexpected token", source: file:///home/dhia/browser-fuzzer/Dissertation/logger/run_20250324_064826/round_011/mutations/mutated_0003.html (1054)
[45658:45658:0324/082944.962898:INFO:CONSOLE(1055)] "Uncaught SyntaxError: Invalid or unexpected token", source: file:///home/dhia/browser-fuzzer/Dissertation/logger/run_20250324_064826/round_011/mutations/mutated_0003.html (1055)
[45658:45658:0324/082945.150017:INFO:CONSOLE(1056)] "Uncaught SyntaxError: Invalid or unexpected token", source: file:///home/dhia/browser-fuzzer/Dissertation/logger/run_20250324_064826/round_011/mutations/mutated_0003.html (1056)
[45658:45658:0324/082945.156654:INFO:CONSOLE(1057)] "Uncaught SyntaxError: Invalid or unexpected token", source: file:///home/dhia/browser-fuzzer/Dissertation/logger/run_20250324_064826/round_011/mutations/mutated_0003.html (1057)
[45658:45658:0324/082945.164875:INFO:CONSOLE(1058)] "Uncaught SyntaxError: Invalid or unexpected token", source: file:///home/dhia/browser-fuzzer/Dissertation/logger/run_20250324_064826/round_011/mutations/mutated_0003.html (1058)
[45658:45658:0324/082945.348013:INFO:CONSOLE(1059)] "Uncaught SyntaxError: Invalid or unexpected token", source: file:///home/dhia/browser-fuzzer/Dissertation/logger/run_20250324_064826/round_011/mutations/mutated_0003.html (1059)
[45658:45658:0324/082945.356592:INFO:CONSOLE(1060)] "Uncaught SyntaxError: Invalid or unexpected token", source: file:///home/dhia/browser-fuzzer/Dissertation/logger/run_20250324_064826/round_011/mutations/mutated_0003.html (1060)
[45658:45658:0324/082945.544392:INFO:CONSOLE(1061)] "Uncaught SyntaxError: Invalid or unexpected token", source: file:///home/dhia/browser-fuzzer/Dissertation/logger/run_20250324_064826/round_011/mutations/mutated_0003.html (1061)
[45658:45658:0324/082945.548809:INFO:CONSOLE(1062)] "Uncaught SyntaxError: Invalid or unexpected token", source: file:///home/dhia/browser-fuzzer/Dissertation/logger/run_20250324_064826/round_011/mutations/mutated_0003.html (1062)
[45658:45658:0324/082945.553377:INFO:CONSOLE(1063)] "Uncaught SyntaxError: Invalid or unexpected token", source: file:///home/dhia/browser-fuzzer/Dissertation/logger/run_20250324_064826/round_011/mutations/mutated_0003.html (1063)
[45658:45658:0324/082945.725948:INFO:CONSOLE(1064)] "Uncaught SyntaxError: Invalid or unexpected token", source: file:///home/dhia/browser-fuzzer/Dissertation/logger/run_20250324_064826/round_011/mutations/mutated_0003.html (1064)
[45658:45658:0324/082945.740561:INFO:CONSOLE(1065)] "Uncaught SyntaxError: Invalid or unexpected token", source: file:///home/dhia/browser-fuzzer/Dissertation/logger/run_20250324_064826/round_011/mutations/mutated_0003.html (1065)
[45658:45658:0324/082945.927109:INFO:CONSOLE(1066)] "Uncaught SyntaxError: Invalid or unexpected token", source: file:///home/dhia/browser-fuzzer/Dissertation/logger/run_20250324_064826/round_011/mutations/mutated_0003.html (1066)
[45658:45658:0324/082945.934650:INFO:CONSOLE(1067)] "Uncaught SyntaxError: Invalid or unexpected token", source: file:///home/dhia/browser-fuzzer/Dissertation/logger/run_20250324_064826/round_011/mutations/mutated_0003.html (1067)
[45658:45658:0324/082946.135977:INFO:CONSOLE(1068)] "Uncaught SyntaxError: Invalid or unexpected token", source: file:///home/dhia/browser-fuzzer/Dissertation/logger/run_20250324_064826/round_011/mutations/mutated_0003.html (1068)
[45658:45658:0324/082946.143593:INFO:CONSOLE(1069)] "Uncaught SyntaxError: Invalid or unexpected token", source: file:///home/dhia/browser-fuzzer/Dissertation/logger/run_20250324_064826/round_011/mutations/mutated_0003.html (1069)
[45658:45658:0324/082946.148058:INFO:CONSOLE(1070)] "Uncaught SyntaxError: Invalid or unexpected token", source: file:///home/dhia/browser-fuzzer/Dissertation/logger/run_20250324_064826/round_011/mutations/mutated_0003.html (1070)
[45658:45658:0324/082946.340352:INFO:CONSOLE(1081)] "Uncaught SyntaxError: Invalid or unexpected token", source: file:///home/dhia/browser-fuzzer/Dissertation/logger/run_20250324_064826/round_011/mutations/mutated_0003.html (1081)
[45658:45658:0324/082946.346172:INFO:CONSOLE(1082)] "Uncaught SyntaxError: Invalid or unexpected token", source: file:///home/dhia/browser-fuzzer/Dissertation/logger/run_20250324_064826/round_011/mutations/mutated_0003.html (1082)
[45658:45658:0324/082946.365972:INFO:CONSOLE(1083)] "Uncaught SyntaxError: Invalid or unexpected token", source: file:///home/dhia/browser-fuzzer/Dissertation/logger/run_20250324_064826/round_011/mutations/mutated_0003.html (1083)
[45658:45658:0324/082946.599642:INFO:CONSOLE(1096)] "Uncaught SyntaxError: Invalid or unexpected token", source: file:///home/dhia/browser-fuzzer/Dissertation/logger/run_20250324_064826/round_011/mutations/mutated_0003.html (1096)
[45658:45658:0324/082946.609422:INFO:CONSOLE(1097)] "Uncaught SyntaxError: Invalid or unexpected token", source: file:///home/dhia/browser-fuzzer/Dissertation/logger/run_20250324_064826/round_011/mutations/mutated_0003.html (1097)
[45658:45658:0324/082946.843316:INFO:CONSOLE(1098)] "Uncaught SyntaxError: Invalid or unexpected token", source: file:///home/dhia/browser-fuzzer/Dissertation/logger/run_20250324_064826/round_011/mutations/mutated_0003.html (1098)
[45658:45658:0324/082946.861804:INFO:CONSOLE(1099)] "Uncaught SyntaxError: Invalid or unexpected token", source: file:///home/dhia/browser-fuzzer/Dissertation/logger/run_20250324_064826/round_011/mutations/mutated_0003.html (1099)
[45658:45658:0324/082946.883631:INFO:CONSOLE(1100)] "Uncaught SyntaxError: Invalid or unexpected token", source: file:///home/dhia/browser-fuzzer/Dissertation/logger/run_20250324_064826/round_011/mutations/mutated_0003.html (1100)
[45658:45658:0324/082947.075358:INFO:CONSOLE(1101)] "Uncaught SyntaxError: Invalid or unexpected token", source: file:///home/dhia/browser-fuzzer/Dissertation/logger/run_20250324_064826/round_011/mutations/mutated_0003.html (1101)
[45658:45658:0324/082947.084872:INFO:CONSOLE(1102)] "Uncaught SyntaxError: Invalid or unexpected token", source: file:///home/dhia/browser-fuzzer/Dissertation/logger/run_20250324_064826/round_011/mutations/mutated_0003.html (1102)
[45658:45658:0324/082947.311610:INFO:CONSOLE(1103)] "Uncaught SyntaxError: Invalid or unexpected token", source: file:///home/dhia/browser-fuzzer/Dissertation/logger/run_20250324_064826/round_011/mutations/mutated_0003.html (1103)
[45658:45658:0324/082947.322835:INFO:CONSOLE(1104)] "Uncaught SyntaxError: Invalid or unexpected token", source: file:///home/dhia/browser-fuzzer/Dissertation/logger/run_20250324_064826/round_011/mutations/mutated_0003.html (1104)
[45658:45658:0324/082947.602610:INFO:CONSOLE(1105)] "Uncaught SyntaxError: Invalid or unexpected token", source: file:///home/dhia/browser-fuzzer/Dissertation/logger/run_20250324_064826/round_011/mutations/mutated_0003.html (1105)
[45658:45658:0324/082947.614706:INFO:CONSOLE(1106)] "Uncaught SyntaxError: Invalid or unexpected token", source: file:///home/dhia/browser-fuzzer/Dissertation/logger/run_20250324_064826/round_011/mutations/mutated_0003.html (1106)
[45658:45658:0324/082948.667796:INFO:CONSOLE(1107)] "Uncaught SyntaxError: Invalid or unexpected token", source: file:///home/dhia/browser-fuzzer/Dissertation/logger/run_20250324_064826/round_011/mutations/mutated_0003.html (1107)
[45658:45658:0324/082948.674160:INFO:CONSOLE(1108)] "Uncaught SyntaxError: Invalid or unexpected token", source: file:///home/dhia/browser-fuzzer/Dissertation/logger/run_20250324_064826/round_011/mutations/mutated_0003.html (1108)
[45658:45658:0324/082948.689257:INFO:CONSOLE(1109)] "Uncaught SyntaxError: Invalid or unexpected token", source: file:///home/dhia/browser-fuzzer/Dissertation/logger/run_20250324_064826/round_011/mutations/mutated_0003.html (1109)
[45658:45658:0324/082948.778965:INFO:CONSOLE(1110)] "Uncaught SyntaxError: Invalid or unexpected token", source: file:///home/dhia/browser-fuzzer/Dissertation/logger/run_20250324_064826/round_011/mutations/mutated_0003.html (1110)
[45658:45658:0324/082948.793600:INFO:CONSOLE(1111)] "Uncaught SyntaxError: Invalid or unexpected token", source: file:///home/dhia/browser-fuzzer/Dissertation/logger/run_20250324_064826/round_011/mutations/mutated_0003.html (1111)
[45658:45658:0324/082948.887931:INFO:CONSOLE(1112)] "Uncaught SyntaxError: Invalid or unexpected token", source: file:///home/dhia/browser-fuzzer/Dissertation/logger/run_20250324_064826/round_011/mutations/mutated_0003.html (1112)
[45658:45658:0324/082948.896104:INFO:CONSOLE(1113)] "Uncaught SyntaxError: Invalid or unexpected token", source: file:///home/dhia/browser-fuzzer/Dissertation/logger/run_20250324_064826/round_011/mutations/mutated_0003.html (1113)
[45658:45658:0324/082948.927882:INFO:CONSOLE(1114)] "Uncaught SyntaxError: Invalid or unexpected token", source: file:///home/dhia/browser-fuzzer/Dissertation/logger/run_20250324_064826/round_011/mutations/mutated_0003.html (1114)
[45658:45658:0324/082948.941313:INFO:CONSOLE(1127)] "Uncaught SyntaxError: Invalid or unexpected token", source: file:///home/dhia/browser-fuzzer/Dissertation/logger/run_20250324_064826/round_011/mutations/mutated_0003.html (1127)
[45658:45658:0324/082948.983134:INFO:CONSOLE(1128)] "Uncaught SyntaxError: Invalid or unexpected token", source: file:///home/dhia/browser-fuzzer/Dissertation/logger/run_20250324_064826/round_011/mutations/mutated_0003.html (1128)
[45658:45658:0324/082948.992488:INFO:CONSOLE(1129)] "Uncaught SyntaxError: Invalid or unexpected token", source: file:///home/dhia/browser-fuzzer/Dissertation/logger/run_20250324_064826/round_011/mutations/mutated_0003.html (1129)
[45658:45658:0324/082948.999263:INFO:CONSOLE(1130)] "Uncaught SyntaxError: Invalid or unexpected token", source: file:///home/dhia/browser-fuzzer/Dissertation/logger/run_20250324_064826/round_011/mutations/mutated_0003.html (1130)
[45658:45658:0324/082949.100593:INFO:CONSOLE(1179)] "Uncaught SyntaxError: Invalid or unexpected token", source: file:///home/dhia/browser-fuzzer/Dissertation/logger/run_20250324_064826/round_011/mutations/mutated_0003.html (1179)
[45658:45658:0324/082949.111130:INFO:CONSOLE(1180)] "Uncaught SyntaxError: Invalid or unexpected token", source: file:///home/dhia/browser-fuzzer/Dissertation/logger/run_20250324_064826/round_011/mutations/mutated_0003.html (1180)
[45658:45658:0324/082949.134609:INFO:CONSOLE(1181)] "Uncaught SyntaxError: Invalid or unexpected token", source: file:///home/dhia/browser-fuzzer/Dissertation/logger/run_20250324_064826/round_011/mutations/mutated_0003.html (1181)
[45658:45658:0324/082949.529494:INFO:CONSOLE(1182)] "Uncaught SyntaxError: Invalid or unexpected token", source: file:///home/dhia/browser-fuzzer/Dissertation/logger/run_20250324_064826/round_011/mutations/mutated_0003.html (1182)
[45658:45658:0324/082949.542731:INFO:CONSOLE(1183)] "Uncaught SyntaxError: Invalid or unexpected token", source: file:///home/dhia/browser-fuzzer/Dissertation/logger/run_20250324_064826/round_011/mutations/mutated_0003.html (1183)
[45658:45658:0324/082949.567769:INFO:CONSOLE(1184)] "Uncaught SyntaxError: Invalid or unexpected token", source: file:///home/dhia/browser-fuzzer/Dissertation/logger/run_20250324_064826/round_011/mutations/mutated_0003.html (1184)
[45658:45658:0324/082949.744225:INFO:CONSOLE(1185)] "Uncaught SyntaxError: Invalid or unexpected token", source: file:///home/dhia/browser-fuzzer/Dissertation/logger/run_20250324_064826/round_011/mutations/mutated_0003.html (1185)
[45658:45658:0324/082950.117074:INFO:CONSOLE(1194)] "Uncaught SyntaxError: Invalid or unexpected token", source: file:///home/dhia/browser-fuzzer/Dissertation/logger/run_20250324_064826/round_011/mutations/mutated_0003.html (1194)
[45658:45658:0324/082950.126644:INFO:CONSOLE(1195)] "Uncaught SyntaxError: Invalid or unexpected token", source: file:///home/dhia/browser-fuzzer/Dissertation/logger/run_20250324_064826/round_011/mutations/mutated_0003.html (1195)
[45658:45658:0324/082950.665772:INFO:CONSOLE(1203)] "Uncaught SyntaxError: Invalid or unexpected token", source: file:///home/dhia/browser-fuzzer/Dissertation/logger/run_20250324_064826/round_011/mutations/mutated_0003.html (1203)
[45658:45658:0324/082950.675990:INFO:CONSOLE(1204)] "Uncaught SyntaxError: Invalid or unexpected token", source: file:///home/dhia/browser-fuzzer/Dissertation/logger/run_20250324_064826/round_011/mutations/mutated_0003.html (1204)
[45658:45658:0324/082950.899200:INFO:CONSOLE(1258)] "Uncaught SyntaxError: Invalid or unexpected token", source: file:///home/dhia/browser-fuzzer/Dissertation/logger/run_20250324_064826/round_011/mutations/mutated_0003.html (1258)
[45658:45658:0324/082950.901261:INFO:CONSOLE(1259)] "Uncaught SyntaxError: Invalid or unexpected token", source: file:///home/dhia/browser-fuzzer/Dissertation/logger/run_20250324_064826/round_011/mutations/mutated_0003.html (1259)
[45658:45658:0324/082952.287850:INFO:CONSOLE(1276)] "Uncaught SyntaxError: Unexpected end of input", source: file:///home/dhia/browser-fuzzer/Dissertation/logger/run_20250324_064826/round_011/mutations/mutated_0003.html (1276)
[45658:45658:0324/082952.297326:INFO:CONSOLE(1277)] "Uncaught SyntaxError: Unexpected end of input", source: file:///home/dhia/browser-fuzzer/Dissertation/logger/run_20250324_064826/round_011/mutations/mutated_0003.html (1277)
[45658:45658:0324/082952.547228:INFO:CONSOLE(1280)] "Uncaught SyntaxError: Invalid or unexpected token", source: file:///home/dhia/browser-fuzzer/Dissertation/logger/run_20250324_064826/round_011/mutations/mutated_0003.html (1280)
[45658:45658:0324/082952.554990:INFO:CONSOLE(1281)] "Uncaught SyntaxError: Invalid or unexpected token", source: file:///home/dhia/browser-fuzzer/Dissertation/logger/run_20250324_064826/round_011/mutations/mutated_0003.html (1281)
[45658:45658:0324/082952.573792:INFO:CONSOLE(1282)] "Uncaught SyntaxError: Invalid or unexpected token", source: file:///home/dhia/browser-fuzzer/Dissertation/logger/run_20250324_064826/round_011/mutations/mutated_0003.html (1282)
[45658:45658:0324/082952.707944:INFO:CONSOLE(1283)] "Uncaught SyntaxError: Invalid or unexpected token", source: file:///home/dhia/browser-fuzzer/Dissertation/logger/run_20250324_064826/round_011/mutations/mutated_0003.html (1283)
[45658:45658:0324/082952.716316:INFO:CONSOLE(1284)] "Uncaught SyntaxError: Invalid or unexpected token", source: file:///home/dhia/browser-fuzzer/Dissertation/logger/run_20250324_064826/round_011/mutations/mutated_0003.html (1284)
[45658:45658:0324/082952.733541:INFO:CONSOLE(1285)] "Uncaught SyntaxError: Invalid or unexpected token", source: file:///home/dhia/browser-fuzzer/Dissertation/logger/run_20250324_064826/round_011/mutations/mutated_0003.html (1285)
[45658:45658:0324/082952.890401:INFO:CONSOLE(1286)] "Uncaught SyntaxError: Invalid or unexpected token", source: file:///home/dhia/browser-fuzzer/Dissertation/logger/run_20250324_064826/round_011/mutations/mutated_0003.html (1286)
[45658:45658:0324/082952.908919:INFO:CONSOLE(1287)] "Uncaught SyntaxError: Invalid or unexpected token", source: file:///home/dhia/browser-fuzzer/Dissertation/logger/run_20250324_064826/round_011/mutations/mutated_0003.html (1287)
[45658:45658:0324/082952.917775:INFO:CONSOLE(1288)] "Uncaught SyntaxError: Invalid or unexpected token", source: file:///home/dhia/browser-fuzzer/Dissertation/logger/run_20250324_064826/round_011/mutations/mutated_0003.html (1288)
[45658:45658:0324/082953.055862:INFO:CONSOLE(1289)] "Uncaught SyntaxError: Invalid or unexpected token", source: file:///home/dhia/browser-fuzzer/Dissertation/logger/run_20250324_064826/round_011/mutations/mutated_0003.html (1289)
[45658:45658:0324/082953.515785:INFO:CONSOLE(1392)] "Uncaught SyntaxError: Unexpected end of input", source: file:///home/dhia/browser-fuzzer/Dissertation/logger/run_20250324_064826/round_011/mutations/mutated_0003.html (1392)
[45658:45658:0324/082953.519235:INFO:CONSOLE(1393)] "Uncaught SyntaxError: Unexpected end of input", source: file:///home/dhia/browser-fuzzer/Dissertation/logger/run_20250324_064826/round_011/mutations/mutated_0003.html (1393)
[45658:45658:0324/082953.527757:INFO:CONSOLE(1394)] "Uncaught SyntaxError: Unexpected end of input", source: file:///home/dhia/browser-fuzzer/Dissertation/logger/run_20250324_064826/round_011/mutations/mutated_0003.html (1394)
[45658:45658:0324/082953.742585:INFO:CONSOLE(1396)] "Uncaught SyntaxError: Invalid or unexpected token", source: file:///home/dhia/browser-fuzzer/Dissertation/logger/run_20250324_064826/round_011/mutations/mutated_0003.html (1396)
[45658:45658:0324/082954.223333:INFO:CONSOLE(1421)] "Uncaught SyntaxError: Invalid or unexpected token", source: file:///home/dhia/browser-fuzzer/Dissertation/logger/run_20250324_064826/round_011/mutations/mutated_0003.html (1421)
[45658:45658:0324/082954.229219:INFO:CONSOLE(1422)] "Uncaught SyntaxError: Invalid or unexpected token", source: file:///home/dhia/browser-fuzzer/Dissertation/logger/run_20250324_064826/round_011/mutations/mutated_0003.html (1422)
[45658:45658:0324/082954.233349:INFO:CONSOLE(1423)] "Uncaught SyntaxError: Invalid or unexpected token", source: file:///home/dhia/browser-fuzzer/Dissertation/logger/run_20250324_064826/round_011/mutations/mutated_0003.html (1423)
[45658:45658:0324/082954.390257:INFO:CONSOLE(1424)] "Uncaught SyntaxError: Invalid or unexpected token", source: file:///home/dhia/browser-fuzzer/Dissertation/logger/run_20250324_064826/round_011/mutations/mutated_0003.html (1424)
[45658:45658:0324/082954.394538:INFO:CONSOLE(1426)] "Uncaught SyntaxError: Invalid or unexpected token", source: file:///home/dhia/browser-fuzzer/Dissertation/logger/run_20250324_064826/round_011/mutations/mutated_0003.html (1426)
[45658:45658:0324/082954.595897:INFO:CONSOLE(1427)] "Uncaught SyntaxError: Invalid or unexpected token", source: file:///home/dhia/browser-fuzzer/Dissertation/logger/run_20250324_064826/round_011/mutations/mutated_0003.html (1427)
[45658:45658:0324/082954.607882:INFO:CONSOLE(1434)] "Uncaught SyntaxError: Invalid or unexpected token", source: file:///home/dhia/browser-fuzzer/Dissertation/logger/run_20250324_064826/round_011/mutations/mutated_0003.html (1434)
[45658:45658:0324/082954.650706:INFO:CONSOLE(1435)] "Uncaught SyntaxError: Invalid or unexpected token", source: file:///home/dhia/browser-fuzzer/Dissertation/logger/run_20250324_064826/round_011/mutations/mutated_0003.html (1435)
[45658:45658:0324/082956.527036:INFO:CONSOLE(1484)] "Uncaught SyntaxError: Invalid or unexpected token", source: file:///home/dhia/browser-fuzzer/Dissertation/logger/run_20250324_064826/round_011/mutations/mutated_0003.html (1484)
[45658:45658:0324/082956.531634:INFO:CONSOLE(1485)] "Uncaught SyntaxError: Invalid or unexpected token", source: file:///home/dhia/browser-fuzzer/Dissertation/logger/run_20250324_064826/round_011/mutations/mutated_0003.html (1485)
[45658:45658:0324/082956.538628:INFO:CONSOLE(1486)] "Uncaught SyntaxError: Invalid or unexpected token", source: file:///home/dhia/browser-fuzzer/Dissertation/logger/run_20250324_064826/round_011/mutations/mutated_0003.html (1486)
[45658:45658:0324/082956.764307:INFO:CONSOLE(1487)] "Uncaught SyntaxError: Invalid or unexpected token", source: file:///home/dhia/browser-fuzzer/Dissertation/logger/run_20250324_064826/round_011/mutations/mutated_0003.html (1487)
[45658:45658:0324/082956.780570:INFO:CONSOLE(1489)] "Uncaught SyntaxError: Invalid or unexpected token", source: file:///home/dhia/browser-fuzzer/Dissertation/logger/run_20250324_064826/round_011/mutations/mutated_0003.html (1489)
[45658:45658:0324/082956.815308:INFO:CONSOLE(1490)] "Uncaught SyntaxError: Invalid or unexpected token", source: file:///home/dhia/browser-fuzzer/Dissertation/logger/run_20250324_064826/round_011/mutations/mutated_0003.html (1490)
[45658:45658:0324/082956.829047:INFO:CONSOLE(1497)] "Uncaught SyntaxError: Invalid or unexpected token", source: file:///home/dhia/browser-fuzzer/Dissertation/logger/run_20250324_064826/round_011/mutations/mutated_0003.html (1497)
[45658:45658:0324/082957.088471:INFO:CONSOLE(1498)] "Uncaught SyntaxError: Invalid or unexpected token", source: file:///home/dhia/browser-fuzzer/Dissertation/logger/run_20250324_064826/round_011/mutations/mutated_0003.html (1498)
[45658:45658:0324/082957.096341:INFO:CONSOLE(1499)] "Uncaught SyntaxError: Invalid or unexpected token", source: file:///home/dhia/browser-fuzzer/Dissertation/logger/run_20250324_064826/round_011/mutations/mutated_0003.html (1499)
[45658:45658:0324/082957.124159:INFO:CONSOLE(1500)] "Uncaught SyntaxError: Invalid or unexpected token", source: file:///home/dhia/browser-fuzzer/Dissertation/logger/run_20250324_064826/round_011/mutations/mutated_0003.html (1500)
[45658:45658:0324/082957.145260:INFO:CONSOLE(1501)] "Uncaught SyntaxError: Invalid or unexpected token", source: file:///home/dhia/browser-fuzzer/Dissertation/logger/run_20250324_064826/round_011/mutations/mutated_0003.html (1501)
[45658:45658:0324/082957.821214:INFO:CONSOLE(1520)] "Uncaught SyntaxError: Invalid or unexpected token", source: file:///home/dhia/browser-fuzzer/Dissertation/logger/run_20250324_064826/round_011/mutations/mutated_0003.html (1520)
[45658:45658:0324/082957.826749:INFO:CONSOLE(1521)] "Uncaught SyntaxError: Invalid or unexpected token", source: file:///home/dhia/browser-fuzzer/Dissertation/logger/run_20250324_064826/round_011/mutations/mutated_0003.html (1521)
[45658:45658:0324/082959.509095:INFO:CONSOLE(1575)] "Uncaught SyntaxError: Invalid or unexpected token", source: file:///home/dhia/browser-fuzzer/Dissertation/logger/run_20250324_064826/round_011/mutations/mutated_0003.html (1575)
[45658:45658:0324/082959.512809:INFO:CONSOLE(1576)] "Uncaught SyntaxError: Invalid or unexpected token", source: file:///home/dhia/browser-fuzzer/Dissertation/logger/run_20250324_064826/round_011/mutations/mutated_0003.html (1576)
[45658:45658:0324/082959.726877:INFO:CONSOLE(1602)] "Uncaught SyntaxError: Unexpected end of input", source: file:///home/dhia/browser-fuzzer/Dissertation/logger/run_20250324_064826/round_011/mutations/mutated_0003.html (1602)
[45658:45658:0324/082959.755171:INFO:CONSOLE(1605)] "Uncaught SyntaxError: Invalid or unexpected token", source: file:///home/dhia/browser-fuzzer/Dissertation/logger/run_20250324_064826/round_011/mutations/mutated_0003.html (1605)
[45658:45658:0324/082959.762332:INFO:CONSOLE(1606)] "Uncaught SyntaxError: Invalid or unexpected token", source: file:///home/dhia/browser-fuzzer/Dissertation/logger/run_20250324_064826/round_011/mutations/mutated_0003.html (1606)
[45658:45658:0324/083000.031772:INFO:CONSOLE(1607)] "Uncaught SyntaxError: Invalid or unexpected token", source: file:///home/dhia/browser-fuzzer/Dissertation/logger/run_20250324_064826/round_011/mutations/mutated_0003.html (1607)
[45658:45658:0324/083000.044918:INFO:CONSOLE(1608)] "Uncaught SyntaxError: Invalid or unexpected token", source: file:///home/dhia/browser-fuzzer/Dissertation/logger/run_20250324_064826/round_011/mutations/mutated_0003.html (1608)
[45658:45658:0324/083000.052430:INFO:CONSOLE(1609)] "Uncaught SyntaxError: Invalid or unexpected token", source: file:///home/dhia/browser-fuzzer/Dissertation/logger/run_20250324_064826/round_011/mutations/mutated_0003.html (1609)
[45658:45658:0324/083000.214229:INFO:CONSOLE(1610)] "Uncaught SyntaxError: Invalid or unexpected token", source: file:///home/dhia/browser-fuzzer/Dissertation/logger/run_20250324_064826/round_011/mutations/mutated_0003.html (1610)
[45658:45658:0324/083000.224336:INFO:CONSOLE(1611)] "Uncaught SyntaxError: Invalid or unexpected token", source: file:///home/dhia/browser-fuzzer/Dissertation/logger/run_20250324_064826/round_011/mutations/mutated_0003.html (1611)
[45658:45658:0324/083000.230556:INFO:CONSOLE(1612)] "Uncaught SyntaxError: Invalid or unexpected token", source: file:///home/dhia/browser-fuzzer/Dissertation/logger/run_20250324_064826/round_011/mutations/mutated_0003.html (1612)
[45658:45658:0324/083000.361955:INFO:CONSOLE(1613)] "Uncaught SyntaxError: Invalid or unexpected token", source: file:///home/dhia/browser-fuzzer/Dissertation/logger/run_20250324_064826/round_011/mutations/mutated_0003.html (1613)
[45658:45658:0324/083000.894126:INFO:CONSOLE(1759)] "Uncaught SyntaxError: Unexpected end of input", source: file:///home/dhia/browser-fuzzer/Dissertation/logger/run_20250324_064826/round_011/mutations/mutated_0003.html (1759)
[45658:45658:0324/083000.898233:INFO:CONSOLE(1761)] "Uncaught SyntaxError: Invalid or unexpected token", source: file:///home/dhia/browser-fuzzer/Dissertation/logger/run_20250324_064826/round_011/mutations/mutated_0003.html (1761)
[45658:45658:0324/083001.641580:INFO:CONSOLE(1782)] "Uncaught SyntaxError: missing ) after argument list", source: file:///home/dhia/browser-fuzzer/Dissertation/logger/run_20250324_064826/round_011/mutations/mutated_0003.html (1782)
[45658:45658:0324/083001.834519:INFO:CONSOLE(1786)] "Uncaught SyntaxError: Invalid or unexpected token", source: file:///home/dhia/browser-fuzzer/Dissertation/logger/run_20250324_064826/round_011/mutations/mutated_0003.html (1786)
[45658:45658:0324/083001.843091:INFO:CONSOLE(1787)] "Uncaught SyntaxError: Invalid or unexpected token", source: file:///home/dhia/browser-fuzzer/Dissertation/logger/run_20250324_064826/round_011/mutations/mutated_0003.html (1787)
[45658:45658:0324/083002.016408:INFO:CONSOLE(1788)] "Uncaught SyntaxError: Invalid or unexpected token", source: file:///home/dhia/browser-fuzzer/Dissertation/logger/run_20250324_064826/round_011/mutations/mutated_0003.html (1788)
[45658:45658:0324/083002.034273:INFO:CONSOLE(1802)] "Uncaught SyntaxError: Invalid or unexpected token", source: file:///home/dhia/browser-fuzzer/Dissertation/logger/run_20250324_064826/round_011/mutations/mutated_0003.html (1802)
[45658:45658:0324/083002.250691:INFO:CONSOLE(1803)] "Uncaught SyntaxError: Invalid or unexpected token", source: file:///home/dhia/browser-fuzzer/Dissertation/logger/run_20250324_064826/round_011/mutations/mutated_0003.html (1803)
[45658:45658:0324/083002.265165:INFO:CONSOLE(1816)] "Uncaught SyntaxError: Invalid or unexpected token", source: file:///home/dhia/browser-fuzzer/Dissertation/logger/run_20250324_064826/round_011/mutations/mutated_0003.html (1816)
[45658:45658:0324/083002.286834:INFO:CONSOLE(1823)] "Uncaught SyntaxError: Invalid or unexpected token", source: file:///home/dhia/browser-fuzzer/Dissertation/logger/run_20250324_064826/round_011/mutations/mutated_0003.html (1823)
[45658:45658:0324/083002.297668:INFO:CONSOLE(1824)] "Uncaught SyntaxError: Invalid or unexpected token", source: file:///home/dhia/browser-fuzzer/Dissertation/logger/run_20250324_064826/round_011/mutations/mutated_0003.html (1824)
[45658:45658:0324/083002.505233:INFO:CONSOLE(1861)] "Uncaught SyntaxError: Invalid or unexpected token", source: file:///home/dhia/browser-fuzzer/Dissertation/logger/run_20250324_064826/round_011/mutations/mutated_0003.html (1861)
[45658:45658:0324/083002.526708:INFO:CONSOLE(1862)] "Uncaught SyntaxError: Invalid or unexpected token", source: file:///home/dhia/browser-fuzzer/Dissertation/logger/run_20250324_064826/round_011/mutations/mutated_0003.html (1862)
[45658:45658:0324/083002.531076:INFO:CONSOLE(1863)] "Uncaught SyntaxError: Invalid or unexpected token", source: file:///home/dhia/browser-fuzzer/Dissertation/logger/run_20250324_064826/round_011/mutations/mutated_0003.html (1863)
[45658:45658:0324/083004.748491:INFO:CONSOLE(1865)] "Uncaught SyntaxError: Invalid or unexpected token", source: file:///home/dhia/browser-fuzzer/Dissertation/logger/run_20250324_064826/round_011/mutations/mutated_0003.html (1865)
[45658:45658:0324/083004.760692:INFO:CONSOLE(1876)] "Uncaught SyntaxError: Invalid or unexpected token", source: file:///home/dhia/browser-fuzzer/Dissertation/logger/run_20250324_064826/round_011/mutations/mutated_0003.html (1876)
[45658:45658:0324/083004.782114:INFO:CONSOLE(1883)] "Uncaught SyntaxError: Invalid or unexpected token", source: file:///home/dhia/browser-fuzzer/Dissertation/logger/run_20250324_064826/round_011/mutations/mutated_0003.html (1883)
[45658:45658:0324/083004.796384:INFO:CONSOLE(1884)] "Uncaught SyntaxError: Invalid or unexpected token", source: file:///home/dhia/browser-fuzzer/Dissertation/logger/run_20250324_064826/round_011/mutations/mutated_0003.html (1884)
[45658:45658:0324/083005.050375:INFO:CONSOLE(1891)] "Uncaught SyntaxError: Invalid or unexpected token", source: file:///home/dhia/browser-fuzzer/Dissertation/logger/run_20250324_064826/round_011/mutations/mutated_0003.html (1891)
[45658:45658:0324/083005.060057:INFO:CONSOLE(1892)] "Uncaught SyntaxError: Invalid or unexpected token", source: file:///home/dhia/browser-fuzzer/Dissertation/logger/run_20250324_064826/round_011/mutations/mutated_0003.html (1892)
[45658:45658:0324/083005.064863:INFO:CONSOLE(1893)] "Uncaught SyntaxError: Invalid or unexpected token", source: file:///home/dhia/browser-fuzzer/Dissertation/logger/run_20250324_064826/round_011/mutations/mutated_0003.html (1893)
[45658:45658:0324/083005.679359:INFO:CONSOLE(1902)] "Uncaught SyntaxError: Invalid or unexpected token", source: file:///home/dhia/browser-fuzzer/Dissertation/logger/run_20250324_064826/round_011/mutations/mutated_0003.html (1902)
[45658:45658:0324/083005.686251:INFO:CONSOLE(1903)] "Uncaught SyntaxError: Invalid or unexpected token", source: file:///home/dhia/browser-fuzzer/Dissertation/logger/run_20250324_064826/round_011/mutations/mutated_0003.html (1903)
[45658:45658:0324/083008.044244:INFO:CONSOLE(2005)] "Uncaught SyntaxError: Invalid or unexpected token", source: file:///home/dhia/browser-fuzzer/Dissertation/logger/run_20250324_064826/round_011/mutations/mutated_0003.html (2005)
[45658:45658:0324/083008.064003:INFO:CONSOLE(2006)] "Uncaught SyntaxError: Invalid or unexpected token", source: file:///home/dhia/browser-fuzzer/Dissertation/logger/run_20250324_064826/round_011/mutations/mutated_0003.html (2006)
[45658:45658:0324/083008.348583:INFO:CONSOLE(2033)] "Uncaught SyntaxError: Unexpected end of input", source: file:///home/dhia/browser-fuzzer/Dissertation/logger/run_20250324_064826/round_011/mutations/mutated_0003.html (2033)
[45658:45658:0324/083008.367341:INFO:CONSOLE(2087)] "Uncaught SyntaxError: Invalid or unexpected token", source: file:///home/dhia/browser-fuzzer/Dissertation/logger/run_20250324_064826/round_011/mutations/mutated_0003.html (2087)
[45658:45658:0324/083009.042843:INFO:CONSOLE(2088)] "Uncaught SyntaxError: Invalid or unexpected token", source: file:///home/dhia/browser-fuzzer/Dissertation/logger/run_20250324_064826/round_011/mutations/mutated_0003.html (2088)
[45658:45658:0324/083009.272129:INFO:CONSOLE(2115)] "Uncaught SyntaxError: Unexpected end of input", source: file:///home/dhia/browser-fuzzer/Dissertation/logger/run_20250324_064826/round_011/mutations/mutated_0003.html (2115)
[45658:45658:0324/083009.279095:INFO:CONSOLE(2118)] "Uncaught SyntaxError: Invalid or unexpected token", source: file:///home/dhia/browser-fuzzer/Dissertation/logger/run_20250324_064826/round_011/mutations/mutated_0003.html (2118)
[45658:45658:0324/083009.285437:INFO:CONSOLE(2119)] "Uncaught SyntaxError: Invalid or unexpected token", source: file:///home/dhia/browser-fuzzer/Dissertation/logger/run_20250324_064826/round_011/mutations/mutated_0003.html (2119)
[45658:45658:0324/083009.502422:INFO:CONSOLE(2120)] "Uncaught SyntaxError: Invalid or unexpected token", source: file:///home/dhia/browser-fuzzer/Dissertation/logger/run_20250324_064826/round_011/mutations/mutated_0003.html (2120)
[45658:45658:0324/083009.514345:INFO:CONSOLE(2121)] "Uncaught SyntaxError: Invalid or unexpected token", source: file:///home/dhia/browser-fuzzer/Dissertation/logger/run_20250324_064826/round_011/mutations/mutated_0003.html (2121)
[45658:45658:0324/083009.526198:INFO:CONSOLE(2122)] "Uncaught SyntaxError: Invalid or unexpected token", source: file:///home/dhia/browser-fuzzer/Dissertation/logger/run_20250324_064826/round_011/mutations/mutated_0003.html (2122)
[45658:45658:0324/083009.719359:INFO:CONSOLE(2123)] "Uncaught SyntaxError: Invalid or unexpected token", source: file:///home/dhia/browser-fuzzer/Dissertation/logger/run_20250324_064826/round_011/mutations/mutated_0003.html (2123)
[45658:45658:0324/083009.730329:INFO:CONSOLE(2124)] "Uncaught SyntaxError: Invalid or unexpected token", source: file:///home/dhia/browser-fuzzer/Dissertation/logger/run_20250324_064826/round_011/mutations/mutated_0003.html (2124)
[45658:45658:0324/083009.738666:INFO:CONSOLE(2125)] "Uncaught SyntaxError: Invalid or unexpected token", source: file:///home/dhia/browser-fuzzer/Dissertation/logger/run_20250324_064826/round_011/mutations/mutated_0003.html (2125)
[45658:45658:0324/083009.979940:INFO:CONSOLE(2247)] "Uncaught SyntaxError: Unexpected end of input", source: file:///home/dhia/browser-fuzzer/Dissertation/logger/run_20250324_064826/round_011/mutations/mutated_0003.html (2247)
[45658:45658:0324/083009.987391:INFO:CONSOLE(2249)] "Uncaught SyntaxError: Invalid or unexpected token", source: file:///home/dhia/browser-fuzzer/Dissertation/logger/run_20250324_064826/round_011/mutations/mutated_0003.html (2249)
[45658:45658:0324/083011.218353:INFO:CONSOLE(2273)] "Uncaught SyntaxError: Invalid or unexpected token", source: file:///home/dhia/browser-fuzzer/Dissertation/logger/run_20250324_064826/round_011/mutations/mutated_0003.html (2273)
[45658:45658:0324/083011.243291:INFO:CONSOLE(2274)] "Uncaught SyntaxError: Invalid or unexpected token", source: file:///home/dhia/browser-fuzzer/Dissertation/logger/run_20250324_064826/round_011/mutations/mutated_0003.html (2274)
[45658:45658:0324/083011.250464:INFO:CONSOLE(2275)] "Uncaught SyntaxError: Invalid or unexpected token", source: file:///home/dhia/browser-fuzzer/Dissertation/logger/run_20250324_064826/round_011/mutations/mutated_0003.html (2275)
[45658:45658:0324/083011.449873:INFO:CONSOLE(2289)] "Uncaught SyntaxError: Invalid or unexpected token", source: file:///home/dhia/browser-fuzzer/Dissertation/logger/run_20250324_064826/round_011/mutations/mutated_0003.html (2289)
[45658:45658:0324/083011.479958:INFO:CONSOLE(2296)] "Uncaught SyntaxError: Invalid or unexpected token", source: file:///home/dhia/browser-fuzzer/Dissertation/logger/run_20250324_064826/round_011/mutations/mutated_0003.html (2296)
[45658:45658:0324/083011.699947:INFO:CONSOLE(2297)] "Uncaught SyntaxError: Invalid or unexpected token", source: file:///home/dhia/browser-fuzzer/Dissertation/logger/run_20250324_064826/round_011/mutations/mutated_0003.html (2297)
[45658:45658:0324/083011.727527:INFO:CONSOLE(2334)] "Uncaught SyntaxError: Invalid or unexpected token", source: file:///home/dhia/browser-fuzzer/Dissertation/logger/run_20250324_064826/round_011/mutations/mutated_0003.html (2334)
[45658:45658:0324/083011.745227:INFO:CONSOLE(2335)] "Uncaught SyntaxError: Invalid or unexpected token", source: file:///home/dhia/browser-fuzzer/Dissertation/logger/run_20250324_064826/round_011/mutations/mutated_0003.html (2335)
[45658:45658:0324/083011.750637:INFO:CONSOLE(2336)] "Uncaught SyntaxError: Invalid or unexpected token", source: file:///home/dhia/browser-fuzzer/Dissertation/logger/run_20250324_064826/round_011/mutations/mutated_0003.html (2336)
[45658:45658:0324/083014.042783:INFO:CONSOLE(2337)] "Uncaught SyntaxError: Invalid or unexpected token", source: file:///home/dhia/browser-fuzzer/Dissertation/logger/run_20250324_064826/round_011/mutations/mutated_0003.html (2337)
[45658:45658:0324/083014.058038:INFO:CONSOLE(2339)] "Uncaught SyntaxError: Invalid or unexpected token", source: file:///home/dhia/browser-fuzzer/Dissertation/logger/run_20250324_064826/round_011/mutations/mutated_0003.html (2339)
[45658:45658:0324/083014.339436:INFO:CONSOLE(2340)] "Uncaught SyntaxError: Invalid or unexpected token", source: file:///home/dhia/browser-fuzzer/Dissertation/logger/run_20250324_064826/round_011/mutations/mutated_0003.html (2340)
[45658:45658:0324/083014.356337:INFO:CONSOLE(2357)] "Uncaught SyntaxError: Invalid or unexpected token", source: file:///home/dhia/browser-fuzzer/Dissertation/logger/run_20250324_064826/round_011/mutations/mutated_0003.html (2357)
[45658:45658:0324/083014.650238:INFO:CONSOLE(2358)] "Uncaught SyntaxError: Invalid or unexpected token", source: file:///home/dhia/browser-fuzzer/Dissertation/logger/run_20250324_064826/round_011/mutations/mutated_0003.html (2358)
[45658:45658:0324/083014.656706:INFO:CONSOLE(2365)] "Uncaught SyntaxError: Invalid or unexpected token", source: file:///home/dhia/browser-fuzzer/Dissertation/logger/run_20250324_064826/round_011/mutations/mutated_0003.html (2365)
[45658:45658:0324/083014.995224:INFO:CONSOLE(2366)] "Uncaught SyntaxError: Invalid or unexpected token", source: file:///home/dhia/browser-fuzzer/Dissertation/logger/run_20250324_064826/round_011/mutations/mutated_0003.html (2366)
[45658:45658:0324/083015.021309:INFO:CONSOLE(2367)] "Uncaught SyntaxError: Invalid or unexpected token", source: file:///home/dhia/browser-fuzzer/Dissertation/logger/run_20250324_064826/round_011/mutations/mutated_0003.html (2367)
[45658:45658:0324/083015.541061:INFO:CONSOLE(2386)] "Uncaught SyntaxError: Invalid or unexpected token", source: file:///home/dhia/browser-fuzzer/Dissertation/logger/run_20250324_064826/round_011/mutations/mutated_0003.html (2386)
[45658:45658:0324/083015.558582:INFO:CONSOLE(2387)] "Uncaught SyntaxError: Invalid or unexpected token", source: file:///home/dhia/browser-fuzzer/Dissertation/logger/run_20250324_064826/round_011/mutations/mutated_0003.html (2387)
[45658:45658:0324/083016.122052:INFO:CONSOLE(2405)] "Uncaught SyntaxError: Invalid or unexpected token", source: file:///home/dhia/browser-fuzzer/Dissertation/logger/run_20250324_064826/round_011/mutations/mutated_0003.html (2405)
[45658:45658:0324/083016.141110:INFO:CONSOLE(2406)] "Uncaught SyntaxError: Invalid or unexpected token", source: file:///home/dhia/browser-fuzzer/Dissertation/logger/run_20250324_064826/round_011/mutations/mutated_0003.html (2406)
[45658:45658:0324/083018.726014:INFO:CONSOLE(2460)] "Uncaught SyntaxError: Invalid or unexpected token", source: file:///home/dhia/browser-fuzzer/Dissertation/logger/run_20250324_064826/round_011/mutations/mutated_0003.html (2460)
[45658:45658:0324/083018.981098:INFO:CONSOLE(2477)] "Uncaught SyntaxError: Unexpected end of input", source: file:///home/dhia/browser-fuzzer/Dissertation/logger/run_20250324_064826/round_011/mutations/mutated_0003.html (2477)
[45658:45658:0324/083018.992050:INFO:CONSOLE(2480)] "Uncaught SyntaxError: Invalid or unexpected token", source: file:///home/dhia/browser-fuzzer/Dissertation/logger/run_20250324_064826/round_011/mutations/mutated_0003.html (2480)
[45658:45658:0324/083019.285560:INFO:CONSOLE(2481)] "Uncaught SyntaxError: Invalid or unexpected token", source: file:///home/dhia/browser-fuzzer/Dissertation/logger/run_20250324_064826/round_011/mutations/mutated_0003.html (2481)
[45658:45658:0324/083019.291140:INFO:CONSOLE(2482)] "Uncaught SyntaxError: Invalid or unexpected token", source: file:///home/dhia/browser-fuzzer/Dissertation/logger/run_20250324_064826/round_011/mutations/mutated_0003.html (2482)
[45658:45658:0324/083020.198163:INFO:CONSOLE(2535)] "Uncaught SyntaxError: Invalid or unexpected token", source: file:///home/dhia/browser-fuzzer/Dissertation/logger/run_20250324_064826/round_011/mutations/mutated_0003.html (2535)
[45658:45658:0324/083020.213309:INFO:CONSOLE(2536)] "Uncaught SyntaxError: Invalid or unexpected token", source: file:///home/dhia/browser-fuzzer/Dissertation/logger/run_20250324_064826/round_011/mutations/mutated_0003.html (2536)
[45658:45658:0324/083020.550610:INFO:CONSOLE(2553)] "Uncaught SyntaxError: Unexpected end of input", source: file:///home/dhia/browser-fuzzer/Dissertation/logger/run_20250324_064826/round_011/mutations/mutated_0003.html (2553)
[45658:45658:0324/083020.561945:INFO:CONSOLE(2607)] "Uncaught SyntaxError: Invalid or unexpected token", source: file:///home/dhia/browser-fuzzer/Dissertation/logger/run_20250324_064826/round_011/mutations/mutated_0003.html (2607)
[45658:45658:0324/083021.396563:INFO:CONSOLE(2624)] "Uncaught SyntaxError: Unexpected end of input", source: file:///home/dhia/browser-fuzzer/Dissertation/logger/run_20250324_064826/round_011/mutations/mutated_0003.html (2624)
[45658:45658:0324/083021.404605:INFO:CONSOLE(2626)] "Uncaught SyntaxError: Invalid or unexpected token", source: file:///home/dhia/browser-fuzzer/Dissertation/logger/run_20250324_064826/round_011/mutations/mutated_0003.html (2626)
[45658:45658:0324/083021.708509:INFO:CONSOLE(2629)] "Uncaught SyntaxError: Invalid or unexpected token", source: file:///home/dhia/browser-fuzzer/Dissertation/logger/run_20250324_064826/round_011/mutations/mutated_0003.html (2629)
[45658:45658:0324/083021.727330:INFO:CONSOLE(2630)] "Uncaught SyntaxError: Invalid or unexpected token", source: file:///home/dhia/browser-fuzzer/Dissertation/logger/run_20250324_064826/round_011/mutations/mutated_0003.html (2630)
[45658:45658:0324/083021.994435:INFO:CONSOLE(2741)] "Uncaught SyntaxError: Unexpected end of input", source: file:///home/dhia/browser-fuzzer/Dissertation/logger/run_20250324_064826/round_011/mutations/mutated_0003.html (2741)
[45658:45658:0324/083022.001281:INFO:CONSOLE(2744)] "Uncaught SyntaxError: Invalid or unexpected token", source: file:///home/dhia/browser-fuzzer/Dissertation/logger/run_20250324_064826/round_011/mutations/mutated_0003.html (2744)
[45658:45658:0324/083022.014747:INFO:CONSOLE(2745)] "Uncaught SyntaxError: Invalid or unexpected token", source: file:///home/dhia/browser-fuzzer/Dissertation/logger/run_20250324_064826/round_011/mutations/mutated_0003.html (2745)
[45658:45658:0324/083023.004759:INFO:CONSOLE(2752)] "Uncaught SyntaxError: Invalid or unexpected token", source: file:///home/dhia/browser-fuzzer/Dissertation/logger/run_20250324_064826/round_011/mutations/mutated_0003.html (2752)
[45658:45658:0324/083023.008826:INFO:CONSOLE(2753)] "Uncaught SyntaxError: Invalid or unexpected token", source: file:///home/dhia/browser-fuzzer/Dissertation/logger/run_20250324_064826/round_011/mutations/mutated_0003.html (2753)
[45658:45658:0324/083026.046702:INFO:CONSOLE(2790)] "Uncaught SyntaxError: Invalid or unexpected token", source: file:///home/dhia/browser-fuzzer/Dissertation/logger/run_20250324_064826/round_011/mutations/mutated_0003.html (2790)
[45658:45658:0324/083026.075669:INFO:CONSOLE(2791)] "Uncaught SyntaxError: Invalid or unexpected token", source: file:///home/dhia/browser-fuzzer/Dissertation/logger/run_20250324_064826/round_011/mutations/mutated_0003.html (2791)
[45658:45658:0324/083026.399138:INFO:CONSOLE(2804)] "Uncaught SyntaxError: Invalid or unexpected token", source: file:///home/dhia/browser-fuzzer/Dissertation/logger/run_20250324_064826/round_011/mutations/mutated_0003.html (2804)
[45658:45658:0324/083026.409133:INFO:CONSOLE(2806)] "Uncaught SyntaxError: Invalid or unexpected token", source: file:///home/dhia/browser-fuzzer/Dissertation/logger/run_20250324_064826/round_011/mutations/mutated_0003.html (2806)
[45658:45658:0324/083026.413323:INFO:CONSOLE(2807)] "Uncaught SyntaxError: Invalid or unexpected token", source: file:///home/dhia/browser-fuzzer/Dissertation/logger/run_20250324_064826/round_011/mutations/mutated_0003.html (2807)
[45658:45658:0324/083026.643185:INFO:CONSOLE(2808)] "Uncaught SyntaxError: Invalid or unexpected token", source: file:///home/dhia/browser-fuzzer/Dissertation/logger/run_20250324_064826/round_011/mutations/mutated_0003.html (2808)
[45658:45658:0324/083026.649736:INFO:CONSOLE(2809)] "Uncaught SyntaxError: Invalid or unexpected token", source: file:///home/dhia/browser-fuzzer/Dissertation/logger/run_20250324_064826/round_011/mutations/mutated_0003.html (2809)
[45658:45658:0324/083027.085581:INFO:CONSOLE(2869)] "Uncaught SyntaxError: Invalid or unexpected token", source: file:///home/dhia/browser-fuzzer/Dissertation/logger/run_20250324_064826/round_011/mutations/mutated_0003.html (2869)
[45658:45658:0324/083027.091036:INFO:CONSOLE(2870)] "Uncaught SyntaxError: Invalid or unexpected token", source: file:///home/dhia/browser-fuzzer/Dissertation/logger/run_20250324_064826/round_011/mutations/mutated_0003.html (2870)
[45658:45658:0324/083027.106346:INFO:CONSOLE(2871)] "Uncaught SyntaxError: Invalid or unexpected token", source: file:///home/dhia/browser-fuzzer/Dissertation/logger/run_20250324_064826/round_011/mutations/mutated_0003.html (2871)
[45658:45658:0324/083027.486711:INFO:CONSOLE(2872)] "Uncaught SyntaxError: Invalid or unexpected token", source: file:///home/dhia/browser-fuzzer/Dissertation/logger/run_20250324_064826/round_011/mutations/mutated_0003.html (2872)
[45658:45658:0324/083027.492251:INFO:CONSOLE(2873)] "Uncaught SyntaxError: Invalid or unexpected token", source: file:///home/dhia/browser-fuzzer/Dissertation/logger/run_20250324_064826/round_011/mutations/mutated_0003.html (2873)
[45658:45658:0324/083027.496796:INFO:CONSOLE(2874)] "Uncaught SyntaxError: Invalid or unexpected token", source: file:///home/dhia/browser-fuzzer/Dissertation/logger/run_20250324_064826/round_011/mutations/mutated_0003.html (2874)
[45658:45658:0324/083027.508779:INFO:CONSOLE(2875)] "Uncaught SyntaxError: Invalid or unexpected token", source: file:///home/dhia/browser-fuzzer/Dissertation/logger/run_20250324_064826/round_011/mutations/mutated_0003.html (2875)
[45658:45658:0324/083027.521092:INFO:CONSOLE(2876)] "Uncaught SyntaxError: Invalid or unexpected token", source: file:///home/dhia/browser-fuzzer/Dissertation/logger/run_20250324_064826/round_011/mutations/mutated_0003.html (2876)
[45658:45658:0324/083027.528767:INFO:CONSOLE(2877)] "Uncaught SyntaxError: Invalid or unexpected token", source: file:///home/dhia/browser-fuzzer/Dissertation/logger/run_20250324_064826/round_011/mutations/mutated_0003.html (2877)
[45658:45658:0324/083027.795517:INFO:CONSOLE(2884)] "Uncaught SyntaxError: Invalid or unexpected token", source: file:///home/dhia/browser-fuzzer/Dissertation/logger/run_20250324_064826/round_011/mutations/mutated_0003.html (2884)
[45658:45658:0324/083027.808902:INFO:CONSOLE(2885)] "Uncaught SyntaxError: Invalid or unexpected token", source: file:///home/dhia/browser-fuzzer/Dissertation/logger/run_20250324_064826/round_011/mutations/mutated_0003.html (2885)
[45658:45658:0324/083028.093438:INFO:CONSOLE(2886)] "Uncaught SyntaxError: Invalid or unexpected token", source: file:///home/dhia/browser-fuzzer/Dissertation/logger/run_20250324_064826/round_011/mutations/mutated_0003.html (2886)
[45658:45658:0324/083028.112897:INFO:CONSOLE(2887)] "Uncaught SyntaxError: Invalid or unexpected token", source: file:///home/dhia/browser-fuzzer/Dissertation/logger/run_20250324_064826/round_011/mutations/mutated_0003.html (2887)
[45658:45658:0324/083028.406381:INFO:CONSOLE(2894)] "Uncaught SyntaxError: Invalid or unexpected token", source: file:///home/dhia/browser-fuzzer/Dissertation/logger/run_20250324_064826/round_011/mutations/mutated_0003.html (2894)
[45658:45658:0324/083028.419136:INFO:CONSOLE(2895)] "Uncaught SyntaxError: Invalid or unexpected token", source: file:///home/dhia/browser-fuzzer/Dissertation/logger/run_20250324_064826/round_011/mutations/mutated_0003.html (2895)
[45658:45658:0324/083029.016651:INFO:CONSOLE(2903)] "Uncaught SyntaxError: Invalid or unexpected token", source: file:///home/dhia/browser-fuzzer/Dissertation/logger/run_20250324_064826/round_011/mutations/mutated_0003.html (2903)
[45658:45658:0324/083029.023975:INFO:CONSOLE(2904)] "Uncaught SyntaxError: Invalid or unexpected token", source: file:///home/dhia/browser-fuzzer/Dissertation/logger/run_20250324_064826/round_011/mutations/mutated_0003.html (2904)
[45658:45658:0324/083029.937062:ERROR:background_mode_manager_aura.cc(12)] Not implemented reached in virtual void BackgroundModeManager::EnableLaunchOnStartup(bool)
[45658:45658:0324/083030.193080:ERROR:kill_posix.cc(33)] waitpid(45726): No child processes (10)
[45658:45697:0324/083030.203401:WARNING:discardable_shared_memory_manager.cc(452)] Some MojoDiscardableSharedMemoryManagerImpls are still alive. They will be leaked.
