[226671:226671:0324/202544.505873:ERROR:cursor_factory.cc(96)] Not implemented reached in virtual void ui::CursorFactory::ObserveThemeChanges()
[226746:226746:0324/202545.105058:WARNING:sandbox_linux.cc(415)] InitializeSandbox() called with multiple threads in process gpu-process.
[226746:226746:0324/202545.128587:WARNING:viz_main_impl.cc(85)] VizNullHypothesis is disabled (not a warning)
[226671:226671:0324/202545.232318:WARNING:account_consistency_mode_manager.cc(72)] Desktop Identity Consistency cannot be enabled as no OAuth client ID and client secret have been configured.
[226747:226747:0324/202545.334494:WARNING:sandbox_linux.cc(415)] InitializeSandbox() called with multiple threads in process gpu-process.
[226747:226747:0324/202545.373153:WARNING:viz_main_impl.cc(85)] VizNullHypothesis is disabled (not a warning)
[226671:226671:0324/202546.464877:ERROR:platform_screen.cc(45)] Not implemented reached in virtual bool ui::PlatformScreen::IsScreenSaverActive() const
[226671:226671:0324/202546.464960:ERROR:platform_screen.cc(50)] Not implemented reached in virtual base::TimeDelta ui::PlatformScreen::CalculateIdleTime() const
[226671:226671:0324/202546.470054:WARNING:compose_enabling.cc(64)] Couldn't get country info.
[226671:226671:0324/202559.363346:INFO:CONSOLE(22)] "Uncaught SyntaxError: Invalid or unexpected token", source: file:///home/dhia/browser-fuzzer/Dissertation/logger/run_20250324_064826/round_086/mutations/mutated_0003.html (22)
[226671:226671:0324/202559.417255:INFO:CONSOLE(23)] "Uncaught SyntaxError: Invalid or unexpected token", source: file:///home/dhia/browser-fuzzer/Dissertation/logger/run_20250324_064826/round_086/mutations/mutated_0003.html (23)
[226671:226671:0324/202559.432750:INFO:CONSOLE(24)] "Uncaught SyntaxError: Invalid or unexpected token", source: file:///home/dhia/browser-fuzzer/Dissertation/logger/run_20250324_064826/round_086/mutations/mutated_0003.html (24)
[226671:226671:0324/202559.454087:INFO:CONSOLE(25)] "Uncaught SyntaxError: Invalid or unexpected token", source: file:///home/dhia/browser-fuzzer/Dissertation/logger/run_20250324_064826/round_086/mutations/mutated_0003.html (25)
[226671:226671:0324/202559.545616:INFO:CONSOLE(30)] "Uncaught SyntaxError: Invalid or unexpected token", source: file:///home/dhia/browser-fuzzer/Dissertation/logger/run_20250324_064826/round_086/mutations/mutated_0003.html (30)
[226671:226671:0324/202559.553058:INFO:CONSOLE(32)] "Uncaught SyntaxError: Invalid or unexpected token", source: file:///home/dhia/browser-fuzzer/Dissertation/logger/run_20250324_064826/round_086/mutations/mutated_0003.html (32)
[226671:226671:0324/202601.088883:INFO:CONSOLE(37)] "Uncaught SyntaxError: Invalid or unexpected token", source: file:///home/dhia/browser-fuzzer/Dissertation/logger/run_20250324_064826/round_086/mutations/mutated_0003.html (37)
[226671:226671:0324/202601.133961:INFO:CONSOLE(107)] "Uncaught SyntaxError: Unexpected end of input", source: file:///home/dhia/browser-fuzzer/Dissertation/logger/run_20250324_064826/round_086/mutations/mutated_0003.html (107)
[226671:226671:0324/202601.153903:INFO:CONSOLE(110)] "Uncaught SyntaxError: Invalid or unexpected token", source: file:///home/dhia/browser-fuzzer/Dissertation/logger/run_20250324_064826/round_086/mutations/mutated_0003.html (110)
[226671:226671:0324/202601.267248:INFO:CONSOLE(111)] "Uncaught SyntaxError: Invalid or unexpected token", source: file:///home/dhia/browser-fuzzer/Dissertation/logger/run_20250324_064826/round_086/mutations/mutated_0003.html (111)
[226671:226671:0324/202601.305861:INFO:CONSOLE(112)] "Uncaught SyntaxError: Invalid or unexpected token", source: file:///home/dhia/browser-fuzzer/Dissertation/logger/run_20250324_064826/round_086/mutations/mutated_0003.html (112)
[226671:226671:0324/202601.312091:INFO:CONSOLE(113)] "Uncaught SyntaxError: Invalid or unexpected token", source: file:///home/dhia/browser-fuzzer/Dissertation/logger/run_20250324_064826/round_086/mutations/mutated_0003.html (113)
[226671:226671:0324/202601.381026:INFO:CONSOLE(182)] "Uncaught SyntaxError: Unexpected end of input", source: file:///home/dhia/browser-fuzzer/Dissertation/logger/run_20250324_064826/round_086/mutations/mutated_0003.html (182)
[226671:226671:0324/202601.571151:INFO:CONSOLE(200)] "Uncaught SyntaxError: Invalid or unexpected token", source: file:///home/dhia/browser-fuzzer/Dissertation/logger/run_20250324_064826/round_086/mutations/mutated_0003.html (200)
[226671:226671:0324/202601.580954:INFO:CONSOLE(205)] "Uncaught SyntaxError: Invalid or unexpected token", source: file:///home/dhia/browser-fuzzer/Dissertation/logger/run_20250324_064826/round_086/mutations/mutated_0003.html (205)
[226671:226671:0324/202601.593341:INFO:CONSOLE(207)] "Uncaught SyntaxError: Invalid or unexpected token", source: file:///home/dhia/browser-fuzzer/Dissertation/logger/run_20250324_064826/round_086/mutations/mutated_0003.html (207)
[226671:226671:0324/202601.807525:INFO:CONSOLE(212)] "Uncaught SyntaxError: Invalid or unexpected token", source: file:///home/dhia/browser-fuzzer/Dissertation/logger/run_20250324_064826/round_086/mutations/mutated_0003.html (212)
[226671:226671:0324/202601.811636:INFO:CONSOLE(213)] "Uncaught SyntaxError: Invalid or unexpected token", source: file:///home/dhia/browser-fuzzer/Dissertation/logger/run_20250324_064826/round_086/mutations/mutated_0003.html (213)
[226671:226671:0324/202601.906217:INFO:CONSOLE(214)] "Uncaught SyntaxError: Invalid or unexpected token", source: file:///home/dhia/browser-fuzzer/Dissertation/logger/run_20250324_064826/round_086/mutations/mutated_0003.html (214)
[226671:226671:0324/202601.910702:INFO:CONSOLE(215)] "Uncaught SyntaxError: Invalid or unexpected token", source: file:///home/dhia/browser-fuzzer/Dissertation/logger/run_20250324_064826/round_086/mutations/mutated_0003.html (215)
[226671:226671:0324/202601.914525:INFO:CONSOLE(216)] "Uncaught SyntaxError: Invalid or unexpected token", source: file:///home/dhia/browser-fuzzer/Dissertation/logger/run_20250324_064826/round_086/mutations/mutated_0003.html (216)
[226671:226671:0324/202602.017209:INFO:CONSOLE(225)] "Uncaught SyntaxError: Invalid or unexpected token", source: file:///home/dhia/browser-fuzzer/Dissertation/logger/run_20250324_064826/round_086/mutations/mutated_0003.html (225)
[226671:226671:0324/202602.028862:INFO:CONSOLE(230)] "Uncaught SyntaxError: Invalid or unexpected token", source: file:///home/dhia/browser-fuzzer/Dissertation/logger/run_20250324_064826/round_086/mutations/mutated_0003.html (230)
[226671:226671:0324/202602.129426:INFO:CONSOLE(232)] "Uncaught SyntaxError: Invalid or unexpected token", source: file:///home/dhia/browser-fuzzer/Dissertation/logger/run_20250324_064826/round_086/mutations/mutated_0003.html (232)
[226671:226671:0324/202602.291691:INFO:CONSOLE(237)] "Uncaught SyntaxError: Invalid or unexpected token", source: file:///home/dhia/browser-fuzzer/Dissertation/logger/run_20250324_064826/round_086/mutations/mutated_0003.html (237)
[226671:226671:0324/202602.461911:INFO:CONSOLE(307)] "Uncaught SyntaxError: Unexpected end of input", source: file:///home/dhia/browser-fuzzer/Dissertation/logger/run_20250324_064826/round_086/mutations/mutated_0003.html (307)
[226671:226671:0324/202602.466712:INFO:CONSOLE(310)] "Uncaught SyntaxError: Invalid or unexpected token", source: file:///home/dhia/browser-fuzzer/Dissertation/logger/run_20250324_064826/round_086/mutations/mutated_0003.html (310)
[226671:226671:0324/202602.472162:INFO:CONSOLE(311)] "Uncaught SyntaxError: Invalid or unexpected token", source: file:///home/dhia/browser-fuzzer/Dissertation/logger/run_20250324_064826/round_086/mutations/mutated_0003.html (311)
[226671:226671:0324/202602.598363:INFO:CONSOLE(312)] "Uncaught SyntaxError: Invalid or unexpected token", source: file:///home/dhia/browser-fuzzer/Dissertation/logger/run_20250324_064826/round_086/mutations/mutated_0003.html (312)
[226671:226671:0324/202602.606847:INFO:CONSOLE(313)] "Uncaught SyntaxError: Invalid or unexpected token", source: file:///home/dhia/browser-fuzzer/Dissertation/logger/run_20250324_064826/round_086/mutations/mutated_0003.html (313)
[226671:226671:0324/202602.754058:INFO:CONSOLE(382)] "Uncaught SyntaxError: Unexpected end of input", source: file:///home/dhia/browser-fuzzer/Dissertation/logger/run_20250324_064826/round_086/mutations/mutated_0003.html (382)
[226671:226671:0324/202602.918144:INFO:CONSOLE(404)] "Uncaught SyntaxError: Invalid or unexpected token", source: file:///home/dhia/browser-fuzzer/Dissertation/logger/run_20250324_064826/round_086/mutations/mutated_0003.html (404)
[226671:226671:0324/202602.942232:INFO:CONSOLE(406)] "Uncaught SyntaxError: Invalid or unexpected token", source: file:///home/dhia/browser-fuzzer/Dissertation/logger/run_20250324_064826/round_086/mutations/mutated_0003.html (406)
[226671:226671:0324/202603.215074:INFO:CONSOLE(411)] "Uncaught SyntaxError: Invalid or unexpected token", source: file:///home/dhia/browser-fuzzer/Dissertation/logger/run_20250324_064826/round_086/mutations/mutated_0003.html (411)
[226671:226671:0324/202603.222741:INFO:CONSOLE(412)] "Uncaught SyntaxError: Invalid or unexpected token", source: file:///home/dhia/browser-fuzzer/Dissertation/logger/run_20250324_064826/round_086/mutations/mutated_0003.html (412)
[226671:226671:0324/202603.341938:INFO:CONSOLE(413)] "Uncaught SyntaxError: Invalid or unexpected token", source: file:///home/dhia/browser-fuzzer/Dissertation/logger/run_20250324_064826/round_086/mutations/mutated_0003.html (413)
[226671:226671:0324/202603.348832:INFO:CONSOLE(414)] "Uncaught SyntaxError: Invalid or unexpected token", source: file:///home/dhia/browser-fuzzer/Dissertation/logger/run_20250324_064826/round_086/mutations/mutated_0003.html (414)
[226671:226671:0324/202603.372731:INFO:CONSOLE(415)] "Uncaught SyntaxError: Invalid or unexpected token", source: file:///home/dhia/browser-fuzzer/Dissertation/logger/run_20250324_064826/round_086/mutations/mutated_0003.html (415)
[226671:226671:0324/202603.516306:INFO:CONSOLE(424)] "Uncaught SyntaxError: Invalid or unexpected token", source: file:///home/dhia/browser-fuzzer/Dissertation/logger/run_20250324_064826/round_086/mutations/mutated_0003.html (424)
[226671:226671:0324/202603.529649:INFO:CONSOLE(425)] "Uncaught SyntaxError: Invalid or unexpected token", source: file:///home/dhia/browser-fuzzer/Dissertation/logger/run_20250324_064826/round_086/mutations/mutated_0003.html (425)
[226671:226671:0324/202603.546260:INFO:CONSOLE(430)] "Uncaught SyntaxError: Invalid or unexpected token", source: file:///home/dhia/browser-fuzzer/Dissertation/logger/run_20250324_064826/round_086/mutations/mutated_0003.html (430)
[226671:226671:0324/202603.644815:INFO:CONSOLE(432)] "Uncaught SyntaxError: Invalid or unexpected token", source: file:///home/dhia/browser-fuzzer/Dissertation/logger/run_20250324_064826/round_086/mutations/mutated_0003.html (432)
[226671:226671:0324/202603.805276:INFO:CONSOLE(437)] "Uncaught SyntaxError: Invalid or unexpected token", source: file:///home/dhia/browser-fuzzer/Dissertation/logger/run_20250324_064826/round_086/mutations/mutated_0003.html (437)
[226671:226671:0324/202603.992748:INFO:CONSOLE(519)] "Uncaught SyntaxError: Unexpected end of input", source: file:///home/dhia/browser-fuzzer/Dissertation/logger/run_20250324_064826/round_086/mutations/mutated_0003.html (519)
[226671:226671:0324/202604.009645:INFO:CONSOLE(522)] "Uncaught SyntaxError: Invalid or unexpected token", source: file:///home/dhia/browser-fuzzer/Dissertation/logger/run_20250324_064826/round_086/mutations/mutated_0003.html (522)
[226671:226671:0324/202604.013537:INFO:CONSOLE(523)] "Uncaught SyntaxError: Invalid or unexpected token", source: file:///home/dhia/browser-fuzzer/Dissertation/logger/run_20250324_064826/round_086/mutations/mutated_0003.html (523)
[226671:226671:0324/202604.152631:INFO:CONSOLE(524)] "Uncaught SyntaxError: Invalid or unexpected token", source: file:///home/dhia/browser-fuzzer/Dissertation/logger/run_20250324_064826/round_086/mutations/mutated_0003.html (524)
[226671:226671:0324/202604.161927:INFO:CONSOLE(525)] "Uncaught SyntaxError: Invalid or unexpected token", source: file:///home/dhia/browser-fuzzer/Dissertation/logger/run_20250324_064826/round_086/mutations/mutated_0003.html (525)
[226671:226671:0324/202604.360835:INFO:CONSOLE(594)] "Uncaught SyntaxError: Unexpected end of input", source: file:///home/dhia/browser-fuzzer/Dissertation/logger/run_20250324_064826/round_086/mutations/mutated_0003.html (594)
[226671:226671:0324/202604.552267:INFO:CONSOLE(622)] "Uncaught SyntaxError: Invalid or unexpected token", source: file:///home/dhia/browser-fuzzer/Dissertation/logger/run_20250324_064826/round_086/mutations/mutated_0003.html (622)
[226671:226671:0324/202604.562518:INFO:CONSOLE(627)] "Uncaught SyntaxError: Invalid or unexpected token", source: file:///home/dhia/browser-fuzzer/Dissertation/logger/run_20250324_064826/round_086/mutations/mutated_0003.html (627)
[226671:226671:0324/202604.575958:INFO:CONSOLE(629)] "Uncaught SyntaxError: Invalid or unexpected token", source: file:///home/dhia/browser-fuzzer/Dissertation/logger/run_20250324_064826/round_086/mutations/mutated_0003.html (629)
[226671:226671:0324/202604.898126:INFO:CONSOLE(634)] "Uncaught SyntaxError: Invalid or unexpected token", source: file:///home/dhia/browser-fuzzer/Dissertation/logger/run_20250324_064826/round_086/mutations/mutated_0003.html (634)
[226671:226671:0324/202604.915227:INFO:CONSOLE(635)] "Uncaught SyntaxError: Invalid or unexpected token", source: file:///home/dhia/browser-fuzzer/Dissertation/logger/run_20250324_064826/round_086/mutations/mutated_0003.html (635)
[226671:226671:0324/202605.038695:INFO:CONSOLE(636)] "Uncaught SyntaxError: Invalid or unexpected token", source: file:///home/dhia/browser-fuzzer/Dissertation/logger/run_20250324_064826/round_086/mutations/mutated_0003.html (636)
[226671:226671:0324/202605.048042:INFO:CONSOLE(637)] "Uncaught SyntaxError: Invalid or unexpected token", source: file:///home/dhia/browser-fuzzer/Dissertation/logger/run_20250324_064826/round_086/mutations/mutated_0003.html (637)
[226671:226671:0324/202605.058599:INFO:CONSOLE(638)] "Uncaught SyntaxError: Invalid or unexpected token", source: file:///home/dhia/browser-fuzzer/Dissertation/logger/run_20250324_064826/round_086/mutations/mutated_0003.html (638)
[226671:226671:0324/202605.208396:INFO:CONSOLE(647)] "Uncaught SyntaxError: Invalid or unexpected token", source: file:///home/dhia/browser-fuzzer/Dissertation/logger/run_20250324_064826/round_086/mutations/mutated_0003.html (647)
[226671:226671:0324/202605.222959:INFO:CONSOLE(652)] "Uncaught SyntaxError: Invalid or unexpected token", source: file:///home/dhia/browser-fuzzer/Dissertation/logger/run_20250324_064826/round_086/mutations/mutated_0003.html (652)
[226671:226671:0324/202605.242650:INFO:CONSOLE(654)] "Uncaught SyntaxError: Invalid or unexpected token", source: file:///home/dhia/browser-fuzzer/Dissertation/logger/run_20250324_064826/round_086/mutations/mutated_0003.html (654)
[226671:226671:0324/202605.528277:INFO:CONSOLE(659)] "Uncaught SyntaxError: Invalid or unexpected token", source: file:///home/dhia/browser-fuzzer/Dissertation/logger/run_20250324_064826/round_086/mutations/mutated_0003.html (659)
[226671:226671:0324/202605.757367:INFO:CONSOLE(729)] "Uncaught SyntaxError: Unexpected end of input", source: file:///home/dhia/browser-fuzzer/Dissertation/logger/run_20250324_064826/round_086/mutations/mutated_0003.html (729)
[226671:226671:0324/202605.775994:INFO:CONSOLE(732)] "Uncaught SyntaxError: Invalid or unexpected token", source: file:///home/dhia/browser-fuzzer/Dissertation/logger/run_20250324_064826/round_086/mutations/mutated_0003.html (732)
[226671:226671:0324/202605.779408:INFO:CONSOLE(733)] "Uncaught SyntaxError: Invalid or unexpected token", source: file:///home/dhia/browser-fuzzer/Dissertation/logger/run_20250324_064826/round_086/mutations/mutated_0003.html (733)
[226671:226671:0324/202605.942426:INFO:CONSOLE(734)] "Uncaught SyntaxError: Invalid or unexpected token", source: file:///home/dhia/browser-fuzzer/Dissertation/logger/run_20250324_064826/round_086/mutations/mutated_0003.html (734)
[226671:226671:0324/202605.954631:INFO:CONSOLE(735)] "Uncaught SyntaxError: Invalid or unexpected token", source: file:///home/dhia/browser-fuzzer/Dissertation/logger/run_20250324_064826/round_086/mutations/mutated_0003.html (735)
[226671:226671:0324/202606.074871:INFO:CONSOLE(804)] "Uncaught SyntaxError: Unexpected end of input", source: file:///home/dhia/browser-fuzzer/Dissertation/logger/run_20250324_064826/round_086/mutations/mutated_0003.html (804)
[226671:226671:0324/202606.340190:INFO:CONSOLE(822)] "Uncaught SyntaxError: Invalid or unexpected token", source: file:///home/dhia/browser-fuzzer/Dissertation/logger/run_20250324_064826/round_086/mutations/mutated_0003.html (822)
[226671:226671:0324/202606.351364:INFO:CONSOLE(827)] "Uncaught SyntaxError: Invalid or unexpected token", source: file:///home/dhia/browser-fuzzer/Dissertation/logger/run_20250324_064826/round_086/mutations/mutated_0003.html (827)
[226671:226671:0324/202606.504180:INFO:CONSOLE(829)] "Uncaught SyntaxError: Invalid or unexpected token", source: file:///home/dhia/browser-fuzzer/Dissertation/logger/run_20250324_064826/round_086/mutations/mutated_0003.html (829)
[226671:226671:0324/202606.708252:INFO:CONSOLE(834)] "Uncaught SyntaxError: Invalid or unexpected token", source: file:///home/dhia/browser-fuzzer/Dissertation/logger/run_20250324_064826/round_086/mutations/mutated_0003.html (834)
[226671:226671:0324/202606.713182:INFO:CONSOLE(835)] "Uncaught SyntaxError: Invalid or unexpected token", source: file:///home/dhia/browser-fuzzer/Dissertation/logger/run_20250324_064826/round_086/mutations/mutated_0003.html (835)
[226671:226671:0324/202606.848849:INFO:CONSOLE(836)] "Uncaught SyntaxError: Invalid or unexpected token", source: file:///home/dhia/browser-fuzzer/Dissertation/logger/run_20250324_064826/round_086/mutations/mutated_0003.html (836)
[226671:226671:0324/202606.864013:INFO:CONSOLE(837)] "Uncaught SyntaxError: Invalid or unexpected token", source: file:///home/dhia/browser-fuzzer/Dissertation/logger/run_20250324_064826/round_086/mutations/mutated_0003.html (837)
[226671:226671:0324/202606.877486:INFO:CONSOLE(838)] "Uncaught SyntaxError: Invalid or unexpected token", source: file:///home/dhia/browser-fuzzer/Dissertation/logger/run_20250324_064826/round_086/mutations/mutated_0003.html (838)
[226671:226671:0324/202606.999888:INFO:CONSOLE(851)] "Uncaught SyntaxError: Invalid or unexpected token", source: file:///home/dhia/browser-fuzzer/Dissertation/logger/run_20250324_064826/round_086/mutations/mutated_0003.html (851)
[226671:226671:0324/202607.023896:INFO:CONSOLE(853)] "Uncaught SyntaxError: Invalid or unexpected token", source: file:///home/dhia/browser-fuzzer/Dissertation/logger/run_20250324_064826/round_086/mutations/mutated_0003.html (853)
[226671:226671:0324/202607.360061:INFO:CONSOLE(858)] "Uncaught SyntaxError: Invalid or unexpected token", source: file:///home/dhia/browser-fuzzer/Dissertation/logger/run_20250324_064826/round_086/mutations/mutated_0003.html (858)
[226671:226671:0324/202607.626135:INFO:CONSOLE(928)] "Uncaught SyntaxError: Unexpected end of input", source: file:///home/dhia/browser-fuzzer/Dissertation/logger/run_20250324_064826/round_086/mutations/mutated_0003.html (928)
[226671:226671:0324/202607.630856:INFO:CONSOLE(931)] "Uncaught SyntaxError: Invalid or unexpected token", source: file:///home/dhia/browser-fuzzer/Dissertation/logger/run_20250324_064826/round_086/mutations/mutated_0003.html (931)
[226671:226671:0324/202607.642954:INFO:CONSOLE(932)] "Uncaught SyntaxError: Invalid or unexpected token", source: file:///home/dhia/browser-fuzzer/Dissertation/logger/run_20250324_064826/round_086/mutations/mutated_0003.html (932)
[226671:226671:0324/202607.770064:INFO:CONSOLE(933)] "Uncaught SyntaxError: Invalid or unexpected token", source: file:///home/dhia/browser-fuzzer/Dissertation/logger/run_20250324_064826/round_086/mutations/mutated_0003.html (933)
[226671:226671:0324/202607.774474:INFO:CONSOLE(934)] "Uncaught SyntaxError: Invalid or unexpected token", source: file:///home/dhia/browser-fuzzer/Dissertation/logger/run_20250324_064826/round_086/mutations/mutated_0003.html (934)
[226671:226671:0324/202608.083510:INFO:CONSOLE(1003)] "Uncaught SyntaxError: Unexpected end of input", source: file:///home/dhia/browser-fuzzer/Dissertation/logger/run_20250324_064826/round_086/mutations/mutated_0003.html (1003)
[226671:226671:0324/202608.327628:INFO:CONSOLE(1025)] "Uncaught SyntaxError: Invalid or unexpected token", source: file:///home/dhia/browser-fuzzer/Dissertation/logger/run_20250324_064826/round_086/mutations/mutated_0003.html (1025)
[226671:226671:0324/202608.340844:INFO:CONSOLE(1027)] "Uncaught SyntaxError: Invalid or unexpected token", source: file:///home/dhia/browser-fuzzer/Dissertation/logger/run_20250324_064826/round_086/mutations/mutated_0003.html (1027)
[226671:226671:0324/202608.578341:INFO:CONSOLE(1032)] "Uncaught SyntaxError: Invalid or unexpected token", source: file:///home/dhia/browser-fuzzer/Dissertation/logger/run_20250324_064826/round_086/mutations/mutated_0003.html (1032)
[226671:226671:0324/202608.582295:INFO:CONSOLE(1033)] "Uncaught SyntaxError: Invalid or unexpected token", source: file:///home/dhia/browser-fuzzer/Dissertation/logger/run_20250324_064826/round_086/mutations/mutated_0003.html (1033)
[226671:226671:0324/202608.737726:INFO:CONSOLE(1034)] "Uncaught SyntaxError: Invalid or unexpected token", source: file:///home/dhia/browser-fuzzer/Dissertation/logger/run_20250324_064826/round_086/mutations/mutated_0003.html (1034)
[226671:226671:0324/202608.746841:INFO:CONSOLE(1035)] "Uncaught SyntaxError: Invalid or unexpected token", source: file:///home/dhia/browser-fuzzer/Dissertation/logger/run_20250324_064826/round_086/mutations/mutated_0003.html (1035)
[226671:226671:0324/202608.756720:INFO:CONSOLE(1036)] "Uncaught SyntaxError: Invalid or unexpected token", source: file:///home/dhia/browser-fuzzer/Dissertation/logger/run_20250324_064826/round_086/mutations/mutated_0003.html (1036)
[226671:226671:0324/202608.765647:INFO:CONSOLE(1049)] "Uncaught SyntaxError: Invalid or unexpected token", source: file:///home/dhia/browser-fuzzer/Dissertation/logger/run_20250324_064826/round_086/mutations/mutated_0003.html (1049)
[226671:226671:0324/202608.769373:INFO:CONSOLE(1051)] "Uncaught SyntaxError: Invalid or unexpected token", source: file:///home/dhia/browser-fuzzer/Dissertation/logger/run_20250324_064826/round_086/mutations/mutated_0003.html (1051)
[226671:226671:0324/202608.994126:INFO:CONSOLE(1056)] "Uncaught SyntaxError: Invalid or unexpected token", source: file:///home/dhia/browser-fuzzer/Dissertation/logger/run_20250324_064826/round_086/mutations/mutated_0003.html (1056)
[226671:226671:0324/202609.296226:INFO:CONSOLE(1126)] "Uncaught SyntaxError: Unexpected end of input", source: file:///home/dhia/browser-fuzzer/Dissertation/logger/run_20250324_064826/round_086/mutations/mutated_0003.html (1126)
[226671:226671:0324/202609.311803:INFO:CONSOLE(1129)] "Uncaught SyntaxError: Invalid or unexpected token", source: file:///home/dhia/browser-fuzzer/Dissertation/logger/run_20250324_064826/round_086/mutations/mutated_0003.html (1129)
[226671:226671:0324/202609.315339:INFO:CONSOLE(1130)] "Uncaught SyntaxError: Invalid or unexpected token", source: file:///home/dhia/browser-fuzzer/Dissertation/logger/run_20250324_064826/round_086/mutations/mutated_0003.html (1130)
[226671:226671:0324/202609.457327:INFO:CONSOLE(1135)] "Uncaught SyntaxError: Invalid or unexpected token", source: file:///home/dhia/browser-fuzzer/Dissertation/logger/run_20250324_064826/round_086/mutations/mutated_0003.html (1135)
[226671:226671:0324/202609.471758:INFO:CONSOLE(1137)] "Uncaught SyntaxError: Invalid or unexpected token", source: file:///home/dhia/browser-fuzzer/Dissertation/logger/run_20250324_064826/round_086/mutations/mutated_0003.html (1137)
[226671:226671:0324/202609.711826:INFO:CONSOLE(1142)] "Uncaught SyntaxError: Invalid or unexpected token", source: file:///home/dhia/browser-fuzzer/Dissertation/logger/run_20250324_064826/round_086/mutations/mutated_0003.html (1142)
[226671:226671:0324/202610.020550:INFO:CONSOLE(1212)] "Uncaught SyntaxError: Unexpected end of input", source: file:///home/dhia/browser-fuzzer/Dissertation/logger/run_20250324_064826/round_086/mutations/mutated_0003.html (1212)
[226671:226671:0324/202610.026585:INFO:CONSOLE(1215)] "Uncaught SyntaxError: Invalid or unexpected token", source: file:///home/dhia/browser-fuzzer/Dissertation/logger/run_20250324_064826/round_086/mutations/mutated_0003.html (1215)
[226671:226671:0324/202610.031505:INFO:CONSOLE(1216)] "Uncaught SyntaxError: Invalid or unexpected token", source: file:///home/dhia/browser-fuzzer/Dissertation/logger/run_20250324_064826/round_086/mutations/mutated_0003.html (1216)
[226671:226671:0324/202610.216013:INFO:CONSOLE(1217)] "Uncaught SyntaxError: Invalid or unexpected token", source: file:///home/dhia/browser-fuzzer/Dissertation/logger/run_20250324_064826/round_086/mutations/mutated_0003.html (1217)
[226671:226671:0324/202610.520688:INFO:CONSOLE(1286)] "Uncaught SyntaxError: Unexpected end of input", source: file:///home/dhia/browser-fuzzer/Dissertation/logger/run_20250324_064826/round_086/mutations/mutated_0003.html (1286)
[226671:226671:0324/202610.527326:INFO:CONSOLE(1288)] "Uncaught SyntaxError: Invalid or unexpected token", source: file:///home/dhia/browser-fuzzer/Dissertation/logger/run_20250324_064826/round_086/mutations/mutated_0003.html (1288)
[226671:226671:0324/202610.859044:INFO:CONSOLE(1357)] "Uncaught SyntaxError: Unexpected end of input", source: file:///home/dhia/browser-fuzzer/Dissertation/logger/run_20250324_064826/round_086/mutations/mutated_0003.html (1357)
[226671:226671:0324/202611.217776:INFO:CONSOLE(1427)] "Uncaught SyntaxError: Unexpected end of input", source: file:///home/dhia/browser-fuzzer/Dissertation/logger/run_20250324_064826/round_086/mutations/mutated_0003.html (1427)
[226671:226671:0324/202611.611595:INFO:CONSOLE(1497)] "Uncaught SyntaxError: Unexpected end of input", source: file:///home/dhia/browser-fuzzer/Dissertation/logger/run_20250324_064826/round_086/mutations/mutated_0003.html (1497)
[226671:226671:0324/202611.840166:INFO:CONSOLE(1515)] "Uncaught SyntaxError: Invalid or unexpected token", source: file:///home/dhia/browser-fuzzer/Dissertation/logger/run_20250324_064826/round_086/mutations/mutated_0003.html (1515)
[226671:226671:0324/202612.115648:INFO:CONSOLE(1585)] "Uncaught SyntaxError: Invalid or unexpected token", source: file:///home/dhia/browser-fuzzer/Dissertation/logger/run_20250324_064826/round_086/mutations/mutated_0003.html (1585)
[226671:226671:0324/202612.471994:INFO:CONSOLE(1603)] "Uncaught SyntaxError: Invalid or unexpected token", source: file:///home/dhia/browser-fuzzer/Dissertation/logger/run_20250324_064826/round_086/mutations/mutated_0003.html (1603)
[226671:226671:0324/202612.479063:INFO:CONSOLE(1607)] "Uncaught SyntaxError: Invalid or unexpected token", source: file:///home/dhia/browser-fuzzer/Dissertation/logger/run_20250324_064826/round_086/mutations/mutated_0003.html (1607)
[226671:226671:0324/202612.492532:INFO:CONSOLE(1609)] "Uncaught SyntaxError: Invalid or unexpected token", source: file:///home/dhia/browser-fuzzer/Dissertation/logger/run_20250324_064826/round_086/mutations/mutated_0003.html (1609)
[226671:226671:0324/202612.901348:INFO:CONSOLE(1614)] "Uncaught SyntaxError: Invalid or unexpected token", source: file:///home/dhia/browser-fuzzer/Dissertation/logger/run_20250324_064826/round_086/mutations/mutated_0003.html (1614)
[226671:226671:0324/202612.915780:INFO:CONSOLE(1615)] "Uncaught SyntaxError: Invalid or unexpected token", source: file:///home/dhia/browser-fuzzer/Dissertation/logger/run_20250324_064826/round_086/mutations/mutated_0003.html (1615)
[226671:226671:0324/202612.920477:INFO:CONSOLE(1619)] "Uncaught SyntaxError: Invalid or unexpected token", source: file:///home/dhia/browser-fuzzer/Dissertation/logger/run_20250324_064826/round_086/mutations/mutated_0003.html (1619)
[226671:226671:0324/202613.070187:INFO:CONSOLE(1621)] "Uncaught SyntaxError: Invalid or unexpected token", source: file:///home/dhia/browser-fuzzer/Dissertation/logger/run_20250324_064826/round_086/mutations/mutated_0003.html (1621)
[226671:226671:0324/202613.313436:INFO:CONSOLE(1626)] "Uncaught SyntaxError: Invalid or unexpected token", source: file:///home/dhia/browser-fuzzer/Dissertation/logger/run_20250324_064826/round_086/mutations/mutated_0003.html (1626)
[226671:226671:0324/202613.317380:INFO:CONSOLE(1627)] "Uncaught SyntaxError: Invalid or unexpected token", source: file:///home/dhia/browser-fuzzer/Dissertation/logger/run_20250324_064826/round_086/mutations/mutated_0003.html (1627)
[226671:226671:0324/202613.330305:INFO:CONSOLE(1631)] "Uncaught SyntaxError: Invalid or unexpected token", source: file:///home/dhia/browser-fuzzer/Dissertation/logger/run_20250324_064826/round_086/mutations/mutated_0003.html (1631)
[226671:226671:0324/202613.459397:INFO:CONSOLE(1633)] "Uncaught SyntaxError: Invalid or unexpected token", source: file:///home/dhia/browser-fuzzer/Dissertation/logger/run_20250324_064826/round_086/mutations/mutated_0003.html (1633)
[226671:226671:0324/202613.688775:INFO:CONSOLE(1638)] "Uncaught SyntaxError: Invalid or unexpected token", source: file:///home/dhia/browser-fuzzer/Dissertation/logger/run_20250324_064826/round_086/mutations/mutated_0003.html (1638)
[226671:226671:0324/202613.708197:INFO:CONSOLE(1642)] "Uncaught SyntaxError: Invalid or unexpected token", source: file:///home/dhia/browser-fuzzer/Dissertation/logger/run_20250324_064826/round_086/mutations/mutated_0003.html (1642)
[226671:226671:0324/202613.722859:INFO:CONSOLE(1644)] "Uncaught SyntaxError: Invalid or unexpected token", source: file:///home/dhia/browser-fuzzer/Dissertation/logger/run_20250324_064826/round_086/mutations/mutated_0003.html (1644)
[226671:226671:0324/202614.142906:INFO:CONSOLE(1649)] "Uncaught SyntaxError: Invalid or unexpected token", source: file:///home/dhia/browser-fuzzer/Dissertation/logger/run_20250324_064826/round_086/mutations/mutated_0003.html (1649)
[226671:226671:0324/202614.166060:INFO:CONSOLE(1651)] "Uncaught SyntaxError: Invalid or unexpected token", source: file:///home/dhia/browser-fuzzer/Dissertation/logger/run_20250324_064826/round_086/mutations/mutated_0003.html (1651)
[226671:226671:0324/202614.324515:INFO:CONSOLE(1652)] "Uncaught SyntaxError: Invalid or unexpected token", source: file:///home/dhia/browser-fuzzer/Dissertation/logger/run_20250324_064826/round_086/mutations/mutated_0003.html (1652)
[226671:226671:0324/202614.337665:INFO:CONSOLE(1653)] "Uncaught SyntaxError: Invalid or unexpected token", source: file:///home/dhia/browser-fuzzer/Dissertation/logger/run_20250324_064826/round_086/mutations/mutated_0003.html (1653)
[226671:226671:0324/202614.347389:INFO:CONSOLE(1654)] "Uncaught SyntaxError: Invalid or unexpected token", source: file:///home/dhia/browser-fuzzer/Dissertation/logger/run_20250324_064826/round_086/mutations/mutated_0003.html (1654)
[226671:226671:0324/202614.473885:INFO:CONSOLE(1655)] "Uncaught SyntaxError: Invalid or unexpected token", source: file:///home/dhia/browser-fuzzer/Dissertation/logger/run_20250324_064826/round_086/mutations/mutated_0003.html (1655)
[226671:226671:0324/202614.478256:INFO:CONSOLE(1656)] "Uncaught SyntaxError: Invalid or unexpected token", source: file:///home/dhia/browser-fuzzer/Dissertation/logger/run_20250324_064826/round_086/mutations/mutated_0003.html (1656)
[226671:226671:0324/202614.482995:INFO:CONSOLE(1657)] "Uncaught SyntaxError: Invalid or unexpected token", source: file:///home/dhia/browser-fuzzer/Dissertation/logger/run_20250324_064826/round_086/mutations/mutated_0003.html (1657)
[226671:226671:0324/202614.607680:INFO:CONSOLE(1658)] "Uncaught SyntaxError: Invalid or unexpected token", source: file:///home/dhia/browser-fuzzer/Dissertation/logger/run_20250324_064826/round_086/mutations/mutated_0003.html (1658)
[226671:226671:0324/202614.613465:INFO:CONSOLE(1659)] "Uncaught SyntaxError: Invalid or unexpected token", source: file:///home/dhia/browser-fuzzer/Dissertation/logger/run_20250324_064826/round_086/mutations/mutated_0003.html (1659)
[226671:226671:0324/202614.619209:INFO:CONSOLE(1660)] "Uncaught SyntaxError: Invalid or unexpected token", source: file:///home/dhia/browser-fuzzer/Dissertation/logger/run_20250324_064826/round_086/mutations/mutated_0003.html (1660)
[226671:226671:0324/202614.757199:INFO:CONSOLE(1661)] "Uncaught SyntaxError: Invalid or unexpected token", source: file:///home/dhia/browser-fuzzer/Dissertation/logger/run_20250324_064826/round_086/mutations/mutated_0003.html (1661)
[226671:226671:0324/202614.782437:INFO:CONSOLE(1662)] "Uncaught SyntaxError: Invalid or unexpected token", source: file:///home/dhia/browser-fuzzer/Dissertation/logger/run_20250324_064826/round_086/mutations/mutated_0003.html (1662)
[226671:226671:0324/202614.792562:INFO:CONSOLE(1663)] "Uncaught SyntaxError: Invalid or unexpected token", source: file:///home/dhia/browser-fuzzer/Dissertation/logger/run_20250324_064826/round_086/mutations/mutated_0003.html (1663)
[226671:226671:0324/202614.957287:INFO:CONSOLE(1664)] "Uncaught SyntaxError: Invalid or unexpected token", source: file:///home/dhia/browser-fuzzer/Dissertation/logger/run_20250324_064826/round_086/mutations/mutated_0003.html (1664)
[226671:226671:0324/202614.974462:INFO:CONSOLE(1665)] "Uncaught SyntaxError: Invalid or unexpected token", source: file:///home/dhia/browser-fuzzer/Dissertation/logger/run_20250324_064826/round_086/mutations/mutated_0003.html (1665)
[226671:226671:0324/202614.978955:INFO:CONSOLE(1666)] "Uncaught SyntaxError: Invalid or unexpected token", source: file:///home/dhia/browser-fuzzer/Dissertation/logger/run_20250324_064826/round_086/mutations/mutated_0003.html (1666)
[226671:226671:0324/202615.131157:INFO:CONSOLE(1672)] "Uncaught SyntaxError: Invalid or unexpected token", source: file:///home/dhia/browser-fuzzer/Dissertation/logger/run_20250324_064826/round_086/mutations/mutated_0003.html (1672)
[226671:226671:0324/202615.143752:INFO:CONSOLE(1673)] "Uncaught SyntaxError: Invalid or unexpected token", source: file:///home/dhia/browser-fuzzer/Dissertation/logger/run_20250324_064826/round_086/mutations/mutated_0003.html (1673)
[226671:226671:0324/202615.151566:INFO:CONSOLE(1674)] "Uncaught SyntaxError: Invalid or unexpected token", source: file:///home/dhia/browser-fuzzer/Dissertation/logger/run_20250324_064826/round_086/mutations/mutated_0003.html (1674)
[226671:226671:0324/202615.274750:INFO:CONSOLE(1679)] "Uncaught SyntaxError: Invalid or unexpected token", source: file:///home/dhia/browser-fuzzer/Dissertation/logger/run_20250324_064826/round_086/mutations/mutated_0003.html (1679)
[226671:226671:0324/202615.288237:INFO:CONSOLE(1688)] "Uncaught SyntaxError: Invalid or unexpected token", source: file:///home/dhia/browser-fuzzer/Dissertation/logger/run_20250324_064826/round_086/mutations/mutated_0003.html (1688)
[226671:226671:0324/202615.441890:INFO:CONSOLE(1694)] "Uncaught SyntaxError: Invalid or unexpected token", source: file:///home/dhia/browser-fuzzer/Dissertation/logger/run_20250324_064826/round_086/mutations/mutated_0003.html (1694)
[226671:226671:0324/202615.451991:INFO:CONSOLE(1695)] "Uncaught SyntaxError: Invalid or unexpected token", source: file:///home/dhia/browser-fuzzer/Dissertation/logger/run_20250324_064826/round_086/mutations/mutated_0003.html (1695)
[226671:226671:0324/202615.457004:INFO:CONSOLE(1696)] "Uncaught SyntaxError: Invalid or unexpected token", source: file:///home/dhia/browser-fuzzer/Dissertation/logger/run_20250324_064826/round_086/mutations/mutated_0003.html (1696)
[226671:226671:0324/202615.708899:INFO:CONSOLE(1697)] "Uncaught SyntaxError: Invalid or unexpected token", source: file:///home/dhia/browser-fuzzer/Dissertation/logger/run_20250324_064826/round_086/mutations/mutated_0003.html (1697)
[226671:226671:0324/202615.739940:INFO:CONSOLE(1698)] "Uncaught SyntaxError: Invalid or unexpected token", source: file:///home/dhia/browser-fuzzer/Dissertation/logger/run_20250324_064826/round_086/mutations/mutated_0003.html (1698)
[226671:226671:0324/202615.756812:INFO:CONSOLE(1699)] "Uncaught SyntaxError: Invalid or unexpected token", source: file:///home/dhia/browser-fuzzer/Dissertation/logger/run_20250324_064826/round_086/mutations/mutated_0003.html (1699)
[226671:226671:0324/202615.763531:INFO:CONSOLE(1700)] "Uncaught SyntaxError: Invalid or unexpected token", source: file:///home/dhia/browser-fuzzer/Dissertation/logger/run_20250324_064826/round_086/mutations/mutated_0003.html (1700)
[226671:226671:0324/202615.775169:INFO:CONSOLE(1701)] "Uncaught SyntaxError: Invalid or unexpected token", source: file:///home/dhia/browser-fuzzer/Dissertation/logger/run_20250324_064826/round_086/mutations/mutated_0003.html (1701)
[226671:226671:0324/202615.933845:INFO:CONSOLE(1702)] "Uncaught SyntaxError: Invalid or unexpected token", source: file:///home/dhia/browser-fuzzer/Dissertation/logger/run_20250324_064826/round_086/mutations/mutated_0003.html (1702)
[226671:226671:0324/202615.959590:INFO:CONSOLE(1703)] "Uncaught SyntaxError: Invalid or unexpected token", source: file:///home/dhia/browser-fuzzer/Dissertation/logger/run_20250324_064826/round_086/mutations/mutated_0003.html (1703)
[226671:226671:0324/202615.968484:INFO:CONSOLE(1704)] "Uncaught SyntaxError: Invalid or unexpected token", source: file:///home/dhia/browser-fuzzer/Dissertation/logger/run_20250324_064826/round_086/mutations/mutated_0003.html (1704)
[226671:226671:0324/202616.189700:INFO:CONSOLE(1705)] "Uncaught SyntaxError: Invalid or unexpected token", source: file:///home/dhia/browser-fuzzer/Dissertation/logger/run_20250324_064826/round_086/mutations/mutated_0003.html (1705)
[226671:226671:0324/202616.211179:INFO:CONSOLE(1706)] "Uncaught SyntaxError: Invalid or unexpected token", source: file:///home/dhia/browser-fuzzer/Dissertation/logger/run_20250324_064826/round_086/mutations/mutated_0003.html (1706)
[226671:226671:0324/202616.360776:INFO:CONSOLE(1707)] "Uncaught SyntaxError: Invalid or unexpected token", source: file:///home/dhia/browser-fuzzer/Dissertation/logger/run_20250324_064826/round_086/mutations/mutated_0003.html (1707)
[226671:226671:0324/202616.381535:INFO:CONSOLE(1708)] "Uncaught SyntaxError: Invalid or unexpected token", source: file:///home/dhia/browser-fuzzer/Dissertation/logger/run_20250324_064826/round_086/mutations/mutated_0003.html (1708)
[226671:226671:0324/202616.396597:INFO:CONSOLE(1709)] "Uncaught SyntaxError: Invalid or unexpected token", source: file:///home/dhia/browser-fuzzer/Dissertation/logger/run_20250324_064826/round_086/mutations/mutated_0003.html (1709)
[226671:226671:0324/202616.416347:INFO:CONSOLE(1710)] "Uncaught SyntaxError: Invalid or unexpected token", source: file:///home/dhia/browser-fuzzer/Dissertation/logger/run_20250324_064826/round_086/mutations/mutated_0003.html (1710)
[226671:226671:0324/202616.579149:INFO:CONSOLE(1711)] "Uncaught SyntaxError: Invalid or unexpected token", source: file:///home/dhia/browser-fuzzer/Dissertation/logger/run_20250324_064826/round_086/mutations/mutated_0003.html (1711)
[226671:226671:0324/202616.590814:INFO:CONSOLE(1712)] "Uncaught SyntaxError: Invalid or unexpected token", source: file:///home/dhia/browser-fuzzer/Dissertation/logger/run_20250324_064826/round_086/mutations/mutated_0003.html (1712)
[226671:226671:0324/202616.595142:INFO:CONSOLE(1713)] "Uncaught SyntaxError: Invalid or unexpected token", source: file:///home/dhia/browser-fuzzer/Dissertation/logger/run_20250324_064826/round_086/mutations/mutated_0003.html (1713)
[226671:226671:0324/202616.745155:INFO:CONSOLE(1714)] "Uncaught SyntaxError: Invalid or unexpected token", source: file:///home/dhia/browser-fuzzer/Dissertation/logger/run_20250324_064826/round_086/mutations/mutated_0003.html (1714)
[226671:226671:0324/202616.749732:INFO:CONSOLE(1715)] "Uncaught SyntaxError: Invalid or unexpected token", source: file:///home/dhia/browser-fuzzer/Dissertation/logger/run_20250324_064826/round_086/mutations/mutated_0003.html (1715)
[226671:226671:0324/202616.767765:INFO:CONSOLE(1716)] "Uncaught SyntaxError: Invalid or unexpected token", source: file:///home/dhia/browser-fuzzer/Dissertation/logger/run_20250324_064826/round_086/mutations/mutated_0003.html (1716)
[226671:226671:0324/202616.988697:INFO:CONSOLE(1717)] "Uncaught SyntaxError: Invalid or unexpected token", source: file:///home/dhia/browser-fuzzer/Dissertation/logger/run_20250324_064826/round_086/mutations/mutated_0003.html (1717)
[226671:226671:0324/202617.192587:INFO:CONSOLE(1740)] "Uncaught SyntaxError: Invalid or unexpected token", source: file:///home/dhia/browser-fuzzer/Dissertation/logger/run_20250324_064826/round_086/mutations/mutated_0003.html (1740)
[226671:226671:0324/202617.227044:INFO:CONSOLE(1741)] "Uncaught SyntaxError: Invalid or unexpected token", source: file:///home/dhia/browser-fuzzer/Dissertation/logger/run_20250324_064826/round_086/mutations/mutated_0003.html (1741)
[226671:226671:0324/202617.241533:INFO:CONSOLE(1742)] "Uncaught SyntaxError: Invalid or unexpected token", source: file:///home/dhia/browser-fuzzer/Dissertation/logger/run_20250324_064826/round_086/mutations/mutated_0003.html (1742)
[226671:226671:0324/202617.403531:INFO:CONSOLE(1743)] "Uncaught SyntaxError: Invalid or unexpected token", source: file:///home/dhia/browser-fuzzer/Dissertation/logger/run_20250324_064826/round_086/mutations/mutated_0003.html (1743)
[226671:226671:0324/202617.409821:INFO:CONSOLE(1744)] "Uncaught SyntaxError: Invalid or unexpected token", source: file:///home/dhia/browser-fuzzer/Dissertation/logger/run_20250324_064826/round_086/mutations/mutated_0003.html (1744)
[226671:226671:0324/202617.422842:INFO:CONSOLE(1745)] "Uncaught SyntaxError: Invalid or unexpected token", source: file:///home/dhia/browser-fuzzer/Dissertation/logger/run_20250324_064826/round_086/mutations/mutated_0003.html (1745)
[226671:226671:0324/202617.595894:INFO:CONSOLE(1756)] "Uncaught SyntaxError: Invalid or unexpected token", source: file:///home/dhia/browser-fuzzer/Dissertation/logger/run_20250324_064826/round_086/mutations/mutated_0003.html (1756)
[226671:226671:0324/202617.601973:INFO:CONSOLE(1757)] "Uncaught SyntaxError: Invalid or unexpected token", source: file:///home/dhia/browser-fuzzer/Dissertation/logger/run_20250324_064826/round_086/mutations/mutated_0003.html (1757)
[226671:226671:0324/202617.606419:INFO:CONSOLE(1758)] "Uncaught SyntaxError: Invalid or unexpected token", source: file:///home/dhia/browser-fuzzer/Dissertation/logger/run_20250324_064826/round_086/mutations/mutated_0003.html (1758)
[226671:226671:0324/202617.762887:INFO:CONSOLE(1759)] "Uncaught SyntaxError: Invalid or unexpected token", source: file:///home/dhia/browser-fuzzer/Dissertation/logger/run_20250324_064826/round_086/mutations/mutated_0003.html (1759)
[226671:226671:0324/202617.774126:INFO:CONSOLE(1760)] "Uncaught SyntaxError: Invalid or unexpected token", source: file:///home/dhia/browser-fuzzer/Dissertation/logger/run_20250324_064826/round_086/mutations/mutated_0003.html (1760)
[226671:226671:0324/202617.780265:INFO:CONSOLE(1761)] "Uncaught SyntaxError: Invalid or unexpected token", source: file:///home/dhia/browser-fuzzer/Dissertation/logger/run_20250324_064826/round_086/mutations/mutated_0003.html (1761)
[226671:226671:0324/202618.853685:INFO:CONSOLE(1762)] "Uncaught SyntaxError: Invalid or unexpected token", source: file:///home/dhia/browser-fuzzer/Dissertation/logger/run_20250324_064826/round_086/mutations/mutated_0003.html (1762)
[226671:226671:0324/202618.865684:INFO:CONSOLE(1763)] "Uncaught SyntaxError: Invalid or unexpected token", source: file:///home/dhia/browser-fuzzer/Dissertation/logger/run_20250324_064826/round_086/mutations/mutated_0003.html (1763)
[226671:226671:0324/202618.895573:INFO:CONSOLE(1764)] "Uncaught SyntaxError: Invalid or unexpected token", source: file:///home/dhia/browser-fuzzer/Dissertation/logger/run_20250324_064826/round_086/mutations/mutated_0003.html (1764)
[226671:226671:0324/202618.958045:INFO:CONSOLE(1765)] "Uncaught SyntaxError: Invalid or unexpected token", source: file:///home/dhia/browser-fuzzer/Dissertation/logger/run_20250324_064826/round_086/mutations/mutated_0003.html (1765)
[226671:226671:0324/202618.964909:INFO:CONSOLE(1766)] "Uncaught SyntaxError: Invalid or unexpected token", source: file:///home/dhia/browser-fuzzer/Dissertation/logger/run_20250324_064826/round_086/mutations/mutated_0003.html (1766)
[226671:226671:0324/202619.028684:INFO:CONSOLE(1767)] "Uncaught SyntaxError: Invalid or unexpected token", source: file:///home/dhia/browser-fuzzer/Dissertation/logger/run_20250324_064826/round_086/mutations/mutated_0003.html (1767)
[226671:226671:0324/202619.034224:INFO:CONSOLE(1768)] "Uncaught SyntaxError: Invalid or unexpected token", source: file:///home/dhia/browser-fuzzer/Dissertation/logger/run_20250324_064826/round_086/mutations/mutated_0003.html (1768)
[226671:226671:0324/202619.110505:INFO:CONSOLE(1769)] "Uncaught SyntaxError: Invalid or unexpected token", source: file:///home/dhia/browser-fuzzer/Dissertation/logger/run_20250324_064826/round_086/mutations/mutated_0003.html (1769)
[226671:226671:0324/202619.114822:INFO:CONSOLE(1770)] "Uncaught SyntaxError: Invalid or unexpected token", source: file:///home/dhia/browser-fuzzer/Dissertation/logger/run_20250324_064826/round_086/mutations/mutated_0003.html (1770)
[226671:226671:0324/202619.119727:INFO:CONSOLE(1771)] "Uncaught SyntaxError: Invalid or unexpected token", source: file:///home/dhia/browser-fuzzer/Dissertation/logger/run_20250324_064826/round_086/mutations/mutated_0003.html (1771)
[226671:226671:0324/202619.123818:INFO:CONSOLE(1772)] "Uncaught SyntaxError: Invalid or unexpected token", source: file:///home/dhia/browser-fuzzer/Dissertation/logger/run_20250324_064826/round_086/mutations/mutated_0003.html (1772)
[226671:226671:0324/202619.126925:INFO:CONSOLE(1773)] "Uncaught SyntaxError: Invalid or unexpected token", source: file:///home/dhia/browser-fuzzer/Dissertation/logger/run_20250324_064826/round_086/mutations/mutated_0003.html (1773)
[226671:226671:0324/202619.129977:INFO:CONSOLE(1774)] "Uncaught SyntaxError: Invalid or unexpected token", source: file:///home/dhia/browser-fuzzer/Dissertation/logger/run_20250324_064826/round_086/mutations/mutated_0003.html (1774)
[226671:226671:0324/202619.215546:INFO:CONSOLE(1775)] "Uncaught SyntaxError: Invalid or unexpected token", source: file:///home/dhia/browser-fuzzer/Dissertation/logger/run_20250324_064826/round_086/mutations/mutated_0003.html (1775)
[226671:226671:0324/202619.227326:INFO:CONSOLE(1776)] "Uncaught SyntaxError: Invalid or unexpected token", source: file:///home/dhia/browser-fuzzer/Dissertation/logger/run_20250324_064826/round_086/mutations/mutated_0003.html (1776)
[226671:226671:0324/202619.236921:INFO:CONSOLE(1777)] "Uncaught SyntaxError: Invalid or unexpected token", source: file:///home/dhia/browser-fuzzer/Dissertation/logger/run_20250324_064826/round_086/mutations/mutated_0003.html (1777)
[226671:226671:0324/202619.245673:INFO:CONSOLE(1778)] "Uncaught SyntaxError: Invalid or unexpected token", source: file:///home/dhia/browser-fuzzer/Dissertation/logger/run_20250324_064826/round_086/mutations/mutated_0003.html (1778)
[226671:226671:0324/202619.253713:INFO:CONSOLE(1779)] "Uncaught SyntaxError: Invalid or unexpected token", source: file:///home/dhia/browser-fuzzer/Dissertation/logger/run_20250324_064826/round_086/mutations/mutated_0003.html (1779)
[226671:226671:0324/202619.432028:INFO:CONSOLE(1780)] "Uncaught SyntaxError: Invalid or unexpected token", source: file:///home/dhia/browser-fuzzer/Dissertation/logger/run_20250324_064826/round_086/mutations/mutated_0003.html (1780)
[226671:226671:0324/202619.442630:INFO:CONSOLE(1781)] "Uncaught SyntaxError: Invalid or unexpected token", source: file:///home/dhia/browser-fuzzer/Dissertation/logger/run_20250324_064826/round_086/mutations/mutated_0003.html (1781)
[226671:226671:0324/202619.638151:INFO:CONSOLE(1782)] "Uncaught SyntaxError: Invalid or unexpected token", source: file:///home/dhia/browser-fuzzer/Dissertation/logger/run_20250324_064826/round_086/mutations/mutated_0003.html (1782)
[226671:226671:0324/202619.646184:INFO:CONSOLE(1783)] "Uncaught SyntaxError: Invalid or unexpected token", source: file:///home/dhia/browser-fuzzer/Dissertation/logger/run_20250324_064826/round_086/mutations/mutated_0003.html (1783)
[226671:226671:0324/202619.668338:INFO:CONSOLE(1784)] "Uncaught SyntaxError: Invalid or unexpected token", source: file:///home/dhia/browser-fuzzer/Dissertation/logger/run_20250324_064826/round_086/mutations/mutated_0003.html (1784)
[226671:226671:0324/202619.827494:INFO:CONSOLE(1785)] "Uncaught SyntaxError: Invalid or unexpected token", source: file:///home/dhia/browser-fuzzer/Dissertation/logger/run_20250324_064826/round_086/mutations/mutated_0003.html (1785)
[226671:226671:0324/202619.835075:INFO:CONSOLE(1786)] "Uncaught SyntaxError: Invalid or unexpected token", source: file:///home/dhia/browser-fuzzer/Dissertation/logger/run_20250324_064826/round_086/mutations/mutated_0003.html (1786)
[226671:226671:0324/202619.841600:INFO:CONSOLE(1787)] "Uncaught SyntaxError: Invalid or unexpected token", source: file:///home/dhia/browser-fuzzer/Dissertation/logger/run_20250324_064826/round_086/mutations/mutated_0003.html (1787)
[226671:226671:0324/202619.997174:INFO:CONSOLE(1788)] "Uncaught SyntaxError: Invalid or unexpected token", source: file:///home/dhia/browser-fuzzer/Dissertation/logger/run_20250324_064826/round_086/mutations/mutated_0003.html (1788)
[226671:226671:0324/202620.007156:INFO:CONSOLE(1789)] "Uncaught SyntaxError: Invalid or unexpected token", source: file:///home/dhia/browser-fuzzer/Dissertation/logger/run_20250324_064826/round_086/mutations/mutated_0003.html (1789)
[226671:226671:0324/202620.227600:INFO:CONSOLE(1790)] "Uncaught SyntaxError: Invalid or unexpected token", source: file:///home/dhia/browser-fuzzer/Dissertation/logger/run_20250324_064826/round_086/mutations/mutated_0003.html (1790)
[226671:226671:0324/202620.238551:INFO:CONSOLE(1791)] "Uncaught SyntaxError: Unexpected end of input", source: file:///home/dhia/browser-fuzzer/Dissertation/logger/run_20250324_064826/round_086/mutations/mutated_0003.html (1791)
[226671:226671:0324/202620.510104:INFO:CONSOLE(1792)] "Uncaught SyntaxError: Invalid or unexpected token", source: file:///home/dhia/browser-fuzzer/Dissertation/logger/run_20250324_064826/round_086/mutations/mutated_0003.html (1792)
[226671:226671:0324/202620.589311:INFO:CONSOLE(1805)] "Uncaught SyntaxError: Invalid or unexpected token", source: file:///home/dhia/browser-fuzzer/Dissertation/logger/run_20250324_064826/round_086/mutations/mutated_0003.html (1805)
[226671:226671:0324/202620.594465:INFO:CONSOLE(1806)] "Uncaught SyntaxError: Invalid or unexpected token", source: file:///home/dhia/browser-fuzzer/Dissertation/logger/run_20250324_064826/round_086/mutations/mutated_0003.html (1806)
[226671:226671:0324/202620.605561:INFO:CONSOLE(1812)] "Uncaught SyntaxError: Invalid or unexpected token", source: file:///home/dhia/browser-fuzzer/Dissertation/logger/run_20250324_064826/round_086/mutations/mutated_0003.html (1812)
[226671:226671:0324/202620.761139:INFO:CONSOLE(1819)] "Uncaught SyntaxError: Invalid or unexpected token", source: file:///home/dhia/browser-fuzzer/Dissertation/logger/run_20250324_064826/round_086/mutations/mutated_0003.html (1819)
[226671:226671:0324/202620.770393:INFO:CONSOLE(1820)] "Uncaught SyntaxError: Invalid or unexpected token", source: file:///home/dhia/browser-fuzzer/Dissertation/logger/run_20250324_064826/round_086/mutations/mutated_0003.html (1820)
[226671:226671:0324/202620.776336:INFO:CONSOLE(1821)] "Uncaught SyntaxError: Invalid or unexpected token", source: file:///home/dhia/browser-fuzzer/Dissertation/logger/run_20250324_064826/round_086/mutations/mutated_0003.html (1821)
[226671:226671:0324/202620.979876:INFO:CONSOLE(1822)] "Uncaught SyntaxError: Invalid or unexpected token", source: file:///home/dhia/browser-fuzzer/Dissertation/logger/run_20250324_064826/round_086/mutations/mutated_0003.html (1822)
[226671:226671:0324/202620.983957:INFO:CONSOLE(1823)] "Uncaught SyntaxError: Invalid or unexpected token", source: file:///home/dhia/browser-fuzzer/Dissertation/logger/run_20250324_064826/round_086/mutations/mutated_0003.html (1823)
[226671:226671:0324/202620.987293:INFO:CONSOLE(1824)] "Uncaught SyntaxError: Invalid or unexpected token", source: file:///home/dhia/browser-fuzzer/Dissertation/logger/run_20250324_064826/round_086/mutations/mutated_0003.html (1824)
[226671:226671:0324/202621.160195:INFO:CONSOLE(1825)] "Uncaught SyntaxError: Invalid or unexpected token", source: file:///home/dhia/browser-fuzzer/Dissertation/logger/run_20250324_064826/round_086/mutations/mutated_0003.html (1825)
[226671:226671:0324/202621.164257:INFO:CONSOLE(1826)] "Uncaught SyntaxError: Invalid or unexpected token", source: file:///home/dhia/browser-fuzzer/Dissertation/logger/run_20250324_064826/round_086/mutations/mutated_0003.html (1826)
[226671:226671:0324/202621.327494:INFO:CONSOLE(1828)] "Uncaught SyntaxError: Invalid or unexpected token", source: file:///home/dhia/browser-fuzzer/Dissertation/logger/run_20250324_064826/round_086/mutations/mutated_0003.html (1828)
[226671:226671:0324/202621.331758:INFO:CONSOLE(1829)] "Uncaught SyntaxError: Invalid or unexpected token", source: file:///home/dhia/browser-fuzzer/Dissertation/logger/run_20250324_064826/round_086/mutations/mutated_0003.html (1829)
[226671:226671:0324/202621.335634:INFO:CONSOLE(1840)] "Uncaught SyntaxError: Invalid or unexpected token", source: file:///home/dhia/browser-fuzzer/Dissertation/logger/run_20250324_064826/round_086/mutations/mutated_0003.html (1840)
[226671:226671:0324/202621.542593:INFO:CONSOLE(1841)] "Uncaught SyntaxError: Invalid or unexpected token", source: file:///home/dhia/browser-fuzzer/Dissertation/logger/run_20250324_064826/round_086/mutations/mutated_0003.html (1841)
[226671:226671:0324/202621.559514:INFO:CONSOLE(1842)] "Uncaught SyntaxError: Invalid or unexpected token", source: file:///home/dhia/browser-fuzzer/Dissertation/logger/run_20250324_064826/round_086/mutations/mutated_0003.html (1842)
[226671:226671:0324/202621.576153:INFO:CONSOLE(1843)] "Uncaught SyntaxError: Invalid or unexpected token", source: file:///home/dhia/browser-fuzzer/Dissertation/logger/run_20250324_064826/round_086/mutations/mutated_0003.html (1843)
[226671:226671:0324/202621.739603:INFO:CONSOLE(1848)] "Uncaught SyntaxError: Invalid or unexpected token", source: file:///home/dhia/browser-fuzzer/Dissertation/logger/run_20250324_064826/round_086/mutations/mutated_0003.html (1848)
[226671:226671:0324/202621.747905:INFO:CONSOLE(1849)] "Uncaught SyntaxError: Invalid or unexpected token", source: file:///home/dhia/browser-fuzzer/Dissertation/logger/run_20250324_064826/round_086/mutations/mutated_0003.html (1849)
[226671:226671:0324/202621.751756:INFO:CONSOLE(1851)] "Uncaught SyntaxError: Invalid or unexpected token", source: file:///home/dhia/browser-fuzzer/Dissertation/logger/run_20250324_064826/round_086/mutations/mutated_0003.html (1851)
[226671:226671:0324/202622.221590:INFO:CONSOLE(1856)] "Uncaught SyntaxError: Invalid or unexpected token", source: file:///home/dhia/browser-fuzzer/Dissertation/logger/run_20250324_064826/round_086/mutations/mutated_0003.html (1856)
[226671:226671:0324/202622.786005:INFO:CONSOLE(1936)] "Uncaught SyntaxError: Unexpected end of input", source: file:///home/dhia/browser-fuzzer/Dissertation/logger/run_20250324_064826/round_086/mutations/mutated_0003.html (1936)
[226671:226671:0324/202622.792553:INFO:CONSOLE(1939)] "Uncaught SyntaxError: Invalid or unexpected token", source: file:///home/dhia/browser-fuzzer/Dissertation/logger/run_20250324_064826/round_086/mutations/mutated_0003.html (1939)
[226671:226671:0324/202622.796891:INFO:CONSOLE(1940)] "Uncaught SyntaxError: Invalid or unexpected token", source: file:///home/dhia/browser-fuzzer/Dissertation/logger/run_20250324_064826/round_086/mutations/mutated_0003.html (1940)
[226671:226671:0324/202623.025014:INFO:CONSOLE(1941)] "Uncaught SyntaxError: Invalid or unexpected token", source: file:///home/dhia/browser-fuzzer/Dissertation/logger/run_20250324_064826/round_086/mutations/mutated_0003.html (1941)
[226671:226671:0324/202623.040893:INFO:CONSOLE(1942)] "Uncaught SyntaxError: Invalid or unexpected token", source: file:///home/dhia/browser-fuzzer/Dissertation/logger/run_20250324_064826/round_086/mutations/mutated_0003.html (1942)
[226671:226671:0324/202623.044683:INFO:CONSOLE(1943)] "Uncaught SyntaxError: Invalid or unexpected token", source: file:///home/dhia/browser-fuzzer/Dissertation/logger/run_20250324_064826/round_086/mutations/mutated_0003.html (1943)
[226671:226671:0324/202623.223427:INFO:CONSOLE(2022)] "Uncaught SyntaxError: Unexpected end of input", source: file:///home/dhia/browser-fuzzer/Dissertation/logger/run_20250324_064826/round_086/mutations/mutated_0003.html (2022)
[226671:226671:0324/202623.860567:INFO:CONSOLE(2040)] "Uncaught SyntaxError: Invalid or unexpected token", source: file:///home/dhia/browser-fuzzer/Dissertation/logger/run_20250324_064826/round_086/mutations/mutated_0003.html (2040)
[226671:226671:0324/202623.865932:INFO:CONSOLE(2046)] "Uncaught SyntaxError: Invalid or unexpected token", source: file:///home/dhia/browser-fuzzer/Dissertation/logger/run_20250324_064826/round_086/mutations/mutated_0003.html (2046)
[226671:226671:0324/202623.875023:INFO:CONSOLE(2048)] "Uncaught SyntaxError: Invalid or unexpected token", source: file:///home/dhia/browser-fuzzer/Dissertation/logger/run_20250324_064826/round_086/mutations/mutated_0003.html (2048)
[226671:226671:0324/202624.447144:INFO:CONSOLE(2053)] "Uncaught SyntaxError: Invalid or unexpected token", source: file:///home/dhia/browser-fuzzer/Dissertation/logger/run_20250324_064826/round_086/mutations/mutated_0003.html (2053)
[226671:226671:0324/202624.459772:INFO:CONSOLE(2054)] "Uncaught SyntaxError: Invalid or unexpected token", source: file:///home/dhia/browser-fuzzer/Dissertation/logger/run_20250324_064826/round_086/mutations/mutated_0003.html (2054)
[226671:226671:0324/202624.670727:INFO:CONSOLE(2055)] "Uncaught SyntaxError: Invalid or unexpected token", source: file:///home/dhia/browser-fuzzer/Dissertation/logger/run_20250324_064826/round_086/mutations/mutated_0003.html (2055)
[226671:226671:0324/202624.681289:INFO:CONSOLE(2056)] "Uncaught SyntaxError: Invalid or unexpected token", source: file:///home/dhia/browser-fuzzer/Dissertation/logger/run_20250324_064826/round_086/mutations/mutated_0003.html (2056)
[226671:226671:0324/202624.686682:INFO:CONSOLE(2057)] "Uncaught SyntaxError: Invalid or unexpected token", source: file:///home/dhia/browser-fuzzer/Dissertation/logger/run_20250324_064826/round_086/mutations/mutated_0003.html (2057)
[226671:226671:0324/202625.024076:INFO:CONSOLE(2058)] "Uncaught SyntaxError: Invalid or unexpected token", source: file:///home/dhia/browser-fuzzer/Dissertation/logger/run_20250324_064826/round_086/mutations/mutated_0003.html (2058)
[226671:226671:0324/202625.033594:INFO:CONSOLE(2059)] "Uncaught SyntaxError: Invalid or unexpected token", source: file:///home/dhia/browser-fuzzer/Dissertation/logger/run_20250324_064826/round_086/mutations/mutated_0003.html (2059)
[226671:226671:0324/202625.254191:INFO:CONSOLE(2078)] "Uncaught SyntaxError: Invalid or unexpected token", source: file:///home/dhia/browser-fuzzer/Dissertation/logger/run_20250324_064826/round_086/mutations/mutated_0003.html (2078)
[226671:226671:0324/202625.265633:INFO:CONSOLE(2084)] "Uncaught SyntaxError: Invalid or unexpected token", source: file:///home/dhia/browser-fuzzer/Dissertation/logger/run_20250324_064826/round_086/mutations/mutated_0003.html (2084)
[226671:226671:0324/202625.278823:INFO:CONSOLE(2086)] "Uncaught SyntaxError: Invalid or unexpected token", source: file:///home/dhia/browser-fuzzer/Dissertation/logger/run_20250324_064826/round_086/mutations/mutated_0003.html (2086)
[226671:226671:0324/202625.736247:INFO:CONSOLE(2089)] "Uncaught ReferenceError: trkggerFuzz is not defined", source: file:///home/dhia/browser-fuzzer/Dissertation/logger/run_20250324_064826/round_086/mutations/mutated_0003.html (2089)
[226671:226671:0324/202625.748247:INFO:CONSOLE(2091)] "Uncaught SyntaxError: Invalid or unexpected token", source: file:///home/dhia/browser-fuzzer/Dissertation/logger/run_20250324_064826/round_086/mutations/mutated_0003.html (2091)
[226671:226671:0324/202625.767732:INFO:CONSOLE(2171)] "Uncaught SyntaxError: Unexpected end of input", source: file:///home/dhia/browser-fuzzer/Dissertation/logger/run_20250324_064826/round_086/mutations/mutated_0003.html (2171)
[226671:226671:0324/202625.778955:INFO:CONSOLE(2174)] "Uncaught SyntaxError: Invalid or unexpected token", source: file:///home/dhia/browser-fuzzer/Dissertation/logger/run_20250324_064826/round_086/mutations/mutated_0003.html (2174)
[226671:226671:0324/202625.787886:INFO:CONSOLE(2175)] "Uncaught SyntaxError: Invalid or unexpected token", source: file:///home/dhia/browser-fuzzer/Dissertation/logger/run_20250324_064826/round_086/mutations/mutated_0003.html (2175)
[226671:226671:0324/202626.381582:INFO:CONSOLE(2176)] "Uncaught SyntaxError: Invalid or unexpected token", source: file:///home/dhia/browser-fuzzer/Dissertation/logger/run_20250324_064826/round_086/mutations/mutated_0003.html (2176)
[226671:226671:0324/202626.385577:INFO:CONSOLE(2177)] "Uncaught SyntaxError: Invalid or unexpected token", source: file:///home/dhia/browser-fuzzer/Dissertation/logger/run_20250324_064826/round_086/mutations/mutated_0003.html (2177)
[226671:226671:0324/202627.028585:INFO:CONSOLE(2258)] "Uncaught SyntaxError: Unexpected end of input", source: file:///home/dhia/browser-fuzzer/Dissertation/logger/run_20250324_064826/round_086/mutations/mutated_0003.html (2258)
[226671:226671:0324/202627.718791:INFO:CONSOLE(2338)] "Uncaught SyntaxError: Unexpected end of input", source: file:///home/dhia/browser-fuzzer/Dissertation/logger/run_20250324_064826/round_086/mutations/mutated_0003.html (2338)
[226671:226671:0324/202628.028129:INFO:CONSOLE(2372)] "Uncaught SyntaxError: Invalid or unexpected token", source: file:///home/dhia/browser-fuzzer/Dissertation/logger/run_20250324_064826/round_086/mutations/mutated_0003.html (2372)
[226671:226671:0324/202628.044416:INFO:CONSOLE(2374)] "Uncaught SyntaxError: Invalid or unexpected token", source: file:///home/dhia/browser-fuzzer/Dissertation/logger/run_20250324_064826/round_086/mutations/mutated_0003.html (2374)
[226671:226671:0324/202628.415703:INFO:CONSOLE(2379)] "Uncaught SyntaxError: Invalid or unexpected token", source: file:///home/dhia/browser-fuzzer/Dissertation/logger/run_20250324_064826/round_086/mutations/mutated_0003.html (2379)
[226671:226671:0324/202628.418795:INFO:CONSOLE(2380)] "Uncaught SyntaxError: Invalid or unexpected token", source: file:///home/dhia/browser-fuzzer/Dissertation/logger/run_20250324_064826/round_086/mutations/mutated_0003.html (2380)
[226671:226671:0324/202628.628396:INFO:CONSOLE(2384)] "Uncaught SyntaxError: Invalid or unexpected token", source: file:///home/dhia/browser-fuzzer/Dissertation/logger/run_20250324_064826/round_086/mutations/mutated_0003.html (2384)
[226671:226671:0324/202628.639479:INFO:CONSOLE(2386)] "Uncaught SyntaxError: Invalid or unexpected token", source: file:///home/dhia/browser-fuzzer/Dissertation/logger/run_20250324_064826/round_086/mutations/mutated_0003.html (2386)
[226671:226671:0324/202629.476198:INFO:CONSOLE(2391)] "Uncaught SyntaxError: Invalid or unexpected token", source: file:///home/dhia/browser-fuzzer/Dissertation/logger/run_20250324_064826/round_086/mutations/mutated_0003.html (2391)
[226671:226671:0324/202629.487933:INFO:CONSOLE(2392)] "Uncaught SyntaxError: Invalid or unexpected token", source: file:///home/dhia/browser-fuzzer/Dissertation/logger/run_20250324_064826/round_086/mutations/mutated_0003.html (2392)
[226671:226671:0324/202629.691762:INFO:CONSOLE(2393)] "Uncaught SyntaxError: Invalid or unexpected token", source: file:///home/dhia/browser-fuzzer/Dissertation/logger/run_20250324_064826/round_086/mutations/mutated_0003.html (2393)
[226671:226671:0324/202629.705998:INFO:CONSOLE(2394)] "Uncaught SyntaxError: Invalid or unexpected token", source: file:///home/dhia/browser-fuzzer/Dissertation/logger/run_20250324_064826/round_086/mutations/mutated_0003.html (2394)
[226671:226671:0324/202629.711611:INFO:CONSOLE(2395)] "Uncaught SyntaxError: Invalid or unexpected token", source: file:///home/dhia/browser-fuzzer/Dissertation/logger/run_20250324_064826/round_086/mutations/mutated_0003.html (2395)
[226671:226671:0324/202629.892861:INFO:CONSOLE(2407)] "Uncaught SyntaxError: Invalid or unexpected token", source: file:///home/dhia/browser-fuzzer/Dissertation/logger/run_20250324_064826/round_086/mutations/mutated_0003.html (2407)
[226671:226671:0324/202629.903848:INFO:CONSOLE(2408)] "Uncaught SyntaxError: Invalid or unexpected token", source: file:///home/dhia/browser-fuzzer/Dissertation/logger/run_20250324_064826/round_086/mutations/mutated_0003.html (2408)
[226671:226671:0324/202629.917090:INFO:CONSOLE(2413)] "Uncaught SyntaxError: Invalid or unexpected token", source: file:///home/dhia/browser-fuzzer/Dissertation/logger/run_20250324_064826/round_086/mutations/mutated_0003.html (2413)
[226671:226671:0324/202630.137425:INFO:CONSOLE(2415)] "Uncaught SyntaxError: Invalid or unexpected token", source: file:///home/dhia/browser-fuzzer/Dissertation/logger/run_20250324_064826/round_086/mutations/mutated_0003.html (2415)
[226671:226671:0324/202630.813369:INFO:CONSOLE(2420)] "Uncaught SyntaxError: Invalid or unexpected token", source: file:///home/dhia/browser-fuzzer/Dissertation/logger/run_20250324_064826/round_086/mutations/mutated_0003.html (2420)
[226671:226671:0324/202631.416413:INFO:CONSOLE(2490)] "Uncaught SyntaxError: Unexpected end of input", source: file:///home/dhia/browser-fuzzer/Dissertation/logger/run_20250324_064826/round_086/mutations/mutated_0003.html (2490)
[226671:226671:0324/202632.077130:INFO:CONSOLE(2560)] "Uncaught SyntaxError: Unexpected end of input", source: file:///home/dhia/browser-fuzzer/Dissertation/logger/run_20250324_064826/round_086/mutations/mutated_0003.html (2560)
[226671:226671:0324/202632.083222:INFO:CONSOLE(2563)] "Uncaught SyntaxError: Invalid or unexpected token", source: file:///home/dhia/browser-fuzzer/Dissertation/logger/run_20250324_064826/round_086/mutations/mutated_0003.html (2563)
[226671:226671:0324/202632.091127:INFO:CONSOLE(2564)] "Uncaught SyntaxError: Invalid or unexpected token", source: file:///home/dhia/browser-fuzzer/Dissertation/logger/run_20250324_064826/round_086/mutations/mutated_0003.html (2564)
[226671:226671:0324/202632.290641:INFO:CONSOLE(2569)] "Uncaught SyntaxError: Invalid or unexpected token", source: file:///home/dhia/browser-fuzzer/Dissertation/logger/run_20250324_064826/round_086/mutations/mutated_0003.html (2569)
[226671:226671:0324/202632.322018:INFO:CONSOLE(2571)] "Uncaught SyntaxError: Invalid or unexpected token", source: file:///home/dhia/browser-fuzzer/Dissertation/logger/run_20250324_064826/round_086/mutations/mutated_0003.html (2571)
[226671:226671:0324/202632.662294:INFO:CONSOLE(2576)] "Uncaught SyntaxError: Invalid or unexpected token", source: file:///home/dhia/browser-fuzzer/Dissertation/logger/run_20250324_064826/round_086/mutations/mutated_0003.html (2576)
[226671:226671:0324/202633.509657:INFO:CONSOLE(2656)] "Uncaught SyntaxError: Unexpected end of input", source: file:///home/dhia/browser-fuzzer/Dissertation/logger/run_20250324_064826/round_086/mutations/mutated_0003.html (2656)
[226671:226671:0324/202633.524701:INFO:CONSOLE(2659)] "Uncaught SyntaxError: Invalid or unexpected token", source: file:///home/dhia/browser-fuzzer/Dissertation/logger/run_20250324_064826/round_086/mutations/mutated_0003.html (2659)
[226671:226671:0324/202633.744381:INFO:CONSOLE(2660)] "Uncaught SyntaxError: Invalid or unexpected token", source: file:///home/dhia/browser-fuzzer/Dissertation/logger/run_20250324_064826/round_086/mutations/mutated_0003.html (2660)
[226671:226671:0324/202633.748963:INFO:CONSOLE(2661)] "Uncaught SyntaxError: Invalid or unexpected token", source: file:///home/dhia/browser-fuzzer/Dissertation/logger/run_20250324_064826/round_086/mutations/mutated_0003.html (2661)
[226671:226671:0324/202633.752816:INFO:CONSOLE(2662)] "Uncaught SyntaxError: Invalid or unexpected token", source: file:///home/dhia/browser-fuzzer/Dissertation/logger/run_20250324_064826/round_086/mutations/mutated_0003.html (2662)
[226671:226671:0324/202633.925511:INFO:CONSOLE(2731)] "Uncaught SyntaxError: Unexpected end of input", source: file:///home/dhia/browser-fuzzer/Dissertation/logger/run_20250324_064826/round_086/mutations/mutated_0003.html (2731)
[226671:226671:0324/202634.678174:INFO:CONSOLE(2749)] "Uncaught SyntaxError: Invalid or unexpected token", source: file:///home/dhia/browser-fuzzer/Dissertation/logger/run_20250324_064826/round_086/mutations/mutated_0003.html (2749)
[226671:226671:0324/202634.686119:INFO:CONSOLE(2754)] "Uncaught SyntaxError: Invalid or unexpected token", source: file:///home/dhia/browser-fuzzer/Dissertation/logger/run_20250324_064826/round_086/mutations/mutated_0003.html (2754)
[226671:226671:0324/202634.913075:INFO:CONSOLE(2756)] "Uncaught SyntaxError: Invalid or unexpected token", source: file:///home/dhia/browser-fuzzer/Dissertation/logger/run_20250324_064826/round_086/mutations/mutated_0003.html (2756)
[226671:226671:0324/202635.309931:INFO:CONSOLE(2761)] "Uncaught SyntaxError: Invalid or unexpected token", source: file:///home/dhia/browser-fuzzer/Dissertation/logger/run_20250324_064826/round_086/mutations/mutated_0003.html (2761)
[226671:226671:0324/202635.323596:INFO:CONSOLE(2762)] "Uncaught SyntaxError: Invalid or unexpected token", source: file:///home/dhia/browser-fuzzer/Dissertation/logger/run_20250324_064826/round_086/mutations/mutated_0003.html (2762)
[226671:226671:0324/202635.514381:INFO:CONSOLE(2763)] "Uncaught SyntaxError: Invalid or unexpected token", source: file:///home/dhia/browser-fuzzer/Dissertation/logger/run_20250324_064826/round_086/mutations/mutated_0003.html (2763)
[226671:226671:0324/202635.528989:INFO:CONSOLE(2764)] "Uncaught SyntaxError: Invalid or unexpected token", source: file:///home/dhia/browser-fuzzer/Dissertation/logger/run_20250324_064826/round_086/mutations/mutated_0003.html (2764)
[226671:226671:0324/202635.541638:INFO:CONSOLE(2765)] "Uncaught SyntaxError: Invalid or unexpected token", source: file:///home/dhia/browser-fuzzer/Dissertation/logger/run_20250324_064826/round_086/mutations/mutated_0003.html (2765)
[226671:226671:0324/202635.555841:INFO:CONSOLE(2779)] "Uncaught SyntaxError: Invalid or unexpected token", source: file:///home/dhia/browser-fuzzer/Dissertation/logger/run_20250324_064826/round_086/mutations/mutated_0003.html (2779)
[226671:226671:0324/202635.565730:INFO:CONSOLE(2784)] "Uncaught SyntaxError: Invalid or unexpected token", source: file:///home/dhia/browser-fuzzer/Dissertation/logger/run_20250324_064826/round_086/mutations/mutated_0003.html (2784)
[226671:226671:0324/202635.786803:INFO:CONSOLE(2786)] "Uncaught SyntaxError: Invalid or unexpected token", source: file:///home/dhia/browser-fuzzer/Dissertation/logger/run_20250324_064826/round_086/mutations/mutated_0003.html (2786)
[226671:226671:0324/202636.156435:INFO:CONSOLE(2791)] "Uncaught SyntaxError: Invalid or unexpected token", source: file:///home/dhia/browser-fuzzer/Dissertation/logger/run_20250324_064826/round_086/mutations/mutated_0003.html (2791)
[226671:226671:0324/202636.917814:INFO:CONSOLE(2881)] "Uncaught SyntaxError: Unexpected end of input", source: file:///home/dhia/browser-fuzzer/Dissertation/logger/run_20250324_064826/round_086/mutations/mutated_0003.html (2881)
[226671:226671:0324/202637.709246:INFO:CONSOLE(2951)] "Uncaught SyntaxError: Unexpected end of input", source: file:///home/dhia/browser-fuzzer/Dissertation/logger/run_20250324_064826/round_086/mutations/mutated_0003.html (2951)
[226671:226671:0324/202637.723254:INFO:CONSOLE(2954)] "Uncaught SyntaxError: Invalid or unexpected token", source: file:///home/dhia/browser-fuzzer/Dissertation/logger/run_20250324_064826/round_086/mutations/mutated_0003.html (2954)
[226671:226671:0324/202637.727419:INFO:CONSOLE(2955)] "Uncaught SyntaxError: Invalid or unexpected token", source: file:///home/dhia/browser-fuzzer/Dissertation/logger/run_20250324_064826/round_086/mutations/mutated_0003.html (2955)
[226671:226671:0324/202638.008913:INFO:CONSOLE(2956)] "Uncaught SyntaxError: Invalid or unexpected token", source: file:///home/dhia/browser-fuzzer/Dissertation/logger/run_20250324_064826/round_086/mutations/mutated_0003.html (2956)
[226671:226671:0324/202638.012954:INFO:CONSOLE(2957)] "Uncaught SyntaxError: Invalid or unexpected token", source: file:///home/dhia/browser-fuzzer/Dissertation/logger/run_20250324_064826/round_086/mutations/mutated_0003.html (2957)
[226671:226671:0324/202638.228265:INFO:CONSOLE(3026)] "Uncaught SyntaxError: Unexpected end of input", source: file:///home/dhia/browser-fuzzer/Dissertation/logger/run_20250324_064826/round_086/mutations/mutated_0003.html (3026)
[226671:226671:0324/202639.008777:INFO:CONSOLE(3118)] "Uncaught SyntaxError: Unexpected end of input", source: file:///home/dhia/browser-fuzzer/Dissertation/logger/run_20250324_064826/round_086/mutations/mutated_0003.html (3118)
[226671:226671:0324/202639.344118:INFO:CONSOLE(3136)] "Uncaught SyntaxError: Invalid or unexpected token", source: file:///home/dhia/browser-fuzzer/Dissertation/logger/run_20250324_064826/round_086/mutations/mutated_0003.html (3136)
[226671:226671:0324/202639.352428:INFO:CONSOLE(3142)] "Uncaught SyntaxError: Invalid or unexpected token", source: file:///home/dhia/browser-fuzzer/Dissertation/logger/run_20250324_064826/round_086/mutations/mutated_0003.html (3142)
[226671:226671:0324/202639.568497:INFO:CONSOLE(3144)] "Uncaught SyntaxError: Invalid or unexpected token", source: file:///home/dhia/browser-fuzzer/Dissertation/logger/run_20250324_064826/round_086/mutations/mutated_0003.html (3144)
[226671:226671:0324/202639.939822:INFO:CONSOLE(3149)] "Uncaught SyntaxError: Invalid or unexpected token", source: file:///home/dhia/browser-fuzzer/Dissertation/logger/run_20250324_064826/round_086/mutations/mutated_0003.html (3149)
[226671:226671:0324/202639.956178:INFO:CONSOLE(3150)] "Uncaught SyntaxError: Invalid or unexpected token", source: file:///home/dhia/browser-fuzzer/Dissertation/logger/run_20250324_064826/round_086/mutations/mutated_0003.html (3150)
[226671:226671:0324/202639.959643:INFO:CONSOLE(3151)] "Uncaught SyntaxError: Invalid or unexpected token", source: file:///home/dhia/browser-fuzzer/Dissertation/logger/run_20250324_064826/round_086/mutations/mutated_0003.html (3151)
[226671:226671:0324/202640.193666:INFO:CONSOLE(3152)] "Uncaught SyntaxError: Invalid or unexpected token", source: file:///home/dhia/browser-fuzzer/Dissertation/logger/run_20250324_064826/round_086/mutations/mutated_0003.html (3152)
[226671:226671:0324/202640.205737:INFO:CONSOLE(3153)] "Uncaught SyntaxError: Invalid or unexpected token", source: file:///home/dhia/browser-fuzzer/Dissertation/logger/run_20250324_064826/round_086/mutations/mutated_0003.html (3153)
[226671:226671:0324/202640.460330:INFO:CONSOLE(3166)] "Uncaught SyntaxError: Invalid or unexpected token", source: file:///home/dhia/browser-fuzzer/Dissertation/logger/run_20250324_064826/round_086/mutations/mutated_0003.html (3166)
[226671:226671:0324/202640.467136:INFO:CONSOLE(3168)] "Uncaught SyntaxError: Invalid or unexpected token", source: file:///home/dhia/browser-fuzzer/Dissertation/logger/run_20250324_064826/round_086/mutations/mutated_0003.html (3168)
[226671:226671:0324/202640.818924:INFO:CONSOLE(3173)] "Uncaught SyntaxError: Invalid or unexpected token", source: file:///home/dhia/browser-fuzzer/Dissertation/logger/run_20250324_064826/round_086/mutations/mutated_0003.html (3173)
[226671:226671:0324/202641.743677:INFO:CONSOLE(3255)] "Uncaught SyntaxError: Unexpected end of input", source: file:///home/dhia/browser-fuzzer/Dissertation/logger/run_20250324_064826/round_086/mutations/mutated_0003.html (3255)
[226671:226671:0324/202641.752964:INFO:CONSOLE(3258)] "Uncaught SyntaxError: Invalid or unexpected token", source: file:///home/dhia/browser-fuzzer/Dissertation/logger/run_20250324_064826/round_086/mutations/mutated_0003.html (3258)
[226671:226671:0324/202641.763515:INFO:CONSOLE(3259)] "Uncaught SyntaxError: Invalid or unexpected token", source: file:///home/dhia/browser-fuzzer/Dissertation/logger/run_20250324_064826/round_086/mutations/mutated_0003.html (3259)
[226671:226671:0324/202642.064056:INFO:CONSOLE(3260)] "Uncaught SyntaxError: Invalid or unexpected token", source: file:///home/dhia/browser-fuzzer/Dissertation/logger/run_20250324_064826/round_086/mutations/mutated_0003.html (3260)
[226671:226671:0324/202642.075669:INFO:CONSOLE(3261)] "Uncaught SyntaxError: Invalid or unexpected token", source: file:///home/dhia/browser-fuzzer/Dissertation/logger/run_20250324_064826/round_086/mutations/mutated_0003.html (3261)
[226671:226671:0324/202642.084936:INFO:CONSOLE(3262)] "Uncaught SyntaxError: Invalid or unexpected token", source: file:///home/dhia/browser-fuzzer/Dissertation/logger/run_20250324_064826/round_086/mutations/mutated_0003.html (3262)
[226671:226671:0324/202642.274334:INFO:CONSOLE(3263)] "Uncaught SyntaxError: Invalid or unexpected token", source: file:///home/dhia/browser-fuzzer/Dissertation/logger/run_20250324_064826/round_086/mutations/mutated_0003.html (3263)
[226671:226671:0324/202643.382516:INFO:CONSOLE(3344)] "Uncaught SyntaxError: Unexpected end of input", source: file:///home/dhia/browser-fuzzer/Dissertation/logger/run_20250324_064826/round_086/mutations/mutated_0003.html (3344)
[226671:226671:0324/202643.825630:INFO:CONSOLE(3366)] "Uncaught SyntaxError: Invalid or unexpected token", source: file:///home/dhia/browser-fuzzer/Dissertation/logger/run_20250324_064826/round_086/mutations/mutated_0003.html (3366)
[226671:226671:0324/202643.836206:INFO:CONSOLE(3368)] "Uncaught SyntaxError: Invalid or unexpected token", source: file:///home/dhia/browser-fuzzer/Dissertation/logger/run_20250324_064826/round_086/mutations/mutated_0003.html (3368)
[226671:226671:0324/202644.334005:INFO:CONSOLE(3373)] "Uncaught SyntaxError: Invalid or unexpected token", source: file:///home/dhia/browser-fuzzer/Dissertation/logger/run_20250324_064826/round_086/mutations/mutated_0003.html (3373)
[226671:226671:0324/202644.338135:INFO:CONSOLE(3374)] "Uncaught SyntaxError: Invalid or unexpected token", source: file:///home/dhia/browser-fuzzer/Dissertation/logger/run_20250324_064826/round_086/mutations/mutated_0003.html (3374)
[226671:226671:0324/202644.576807:INFO:CONSOLE(3375)] "Uncaught SyntaxError: Invalid or unexpected token", source: file:///home/dhia/browser-fuzzer/Dissertation/logger/run_20250324_064826/round_086/mutations/mutated_0003.html (3375)
[226671:226671:0324/202644.582415:INFO:CONSOLE(3376)] "Uncaught SyntaxError: Invalid or unexpected token", source: file:///home/dhia/browser-fuzzer/Dissertation/logger/run_20250324_064826/round_086/mutations/mutated_0003.html (3376)
[226671:226671:0324/202644.589231:INFO:CONSOLE(3377)] "Uncaught SyntaxError: Invalid or unexpected token", source: file:///home/dhia/browser-fuzzer/Dissertation/logger/run_20250324_064826/round_086/mutations/mutated_0003.html (3377)
[226671:226671:0324/202644.837136:INFO:CONSOLE(3378)] "Uncaught SyntaxError: Invalid or unexpected token", source: file:///home/dhia/browser-fuzzer/Dissertation/logger/run_20250324_064826/round_086/mutations/mutated_0003.html (3378)
[226671:226671:0324/202644.851312:INFO:CONSOLE(3387)] "Uncaught SyntaxError: Invalid or unexpected token", source: file:///home/dhia/browser-fuzzer/Dissertation/logger/run_20250324_064826/round_086/mutations/mutated_0003.html (3387)
[226671:226671:0324/202645.091719:INFO:CONSOLE(3392)] "Uncaught SyntaxError: Invalid or unexpected token", source: file:///home/dhia/browser-fuzzer/Dissertation/logger/run_20250324_064826/round_086/mutations/mutated_0003.html (3392)
[226671:226671:0324/202645.109358:INFO:CONSOLE(3406)] "Uncaught SyntaxError: Invalid or unexpected token", source: file:///home/dhia/browser-fuzzer/Dissertation/logger/run_20250324_064826/round_086/mutations/mutated_0003.html (3406)
[226671:226671:0324/202645.475436:INFO:CONSOLE(3411)] "Uncaught SyntaxError: Invalid or unexpected token", source: file:///home/dhia/browser-fuzzer/Dissertation/logger/run_20250324_064826/round_086/mutations/mutated_0003.html (3411)
[226671:226671:0324/202646.402506:INFO:CONSOLE(3493)] "Uncaught SyntaxError: Unexpected end of input", source: file:///home/dhia/browser-fuzzer/Dissertation/logger/run_20250324_064826/round_086/mutations/mutated_0003.html (3493)
[226671:226671:0324/202646.411323:INFO:CONSOLE(3496)] "Uncaught SyntaxError: Invalid or unexpected token", source: file:///home/dhia/browser-fuzzer/Dissertation/logger/run_20250324_064826/round_086/mutations/mutated_0003.html (3496)
[226671:226671:0324/202646.415299:INFO:CONSOLE(3497)] "Uncaught SyntaxError: Invalid or unexpected token", source: file:///home/dhia/browser-fuzzer/Dissertation/logger/run_20250324_064826/round_086/mutations/mutated_0003.html (3497)
[226671:226671:0324/202646.676970:INFO:CONSOLE(3498)] "Uncaught SyntaxError: Invalid or unexpected token", source: file:///home/dhia/browser-fuzzer/Dissertation/logger/run_20250324_064826/round_086/mutations/mutated_0003.html (3498)
[226671:226671:0324/202646.681123:INFO:CONSOLE(3503)] "Uncaught SyntaxError: Invalid or unexpected token", source: file:///home/dhia/browser-fuzzer/Dissertation/logger/run_20250324_064826/round_086/mutations/mutated_0003.html (3503)
[226671:226671:0324/202646.906347:INFO:CONSOLE(3505)] "Uncaught SyntaxError: Invalid or unexpected token", source: file:///home/dhia/browser-fuzzer/Dissertation/logger/run_20250324_064826/round_086/mutations/mutated_0003.html (3505)
[226671:226671:0324/202647.535837:INFO:CONSOLE(3510)] "Uncaught SyntaxError: Invalid or unexpected token", source: file:///home/dhia/browser-fuzzer/Dissertation/logger/run_20250324_064826/round_086/mutations/mutated_0003.html (3510)
[226671:226671:0324/202648.547586:INFO:CONSOLE(3590)] "Uncaught SyntaxError: Unexpected end of input", source: file:///home/dhia/browser-fuzzer/Dissertation/logger/run_20250324_064826/round_086/mutations/mutated_0003.html (3590)
[226671:226671:0324/202648.559166:INFO:CONSOLE(3593)] "Uncaught SyntaxError: Invalid or unexpected token", source: file:///home/dhia/browser-fuzzer/Dissertation/logger/run_20250324_064826/round_086/mutations/mutated_0003.html (3593)
[226671:226671:0324/202648.567776:INFO:CONSOLE(3594)] "Uncaught SyntaxError: Invalid or unexpected token", source: file:///home/dhia/browser-fuzzer/Dissertation/logger/run_20250324_064826/round_086/mutations/mutated_0003.html (3594)
[226671:226671:0324/202648.940872:INFO:CONSOLE(3664)] "Uncaught SyntaxError: Unexpected end of input", source: file:///home/dhia/browser-fuzzer/Dissertation/logger/run_20250324_064826/round_086/mutations/mutated_0003.html (3664)
[226671:226671:0324/202650.030122:INFO:CONSOLE(3746)] "Uncaught SyntaxError: Unexpected end of input", source: file:///home/dhia/browser-fuzzer/Dissertation/logger/run_20250324_064826/round_086/mutations/mutated_0003.html (3746)
[226671:226671:0324/202651.013747:INFO:CONSOLE(3828)] "Uncaught SyntaxError: Unexpected end of input", source: file:///home/dhia/browser-fuzzer/Dissertation/logger/run_20250324_064826/round_086/mutations/mutated_0003.html (3828)
[226671:226671:0324/202652.079096:INFO:CONSOLE(3898)] "Uncaught SyntaxError: Unexpected end of input", source: file:///home/dhia/browser-fuzzer/Dissertation/logger/run_20250324_064826/round_086/mutations/mutated_0003.html (3898)
[226671:226671:0324/202652.090683:INFO:CONSOLE(3900)] "Uncaught SyntaxError: Invalid or unexpected token", source: file:///home/dhia/browser-fuzzer/Dissertation/logger/run_20250324_064826/round_086/mutations/mutated_0003.html (3900)
[226671:226671:0324/202652.370794:INFO:CONSOLE(3939)] "Uncaught SyntaxError: Invalid or unexpected token", source: file:///home/dhia/browser-fuzzer/Dissertation/logger/run_20250324_064826/round_086/mutations/mutated_0003.html (3939)
[226671:226671:0324/202652.757041:INFO:CONSOLE(4061)] "Uncaught SyntaxError: Invalid or unexpected token", source: file:///home/dhia/browser-fuzzer/Dissertation/logger/run_20250324_064826/round_086/mutations/mutated_0003.html (4061)
[226671:226671:0324/202652.761659:INFO:CONSOLE(4062)] "Uncaught SyntaxError: Invalid or unexpected token", source: file:///home/dhia/browser-fuzzer/Dissertation/logger/run_20250324_064826/round_086/mutations/mutated_0003.html (4062)
[226671:226671:0324/202652.777502:INFO:CONSOLE(4064)] "Uncaught SyntaxError: Invalid or unexpected token", source: file:///home/dhia/browser-fuzzer/Dissertation/logger/run_20250324_064826/round_086/mutations/mutated_0003.html (4064)
[226671:226671:0324/202653.867748:INFO:CONSOLE(4069)] "Uncaught SyntaxError: Invalid or unexpected token", source: file:///home/dhia/browser-fuzzer/Dissertation/logger/run_20250324_064826/round_086/mutations/mutated_0003.html (4069)
[226671:226671:0324/202653.875278:INFO:CONSOLE(4070)] "Uncaught SyntaxError: Invalid or unexpected token", source: file:///home/dhia/browser-fuzzer/Dissertation/logger/run_20250324_064826/round_086/mutations/mutated_0003.html (4070)
[226671:226671:0324/202653.884807:INFO:CONSOLE(4071)] "Uncaught SyntaxError: Invalid or unexpected token", source: file:///home/dhia/browser-fuzzer/Dissertation/logger/run_20250324_064826/round_086/mutations/mutated_0003.html (4071)
[226671:226671:0324/202654.134650:INFO:CONSOLE(4075)] "Uncaught SyntaxError: Invalid or unexpected token", source: file:///home/dhia/browser-fuzzer/Dissertation/logger/run_20250324_064826/round_086/mutations/mutated_0003.html (4075)
[226671:226671:0324/202654.141333:INFO:CONSOLE(4089)] "Uncaught SyntaxError: Invalid or unexpected token", source: file:///home/dhia/browser-fuzzer/Dissertation/logger/run_20250324_064826/round_086/mutations/mutated_0003.html (4089)
[226671:226671:0324/202654.620497:INFO:CONSOLE(4094)] "Uncaught SyntaxError: Invalid or unexpected token", source: file:///home/dhia/browser-fuzzer/Dissertation/logger/run_20250324_064826/round_086/mutations/mutated_0003.html (4094)
[226671:226671:0324/202654.625648:INFO:CONSOLE(4095)] "Uncaught SyntaxError: Invalid or unexpected token", source: file:///home/dhia/browser-fuzzer/Dissertation/logger/run_20250324_064826/round_086/mutations/mutated_0003.html (4095)
[226671:226671:0324/202654.630594:INFO:CONSOLE(4099)] "Uncaught SyntaxError: Invalid or unexpected token", source: file:///home/dhia/browser-fuzzer/Dissertation/logger/run_20250324_064826/round_086/mutations/mutated_0003.html (4099)
[226671:226671:0324/202654.869165:INFO:CONSOLE(4101)] "Uncaught SyntaxError: Invalid or unexpected token", source: file:///home/dhia/browser-fuzzer/Dissertation/logger/run_20250324_064826/round_086/mutations/mutated_0003.html (4101)
[226671:226671:0324/202655.227747:INFO:CONSOLE(4106)] "Uncaught SyntaxError: Invalid or unexpected token", source: file:///home/dhia/browser-fuzzer/Dissertation/logger/run_20250324_064826/round_086/mutations/mutated_0003.html (4106)
[226671:226671:0324/202655.235520:INFO:CONSOLE(4107)] "Uncaught SyntaxError: Invalid or unexpected token", source: file:///home/dhia/browser-fuzzer/Dissertation/logger/run_20250324_064826/round_086/mutations/mutated_0003.html (4107)
[226671:226671:0324/202655.466052:INFO:CONSOLE(4111)] "Uncaught SyntaxError: Invalid or unexpected token", source: file:///home/dhia/browser-fuzzer/Dissertation/logger/run_20250324_064826/round_086/mutations/mutated_0003.html (4111)
[226671:226671:0324/202655.472150:INFO:CONSOLE(4113)] "Uncaught SyntaxError: Invalid or unexpected token", source: file:///home/dhia/browser-fuzzer/Dissertation/logger/run_20250324_064826/round_086/mutations/mutated_0003.html (4113)
[226671:226671:0324/202655.955896:INFO:CONSOLE(4118)] "Uncaught SyntaxError: Invalid or unexpected token", source: file:///home/dhia/browser-fuzzer/Dissertation/logger/run_20250324_064826/round_086/mutations/mutated_0003.html (4118)
[226671:226671:0324/202655.962739:INFO:CONSOLE(4132)] "Uncaught SyntaxError: Invalid or unexpected token", source: file:///home/dhia/browser-fuzzer/Dissertation/logger/run_20250324_064826/round_086/mutations/mutated_0003.html (4132)
[226671:226671:0324/202655.982807:INFO:CONSOLE(4133)] "Uncaught SyntaxError: Invalid or unexpected token", source: file:///home/dhia/browser-fuzzer/Dissertation/logger/run_20250324_064826/round_086/mutations/mutated_0003.html (4133)
[226671:226671:0324/202656.000538:INFO:CONSOLE(4134)] "Uncaught SyntaxError: Invalid or unexpected token", source: file:///home/dhia/browser-fuzzer/Dissertation/logger/run_20250324_064826/round_086/mutations/mutated_0003.html (4134)
[226671:226671:0324/202656.029717:INFO:CONSOLE(4135)] "Uncaught SyntaxError: Invalid or unexpected token", source: file:///home/dhia/browser-fuzzer/Dissertation/logger/run_20250324_064826/round_086/mutations/mutated_0003.html (4135)
[226671:226671:0324/202656.357961:INFO:CONSOLE(4136)] "Uncaught SyntaxError: Invalid or unexpected token", source: file:///home/dhia/browser-fuzzer/Dissertation/logger/run_20250324_064826/round_086/mutations/mutated_0003.html (4136)
[226671:226671:0324/202656.365995:INFO:CONSOLE(4137)] "Uncaught SyntaxError: Invalid or unexpected token", source: file:///home/dhia/browser-fuzzer/Dissertation/logger/run_20250324_064826/round_086/mutations/mutated_0003.html (4137)
[226671:226671:0324/202656.373754:INFO:CONSOLE(4138)] "Uncaught SyntaxError: Invalid or unexpected token", source: file:///home/dhia/browser-fuzzer/Dissertation/logger/run_20250324_064826/round_086/mutations/mutated_0003.html (4138)
[226671:226671:0324/202656.654664:INFO:CONSOLE(4139)] "Uncaught SyntaxError: Invalid or unexpected token", source: file:///home/dhia/browser-fuzzer/Dissertation/logger/run_20250324_064826/round_086/mutations/mutated_0003.html (4139)
[226671:226671:0324/202656.658907:INFO:CONSOLE(4141)] "Uncaught SyntaxError: Invalid or unexpected token", source: file:///home/dhia/browser-fuzzer/Dissertation/logger/run_20250324_064826/round_086/mutations/mutated_0003.html (4141)
[226671:226671:0324/202656.662486:INFO:CONSOLE(4142)] "Uncaught SyntaxError: Invalid or unexpected token", source: file:///home/dhia/browser-fuzzer/Dissertation/logger/run_20250324_064826/round_086/mutations/mutated_0003.html (4142)
[226671:226671:0324/202656.894201:INFO:CONSOLE(4143)] "Uncaught SyntaxError: Invalid or unexpected token", source: file:///home/dhia/browser-fuzzer/Dissertation/logger/run_20250324_064826/round_086/mutations/mutated_0003.html (4143)
[226671:226671:0324/202656.906408:INFO:CONSOLE(4144)] "Uncaught SyntaxError: Invalid or unexpected token", source: file:///home/dhia/browser-fuzzer/Dissertation/logger/run_20250324_064826/round_086/mutations/mutated_0003.html (4144)
[226671:226671:0324/202656.915443:INFO:CONSOLE(4145)] "Uncaught SyntaxError: Invalid or unexpected token", source: file:///home/dhia/browser-fuzzer/Dissertation/logger/run_20250324_064826/round_086/mutations/mutated_0003.html (4145)
[226671:226671:0324/202657.138494:INFO:CONSOLE(4146)] "Uncaught SyntaxError: Invalid or unexpected token", source: file:///home/dhia/browser-fuzzer/Dissertation/logger/run_20250324_064826/round_086/mutations/mutated_0003.html (4146)
[226671:226671:0324/202657.143020:INFO:CONSOLE(4147)] "Uncaught SyntaxError: Invalid or unexpected token", source: file:///home/dhia/browser-fuzzer/Dissertation/logger/run_20250324_064826/round_086/mutations/mutated_0003.html (4147)
[226671:226671:0324/202657.152794:INFO:CONSOLE(4148)] "Uncaught SyntaxError: Invalid or unexpected token", source: file:///home/dhia/browser-fuzzer/Dissertation/logger/run_20250324_064826/round_086/mutations/mutated_0003.html (4148)
[226671:226671:0324/202657.366714:INFO:CONSOLE(4149)] "Uncaught SyntaxError: Invalid or unexpected token", source: file:///home/dhia/browser-fuzzer/Dissertation/logger/run_20250324_064826/round_086/mutations/mutated_0003.html (4149)
[226671:226671:0324/202657.372925:INFO:CONSOLE(4150)] "Uncaught SyntaxError: Invalid or unexpected token", source: file:///home/dhia/browser-fuzzer/Dissertation/logger/run_20250324_064826/round_086/mutations/mutated_0003.html (4150)
[226671:226671:0324/202657.382660:INFO:CONSOLE(4151)] "Uncaught SyntaxError: Invalid or unexpected token", source: file:///home/dhia/browser-fuzzer/Dissertation/logger/run_20250324_064826/round_086/mutations/mutated_0003.html (4151)
[226671:226671:0324/202657.625921:INFO:CONSOLE(4152)] "Uncaught SyntaxError: Invalid or unexpected token", source: file:///home/dhia/browser-fuzzer/Dissertation/logger/run_20250324_064826/round_086/mutations/mutated_0003.html (4152)
[226671:226671:0324/202657.651591:INFO:CONSOLE(4153)] "Uncaught SyntaxError: Invalid or unexpected token", source: file:///home/dhia/browser-fuzzer/Dissertation/logger/run_20250324_064826/round_086/mutations/mutated_0003.html (4153)
[226671:226671:0324/202657.656309:INFO:CONSOLE(4154)] "Uncaught SyntaxError: Invalid or unexpected token", source: file:///home/dhia/browser-fuzzer/Dissertation/logger/run_20250324_064826/round_086/mutations/mutated_0003.html (4154)
[226671:226671:0324/202657.921203:INFO:CONSOLE(4167)] "Uncaught SyntaxError: Invalid or unexpected token", source: file:///home/dhia/browser-fuzzer/Dissertation/logger/run_20250324_064826/round_086/mutations/mutated_0003.html (4167)
[226671:226671:0324/202657.932171:INFO:CONSOLE(4168)] "Uncaught SyntaxError: Invalid or unexpected token", source: file:///home/dhia/browser-fuzzer/Dissertation/logger/run_20250324_064826/round_086/mutations/mutated_0003.html (4168)
[226671:226671:0324/202657.951077:INFO:CONSOLE(4169)] "Uncaught SyntaxError: Invalid or unexpected token", source: file:///home/dhia/browser-fuzzer/Dissertation/logger/run_20250324_064826/round_086/mutations/mutated_0003.html (4169)
[226671:226671:0324/202658.759564:ERROR:background_mode_manager_aura.cc(12)] Not implemented reached in virtual void BackgroundModeManager::EnableLaunchOnStartup(bool)
[226671:226671:0324/202658.989652:ERROR:kill_posix.cc(33)] waitpid(226748): No child processes (10)
[226671:226707:0324/202659.007674:WARNING:discardable_shared_memory_manager.cc(452)] Some MojoDiscardableSharedMemoryManagerImpls are still alive. They will be leaked.
