ERROR   | Browser: chrome | File: /home/dhia/browser-fuzzer/Dissertation/tests/testing_seeds/combined/id:017548,time:0,execs:0,orig:percentage-heights-008.html | Message: Message: session not created: This version of ChromeDriver only supports Chrome version 132
Current browser version is 134.0.6988.0 with binary path /home/dhia/chrome-asan/chrome-asan/chrome
Stacktrace:
#0 0x56ebf8c1253a <unknown>
#1 0x56ebf870df00 <unknown>
#2 0x56ebf874c342 <unknown>
#3 0x56ebf874b235 <unknown>
#4 0x56ebf8745361 <unknown>
#5 0x56ebf87414b6 <unknown>
#6 0x56ebf878e7b6 <unknown>
#7 0x56ebf878de06 <unknown>
#8 0x56ebf8782343 <unknown>
#9 0x56ebf874f78a <unknown>
#10 0x56ebf87509de <unknown>
#11 0x56ebf8bdc2cb <unknown>
#12 0x56ebf8be0242 <unknown>
#13 0x56ebf8bc97ac <unknown>
#14 0x56ebf8be0df7 <unknown>
#15 0x56ebf8badb2f <unknown>
#16 0x56ebf8c011a8 <unknown>
#17 0x56ebf8c01370 <unknown>
#18 0x56ebf8c113b6 <unknown>
#19 0x7e719de94ac3 <unknown>

ERROR   | Browser: chrome | File: /home/dhia/browser-fuzzer/Dissertation/tests/testing_seeds/combined/id:013729,time:0,execs:0,orig:rex-in-monospace.html | Message: Message: session not created: This version of ChromeDriver only supports Chrome version 132
Current browser version is 134.0.6988.0 with binary path /home/dhia/chrome-asan/chrome-asan/chrome
Stacktrace:
#0 0x5944ef17b53a <unknown>
#1 0x5944eec76f00 <unknown>
#2 0x5944eecb5342 <unknown>
#3 0x5944eecb4235 <unknown>
#4 0x5944eecae361 <unknown>
#5 0x5944eecaa4b6 <unknown>
#6 0x5944eecf77b6 <unknown>
#7 0x5944eecf6e06 <unknown>
#8 0x5944eeceb343 <unknown>
#9 0x5944eecb878a <unknown>
#10 0x5944eecb99de <unknown>
#11 0x5944ef1452cb <unknown>
#12 0x5944ef149242 <unknown>
#13 0x5944ef1327ac <unknown>
#14 0x5944ef149df7 <unknown>
#15 0x5944ef116b2f <unknown>
#16 0x5944ef16a1a8 <unknown>
#17 0x5944ef16a370 <unknown>
#18 0x5944ef17a3b6 <unknown>
#19 0x787a90894ac3 <unknown>

ERROR   | Browser: chrome | File: /home/dhia/browser-fuzzer/Dissertation/tests/testing_seeds/combined/id:000128,time:0,execs:0,orig:fuzz-00011.mut6.html | Message: Message: session not created: This version of ChromeDriver only supports Chrome version 132
Current browser version is 134.0.6988.0 with binary path /home/dhia/chrome-asan/chrome-asan/chrome
Stacktrace:
#0 0x5bf183ebc53a <unknown>
#1 0x5bf1839b7f00 <unknown>
#2 0x5bf1839f6342 <unknown>
#3 0x5bf1839f5235 <unknown>
#4 0x5bf1839ef361 <unknown>
#5 0x5bf1839eb4b6 <unknown>
#6 0x5bf183a387b6 <unknown>
#7 0x5bf183a37e06 <unknown>
#8 0x5bf183a2c343 <unknown>
#9 0x5bf1839f978a <unknown>
#10 0x5bf1839fa9de <unknown>
#11 0x5bf183e862cb <unknown>
#12 0x5bf183e8a242 <unknown>
#13 0x5bf183e737ac <unknown>
#14 0x5bf183e8adf7 <unknown>
#15 0x5bf183e57b2f <unknown>
#16 0x5bf183eab1a8 <unknown>
#17 0x5bf183eab370 <unknown>
#18 0x5bf183ebb3b6 <unknown>
#19 0x76f954494ac3 <unknown>

ERROR   | Browser: chrome | File: /home/dhia/browser-fuzzer/Dissertation/tests/testing_seeds/combined/id:043977,time:0,execs:0,orig:color-valid.html | Message: Message: session not created: This version of ChromeDriver only supports Chrome version 132
Current browser version is 134.0.6988.0 with binary path /home/dhia/chrome-asan/chrome-asan/chrome
Stacktrace:
#0 0x624d9c85e53a <unknown>
#1 0x624d9c359f00 <unknown>
#2 0x624d9c398342 <unknown>
#3 0x624d9c397235 <unknown>
#4 0x624d9c391361 <unknown>
#5 0x624d9c38d4b6 <unknown>
#6 0x624d9c3da7b6 <unknown>
#7 0x624d9c3d9e06 <unknown>
#8 0x624d9c3ce343 <unknown>
#9 0x624d9c39b78a <unknown>
#10 0x624d9c39c9de <unknown>
#11 0x624d9c8282cb <unknown>
#12 0x624d9c82c242 <unknown>
#13 0x624d9c8157ac <unknown>
#14 0x624d9c82cdf7 <unknown>
#15 0x624d9c7f9b2f <unknown>
#16 0x624d9c84d1a8 <unknown>
#17 0x624d9c84d370 <unknown>
#18 0x624d9c85d3b6 <unknown>
#19 0x7a5fa8e94ac3 <unknown>

