[222379:222379:0324/200930.053926:ERROR:cursor_factory.cc(96)] Not implemented reached in virtual void ui::CursorFactory::ObserveThemeChanges()
[222450:222450:0324/200930.767625:WARNING:sandbox_linux.cc(415)] InitializeSandbox() called with multiple threads in process gpu-process.
[222451:222451:0324/200930.775306:WARNING:sandbox_linux.cc(415)] InitializeSandbox() called with multiple threads in process gpu-process.
[222450:222450:0324/200930.793716:WARNING:viz_main_impl.cc(85)] VizNullHypothesis is disabled (not a warning)
[222451:222451:0324/200930.834059:WARNING:viz_main_impl.cc(85)] VizNullHypothesis is disabled (not a warning)
[222379:222379:0324/200930.936527:WARNING:account_consistency_mode_manager.cc(72)] Desktop Identity Consistency cannot be enabled as no OAuth client ID and client secret have been configured.
[222379:222379:0324/200932.118576:ERROR:platform_screen.cc(45)] Not implemented reached in virtual bool ui::PlatformScreen::IsScreenSaverActive() const
[222379:222379:0324/200932.118688:ERROR:platform_screen.cc(50)] Not implemented reached in virtual base::TimeDelta ui::PlatformScreen::CalculateIdleTime() const
[222379:222379:0324/200932.127082:WARNING:compose_enabling.cc(64)] Couldn't get country info.
[222379:222379:0324/200945.108124:INFO:CONSOLE(20)] "The Content-Security-Policy directive name 'default-src!'self'' contains one or more invalid characters. Only ASCII alphanumeric characters or dashes '-' are allowed in directive names.", source: file:///home/dhia/browser-fuzzer/Dissertation/logger/run_20250324_064826/round_084/mutations/mutated_0004.html (20)
[222379:222379:0324/200948.045483:INFO:CONSOLE(132)] "Uncaught SyntaxError: Unexpected end of input", source: file:///home/dhia/browser-fuzzer/Dissertation/logger/run_20250324_064826/round_084/mutations/mutated_0004.html (132)
[222379:222379:0324/200948.763471:INFO:CONSOLE(203)] "Uncaught SyntaxError: Unexpected end of input", source: file:///home/dhia/browser-fuzzer/Dissertation/logger/run_20250324_064826/round_084/mutations/mutated_0004.html (203)
[222379:222379:0324/200948.962965:INFO:CONSOLE(222)] "Uncaught SyntaxError: Invalid or unexpected token", source: file:///home/dhia/browser-fuzzer/Dissertation/logger/run_20250324_064826/round_084/mutations/mutated_0004.html (222)
[222379:222379:0324/200956.882579:INFO:CONSOLE(260)] "Uncaught SyntaxError: Invalid or unexpected token", source: file:///home/dhia/browser-fuzzer/Dissertation/logger/run_20250324_064826/round_084/mutations/mutated_0004.html (260)
[222379:222379:0324/200956.891289:INFO:CONSOLE(261)] "Uncaught SyntaxError: Invalid or unexpected token", source: file:///home/dhia/browser-fuzzer/Dissertation/logger/run_20250324_064826/round_084/mutations/mutated_0004.html (261)
[222379:222379:0324/200956.993811:INFO:CONSOLE(277)] "Uncaught SyntaxError: Invalid or unexpected token", source: file:///home/dhia/browser-fuzzer/Dissertation/logger/run_20250324_064826/round_084/mutations/mutated_0004.html (277)
[222379:222379:0324/200957.000410:INFO:CONSOLE(278)] "Uncaught SyntaxError: Invalid or unexpected token", source: file:///home/dhia/browser-fuzzer/Dissertation/logger/run_20250324_064826/round_084/mutations/mutated_0004.html (278)
[222379:222379:0324/200957.009737:INFO:CONSOLE(279)] "Uncaught SyntaxError: Invalid or unexpected token", source: file:///home/dhia/browser-fuzzer/Dissertation/logger/run_20250324_064826/round_084/mutations/mutated_0004.html (279)
[222379:222379:0324/200957.105771:INFO:CONSOLE(290)] "Uncaught SyntaxError: Invalid or unexpected token", source: file:///home/dhia/browser-fuzzer/Dissertation/logger/run_20250324_064826/round_084/mutations/mutated_0004.html (290)
[222379:222379:0324/200957.115047:INFO:CONSOLE(292)] "Uncaught SyntaxError: Invalid or unexpected token", source: file:///home/dhia/browser-fuzzer/Dissertation/logger/run_20250324_064826/round_084/mutations/mutated_0004.html (292)
[222379:222379:0324/200957.121146:INFO:CONSOLE(293)] "Uncaught SyntaxError: Invalid or unexpected token", source: file:///home/dhia/browser-fuzzer/Dissertation/logger/run_20250324_064826/round_084/mutations/mutated_0004.html (293)
[222379:222379:0324/200957.220897:INFO:CONSOLE(302)] "Uncaught SyntaxError: Invalid or unexpected token", source: file:///home/dhia/browser-fuzzer/Dissertation/logger/run_20250324_064826/round_084/mutations/mutated_0004.html (302)
[222379:222379:0324/200957.229838:INFO:CONSOLE(351)] "Uncaught SyntaxError: Invalid or unexpected token", source: file:///home/dhia/browser-fuzzer/Dissertation/logger/run_20250324_064826/round_084/mutations/mutated_0004.html (351)
[222379:222379:0324/200957.527891:INFO:CONSOLE(352)] "Uncaught SyntaxError: Invalid or unexpected token", source: file:///home/dhia/browser-fuzzer/Dissertation/logger/run_20250324_064826/round_084/mutations/mutated_0004.html (352)
[222379:222379:0324/200957.541364:INFO:CONSOLE(354)] "Uncaught SyntaxError: Invalid or unexpected token", source: file:///home/dhia/browser-fuzzer/Dissertation/logger/run_20250324_064826/round_084/mutations/mutated_0004.html (354)
[222379:222379:0324/200957.547239:INFO:CONSOLE(355)] "Uncaught SyntaxError: Invalid or unexpected token", source: file:///home/dhia/browser-fuzzer/Dissertation/logger/run_20250324_064826/round_084/mutations/mutated_0004.html (355)
[222379:222379:0324/200957.574562:INFO:CONSOLE(362)] "Uncaught SyntaxError: Invalid or unexpected token", source: file:///home/dhia/browser-fuzzer/Dissertation/logger/run_20250324_064826/round_084/mutations/mutated_0004.html (362)
[222379:222379:0324/200957.594095:INFO:CONSOLE(363)] "Uncaught SyntaxError: Invalid or unexpected token", source: file:///home/dhia/browser-fuzzer/Dissertation/logger/run_20250324_064826/round_084/mutations/mutated_0004.html (363)
[222379:222379:0324/200957.751207:INFO:CONSOLE(364)] "Uncaught SyntaxError: Invalid or unexpected token", source: file:///home/dhia/browser-fuzzer/Dissertation/logger/run_20250324_064826/round_084/mutations/mutated_0004.html (364)
[222379:222379:0324/200957.759866:INFO:CONSOLE(365)] "Uncaught SyntaxError: Invalid or unexpected token", source: file:///home/dhia/browser-fuzzer/Dissertation/logger/run_20250324_064826/round_084/mutations/mutated_0004.html (365)
[222379:222379:0324/200957.921430:INFO:CONSOLE(375)] "Uncaught ReferenceError: triggevFuzz is not defined", source: file:///home/dhia/browser-fuzzer/Dissertation/logger/run_20250324_064826/round_084/mutations/mutated_0004.html (375)
[222379:222379:0324/200957.931428:INFO:CONSOLE(377)] "Uncaught SyntaxError: Invalid or unexpected token", source: file:///home/dhia/browser-fuzzer/Dissertation/logger/run_20250324_064826/round_084/mutations/mutated_0004.html (377)
[222379:222379:0324/200957.939003:INFO:CONSOLE(378)] "Uncaught SyntaxError: Invalid or unexpected token", source: file:///home/dhia/browser-fuzzer/Dissertation/logger/run_20250324_064826/round_084/mutations/mutated_0004.html (378)
[222379:222379:0324/200958.048347:INFO:CONSOLE(460)] "Uncaught SyntaxError: Unexpected end of input", source: file:///home/dhia/browser-fuzzer/Dissertation/logger/run_20250324_064826/round_084/mutations/mutated_0004.html (460)
[222379:222379:0324/200958.057898:INFO:CONSOLE(463)] "Uncaught SyntaxError: Invalid or unexpected token", source: file:///home/dhia/browser-fuzzer/Dissertation/logger/run_20250324_064826/round_084/mutations/mutated_0004.html (463)
[222379:222379:0324/200958.065790:INFO:CONSOLE(464)] "Uncaught SyntaxError: Invalid or unexpected token", source: file:///home/dhia/browser-fuzzer/Dissertation/logger/run_20250324_064826/round_084/mutations/mutated_0004.html (464)
[222379:222379:0324/200958.420305:INFO:CONSOLE(553)] "Uncaught SyntaxError: Unexpected end of input", source: file:///home/dhia/browser-fuzzer/Dissertation/logger/run_20250324_064826/round_084/mutations/mutated_0004.html (553)
[222379:222379:0324/200958.428023:INFO:CONSOLE(555)] "Uncaught SyntaxError: Invalid or unexpected token", source: file:///home/dhia/browser-fuzzer/Dissertation/logger/run_20250324_064826/round_084/mutations/mutated_0004.html (555)
[222379:222379:0324/200958.825732:INFO:CONSOLE(614)] "Uncaught SyntaxError: Invalid or unexpected token", source: file:///home/dhia/browser-fuzzer/Dissertation/logger/run_20250324_064826/round_084/mutations/mutated_0004.html (614)
[222379:222379:0324/200958.834252:INFO:CONSOLE(615)] "Uncaught SyntaxError: Invalid or unexpected token", source: file:///home/dhia/browser-fuzzer/Dissertation/logger/run_20250324_064826/round_084/mutations/mutated_0004.html (615)
[222379:222379:0324/200958.846706:INFO:CONSOLE(616)] "Uncaught SyntaxError: Invalid or unexpected token", source: file:///home/dhia/browser-fuzzer/Dissertation/logger/run_20250324_064826/round_084/mutations/mutated_0004.html (616)
[222379:222379:0324/200958.943392:INFO:CONSOLE(617)] "Uncaught SyntaxError: Invalid or unexpected token", source: file:///home/dhia/browser-fuzzer/Dissertation/logger/run_20250324_064826/round_084/mutations/mutated_0004.html (617)
[222379:222379:0324/200958.963802:INFO:CONSOLE(618)] "Uncaught SyntaxError: Invalid or unexpected token", source: file:///home/dhia/browser-fuzzer/Dissertation/logger/run_20250324_064826/round_084/mutations/mutated_0004.html (618)
[222379:222379:0324/200959.071210:INFO:CONSOLE(619)] "Uncaught SyntaxError: Invalid or unexpected token", source: file:///home/dhia/browser-fuzzer/Dissertation/logger/run_20250324_064826/round_084/mutations/mutated_0004.html (619)
[222379:222379:0324/200959.079034:INFO:CONSOLE(630)] "Uncaught SyntaxError: Invalid or unexpected token", source: file:///home/dhia/browser-fuzzer/Dissertation/logger/run_20250324_064826/round_084/mutations/mutated_0004.html (630)
[222379:222379:0324/200959.200876:INFO:CONSOLE(631)] "Uncaught SyntaxError: Invalid or unexpected token", source: file:///home/dhia/browser-fuzzer/Dissertation/logger/run_20250324_064826/round_084/mutations/mutated_0004.html (631)
[222379:222379:0324/200959.208286:INFO:CONSOLE(632)] "Uncaught SyntaxError: Invalid or unexpected token", source: file:///home/dhia/browser-fuzzer/Dissertation/logger/run_20250324_064826/round_084/mutations/mutated_0004.html (632)
[222379:222379:0324/200959.330329:INFO:CONSOLE(633)] "Uncaught SyntaxError: Invalid or unexpected token", source: file:///home/dhia/browser-fuzzer/Dissertation/logger/run_20250324_064826/round_084/mutations/mutated_0004.html (633)
[222379:222379:0324/200959.336425:INFO:CONSOLE(634)] "Uncaught SyntaxError: Invalid or unexpected token", source: file:///home/dhia/browser-fuzzer/Dissertation/logger/run_20250324_064826/round_084/mutations/mutated_0004.html (634)
[222379:222379:0324/200959.347291:INFO:CONSOLE(635)] "Uncaught SyntaxError: Invalid or unexpected token", source: file:///home/dhia/browser-fuzzer/Dissertation/logger/run_20250324_064826/round_084/mutations/mutated_0004.html (635)
[222379:222379:0324/200959.479499:INFO:CONSOLE(637)] "Uncaught SyntaxError: Invalid or unexpected token", source: file:///home/dhia/browser-fuzzer/Dissertation/logger/run_20250324_064826/round_084/mutations/mutated_0004.html (637)
[222379:222379:0324/200959.485692:INFO:CONSOLE(638)] "Uncaught SyntaxError: Invalid or unexpected token", source: file:///home/dhia/browser-fuzzer/Dissertation/logger/run_20250324_064826/round_084/mutations/mutated_0004.html (638)
[222379:222379:0324/200959.598969:INFO:CONSOLE(647)] "Uncaught SyntaxError: Invalid or unexpected token", source: file:///home/dhia/browser-fuzzer/Dissertation/logger/run_20250324_064826/round_084/mutations/mutated_0004.html (647)
[222379:222379:0324/200959.604932:INFO:CONSOLE(684)] "Uncaught SyntaxError: Invalid or unexpected token", source: file:///home/dhia/browser-fuzzer/Dissertation/logger/run_20250324_064826/round_084/mutations/mutated_0004.html (684)
[222379:222379:0324/201000.139617:INFO:CONSOLE(685)] "Uncaught SyntaxError: Invalid or unexpected token", source: file:///home/dhia/browser-fuzzer/Dissertation/logger/run_20250324_064826/round_084/mutations/mutated_0004.html (685)
[222379:222379:0324/201000.165214:INFO:CONSOLE(687)] "Uncaught SyntaxError: Invalid or unexpected token", source: file:///home/dhia/browser-fuzzer/Dissertation/logger/run_20250324_064826/round_084/mutations/mutated_0004.html (687)
[222379:222379:0324/201000.313567:INFO:CONSOLE(688)] "Uncaught SyntaxError: Invalid or unexpected token", source: file:///home/dhia/browser-fuzzer/Dissertation/logger/run_20250324_064826/round_084/mutations/mutated_0004.html (688)
[222379:222379:0324/201000.324914:INFO:CONSOLE(695)] "Uncaught SyntaxError: Invalid or unexpected token", source: file:///home/dhia/browser-fuzzer/Dissertation/logger/run_20250324_064826/round_084/mutations/mutated_0004.html (695)
[222379:222379:0324/201000.332315:INFO:CONSOLE(696)] "Uncaught SyntaxError: Invalid or unexpected token", source: file:///home/dhia/browser-fuzzer/Dissertation/logger/run_20250324_064826/round_084/mutations/mutated_0004.html (696)
[222379:222379:0324/201000.526992:INFO:CONSOLE(697)] "Uncaught SyntaxError: Invalid or unexpected token", source: file:///home/dhia/browser-fuzzer/Dissertation/logger/run_20250324_064826/round_084/mutations/mutated_0004.html (697)
[222379:222379:0324/201000.532901:INFO:CONSOLE(698)] "Uncaught SyntaxError: Invalid or unexpected token", source: file:///home/dhia/browser-fuzzer/Dissertation/logger/run_20250324_064826/round_084/mutations/mutated_0004.html (698)
[222379:222379:0324/201000.788899:INFO:CONSOLE(708)] "Uncaught ReferenceError: triggevFuzz is not defined", source: file:///home/dhia/browser-fuzzer/Dissertation/logger/run_20250324_064826/round_084/mutations/mutated_0004.html (708)
[222379:222379:0324/201000.802429:INFO:CONSOLE(710)] "Uncaught SyntaxError: Invalid or unexpected token", source: file:///home/dhia/browser-fuzzer/Dissertation/logger/run_20250324_064826/round_084/mutations/mutated_0004.html (710)
[222379:222379:0324/201000.814272:INFO:CONSOLE(711)] "Uncaught SyntaxError: Invalid or unexpected token", source: file:///home/dhia/browser-fuzzer/Dissertation/logger/run_20250324_064826/round_084/mutations/mutated_0004.html (711)
[222379:222379:0324/201001.432833:INFO:CONSOLE(781)] "Uncaught SyntaxError: Unexpected end of input", source: file:///home/dhia/browser-fuzzer/Dissertation/logger/run_20250324_064826/round_084/mutations/mutated_0004.html (781)
[222379:222379:0324/201001.444194:INFO:CONSOLE(784)] "Uncaught SyntaxError: Invalid or unexpected token", source: file:///home/dhia/browser-fuzzer/Dissertation/logger/run_20250324_064826/round_084/mutations/mutated_0004.html (784)
[222379:222379:0324/201001.464775:INFO:CONSOLE(785)] "Uncaught SyntaxError: Invalid or unexpected token", source: file:///home/dhia/browser-fuzzer/Dissertation/logger/run_20250324_064826/round_084/mutations/mutated_0004.html (785)
[222379:222379:0324/201001.605233:INFO:CONSOLE(864)] "Uncaught SyntaxError: Unexpected end of input", source: file:///home/dhia/browser-fuzzer/Dissertation/logger/run_20250324_064826/round_084/mutations/mutated_0004.html (864)
[222379:222379:0324/201001.617332:INFO:CONSOLE(866)] "Uncaught SyntaxError: Invalid or unexpected token", source: file:///home/dhia/browser-fuzzer/Dissertation/logger/run_20250324_064826/round_084/mutations/mutated_0004.html (866)
[222379:222379:0324/201002.080709:INFO:CONSOLE(935)] "Uncaught SyntaxError: Invalid or unexpected token", source: file:///home/dhia/browser-fuzzer/Dissertation/logger/run_20250324_064826/round_084/mutations/mutated_0004.html (935)
[222379:222379:0324/201002.087422:INFO:CONSOLE(936)] "Uncaught SyntaxError: Invalid or unexpected token", source: file:///home/dhia/browser-fuzzer/Dissertation/logger/run_20250324_064826/round_084/mutations/mutated_0004.html (936)
[222379:222379:0324/201002.102276:INFO:CONSOLE(937)] "Uncaught SyntaxError: Invalid or unexpected token", source: file:///home/dhia/browser-fuzzer/Dissertation/logger/run_20250324_064826/round_084/mutations/mutated_0004.html (937)
[222379:222379:0324/201002.200559:INFO:CONSOLE(938)] "Uncaught SyntaxError: Invalid or unexpected token", source: file:///home/dhia/browser-fuzzer/Dissertation/logger/run_20250324_064826/round_084/mutations/mutated_0004.html (938)
[222379:222379:0324/201002.209398:INFO:CONSOLE(939)] "Uncaught SyntaxError: Invalid or unexpected token", source: file:///home/dhia/browser-fuzzer/Dissertation/logger/run_20250324_064826/round_084/mutations/mutated_0004.html (939)
[222379:222379:0324/201002.229829:INFO:CONSOLE(940)] "Uncaught SyntaxError: Invalid or unexpected token", source: file:///home/dhia/browser-fuzzer/Dissertation/logger/run_20250324_064826/round_084/mutations/mutated_0004.html (940)
[222379:222379:0324/201002.332614:INFO:CONSOLE(941)] "Uncaught SyntaxError: Invalid or unexpected token", source: file:///home/dhia/browser-fuzzer/Dissertation/logger/run_20250324_064826/round_084/mutations/mutated_0004.html (941)
[222379:222379:0324/201002.350036:INFO:CONSOLE(942)] "Uncaught SyntaxError: Invalid or unexpected token", source: file:///home/dhia/browser-fuzzer/Dissertation/logger/run_20250324_064826/round_084/mutations/mutated_0004.html (942)
[222379:222379:0324/201002.358284:INFO:CONSOLE(943)] "Uncaught SyntaxError: Invalid or unexpected token", source: file:///home/dhia/browser-fuzzer/Dissertation/logger/run_20250324_064826/round_084/mutations/mutated_0004.html (943)
[222379:222379:0324/201002.432168:INFO:CONSOLE(944)] "Uncaught SyntaxError: Invalid or unexpected token", source: file:///home/dhia/browser-fuzzer/Dissertation/logger/run_20250324_064826/round_084/mutations/mutated_0004.html (944)
[222379:222379:0324/201002.446904:INFO:CONSOLE(945)] "Uncaught SyntaxError: Invalid or unexpected token", source: file:///home/dhia/browser-fuzzer/Dissertation/logger/run_20250324_064826/round_084/mutations/mutated_0004.html (945)
[222379:222379:0324/201002.449970:INFO:CONSOLE(946)] "Uncaught SyntaxError: Invalid or unexpected token", source: file:///home/dhia/browser-fuzzer/Dissertation/logger/run_20250324_064826/round_084/mutations/mutated_0004.html (946)
[222379:222379:0324/201002.556468:INFO:CONSOLE(947)] "Uncaught SyntaxError: Invalid or unexpected token", source: file:///home/dhia/browser-fuzzer/Dissertation/logger/run_20250324_064826/round_084/mutations/mutated_0004.html (947)
[222379:222379:0324/201002.563396:INFO:CONSOLE(958)] "Uncaught SyntaxError: Invalid or unexpected token", source: file:///home/dhia/browser-fuzzer/Dissertation/logger/run_20250324_064826/round_084/mutations/mutated_0004.html (958)
[222379:222379:0324/201002.573268:INFO:CONSOLE(960)] "Uncaught SyntaxError: Invalid or unexpected token", source: file:///home/dhia/browser-fuzzer/Dissertation/logger/run_20250324_064826/round_084/mutations/mutated_0004.html (960)
[222379:222379:0324/201002.712850:INFO:CONSOLE(969)] "Uncaught SyntaxError: Invalid or unexpected token", source: file:///home/dhia/browser-fuzzer/Dissertation/logger/run_20250324_064826/round_084/mutations/mutated_0004.html (969)
[222379:222379:0324/201002.733233:INFO:CONSOLE(1006)] "Uncaught SyntaxError: Invalid or unexpected token", source: file:///home/dhia/browser-fuzzer/Dissertation/logger/run_20250324_064826/round_084/mutations/mutated_0004.html (1006)
[222379:222379:0324/201003.473629:INFO:CONSOLE(1007)] "Uncaught SyntaxError: Invalid or unexpected token", source: file:///home/dhia/browser-fuzzer/Dissertation/logger/run_20250324_064826/round_084/mutations/mutated_0004.html (1007)
[222379:222379:0324/201003.485965:INFO:CONSOLE(1009)] "Uncaught SyntaxError: Invalid or unexpected token", source: file:///home/dhia/browser-fuzzer/Dissertation/logger/run_20250324_064826/round_084/mutations/mutated_0004.html (1009)
[222379:222379:0324/201004.486179:INFO:CONSOLE(1010)] "Uncaught SyntaxError: Invalid or unexpected token", source: file:///home/dhia/browser-fuzzer/Dissertation/logger/run_20250324_064826/round_084/mutations/mutated_0004.html (1010)
[222379:222379:0324/201004.489810:INFO:CONSOLE(1017)] "Uncaught SyntaxError: Invalid or unexpected token", source: file:///home/dhia/browser-fuzzer/Dissertation/logger/run_20250324_064826/round_084/mutations/mutated_0004.html (1017)
[222379:222379:0324/201004.515502:INFO:CONSOLE(1018)] "Uncaught SyntaxError: Invalid or unexpected token", source: file:///home/dhia/browser-fuzzer/Dissertation/logger/run_20250324_064826/round_084/mutations/mutated_0004.html (1018)
[222379:222379:0324/201004.518301:INFO:CONSOLE(1019)] "Uncaught SyntaxError: Invalid or unexpected token", source: file:///home/dhia/browser-fuzzer/Dissertation/logger/run_20250324_064826/round_084/mutations/mutated_0004.html (1019)
[222379:222379:0324/201004.523620:INFO:CONSOLE(1020)] "Uncaught SyntaxError: Invalid or unexpected token", source: file:///home/dhia/browser-fuzzer/Dissertation/logger/run_20250324_064826/round_084/mutations/mutated_0004.html (1020)
[222379:222379:0324/201004.565731:INFO:CONSOLE(1021)] "Uncaught SyntaxError: Invalid or unexpected token", source: file:///home/dhia/browser-fuzzer/Dissertation/logger/run_20250324_064826/round_084/mutations/mutated_0004.html (1021)
[222379:222379:0324/201004.761256:INFO:CONSOLE(1032)] "Uncaught SyntaxError: Invalid or unexpected token", source: file:///home/dhia/browser-fuzzer/Dissertation/logger/run_20250324_064826/round_084/mutations/mutated_0004.html (1032)
[222379:222379:0324/201004.769095:INFO:CONSOLE(1033)] "Uncaught SyntaxError: Invalid or unexpected token", source: file:///home/dhia/browser-fuzzer/Dissertation/logger/run_20250324_064826/round_084/mutations/mutated_0004.html (1033)
[222379:222379:0324/201004.914224:INFO:CONSOLE(1113)] "Uncaught SyntaxError: Unexpected end of input", source: file:///home/dhia/browser-fuzzer/Dissertation/logger/run_20250324_064826/round_084/mutations/mutated_0004.html (1113)
[222379:222379:0324/201004.933005:INFO:CONSOLE(1116)] "Uncaught SyntaxError: Invalid or unexpected token", source: file:///home/dhia/browser-fuzzer/Dissertation/logger/run_20250324_064826/round_084/mutations/mutated_0004.html (1116)
[222379:222379:0324/201004.937404:INFO:CONSOLE(1117)] "Uncaught SyntaxError: Invalid or unexpected token", source: file:///home/dhia/browser-fuzzer/Dissertation/logger/run_20250324_064826/round_084/mutations/mutated_0004.html (1117)
[222379:222379:0324/201005.755637:INFO:CONSOLE(1186)] "Uncaught SyntaxError: Unexpected end of input", source: file:///home/dhia/browser-fuzzer/Dissertation/logger/run_20250324_064826/round_084/mutations/mutated_0004.html (1186)
[222379:222379:0324/201005.777258:INFO:CONSOLE(1188)] "Uncaught SyntaxError: Invalid or unexpected token", source: file:///home/dhia/browser-fuzzer/Dissertation/logger/run_20250324_064826/round_084/mutations/mutated_0004.html (1188)
[222379:222379:0324/201006.298356:INFO:CONSOLE(1245)] "Uncaught SyntaxError: Invalid or unexpected token", source: file:///home/dhia/browser-fuzzer/Dissertation/logger/run_20250324_064826/round_084/mutations/mutated_0004.html (1245)
[222379:222379:0324/201006.319220:INFO:CONSOLE(1246)] "Uncaught SyntaxError: Invalid or unexpected token", source: file:///home/dhia/browser-fuzzer/Dissertation/logger/run_20250324_064826/round_084/mutations/mutated_0004.html (1246)
[222379:222379:0324/201006.328712:INFO:CONSOLE(1247)] "Uncaught SyntaxError: Invalid or unexpected token", source: file:///home/dhia/browser-fuzzer/Dissertation/logger/run_20250324_064826/round_084/mutations/mutated_0004.html (1247)
[222379:222379:0324/201006.420267:INFO:CONSOLE(1248)] "Uncaught SyntaxError: Invalid or unexpected token", source: file:///home/dhia/browser-fuzzer/Dissertation/logger/run_20250324_064826/round_084/mutations/mutated_0004.html (1248)
[222379:222379:0324/201006.426617:INFO:CONSOLE(1249)] "Uncaught SyntaxError: Invalid or unexpected token", source: file:///home/dhia/browser-fuzzer/Dissertation/logger/run_20250324_064826/round_084/mutations/mutated_0004.html (1249)
[222379:222379:0324/201006.431031:INFO:CONSOLE(1250)] "Uncaught SyntaxError: Invalid or unexpected token", source: file:///home/dhia/browser-fuzzer/Dissertation/logger/run_20250324_064826/round_084/mutations/mutated_0004.html (1250)
[222379:222379:0324/201006.550280:INFO:CONSOLE(1251)] "Uncaught SyntaxError: Invalid or unexpected token", source: file:///home/dhia/browser-fuzzer/Dissertation/logger/run_20250324_064826/round_084/mutations/mutated_0004.html (1251)
[222379:222379:0324/201006.568547:INFO:CONSOLE(1252)] "Uncaught SyntaxError: Invalid or unexpected token", source: file:///home/dhia/browser-fuzzer/Dissertation/logger/run_20250324_064826/round_084/mutations/mutated_0004.html (1252)
[222379:222379:0324/201006.582115:INFO:CONSOLE(1253)] "Uncaught SyntaxError: Invalid or unexpected token", source: file:///home/dhia/browser-fuzzer/Dissertation/logger/run_20250324_064826/round_084/mutations/mutated_0004.html (1253)
[222379:222379:0324/201006.677115:INFO:CONSOLE(1254)] "Uncaught SyntaxError: Invalid or unexpected token", source: file:///home/dhia/browser-fuzzer/Dissertation/logger/run_20250324_064826/round_084/mutations/mutated_0004.html (1254)
[222379:222379:0324/201006.927881:INFO:CONSOLE(1265)] "Uncaught SyntaxError: Invalid or unexpected token", source: file:///home/dhia/browser-fuzzer/Dissertation/logger/run_20250324_064826/round_084/mutations/mutated_0004.html (1265)
[222379:222379:0324/201006.942036:INFO:CONSOLE(1266)] "Uncaught SyntaxError: Invalid or unexpected token", source: file:///home/dhia/browser-fuzzer/Dissertation/logger/run_20250324_064826/round_084/mutations/mutated_0004.html (1266)
[222379:222379:0324/201007.247983:INFO:CONSOLE(1365)] "Uncaught SyntaxError: Unexpected end of input", source: file:///home/dhia/browser-fuzzer/Dissertation/logger/run_20250324_064826/round_084/mutations/mutated_0004.html (1365)
[222379:222379:0324/201007.252056:INFO:CONSOLE(1368)] "Uncaught SyntaxError: Invalid or unexpected token", source: file:///home/dhia/browser-fuzzer/Dissertation/logger/run_20250324_064826/round_084/mutations/mutated_0004.html (1368)
[222379:222379:0324/201007.255231:INFO:CONSOLE(1369)] "Uncaught SyntaxError: Invalid or unexpected token", source: file:///home/dhia/browser-fuzzer/Dissertation/logger/run_20250324_064826/round_084/mutations/mutated_0004.html (1369)
[222379:222379:0324/201007.608770:INFO:CONSOLE(1440)] "Uncaught SyntaxError: Unexpected end of input", source: file:///home/dhia/browser-fuzzer/Dissertation/logger/run_20250324_064826/round_084/mutations/mutated_0004.html (1440)
[222379:222379:0324/201007.993485:INFO:CONSOLE(1510)] "Uncaught SyntaxError: Unexpected end of input", source: file:///home/dhia/browser-fuzzer/Dissertation/logger/run_20250324_064826/round_084/mutations/mutated_0004.html (1510)
[222379:222379:0324/201008.214045:INFO:CONSOLE(1600)] "Uncaught SyntaxError: Invalid or unexpected token", source: file:///home/dhia/browser-fuzzer/Dissertation/logger/run_20250324_064826/round_084/mutations/mutated_0004.html (1600)
[222379:222379:0324/201008.504859:INFO:CONSOLE(1630)] "Uncaught SyntaxError: Invalid or unexpected token", source: file:///home/dhia/browser-fuzzer/Dissertation/logger/run_20250324_064826/round_084/mutations/mutated_0004.html (1630)
[222379:222379:0324/201008.514223:INFO:CONSOLE(1632)] "Uncaught SyntaxError: Invalid or unexpected token", source: file:///home/dhia/browser-fuzzer/Dissertation/logger/run_20250324_064826/round_084/mutations/mutated_0004.html (1632)
[222379:222379:0324/201008.657271:INFO:CONSOLE(1641)] "Uncaught SyntaxError: Invalid or unexpected token", source: file:///home/dhia/browser-fuzzer/Dissertation/logger/run_20250324_064826/round_084/mutations/mutated_0004.html (1641)
[222379:222379:0324/201008.669315:INFO:CONSOLE(1678)] "Uncaught SyntaxError: Invalid or unexpected token", source: file:///home/dhia/browser-fuzzer/Dissertation/logger/run_20250324_064826/round_084/mutations/mutated_0004.html (1678)
[222379:222379:0324/201009.756007:INFO:CONSOLE(1679)] "Uncaught SyntaxError: Invalid or unexpected token", source: file:///home/dhia/browser-fuzzer/Dissertation/logger/run_20250324_064826/round_084/mutations/mutated_0004.html (1679)
[222379:222379:0324/201009.774229:INFO:CONSOLE(1690)] "Uncaught SyntaxError: Invalid or unexpected token", source: file:///home/dhia/browser-fuzzer/Dissertation/logger/run_20250324_064826/round_084/mutations/mutated_0004.html (1690)
[222379:222379:0324/201009.783909:INFO:CONSOLE(1691)] "Uncaught SyntaxError: Invalid or unexpected token", source: file:///home/dhia/browser-fuzzer/Dissertation/logger/run_20250324_064826/round_084/mutations/mutated_0004.html (1691)
[222379:222379:0324/201010.096128:INFO:CONSOLE(1693)] "Uncaught SyntaxError: Invalid or unexpected token", source: file:///home/dhia/browser-fuzzer/Dissertation/logger/run_20250324_064826/round_084/mutations/mutated_0004.html (1693)
[222379:222379:0324/201010.124638:INFO:CONSOLE(1694)] "Uncaught SyntaxError: Invalid or unexpected token", source: file:///home/dhia/browser-fuzzer/Dissertation/logger/run_20250324_064826/round_084/mutations/mutated_0004.html (1694)
[222379:222379:0324/201010.615683:INFO:CONSOLE(1717)] "Uncaught SyntaxError: Invalid or unexpected token", source: file:///home/dhia/browser-fuzzer/Dissertation/logger/run_20250324_064826/round_084/mutations/mutated_0004.html (1717)
[222379:222379:0324/201010.624008:INFO:CONSOLE(1718)] "Uncaught SyntaxError: Invalid or unexpected token", source: file:///home/dhia/browser-fuzzer/Dissertation/logger/run_20250324_064826/round_084/mutations/mutated_0004.html (1718)
[222379:222379:0324/201010.998607:INFO:CONSOLE(1730)] "Uncaught SyntaxError: Invalid or unexpected token", source: file:///home/dhia/browser-fuzzer/Dissertation/logger/run_20250324_064826/round_084/mutations/mutated_0004.html (1730)
[222379:222379:0324/201011.017824:INFO:CONSOLE(1731)] "Uncaught SyntaxError: Invalid or unexpected token", source: file:///home/dhia/browser-fuzzer/Dissertation/logger/run_20250324_064826/round_084/mutations/mutated_0004.html (1731)
[222379:222379:0324/201011.028074:INFO:CONSOLE(1734)] "Uncaught SyntaxError: Invalid or unexpected token", source: file:///home/dhia/browser-fuzzer/Dissertation/logger/run_20250324_064826/round_084/mutations/mutated_0004.html (1734)
[222379:222379:0324/201011.161062:INFO:CONSOLE(1735)] "Uncaught SyntaxError: Invalid or unexpected token", source: file:///home/dhia/browser-fuzzer/Dissertation/logger/run_20250324_064826/round_084/mutations/mutated_0004.html (1735)
[222379:222379:0324/201011.180156:INFO:CONSOLE(1736)] "Uncaught SyntaxError: Invalid or unexpected token", source: file:///home/dhia/browser-fuzzer/Dissertation/logger/run_20250324_064826/round_084/mutations/mutated_0004.html (1736)
[222379:222379:0324/201011.185466:INFO:CONSOLE(1737)] "Uncaught SyntaxError: Invalid or unexpected token", source: file:///home/dhia/browser-fuzzer/Dissertation/logger/run_20250324_064826/round_084/mutations/mutated_0004.html (1737)
[222379:222379:0324/201011.370629:INFO:CONSOLE(1744)] "Uncaught SyntaxError: Invalid or unexpected token", source: file:///home/dhia/browser-fuzzer/Dissertation/logger/run_20250324_064826/round_084/mutations/mutated_0004.html (1744)
[222379:222379:0324/201011.385697:INFO:CONSOLE(1745)] "Uncaught SyntaxError: Invalid or unexpected token", source: file:///home/dhia/browser-fuzzer/Dissertation/logger/run_20250324_064826/round_084/mutations/mutated_0004.html (1745)
[222379:222379:0324/201011.596987:INFO:CONSOLE(1752)] "Uncaught SyntaxError: Invalid or unexpected token", source: file:///home/dhia/browser-fuzzer/Dissertation/logger/run_20250324_064826/round_084/mutations/mutated_0004.html (1752)
[222379:222379:0324/201011.613553:INFO:CONSOLE(1753)] "Uncaught SyntaxError: Invalid or unexpected token", source: file:///home/dhia/browser-fuzzer/Dissertation/logger/run_20250324_064826/round_084/mutations/mutated_0004.html (1753)
[222379:222379:0324/201011.622779:INFO:CONSOLE(1754)] "Uncaught SyntaxError: Invalid or unexpected token", source: file:///home/dhia/browser-fuzzer/Dissertation/logger/run_20250324_064826/round_084/mutations/mutated_0004.html (1754)
[222379:222379:0324/201011.782566:INFO:CONSOLE(1755)] "Uncaught SyntaxError: Invalid or unexpected token", source: file:///home/dhia/browser-fuzzer/Dissertation/logger/run_20250324_064826/round_084/mutations/mutated_0004.html (1755)
[222379:222379:0324/201011.794606:INFO:CONSOLE(1768)] "Uncaught SyntaxError: Invalid or unexpected token", source: file:///home/dhia/browser-fuzzer/Dissertation/logger/run_20250324_064826/round_084/mutations/mutated_0004.html (1768)
[222379:222379:0324/201011.801659:INFO:CONSOLE(1772)] "Uncaught SyntaxError: Invalid or unexpected token", source: file:///home/dhia/browser-fuzzer/Dissertation/logger/run_20250324_064826/round_084/mutations/mutated_0004.html (1772)
[222379:222379:0324/201011.934009:INFO:CONSOLE(1780)] "Uncaught SyntaxError: Invalid or unexpected token", source: file:///home/dhia/browser-fuzzer/Dissertation/logger/run_20250324_064826/round_084/mutations/mutated_0004.html (1780)
[222379:222379:0324/201011.940044:INFO:CONSOLE(1781)] "Uncaught SyntaxError: Invalid or unexpected token", source: file:///home/dhia/browser-fuzzer/Dissertation/logger/run_20250324_064826/round_084/mutations/mutated_0004.html (1781)
[222379:222379:0324/201011.951258:INFO:CONSOLE(1782)] "Uncaught SyntaxError: Invalid or unexpected token", source: file:///home/dhia/browser-fuzzer/Dissertation/logger/run_20250324_064826/round_084/mutations/mutated_0004.html (1782)
[222379:222379:0324/201012.108588:INFO:CONSOLE(1783)] "Uncaught SyntaxError: Invalid or unexpected token", source: file:///home/dhia/browser-fuzzer/Dissertation/logger/run_20250324_064826/round_084/mutations/mutated_0004.html (1783)
[222379:222379:0324/201012.126376:INFO:CONSOLE(1784)] "Uncaught SyntaxError: Invalid or unexpected token", source: file:///home/dhia/browser-fuzzer/Dissertation/logger/run_20250324_064826/round_084/mutations/mutated_0004.html (1784)
[222379:222379:0324/201012.131648:INFO:CONSOLE(1785)] "Uncaught SyntaxError: Invalid or unexpected token", source: file:///home/dhia/browser-fuzzer/Dissertation/logger/run_20250324_064826/round_084/mutations/mutated_0004.html (1785)
[222379:222379:0324/201012.269815:INFO:CONSOLE(1786)] "Uncaught SyntaxError: Invalid or unexpected token", source: file:///home/dhia/browser-fuzzer/Dissertation/logger/run_20250324_064826/round_084/mutations/mutated_0004.html (1786)
[222379:222379:0324/201012.279699:INFO:CONSOLE(1787)] "Uncaught SyntaxError: Invalid or unexpected token", source: file:///home/dhia/browser-fuzzer/Dissertation/logger/run_20250324_064826/round_084/mutations/mutated_0004.html (1787)
[222379:222379:0324/201012.284436:INFO:CONSOLE(1788)] "Uncaught SyntaxError: Invalid or unexpected token", source: file:///home/dhia/browser-fuzzer/Dissertation/logger/run_20250324_064826/round_084/mutations/mutated_0004.html (1788)
[222379:222379:0324/201012.437704:INFO:CONSOLE(1789)] "Uncaught SyntaxError: Invalid or unexpected token", source: file:///home/dhia/browser-fuzzer/Dissertation/logger/run_20250324_064826/round_084/mutations/mutated_0004.html (1789)
[222379:222379:0324/201012.447279:INFO:CONSOLE(1790)] "Uncaught SyntaxError: Invalid or unexpected token", source: file:///home/dhia/browser-fuzzer/Dissertation/logger/run_20250324_064826/round_084/mutations/mutated_0004.html (1790)
[222379:222379:0324/201012.700741:INFO:CONSOLE(1791)] "Uncaught SyntaxError: Invalid or unexpected token", source: file:///home/dhia/browser-fuzzer/Dissertation/logger/run_20250324_064826/round_084/mutations/mutated_0004.html (1791)
[222379:222379:0324/201012.705717:INFO:CONSOLE(1804)] "Uncaught SyntaxError: Invalid or unexpected token", source: file:///home/dhia/browser-fuzzer/Dissertation/logger/run_20250324_064826/round_084/mutations/mutated_0004.html (1804)
[222379:222379:0324/201012.712741:INFO:CONSOLE(1805)] "Uncaught SyntaxError: Invalid or unexpected token", source: file:///home/dhia/browser-fuzzer/Dissertation/logger/run_20250324_064826/round_084/mutations/mutated_0004.html (1805)
[222379:222379:0324/201012.719266:INFO:CONSOLE(1806)] "Uncaught SyntaxError: Invalid or unexpected token", source: file:///home/dhia/browser-fuzzer/Dissertation/logger/run_20250324_064826/round_084/mutations/mutated_0004.html (1806)
[222379:222379:0324/201012.723869:INFO:CONSOLE(1807)] "Uncaught SyntaxError: Invalid or unexpected token", source: file:///home/dhia/browser-fuzzer/Dissertation/logger/run_20250324_064826/round_084/mutations/mutated_0004.html (1807)
[222379:222379:0324/201012.730583:INFO:CONSOLE(1808)] "Uncaught SyntaxError: Invalid or unexpected token", source: file:///home/dhia/browser-fuzzer/Dissertation/logger/run_20250324_064826/round_084/mutations/mutated_0004.html (1808)
[222379:222379:0324/201012.912959:INFO:CONSOLE(1809)] "Uncaught SyntaxError: Invalid or unexpected token", source: file:///home/dhia/browser-fuzzer/Dissertation/logger/run_20250324_064826/round_084/mutations/mutated_0004.html (1809)
[222379:222379:0324/201012.925937:INFO:CONSOLE(1810)] "Uncaught SyntaxError: Invalid or unexpected token", source: file:///home/dhia/browser-fuzzer/Dissertation/logger/run_20250324_064826/round_084/mutations/mutated_0004.html (1810)
[222379:222379:0324/201012.931089:INFO:CONSOLE(1811)] "Uncaught SyntaxError: Invalid or unexpected token", source: file:///home/dhia/browser-fuzzer/Dissertation/logger/run_20250324_064826/round_084/mutations/mutated_0004.html (1811)
[222379:222379:0324/201013.124577:INFO:CONSOLE(1812)] "Uncaught SyntaxError: Invalid or unexpected token", source: file:///home/dhia/browser-fuzzer/Dissertation/logger/run_20250324_064826/round_084/mutations/mutated_0004.html (1812)
[222379:222379:0324/201013.134954:INFO:CONSOLE(1813)] "Uncaught SyntaxError: Invalid or unexpected token", source: file:///home/dhia/browser-fuzzer/Dissertation/logger/run_20250324_064826/round_084/mutations/mutated_0004.html (1813)
[222379:222379:0324/201013.141864:INFO:CONSOLE(1814)] "Uncaught SyntaxError: Invalid or unexpected token", source: file:///home/dhia/browser-fuzzer/Dissertation/logger/run_20250324_064826/round_084/mutations/mutated_0004.html (1814)
[222379:222379:0324/201013.295533:INFO:CONSOLE(1815)] "Uncaught SyntaxError: Invalid or unexpected token", source: file:///home/dhia/browser-fuzzer/Dissertation/logger/run_20250324_064826/round_084/mutations/mutated_0004.html (1815)
[222379:222379:0324/201013.302309:INFO:CONSOLE(1816)] "Uncaught SyntaxError: Invalid or unexpected token", source: file:///home/dhia/browser-fuzzer/Dissertation/logger/run_20250324_064826/round_084/mutations/mutated_0004.html (1816)
[222379:222379:0324/201013.318402:INFO:CONSOLE(1817)] "Uncaught SyntaxError: Invalid or unexpected token", source: file:///home/dhia/browser-fuzzer/Dissertation/logger/run_20250324_064826/round_084/mutations/mutated_0004.html (1817)
[222379:222379:0324/201013.478045:INFO:CONSOLE(1818)] "Uncaught SyntaxError: Invalid or unexpected token", source: file:///home/dhia/browser-fuzzer/Dissertation/logger/run_20250324_064826/round_084/mutations/mutated_0004.html (1818)
[222379:222379:0324/201013.486557:INFO:CONSOLE(1819)] "Uncaught SyntaxError: Invalid or unexpected token", source: file:///home/dhia/browser-fuzzer/Dissertation/logger/run_20250324_064826/round_084/mutations/mutated_0004.html (1819)
[222379:222379:0324/201013.492829:INFO:CONSOLE(1820)] "Uncaught SyntaxError: Invalid or unexpected token", source: file:///home/dhia/browser-fuzzer/Dissertation/logger/run_20250324_064826/round_084/mutations/mutated_0004.html (1820)
[222379:222379:0324/201013.727122:INFO:CONSOLE(1821)] "Uncaught SyntaxError: Invalid or unexpected token", source: file:///home/dhia/browser-fuzzer/Dissertation/logger/run_20250324_064826/round_084/mutations/mutated_0004.html (1821)
[222379:222379:0324/201013.746569:INFO:CONSOLE(1822)] "Uncaught SyntaxError: Invalid or unexpected token", source: file:///home/dhia/browser-fuzzer/Dissertation/logger/run_20250324_064826/round_084/mutations/mutated_0004.html (1822)
[222379:222379:0324/201013.972040:INFO:CONSOLE(1823)] "Uncaught SyntaxError: Invalid or unexpected token", source: file:///home/dhia/browser-fuzzer/Dissertation/logger/run_20250324_064826/round_084/mutations/mutated_0004.html (1823)
[222379:222379:0324/201013.998990:INFO:CONSOLE(1824)] "Uncaught SyntaxError: Invalid or unexpected token", source: file:///home/dhia/browser-fuzzer/Dissertation/logger/run_20250324_064826/round_084/mutations/mutated_0004.html (1824)
[222379:222379:0324/201014.172902:INFO:CONSOLE(1825)] "Uncaught SyntaxError: Invalid or unexpected token", source: file:///home/dhia/browser-fuzzer/Dissertation/logger/run_20250324_064826/round_084/mutations/mutated_0004.html (1825)
[222379:222379:0324/201014.181353:INFO:CONSOLE(1826)] "Uncaught SyntaxError: Invalid or unexpected token", source: file:///home/dhia/browser-fuzzer/Dissertation/logger/run_20250324_064826/round_084/mutations/mutated_0004.html (1826)
[222379:222379:0324/201014.356965:INFO:CONSOLE(1827)] "Uncaught SyntaxError: Invalid or unexpected token", source: file:///home/dhia/browser-fuzzer/Dissertation/logger/run_20250324_064826/round_084/mutations/mutated_0004.html (1827)
[222379:222379:0324/201014.369239:INFO:CONSOLE(1828)] "Uncaught SyntaxError: Invalid or unexpected token", source: file:///home/dhia/browser-fuzzer/Dissertation/logger/run_20250324_064826/round_084/mutations/mutated_0004.html (1828)
[222379:222379:0324/201014.622747:INFO:CONSOLE(1829)] "Uncaught SyntaxError: Invalid or unexpected token", source: file:///home/dhia/browser-fuzzer/Dissertation/logger/run_20250324_064826/round_084/mutations/mutated_0004.html (1829)
[222379:222379:0324/201014.828709:INFO:CONSOLE(1830)] "Uncaught SyntaxError: Invalid or unexpected token", source: file:///home/dhia/browser-fuzzer/Dissertation/logger/run_20250324_064826/round_084/mutations/mutated_0004.html (1830)
[222379:222379:0324/201014.839859:INFO:CONSOLE(1831)] "Uncaught SyntaxError: Invalid or unexpected token", source: file:///home/dhia/browser-fuzzer/Dissertation/logger/run_20250324_064826/round_084/mutations/mutated_0004.html (1831)
[222379:222379:0324/201014.855304:INFO:CONSOLE(1832)] "Uncaught SyntaxError: Invalid or unexpected token", source: file:///home/dhia/browser-fuzzer/Dissertation/logger/run_20250324_064826/round_084/mutations/mutated_0004.html (1832)
[222379:222379:0324/201015.045818:INFO:CONSOLE(1845)] "Uncaught SyntaxError: Invalid or unexpected token", source: file:///home/dhia/browser-fuzzer/Dissertation/logger/run_20250324_064826/round_084/mutations/mutated_0004.html (1845)
[222379:222379:0324/201015.057546:INFO:CONSOLE(1846)] "Uncaught SyntaxError: Invalid or unexpected token", source: file:///home/dhia/browser-fuzzer/Dissertation/logger/run_20250324_064826/round_084/mutations/mutated_0004.html (1846)
[222379:222379:0324/201015.076790:INFO:CONSOLE(1847)] "Uncaught SyntaxError: Invalid or unexpected token", source: file:///home/dhia/browser-fuzzer/Dissertation/logger/run_20250324_064826/round_084/mutations/mutated_0004.html (1847)
[222379:222379:0324/201015.603105:INFO:CONSOLE(1947)] "Uncaught SyntaxError: Unexpected end of input", source: file:///home/dhia/browser-fuzzer/Dissertation/logger/run_20250324_064826/round_084/mutations/mutated_0004.html (1947)
[222379:222379:0324/201017.093608:INFO:CONSOLE(2018)] "Uncaught SyntaxError: Unexpected end of input", source: file:///home/dhia/browser-fuzzer/Dissertation/logger/run_20250324_064826/round_084/mutations/mutated_0004.html (2018)
[222379:222379:0324/201017.358325:INFO:CONSOLE(2037)] "Uncaught SyntaxError: Invalid or unexpected token", source: file:///home/dhia/browser-fuzzer/Dissertation/logger/run_20250324_064826/round_084/mutations/mutated_0004.html (2037)
[222379:222379:0324/201017.919274:INFO:CONSOLE(2065)] "Uncaught SyntaxError: Invalid or unexpected token", source: file:///home/dhia/browser-fuzzer/Dissertation/logger/run_20250324_064826/round_084/mutations/mutated_0004.html (2065)
[222379:222379:0324/201017.924681:INFO:CONSOLE(2066)] "Uncaught SyntaxError: Invalid or unexpected token", source: file:///home/dhia/browser-fuzzer/Dissertation/logger/run_20250324_064826/round_084/mutations/mutated_0004.html (2066)
[222379:222379:0324/201018.133115:INFO:CONSOLE(2082)] "Uncaught SyntaxError: Invalid or unexpected token", source: file:///home/dhia/browser-fuzzer/Dissertation/logger/run_20250324_064826/round_084/mutations/mutated_0004.html (2082)
[222379:222379:0324/201018.141297:INFO:CONSOLE(2083)] "Uncaught SyntaxError: Invalid or unexpected token", source: file:///home/dhia/browser-fuzzer/Dissertation/logger/run_20250324_064826/round_084/mutations/mutated_0004.html (2083)
[222379:222379:0324/201018.402869:INFO:CONSOLE(2084)] "Uncaught SyntaxError: Invalid or unexpected token", source: file:///home/dhia/browser-fuzzer/Dissertation/logger/run_20250324_064826/round_084/mutations/mutated_0004.html (2084)
[222379:222379:0324/201018.411648:INFO:CONSOLE(2085)] "Uncaught SyntaxError: Invalid or unexpected token", source: file:///home/dhia/browser-fuzzer/Dissertation/logger/run_20250324_064826/round_084/mutations/mutated_0004.html (2085)
[222379:222379:0324/201018.417339:INFO:CONSOLE(2087)] "Uncaught SyntaxError: Invalid or unexpected token", source: file:///home/dhia/browser-fuzzer/Dissertation/logger/run_20250324_064826/round_084/mutations/mutated_0004.html (2087)
[222379:222379:0324/201018.549050:INFO:CONSOLE(2088)] "Uncaught SyntaxError: Invalid or unexpected token", source: file:///home/dhia/browser-fuzzer/Dissertation/logger/run_20250324_064826/round_084/mutations/mutated_0004.html (2088)
[222379:222379:0324/201018.571477:INFO:CONSOLE(2097)] "Uncaught SyntaxError: Invalid or unexpected token", source: file:///home/dhia/browser-fuzzer/Dissertation/logger/run_20250324_064826/round_084/mutations/mutated_0004.html (2097)
[222379:222379:0324/201018.698254:INFO:CONSOLE(2134)] "Uncaught SyntaxError: Invalid or unexpected token", source: file:///home/dhia/browser-fuzzer/Dissertation/logger/run_20250324_064826/round_084/mutations/mutated_0004.html (2134)
[222379:222379:0324/201018.704107:INFO:CONSOLE(2135)] "Uncaught SyntaxError: Invalid or unexpected token", source: file:///home/dhia/browser-fuzzer/Dissertation/logger/run_20250324_064826/round_084/mutations/mutated_0004.html (2135)
[222379:222379:0324/201018.711599:INFO:CONSOLE(2137)] "Uncaught SyntaxError: Invalid or unexpected token", source: file:///home/dhia/browser-fuzzer/Dissertation/logger/run_20250324_064826/round_084/mutations/mutated_0004.html (2137)
[222379:222379:0324/201020.151917:INFO:CONSOLE(2138)] "Uncaught SyntaxError: Invalid or unexpected token", source: file:///home/dhia/browser-fuzzer/Dissertation/logger/run_20250324_064826/round_084/mutations/mutated_0004.html (2138)
[222379:222379:0324/201020.165002:INFO:CONSOLE(2145)] "Uncaught SyntaxError: Invalid or unexpected token", source: file:///home/dhia/browser-fuzzer/Dissertation/logger/run_20250324_064826/round_084/mutations/mutated_0004.html (2145)
[222379:222379:0324/201020.365574:INFO:CONSOLE(2146)] "Uncaught SyntaxError: Invalid or unexpected token", source: file:///home/dhia/browser-fuzzer/Dissertation/logger/run_20250324_064826/round_084/mutations/mutated_0004.html (2146)
[222379:222379:0324/201020.382550:INFO:CONSOLE(2147)] "Uncaught SyntaxError: Invalid or unexpected token", source: file:///home/dhia/browser-fuzzer/Dissertation/logger/run_20250324_064826/round_084/mutations/mutated_0004.html (2147)
[222379:222379:0324/201020.387229:INFO:CONSOLE(2148)] "Uncaught SyntaxError: Invalid or unexpected token", source: file:///home/dhia/browser-fuzzer/Dissertation/logger/run_20250324_064826/round_084/mutations/mutated_0004.html (2148)
[222379:222379:0324/201020.791629:INFO:CONSOLE(2158)] "Uncaught ReferenceError: triggevFuzz is not defined", source: file:///home/dhia/browser-fuzzer/Dissertation/logger/run_20250324_064826/round_084/mutations/mutated_0004.html (2158)
[222379:222379:0324/201020.813284:INFO:CONSOLE(2160)] "Uncaught SyntaxError: Invalid or unexpected token", source: file:///home/dhia/browser-fuzzer/Dissertation/logger/run_20250324_064826/round_084/mutations/mutated_0004.html (2160)
[222379:222379:0324/201020.822859:INFO:CONSOLE(2161)] "Uncaught SyntaxError: Invalid or unexpected token", source: file:///home/dhia/browser-fuzzer/Dissertation/logger/run_20250324_064826/round_084/mutations/mutated_0004.html (2161)
[222379:222379:0324/201022.385582:INFO:CONSOLE(2231)] "Uncaught SyntaxError: Unexpected end of input", source: file:///home/dhia/browser-fuzzer/Dissertation/logger/run_20250324_064826/round_084/mutations/mutated_0004.html (2231)
[222379:222379:0324/201022.391338:INFO:CONSOLE(2234)] "Uncaught SyntaxError: Invalid or unexpected token", source: file:///home/dhia/browser-fuzzer/Dissertation/logger/run_20250324_064826/round_084/mutations/mutated_0004.html (2234)
[222379:222379:0324/201022.416987:INFO:CONSOLE(2235)] "Uncaught SyntaxError: Invalid or unexpected token", source: file:///home/dhia/browser-fuzzer/Dissertation/logger/run_20250324_064826/round_084/mutations/mutated_0004.html (2235)
[222379:222379:0324/201022.602159:INFO:CONSOLE(2324)] "Uncaught SyntaxError: Unexpected end of input", source: file:///home/dhia/browser-fuzzer/Dissertation/logger/run_20250324_064826/round_084/mutations/mutated_0004.html (2324)
[222379:222379:0324/201022.613001:INFO:CONSOLE(2326)] "Uncaught SyntaxError: Invalid or unexpected token", source: file:///home/dhia/browser-fuzzer/Dissertation/logger/run_20250324_064826/round_084/mutations/mutated_0004.html (2326)
[222379:222379:0324/201023.729994:INFO:CONSOLE(2385)] "Uncaught SyntaxError: Invalid or unexpected token", source: file:///home/dhia/browser-fuzzer/Dissertation/logger/run_20250324_064826/round_084/mutations/mutated_0004.html (2385)
[222379:222379:0324/201023.739911:INFO:CONSOLE(2386)] "Uncaught SyntaxError: Invalid or unexpected token", source: file:///home/dhia/browser-fuzzer/Dissertation/logger/run_20250324_064826/round_084/mutations/mutated_0004.html (2386)
[222379:222379:0324/201023.758271:INFO:CONSOLE(2387)] "Uncaught SyntaxError: Invalid or unexpected token", source: file:///home/dhia/browser-fuzzer/Dissertation/logger/run_20250324_064826/round_084/mutations/mutated_0004.html (2387)
[222379:222379:0324/201023.898862:INFO:CONSOLE(2388)] "Uncaught SyntaxError: Invalid or unexpected token", source: file:///home/dhia/browser-fuzzer/Dissertation/logger/run_20250324_064826/round_084/mutations/mutated_0004.html (2388)
[222379:222379:0324/201023.908308:INFO:CONSOLE(2389)] "Uncaught SyntaxError: Invalid or unexpected token", source: file:///home/dhia/browser-fuzzer/Dissertation/logger/run_20250324_064826/round_084/mutations/mutated_0004.html (2389)
[222379:222379:0324/201023.916369:INFO:CONSOLE(2390)] "Uncaught SyntaxError: Invalid or unexpected token", source: file:///home/dhia/browser-fuzzer/Dissertation/logger/run_20250324_064826/round_084/mutations/mutated_0004.html (2390)
[222379:222379:0324/201024.098167:INFO:CONSOLE(2391)] "Uncaught SyntaxError: Invalid or unexpected token", source: file:///home/dhia/browser-fuzzer/Dissertation/logger/run_20250324_064826/round_084/mutations/mutated_0004.html (2391)
[222379:222379:0324/201024.126504:INFO:CONSOLE(2392)] "Uncaught SyntaxError: Invalid or unexpected token", source: file:///home/dhia/browser-fuzzer/Dissertation/logger/run_20250324_064826/round_084/mutations/mutated_0004.html (2392)
[222379:222379:0324/201024.133783:INFO:CONSOLE(2393)] "Uncaught SyntaxError: Invalid or unexpected token", source: file:///home/dhia/browser-fuzzer/Dissertation/logger/run_20250324_064826/round_084/mutations/mutated_0004.html (2393)
[222379:222379:0324/201024.291538:INFO:CONSOLE(2394)] "Uncaught SyntaxError: Invalid or unexpected token", source: file:///home/dhia/browser-fuzzer/Dissertation/logger/run_20250324_064826/round_084/mutations/mutated_0004.html (2394)
[222379:222379:0324/201024.300557:INFO:CONSOLE(2395)] "Uncaught SyntaxError: Invalid or unexpected token", source: file:///home/dhia/browser-fuzzer/Dissertation/logger/run_20250324_064826/round_084/mutations/mutated_0004.html (2395)
[222379:222379:0324/201024.306479:INFO:CONSOLE(2396)] "Uncaught SyntaxError: Invalid or unexpected token", source: file:///home/dhia/browser-fuzzer/Dissertation/logger/run_20250324_064826/round_084/mutations/mutated_0004.html (2396)
[222379:222379:0324/201024.468650:INFO:CONSOLE(2398)] "Uncaught SyntaxError: Invalid or unexpected token", source: file:///home/dhia/browser-fuzzer/Dissertation/logger/run_20250324_064826/round_084/mutations/mutated_0004.html (2398)
[222379:222379:0324/201024.501043:INFO:CONSOLE(2399)] "Uncaught SyntaxError: Invalid or unexpected token", source: file:///home/dhia/browser-fuzzer/Dissertation/logger/run_20250324_064826/round_084/mutations/mutated_0004.html (2399)
[222379:222379:0324/201024.638315:INFO:CONSOLE(2408)] "Uncaught SyntaxError: Invalid or unexpected token", source: file:///home/dhia/browser-fuzzer/Dissertation/logger/run_20250324_064826/round_084/mutations/mutated_0004.html (2408)
[222379:222379:0324/201024.660197:INFO:CONSOLE(2445)] "Uncaught SyntaxError: Invalid or unexpected token", source: file:///home/dhia/browser-fuzzer/Dissertation/logger/run_20250324_064826/round_084/mutations/mutated_0004.html (2445)
[222379:222379:0324/201024.686464:INFO:CONSOLE(2446)] "Uncaught SyntaxError: Invalid or unexpected token", source: file:///home/dhia/browser-fuzzer/Dissertation/logger/run_20250324_064826/round_084/mutations/mutated_0004.html (2446)
[222379:222379:0324/201024.692430:INFO:CONSOLE(2448)] "Uncaught SyntaxError: Invalid or unexpected token", source: file:///home/dhia/browser-fuzzer/Dissertation/logger/run_20250324_064826/round_084/mutations/mutated_0004.html (2448)
[222379:222379:0324/201024.707618:INFO:CONSOLE(2449)] "Uncaught SyntaxError: Invalid or unexpected token", source: file:///home/dhia/browser-fuzzer/Dissertation/logger/run_20250324_064826/round_084/mutations/mutated_0004.html (2449)
[222379:222379:0324/201026.347721:INFO:CONSOLE(2456)] "Uncaught SyntaxError: Invalid or unexpected token", source: file:///home/dhia/browser-fuzzer/Dissertation/logger/run_20250324_064826/round_084/mutations/mutated_0004.html (2456)
[222379:222379:0324/201026.364398:INFO:CONSOLE(2457)] "Uncaught SyntaxError: Invalid or unexpected token", source: file:///home/dhia/browser-fuzzer/Dissertation/logger/run_20250324_064826/round_084/mutations/mutated_0004.html (2457)
[222379:222379:0324/201026.373638:INFO:CONSOLE(2458)] "Uncaught SyntaxError: Invalid or unexpected token", source: file:///home/dhia/browser-fuzzer/Dissertation/logger/run_20250324_064826/round_084/mutations/mutated_0004.html (2458)
[222379:222379:0324/201026.631708:INFO:CONSOLE(2459)] "Uncaught SyntaxError: Invalid or unexpected token", source: file:///home/dhia/browser-fuzzer/Dissertation/logger/run_20250324_064826/round_084/mutations/mutated_0004.html (2459)
[222379:222379:0324/201027.023669:INFO:CONSOLE(2471)] "Uncaught SyntaxError: Invalid or unexpected token", source: file:///home/dhia/browser-fuzzer/Dissertation/logger/run_20250324_064826/round_084/mutations/mutated_0004.html (2471)
[222379:222379:0324/201027.030340:INFO:CONSOLE(2472)] "Uncaught SyntaxError: Invalid or unexpected token", source: file:///home/dhia/browser-fuzzer/Dissertation/logger/run_20250324_064826/round_084/mutations/mutated_0004.html (2472)
[222379:222379:0324/201028.846049:INFO:CONSOLE(2542)] "Uncaught SyntaxError: Unexpected end of input", source: file:///home/dhia/browser-fuzzer/Dissertation/logger/run_20250324_064826/round_084/mutations/mutated_0004.html (2542)
[222379:222379:0324/201028.857817:INFO:CONSOLE(2545)] "Uncaught SyntaxError: Invalid or unexpected token", source: file:///home/dhia/browser-fuzzer/Dissertation/logger/run_20250324_064826/round_084/mutations/mutated_0004.html (2545)
[222379:222379:0324/201028.865001:INFO:CONSOLE(2546)] "Uncaught SyntaxError: Invalid or unexpected token", source: file:///home/dhia/browser-fuzzer/Dissertation/logger/run_20250324_064826/round_084/mutations/mutated_0004.html (2546)
[222379:222379:0324/201029.069067:INFO:CONSOLE(2625)] "Uncaught SyntaxError: Unexpected end of input", source: file:///home/dhia/browser-fuzzer/Dissertation/logger/run_20250324_064826/round_084/mutations/mutated_0004.html (2625)
[222379:222379:0324/201029.079650:INFO:CONSOLE(2627)] "Uncaught SyntaxError: Invalid or unexpected token", source: file:///home/dhia/browser-fuzzer/Dissertation/logger/run_20250324_064826/round_084/mutations/mutated_0004.html (2627)
[222379:222379:0324/201030.157734:INFO:CONSOLE(2686)] "Uncaught SyntaxError: Invalid or unexpected token", source: file:///home/dhia/browser-fuzzer/Dissertation/logger/run_20250324_064826/round_084/mutations/mutated_0004.html (2686)
[222379:222379:0324/201030.181686:INFO:CONSOLE(2687)] "Uncaught SyntaxError: Invalid or unexpected token", source: file:///home/dhia/browser-fuzzer/Dissertation/logger/run_20250324_064826/round_084/mutations/mutated_0004.html (2687)
[222379:222379:0324/201030.212733:INFO:CONSOLE(2688)] "Uncaught SyntaxError: Invalid or unexpected token", source: file:///home/dhia/browser-fuzzer/Dissertation/logger/run_20250324_064826/round_084/mutations/mutated_0004.html (2688)
[222379:222379:0324/201030.331110:INFO:CONSOLE(2689)] "Uncaught SyntaxError: Invalid or unexpected token", source: file:///home/dhia/browser-fuzzer/Dissertation/logger/run_20250324_064826/round_084/mutations/mutated_0004.html (2689)
[222379:222379:0324/201030.347544:INFO:CONSOLE(2690)] "Uncaught SyntaxError: Invalid or unexpected token", source: file:///home/dhia/browser-fuzzer/Dissertation/logger/run_20250324_064826/round_084/mutations/mutated_0004.html (2690)
[222379:222379:0324/201030.360226:INFO:CONSOLE(2691)] "Uncaught SyntaxError: Invalid or unexpected token", source: file:///home/dhia/browser-fuzzer/Dissertation/logger/run_20250324_064826/round_084/mutations/mutated_0004.html (2691)
[222379:222379:0324/201030.542418:INFO:CONSOLE(2692)] "Uncaught SyntaxError: Invalid or unexpected token", source: file:///home/dhia/browser-fuzzer/Dissertation/logger/run_20250324_064826/round_084/mutations/mutated_0004.html (2692)
[222379:222379:0324/201030.556868:INFO:CONSOLE(2693)] "Uncaught SyntaxError: Invalid or unexpected token", source: file:///home/dhia/browser-fuzzer/Dissertation/logger/run_20250324_064826/round_084/mutations/mutated_0004.html (2693)
[222379:222379:0324/201030.569545:INFO:CONSOLE(2694)] "Uncaught SyntaxError: Invalid or unexpected token", source: file:///home/dhia/browser-fuzzer/Dissertation/logger/run_20250324_064826/round_084/mutations/mutated_0004.html (2694)
[222379:222379:0324/201030.744213:INFO:CONSOLE(2695)] "Uncaught SyntaxError: Invalid or unexpected token", source: file:///home/dhia/browser-fuzzer/Dissertation/logger/run_20250324_064826/round_084/mutations/mutated_0004.html (2695)
[222379:222379:0324/201030.750243:INFO:CONSOLE(2696)] "Uncaught SyntaxError: Invalid or unexpected token", source: file:///home/dhia/browser-fuzzer/Dissertation/logger/run_20250324_064826/round_084/mutations/mutated_0004.html (2696)
[222379:222379:0324/201030.759507:INFO:CONSOLE(2697)] "Uncaught SyntaxError: Invalid or unexpected token", source: file:///home/dhia/browser-fuzzer/Dissertation/logger/run_20250324_064826/round_084/mutations/mutated_0004.html (2697)
[222379:222379:0324/201030.947435:INFO:CONSOLE(2698)] "Uncaught SyntaxError: Invalid or unexpected token", source: file:///home/dhia/browser-fuzzer/Dissertation/logger/run_20250324_064826/round_084/mutations/mutated_0004.html (2698)
[222379:222379:0324/201030.957607:INFO:CONSOLE(2699)] "Uncaught SyntaxError: Invalid or unexpected token", source: file:///home/dhia/browser-fuzzer/Dissertation/logger/run_20250324_064826/round_084/mutations/mutated_0004.html (2699)
[222379:222379:0324/201030.969801:INFO:CONSOLE(2701)] "Uncaught SyntaxError: Invalid or unexpected token", source: file:///home/dhia/browser-fuzzer/Dissertation/logger/run_20250324_064826/round_084/mutations/mutated_0004.html (2701)
[222379:222379:0324/201031.156725:INFO:CONSOLE(2710)] "Uncaught SyntaxError: Invalid or unexpected token", source: file:///home/dhia/browser-fuzzer/Dissertation/logger/run_20250324_064826/round_084/mutations/mutated_0004.html (2710)
[222379:222379:0324/201031.166040:INFO:CONSOLE(2759)] "Uncaught SyntaxError: Invalid or unexpected token", source: file:///home/dhia/browser-fuzzer/Dissertation/logger/run_20250324_064826/round_084/mutations/mutated_0004.html (2759)
[222379:222379:0324/201033.085602:INFO:CONSOLE(2760)] "Uncaught SyntaxError: Invalid or unexpected token", source: file:///home/dhia/browser-fuzzer/Dissertation/logger/run_20250324_064826/round_084/mutations/mutated_0004.html (2760)
[222379:222379:0324/201033.096058:INFO:CONSOLE(2762)] "Uncaught SyntaxError: Invalid or unexpected token", source: file:///home/dhia/browser-fuzzer/Dissertation/logger/run_20250324_064826/round_084/mutations/mutated_0004.html (2762)
[222379:222379:0324/201033.102035:INFO:CONSOLE(2763)] "Uncaught SyntaxError: Invalid or unexpected token", source: file:///home/dhia/browser-fuzzer/Dissertation/logger/run_20250324_064826/round_084/mutations/mutated_0004.html (2763)
[222379:222379:0324/201033.317956:INFO:CONSOLE(2770)] "Uncaught SyntaxError: Invalid or unexpected token", source: file:///home/dhia/browser-fuzzer/Dissertation/logger/run_20250324_064826/round_084/mutations/mutated_0004.html (2770)
[222379:222379:0324/201033.324934:INFO:CONSOLE(2771)] "Uncaught SyntaxError: Invalid or unexpected token", source: file:///home/dhia/browser-fuzzer/Dissertation/logger/run_20250324_064826/round_084/mutations/mutated_0004.html (2771)
[222379:222379:0324/201033.331932:INFO:CONSOLE(2772)] "Uncaught SyntaxError: Invalid or unexpected token", source: file:///home/dhia/browser-fuzzer/Dissertation/logger/run_20250324_064826/round_084/mutations/mutated_0004.html (2772)
[222379:222379:0324/201033.537353:INFO:CONSOLE(2773)] "Uncaught SyntaxError: Invalid or unexpected token", source: file:///home/dhia/browser-fuzzer/Dissertation/logger/run_20250324_064826/round_084/mutations/mutated_0004.html (2773)
[222379:222379:0324/201033.547732:INFO:CONSOLE(2774)] "Uncaught SyntaxError: Invalid or unexpected token", source: file:///home/dhia/browser-fuzzer/Dissertation/logger/run_20250324_064826/round_084/mutations/mutated_0004.html (2774)
[222379:222379:0324/201033.858029:INFO:CONSOLE(2795)] "Uncaught SyntaxError: Invalid or unexpected token", source: file:///home/dhia/browser-fuzzer/Dissertation/logger/run_20250324_064826/round_084/mutations/mutated_0004.html (2795)
[222379:222379:0324/201033.862367:INFO:CONSOLE(2796)] "Uncaught SyntaxError: Invalid or unexpected token", source: file:///home/dhia/browser-fuzzer/Dissertation/logger/run_20250324_064826/round_084/mutations/mutated_0004.html (2796)
[222379:222379:0324/201036.118369:INFO:CONSOLE(2898)] "Uncaught SyntaxError: Unexpected end of input", source: file:///home/dhia/browser-fuzzer/Dissertation/logger/run_20250324_064826/round_084/mutations/mutated_0004.html (2898)
[222379:222379:0324/201036.133032:INFO:CONSOLE(2901)] "Uncaught SyntaxError: Invalid or unexpected token", source: file:///home/dhia/browser-fuzzer/Dissertation/logger/run_20250324_064826/round_084/mutations/mutated_0004.html (2901)
[222379:222379:0324/201036.137876:INFO:CONSOLE(2902)] "Uncaught SyntaxError: Invalid or unexpected token", source: file:///home/dhia/browser-fuzzer/Dissertation/logger/run_20250324_064826/round_084/mutations/mutated_0004.html (2902)
[222379:222379:0324/201036.409544:INFO:CONSOLE(2981)] "Uncaught SyntaxError: Unexpected end of input", source: file:///home/dhia/browser-fuzzer/Dissertation/logger/run_20250324_064826/round_084/mutations/mutated_0004.html (2981)
[222379:222379:0324/201036.416537:INFO:CONSOLE(2983)] "Uncaught SyntaxError: Invalid or unexpected token", source: file:///home/dhia/browser-fuzzer/Dissertation/logger/run_20250324_064826/round_084/mutations/mutated_0004.html (2983)
[222379:222379:0324/201037.529650:INFO:CONSOLE(3030)] "Uncaught SyntaxError: Invalid or unexpected token", source: file:///home/dhia/browser-fuzzer/Dissertation/logger/run_20250324_064826/round_084/mutations/mutated_0004.html (3030)
[222379:222379:0324/201037.536612:INFO:CONSOLE(3031)] "Uncaught SyntaxError: Invalid or unexpected token", source: file:///home/dhia/browser-fuzzer/Dissertation/logger/run_20250324_064826/round_084/mutations/mutated_0004.html (3031)
[222379:222379:0324/201037.552350:INFO:CONSOLE(3032)] "Uncaught SyntaxError: Invalid or unexpected token", source: file:///home/dhia/browser-fuzzer/Dissertation/logger/run_20250324_064826/round_084/mutations/mutated_0004.html (3032)
[222379:222379:0324/201037.730365:INFO:CONSOLE(3033)] "Uncaught SyntaxError: Invalid or unexpected token", source: file:///home/dhia/browser-fuzzer/Dissertation/logger/run_20250324_064826/round_084/mutations/mutated_0004.html (3033)
[222379:222379:0324/201037.741728:INFO:CONSOLE(3034)] "Uncaught SyntaxError: Invalid or unexpected token", source: file:///home/dhia/browser-fuzzer/Dissertation/logger/run_20250324_064826/round_084/mutations/mutated_0004.html (3034)
[222379:222379:0324/201037.766081:INFO:CONSOLE(3035)] "Uncaught SyntaxError: Invalid or unexpected token", source: file:///home/dhia/browser-fuzzer/Dissertation/logger/run_20250324_064826/round_084/mutations/mutated_0004.html (3035)
[222379:222379:0324/201037.911407:INFO:CONSOLE(3036)] "Uncaught SyntaxError: Invalid or unexpected token", source: file:///home/dhia/browser-fuzzer/Dissertation/logger/run_20250324_064826/round_084/mutations/mutated_0004.html (3036)
[222379:222379:0324/201037.923422:INFO:CONSOLE(3037)] "Uncaught SyntaxError: Invalid or unexpected token", source: file:///home/dhia/browser-fuzzer/Dissertation/logger/run_20250324_064826/round_084/mutations/mutated_0004.html (3037)
[222379:222379:0324/201037.935720:INFO:CONSOLE(3038)] "Uncaught SyntaxError: Invalid or unexpected token", source: file:///home/dhia/browser-fuzzer/Dissertation/logger/run_20250324_064826/round_084/mutations/mutated_0004.html (3038)
[222379:222379:0324/201038.130640:INFO:CONSOLE(3039)] "Uncaught SyntaxError: Invalid or unexpected token", source: file:///home/dhia/browser-fuzzer/Dissertation/logger/run_20250324_064826/round_084/mutations/mutated_0004.html (3039)
[222379:222379:0324/201038.497370:INFO:CONSOLE(3050)] "Uncaught SyntaxError: Invalid or unexpected token", source: file:///home/dhia/browser-fuzzer/Dissertation/logger/run_20250324_064826/round_084/mutations/mutated_0004.html (3050)
[222379:222379:0324/201038.502106:INFO:CONSOLE(3051)] "Uncaught SyntaxError: Invalid or unexpected token", source: file:///home/dhia/browser-fuzzer/Dissertation/logger/run_20250324_064826/round_084/mutations/mutated_0004.html (3051)
[222379:222379:0324/201038.693858:INFO:CONSOLE(3150)] "Uncaught SyntaxError: Unexpected end of input", source: file:///home/dhia/browser-fuzzer/Dissertation/logger/run_20250324_064826/round_084/mutations/mutated_0004.html (3150)
[222379:222379:0324/201038.698806:INFO:CONSOLE(3153)] "Uncaught SyntaxError: Invalid or unexpected token", source: file:///home/dhia/browser-fuzzer/Dissertation/logger/run_20250324_064826/round_084/mutations/mutated_0004.html (3153)
[222379:222379:0324/201038.701682:INFO:CONSOLE(3154)] "Uncaught SyntaxError: Invalid or unexpected token", source: file:///home/dhia/browser-fuzzer/Dissertation/logger/run_20250324_064826/round_084/mutations/mutated_0004.html (3154)
[222379:222379:0324/201039.318216:INFO:CONSOLE(3225)] "Uncaught SyntaxError: Unexpected end of input", source: file:///home/dhia/browser-fuzzer/Dissertation/logger/run_20250324_064826/round_084/mutations/mutated_0004.html (3225)
[222379:222379:0324/201039.981535:INFO:CONSOLE(3295)] "Uncaught SyntaxError: Unexpected end of input", source: file:///home/dhia/browser-fuzzer/Dissertation/logger/run_20250324_064826/round_084/mutations/mutated_0004.html (3295)
[222379:222379:0324/201040.265080:INFO:CONSOLE(3375)] "Uncaught SyntaxError: Invalid or unexpected token", source: file:///home/dhia/browser-fuzzer/Dissertation/logger/run_20250324_064826/round_084/mutations/mutated_0004.html (3375)
[222379:222379:0324/201040.652434:INFO:CONSOLE(3405)] "Uncaught SyntaxError: Invalid or unexpected token", source: file:///home/dhia/browser-fuzzer/Dissertation/logger/run_20250324_064826/round_084/mutations/mutated_0004.html (3405)
[222379:222379:0324/201040.662351:INFO:CONSOLE(3407)] "Uncaught SyntaxError: Invalid or unexpected token", source: file:///home/dhia/browser-fuzzer/Dissertation/logger/run_20250324_064826/round_084/mutations/mutated_0004.html (3407)
[222379:222379:0324/201040.908813:INFO:CONSOLE(3416)] "Uncaught SyntaxError: Invalid or unexpected token", source: file:///home/dhia/browser-fuzzer/Dissertation/logger/run_20250324_064826/round_084/mutations/mutated_0004.html (3416)
[222379:222379:0324/201040.931326:INFO:CONSOLE(3453)] "Uncaught SyntaxError: Invalid or unexpected token", source: file:///home/dhia/browser-fuzzer/Dissertation/logger/run_20250324_064826/round_084/mutations/mutated_0004.html (3453)
[222379:222379:0324/201043.238692:INFO:CONSOLE(3454)] "Uncaught SyntaxError: Invalid or unexpected token", source: file:///home/dhia/browser-fuzzer/Dissertation/logger/run_20250324_064826/round_084/mutations/mutated_0004.html (3454)
[222379:222379:0324/201043.259018:INFO:CONSOLE(3465)] "Uncaught SyntaxError: Invalid or unexpected token", source: file:///home/dhia/browser-fuzzer/Dissertation/logger/run_20250324_064826/round_084/mutations/mutated_0004.html (3465)
[222379:222379:0324/201043.269523:INFO:CONSOLE(3466)] "Uncaught SyntaxError: Invalid or unexpected token", source: file:///home/dhia/browser-fuzzer/Dissertation/logger/run_20250324_064826/round_084/mutations/mutated_0004.html (3466)
[222379:222379:0324/201043.454827:INFO:CONSOLE(3468)] "Uncaught SyntaxError: Invalid or unexpected token", source: file:///home/dhia/browser-fuzzer/Dissertation/logger/run_20250324_064826/round_084/mutations/mutated_0004.html (3468)
[222379:222379:0324/201043.478327:INFO:CONSOLE(3469)] "Uncaught SyntaxError: Invalid or unexpected token", source: file:///home/dhia/browser-fuzzer/Dissertation/logger/run_20250324_064826/round_084/mutations/mutated_0004.html (3469)
[222379:222379:0324/201044.751475:ERROR:background_mode_manager_aura.cc(12)] Not implemented reached in virtual void BackgroundModeManager::EnableLaunchOnStartup(bool)
[222379:222379:0324/201045.029539:ERROR:kill_posix.cc(33)] waitpid(222453): No child processes (10)
[222379:222418:0324/201045.041211:WARNING:discardable_shared_memory_manager.cc(452)] Some MojoDiscardableSharedMemoryManagerImpls are still alive. They will be leaked.
