[194224:194224:0324/182142.818979:ERROR:cursor_factory.cc(96)] Not implemented reached in virtual void ui::CursorFactory::ObserveThemeChanges()
[194290:194290:0324/182143.378811:WARNING:sandbox_linux.cc(415)] InitializeSandbox() called with multiple threads in process gpu-process.
[194296:194296:0324/182143.390406:WARNING:sandbox_linux.cc(415)] InitializeSandbox() called with multiple threads in process gpu-process.
[194224:194224:0324/182143.394997:WARNING:account_consistency_mode_manager.cc(72)] Desktop Identity Consistency cannot be enabled as no OAuth client ID and client secret have been configured.
[194290:194290:0324/182143.405313:WARNING:viz_main_impl.cc(85)] VizNullHypothesis is disabled (not a warning)
[194296:194296:0324/182143.415608:WARNING:viz_main_impl.cc(85)] VizNullHypothesis is disabled (not a warning)
[194224:194224:0324/182144.780478:ERROR:platform_screen.cc(45)] Not implemented reached in virtual bool ui::PlatformScreen::IsScreenSaverActive() const
[194224:194224:0324/182144.780602:ERROR:platform_screen.cc(50)] Not implemented reached in virtual base::TimeDelta ui::PlatformScreen::CalculateIdleTime() const
[194224:194224:0324/182144.785759:WARNING:compose_enabling.cc(64)] Couldn't get country info.
[194224:194224:0324/182200.546677:INFO:CONSOLE(372)] "Uncaught SyntaxError: Unexpected end of input", source: file:///home/dhia/browser-fuzzer/Dissertation/logger/run_20250324_064826/round_071/mutations/mutated_0004.html (372)
[194224:194224:0324/182200.703425:INFO:CONSOLE(375)] "Uncaught SyntaxError: Invalid or unexpected token", source: file:///home/dhia/browser-fuzzer/Dissertation/logger/run_20250324_064826/round_071/mutations/mutated_0004.html (375)
[194224:194224:0324/182200.896152:INFO:CONSOLE(444)] "Uncaught SyntaxError: Unexpected end of input", source: file:///home/dhia/browser-fuzzer/Dissertation/logger/run_20250324_064826/round_071/mutations/mutated_0004.html (444)
[194224:194224:0324/182202.007019:INFO:CONSOLE(470)] "Uncaught SyntaxError: Invalid or unexpected token", source: file:///home/dhia/browser-fuzzer/Dissertation/logger/run_20250324_064826/round_071/mutations/mutated_0004.html (470)
[194224:194224:0324/182202.258478:INFO:CONSOLE(481)] "Uncaught SyntaxError: Invalid or unexpected token", source: file:///home/dhia/browser-fuzzer/Dissertation/logger/run_20250324_064826/round_071/mutations/mutated_0004.html (481)
[194224:194224:0324/182202.281001:INFO:CONSOLE(482)] "Uncaught SyntaxError: Invalid or unexpected token", source: file:///home/dhia/browser-fuzzer/Dissertation/logger/run_20250324_064826/round_071/mutations/mutated_0004.html (482)
[194224:194224:0324/182202.538565:INFO:CONSOLE(483)] "Uncaught SyntaxError: Invalid or unexpected token", source: file:///home/dhia/browser-fuzzer/Dissertation/logger/run_20250324_064826/round_071/mutations/mutated_0004.html (483)
[194224:194224:0324/182202.551188:INFO:CONSOLE(553)] "Uncaught SyntaxError: Invalid or unexpected token", source: file:///home/dhia/browser-fuzzer/Dissertation/logger/run_20250324_064826/round_071/mutations/mutated_0004.html (553)
[194224:194224:0324/182202.794817:INFO:CONSOLE(554)] "Uncaught SyntaxError: Invalid or unexpected token", source: file:///home/dhia/browser-fuzzer/Dissertation/logger/run_20250324_064826/round_071/mutations/mutated_0004.html (554)
[194224:194224:0324/182202.802616:INFO:CONSOLE(555)] "Uncaught SyntaxError: Invalid or unexpected token", source: file:///home/dhia/browser-fuzzer/Dissertation/logger/run_20250324_064826/round_071/mutations/mutated_0004.html (555)
[194224:194224:0324/182202.808028:INFO:CONSOLE(556)] "Uncaught SyntaxError: Invalid or unexpected token", source: file:///home/dhia/browser-fuzzer/Dissertation/logger/run_20250324_064826/round_071/mutations/mutated_0004.html (556)
[194224:194224:0324/182203.036384:INFO:CONSOLE(637)] "The Content Security Policy 'default-src 'self' 'unsafe-inline'' was delivered via a <meta> element outside the document's <head>, which is disallowed. The policy has been ignored.", source: file:///home/dhia/browser-fuzzer/Dissertation/logger/run_20250324_064826/round_071/mutations/mutated_0004.html (637)
[194224:194224:0324/182203.041802:INFO:CONSOLE(638)] "Uncaught SyntaxError: Invalid or unexpected token", source: file:///home/dhia/browser-fuzzer/Dissertation/logger/run_20250324_064826/round_071/mutations/mutated_0004.html (638)
[194224:194224:0324/182203.053286:INFO:CONSOLE(639)] "Uncaught SyntaxError: Invalid or unexpected token", source: file:///home/dhia/browser-fuzzer/Dissertation/logger/run_20250324_064826/round_071/mutations/mutated_0004.html (639)
[194224:194224:0324/182203.272401:INFO:CONSOLE(647)] "Uncaught SyntaxError: Invalid or unexpected token", source: file:///home/dhia/browser-fuzzer/Dissertation/logger/run_20250324_064826/round_071/mutations/mutated_0004.html (647)
[194224:194224:0324/182203.293786:INFO:CONSOLE(648)] "Uncaught SyntaxError: Invalid or unexpected token", source: file:///home/dhia/browser-fuzzer/Dissertation/logger/run_20250324_064826/round_071/mutations/mutated_0004.html (648)
[194224:194224:0324/182203.303973:INFO:CONSOLE(649)] "Uncaught SyntaxError: Invalid or unexpected token", source: file:///home/dhia/browser-fuzzer/Dissertation/logger/run_20250324_064826/round_071/mutations/mutated_0004.html (649)
[194224:194224:0324/182203.584366:INFO:CONSOLE(778)] "Uncaught SyntaxError: Invalid or unexpected token", source: file:///home/dhia/browser-fuzzer/Dissertation/logger/run_20250324_064826/round_071/mutations/mutated_0004.html (778)
[194224:194224:0324/182203.589338:INFO:CONSOLE(779)] "Uncaught SyntaxError: Invalid or unexpected token", source: file:///home/dhia/browser-fuzzer/Dissertation/logger/run_20250324_064826/round_071/mutations/mutated_0004.html (779)
[194224:194224:0324/182205.360384:INFO:CONSOLE(902)] "Uncaught SyntaxError: Invalid or unexpected token", source: file:///home/dhia/browser-fuzzer/Dissertation/logger/run_20250324_064826/round_071/mutations/mutated_0004.html (902)
[194224:194224:0324/182207.056539:INFO:CONSOLE(909)] "Uncaught SyntaxError: Invalid or unexpected token", source: file:///home/dhia/browser-fuzzer/Dissertation/logger/run_20250324_064826/round_071/mutations/mutated_0004.html (909)
[194224:194224:0324/182207.093073:INFO:CONSOLE(978)] "Uncaught SyntaxError: Invalid or unexpected token", source: file:///home/dhia/browser-fuzzer/Dissertation/logger/run_20250324_064826/round_071/mutations/mutated_0004.html (978)
[194224:194224:0324/182207.102948:INFO:CONSOLE(979)] "Uncaught SyntaxError: Invalid or unexpected token", source: file:///home/dhia/browser-fuzzer/Dissertation/logger/run_20250324_064826/round_071/mutations/mutated_0004.html (979)
[194224:194224:0324/182207.316988:INFO:CONSOLE(982)] "Uncaught SyntaxError: Unexpected end of input", source: file:///home/dhia/browser-fuzzer/Dissertation/logger/run_20250324_064826/round_071/mutations/mutated_0004.html (982)
[194224:194224:0324/182207.333193:INFO:CONSOLE(985)] "Uncaught SyntaxError: Invalid or unexpected token", source: file:///home/dhia/browser-fuzzer/Dissertation/logger/run_20250324_064826/round_071/mutations/mutated_0004.html (985)
[194224:194224:0324/182207.336886:INFO:CONSOLE(986)] "Uncaught SyntaxError: Invalid or unexpected token", source: file:///home/dhia/browser-fuzzer/Dissertation/logger/run_20250324_064826/round_071/mutations/mutated_0004.html (986)
[194224:194224:0324/182207.482079:INFO:CONSOLE(1065)] "Uncaught SyntaxError: Unexpected end of input", source: file:///home/dhia/browser-fuzzer/Dissertation/logger/run_20250324_064826/round_071/mutations/mutated_0004.html (1065)
[194224:194224:0324/182207.753589:INFO:CONSOLE(1101)] "Uncaught SyntaxError: Invalid or unexpected token", source: file:///home/dhia/browser-fuzzer/Dissertation/logger/run_20250324_064826/round_071/mutations/mutated_0004.html (1101)
[194224:194224:0324/182207.905477:INFO:CONSOLE(1102)] "Uncaught SyntaxError: Invalid or unexpected token", source: file:///home/dhia/browser-fuzzer/Dissertation/logger/run_20250324_064826/round_071/mutations/mutated_0004.html (1102)
[194224:194224:0324/182208.073464:INFO:CONSOLE(1103)] "Uncaught SyntaxError: Invalid or unexpected token", source: file:///home/dhia/browser-fuzzer/Dissertation/logger/run_20250324_064826/round_071/mutations/mutated_0004.html (1103)
[194224:194224:0324/182208.086251:INFO:CONSOLE(1104)] "Uncaught SyntaxError: Invalid or unexpected token", source: file:///home/dhia/browser-fuzzer/Dissertation/logger/run_20250324_064826/round_071/mutations/mutated_0004.html (1104)
[194224:194224:0324/182208.237408:INFO:CONSOLE(1105)] "Uncaught SyntaxError: Invalid or unexpected token", source: file:///home/dhia/browser-fuzzer/Dissertation/logger/run_20250324_064826/round_071/mutations/mutated_0004.html (1105)
[194224:194224:0324/182208.241281:INFO:CONSOLE(1106)] "Uncaught SyntaxError: Invalid or unexpected token", source: file:///home/dhia/browser-fuzzer/Dissertation/logger/run_20250324_064826/round_071/mutations/mutated_0004.html (1106)
[194224:194224:0324/182208.246937:INFO:CONSOLE(1107)] "Uncaught SyntaxError: Invalid or unexpected token", source: file:///home/dhia/browser-fuzzer/Dissertation/logger/run_20250324_064826/round_071/mutations/mutated_0004.html (1107)
[194224:194224:0324/182208.351172:INFO:CONSOLE(1108)] "Uncaught SyntaxError: Invalid or unexpected token", source: file:///home/dhia/browser-fuzzer/Dissertation/logger/run_20250324_064826/round_071/mutations/mutated_0004.html (1108)
[194224:194224:0324/182208.359975:INFO:CONSOLE(1109)] "Uncaught SyntaxError: Invalid or unexpected token", source: file:///home/dhia/browser-fuzzer/Dissertation/logger/run_20250324_064826/round_071/mutations/mutated_0004.html (1109)
[194224:194224:0324/182208.516244:INFO:CONSOLE(1117)] "Uncaught SyntaxError: Invalid or unexpected token", source: file:///home/dhia/browser-fuzzer/Dissertation/logger/run_20250324_064826/round_071/mutations/mutated_0004.html (1117)
[194224:194224:0324/182208.521813:INFO:CONSOLE(1118)] "Uncaught SyntaxError: Invalid or unexpected token", source: file:///home/dhia/browser-fuzzer/Dissertation/logger/run_20250324_064826/round_071/mutations/mutated_0004.html (1118)
[194224:194224:0324/182208.810300:INFO:CONSOLE(1216)] "Uncaught SyntaxError: Invalid or unexpected token", source: file:///home/dhia/browser-fuzzer/Dissertation/logger/run_20250324_064826/round_071/mutations/mutated_0004.html (1216)
[194224:194224:0324/182208.817076:INFO:CONSOLE(1217)] "Uncaught SyntaxError: Invalid or unexpected token", source: file:///home/dhia/browser-fuzzer/Dissertation/logger/run_20250324_064826/round_071/mutations/mutated_0004.html (1217)
[194224:194224:0324/182213.716717:INFO:CONSOLE(1424)] "Uncaught SyntaxError: Invalid or unexpected token", source: file:///home/dhia/browser-fuzzer/Dissertation/logger/run_20250324_064826/round_071/mutations/mutated_0004.html (1424)
[194224:194224:0324/182213.722226:INFO:CONSOLE(1425)] "Uncaught SyntaxError: Invalid or unexpected token", source: file:///home/dhia/browser-fuzzer/Dissertation/logger/run_20250324_064826/round_071/mutations/mutated_0004.html (1425)
[194224:194224:0324/182213.727258:INFO:CONSOLE(1428)] "Uncaught SyntaxError: Unexpected end of input", source: file:///home/dhia/browser-fuzzer/Dissertation/logger/run_20250324_064826/round_071/mutations/mutated_0004.html (1428)
[194224:194224:0324/182213.942643:INFO:CONSOLE(1431)] "Uncaught SyntaxError: Invalid or unexpected token", source: file:///home/dhia/browser-fuzzer/Dissertation/logger/run_20250324_064826/round_071/mutations/mutated_0004.html (1431)
[194224:194224:0324/182213.947987:INFO:CONSOLE(1432)] "Uncaught SyntaxError: Invalid or unexpected token", source: file:///home/dhia/browser-fuzzer/Dissertation/logger/run_20250324_064826/round_071/mutations/mutated_0004.html (1432)
[194224:194224:0324/182214.120185:INFO:CONSOLE(1511)] "Uncaught SyntaxError: Unexpected end of input", source: file:///home/dhia/browser-fuzzer/Dissertation/logger/run_20250324_064826/round_071/mutations/mutated_0004.html (1511)
[194224:194224:0324/182214.662203:INFO:CONSOLE(1561)] "Uncaught SyntaxError: Invalid or unexpected token", source: file:///home/dhia/browser-fuzzer/Dissertation/logger/run_20250324_064826/round_071/mutations/mutated_0004.html (1561)
[194224:194224:0324/182214.828090:INFO:CONSOLE(1562)] "Uncaught SyntaxError: Invalid or unexpected token", source: file:///home/dhia/browser-fuzzer/Dissertation/logger/run_20250324_064826/round_071/mutations/mutated_0004.html (1562)
[194224:194224:0324/182214.844149:INFO:CONSOLE(1563)] "Uncaught SyntaxError: Invalid or unexpected token", source: file:///home/dhia/browser-fuzzer/Dissertation/logger/run_20250324_064826/round_071/mutations/mutated_0004.html (1563)
[194224:194224:0324/182214.985786:INFO:CONSOLE(1564)] "Uncaught SyntaxError: Invalid or unexpected token", source: file:///home/dhia/browser-fuzzer/Dissertation/logger/run_20250324_064826/round_071/mutations/mutated_0004.html (1564)
[194224:194224:0324/182215.005727:INFO:CONSOLE(1565)] "Uncaught SyntaxError: Invalid or unexpected token", source: file:///home/dhia/browser-fuzzer/Dissertation/logger/run_20250324_064826/round_071/mutations/mutated_0004.html (1565)
[194224:194224:0324/182215.010420:INFO:CONSOLE(1566)] "Uncaught SyntaxError: Invalid or unexpected token", source: file:///home/dhia/browser-fuzzer/Dissertation/logger/run_20250324_064826/round_071/mutations/mutated_0004.html (1566)
[194224:194224:0324/182215.142942:INFO:CONSOLE(1567)] "Uncaught SyntaxError: Invalid or unexpected token", source: file:///home/dhia/browser-fuzzer/Dissertation/logger/run_20250324_064826/round_071/mutations/mutated_0004.html (1567)
[194224:194224:0324/182215.157601:INFO:CONSOLE(1568)] "Uncaught SyntaxError: Invalid or unexpected token", source: file:///home/dhia/browser-fuzzer/Dissertation/logger/run_20250324_064826/round_071/mutations/mutated_0004.html (1568)
[194224:194224:0324/182215.169412:INFO:CONSOLE(1569)] "Uncaught SyntaxError: Invalid or unexpected token", source: file:///home/dhia/browser-fuzzer/Dissertation/logger/run_20250324_064826/round_071/mutations/mutated_0004.html (1569)
[194224:194224:0324/182215.293399:INFO:CONSOLE(1570)] "Uncaught SyntaxError: Invalid or unexpected token", source: file:///home/dhia/browser-fuzzer/Dissertation/logger/run_20250324_064826/round_071/mutations/mutated_0004.html (1570)
[194224:194224:0324/182215.560428:INFO:CONSOLE(1646)] "Uncaught SyntaxError: Invalid or unexpected token", source: file:///home/dhia/browser-fuzzer/Dissertation/logger/run_20250324_064826/round_071/mutations/mutated_0004.html (1646)
[194224:194224:0324/182215.565213:INFO:CONSOLE(1647)] "Uncaught SyntaxError: Invalid or unexpected token", source: file:///home/dhia/browser-fuzzer/Dissertation/logger/run_20250324_064826/round_071/mutations/mutated_0004.html (1647)
[194224:194224:0324/182215.845290:INFO:CONSOLE(1650)] "Uncaught SyntaxError: Unexpected end of input", source: file:///home/dhia/browser-fuzzer/Dissertation/logger/run_20250324_064826/round_071/mutations/mutated_0004.html (1650)
[194224:194224:0324/182215.862369:INFO:CONSOLE(1653)] "Uncaught SyntaxError: Invalid or unexpected token", source: file:///home/dhia/browser-fuzzer/Dissertation/logger/run_20250324_064826/round_071/mutations/mutated_0004.html (1653)
[194224:194224:0324/182215.869794:INFO:CONSOLE(1654)] "Uncaught SyntaxError: Invalid or unexpected token", source: file:///home/dhia/browser-fuzzer/Dissertation/logger/run_20250324_064826/round_071/mutations/mutated_0004.html (1654)
[194224:194224:0324/182216.014101:INFO:CONSOLE(1696)] "Uncaught SyntaxError: Invalid or unexpected token", source: file:///home/dhia/browser-fuzzer/Dissertation/logger/run_20250324_064826/round_071/mutations/mutated_0004.html (1696)
[194224:194224:0324/182216.035391:INFO:CONSOLE(1697)] "Uncaught SyntaxError: Invalid or unexpected token", source: file:///home/dhia/browser-fuzzer/Dissertation/logger/run_20250324_064826/round_071/mutations/mutated_0004.html (1697)
[194224:194224:0324/182217.094122:INFO:CONSOLE(1858)] "Uncaught SyntaxError: Invalid or unexpected token", source: file:///home/dhia/browser-fuzzer/Dissertation/logger/run_20250324_064826/round_071/mutations/mutated_0004.html (1858)
[194224:194224:0324/182217.099800:INFO:CONSOLE(1859)] "Uncaught SyntaxError: Invalid or unexpected token", source: file:///home/dhia/browser-fuzzer/Dissertation/logger/run_20250324_064826/round_071/mutations/mutated_0004.html (1859)
[194224:194224:0324/182217.110848:INFO:CONSOLE(1860)] "Uncaught SyntaxError: Invalid or unexpected token", source: file:///home/dhia/browser-fuzzer/Dissertation/logger/run_20250324_064826/round_071/mutations/mutated_0004.html (1860)
[194224:194224:0324/182217.216035:INFO:CONSOLE(1861)] "Uncaught SyntaxError: Invalid or unexpected token", source: file:///home/dhia/browser-fuzzer/Dissertation/logger/run_20250324_064826/round_071/mutations/mutated_0004.html (1861)
[194224:194224:0324/182217.241971:INFO:CONSOLE(1949)] "Uncaught SyntaxError: Invalid or unexpected token", source: file:///home/dhia/browser-fuzzer/Dissertation/logger/run_20250324_064826/round_071/mutations/mutated_0004.html (1949)
[194224:194224:0324/182217.247656:INFO:CONSOLE(1950)] "Uncaught SyntaxError: Invalid or unexpected token", source: file:///home/dhia/browser-fuzzer/Dissertation/logger/run_20250324_064826/round_071/mutations/mutated_0004.html (1950)
[194224:194224:0324/182217.255645:INFO:CONSOLE(1953)] "Uncaught SyntaxError: Unexpected end of input", source: file:///home/dhia/browser-fuzzer/Dissertation/logger/run_20250324_064826/round_071/mutations/mutated_0004.html (1953)
[194224:194224:0324/182217.327739:INFO:CONSOLE(2033)] "Uncaught SyntaxError: Unexpected end of input", source: file:///home/dhia/browser-fuzzer/Dissertation/logger/run_20250324_064826/round_071/mutations/mutated_0004.html (2033)
[194224:194224:0324/182217.550508:INFO:CONSOLE(2051)] "Uncaught SyntaxError: Invalid or unexpected token", source: file:///home/dhia/browser-fuzzer/Dissertation/logger/run_20250324_064826/round_071/mutations/mutated_0004.html (2051)
[194224:194224:0324/182217.556474:INFO:CONSOLE(2052)] "Uncaught SyntaxError: Invalid or unexpected token", source: file:///home/dhia/browser-fuzzer/Dissertation/logger/run_20250324_064826/round_071/mutations/mutated_0004.html (2052)
[194224:194224:0324/182217.874931:INFO:CONSOLE(2138)] "Uncaught SyntaxError: Invalid or unexpected token", source: file:///home/dhia/browser-fuzzer/Dissertation/logger/run_20250324_064826/round_071/mutations/mutated_0004.html (2138)
[194224:194224:0324/182218.338958:INFO:CONSOLE(2330)] "Uncaught SyntaxError: Invalid or unexpected token", source: file:///home/dhia/browser-fuzzer/Dissertation/logger/run_20250324_064826/round_071/mutations/mutated_0004.html (2330)
[194224:194224:0324/182218.342864:INFO:CONSOLE(2331)] "Uncaught SyntaxError: Invalid or unexpected token", source: file:///home/dhia/browser-fuzzer/Dissertation/logger/run_20250324_064826/round_071/mutations/mutated_0004.html (2331)
[194224:194224:0324/182218.346536:INFO:CONSOLE(2332)] "Uncaught SyntaxError: Invalid or unexpected token", source: file:///home/dhia/browser-fuzzer/Dissertation/logger/run_20250324_064826/round_071/mutations/mutated_0004.html (2332)
[194224:194224:0324/182218.832579:INFO:CONSOLE(2470)] "Uncaught SyntaxError: Invalid or unexpected token", source: file:///home/dhia/browser-fuzzer/Dissertation/logger/run_20250324_064826/round_071/mutations/mutated_0004.html (2470)
[194224:194224:0324/182219.307359:INFO:CONSOLE(2756)] "Uncaught SyntaxError: Invalid or unexpected token", source: file:///home/dhia/browser-fuzzer/Dissertation/logger/run_20250324_064826/round_071/mutations/mutated_0004.html (2756)
[194224:194224:0324/182219.318528:INFO:CONSOLE(2757)] "Uncaught SyntaxError: Invalid or unexpected token", source: file:///home/dhia/browser-fuzzer/Dissertation/logger/run_20250324_064826/round_071/mutations/mutated_0004.html (2757)
[194224:194224:0324/182220.022709:INFO:CONSOLE(2758)] "Uncaught SyntaxError: Invalid or unexpected token", source: file:///home/dhia/browser-fuzzer/Dissertation/logger/run_20250324_064826/round_071/mutations/mutated_0004.html (2758)
[194224:194224:0324/182220.026959:INFO:CONSOLE(2759)] "Uncaught SyntaxError: Invalid or unexpected token", source: file:///home/dhia/browser-fuzzer/Dissertation/logger/run_20250324_064826/round_071/mutations/mutated_0004.html (2759)
[194224:194224:0324/182220.032996:INFO:CONSOLE(2760)] "Uncaught SyntaxError: Invalid or unexpected token", source: file:///home/dhia/browser-fuzzer/Dissertation/logger/run_20250324_064826/round_071/mutations/mutated_0004.html (2760)
[194224:194224:0324/182220.209331:INFO:CONSOLE(2761)] "Uncaught SyntaxError: Invalid or unexpected token", source: file:///home/dhia/browser-fuzzer/Dissertation/logger/run_20250324_064826/round_071/mutations/mutated_0004.html (2761)
[194224:194224:0324/182220.227036:INFO:CONSOLE(2774)] "Uncaught SyntaxError: Invalid or unexpected token", source: file:///home/dhia/browser-fuzzer/Dissertation/logger/run_20250324_064826/round_071/mutations/mutated_0004.html (2774)
[194224:194224:0324/182220.414723:INFO:CONSOLE(2775)] "Uncaught SyntaxError: Invalid or unexpected token", source: file:///home/dhia/browser-fuzzer/Dissertation/logger/run_20250324_064826/round_071/mutations/mutated_0004.html (2775)
[194224:194224:0324/182220.800825:INFO:CONSOLE(2783)] "Uncaught SyntaxError: Invalid or unexpected token", source: file:///home/dhia/browser-fuzzer/Dissertation/logger/run_20250324_064826/round_071/mutations/mutated_0004.html (2783)
[194224:194224:0324/182220.805729:INFO:CONSOLE(2784)] "Uncaught SyntaxError: Invalid or unexpected token", source: file:///home/dhia/browser-fuzzer/Dissertation/logger/run_20250324_064826/round_071/mutations/mutated_0004.html (2784)
[194224:194224:0324/182220.960112:INFO:CONSOLE(2803)] "Uncaught SyntaxError: Invalid or unexpected token", source: file:///home/dhia/browser-fuzzer/Dissertation/logger/run_20250324_064826/round_071/mutations/mutated_0004.html (2803)
[194224:194224:0324/182220.991086:INFO:CONSOLE(2816)] "Uncaught SyntaxError: Invalid or unexpected token", source: file:///home/dhia/browser-fuzzer/Dissertation/logger/run_20250324_064826/round_071/mutations/mutated_0004.html (2816)
[194224:194224:0324/182221.601110:INFO:CONSOLE(2927)] "Uncaught SyntaxError: Invalid or unexpected token", source: file:///home/dhia/browser-fuzzer/Dissertation/logger/run_20250324_064826/round_071/mutations/mutated_0004.html (2927)
[194224:194224:0324/182221.606978:INFO:CONSOLE(3000)] "Uncaught SyntaxError: Invalid or unexpected token", source: file:///home/dhia/browser-fuzzer/Dissertation/logger/run_20250324_064826/round_071/mutations/mutated_0004.html (3000)
[194224:194224:0324/182222.087069:INFO:CONSOLE(3001)] "Uncaught SyntaxError: Invalid or unexpected token", source: file:///home/dhia/browser-fuzzer/Dissertation/logger/run_20250324_064826/round_071/mutations/mutated_0004.html (3001)
[194224:194224:0324/182222.268277:INFO:CONSOLE(3036)] "Uncaught SyntaxError: Invalid or unexpected token", source: file:///home/dhia/browser-fuzzer/Dissertation/logger/run_20250324_064826/round_071/mutations/mutated_0004.html (3036)
[194224:194224:0324/182222.283570:INFO:CONSOLE(3049)] "Uncaught SyntaxError: Invalid or unexpected token", source: file:///home/dhia/browser-fuzzer/Dissertation/logger/run_20250324_064826/round_071/mutations/mutated_0004.html (3049)
[194224:194224:0324/182223.068001:INFO:CONSOLE(3065)] "Uncaught SyntaxError: Invalid or unexpected token", source: file:///home/dhia/browser-fuzzer/Dissertation/logger/run_20250324_064826/round_071/mutations/mutated_0004.html (3065)
[194224:194224:0324/182223.459810:INFO:CONSOLE(3074)] "Uncaught SyntaxError: Invalid or unexpected token", source: file:///home/dhia/browser-fuzzer/Dissertation/logger/run_20250324_064826/round_071/mutations/mutated_0004.html (3074)
[194224:194224:0324/182223.464899:INFO:CONSOLE(3075)] "Uncaught SyntaxError: Invalid or unexpected token", source: file:///home/dhia/browser-fuzzer/Dissertation/logger/run_20250324_064826/round_071/mutations/mutated_0004.html (3075)
[194224:194224:0324/182223.671045:INFO:CONSOLE(3076)] "Uncaught SyntaxError: Invalid or unexpected token", source: file:///home/dhia/browser-fuzzer/Dissertation/logger/run_20250324_064826/round_071/mutations/mutated_0004.html (3076)
[194224:194224:0324/182223.721765:INFO:CONSOLE(3104)] "Uncaught SyntaxError: Invalid or unexpected token", source: file:///home/dhia/browser-fuzzer/Dissertation/logger/run_20250324_064826/round_071/mutations/mutated_0004.html (3104)
[194224:194224:0324/182223.724559:INFO:CONSOLE(3105)] "Uncaught SyntaxError: Invalid or unexpected token", source: file:///home/dhia/browser-fuzzer/Dissertation/logger/run_20250324_064826/round_071/mutations/mutated_0004.html (3105)
[194224:194224:0324/182223.909622:INFO:CONSOLE(3121)] "Uncaught SyntaxError: Invalid or unexpected token", source: file:///home/dhia/browser-fuzzer/Dissertation/logger/run_20250324_064826/round_071/mutations/mutated_0004.html (3121)
[194224:194224:0324/182223.937571:INFO:CONSOLE(3122)] "Uncaught SyntaxError: Invalid or unexpected token", source: file:///home/dhia/browser-fuzzer/Dissertation/logger/run_20250324_064826/round_071/mutations/mutated_0004.html (3122)
[194224:194224:0324/182224.156402:INFO:CONSOLE(3133)] "Uncaught SyntaxError: Invalid or unexpected token", source: file:///home/dhia/browser-fuzzer/Dissertation/logger/run_20250324_064826/round_071/mutations/mutated_0004.html (3133)
[194224:194224:0324/182224.170849:INFO:CONSOLE(3134)] "Uncaught SyntaxError: Invalid or unexpected token", source: file:///home/dhia/browser-fuzzer/Dissertation/logger/run_20250324_064826/round_071/mutations/mutated_0004.html (3134)
[194224:194224:0324/182224.358583:INFO:CONSOLE(3135)] "Uncaught SyntaxError: Invalid or unexpected token", source: file:///home/dhia/browser-fuzzer/Dissertation/logger/run_20250324_064826/round_071/mutations/mutated_0004.html (3135)
[194224:194224:0324/182224.367758:INFO:CONSOLE(3136)] "Uncaught SyntaxError: Invalid or unexpected token", source: file:///home/dhia/browser-fuzzer/Dissertation/logger/run_20250324_064826/round_071/mutations/mutated_0004.html (3136)
[194224:194224:0324/182224.551162:INFO:CONSOLE(3137)] "Uncaught SyntaxError: Invalid or unexpected token", source: file:///home/dhia/browser-fuzzer/Dissertation/logger/run_20250324_064826/round_071/mutations/mutated_0004.html (3137)
[194224:194224:0324/182224.555482:INFO:CONSOLE(3138)] "Uncaught SyntaxError: Invalid or unexpected token", source: file:///home/dhia/browser-fuzzer/Dissertation/logger/run_20250324_064826/round_071/mutations/mutated_0004.html (3138)
[194224:194224:0324/182224.758055:INFO:CONSOLE(3160)] "Uncaught SyntaxError: Invalid or unexpected token", source: file:///home/dhia/browser-fuzzer/Dissertation/logger/run_20250324_064826/round_071/mutations/mutated_0004.html (3160)
[194224:194224:0324/182224.772600:INFO:CONSOLE(3167)] "Uncaught SyntaxError: Invalid or unexpected token", source: file:///home/dhia/browser-fuzzer/Dissertation/logger/run_20250324_064826/round_071/mutations/mutated_0004.html (3167)
[194224:194224:0324/182225.004744:INFO:CONSOLE(3168)] "Uncaught SyntaxError: Invalid or unexpected token", source: file:///home/dhia/browser-fuzzer/Dissertation/logger/run_20250324_064826/round_071/mutations/mutated_0004.html (3168)
[194224:194224:0324/182225.017284:INFO:CONSOLE(3169)] "Uncaught SyntaxError: Invalid or unexpected token", source: file:///home/dhia/browser-fuzzer/Dissertation/logger/run_20250324_064826/round_071/mutations/mutated_0004.html (3169)
[194224:194224:0324/182225.035772:INFO:CONSOLE(3170)] "Uncaught SyntaxError: Invalid or unexpected token", source: file:///home/dhia/browser-fuzzer/Dissertation/logger/run_20250324_064826/round_071/mutations/mutated_0004.html (3170)
[194224:194224:0324/182225.233346:INFO:CONSOLE(3174)] "Uncaught SyntaxError: Invalid or unexpected token", source: file:///home/dhia/browser-fuzzer/Dissertation/logger/run_20250324_064826/round_071/mutations/mutated_0004.html (3174)
[194224:194224:0324/182225.240285:INFO:CONSOLE(3187)] "Uncaught SyntaxError: Invalid or unexpected token", source: file:///home/dhia/browser-fuzzer/Dissertation/logger/run_20250324_064826/round_071/mutations/mutated_0004.html (3187)
[194224:194224:0324/182225.436716:INFO:CONSOLE(3200)] "Uncaught SyntaxError: Invalid or unexpected token", source: file:///home/dhia/browser-fuzzer/Dissertation/logger/run_20250324_064826/round_071/mutations/mutated_0004.html (3200)
[194224:194224:0324/182225.449553:INFO:CONSOLE(3201)] "Uncaught SyntaxError: Invalid or unexpected token", source: file:///home/dhia/browser-fuzzer/Dissertation/logger/run_20250324_064826/round_071/mutations/mutated_0004.html (3201)
[194224:194224:0324/182225.461493:INFO:CONSOLE(3202)] "Uncaught SyntaxError: Invalid or unexpected token", source: file:///home/dhia/browser-fuzzer/Dissertation/logger/run_20250324_064826/round_071/mutations/mutated_0004.html (3202)
[194224:194224:0324/182225.667083:INFO:CONSOLE(3203)] "Uncaught SyntaxError: Invalid or unexpected token", source: file:///home/dhia/browser-fuzzer/Dissertation/logger/run_20250324_064826/round_071/mutations/mutated_0004.html (3203)
[194224:194224:0324/182225.671235:INFO:CONSOLE(3204)] "Uncaught SyntaxError: Invalid or unexpected token", source: file:///home/dhia/browser-fuzzer/Dissertation/logger/run_20250324_064826/round_071/mutations/mutated_0004.html (3204)
[194224:194224:0324/182225.957059:INFO:CONSOLE(3205)] "Uncaught SyntaxError: Invalid or unexpected token", source: file:///home/dhia/browser-fuzzer/Dissertation/logger/run_20250324_064826/round_071/mutations/mutated_0004.html (3205)
[194224:194224:0324/182226.167953:INFO:CONSOLE(3206)] "Uncaught SyntaxError: Invalid or unexpected token", source: file:///home/dhia/browser-fuzzer/Dissertation/logger/run_20250324_064826/round_071/mutations/mutated_0004.html (3206)
[194224:194224:0324/182226.186673:INFO:CONSOLE(3207)] "Uncaught SyntaxError: Invalid or unexpected token", source: file:///home/dhia/browser-fuzzer/Dissertation/logger/run_20250324_064826/round_071/mutations/mutated_0004.html (3207)
[194224:194224:0324/182226.192129:INFO:CONSOLE(3208)] "Uncaught SyntaxError: Invalid or unexpected token", source: file:///home/dhia/browser-fuzzer/Dissertation/logger/run_20250324_064826/round_071/mutations/mutated_0004.html (3208)
[194224:194224:0324/182226.831794:INFO:CONSOLE(3296)] "Uncaught SyntaxError: Unexpected end of input", source: file:///home/dhia/browser-fuzzer/Dissertation/logger/run_20250324_064826/round_071/mutations/mutated_0004.html (3296)
[194224:194224:0324/182226.839660:INFO:CONSOLE(3299)] "Uncaught SyntaxError: Invalid or unexpected token", source: file:///home/dhia/browser-fuzzer/Dissertation/logger/run_20250324_064826/round_071/mutations/mutated_0004.html (3299)
[194224:194224:0324/182227.307643:INFO:CONSOLE(3368)] "Uncaught SyntaxError: Unexpected end of input", source: file:///home/dhia/browser-fuzzer/Dissertation/logger/run_20250324_064826/round_071/mutations/mutated_0004.html (3368)
[194224:194224:0324/182228.050347:INFO:CONSOLE(3404)] "Uncaught SyntaxError: Invalid or unexpected token", source: file:///home/dhia/browser-fuzzer/Dissertation/logger/run_20250324_064826/round_071/mutations/mutated_0004.html (3404)
[194224:194224:0324/182228.058490:INFO:CONSOLE(3415)] "Uncaught SyntaxError: Invalid or unexpected token", source: file:///home/dhia/browser-fuzzer/Dissertation/logger/run_20250324_064826/round_071/mutations/mutated_0004.html (3415)
[194224:194224:0324/182228.253732:INFO:CONSOLE(3416)] "Uncaught SyntaxError: Invalid or unexpected token", source: file:///home/dhia/browser-fuzzer/Dissertation/logger/run_20250324_064826/round_071/mutations/mutated_0004.html (3416)
[194224:194224:0324/182228.257165:INFO:CONSOLE(3417)] "Uncaught SyntaxError: Invalid or unexpected token", source: file:///home/dhia/browser-fuzzer/Dissertation/logger/run_20250324_064826/round_071/mutations/mutated_0004.html (3417)
[194224:194224:0324/182228.473397:INFO:CONSOLE(3497)] "Uncaught SyntaxError: Invalid or unexpected token", source: file:///home/dhia/browser-fuzzer/Dissertation/logger/run_20250324_064826/round_071/mutations/mutated_0004.html (3497)
[194224:194224:0324/182228.480160:INFO:CONSOLE(3498)] "Uncaught SyntaxError: Invalid or unexpected token", source: file:///home/dhia/browser-fuzzer/Dissertation/logger/run_20250324_064826/round_071/mutations/mutated_0004.html (3498)
[194224:194224:0324/182228.489397:INFO:CONSOLE(3499)] "Uncaught SyntaxError: Invalid or unexpected token", source: file:///home/dhia/browser-fuzzer/Dissertation/logger/run_20250324_064826/round_071/mutations/mutated_0004.html (3499)
[194224:194224:0324/182229.030236:INFO:CONSOLE(3500)] "Uncaught SyntaxError: Invalid or unexpected token", source: file:///home/dhia/browser-fuzzer/Dissertation/logger/run_20250324_064826/round_071/mutations/mutated_0004.html (3500)
[194224:194224:0324/182229.043475:INFO:CONSOLE(3581)] "The Content Security Policy 'default-src 'self' 'unsafe-inline'' was delivered via a <meta> element outside the document's <head>, which is disallowed. The policy has been ignored.", source: file:///home/dhia/browser-fuzzer/Dissertation/logger/run_20250324_064826/round_071/mutations/mutated_0004.html (3581)
[194224:194224:0324/182229.048676:INFO:CONSOLE(3582)] "Uncaught SyntaxError: Invalid or unexpected token", source: file:///home/dhia/browser-fuzzer/Dissertation/logger/run_20250324_064826/round_071/mutations/mutated_0004.html (3582)
[194224:194224:0324/182229.708606:INFO:CONSOLE(3583)] "Uncaught SyntaxError: Invalid or unexpected token", source: file:///home/dhia/browser-fuzzer/Dissertation/logger/run_20250324_064826/round_071/mutations/mutated_0004.html (3583)
[194224:194224:0324/182229.718489:INFO:CONSOLE(3591)] "Uncaught SyntaxError: Invalid or unexpected token", source: file:///home/dhia/browser-fuzzer/Dissertation/logger/run_20250324_064826/round_071/mutations/mutated_0004.html (3591)
[194224:194224:0324/182229.905996:INFO:CONSOLE(3592)] "Uncaught SyntaxError: Invalid or unexpected token", source: file:///home/dhia/browser-fuzzer/Dissertation/logger/run_20250324_064826/round_071/mutations/mutated_0004.html (3592)
[194224:194224:0324/182230.644553:INFO:CONSOLE(3810)] "Uncaught SyntaxError: Invalid or unexpected token", source: file:///home/dhia/browser-fuzzer/Dissertation/logger/run_20250324_064826/round_071/mutations/mutated_0004.html (3810)
[194224:194224:0324/182230.655625:INFO:CONSOLE(3811)] "Uncaught SyntaxError: Invalid or unexpected token", source: file:///home/dhia/browser-fuzzer/Dissertation/logger/run_20250324_064826/round_071/mutations/mutated_0004.html (3811)
[194224:194224:0324/182231.797198:INFO:CONSOLE(3943)] "Uncaught SyntaxError: Invalid or unexpected token", source: file:///home/dhia/browser-fuzzer/Dissertation/logger/run_20250324_064826/round_071/mutations/mutated_0004.html (3943)
[194224:194224:0324/182231.811476:INFO:CONSOLE(4012)] "Uncaught SyntaxError: Invalid or unexpected token", source: file:///home/dhia/browser-fuzzer/Dissertation/logger/run_20250324_064826/round_071/mutations/mutated_0004.html (4012)
[194224:194224:0324/182231.819649:INFO:CONSOLE(4013)] "Uncaught SyntaxError: Invalid or unexpected token", source: file:///home/dhia/browser-fuzzer/Dissertation/logger/run_20250324_064826/round_071/mutations/mutated_0004.html (4013)
[194224:194224:0324/182231.827948:INFO:CONSOLE(4016)] "Uncaught SyntaxError: Unexpected end of input", source: file:///home/dhia/browser-fuzzer/Dissertation/logger/run_20250324_064826/round_071/mutations/mutated_0004.html (4016)
[194224:194224:0324/182232.197295:INFO:CONSOLE(4019)] "Uncaught SyntaxError: Invalid or unexpected token", source: file:///home/dhia/browser-fuzzer/Dissertation/logger/run_20250324_064826/round_071/mutations/mutated_0004.html (4019)
[194224:194224:0324/182232.210268:INFO:CONSOLE(4020)] "Uncaught SyntaxError: Invalid or unexpected token", source: file:///home/dhia/browser-fuzzer/Dissertation/logger/run_20250324_064826/round_071/mutations/mutated_0004.html (4020)
[194224:194224:0324/182232.637238:INFO:CONSOLE(4099)] "Uncaught SyntaxError: Unexpected end of input", source: file:///home/dhia/browser-fuzzer/Dissertation/logger/run_20250324_064826/round_071/mutations/mutated_0004.html (4099)
[194224:194224:0324/182233.422239:INFO:CONSOLE(4135)] "Uncaught SyntaxError: Invalid or unexpected token", source: file:///home/dhia/browser-fuzzer/Dissertation/logger/run_20250324_064826/round_071/mutations/mutated_0004.html (4135)
[194224:194224:0324/182233.425560:INFO:CONSOLE(4136)] "Uncaught SyntaxError: Invalid or unexpected token", source: file:///home/dhia/browser-fuzzer/Dissertation/logger/run_20250324_064826/round_071/mutations/mutated_0004.html (4136)
[194224:194224:0324/182233.644502:INFO:CONSOLE(4137)] "Uncaught SyntaxError: Invalid or unexpected token", source: file:///home/dhia/browser-fuzzer/Dissertation/logger/run_20250324_064826/round_071/mutations/mutated_0004.html (4137)
[194224:194224:0324/182233.657677:INFO:CONSOLE(4138)] "Uncaught SyntaxError: Invalid or unexpected token", source: file:///home/dhia/browser-fuzzer/Dissertation/logger/run_20250324_064826/round_071/mutations/mutated_0004.html (4138)
[194224:194224:0324/182233.664508:INFO:CONSOLE(4139)] "Uncaught SyntaxError: Invalid or unexpected token", source: file:///home/dhia/browser-fuzzer/Dissertation/logger/run_20250324_064826/round_071/mutations/mutated_0004.html (4139)
[194224:194224:0324/182233.912257:INFO:CONSOLE(4140)] "Uncaught SyntaxError: Invalid or unexpected token", source: file:///home/dhia/browser-fuzzer/Dissertation/logger/run_20250324_064826/round_071/mutations/mutated_0004.html (4140)
[194224:194224:0324/182233.926196:INFO:CONSOLE(4141)] "Uncaught SyntaxError: Invalid or unexpected token", source: file:///home/dhia/browser-fuzzer/Dissertation/logger/run_20250324_064826/round_071/mutations/mutated_0004.html (4141)
[194224:194224:0324/182234.142532:INFO:CONSOLE(4142)] "Uncaught SyntaxError: Invalid or unexpected token", source: file:///home/dhia/browser-fuzzer/Dissertation/logger/run_20250324_064826/round_071/mutations/mutated_0004.html (4142)
[194224:194224:0324/182234.159263:INFO:CONSOLE(4143)] "Uncaught SyntaxError: Invalid or unexpected token", source: file:///home/dhia/browser-fuzzer/Dissertation/logger/run_20250324_064826/round_071/mutations/mutated_0004.html (4143)
[194224:194224:0324/182234.367912:INFO:CONSOLE(4151)] "Uncaught SyntaxError: Invalid or unexpected token", source: file:///home/dhia/browser-fuzzer/Dissertation/logger/run_20250324_064826/round_071/mutations/mutated_0004.html (4151)
[194224:194224:0324/182234.374083:INFO:CONSOLE(4152)] "Uncaught SyntaxError: Invalid or unexpected token", source: file:///home/dhia/browser-fuzzer/Dissertation/logger/run_20250324_064826/round_071/mutations/mutated_0004.html (4152)
[194224:194224:0324/182235.231819:INFO:CONSOLE(4260)] "Uncaught SyntaxError: Invalid or unexpected token", source: file:///home/dhia/browser-fuzzer/Dissertation/logger/run_20250324_064826/round_071/mutations/mutated_0004.html (4260)
[194224:194224:0324/182235.254046:INFO:CONSOLE(4261)] "Uncaught SyntaxError: Invalid or unexpected token", source: file:///home/dhia/browser-fuzzer/Dissertation/logger/run_20250324_064826/round_071/mutations/mutated_0004.html (4261)
[194224:194224:0324/182236.852986:INFO:CONSOLE(4455)] "Uncaught SyntaxError: Invalid or unexpected token", source: file:///home/dhia/browser-fuzzer/Dissertation/logger/run_20250324_064826/round_071/mutations/mutated_0004.html (4455)
[194224:194224:0324/182236.858990:INFO:CONSOLE(4456)] "Uncaught SyntaxError: Invalid or unexpected token", source: file:///home/dhia/browser-fuzzer/Dissertation/logger/run_20250324_064826/round_071/mutations/mutated_0004.html (4456)
[194224:194224:0324/182236.875793:INFO:CONSOLE(4457)] "Uncaught SyntaxError: Invalid or unexpected token", source: file:///home/dhia/browser-fuzzer/Dissertation/logger/run_20250324_064826/round_071/mutations/mutated_0004.html (4457)
[194224:194224:0324/182237.353158:INFO:CONSOLE(4458)] "Uncaught SyntaxError: Invalid or unexpected token", source: file:///home/dhia/browser-fuzzer/Dissertation/logger/run_20250324_064826/round_071/mutations/mutated_0004.html (4458)
[194224:194224:0324/182237.364068:INFO:CONSOLE(4461)] "Uncaught SyntaxError: Unexpected end of input", source: file:///home/dhia/browser-fuzzer/Dissertation/logger/run_20250324_064826/round_071/mutations/mutated_0004.html (4461)
[194224:194224:0324/182237.617274:INFO:CONSOLE(4464)] "Uncaught SyntaxError: Invalid or unexpected token", source: file:///home/dhia/browser-fuzzer/Dissertation/logger/run_20250324_064826/round_071/mutations/mutated_0004.html (4464)
[194224:194224:0324/182237.623524:INFO:CONSOLE(4465)] "Uncaught SyntaxError: Invalid or unexpected token", source: file:///home/dhia/browser-fuzzer/Dissertation/logger/run_20250324_064826/round_071/mutations/mutated_0004.html (4465)
[194224:194224:0324/182237.820067:INFO:CONSOLE(4554)] "Uncaught SyntaxError: Unexpected end of input", source: file:///home/dhia/browser-fuzzer/Dissertation/logger/run_20250324_064826/round_071/mutations/mutated_0004.html (4554)
[194224:194224:0324/182239.208100:INFO:CONSOLE(4592)] "Uncaught SyntaxError: Invalid or unexpected token", source: file:///home/dhia/browser-fuzzer/Dissertation/logger/run_20250324_064826/round_071/mutations/mutated_0004.html (4592)
[194224:194224:0324/182239.211937:INFO:CONSOLE(4593)] "Uncaught SyntaxError: Invalid or unexpected token", source: file:///home/dhia/browser-fuzzer/Dissertation/logger/run_20250324_064826/round_071/mutations/mutated_0004.html (4593)
[194224:194224:0324/182239.218731:INFO:CONSOLE(4594)] "Uncaught SyntaxError: Invalid or unexpected token", source: file:///home/dhia/browser-fuzzer/Dissertation/logger/run_20250324_064826/round_071/mutations/mutated_0004.html (4594)
[194224:194224:0324/182239.421339:INFO:CONSOLE(4595)] "Uncaught SyntaxError: Invalid or unexpected token", source: file:///home/dhia/browser-fuzzer/Dissertation/logger/run_20250324_064826/round_071/mutations/mutated_0004.html (4595)
[194224:194224:0324/182239.439425:INFO:CONSOLE(4596)] "Uncaught SyntaxError: Invalid or unexpected token", source: file:///home/dhia/browser-fuzzer/Dissertation/logger/run_20250324_064826/round_071/mutations/mutated_0004.html (4596)
[194224:194224:0324/182239.687399:INFO:CONSOLE(4597)] "Uncaught SyntaxError: Invalid or unexpected token", source: file:///home/dhia/browser-fuzzer/Dissertation/logger/run_20250324_064826/round_071/mutations/mutated_0004.html (4597)
[194224:194224:0324/182239.698243:INFO:CONSOLE(4598)] "Uncaught SyntaxError: Invalid or unexpected token", source: file:///home/dhia/browser-fuzzer/Dissertation/logger/run_20250324_064826/round_071/mutations/mutated_0004.html (4598)
[194224:194224:0324/182239.707011:INFO:CONSOLE(4599)] "Uncaught SyntaxError: Invalid or unexpected token", source: file:///home/dhia/browser-fuzzer/Dissertation/logger/run_20250324_064826/round_071/mutations/mutated_0004.html (4599)
[194224:194224:0324/182239.920058:INFO:CONSOLE(4600)] "Uncaught SyntaxError: Invalid or unexpected token", source: file:///home/dhia/browser-fuzzer/Dissertation/logger/run_20250324_064826/round_071/mutations/mutated_0004.html (4600)
[194224:194224:0324/182240.305810:INFO:CONSOLE(4688)] "Uncaught SyntaxError: Invalid or unexpected token", source: file:///home/dhia/browser-fuzzer/Dissertation/logger/run_20250324_064826/round_071/mutations/mutated_0004.html (4688)
[194224:194224:0324/182240.310323:INFO:CONSOLE(4689)] "Uncaught SyntaxError: Invalid or unexpected token", source: file:///home/dhia/browser-fuzzer/Dissertation/logger/run_20250324_064826/round_071/mutations/mutated_0004.html (4689)
[194224:194224:0324/182240.782741:INFO:CONSOLE(4692)] "Uncaught SyntaxError: Unexpected end of input", source: file:///home/dhia/browser-fuzzer/Dissertation/logger/run_20250324_064826/round_071/mutations/mutated_0004.html (4692)
[194224:194224:0324/182240.787751:INFO:CONSOLE(4695)] "Uncaught SyntaxError: Invalid or unexpected token", source: file:///home/dhia/browser-fuzzer/Dissertation/logger/run_20250324_064826/round_071/mutations/mutated_0004.html (4695)
[194224:194224:0324/182240.794071:INFO:CONSOLE(4696)] "Uncaught SyntaxError: Invalid or unexpected token", source: file:///home/dhia/browser-fuzzer/Dissertation/logger/run_20250324_064826/round_071/mutations/mutated_0004.html (4696)
[194224:194224:0324/182241.084623:INFO:CONSOLE(4728)] "Uncaught SyntaxError: Invalid or unexpected token", source: file:///home/dhia/browser-fuzzer/Dissertation/logger/run_20250324_064826/round_071/mutations/mutated_0004.html (4728)
[194224:194224:0324/182241.091138:INFO:CONSOLE(4729)] "Uncaught SyntaxError: Invalid or unexpected token", source: file:///home/dhia/browser-fuzzer/Dissertation/logger/run_20250324_064826/round_071/mutations/mutated_0004.html (4729)
[194224:194224:0324/182241.105236:INFO:CONSOLE(4730)] "Uncaught SyntaxError: Invalid or unexpected token", source: file:///home/dhia/browser-fuzzer/Dissertation/logger/run_20250324_064826/round_071/mutations/mutated_0004.html (4730)
[194224:194224:0324/182241.479213:INFO:CONSOLE(4874)] "Uncaught SyntaxError: Invalid or unexpected token", source: file:///home/dhia/browser-fuzzer/Dissertation/logger/run_20250324_064826/round_071/mutations/mutated_0004.html (4874)
[194224:194224:0324/182241.500360:INFO:CONSOLE(4875)] "Uncaught SyntaxError: Invalid or unexpected token", source: file:///home/dhia/browser-fuzzer/Dissertation/logger/run_20250324_064826/round_071/mutations/mutated_0004.html (4875)
[194224:194224:0324/182241.509406:INFO:CONSOLE(4876)] "Uncaught SyntaxError: Invalid or unexpected token", source: file:///home/dhia/browser-fuzzer/Dissertation/logger/run_20250324_064826/round_071/mutations/mutated_0004.html (4876)
[194224:194224:0324/182242.461640:INFO:CONSOLE(4964)] "Uncaught SyntaxError: Invalid or unexpected token", source: file:///home/dhia/browser-fuzzer/Dissertation/logger/run_20250324_064826/round_071/mutations/mutated_0004.html (4964)
[194224:194224:0324/182242.472963:INFO:CONSOLE(4965)] "Uncaught SyntaxError: Invalid or unexpected token", source: file:///home/dhia/browser-fuzzer/Dissertation/logger/run_20250324_064826/round_071/mutations/mutated_0004.html (4965)
[194224:194224:0324/182242.478746:INFO:CONSOLE(4968)] "Uncaught SyntaxError: Unexpected end of input", source: file:///home/dhia/browser-fuzzer/Dissertation/logger/run_20250324_064826/round_071/mutations/mutated_0004.html (4968)
[194224:194224:0324/182243.150700:INFO:CONSOLE(5049)] "Uncaught SyntaxError: Unexpected end of input", source: file:///home/dhia/browser-fuzzer/Dissertation/logger/run_20250324_064826/round_071/mutations/mutated_0004.html (5049)
[194224:194224:0324/182243.709976:INFO:CONSOLE(5067)] "Uncaught SyntaxError: Invalid or unexpected token", source: file:///home/dhia/browser-fuzzer/Dissertation/logger/run_20250324_064826/round_071/mutations/mutated_0004.html (5067)
[194224:194224:0324/182243.727198:INFO:CONSOLE(5068)] "Uncaught SyntaxError: Invalid or unexpected token", source: file:///home/dhia/browser-fuzzer/Dissertation/logger/run_20250324_064826/round_071/mutations/mutated_0004.html (5068)
[194224:194224:0324/182244.120746:INFO:CONSOLE(5139)] "Uncaught SyntaxError: Invalid or unexpected token", source: file:///home/dhia/browser-fuzzer/Dissertation/logger/run_20250324_064826/round_071/mutations/mutated_0004.html (5139)
[194224:194224:0324/182244.707837:INFO:CONSOLE(5321)] "Uncaught SyntaxError: Invalid or unexpected token", source: file:///home/dhia/browser-fuzzer/Dissertation/logger/run_20250324_064826/round_071/mutations/mutated_0004.html (5321)
[194224:194224:0324/182244.711403:INFO:CONSOLE(5322)] "Uncaught SyntaxError: Invalid or unexpected token", source: file:///home/dhia/browser-fuzzer/Dissertation/logger/run_20250324_064826/round_071/mutations/mutated_0004.html (5322)
[194224:194224:0324/182245.252541:INFO:CONSOLE(5435)] "Uncaught SyntaxError: Invalid or unexpected token", source: file:///home/dhia/browser-fuzzer/Dissertation/logger/run_20250324_064826/round_071/mutations/mutated_0004.html (5435)
[194224:194224:0324/182245.740676:INFO:CONSOLE(5723)] "Uncaught SyntaxError: Invalid or unexpected token", source: file:///home/dhia/browser-fuzzer/Dissertation/logger/run_20250324_064826/round_071/mutations/mutated_0004.html (5723)
[194224:194224:0324/182245.749098:INFO:CONSOLE(5724)] "Uncaught SyntaxError: Invalid or unexpected token", source: file:///home/dhia/browser-fuzzer/Dissertation/logger/run_20250324_064826/round_071/mutations/mutated_0004.html (5724)
[194224:194224:0324/182246.923544:INFO:CONSOLE(5725)] "Uncaught SyntaxError: Invalid or unexpected token", source: file:///home/dhia/browser-fuzzer/Dissertation/logger/run_20250324_064826/round_071/mutations/mutated_0004.html (5725)
[194224:194224:0324/182246.930308:INFO:CONSOLE(5726)] "Uncaught SyntaxError: Invalid or unexpected token", source: file:///home/dhia/browser-fuzzer/Dissertation/logger/run_20250324_064826/round_071/mutations/mutated_0004.html (5726)
[194224:194224:0324/182246.943696:INFO:CONSOLE(5727)] "Uncaught SyntaxError: Invalid or unexpected token", source: file:///home/dhia/browser-fuzzer/Dissertation/logger/run_20250324_064826/round_071/mutations/mutated_0004.html (5727)
[194224:194224:0324/182247.192672:INFO:CONSOLE(5740)] "Uncaught SyntaxError: Invalid or unexpected token", source: file:///home/dhia/browser-fuzzer/Dissertation/logger/run_20250324_064826/round_071/mutations/mutated_0004.html (5740)
[194224:194224:0324/182247.733340:INFO:CONSOLE(5748)] "Uncaught SyntaxError: Invalid or unexpected token", source: file:///home/dhia/browser-fuzzer/Dissertation/logger/run_20250324_064826/round_071/mutations/mutated_0004.html (5748)
[194224:194224:0324/182247.748604:INFO:CONSOLE(5749)] "Uncaught SyntaxError: Invalid or unexpected token", source: file:///home/dhia/browser-fuzzer/Dissertation/logger/run_20250324_064826/round_071/mutations/mutated_0004.html (5749)
[194224:194224:0324/182248.072065:INFO:CONSOLE(5756)] "Uncaught SyntaxError: Invalid or unexpected token", source: file:///home/dhia/browser-fuzzer/Dissertation/logger/run_20250324_064826/round_071/mutations/mutated_0004.html (5756)
[194224:194224:0324/182248.084225:INFO:CONSOLE(5769)] "Uncaught SyntaxError: Invalid or unexpected token", source: file:///home/dhia/browser-fuzzer/Dissertation/logger/run_20250324_064826/round_071/mutations/mutated_0004.html (5769)
[194224:194224:0324/182249.211067:INFO:CONSOLE(5856)] "Uncaught SyntaxError: Invalid or unexpected token", source: file:///home/dhia/browser-fuzzer/Dissertation/logger/run_20250324_064826/round_071/mutations/mutated_0004.html (5856)
[194224:194224:0324/182249.220747:INFO:CONSOLE(5857)] "Uncaught SyntaxError: Invalid or unexpected token", source: file:///home/dhia/browser-fuzzer/Dissertation/logger/run_20250324_064826/round_071/mutations/mutated_0004.html (5857)
[194224:194224:0324/182249.507097:INFO:CONSOLE(5930)] "Uncaught SyntaxError: Invalid or unexpected token", source: file:///home/dhia/browser-fuzzer/Dissertation/logger/run_20250324_064826/round_071/mutations/mutated_0004.html (5930)
[194224:194224:0324/182249.516007:INFO:CONSOLE(5931)] "Uncaught SyntaxError: Invalid or unexpected token", source: file:///home/dhia/browser-fuzzer/Dissertation/logger/run_20250324_064826/round_071/mutations/mutated_0004.html (5931)
[194224:194224:0324/182249.523831:INFO:CONSOLE(5932)] "Uncaught SyntaxError: Invalid or unexpected token", source: file:///home/dhia/browser-fuzzer/Dissertation/logger/run_20250324_064826/round_071/mutations/mutated_0004.html (5932)
[194224:194224:0324/182250.745475:INFO:CONSOLE(5955)] "Uncaught SyntaxError: Invalid or unexpected token", source: file:///home/dhia/browser-fuzzer/Dissertation/logger/run_20250324_064826/round_071/mutations/mutated_0004.html (5955)
[194224:194224:0324/182250.759341:INFO:CONSOLE(5956)] "Uncaught SyntaxError: Invalid or unexpected token", source: file:///home/dhia/browser-fuzzer/Dissertation/logger/run_20250324_064826/round_071/mutations/mutated_0004.html (5956)
[194224:194224:0324/182251.827537:INFO:CONSOLE(5972)] "Uncaught SyntaxError: Invalid or unexpected token", source: file:///home/dhia/browser-fuzzer/Dissertation/logger/run_20250324_064826/round_071/mutations/mutated_0004.html (5972)
[194224:194224:0324/182251.942295:INFO:CONSOLE(5972)] "Uncaught SyntaxError: Invalid or unexpected token", source: file:///home/dhia/browser-fuzzer/Dissertation/logger/run_20250324_064826/round_071/mutations/mutated_0004.html (5972)
[194224:194224:0324/182252.444096:INFO:CONSOLE(5993)] "Uncaught SyntaxError: Invalid or unexpected token", source: file:///home/dhia/browser-fuzzer/Dissertation/logger/run_20250324_064826/round_071/mutations/mutated_0004.html (5993)
[194224:194224:0324/182252.450102:INFO:CONSOLE(5994)] "Uncaught SyntaxError: Invalid or unexpected token", source: file:///home/dhia/browser-fuzzer/Dissertation/logger/run_20250324_064826/round_071/mutations/mutated_0004.html (5994)
[194224:194224:0324/182252.454166:INFO:CONSOLE(5995)] "Uncaught SyntaxError: Invalid or unexpected token", source: file:///home/dhia/browser-fuzzer/Dissertation/logger/run_20250324_064826/round_071/mutations/mutated_0004.html (5995)
[194224:194224:0324/182252.786584:INFO:CONSOLE(6023)] "Uncaught SyntaxError: Invalid or unexpected token", source: file:///home/dhia/browser-fuzzer/Dissertation/logger/run_20250324_064826/round_071/mutations/mutated_0004.html (6023)
[194224:194224:0324/182253.090087:INFO:CONSOLE(6039)] "Uncaught SyntaxError: Invalid or unexpected token", source: file:///home/dhia/browser-fuzzer/Dissertation/logger/run_20250324_064826/round_071/mutations/mutated_0004.html (6039)
[194224:194224:0324/182253.095536:INFO:CONSOLE(6040)] "Uncaught SyntaxError: Invalid or unexpected token", source: file:///home/dhia/browser-fuzzer/Dissertation/logger/run_20250324_064826/round_071/mutations/mutated_0004.html (6040)
[194224:194224:0324/182253.106682:INFO:CONSOLE(6051)] "Uncaught SyntaxError: Invalid or unexpected token", source: file:///home/dhia/browser-fuzzer/Dissertation/logger/run_20250324_064826/round_071/mutations/mutated_0004.html (6051)
[194224:194224:0324/182253.388621:INFO:CONSOLE(6052)] "Uncaught SyntaxError: Invalid or unexpected token", source: file:///home/dhia/browser-fuzzer/Dissertation/logger/run_20250324_064826/round_071/mutations/mutated_0004.html (6052)
[194224:194224:0324/182253.398044:INFO:CONSOLE(6053)] "Uncaught SyntaxError: Invalid or unexpected token", source: file:///home/dhia/browser-fuzzer/Dissertation/logger/run_20250324_064826/round_071/mutations/mutated_0004.html (6053)
[194224:194224:0324/182253.408002:INFO:CONSOLE(6054)] "Uncaught SyntaxError: Invalid or unexpected token", source: file:///home/dhia/browser-fuzzer/Dissertation/logger/run_20250324_064826/round_071/mutations/mutated_0004.html (6054)
[194224:194224:0324/182253.723839:INFO:CONSOLE(6055)] "Uncaught SyntaxError: Invalid or unexpected token", source: file:///home/dhia/browser-fuzzer/Dissertation/logger/run_20250324_064826/round_071/mutations/mutated_0004.html (6055)
[194224:194224:0324/182254.023912:INFO:CONSOLE(6074)] "Uncaught SyntaxError: Invalid or unexpected token", source: file:///home/dhia/browser-fuzzer/Dissertation/logger/run_20250324_064826/round_071/mutations/mutated_0004.html (6074)
[194224:194224:0324/182254.041748:INFO:CONSOLE(6081)] "Uncaught SyntaxError: Invalid or unexpected token", source: file:///home/dhia/browser-fuzzer/Dissertation/logger/run_20250324_064826/round_071/mutations/mutated_0004.html (6081)
[194224:194224:0324/182254.332248:INFO:CONSOLE(6082)] "Uncaught SyntaxError: Invalid or unexpected token", source: file:///home/dhia/browser-fuzzer/Dissertation/logger/run_20250324_064826/round_071/mutations/mutated_0004.html (6082)
[194224:194224:0324/182254.340265:INFO:CONSOLE(6083)] "Uncaught SyntaxError: Invalid or unexpected token", source: file:///home/dhia/browser-fuzzer/Dissertation/logger/run_20250324_064826/round_071/mutations/mutated_0004.html (6083)
[194224:194224:0324/182254.618750:INFO:CONSOLE(6084)] "Uncaught SyntaxError: Invalid or unexpected token", source: file:///home/dhia/browser-fuzzer/Dissertation/logger/run_20250324_064826/round_071/mutations/mutated_0004.html (6084)
[194224:194224:0324/182254.639388:INFO:CONSOLE(6085)] "Uncaught SyntaxError: Invalid or unexpected token", source: file:///home/dhia/browser-fuzzer/Dissertation/logger/run_20250324_064826/round_071/mutations/mutated_0004.html (6085)
[194224:194224:0324/182254.964434:INFO:CONSOLE(6089)] "Uncaught SyntaxError: Invalid or unexpected token", source: file:///home/dhia/browser-fuzzer/Dissertation/logger/run_20250324_064826/round_071/mutations/mutated_0004.html (6089)
[194224:194224:0324/182254.970591:INFO:CONSOLE(6102)] "Uncaught SyntaxError: Invalid or unexpected token", source: file:///home/dhia/browser-fuzzer/Dissertation/logger/run_20250324_064826/round_071/mutations/mutated_0004.html (6102)
[194224:194224:0324/182255.251874:INFO:CONSOLE(6115)] "Uncaught SyntaxError: Invalid or unexpected token", source: file:///home/dhia/browser-fuzzer/Dissertation/logger/run_20250324_064826/round_071/mutations/mutated_0004.html (6115)
[194224:194224:0324/182255.270078:INFO:CONSOLE(6116)] "Uncaught SyntaxError: Invalid or unexpected token", source: file:///home/dhia/browser-fuzzer/Dissertation/logger/run_20250324_064826/round_071/mutations/mutated_0004.html (6116)
[194224:194224:0324/182255.277668:INFO:CONSOLE(6117)] "Uncaught SyntaxError: Invalid or unexpected token", source: file:///home/dhia/browser-fuzzer/Dissertation/logger/run_20250324_064826/round_071/mutations/mutated_0004.html (6117)
[194224:194224:0324/182255.559172:INFO:CONSOLE(6118)] "Uncaught SyntaxError: Invalid or unexpected token", source: file:///home/dhia/browser-fuzzer/Dissertation/logger/run_20250324_064826/round_071/mutations/mutated_0004.html (6118)
[194224:194224:0324/182255.565949:INFO:CONSOLE(6119)] "Uncaught SyntaxError: Invalid or unexpected token", source: file:///home/dhia/browser-fuzzer/Dissertation/logger/run_20250324_064826/round_071/mutations/mutated_0004.html (6119)
[194224:194224:0324/182255.573583:INFO:CONSOLE(6120)] "Uncaught SyntaxError: Invalid or unexpected token", source: file:///home/dhia/browser-fuzzer/Dissertation/logger/run_20250324_064826/round_071/mutations/mutated_0004.html (6120)
[194224:194224:0324/182255.582996:INFO:CONSOLE(6121)] "Uncaught SyntaxError: Invalid or unexpected token", source: file:///home/dhia/browser-fuzzer/Dissertation/logger/run_20250324_064826/round_071/mutations/mutated_0004.html (6121)
[194224:194224:0324/182255.589426:INFO:CONSOLE(6122)] "Uncaught SyntaxError: Invalid or unexpected token", source: file:///home/dhia/browser-fuzzer/Dissertation/logger/run_20250324_064826/round_071/mutations/mutated_0004.html (6122)
[194224:194224:0324/182255.946121:INFO:CONSOLE(6123)] "Uncaught SyntaxError: Invalid or unexpected token", source: file:///home/dhia/browser-fuzzer/Dissertation/logger/run_20250324_064826/round_071/mutations/mutated_0004.html (6123)
[194224:194224:0324/182255.955386:INFO:CONSOLE(6124)] "Uncaught SyntaxError: Invalid or unexpected token", source: file:///home/dhia/browser-fuzzer/Dissertation/logger/run_20250324_064826/round_071/mutations/mutated_0004.html (6124)
[194224:194224:0324/182256.244837:INFO:CONSOLE(6194)] "Uncaught SyntaxError: Invalid or unexpected token", source: file:///home/dhia/browser-fuzzer/Dissertation/logger/run_20250324_064826/round_071/mutations/mutated_0004.html (6194)
[194224:194224:0324/182256.255290:INFO:CONSOLE(6195)] "Uncaught SyntaxError: Invalid or unexpected token", source: file:///home/dhia/browser-fuzzer/Dissertation/logger/run_20250324_064826/round_071/mutations/mutated_0004.html (6195)
[194224:194224:0324/182256.263296:INFO:CONSOLE(6196)] "Uncaught SyntaxError: Invalid or unexpected token", source: file:///home/dhia/browser-fuzzer/Dissertation/logger/run_20250324_064826/round_071/mutations/mutated_0004.html (6196)
[194224:194224:0324/182257.554913:ERROR:background_mode_manager_aura.cc(12)] Not implemented reached in virtual void BackgroundModeManager::EnableLaunchOnStartup(bool)
[194224:194224:0324/182257.849942:ERROR:kill_posix.cc(33)] waitpid(194295): No child processes (10)
[194224:194254:0324/182257.857809:WARNING:discardable_shared_memory_manager.cc(452)] Some MojoDiscardableSharedMemoryManagerImpls are still alive. They will be leaked.
