[1743067124.299][INFO]: Starting ChromeDriver 135.0.7019.0 (0000000000000000000000000000000000000000-0000000000000000000000000000000000000000) on port 39699
[1743067124.299][INFO]: Please see https://chromedriver.chromium.org/security-considerations for suggestions on keeping ChromeDriver safe.
[1743067124.332][INFO]: ChromeDriver was started successfully on port 39699
[1743067124.364][INFO]: [ee7f78e0f878d5f4ebfc3c5bb6c367cc] COMMAND InitSession {
   "capabilities": {
      "alwaysMatch": {
         "browserName": "chrome",
         "goog:chromeOptions": {
            "args": [ "--user-data-dir=/tmp/chrome_user_data_w9rbu3k_", "--headless=new", "--no-sandbox", "--disable-dev-shm-usage", "--js-flags=--max-old-space-size=8192", "--disable-blink-features=AutomationControlled", "--allow-file-access-from-files", "--disable-media-session-api", "--autoplay-policy=no-user-gesture-required", "--enable-crash-reporter", "--disable-extensions", "--crash-dumps-dir=/home/dhia/browser-fuzzer/Dissertation/logger/run_20250327_080734/round_001/crash_results/crash_dumps" ],
            "binary": "/home/dhia/chromium/src/out/asan/chrome",
            "extensions": [  ]
         },
         "goog:loggingPrefs": {
            "browser": "ALL",
            "performance": "ALL"
         },
         "pageLoadStrategy": "normal"
      },
      "firstMatch": [ {
      } ]
   }
}
[1743067124.367][INFO]: Populating Preferences file: {
   "alternate_error_pages": {
      "enabled": false
   },
   "autofill": {
      "enabled": false
   },
   "browser": {
      "check_default_browser": false
   },
   "distribution": {
      "import_bookmarks": false,
      "import_history": false,
      "import_search_engine": false,
      "make_chrome_default_for_user": false,
      "skip_first_run_ui": true
   },
   "dns_prefetching": {
      "enabled": false
   },
   "profile": {
      "content_settings": {
         "pattern_pairs": {
            "https://*,*": {
               "media-stream": {
                  "audio": "Default",
                  "video": "Default"
               }
            }
         }
      },
      "default_content_setting_values": {
         "geolocation": 1
      },
      "default_content_settings": {
         "geolocation": 1,
         "mouselock": 1,
         "notifications": 1,
         "popups": 1,
         "ppapi-broker": 1
      },
      "password_manager_enabled": false
   },
   "safebrowsing": {
      "enabled": false
   },
   "search": {
      "suggest_enabled": false
   },
   "translate": {
      "enabled": false
   }
}
[1743067124.368][INFO]: Populating Local State file: {
   "background_mode": {
      "enabled": false
   },
   "ssl": {
      "rev_checking": {
         "enabled": false
      }
   }
}
[1743067124.369][INFO]: ChromeDriver supports communication with Chrome via pipes. This is more reliable and more secure.
[1743067124.369][INFO]: Use the --remote-debugging-pipe Chrome switch instead of the default --remote-debugging-port to enable this communication mode.
[1743067124.369][INFO]: Launching chrome: /home/dhia/chromium/src/out/asan/chrome --allow-file-access-from-files --allow-pre-commit-input --autoplay-policy=no-user-gesture-required --crash-dumps-dir=/home/dhia/browser-fuzzer/Dissertation/logger/run_20250327_080734/round_001/crash_results/crash_dumps --disable-background-networking --disable-blink-features=AutomationControlled --disable-client-side-phishing-detection --disable-default-apps --disable-dev-shm-usage --disable-extensions --disable-hang-monitor --disable-media-session-api --disable-popup-blocking --disable-prompt-on-repost --disable-sync --enable-automation --enable-crash-reporter --enable-logging --headless=new --js-flags=--max-old-space-size=8192 --log-level=0 --no-first-run --no-sandbox --no-service-autorun --password-store=basic --remote-debugging-port=0 --test-type=webdriver --use-mock-keychain --user-data-dir=/tmp/chrome_user_data_w9rbu3k_
[1743067129.312][INFO]: resolved localhost to ["127.0.0.1"]
[1743067130.927][INFO]: [ee7f78e0f878d5f4ebfc3c5bb6c367cc] RESPONSE InitSession {
   "capabilities": {
      "acceptInsecureCerts": false,
      "browserName": "chrome",
      "browserVersion": "135.0.7019.0",
      "chrome": {
         "chromedriverVersion": "135.0.7019.0 (0000000000000000000000000000000000000000-0000000000000000000000000000000000000000)",
         "userDataDir": "/tmp/chrome_user_data_w9rbu3k_"
      },
      "fedcm:accounts": true,
      "goog:chromeOptions": {
         "debuggerAddress": "localhost:40961"
      },
      "networkConnectionEnabled": false,
      "pageLoadStrategy": "normal",
      "platformName": "linux",
      "proxy": {
      },
      "setWindowRect": true,
      "strictFileInteractability": false,
      "timeouts": {
         "implicit": 0,
         "pageLoad": 300000,
         "script": 30000
      },
      "unhandledPromptBehavior": "dismiss and notify",
      "webauthn:extension:credBlob": true,
      "webauthn:extension:largeBlob": true,
      "webauthn:extension:minPinLength": true,
      "webauthn:extension:prf": true,
      "webauthn:virtualAuthenticators": true
   },
   "sessionId": "ee7f78e0f878d5f4ebfc3c5bb6c367cc"
}
[1743067130.934][INFO]: [ee7f78e0f878d5f4ebfc3c5bb6c367cc] COMMAND ExecuteCDP {
   "cmd": "Network.enable",
   "params": {
   }
}
[1743067130.934][INFO]: Waiting for pending navigations...
[1743067133.692][INFO]: Done waiting for pending navigations. Status: ok
[1743067133.841][INFO]: Waiting for pending navigations...
[1743067133.886][INFO]: Done waiting for pending navigations. Status: ok
[1743067133.886][INFO]: [ee7f78e0f878d5f4ebfc3c5bb6c367cc] RESPONSE ExecuteCDP {
}
[1743067133.902][INFO]: [ee7f78e0f878d5f4ebfc3c5bb6c367cc] COMMAND ExecuteCDP {
   "cmd": "Network.setBlockedURLs",
   "params": {
      "urls": [ "*.mp4", "*.mp3", "*.avi", "*.webm", "*.ogg", "*.wav", "*.png", "*.jpg", "*.jpeg", "*.gif", "*.woff", "*.ttf" ]
   }
}
[1743067133.902][INFO]: Waiting for pending navigations...
[1743067134.661][INFO]: Done waiting for pending navigations. Status: ok
[1743067135.452][INFO]: Waiting for pending navigations...
[1743067135.524][INFO]: Done waiting for pending navigations. Status: ok
[1743067135.524][INFO]: [ee7f78e0f878d5f4ebfc3c5bb6c367cc] RESPONSE ExecuteCDP {
}
[1743067135.537][INFO]: [ee7f78e0f878d5f4ebfc3c5bb6c367cc] COMMAND ExecuteCDP {
   "cmd": "Performance.enable",
   "params": {
   }
}
[1743067135.537][INFO]: Waiting for pending navigations...
[1743067135.610][INFO]: Done waiting for pending navigations. Status: ok
[1743067135.623][INFO]: Waiting for pending navigations...
[1743067135.627][INFO]: Done waiting for pending navigations. Status: ok
[1743067135.628][INFO]: [ee7f78e0f878d5f4ebfc3c5bb6c367cc] RESPONSE ExecuteCDP {
}
[1743067135.630][INFO]: [ee7f78e0f878d5f4ebfc3c5bb6c367cc] COMMAND SetTimeouts {
   "pageLoad": 120000
}
[1743067135.630][INFO]: [ee7f78e0f878d5f4ebfc3c5bb6c367cc] RESPONSE SetTimeouts
[1743067135.635][INFO]: [ee7f78e0f878d5f4ebfc3c5bb6c367cc] COMMAND SetTimeouts {
   "script": 30000
}
[1743067135.635][INFO]: [ee7f78e0f878d5f4ebfc3c5bb6c367cc] RESPONSE SetTimeouts
[1743067135.637][INFO]: [ee7f78e0f878d5f4ebfc3c5bb6c367cc] COMMAND SetTimeouts {
   "pageLoad": 600000
}
[1743067135.637][INFO]: [ee7f78e0f878d5f4ebfc3c5bb6c367cc] RESPONSE SetTimeouts
[1743067135.640][INFO]: [ee7f78e0f878d5f4ebfc3c5bb6c367cc] COMMAND SetTimeouts {
   "script": 600000
}
[1743067135.640][INFO]: [ee7f78e0f878d5f4ebfc3c5bb6c367cc] RESPONSE SetTimeouts
[1743067135.643][INFO]: [ee7f78e0f878d5f4ebfc3c5bb6c367cc] COMMAND ExecuteScript {
   "args": [  ],
   "script": "return !!window;"
}
[1743067135.643][INFO]: Waiting for pending navigations...
[1743067135.648][INFO]: Done waiting for pending navigations. Status: ok
[1743067135.690][INFO]: Waiting for pending navigations...
[1743067135.695][INFO]: Done waiting for pending navigations. Status: ok
[1743067135.695][INFO]: [ee7f78e0f878d5f4ebfc3c5bb6c367cc] RESPONSE ExecuteScript true
[1743067135.699][INFO]: [ee7f78e0f878d5f4ebfc3c5bb6c367cc] COMMAND ExecuteCDP {
   "cmd": "Runtime.enable",
   "params": {
   }
}
[1743067135.700][INFO]: Waiting for pending navigations...
[1743067135.705][INFO]: Done waiting for pending navigations. Status: ok
[1743067135.711][INFO]: Waiting for pending navigations...
[1743067135.717][INFO]: Done waiting for pending navigations. Status: ok
[1743067135.717][INFO]: [ee7f78e0f878d5f4ebfc3c5bb6c367cc] RESPONSE ExecuteCDP {
}
[1743067135.723][INFO]: [ee7f78e0f878d5f4ebfc3c5bb6c367cc] COMMAND ExecuteCDP {
   "cmd": "Debugger.enable",
   "params": {
   }
}
[1743067135.724][INFO]: Waiting for pending navigations...
[1743067135.729][INFO]: Done waiting for pending navigations. Status: ok
[1743067136.693][INFO]: Waiting for pending navigations...
[1743067136.723][INFO]: Done waiting for pending navigations. Status: ok
[1743067136.723][INFO]: [ee7f78e0f878d5f4ebfc3c5bb6c367cc] RESPONSE ExecuteCDP {
   "debuggerId": "-1273324853017760699.8445742275758303790"
}
[1743067136.730][INFO]: [ee7f78e0f878d5f4ebfc3c5bb6c367cc] COMMAND ExecuteCDP {
   "cmd": "Debugger.setAsyncCallStackDepth",
   "params": {
      "maxDepth": 32
   }
}
[1743067136.730][INFO]: Waiting for pending navigations...
[1743067136.738][INFO]: Done waiting for pending navigations. Status: ok
[1743067136.743][INFO]: Waiting for pending navigations...
[1743067136.749][INFO]: Done waiting for pending navigations. Status: ok
[1743067136.749][INFO]: [ee7f78e0f878d5f4ebfc3c5bb6c367cc] RESPONSE ExecuteCDP {
}
[1743067136.754][INFO]: [ee7f78e0f878d5f4ebfc3c5bb6c367cc] COMMAND ExecuteCDP {
   "cmd": "Runtime.discardConsoleEntries",
   "params": {
   }
}
[1743067136.754][INFO]: Waiting for pending navigations...
[1743067136.761][INFO]: Done waiting for pending navigations. Status: ok
[1743067136.765][INFO]: Waiting for pending navigations...
[1743067136.771][INFO]: Done waiting for pending navigations. Status: ok
[1743067136.772][INFO]: [ee7f78e0f878d5f4ebfc3c5bb6c367cc] RESPONSE ExecuteCDP {
}
[1743067136.776][INFO]: [ee7f78e0f878d5f4ebfc3c5bb6c367cc] COMMAND ExecuteCDP {
   "cmd": "Performance.enable",
   "params": {
   }
}
[1743067136.776][INFO]: Waiting for pending navigations...
[1743067136.782][INFO]: Done waiting for pending navigations. Status: ok
[1743067136.786][INFO]: Waiting for pending navigations...
[1743067136.791][INFO]: Done waiting for pending navigations. Status: ok
[1743067136.792][INFO]: [ee7f78e0f878d5f4ebfc3c5bb6c367cc] RESPONSE ExecuteCDP {
}
[1743067136.796][INFO]: [ee7f78e0f878d5f4ebfc3c5bb6c367cc] COMMAND Navigate {
   "url": "file:///home/dhia/browser-fuzzer/Dissertation/logger/run_20250327_080734/round_001/mutations/mutated_0002.html"
}
[1743067136.796][INFO]: Waiting for pending navigations...
[1743067136.838][INFO]: Done waiting for pending navigations. Status: ok
[1743067137.167][INFO]: Waiting for pending navigations...
[1743067245.455][INFO]: Done waiting for pending navigations. Status: ok
[1743067245.456][INFO]: [ee7f78e0f878d5f4ebfc3c5bb6c367cc] RESPONSE Navigate
[1743067245.492][INFO]: [ee7f78e0f878d5f4ebfc3c5bb6c367cc] COMMAND ExecuteScript {
   "args": [  ],
   "script": "return document.readyState"
}
[1743067245.493][INFO]: Waiting for pending navigations...
[1743067633.528][INFO]: Done waiting for pending navigations. Status: ok
