[11:41:40][INFO] detection-advanced: [DETECTION] Deep & Detailed Reporting.
[11:41:40][INFO] detection-advanced: Processing batch 1 (1 files)
[11:41:40][INFO] detection-advanced: Resource throttling disabled, forcing concurrency to 1
[11:41:40][INFO] detection-advanced: [DETECTION] Start => mutated_0001.html
/home/dhia/browser-fuzzer/Dissertation/logger/fuzzing/detection.py:481: DeprecationWarning: set_timeout() in RemoteConnection is deprecated, set timeout to ClientConfig instance in constructor instead
  RemoteConnection.set_timeout(720)
[11:42:00][INFO] detection-advanced: Testing file: file:///home/dhia/browser-fuzzer/Dissertation/logger/run_20250402_114135/round_001/mutations/mutated_0001.html
[11:42:01][INFO] detection-advanced: Document readyState: complete
[11:42:12][INFO] detection-advanced: Resource Usage: CPU=20.30%, Memory=0.00 MB, Disk Read=17.88 MB, Disk Write=8.52 MB
[11:42:16][DEBUG] detection-advanced: [COVERAGE] start_js_coverage: Starting coverage collection...
[11:42:16][DEBUG] detection-advanced: [COVERAGE] start_js_coverage: Coverage collection started successfully.
[11:42:16][DEBUG] detection-advanced: [COVERAGE] stop_js_coverage: Stopping coverage and taking data...
[11:42:16][DEBUG] detection-advanced: [COVERAGE] stop_js_coverage: Coverage data collected, 8 scripts.
[11:43:56][WARNING] detection-advanced:  => anomaly => console_errors_warnings => {'errors_warnings': [{'level': 'SEVERE', 'type': 'general', 'message': "file:///home/dhia/browser-fuzzer/Dissertation/logger/run_20250402_114135/round_001/mutations/mutated_0001.html 2 The Content Security Policy 'default-src 'self' 'unsafe-inline'' was delivered via a <meta> element outside the document's <head>, which is disallowed. The policy has been ignored.", 'source': 'security', 'url': ''}], 'error_counts': {'general': 1}}
[11:43:56][WARNING] detection-advanced:  => anomaly => missing_or_invalid_security_headers => {'x-content-type-options': 'Missing', 'x-frame-options': 'Missing', 'strict-transport-security': 'Missing', 'content-security-policy': 'Missing', 'x-xss-protection': 'Missing'}
[11:43:56][WARNING] detection-advanced:  => anomaly => storage_error => Message: invalid cookie domain
  (Session info: chrome=135.0.7019.0)
Stacktrace:
#0 0x5648e71be0b6 <unknown>
#1 0x5648ea446ce8 <unknown>
#2 0x5648ea40b7c9 <unknown>
#3 0x5648e72cae80 <unknown>
#4 0x5648e7441b90 <unknown>
#5 0x5648e73d1a25 <unknown>
#6 0x5648e742658e <unknown>
#7 0x5648e74255d9 <unknown>
#8 0x5648e73d4b62 <unknown>
#9 0x5648e736efc9 <unknown>
#10 0x5648e736bb21 <unknown>
#11 0x5648e736e66d <unknown>
#12 0x5648e728ad67 <unknown>
#13 0x5648ea23fbac <unknown>
#14 0x5648ea301dd2 <unknown>
#15 0x5648ea3001bc <unknown>
#16 0x5648ea3030eb <unknown>
#17 0x5648ea281459 <unknown>
#18 0x5648ea3043f0 <unknown>
#19 0x5648ea200a31 <unknown>
#20 0x5648ea3b395c <unknown>
#21 0x5648ea3b41e0 <unknown>
#22 0x5648ea3f9ada <unknown>
#23 0x5648e7214b87 <unknown>
#24 0x717703494ac3 <unknown>
#25 0x717703526850 <unknown>

[11:43:56][WARNING] detection-advanced:  => anomaly => mouseover_event_failed => Mouseover event handler not executed on element
[11:43:56][WARNING] detection-advanced:  => anomaly => missing_lang_attribute => The 'lang' attribute is missing from the <html> tag.
[11:43:56][WARNING] detection-advanced:  => anomaly => potential_xss_in_html => [{'pattern': '<script[^>]*>[^<]*</script>', 'match': "<script>console.log('recursive script at step 0');</script>"}, {'pattern': '<script[^>]*>[^<]*</script>', 'match': '<script data-uncovered-attr="fuzz" onerror="triggerFuzz()">console.log(\'recursive script at step 0\');</script>'}, {'pattern': '<script[^>]*>[^<]*</script>', 'match': "<script>console.log('recursive script at step 0');</script>"}, {'pattern': '<script[^>]*>[^<]*</script>', 'match': '<script>function triggerFuzz() {}</script>'}, {'pattern': '<script[^>]*>[^<]*</script>', 'match': '<script async="">\n        window.__jsCoverage = new Proxy({}, {\n            get(t, p) { return t[p] || 0 },\n            set(t, p, v) { t[p] = (t[p] || 0) + 1; return true }\n        });\n        </script>'}, {'pattern': '<script[^>]*>[^<]*</script>', 'match': '<script data-uncovered-attr="fuzz" onabort="triggerFuzz()">console.log(\'recursive script at step 0\');</script>'}, {'pattern': '<script[^>]*>[^<]*</script>', 'match': "<script>console.log('recursive script at step 0');</script>"}, {'pattern': '<script[^>]*>[^<]*</script>', 'match': '<script data-uncovered-attr="fuzz" onabort="triggerFuzz()">console.log(\'recursive script at step 0\');</script>'}, {'pattern': '<script[^>]*>[^<]*</script>', 'match': "<script>console.log('recursive script at step 0');</script>"}, {'pattern': '<script[^>]*>[^<]*</script>', 'match': '<script data-uncovered-attr="fuzz" onabort="triggerFuzz()">console.log(\'recursive script at step 0\');</script>'}, {'pattern': '<script[^>]*>[^<]*</script>', 'match': "<script>console.log('recursive script at step 0');</script>"}, {'pattern': '<script[^>]*>[^<]*</script>', 'match': '<script data-uncovered-attr="fuzz" onerror="triggerFuzz()">console.log(\'recursive script at step 0\');</script>'}, {'pattern': '<script[^>]*>[^<]*</script>', 'match': "<script>console.log('recursive script at step 0');</script>"}, {'pattern': '<script[^>]*>[^<]*</script>', 'match': '<script data-uncovered-attr="fuzz" onabort="triggerFuzz()">console.log(\'recursive script at step 0\');</script>'}, {'pattern': '<script[^>]*>[^<]*</script>', 'match': "<script>console.log('recursive script at step 0');</script>"}, {'pattern': '<script[^>]*>[^<]*</script>', 'match': '<script data-uncovered-attr="fuzz" onabort="triggerFuzz()">console.log(\'recursive script at step 0\');</script>'}, {'pattern': '<script[^>]*>[^<]*</script>', 'match': "<script>console.log('recursive script at step 0');</script>"}, {'pattern': '<script[^>]*>[^<]*</script>', 'match': '<script data-uncovered-attr="fuzz" onabort="triggerFuzz()">console.log(\'recursive script at step 0\');</script>'}, {'pattern': '<script[^>]*>[^<]*</script>', 'match': "<script>console.log('recursive script at step 0');</script>"}, {'pattern': '<script[^>]*>[^<]*</script>', 'match': "<script>console.log('recursive script at step 0');</script>"}, {'pattern': '<script[^>]*>[^<]*</script>', 'match': '<script data-uncovered-attr="fuzz" onabort="triggerFuzz()">console.log(\'recursive script at step 0\');</script>'}, {'pattern': '<script[^>]*>[^<]*</script>', 'match': "<script>console.log('recursive script at step 0');</script>"}, {'pattern': '<script[^>]*>[^<]*</script>', 'match': '<script data-uncovered-attr="fuzz" onblur="triggerFuzz()">console.log(\'recursive script at step 0\');</script>'}, {'pattern': '<script[^>]*>[^<]*</script>', 'match': "<script>console.log('recursive script at step 0');</script>"}, {'pattern': '<script[^>]*>[^<]*</script>', 'match': '<script data-uncovered-attr="fuzz" onabort="triggerFuzz()">console.log(\'recursive script at step 0\');</script>'}, {'pattern': '<script[^>]*>[^<]*</script>', 'match': "<script>console.log('recursive script at step 0');</script>"}, {'pattern': '<script[^>]*>[^<]*</script>', 'match': '<script data-uncovered-attr="fuzz" onabort="triggerFuzz()">console.log(\'recursive script at step 0\');</script>'}, {'pattern': '<script[^>]*>[^<]*</script>', 'match': "<script>console.log('recursive script at step 0');</script>"}, {'pattern': '<script[^>]*>[^<]*</script>', 'match': '<script data-uncovered-attr="fuzz" onerror="triggerFuzz()">console.log(\'recursive script at step 0\');</script>'}, {'pattern': '<script[^>]*>[^<]*</script>', 'match': "<script>console.log('recursive script at step 0');</script>"}, {'pattern': '<script[^>]*>[^<]*</script>', 'match': '<script data-uncovered-attr="fuzz" onblur="triggerFuzz()">console.log(\'recursive script at step 0\');</script>'}, {'pattern': '<script[^>]*>[^<]*</script>', 'match': "<script>console.log('recursive script at step 0');</script>"}, {'pattern': '<script[^>]*>[^<]*</script>', 'match': '<script data-uncovered-attr="fuzz" onerror="triggerFuzz()">console.log(\'recursive script at step 0\');</script>'}, {'pattern': '<script[^>]*>[^<]*</script>', 'match': "<script>console.log('recursive script at step 0');</script>"}, {'pattern': '<script[^>]*>[^<]*</script>', 'match': '<script data-uncovered-attr="fuzz" onabort="triggerFuzz()">console.log(\'recursive script at step 0\');</script>'}, {'pattern': '<script[^>]*>[^<]*</script>', 'match': "<script>console.log('recursive script at step 0');</script>"}]
[11:43:56][INFO] detection-advanced: Finished => mutated_0001.html, took 136.93s
[11:43:56][DEBUG] detection-advanced: [write_coverage_summary] self.coverage_map keys: dict_keys(['mutated_0001.html'])
[11:43:56][DEBUG] detection-advanced: [write_coverage_summary] Processing file: mutated_0001.html, Coverage Data: [{'functions': [{'functionName': '', 'isBlockCoverage': False, 'ranges': [{'count': 1, 'endOffset': 1, 'startOffset': 0}]}], 'scriptId': '487', 'url': ''}, {'functions': [{'functionName': '', 'isBlockCoverage': False, 'ranges': [{'count': 1, 'endOffset': 1, 'startOffset': 0}]}], 'scriptId': '488', 'url': ''}, {'functions': [{'functionName': '', 'isBlockCoverage': False, 'ranges': [{'count': 1, 'endOffset': 1, 'startOffset': 0}]}], 'scriptId': '489', 'url': ''}, {'functions': [{'functionName': '', 'isBlockCoverage': False, 'ranges': [{'count': 1, 'endOffset': 1, 'startOffset': 0}]}], 'scriptId': '490', 'url': ''}, {'functions': [{'functionName': '', 'isBlockCoverage': False, 'ranges': [{'count': 1, 'endOffset': 13937, 'startOffset': 0}]}, {'functionName': '', 'isBlockCoverage': False, 'ranges': [{'count': 1, 'endOffset': 13936, 'startOffset': 1}]}, {'functionName': '', 'isBlockCoverage': False, 'ranges': [{'count': 1, 'endOffset': 12985, 'startOffset': 21}]}, {'functionName': 'newError', 'isBlockCoverage': False, 'ranges': [{'count': 0, 'endOffset': 1616, 'startOffset': 1507}]}, {'functionName': 'isNodeReachable', 'isBlockCoverage': False, 'ranges': [{'count': 0, 'endOffset': 1881, 'startOffset': 1618}]}, {'functionName': 'getNodeRoot', 'isBlockCoverage': False, 'ranges': [{'count': 0, 'endOffset': 2250, 'startOffset': 2137}]}, {'functionName': 'getNodeRootThroughAnyShadows', 'isBlockCoverage': False, 'ranges': [{'count': 0, 'endOffset': 2548, 'startOffset': 2354}]}, {'functionName': 'isElement', 'isBlockCoverage': False, 'ranges': [{'count': 0, 'endOffset': 3660, 'startOffset': 2716}]}, {'functionName': 'isCollection', 'isBlockCoverage': False, 'ranges': [{'count': 1, 'endOffset': 4114, 'startOffset': 3876}]}, {'functionName': 'cloneWithAlgorithm', 'isBlockCoverage': False, 'ranges': [{'count': 1, 'endOffset': 5281, 'startOffset': 4622}]}, {'functionName': 'maybeCopyProperty', 'isBlockCoverage': False, 'ranges': [{'count': 1, 'endOffset': 4949, 'startOffset': 4697}]}, {'functionName': 'cloneWithCircularCheck', 'isBlockCoverage': False, 'ranges': [{'count': 0, 'endOffset': 5981, 'startOffset': 5710}]}, {'functionName': 'serializationGuard', 'isBlockCoverage': False, 'ranges': [{'count': 0, 'endOffset': 6684, 'startOffset': 6037}]}, {'functionName': 'preprocessResult', 'isBlockCoverage': False, 'ranges': [{'count': 1, 'endOffset': 8931, 'startOffset': 7053}]}, {'functionName': 'resolveReferencesRecursive', 'isBlockCoverage': False, 'ranges': [{'count': 1, 'endOffset': 10157, 'startOffset': 9315}]}, {'functionName': 'resolveReferences', 'isBlockCoverage': False, 'ranges': [{'count': 1, 'endOffset': 10953, 'startOffset': 10467}]}, {'functionName': 'callFunction', 'isBlockCoverage': False, 'ranges': [{'count': 1, 'endOffset': 12938, 'startOffset': 11809}]}, {'functionName': 'buildError', 'isBlockCoverage': False, 'ranges': [{'count': 0, 'endOffset': 12232, 'startOffset': 11935}]}, {'functionName': '', 'isBlockCoverage': False, 'ranges': [{'count': 1, 'endOffset': 12845, 'startOffset': 12567}]}, {'functionName': '', 'isBlockCoverage': False, 'ranges': [{'count': 1, 'endOffset': 13888, 'startOffset': 13001}]}, {'functionName': 'executeScript', 'isBlockCoverage': False, 'ranges': [{'count': 1, 'endOffset': 13840, 'startOffset': 13477}]}], 'scriptId': '491', 'url': ''}, {'functions': [{'functionName': '', 'isBlockCoverage': False, 'ranges': [{'count': 1, 'endOffset': 69, 'startOffset': 0}]}, {'functionName': '', 'isBlockCoverage': False, 'ranges': [{'count': 1, 'endOffset': 68, 'startOffset': 1}]}, {'functionName': '', 'isBlockCoverage': False, 'ranges': [{'count': 1, 'endOffset': 66, 'startOffset': 32}]}], 'scriptId': '492', 'url': ''}, {'functions': [{'functionName': '', 'isBlockCoverage': False, 'ranges': [{'count': 1, 'endOffset': 1, 'startOffset': 0}]}], 'scriptId': '493', 'url': ''}, {'functions': [{'functionName': '', 'isBlockCoverage': False, 'ranges': [{'count': 1, 'endOffset': 1, 'startOffset': 0}]}], 'scriptId': '494', 'url': ''}]
[11:43:56][INFO] detection-advanced: [COVERAGE] coverage_summary => /home/dhia/browser-fuzzer/Dissertation/logger/run_20250402_114135/round_001/crash_results/coverage_summary.json
[11:43:56][INFO] detection-advanced: [REPORT] Text report generated: /home/dhia/browser-fuzzer/Dissertation/logger/run_20250402_114135/round_001/crash_results/reports/full_report.txt
[11:43:57][INFO] detection-advanced: [REPORT] JSON report generated: /home/dhia/browser-fuzzer/Dissertation/logger/run_20250402_114135/round_001/crash_results/reports/detailed_report.json

+-----------------+---------+
| Metric          |   Value |
|-----------------+---------|
| Total Tests     |       1 |
| Passed          |       0 |
| Failed          |       1 |
| Critical Issues |       0 |
| High Severity   |       0 |
| Medium Severity |       0 |
| Low Severity    |       0 |
| Info            |       1 |
+-----------------+---------+
[11:43:57][INFO] detection-advanced: Cleaning up 0 temporary files
[11:43:57][INFO] detection-advanced: System cleanup completed
