[01:12:03][INFO] mutation-deterministic: [ADV-DETERMINISTIC] Using forced seeds => A=/home/dhia/browser-fuzzer/Dissertation/tests/testing_seeds/combined/complex/trigger2.html, B=/home/dhia/browser-fuzzer/Dissertation/tests/testing_seeds/combined/complex/trigger1.html
[01:12:03][WARNING] mutation-deterministic: Complexity validation failed, enforcing aggressive mutations.
[01:12:03][WARNING] mutation-deterministic: Script content contains HTML; removing invalid JS.
[01:12:03][WARNING] mutation-deterministic: Script content contains HTML; removing invalid JS.
[01:12:03][WARNING] mutation-deterministic: Script content contains HTML; removing invalid JS.
[01:12:03][WARNING] mutation-deterministic: Script content contains HTML; removing invalid JS.
[01:12:03][WARNING] mutation-deterministic: Script content contains HTML; removing invalid JS.
[01:12:03][WARNING] mutation-deterministic: Script content contains HTML; removing invalid JS.
[01:12:03][WARNING] mutation-deterministic: Script content contains HTML; removing invalid JS.
[01:12:03][WARNING] mutation-deterministic: Script content contains HTML; removing invalid JS.
[01:12:03][WARNING] mutation-deterministic: Script content contains HTML; removing invalid JS.
[01:12:03][WARNING] mutation-deterministic: Script content contains HTML; removing invalid JS.
[01:12:04][WARNING] mutation-deterministic: Invalid JavaScript detected: Line 1: Unexpected token <
[01:12:04][INFO] mutation-deterministic: Generated advanced deterministic mutation 1 => /home/dhia/browser-fuzzer/Dissertation/logger/run_20250318_011201/round_001/mutations/mutated_0001.html
[01:12:07][WARNING] mutation-deterministic: Complexity validation failed, enforcing aggressive mutations.
[01:12:14][WARNING] mutation-deterministic: Invalid JavaScript detected: Line 1: Unexpected token <
[01:12:14][WARNING] mutation-deterministic: Script content contains HTML; removing invalid JS.
[01:12:14][WARNING] mutation-deterministic: Script content contains HTML; removing invalid JS.
[01:12:14][WARNING] mutation-deterministic: Script content contains HTML; removing invalid JS.
[01:12:14][WARNING] mutation-deterministic: Script content contains HTML; removing invalid JS.
[01:12:14][WARNING] mutation-deterministic: Script content contains HTML; removing invalid JS.
[01:12:14][WARNING] mutation-deterministic: Script content contains HTML; removing invalid JS.
[01:12:14][WARNING] mutation-deterministic: Script content contains HTML; removing invalid JS.
[01:12:14][WARNING] mutation-deterministic: Script content contains HTML; removing invalid JS.
[01:12:14][WARNING] mutation-deterministic: Script content contains HTML; removing invalid JS.
[01:12:14][WARNING] mutation-deterministic: Script content contains HTML; removing invalid JS.
[01:12:14][WARNING] mutation-deterministic: Script content contains HTML; removing invalid JS.
[01:12:14][WARNING] mutation-deterministic: Script content contains HTML; removing invalid JS.
[01:12:14][WARNING] mutation-deterministic: Script content contains HTML; removing invalid JS.
[01:12:14][WARNING] mutation-deterministic: Script content contains HTML; removing invalid JS.
[01:12:14][WARNING] mutation-deterministic: Script content contains HTML; removing invalid JS.
[01:12:14][WARNING] mutation-deterministic: Script content contains HTML; removing invalid JS.
[01:12:14][WARNING] mutation-deterministic: Script content contains HTML; removing invalid JS.
[01:12:14][WARNING] mutation-deterministic: Script content contains HTML; removing invalid JS.
[01:12:14][WARNING] mutation-deterministic: Script content contains HTML; removing invalid JS.
[01:12:14][WARNING] mutation-deterministic: Script content contains HTML; removing invalid JS.
[01:12:14][WARNING] mutation-deterministic: Script content contains HTML; removing invalid JS.
[01:12:14][WARNING] mutation-deterministic: Script content contains HTML; removing invalid JS.
[01:12:14][WARNING] mutation-deterministic: Script content contains HTML; removing invalid JS.
[01:12:14][WARNING] mutation-deterministic: Script content contains HTML; removing invalid JS.
[01:12:14][WARNING] mutation-deterministic: Script content contains HTML; removing invalid JS.
[01:12:14][WARNING] mutation-deterministic: Script content contains HTML; removing invalid JS.
[01:12:14][WARNING] mutation-deterministic: Script content contains HTML; removing invalid JS.
[01:12:14][WARNING] mutation-deterministic: Script content contains HTML; removing invalid JS.
[01:12:14][WARNING] mutation-deterministic: Script content contains HTML; removing invalid JS.
[01:12:14][WARNING] mutation-deterministic: Script content contains HTML; removing invalid JS.
[01:12:14][WARNING] mutation-deterministic: Script content contains HTML; removing invalid JS.
[01:12:14][WARNING] mutation-deterministic: Script content contains HTML; removing invalid JS.
[01:12:14][WARNING] mutation-deterministic: Script content contains HTML; removing invalid JS.
[01:12:14][WARNING] mutation-deterministic: Script content contains HTML; removing invalid JS.
[01:12:14][WARNING] mutation-deterministic: Script content contains HTML; removing invalid JS.
[01:12:14][WARNING] mutation-deterministic: Script content contains HTML; removing invalid JS.
[01:12:14][WARNING] mutation-deterministic: Script content contains HTML; removing invalid JS.
[01:12:14][WARNING] mutation-deterministic: Script content contains HTML; removing invalid JS.
[01:12:14][WARNING] mutation-deterministic: Script content contains HTML; removing invalid JS.
[01:12:14][WARNING] mutation-deterministic: Script content contains HTML; removing invalid JS.
[01:12:14][WARNING] mutation-deterministic: Script content contains HTML; removing invalid JS.
[01:12:14][WARNING] mutation-deterministic: Script content contains HTML; removing invalid JS.
[01:12:14][WARNING] mutation-deterministic: Script content contains HTML; removing invalid JS.
[01:12:14][WARNING] mutation-deterministic: Script content contains HTML; removing invalid JS.
[01:12:14][WARNING] mutation-deterministic: Script content contains HTML; removing invalid JS.
[01:12:14][WARNING] mutation-deterministic: Script content contains HTML; removing invalid JS.
[01:12:14][WARNING] mutation-deterministic: Script content contains HTML; removing invalid JS.
[01:12:14][WARNING] mutation-deterministic: Script content contains HTML; removing invalid JS.
[01:12:14][WARNING] mutation-deterministic: Script content contains HTML; removing invalid JS.
[01:12:14][WARNING] mutation-deterministic: Script content contains HTML; removing invalid JS.
[01:12:14][WARNING] mutation-deterministic: Script content contains HTML; removing invalid JS.
[01:12:14][WARNING] mutation-deterministic: Script content contains HTML; removing invalid JS.
[01:12:14][WARNING] mutation-deterministic: Script content contains HTML; removing invalid JS.
[01:12:14][WARNING] mutation-deterministic: Script content contains HTML; removing invalid JS.
[01:12:14][WARNING] mutation-deterministic: Script content contains HTML; removing invalid JS.
[01:12:14][WARNING] mutation-deterministic: Script content contains HTML; removing invalid JS.
[01:12:14][WARNING] mutation-deterministic: Script content contains HTML; removing invalid JS.
[01:12:14][WARNING] mutation-deterministic: Script content contains HTML; removing invalid JS.
[01:12:14][WARNING] mutation-deterministic: Script content contains HTML; removing invalid JS.
[01:12:14][WARNING] mutation-deterministic: Script content contains HTML; removing invalid JS.
[01:12:14][WARNING] mutation-deterministic: Script content contains HTML; removing invalid JS.
[01:12:14][WARNING] mutation-deterministic: Script content contains HTML; removing invalid JS.
[01:12:14][WARNING] mutation-deterministic: Script content contains HTML; removing invalid JS.
[01:12:14][WARNING] mutation-deterministic: Script content contains HTML; removing invalid JS.
[01:12:14][WARNING] mutation-deterministic: Invalid JavaScript detected: Line 1: Unexpected token <
[01:12:14][WARNING] mutation-deterministic: Invalid JavaScript detected: Line 1: Unexpected token <
[01:12:14][WARNING] mutation-deterministic: Invalid JavaScript detected: Line 1: Unexpected token <
[01:12:14][WARNING] mutation-deterministic: Invalid JavaScript detected: Line 9: Unexpected token <
[01:12:14][WARNING] mutation-deterministic: Invalid JavaScript detected: Line 45: Unexpected token <
[01:12:14][WARNING] mutation-deterministic: Invalid JavaScript detected: Line 1: Unexpected token <
[01:12:14][WARNING] mutation-deterministic: Invalid JavaScript detected: Line 1: Unexpected token <
[01:12:14][WARNING] mutation-deterministic: Invalid JavaScript detected: Line 1: Unexpected token <
[01:12:14][WARNING] mutation-deterministic: Invalid JavaScript detected: Line 1: Unexpected token <
[01:12:14][WARNING] mutation-deterministic: Invalid JavaScript detected: Line 1: Unexpected token <
[01:12:14][WARNING] mutation-deterministic: Invalid JavaScript detected: Line 1: Unexpected token <
[01:12:14][WARNING] mutation-deterministic: Script content contains HTML; removing invalid JS.
[01:12:14][WARNING] mutation-deterministic: Script content contains HTML; removing invalid JS.
[01:12:14][WARNING] mutation-deterministic: Script content contains HTML; removing invalid JS.
[01:12:14][WARNING] mutation-deterministic: Script content contains HTML; removing invalid JS.
[01:12:14][WARNING] mutation-deterministic: Script content contains HTML; removing invalid JS.
[01:12:14][WARNING] mutation-deterministic: Script content contains HTML; removing invalid JS.
[01:12:14][WARNING] mutation-deterministic: Script content contains HTML; removing invalid JS.
[01:12:14][WARNING] mutation-deterministic: Script content contains HTML; removing invalid JS.
[01:12:14][WARNING] mutation-deterministic: Script content contains HTML; removing invalid JS.
[01:12:14][WARNING] mutation-deterministic: Script content contains HTML; removing invalid JS.
[01:12:14][WARNING] mutation-deterministic: Script content contains HTML; removing invalid JS.
[01:12:14][WARNING] mutation-deterministic: Script content contains HTML; removing invalid JS.
[01:12:14][WARNING] mutation-deterministic: Script content contains HTML; removing invalid JS.
[01:12:14][WARNING] mutation-deterministic: Script content contains HTML; removing invalid JS.
[01:12:14][WARNING] mutation-deterministic: Script content contains HTML; removing invalid JS.
[01:12:14][WARNING] mutation-deterministic: Script content contains HTML; removing invalid JS.
[01:12:14][WARNING] mutation-deterministic: Script content contains HTML; removing invalid JS.
[01:12:14][WARNING] mutation-deterministic: Script content contains HTML; removing invalid JS.
[01:12:14][WARNING] mutation-deterministic: Script content contains HTML; removing invalid JS.
[01:12:14][WARNING] mutation-deterministic: Script content contains HTML; removing invalid JS.
[01:12:14][WARNING] mutation-deterministic: Script content contains HTML; removing invalid JS.
[01:12:14][WARNING] mutation-deterministic: Script content contains HTML; removing invalid JS.
[01:12:14][WARNING] mutation-deterministic: Script content contains HTML; removing invalid JS.
[01:12:14][WARNING] mutation-deterministic: Script content contains HTML; removing invalid JS.
[01:12:14][WARNING] mutation-deterministic: Script content contains HTML; removing invalid JS.
[01:12:14][WARNING] mutation-deterministic: Script content contains HTML; removing invalid JS.
[01:12:14][WARNING] mutation-deterministic: Script content contains HTML; removing invalid JS.
[01:12:14][WARNING] mutation-deterministic: Script content contains HTML; removing invalid JS.
[01:12:14][WARNING] mutation-deterministic: Script content contains HTML; removing invalid JS.
[01:12:14][WARNING] mutation-deterministic: Script content contains HTML; removing invalid JS.
[01:12:14][WARNING] mutation-deterministic: Script content contains HTML; removing invalid JS.
[01:12:14][WARNING] mutation-deterministic: Script content contains HTML; removing invalid JS.
[01:12:14][WARNING] mutation-deterministic: Script content contains HTML; removing invalid JS.
[01:12:14][WARNING] mutation-deterministic: Script content contains HTML; removing invalid JS.
[01:12:14][WARNING] mutation-deterministic: Script content contains HTML; removing invalid JS.
[01:12:14][WARNING] mutation-deterministic: Script content contains HTML; removing invalid JS.
[01:12:14][WARNING] mutation-deterministic: Script content contains HTML; removing invalid JS.
[01:12:14][WARNING] mutation-deterministic: Script content contains HTML; removing invalid JS.
[01:12:14][WARNING] mutation-deterministic: Script content contains HTML; removing invalid JS.
[01:12:14][WARNING] mutation-deterministic: Script content contains HTML; removing invalid JS.
[01:12:14][WARNING] mutation-deterministic: Script content contains HTML; removing invalid JS.
[01:12:14][WARNING] mutation-deterministic: Script content contains HTML; removing invalid JS.
[01:12:14][WARNING] mutation-deterministic: Invalid JavaScript detected: Line 1: Unexpected token <
[01:12:14][WARNING] mutation-deterministic: Invalid JavaScript detected: Line 1: Unexpected token <
[01:12:14][WARNING] mutation-deterministic: Invalid JavaScript detected: Line 1: Unexpected token <
[01:12:14][WARNING] mutation-deterministic: Invalid JavaScript detected: Line 1: Unexpected token <
[01:12:14][WARNING] mutation-deterministic: Invalid JavaScript detected: Line 1: Unexpected token <
[01:12:14][WARNING] mutation-deterministic: Invalid JavaScript detected: Line 1: Unexpected token <
[01:12:14][WARNING] mutation-deterministic: Script content contains HTML; removing invalid JS.
[01:12:14][WARNING] mutation-deterministic: Script content contains HTML; removing invalid JS.
[01:12:14][WARNING] mutation-deterministic: Script content contains HTML; removing invalid JS.
[01:12:14][WARNING] mutation-deterministic: Script content contains HTML; removing invalid JS.
[01:12:14][WARNING] mutation-deterministic: Script content contains HTML; removing invalid JS.
[01:12:14][WARNING] mutation-deterministic: Script content contains HTML; removing invalid JS.
[01:12:14][WARNING] mutation-deterministic: Script content contains HTML; removing invalid JS.
[01:12:14][WARNING] mutation-deterministic: Script content contains HTML; removing invalid JS.
[01:12:14][WARNING] mutation-deterministic: Script content contains HTML; removing invalid JS.
[01:12:14][WARNING] mutation-deterministic: Script content contains HTML; removing invalid JS.
[01:12:14][WARNING] mutation-deterministic: Script content contains HTML; removing invalid JS.
[01:12:14][WARNING] mutation-deterministic: Script content contains HTML; removing invalid JS.
[01:12:14][WARNING] mutation-deterministic: Script content contains HTML; removing invalid JS.
[01:12:14][WARNING] mutation-deterministic: Script content contains HTML; removing invalid JS.
[01:12:14][WARNING] mutation-deterministic: Script content contains HTML; removing invalid JS.
[01:12:14][WARNING] mutation-deterministic: Script content contains HTML; removing invalid JS.
[01:12:14][WARNING] mutation-deterministic: Script content contains HTML; removing invalid JS.
[01:12:14][WARNING] mutation-deterministic: Script content contains HTML; removing invalid JS.
[01:12:14][WARNING] mutation-deterministic: Script content contains HTML; removing invalid JS.
[01:12:14][WARNING] mutation-deterministic: Script content contains HTML; removing invalid JS.
[01:12:14][WARNING] mutation-deterministic: Script content contains HTML; removing invalid JS.
[01:12:14][WARNING] mutation-deterministic: Script content contains HTML; removing invalid JS.
[01:12:14][WARNING] mutation-deterministic: Script content contains HTML; removing invalid JS.
[01:12:14][WARNING] mutation-deterministic: Script content contains HTML; removing invalid JS.
[01:12:14][WARNING] mutation-deterministic: Script content contains HTML; removing invalid JS.
[01:12:14][WARNING] mutation-deterministic: Script content contains HTML; removing invalid JS.
[01:12:14][WARNING] mutation-deterministic: Script content contains HTML; removing invalid JS.
[01:12:14][WARNING] mutation-deterministic: Script content contains HTML; removing invalid JS.
[01:12:14][WARNING] mutation-deterministic: Script content contains HTML; removing invalid JS.
[01:12:14][WARNING] mutation-deterministic: Script content contains HTML; removing invalid JS.
[01:12:14][WARNING] mutation-deterministic: Script content contains HTML; removing invalid JS.
[01:12:14][WARNING] mutation-deterministic: Script content contains HTML; removing invalid JS.
[01:12:14][WARNING] mutation-deterministic: Script content contains HTML; removing invalid JS.
[01:12:14][WARNING] mutation-deterministic: Script content contains HTML; removing invalid JS.
[01:12:14][WARNING] mutation-deterministic: Script content contains HTML; removing invalid JS.
[01:12:14][WARNING] mutation-deterministic: Script content contains HTML; removing invalid JS.
[01:12:14][WARNING] mutation-deterministic: Script content contains HTML; removing invalid JS.
[01:12:14][WARNING] mutation-deterministic: Script content contains HTML; removing invalid JS.
[01:12:14][WARNING] mutation-deterministic: Script content contains HTML; removing invalid JS.
[01:12:14][WARNING] mutation-deterministic: Script content contains HTML; removing invalid JS.
[01:12:14][WARNING] mutation-deterministic: Script content contains HTML; removing invalid JS.
[01:12:14][WARNING] mutation-deterministic: Script content contains HTML; removing invalid JS.
[01:12:14][WARNING] mutation-deterministic: Script content contains HTML; removing invalid JS.
[01:12:14][WARNING] mutation-deterministic: Script content contains HTML; removing invalid JS.
[01:12:14][WARNING] mutation-deterministic: Script content contains HTML; removing invalid JS.
[01:12:14][WARNING] mutation-deterministic: Script content contains HTML; removing invalid JS.
[01:12:14][WARNING] mutation-deterministic: Script content contains HTML; removing invalid JS.
[01:12:14][WARNING] mutation-deterministic: Script content contains HTML; removing invalid JS.
[01:12:14][WARNING] mutation-deterministic: Script content contains HTML; removing invalid JS.
[01:12:14][WARNING] mutation-deterministic: Script content contains HTML; removing invalid JS.
[01:12:14][WARNING] mutation-deterministic: Script content contains HTML; removing invalid JS.
[01:12:14][WARNING] mutation-deterministic: Script content contains HTML; removing invalid JS.
[01:12:14][WARNING] mutation-deterministic: Script content contains HTML; removing invalid JS.
[01:12:14][WARNING] mutation-deterministic: Script content contains HTML; removing invalid JS.
[01:12:14][WARNING] mutation-deterministic: Script content contains HTML; removing invalid JS.
[01:12:14][WARNING] mutation-deterministic: Script content contains HTML; removing invalid JS.
[01:12:14][WARNING] mutation-deterministic: Script content contains HTML; removing invalid JS.
[01:12:14][WARNING] mutation-deterministic: Script content contains HTML; removing invalid JS.
[01:12:14][WARNING] mutation-deterministic: Script content contains HTML; removing invalid JS.
[01:12:14][WARNING] mutation-deterministic: Script content contains HTML; removing invalid JS.
[01:12:14][WARNING] mutation-deterministic: Script content contains HTML; removing invalid JS.
[01:12:14][WARNING] mutation-deterministic: Script content contains HTML; removing invalid JS.
[01:12:14][WARNING] mutation-deterministic: Script content contains HTML; removing invalid JS.
[01:12:14][WARNING] mutation-deterministic: Invalid JavaScript detected: Line 1: Unexpected token <
[01:12:14][WARNING] mutation-deterministic: Invalid JavaScript detected: Line 1: Unexpected token <
[01:12:14][WARNING] mutation-deterministic: Invalid JavaScript detected: Line 1: Unexpected token <
[01:12:14][WARNING] mutation-deterministic: Invalid JavaScript detected: Line 1: Unexpected token <
[01:12:14][WARNING] mutation-deterministic: Invalid JavaScript detected: Line 1: Unexpected token <
[01:12:14][WARNING] mutation-deterministic: Script content contains HTML; removing invalid JS.
[01:12:14][WARNING] mutation-deterministic: Invalid JavaScript detected: Line 1: Unexpected token <
[01:12:14][WARNING] mutation-deterministic: Invalid JavaScript detected: Line 1: Unexpected token <
[01:12:14][WARNING] mutation-deterministic: Invalid JavaScript detected: Line 1: Unexpected token <
[01:12:14][WARNING] mutation-deterministic: Invalid JavaScript detected: Line 1: Unexpected token <
[01:12:14][WARNING] mutation-deterministic: Invalid JavaScript detected: Line 1: Unexpected token <
[01:12:14][WARNING] mutation-deterministic: Script content contains HTML; removing invalid JS.
[01:12:14][WARNING] mutation-deterministic: Invalid JavaScript detected: Line 1: Unexpected token <
[01:12:14][WARNING] mutation-deterministic: Invalid JavaScript detected: Line 1: Unexpected token <
[01:12:14][WARNING] mutation-deterministic: Invalid JavaScript detected: Line 1: Unexpected token <
[01:12:14][WARNING] mutation-deterministic: Invalid JavaScript detected: Line 1: Unexpected token <
[01:12:14][WARNING] mutation-deterministic: Script content contains HTML; removing invalid JS.
[01:12:14][WARNING] mutation-deterministic: Script content contains HTML; removing invalid JS.
[01:12:14][WARNING] mutation-deterministic: Script content contains HTML; removing invalid JS.
[01:12:14][WARNING] mutation-deterministic: Script content contains HTML; removing invalid JS.
[01:12:14][WARNING] mutation-deterministic: Script content contains HTML; removing invalid JS.
[01:12:14][WARNING] mutation-deterministic: Script content contains HTML; removing invalid JS.
[01:12:14][WARNING] mutation-deterministic: Script content contains HTML; removing invalid JS.
[01:12:14][WARNING] mutation-deterministic: Script content contains HTML; removing invalid JS.
[01:12:14][WARNING] mutation-deterministic: Script content contains HTML; removing invalid JS.
[01:12:14][WARNING] mutation-deterministic: Script content contains HTML; removing invalid JS.
[01:12:14][WARNING] mutation-deterministic: Script content contains HTML; removing invalid JS.
[01:12:14][WARNING] mutation-deterministic: Script content contains HTML; removing invalid JS.
[01:12:14][WARNING] mutation-deterministic: Script content contains HTML; removing invalid JS.
[01:12:14][WARNING] mutation-deterministic: Script content contains HTML; removing invalid JS.
[01:12:14][WARNING] mutation-deterministic: Invalid JavaScript detected: Line 1: Unexpected token <
[01:12:14][WARNING] mutation-deterministic: Invalid JavaScript detected: Line 1: Unexpected token <
[01:12:14][WARNING] mutation-deterministic: Script content contains HTML; removing invalid JS.
[01:12:14][WARNING] mutation-deterministic: Invalid JavaScript detected: Line 1: Unexpected token <
[01:12:14][WARNING] mutation-deterministic: Invalid JavaScript detected: Line 1: Unexpected token <
[01:12:14][WARNING] mutation-deterministic: Invalid JavaScript detected: Line 1: Unexpected token <
[01:12:14][WARNING] mutation-deterministic: Invalid JavaScript detected: Line 1: Unexpected token <
[01:12:14][WARNING] mutation-deterministic: Invalid JavaScript detected: Line 1: Unexpected token <
[01:12:14][WARNING] mutation-deterministic: Invalid JavaScript detected: Line 1: Unexpected token <
[01:12:14][WARNING] mutation-deterministic: Invalid JavaScript detected: Line 1: Unexpected token <
[01:12:14][WARNING] mutation-deterministic: Invalid JavaScript detected: Line 1: Unexpected token <
[01:12:14][WARNING] mutation-deterministic: Invalid JavaScript detected: Line 1: Unexpected token <
[01:12:14][WARNING] mutation-deterministic: Invalid JavaScript detected: Line 1: Unexpected token <
[01:12:14][WARNING] mutation-deterministic: Invalid JavaScript detected: Line 1: Unexpected token <
[01:12:14][WARNING] mutation-deterministic: Invalid JavaScript detected: Line 1: Unexpected token <
[01:12:14][WARNING] mutation-deterministic: Invalid JavaScript detected: Line 1: Unexpected token <
[01:12:14][WARNING] mutation-deterministic: Script content contains HTML; removing invalid JS.
[01:12:14][WARNING] mutation-deterministic: Script content contains HTML; removing invalid JS.
[01:12:14][WARNING] mutation-deterministic: Script content contains HTML; removing invalid JS.
[01:12:14][WARNING] mutation-deterministic: Script content contains HTML; removing invalid JS.
[01:12:14][WARNING] mutation-deterministic: Script content contains HTML; removing invalid JS.
[01:12:14][WARNING] mutation-deterministic: Script content contains HTML; removing invalid JS.
[01:12:14][WARNING] mutation-deterministic: Script content contains HTML; removing invalid JS.
[01:12:14][WARNING] mutation-deterministic: Script content contains HTML; removing invalid JS.
[01:12:14][WARNING] mutation-deterministic: Invalid JavaScript detected: Line 1: Unexpected token <
[01:12:14][WARNING] mutation-deterministic: Script content contains HTML; removing invalid JS.
[01:12:14][WARNING] mutation-deterministic: Invalid JavaScript detected: Line 1: Unexpected token <
[01:12:14][WARNING] mutation-deterministic: Script content contains HTML; removing invalid JS.
[01:12:14][WARNING] mutation-deterministic: Script content contains HTML; removing invalid JS.
[01:12:14][WARNING] mutation-deterministic: Script content contains HTML; removing invalid JS.
[01:12:14][WARNING] mutation-deterministic: Script content contains HTML; removing invalid JS.
[01:12:14][WARNING] mutation-deterministic: Script content contains HTML; removing invalid JS.
[01:12:14][WARNING] mutation-deterministic: Script content contains HTML; removing invalid JS.
[01:12:14][WARNING] mutation-deterministic: Script content contains HTML; removing invalid JS.
[01:12:14][WARNING] mutation-deterministic: Script content contains HTML; removing invalid JS.
[01:12:14][WARNING] mutation-deterministic: Script content contains HTML; removing invalid JS.
[01:12:14][WARNING] mutation-deterministic: Script content contains HTML; removing invalid JS.
[01:12:14][WARNING] mutation-deterministic: Script content contains HTML; removing invalid JS.
[01:12:14][WARNING] mutation-deterministic: Script content contains HTML; removing invalid JS.
[01:12:14][WARNING] mutation-deterministic: Script content contains HTML; removing invalid JS.
[01:12:14][WARNING] mutation-deterministic: Script content contains HTML; removing invalid JS.
[01:12:14][WARNING] mutation-deterministic: Script content contains HTML; removing invalid JS.
[01:12:14][WARNING] mutation-deterministic: Script content contains HTML; removing invalid JS.
[01:12:14][WARNING] mutation-deterministic: Script content contains HTML; removing invalid JS.
[01:12:14][WARNING] mutation-deterministic: Script content contains HTML; removing invalid JS.
[01:12:14][WARNING] mutation-deterministic: Script content contains HTML; removing invalid JS.
[01:12:14][WARNING] mutation-deterministic: Script content contains HTML; removing invalid JS.
[01:12:14][WARNING] mutation-deterministic: Invalid JavaScript detected: Line 1: Unexpected token <
[01:12:14][WARNING] mutation-deterministic: Invalid JavaScript detected: Line 1: Unexpected token <
[01:12:14][WARNING] mutation-deterministic: Script content contains HTML; removing invalid JS.
[01:12:14][WARNING] mutation-deterministic: Script content contains HTML; removing invalid JS.
[01:12:14][WARNING] mutation-deterministic: Invalid JavaScript detected: Line 1: Unexpected token <
[01:12:14][WARNING] mutation-deterministic: Script content contains HTML; removing invalid JS.
[01:12:14][WARNING] mutation-deterministic: Script content contains HTML; removing invalid JS.
[01:12:14][WARNING] mutation-deterministic: Script content contains HTML; removing invalid JS.
[01:12:14][WARNING] mutation-deterministic: Script content contains HTML; removing invalid JS.
[01:12:14][WARNING] mutation-deterministic: Script content contains HTML; removing invalid JS.
[01:12:14][WARNING] mutation-deterministic: Script content contains HTML; removing invalid JS.
[01:12:14][WARNING] mutation-deterministic: Script content contains HTML; removing invalid JS.
[01:12:14][WARNING] mutation-deterministic: Script content contains HTML; removing invalid JS.
[01:12:14][WARNING] mutation-deterministic: Script content contains HTML; removing invalid JS.
[01:12:14][WARNING] mutation-deterministic: Script content contains HTML; removing invalid JS.
[01:12:14][WARNING] mutation-deterministic: Script content contains HTML; removing invalid JS.
[01:12:14][WARNING] mutation-deterministic: Script content contains HTML; removing invalid JS.
[01:12:14][WARNING] mutation-deterministic: Script content contains HTML; removing invalid JS.
[01:12:14][WARNING] mutation-deterministic: Script content contains HTML; removing invalid JS.
[01:12:14][WARNING] mutation-deterministic: Script content contains HTML; removing invalid JS.
[01:12:15][WARNING] mutation-deterministic: Invalid JavaScript detected: Line 1: Unexpected token <
[01:12:15][WARNING] mutation-deterministic: Invalid JavaScript detected: Line 1: Unexpected token <
[01:12:15][WARNING] mutation-deterministic: Script content contains HTML; removing invalid JS.
[01:12:15][WARNING] mutation-deterministic: Script content contains HTML; removing invalid JS.
[01:12:15][WARNING] mutation-deterministic: Invalid JavaScript detected: Line 1: Unexpected token <
[01:12:15][WARNING] mutation-deterministic: Invalid JavaScript detected: Line 1: Unexpected token <
[01:12:15][WARNING] mutation-deterministic: Invalid JavaScript detected: Line 1: Unexpected token <
[01:12:15][WARNING] mutation-deterministic: Invalid JavaScript detected: Line 1: Unexpected token <
[01:12:15][WARNING] mutation-deterministic: Invalid JavaScript detected: Line 1: Unexpected token <
[01:12:15][WARNING] mutation-deterministic: Invalid JavaScript detected: Line 1: Unexpected token <
[01:12:15][WARNING] mutation-deterministic: Invalid JavaScript detected: Line 1: Unexpected token <
[01:12:15][WARNING] mutation-deterministic: Invalid JavaScript detected: Line 1: Unexpected token <
[01:12:15][WARNING] mutation-deterministic: Script content contains HTML; removing invalid JS.
[01:12:15][WARNING] mutation-deterministic: Script content contains HTML; removing invalid JS.
[01:12:15][WARNING] mutation-deterministic: Script content contains HTML; removing invalid JS.
[01:12:15][WARNING] mutation-deterministic: Script content contains HTML; removing invalid JS.
[01:12:15][WARNING] mutation-deterministic: Script content contains HTML; removing invalid JS.
[01:12:15][WARNING] mutation-deterministic: Script content contains HTML; removing invalid JS.
[01:12:15][WARNING] mutation-deterministic: Script content contains HTML; removing invalid JS.
[01:12:15][WARNING] mutation-deterministic: Script content contains HTML; removing invalid JS.
[01:12:15][WARNING] mutation-deterministic: Script content contains HTML; removing invalid JS.
[01:12:15][WARNING] mutation-deterministic: Script content contains HTML; removing invalid JS.
[01:12:15][WARNING] mutation-deterministic: Script content contains HTML; removing invalid JS.
[01:12:15][WARNING] mutation-deterministic: Script content contains HTML; removing invalid JS.
[01:12:15][WARNING] mutation-deterministic: Script content contains HTML; removing invalid JS.
[01:12:15][WARNING] mutation-deterministic: Script content contains HTML; removing invalid JS.
[01:12:15][WARNING] mutation-deterministic: Script content contains HTML; removing invalid JS.
[01:12:15][WARNING] mutation-deterministic: Script content contains HTML; removing invalid JS.
[01:12:15][WARNING] mutation-deterministic: Script content contains HTML; removing invalid JS.
[01:12:15][WARNING] mutation-deterministic: Script content contains HTML; removing invalid JS.
[01:12:15][WARNING] mutation-deterministic: Script content contains HTML; removing invalid JS.
[01:12:15][WARNING] mutation-deterministic: Script content contains HTML; removing invalid JS.
[01:12:15][WARNING] mutation-deterministic: Script content contains HTML; removing invalid JS.
[01:12:15][WARNING] mutation-deterministic: Script content contains HTML; removing invalid JS.
[01:12:15][WARNING] mutation-deterministic: Invalid JavaScript detected: Line 1: Unexpected token <
[01:12:15][WARNING] mutation-deterministic: Invalid JavaScript detected: Line 1: Unexpected token <
[01:12:15][WARNING] mutation-deterministic: Invalid JavaScript detected: Line 1: Unexpected token <
[01:12:15][WARNING] mutation-deterministic: Invalid JavaScript detected: Line 1: Unexpected token <
[01:12:15][WARNING] mutation-deterministic: Invalid JavaScript detected: Line 1: Unexpected token <
[01:12:15][WARNING] mutation-deterministic: Invalid JavaScript detected: Line 1: Unexpected token <
[01:12:15][WARNING] mutation-deterministic: Invalid JavaScript detected: Line 1: Unexpected token <
[01:12:15][WARNING] mutation-deterministic: Invalid JavaScript detected: Line 1: Unexpected token <
[01:12:15][WARNING] mutation-deterministic: Script content contains HTML; removing invalid JS.
[01:12:15][WARNING] mutation-deterministic: Script content contains HTML; removing invalid JS.
[01:12:15][WARNING] mutation-deterministic: Script content contains HTML; removing invalid JS.
[01:12:15][WARNING] mutation-deterministic: Invalid JavaScript detected: Line 1: Unexpected token <
[01:12:15][WARNING] mutation-deterministic: Invalid JavaScript detected: Line 1: Unexpected token <
[01:12:15][WARNING] mutation-deterministic: Invalid JavaScript detected: Line 1: Unexpected token <
[01:12:15][WARNING] mutation-deterministic: Script content contains HTML; removing invalid JS.
[01:12:15][WARNING] mutation-deterministic: Script content contains HTML; removing invalid JS.
[01:12:15][WARNING] mutation-deterministic: Script content contains HTML; removing invalid JS.
[01:12:15][WARNING] mutation-deterministic: Invalid JavaScript detected: Line 1: Unexpected token <
[01:12:15][WARNING] mutation-deterministic: Script content contains HTML; removing invalid JS.
[01:12:15][WARNING] mutation-deterministic: Script content contains HTML; removing invalid JS.
[01:12:15][WARNING] mutation-deterministic: Script content contains HTML; removing invalid JS.
[01:12:15][WARNING] mutation-deterministic: Script content contains HTML; removing invalid JS.
[01:12:15][WARNING] mutation-deterministic: Script content contains HTML; removing invalid JS.
[01:12:15][WARNING] mutation-deterministic: Script content contains HTML; removing invalid JS.
[01:12:15][WARNING] mutation-deterministic: Script content contains HTML; removing invalid JS.
[01:12:15][WARNING] mutation-deterministic: Invalid JavaScript detected: Line 1: Unexpected token <
[01:12:15][WARNING] mutation-deterministic: Script content contains HTML; removing invalid JS.
[01:12:15][WARNING] mutation-deterministic: Invalid JavaScript detected: Line 1: Unexpected token <
[01:12:15][WARNING] mutation-deterministic: Script content contains HTML; removing invalid JS.
[01:12:15][WARNING] mutation-deterministic: Script content contains HTML; removing invalid JS.
[01:12:15][WARNING] mutation-deterministic: Script content contains HTML; removing invalid JS.
[01:12:15][WARNING] mutation-deterministic: Script content contains HTML; removing invalid JS.
[01:12:15][WARNING] mutation-deterministic: Script content contains HTML; removing invalid JS.
[01:12:15][WARNING] mutation-deterministic: Invalid JavaScript detected: Line 1: Unexpected token <
[01:12:15][WARNING] mutation-deterministic: Invalid JavaScript detected: Line 45: Unexpected token <
[01:12:15][WARNING] mutation-deterministic: Invalid JavaScript detected: Line 45: Unexpected token <
[01:12:15][WARNING] mutation-deterministic: Invalid JavaScript detected: Line 1: Unexpected token <
[01:12:15][WARNING] mutation-deterministic: Invalid JavaScript detected: Line 1: Unexpected token <
[01:12:15][WARNING] mutation-deterministic: Invalid JavaScript detected: Line 1: Unexpected token <
[01:12:15][WARNING] mutation-deterministic: Script content contains HTML; removing invalid JS.
[01:12:15][WARNING] mutation-deterministic: Script content contains HTML; removing invalid JS.
[01:12:15][WARNING] mutation-deterministic: Script content contains HTML; removing invalid JS.
[01:12:15][WARNING] mutation-deterministic: Script content contains HTML; removing invalid JS.
[01:12:15][WARNING] mutation-deterministic: Script content contains HTML; removing invalid JS.
[01:12:15][WARNING] mutation-deterministic: Script content contains HTML; removing invalid JS.
[01:12:15][WARNING] mutation-deterministic: Script content contains HTML; removing invalid JS.
[01:12:15][WARNING] mutation-deterministic: Script content contains HTML; removing invalid JS.
[01:12:15][WARNING] mutation-deterministic: Script content contains HTML; removing invalid JS.
[01:12:15][WARNING] mutation-deterministic: Script content contains HTML; removing invalid JS.
[01:12:15][WARNING] mutation-deterministic: Script content contains HTML; removing invalid JS.
[01:12:15][WARNING] mutation-deterministic: Script content contains HTML; removing invalid JS.
[01:12:15][WARNING] mutation-deterministic: Script content contains HTML; removing invalid JS.
[01:12:15][WARNING] mutation-deterministic: Script content contains HTML; removing invalid JS.
[01:12:15][WARNING] mutation-deterministic: Script content contains HTML; removing invalid JS.
[01:12:15][WARNING] mutation-deterministic: Script content contains HTML; removing invalid JS.
[01:12:15][WARNING] mutation-deterministic: Script content contains HTML; removing invalid JS.
[01:12:15][WARNING] mutation-deterministic: Script content contains HTML; removing invalid JS.
[01:12:15][WARNING] mutation-deterministic: Script content contains HTML; removing invalid JS.
[01:12:15][WARNING] mutation-deterministic: Script content contains HTML; removing invalid JS.
[01:12:15][WARNING] mutation-deterministic: Script content contains HTML; removing invalid JS.
[01:12:15][WARNING] mutation-deterministic: Script content contains HTML; removing invalid JS.
[01:12:15][WARNING] mutation-deterministic: Script content contains HTML; removing invalid JS.
[01:12:15][WARNING] mutation-deterministic: Script content contains HTML; removing invalid JS.
[01:12:15][WARNING] mutation-deterministic: Script content contains HTML; removing invalid JS.
[01:12:15][WARNING] mutation-deterministic: Script content contains HTML; removing invalid JS.
[01:12:15][WARNING] mutation-deterministic: Script content contains HTML; removing invalid JS.
[01:12:15][WARNING] mutation-deterministic: Script content contains HTML; removing invalid JS.
[01:12:15][WARNING] mutation-deterministic: Script content contains HTML; removing invalid JS.
[01:12:15][WARNING] mutation-deterministic: Script content contains HTML; removing invalid JS.
[01:12:15][WARNING] mutation-deterministic: Script content contains HTML; removing invalid JS.
[01:12:15][WARNING] mutation-deterministic: Script content contains HTML; removing invalid JS.
[01:12:15][WARNING] mutation-deterministic: Script content contains HTML; removing invalid JS.
[01:12:15][WARNING] mutation-deterministic: Script content contains HTML; removing invalid JS.
[01:12:15][WARNING] mutation-deterministic: Script content contains HTML; removing invalid JS.
[01:12:15][WARNING] mutation-deterministic: Script content contains HTML; removing invalid JS.
[01:12:15][WARNING] mutation-deterministic: Script content contains HTML; removing invalid JS.
[01:12:15][WARNING] mutation-deterministic: Script content contains HTML; removing invalid JS.
[01:12:15][WARNING] mutation-deterministic: Script content contains HTML; removing invalid JS.
[01:12:15][WARNING] mutation-deterministic: Invalid JavaScript detected: Line 45: Unexpected token <
[01:12:15][WARNING] mutation-deterministic: Invalid JavaScript detected: Line 1: Unexpected token <
[01:12:15][WARNING] mutation-deterministic: Script content contains HTML; removing invalid JS.
[01:12:15][WARNING] mutation-deterministic: Script content contains HTML; removing invalid JS.
[01:12:15][WARNING] mutation-deterministic: Script content contains HTML; removing invalid JS.
[01:12:15][WARNING] mutation-deterministic: Script content contains HTML; removing invalid JS.
[01:12:15][WARNING] mutation-deterministic: Script content contains HTML; removing invalid JS.
[01:12:15][WARNING] mutation-deterministic: Script content contains HTML; removing invalid JS.
[01:12:15][WARNING] mutation-deterministic: Script content contains HTML; removing invalid JS.
[01:12:15][WARNING] mutation-deterministic: Script content contains HTML; removing invalid JS.
[01:12:15][WARNING] mutation-deterministic: Script content contains HTML; removing invalid JS.
[01:12:15][WARNING] mutation-deterministic: Script content contains HTML; removing invalid JS.
[01:12:15][WARNING] mutation-deterministic: Script content contains HTML; removing invalid JS.
[01:12:15][WARNING] mutation-deterministic: Script content contains HTML; removing invalid JS.
[01:12:15][WARNING] mutation-deterministic: Script content contains HTML; removing invalid JS.
[01:12:15][WARNING] mutation-deterministic: Script content contains HTML; removing invalid JS.
[01:12:15][WARNING] mutation-deterministic: Script content contains HTML; removing invalid JS.
[01:12:15][WARNING] mutation-deterministic: Invalid JavaScript detected: Line 9: Unexpected token <
[01:12:15][WARNING] mutation-deterministic: Script content contains HTML; removing invalid JS.
[01:12:15][WARNING] mutation-deterministic: Script content contains HTML; removing invalid JS.
[01:12:15][WARNING] mutation-deterministic: Script content contains HTML; removing invalid JS.
[01:12:15][WARNING] mutation-deterministic: Script content contains HTML; removing invalid JS.
[01:12:15][WARNING] mutation-deterministic: Script content contains HTML; removing invalid JS.
[01:12:15][WARNING] mutation-deterministic: Script content contains HTML; removing invalid JS.
[01:12:15][WARNING] mutation-deterministic: Invalid JavaScript detected: Line 9: Unexpected token <
[01:12:15][WARNING] mutation-deterministic: Script content contains HTML; removing invalid JS.
[01:12:15][WARNING] mutation-deterministic: Script content contains HTML; removing invalid JS.
[01:12:15][WARNING] mutation-deterministic: Script content contains HTML; removing invalid JS.
[01:12:15][WARNING] mutation-deterministic: Script content contains HTML; removing invalid JS.
[01:12:15][WARNING] mutation-deterministic: Script content contains HTML; removing invalid JS.
[01:12:15][WARNING] mutation-deterministic: Script content contains HTML; removing invalid JS.
[01:12:15][WARNING] mutation-deterministic: Script content contains HTML; removing invalid JS.
[01:12:15][WARNING] mutation-deterministic: Script content contains HTML; removing invalid JS.
[01:12:15][WARNING] mutation-deterministic: Invalid JavaScript detected: Line 1: Unexpected token <
[01:12:15][WARNING] mutation-deterministic: Invalid JavaScript detected: Line 1: Unexpected token <
[01:12:15][WARNING] mutation-deterministic: Invalid JavaScript detected: Line 1: Unexpected token <
[01:12:15][WARNING] mutation-deterministic: Invalid JavaScript detected: Line 1: Unexpected token <
[01:12:15][WARNING] mutation-deterministic: Invalid JavaScript detected: Line 1: Unexpected token <
[01:12:15][WARNING] mutation-deterministic: Script content contains HTML; removing invalid JS.
[01:12:15][WARNING] mutation-deterministic: Script content contains HTML; removing invalid JS.
[01:12:15][WARNING] mutation-deterministic: Script content contains HTML; removing invalid JS.
[01:12:15][WARNING] mutation-deterministic: Script content contains HTML; removing invalid JS.
[01:12:15][WARNING] mutation-deterministic: Script content contains HTML; removing invalid JS.
[01:12:15][WARNING] mutation-deterministic: Script content contains HTML; removing invalid JS.
[01:12:15][WARNING] mutation-deterministic: Script content contains HTML; removing invalid JS.
[01:12:15][WARNING] mutation-deterministic: Script content contains HTML; removing invalid JS.
[01:12:15][WARNING] mutation-deterministic: Script content contains HTML; removing invalid JS.
[01:12:15][WARNING] mutation-deterministic: Invalid JavaScript detected: Line 1: Unexpected token <
[01:12:15][WARNING] mutation-deterministic: Invalid JavaScript detected: Line 1: Unexpected token <
[01:12:15][WARNING] mutation-deterministic: Script content contains HTML; removing invalid JS.
[01:12:15][WARNING] mutation-deterministic: Script content contains HTML; removing invalid JS.
[01:12:15][WARNING] mutation-deterministic: Script content contains HTML; removing invalid JS.
[01:12:15][WARNING] mutation-deterministic: Script content contains HTML; removing invalid JS.
[01:12:15][WARNING] mutation-deterministic: Script content contains HTML; removing invalid JS.
[01:12:15][WARNING] mutation-deterministic: Invalid JavaScript detected: Line 1: Unexpected token <
[01:12:15][WARNING] mutation-deterministic: Script content contains HTML; removing invalid JS.
[01:12:15][WARNING] mutation-deterministic: Script content contains HTML; removing invalid JS.
[01:12:15][WARNING] mutation-deterministic: Script content contains HTML; removing invalid JS.
[01:12:15][WARNING] mutation-deterministic: Script content contains HTML; removing invalid JS.
[01:12:15][WARNING] mutation-deterministic: Invalid JavaScript detected: Line 1: Unexpected token <
[01:12:15][WARNING] mutation-deterministic: Script content contains HTML; removing invalid JS.
[01:12:15][WARNING] mutation-deterministic: Invalid JavaScript detected: Line 1: Unexpected token <
[01:12:15][WARNING] mutation-deterministic: Invalid JavaScript detected: Line 1: Unexpected token <
[01:12:15][WARNING] mutation-deterministic: Script content contains HTML; removing invalid JS.
[01:12:15][WARNING] mutation-deterministic: Script content contains HTML; removing invalid JS.
[01:12:15][WARNING] mutation-deterministic: Script content contains HTML; removing invalid JS.
[01:12:15][WARNING] mutation-deterministic: Script content contains HTML; removing invalid JS.
[01:12:15][WARNING] mutation-deterministic: Script content contains HTML; removing invalid JS.
[01:12:15][WARNING] mutation-deterministic: Script content contains HTML; removing invalid JS.
[01:12:15][WARNING] mutation-deterministic: Script content contains HTML; removing invalid JS.
[01:12:15][WARNING] mutation-deterministic: Script content contains HTML; removing invalid JS.
[01:12:15][WARNING] mutation-deterministic: Script content contains HTML; removing invalid JS.
[01:12:15][WARNING] mutation-deterministic: Script content contains HTML; removing invalid JS.
[01:12:15][WARNING] mutation-deterministic: Script content contains HTML; removing invalid JS.
[01:12:15][WARNING] mutation-deterministic: Script content contains HTML; removing invalid JS.
[01:12:15][WARNING] mutation-deterministic: Script content contains HTML; removing invalid JS.
[01:12:15][WARNING] mutation-deterministic: Script content contains HTML; removing invalid JS.
[01:12:15][WARNING] mutation-deterministic: Script content contains HTML; removing invalid JS.
[01:12:15][WARNING] mutation-deterministic: Script content contains HTML; removing invalid JS.
[01:12:15][WARNING] mutation-deterministic: Script content contains HTML; removing invalid JS.
[01:12:15][WARNING] mutation-deterministic: Script content contains HTML; removing invalid JS.
[01:12:15][WARNING] mutation-deterministic: Script content contains HTML; removing invalid JS.
[01:12:15][WARNING] mutation-deterministic: Script content contains HTML; removing invalid JS.
[01:12:15][WARNING] mutation-deterministic: Script content contains HTML; removing invalid JS.
[01:12:15][WARNING] mutation-deterministic: Script content contains HTML; removing invalid JS.
[01:12:15][WARNING] mutation-deterministic: Script content contains HTML; removing invalid JS.
[01:12:15][WARNING] mutation-deterministic: Invalid JavaScript detected: Line 1: Unexpected token <
[01:12:15][WARNING] mutation-deterministic: Invalid JavaScript detected: Line 1: Unexpected token <
[01:12:15][WARNING] mutation-deterministic: Invalid JavaScript detected: Line 1: Unexpected token <
[01:12:15][WARNING] mutation-deterministic: Invalid JavaScript detected: Line 1: Unexpected token <
[01:12:15][WARNING] mutation-deterministic: Script content contains HTML; removing invalid JS.
[01:12:15][WARNING] mutation-deterministic: Invalid JavaScript detected: Line 1: Unexpected token <
[01:12:15][WARNING] mutation-deterministic: Script content contains HTML; removing invalid JS.
[01:12:15][WARNING] mutation-deterministic: Script content contains HTML; removing invalid JS.
[01:12:15][WARNING] mutation-deterministic: Script content contains HTML; removing invalid JS.
[01:12:16][WARNING] mutation-deterministic: Script content contains HTML; removing invalid JS.
[01:12:16][WARNING] mutation-deterministic: Script content contains HTML; removing invalid JS.
[01:12:16][WARNING] mutation-deterministic: Script content contains HTML; removing invalid JS.
[01:12:16][WARNING] mutation-deterministic: Script content contains HTML; removing invalid JS.
[01:12:16][WARNING] mutation-deterministic: Script content contains HTML; removing invalid JS.
[01:12:16][WARNING] mutation-deterministic: Script content contains HTML; removing invalid JS.
[01:12:16][WARNING] mutation-deterministic: Script content contains HTML; removing invalid JS.
[01:12:16][WARNING] mutation-deterministic: Script content contains HTML; removing invalid JS.
[01:12:16][WARNING] mutation-deterministic: Script content contains HTML; removing invalid JS.
[01:12:16][WARNING] mutation-deterministic: Script content contains HTML; removing invalid JS.
[01:12:16][WARNING] mutation-deterministic: Invalid JavaScript detected: Line 1: Unexpected token <
[01:12:16][WARNING] mutation-deterministic: Invalid JavaScript detected: Line 1: Unexpected token <
[01:12:16][WARNING] mutation-deterministic: Script content contains HTML; removing invalid JS.
[01:12:16][WARNING] mutation-deterministic: Invalid JavaScript detected: Line 1: Unexpected token <
[01:12:16][WARNING] mutation-deterministic: Invalid JavaScript detected: Line 1: Unexpected token <
[01:12:16][WARNING] mutation-deterministic: Script content contains HTML; removing invalid JS.
[01:12:16][WARNING] mutation-deterministic: Script content contains HTML; removing invalid JS.
[01:12:16][WARNING] mutation-deterministic: Invalid JavaScript detected: Line 1: Unexpected token <
[01:12:16][WARNING] mutation-deterministic: Script content contains HTML; removing invalid JS.
[01:12:16][WARNING] mutation-deterministic: Invalid JavaScript detected: Line 1: Unexpected token <
[01:12:16][WARNING] mutation-deterministic: Script content contains HTML; removing invalid JS.
[01:12:16][WARNING] mutation-deterministic: Script content contains HTML; removing invalid JS.
[01:12:16][WARNING] mutation-deterministic: Script content contains HTML; removing invalid JS.
[01:12:16][WARNING] mutation-deterministic: Script content contains HTML; removing invalid JS.
[01:12:16][WARNING] mutation-deterministic: Script content contains HTML; removing invalid JS.
[01:12:16][WARNING] mutation-deterministic: Script content contains HTML; removing invalid JS.
[01:12:16][WARNING] mutation-deterministic: Script content contains HTML; removing invalid JS.
[01:12:16][WARNING] mutation-deterministic: Invalid JavaScript detected: Line 1: Unexpected token <
[01:12:16][WARNING] mutation-deterministic: Script content contains HTML; removing invalid JS.
[01:12:16][WARNING] mutation-deterministic: Invalid JavaScript detected: Line 1: Unexpected token <
[01:12:16][WARNING] mutation-deterministic: Script content contains HTML; removing invalid JS.
[01:12:16][WARNING] mutation-deterministic: Script content contains HTML; removing invalid JS.
[01:12:16][WARNING] mutation-deterministic: Script content contains HTML; removing invalid JS.
[01:12:16][WARNING] mutation-deterministic: Script content contains HTML; removing invalid JS.
[01:12:16][WARNING] mutation-deterministic: Script content contains HTML; removing invalid JS.
[01:12:16][WARNING] mutation-deterministic: Invalid JavaScript detected: Line 1: Unexpected token <
[01:12:16][WARNING] mutation-deterministic: Invalid JavaScript detected: Line 45: Unexpected token <
[01:12:16][WARNING] mutation-deterministic: Invalid JavaScript detected: Line 45: Unexpected token <
[01:12:16][WARNING] mutation-deterministic: Invalid JavaScript detected: Line 1: Unexpected token <
[01:12:16][WARNING] mutation-deterministic: Invalid JavaScript detected: Line 1: Unexpected token <
[01:12:16][WARNING] mutation-deterministic: Invalid JavaScript detected: Line 1: Unexpected token <
[01:12:16][WARNING] mutation-deterministic: Script content contains HTML; removing invalid JS.
[01:12:16][WARNING] mutation-deterministic: Script content contains HTML; removing invalid JS.
[01:12:16][WARNING] mutation-deterministic: Script content contains HTML; removing invalid JS.
[01:12:16][WARNING] mutation-deterministic: Script content contains HTML; removing invalid JS.
[01:12:16][WARNING] mutation-deterministic: Script content contains HTML; removing invalid JS.
[01:12:16][WARNING] mutation-deterministic: Script content contains HTML; removing invalid JS.
[01:12:16][WARNING] mutation-deterministic: Script content contains HTML; removing invalid JS.
[01:12:16][WARNING] mutation-deterministic: Script content contains HTML; removing invalid JS.
[01:12:16][WARNING] mutation-deterministic: Script content contains HTML; removing invalid JS.
[01:12:16][WARNING] mutation-deterministic: Script content contains HTML; removing invalid JS.
[01:12:16][WARNING] mutation-deterministic: Script content contains HTML; removing invalid JS.
[01:12:16][WARNING] mutation-deterministic: Script content contains HTML; removing invalid JS.
[01:12:16][WARNING] mutation-deterministic: Script content contains HTML; removing invalid JS.
[01:12:16][WARNING] mutation-deterministic: Script content contains HTML; removing invalid JS.
[01:12:16][WARNING] mutation-deterministic: Script content contains HTML; removing invalid JS.
[01:12:16][WARNING] mutation-deterministic: Script content contains HTML; removing invalid JS.
[01:12:16][WARNING] mutation-deterministic: Script content contains HTML; removing invalid JS.
[01:12:16][WARNING] mutation-deterministic: Script content contains HTML; removing invalid JS.
[01:12:16][WARNING] mutation-deterministic: Script content contains HTML; removing invalid JS.
[01:12:16][WARNING] mutation-deterministic: Script content contains HTML; removing invalid JS.
[01:12:16][WARNING] mutation-deterministic: Script content contains HTML; removing invalid JS.
[01:12:16][WARNING] mutation-deterministic: Script content contains HTML; removing invalid JS.
[01:12:16][WARNING] mutation-deterministic: Script content contains HTML; removing invalid JS.
[01:12:16][WARNING] mutation-deterministic: Script content contains HTML; removing invalid JS.
[01:12:16][WARNING] mutation-deterministic: Script content contains HTML; removing invalid JS.
[01:12:16][WARNING] mutation-deterministic: Script content contains HTML; removing invalid JS.
[01:12:16][WARNING] mutation-deterministic: Script content contains HTML; removing invalid JS.
[01:12:16][WARNING] mutation-deterministic: Script content contains HTML; removing invalid JS.
[01:12:16][WARNING] mutation-deterministic: Script content contains HTML; removing invalid JS.
[01:12:16][WARNING] mutation-deterministic: Script content contains HTML; removing invalid JS.
[01:12:16][WARNING] mutation-deterministic: Script content contains HTML; removing invalid JS.
[01:12:16][WARNING] mutation-deterministic: Script content contains HTML; removing invalid JS.
[01:12:16][WARNING] mutation-deterministic: Invalid JavaScript detected: Line 45: Unexpected token <
[01:12:16][WARNING] mutation-deterministic: Invalid JavaScript detected: Line 1: Unexpected token <
[01:12:16][WARNING] mutation-deterministic: Script content contains HTML; removing invalid JS.
[01:12:16][WARNING] mutation-deterministic: Script content contains HTML; removing invalid JS.
[01:12:16][WARNING] mutation-deterministic: Script content contains HTML; removing invalid JS.
[01:12:16][WARNING] mutation-deterministic: Script content contains HTML; removing invalid JS.
[01:12:16][WARNING] mutation-deterministic: Script content contains HTML; removing invalid JS.
[01:12:16][WARNING] mutation-deterministic: Script content contains HTML; removing invalid JS.
[01:12:16][WARNING] mutation-deterministic: Script content contains HTML; removing invalid JS.
[01:12:16][WARNING] mutation-deterministic: Script content contains HTML; removing invalid JS.
[01:12:16][WARNING] mutation-deterministic: Script content contains HTML; removing invalid JS.
[01:12:16][WARNING] mutation-deterministic: Script content contains HTML; removing invalid JS.
[01:12:16][WARNING] mutation-deterministic: Script content contains HTML; removing invalid JS.
[01:12:16][WARNING] mutation-deterministic: Script content contains HTML; removing invalid JS.
[01:12:16][WARNING] mutation-deterministic: Script content contains HTML; removing invalid JS.
[01:12:16][WARNING] mutation-deterministic: Script content contains HTML; removing invalid JS.
[01:12:16][WARNING] mutation-deterministic: Script content contains HTML; removing invalid JS.
[01:12:16][WARNING] mutation-deterministic: Invalid JavaScript detected: Line 9: Unexpected token <
[01:12:16][WARNING] mutation-deterministic: Script content contains HTML; removing invalid JS.
[01:12:16][WARNING] mutation-deterministic: Script content contains HTML; removing invalid JS.
[01:12:16][WARNING] mutation-deterministic: Script content contains HTML; removing invalid JS.
[01:12:16][WARNING] mutation-deterministic: Script content contains HTML; removing invalid JS.
[01:12:16][WARNING] mutation-deterministic: Script content contains HTML; removing invalid JS.
[01:12:16][WARNING] mutation-deterministic: Script content contains HTML; removing invalid JS.
[01:12:16][WARNING] mutation-deterministic: Invalid JavaScript detected: Line 9: Unexpected token <
[01:12:16][WARNING] mutation-deterministic: Script content contains HTML; removing invalid JS.
[01:12:16][WARNING] mutation-deterministic: Script content contains HTML; removing invalid JS.
[01:12:16][WARNING] mutation-deterministic: Script content contains HTML; removing invalid JS.
[01:12:16][WARNING] mutation-deterministic: Script content contains HTML; removing invalid JS.
[01:12:16][WARNING] mutation-deterministic: Script content contains HTML; removing invalid JS.
[01:12:16][WARNING] mutation-deterministic: Script content contains HTML; removing invalid JS.
[01:12:16][WARNING] mutation-deterministic: Script content contains HTML; removing invalid JS.
[01:12:16][WARNING] mutation-deterministic: Invalid JavaScript detected: Line 1: Unexpected token <
[01:12:16][WARNING] mutation-deterministic: Invalid JavaScript detected: Line 1: Unexpected token <
[01:12:16][WARNING] mutation-deterministic: Invalid JavaScript detected: Line 1: Unexpected token <
[01:12:16][WARNING] mutation-deterministic: Script content contains HTML; removing invalid JS.
[01:12:16][WARNING] mutation-deterministic: Script content contains HTML; removing invalid JS.
[01:12:16][WARNING] mutation-deterministic: Script content contains HTML; removing invalid JS.
[01:12:16][WARNING] mutation-deterministic: Script content contains HTML; removing invalid JS.
[01:12:16][WARNING] mutation-deterministic: Script content contains HTML; removing invalid JS.
[01:12:16][WARNING] mutation-deterministic: Script content contains HTML; removing invalid JS.
[01:12:16][WARNING] mutation-deterministic: Script content contains HTML; removing invalid JS.
[01:12:16][WARNING] mutation-deterministic: Script content contains HTML; removing invalid JS.
[01:12:16][WARNING] mutation-deterministic: Script content contains HTML; removing invalid JS.
[01:12:16][WARNING] mutation-deterministic: Invalid JavaScript detected: Line 1: Unexpected token <
[01:12:16][WARNING] mutation-deterministic: Invalid JavaScript detected: Line 1: Unexpected token <
[01:12:16][WARNING] mutation-deterministic: Script content contains HTML; removing invalid JS.
[01:12:16][WARNING] mutation-deterministic: Script content contains HTML; removing invalid JS.
[01:12:16][WARNING] mutation-deterministic: Script content contains HTML; removing invalid JS.
[01:12:16][WARNING] mutation-deterministic: Script content contains HTML; removing invalid JS.
[01:12:16][WARNING] mutation-deterministic: Script content contains HTML; removing invalid JS.
[01:12:16][WARNING] mutation-deterministic: Invalid JavaScript detected: Line 1: Unexpected token <
[01:12:16][WARNING] mutation-deterministic: Script content contains HTML; removing invalid JS.
[01:12:16][WARNING] mutation-deterministic: Invalid JavaScript detected: Line 1: Unexpected token <
[01:12:16][WARNING] mutation-deterministic: Script content contains HTML; removing invalid JS.
[01:12:16][WARNING] mutation-deterministic: Script content contains HTML; removing invalid JS.
[01:12:16][WARNING] mutation-deterministic: Script content contains HTML; removing invalid JS.
[01:12:16][WARNING] mutation-deterministic: Script content contains HTML; removing invalid JS.
[01:12:16][WARNING] mutation-deterministic: Script content contains HTML; removing invalid JS.
[01:12:16][WARNING] mutation-deterministic: Script content contains HTML; removing invalid JS.
[01:12:16][WARNING] mutation-deterministic: Script content contains HTML; removing invalid JS.
[01:12:16][WARNING] mutation-deterministic: Script content contains HTML; removing invalid JS.
[01:12:16][WARNING] mutation-deterministic: Script content contains HTML; removing invalid JS.
[01:12:16][WARNING] mutation-deterministic: Script content contains HTML; removing invalid JS.
[01:12:16][WARNING] mutation-deterministic: Script content contains HTML; removing invalid JS.
[01:12:16][WARNING] mutation-deterministic: Script content contains HTML; removing invalid JS.
[01:12:16][WARNING] mutation-deterministic: Script content contains HTML; removing invalid JS.
[01:12:16][WARNING] mutation-deterministic: Script content contains HTML; removing invalid JS.
[01:12:16][WARNING] mutation-deterministic: Invalid JavaScript detected: Line 1: Unexpected token <
[01:12:16][WARNING] mutation-deterministic: Invalid JavaScript detected: Line 1: Unexpected token <
[01:12:16][WARNING] mutation-deterministic: Invalid JavaScript detected: Line 1: Unexpected token <
[01:12:16][WARNING] mutation-deterministic: Invalid JavaScript detected: Line 1: Unexpected token <
[01:12:16][WARNING] mutation-deterministic: Script content contains HTML; removing invalid JS.
[01:12:16][WARNING] mutation-deterministic: Invalid JavaScript detected: Line 1: Unexpected token <
[01:12:16][WARNING] mutation-deterministic: Script content contains HTML; removing invalid JS.
[01:12:16][WARNING] mutation-deterministic: Script content contains HTML; removing invalid JS.
[01:12:16][WARNING] mutation-deterministic: Script content contains HTML; removing invalid JS.
[01:12:16][WARNING] mutation-deterministic: Script content contains HTML; removing invalid JS.
[01:12:16][WARNING] mutation-deterministic: Script content contains HTML; removing invalid JS.
[01:12:16][WARNING] mutation-deterministic: Script content contains HTML; removing invalid JS.
[01:12:16][WARNING] mutation-deterministic: Script content contains HTML; removing invalid JS.
[01:12:16][WARNING] mutation-deterministic: Script content contains HTML; removing invalid JS.
[01:12:16][WARNING] mutation-deterministic: Script content contains HTML; removing invalid JS.
[01:12:16][WARNING] mutation-deterministic: Script content contains HTML; removing invalid JS.
[01:12:16][WARNING] mutation-deterministic: Script content contains HTML; removing invalid JS.
[01:12:16][WARNING] mutation-deterministic: Script content contains HTML; removing invalid JS.
[01:12:16][WARNING] mutation-deterministic: Invalid JavaScript detected: Line 1: Unexpected token <
[01:12:16][WARNING] mutation-deterministic: Invalid JavaScript detected: Line 1: Unexpected token <
[01:12:16][WARNING] mutation-deterministic: Script content contains HTML; removing invalid JS.
[01:12:16][WARNING] mutation-deterministic: Invalid JavaScript detected: Line 1: Unexpected token <
[01:12:16][WARNING] mutation-deterministic: Invalid JavaScript detected: Line 1: Unexpected token <
[01:12:16][WARNING] mutation-deterministic: Script content contains HTML; removing invalid JS.
[01:12:16][WARNING] mutation-deterministic: Script content contains HTML; removing invalid JS.
[01:12:16][WARNING] mutation-deterministic: Invalid JavaScript detected: Line 1: Unexpected token <
[01:12:16][WARNING] mutation-deterministic: Script content contains HTML; removing invalid JS.
[01:12:17][INFO] mutation-deterministic: Generated advanced deterministic mutation 2 => /home/dhia/browser-fuzzer/Dissertation/logger/run_20250318_011201/round_001/mutations/mutated_0002.html
