[1743135705.350][INFO]: Starting ChromeDriver 135.0.7019.0 (0000000000000000000000000000000000000000-0000000000000000000000000000000000000000) on port 45881
[1743135705.350][INFO]: Please see https://chromedriver.chromium.org/security-considerations for suggestions on keeping ChromeDriver safe.
[1743135705.450][INFO]: ChromeDriver was started successfully on port 45881
[1743135705.461][INFO]: [97f012cbf14e75489cb95dd615cc2ed8] COMMAND InitSession {
   "capabilities": {
      "alwaysMatch": {
         "browserName": "chrome",
         "goog:chromeOptions": {
            "args": [ "--user-data-dir=/tmp/chrome_user_data_fhu6hceu", "--headless=new", "--no-sandbox", "--disable-dev-shm-usage", "--js-flags=--max-old-space-size=8192", "--disable-blink-features=AutomationControlled", "--allow-file-access-from-files", "--disable-media-session-api", "--autoplay-policy=no-user-gesture-required", "--enable-crash-reporter", "--disable-extensions", "--crash-dumps-dir=/tmp/crash_results/crash_dumps" ],
            "binary": "/home/dhia/chromium/src/out/asan/chrome",
            "extensions": [  ]
         },
         "goog:loggingPrefs": {
            "browser": "ALL",
            "performance": "ALL"
         },
         "pageLoadStrategy": "normal"
      },
      "firstMatch": [ {
      } ]
   }
}
[1743135705.468][INFO]: Populating Preferences file: {
   "alternate_error_pages": {
      "enabled": false
   },
   "autofill": {
      "enabled": false
   },
   "browser": {
      "check_default_browser": false
   },
   "distribution": {
      "import_bookmarks": false,
      "import_history": false,
      "import_search_engine": false,
      "make_chrome_default_for_user": false,
      "skip_first_run_ui": true
   },
   "dns_prefetching": {
      "enabled": false
   },
   "profile": {
      "content_settings": {
         "pattern_pairs": {
            "https://*,*": {
               "media-stream": {
                  "audio": "Default",
                  "video": "Default"
               }
            }
         }
      },
      "default_content_setting_values": {
         "geolocation": 1
      },
      "default_content_settings": {
         "geolocation": 1,
         "mouselock": 1,
         "notifications": 1,
         "popups": 1,
         "ppapi-broker": 1
      },
      "password_manager_enabled": false
   },
   "safebrowsing": {
      "enabled": false
   },
   "search": {
      "suggest_enabled": false
   },
   "translate": {
      "enabled": false
   }
}
[1743135705.468][INFO]: Populating Local State file: {
   "background_mode": {
      "enabled": false
   },
   "ssl": {
      "rev_checking": {
         "enabled": false
      }
   }
}
[1743135705.469][INFO]: ChromeDriver supports communication with Chrome via pipes. This is more reliable and more secure.
[1743135705.469][INFO]: Use the --remote-debugging-pipe Chrome switch instead of the default --remote-debugging-port to enable this communication mode.
[1743135705.469][INFO]: Launching chrome: /home/dhia/chromium/src/out/asan/chrome --allow-file-access-from-files --allow-pre-commit-input --autoplay-policy=no-user-gesture-required --crash-dumps-dir=/tmp/crash_results/crash_dumps --disable-background-networking --disable-blink-features=AutomationControlled --disable-client-side-phishing-detection --disable-default-apps --disable-dev-shm-usage --disable-extensions --disable-hang-monitor --disable-media-session-api --disable-popup-blocking --disable-prompt-on-repost --disable-sync --enable-automation --enable-crash-reporter --enable-logging --headless=new --js-flags=--max-old-space-size=8192 --log-level=0 --no-first-run --no-sandbox --no-service-autorun --password-store=basic --remote-debugging-port=0 --test-type=webdriver --use-mock-keychain --user-data-dir=/tmp/chrome_user_data_fhu6hceu
[1743135720.816][INFO]: resolved localhost to ["127.0.0.1"]
[1743135722.752][INFO]: [97f012cbf14e75489cb95dd615cc2ed8] RESPONSE InitSession {
   "capabilities": {
      "acceptInsecureCerts": false,
      "browserName": "chrome",
      "browserVersion": "135.0.7019.0",
      "chrome": {
         "chromedriverVersion": "135.0.7019.0 (0000000000000000000000000000000000000000-0000000000000000000000000000000000000000)",
         "userDataDir": "/tmp/chrome_user_data_fhu6hceu"
      },
      "fedcm:accounts": true,
      "goog:chromeOptions": {
         "debuggerAddress": "localhost:34933"
      },
      "networkConnectionEnabled": false,
      "pageLoadStrategy": "normal",
      "platformName": "linux",
      "proxy": {
      },
      "setWindowRect": true,
      "strictFileInteractability": false,
      "timeouts": {
         "implicit": 0,
         "pageLoad": 300000,
         "script": 30000
      },
      "unhandledPromptBehavior": "dismiss and notify",
      "webauthn:extension:credBlob": true,
      "webauthn:extension:largeBlob": true,
      "webauthn:extension:minPinLength": true,
      "webauthn:extension:prf": true,
      "webauthn:virtualAuthenticators": true
   },
   "sessionId": "97f012cbf14e75489cb95dd615cc2ed8"
}
[1743135722.762][INFO]: [97f012cbf14e75489cb95dd615cc2ed8] COMMAND ExecuteCDP {
   "cmd": "Network.enable",
   "params": {
   }
}
[1743135722.762][INFO]: Waiting for pending navigations...
[1743135725.651][INFO]: Done waiting for pending navigations. Status: ok
[1743135725.746][INFO]: Waiting for pending navigations...
[1743135725.776][INFO]: Done waiting for pending navigations. Status: ok
[1743135725.776][INFO]: [97f012cbf14e75489cb95dd615cc2ed8] RESPONSE ExecuteCDP {
}
[1743135725.785][INFO]: [97f012cbf14e75489cb95dd615cc2ed8] COMMAND ExecuteCDP {
   "cmd": "Network.setBlockedURLs",
   "params": {
      "urls": [ "*.mp4", "*.mp3", "*.avi", "*.webm", "*.ogg", "*.wav", "*.png", "*.jpg", "*.jpeg", "*.gif", "*.woff", "*.ttf" ]
   }
}
[1743135725.785][INFO]: Waiting for pending navigations...
[1743135726.389][INFO]: Done waiting for pending navigations. Status: ok
[1743135726.966][INFO]: Waiting for pending navigations...
[1743135727.002][INFO]: Done waiting for pending navigations. Status: ok
[1743135727.003][INFO]: [97f012cbf14e75489cb95dd615cc2ed8] RESPONSE ExecuteCDP {
}
[1743135727.010][INFO]: [97f012cbf14e75489cb95dd615cc2ed8] COMMAND ExecuteCDP {
   "cmd": "Performance.enable",
   "params": {
   }
}
[1743135727.010][INFO]: Waiting for pending navigations...
[1743135727.026][INFO]: Done waiting for pending navigations. Status: ok
[1743135727.034][INFO]: Waiting for pending navigations...
[1743135727.040][INFO]: Done waiting for pending navigations. Status: ok
[1743135727.040][INFO]: [97f012cbf14e75489cb95dd615cc2ed8] RESPONSE ExecuteCDP {
}
[1743135727.047][INFO]: [97f012cbf14e75489cb95dd615cc2ed8] COMMAND SetTimeouts {
   "pageLoad": 120000
}
[1743135727.047][INFO]: [97f012cbf14e75489cb95dd615cc2ed8] RESPONSE SetTimeouts
[1743135727.052][INFO]: [97f012cbf14e75489cb95dd615cc2ed8] COMMAND SetTimeouts {
   "script": 30000
}
[1743135727.052][INFO]: [97f012cbf14e75489cb95dd615cc2ed8] RESPONSE SetTimeouts
[1743135727.057][INFO]: [97f012cbf14e75489cb95dd615cc2ed8] COMMAND SetTimeouts {
   "pageLoad": 600000
}
[1743135727.057][INFO]: [97f012cbf14e75489cb95dd615cc2ed8] RESPONSE SetTimeouts
[1743135727.062][INFO]: [97f012cbf14e75489cb95dd615cc2ed8] COMMAND SetTimeouts {
   "script": 600000
}
[1743135727.062][INFO]: [97f012cbf14e75489cb95dd615cc2ed8] RESPONSE SetTimeouts
[1743135727.068][INFO]: [97f012cbf14e75489cb95dd615cc2ed8] COMMAND ExecuteScript {
   "args": [  ],
   "script": "return !!window;"
}
[1743135727.068][INFO]: Waiting for pending navigations...
[1743135727.133][INFO]: Done waiting for pending navigations. Status: ok
[1743135727.174][INFO]: Waiting for pending navigations...
[1743135727.179][INFO]: Done waiting for pending navigations. Status: ok
[1743135727.179][INFO]: [97f012cbf14e75489cb95dd615cc2ed8] RESPONSE ExecuteScript true
[1743135727.184][INFO]: [97f012cbf14e75489cb95dd615cc2ed8] COMMAND ExecuteCDP {
   "cmd": "Runtime.enable",
   "params": {
   }
}
[1743135727.184][INFO]: Waiting for pending navigations...
[1743135727.188][INFO]: Done waiting for pending navigations. Status: ok
[1743135727.193][INFO]: Waiting for pending navigations...
[1743135727.199][INFO]: Done waiting for pending navigations. Status: ok
[1743135727.199][INFO]: [97f012cbf14e75489cb95dd615cc2ed8] RESPONSE ExecuteCDP {
}
[1743135727.203][INFO]: [97f012cbf14e75489cb95dd615cc2ed8] COMMAND ExecuteCDP {
   "cmd": "Debugger.enable",
   "params": {
   }
}
[1743135727.203][INFO]: Waiting for pending navigations...
[1743135727.207][INFO]: Done waiting for pending navigations. Status: ok
[1743135728.047][INFO]: Waiting for pending navigations...
[1743135728.088][INFO]: Done waiting for pending navigations. Status: ok
[1743135728.088][INFO]: [97f012cbf14e75489cb95dd615cc2ed8] RESPONSE ExecuteCDP {
   "debuggerId": "1399698527414856069.-2716506208606259353"
}
[1743135728.093][INFO]: [97f012cbf14e75489cb95dd615cc2ed8] COMMAND ExecuteCDP {
   "cmd": "Debugger.setAsyncCallStackDepth",
   "params": {
      "maxDepth": 32
   }
}
[1743135728.093][INFO]: Waiting for pending navigations...
[1743135728.121][INFO]: Done waiting for pending navigations. Status: ok
[1743135728.127][INFO]: Waiting for pending navigations...
[1743135728.134][INFO]: Done waiting for pending navigations. Status: ok
[1743135728.134][INFO]: [97f012cbf14e75489cb95dd615cc2ed8] RESPONSE ExecuteCDP {
}
[1743135728.138][INFO]: [97f012cbf14e75489cb95dd615cc2ed8] COMMAND ExecuteCDP {
   "cmd": "Runtime.discardConsoleEntries",
   "params": {
   }
}
[1743135728.138][INFO]: Waiting for pending navigations...
[1743135728.144][INFO]: Done waiting for pending navigations. Status: ok
[1743135728.148][INFO]: Waiting for pending navigations...
[1743135728.155][INFO]: Done waiting for pending navigations. Status: ok
[1743135728.155][INFO]: [97f012cbf14e75489cb95dd615cc2ed8] RESPONSE ExecuteCDP {
}
[1743135728.159][INFO]: [97f012cbf14e75489cb95dd615cc2ed8] COMMAND ExecuteCDP {
   "cmd": "Performance.enable",
   "params": {
   }
}
[1743135728.159][INFO]: Waiting for pending navigations...
[1743135728.165][INFO]: Done waiting for pending navigations. Status: ok
[1743135728.169][INFO]: Waiting for pending navigations...
[1743135728.175][INFO]: Done waiting for pending navigations. Status: ok
[1743135728.175][INFO]: [97f012cbf14e75489cb95dd615cc2ed8] RESPONSE ExecuteCDP {
}
[1743135728.179][INFO]: [97f012cbf14e75489cb95dd615cc2ed8] COMMAND Navigate {
   "url": "file:///tmp/single_test_page1/page1.html"
}
[1743135728.179][INFO]: Waiting for pending navigations...
[1743135728.185][INFO]: Done waiting for pending navigations. Status: ok
[1743135728.422][INFO]: Waiting for pending navigations...
[1743135729.046][INFO]: Done waiting for pending navigations. Status: ok
[1743135729.046][INFO]: [97f012cbf14e75489cb95dd615cc2ed8] RESPONSE Navigate
[1743135729.051][INFO]: [97f012cbf14e75489cb95dd615cc2ed8] COMMAND ExecuteScript {
   "args": [  ],
   "script": "return document.readyState"
}
[1743135729.051][INFO]: Waiting for pending navigations...
[1743135729.064][INFO]: Done waiting for pending navigations. Status: ok
[1743135729.111][INFO]: Waiting for pending navigations...
[1743135729.117][INFO]: Done waiting for pending navigations. Status: ok
[1743135729.117][INFO]: [97f012cbf14e75489cb95dd615cc2ed8] RESPONSE ExecuteScript "complete"
[1743135729.120][INFO]: [97f012cbf14e75489cb95dd615cc2ed8] COMMAND ExecuteScript {
   "args": [  ],
   "script": "window.stop();"
}
[1743135729.120][INFO]: Waiting for pending navigations...
[1743135729.126][INFO]: Done waiting for pending navigations. Status: ok
[1743135729.158][INFO]: Waiting for pending navigations...
[1743135729.163][INFO]: Done waiting for pending navigations. Status: ok
[1743135729.163][INFO]: [97f012cbf14e75489cb95dd615cc2ed8] RESPONSE ExecuteScript null
[1743135729.166][INFO]: [97f012cbf14e75489cb95dd615cc2ed8] COMMAND ExecuteScript {
   "args": [  ],
   "script": "return document.readyState"
}
[1743135729.166][INFO]: Waiting for pending navigations...
[1743135729.172][INFO]: Done waiting for pending navigations. Status: ok
[1743135729.207][INFO]: Waiting for pending navigations...
[1743135729.212][INFO]: Done waiting for pending navigations. Status: ok
[1743135729.212][INFO]: [97f012cbf14e75489cb95dd615cc2ed8] RESPONSE ExecuteScript "complete"
[1743135729.216][INFO]: [97f012cbf14e75489cb95dd615cc2ed8] COMMAND GetLog {
   "type": "browser"
}
[1743135729.222][INFO]: [97f012cbf14e75489cb95dd615cc2ed8] RESPONSE GetLog [ {
   "level": "INFO",
   "message": "file:///tmp/single_test_page1/page1.html 30:20 \"Starting ASan stress test...\"",
   "source": "console-api",
   "timestamp": 1.743135728837e+12
} ]
[1743135729.227][INFO]: [97f012cbf14e75489cb95dd615cc2ed8] COMMAND GetLog {
   "type": "performance"
}
[1743135729.234][INFO]: [97f012cbf14e75489cb95dd615cc2ed8] RESPONSE GetLog [ {
   "level": "INFO",
   "message": "{\"message\":{\"method\":\"Page.frameStoppedLoading\",\"params\":{\"frameId\":\"8EFA8EA2B208B52222B0342F483ED286\"}},\"webview\":\"AD920BCF68FCCCE03BA46BAB6760BFED\"}",
   "timestamp": 1.743135721866e+12
}, {
   "level": "INFO",
   "message": "{\"message\":{\"method\":\"Network.requestWillBeSent\",\"params\":{\"documentURL\":\"chrome://new-tab-page/\",\"frameId\":\"AD920BCF68FCCCE03BA46BAB6760BFED\",\"hasUserGesture\":false,\"initiator\":{\"columnNumber\":631...",
   "timestamp": 1.743135722269e+12
}, {
   "level": "INFO",
   "message": "{\"message\":{\"method\":\"Network.requestWillBeSent\",\"params\":{\"documentURL\":\"chrome://new-tab-page/\",\"frameId\":\"AD920BCF68FCCCE03BA46BAB6760BFED\",\"hasUserGesture\":false,\"initiator\":{\"columnNumber\":882...",
   "timestamp": 1.743135722273e+12
}, {
   "level": "INFO",
   "message": "{\"message\":{\"method\":\"Network.requestWillBeSent\",\"params\":{\"documentURL\":\"chrome://new-tab-page/\",\"frameId\":\"AD920BCF68FCCCE03BA46BAB6760BFED\",\"hasUserGesture\":false,\"initiator\":{\"columnNumber\":969...",
   "timestamp": 1.743135722274e+12
}, {
   "level": "INFO",
   "message": "{\"message\":{\"method\":\"Network.requestWillBeSent\",\"params\":{\"documentURL\":\"chrome://new-tab-page/\",\"frameId\":\"AD920BCF68FCCCE03BA46BAB6760BFED\",\"hasUserGesture\":false,\"initiator\":{\"columnNumber\":119...",
   "timestamp": 1.743135722275e+12
}, {
   "level": "INFO",
   "message": "{\"message\":{\"method\":\"Network.requestWillBeSent\",\"params\":{\"documentURL\":\"chrome://new-tab-page/\",\"frameId\":\"AD920BCF68FCCCE03BA46BAB6760BFED\",\"hasUserGesture\":false,\"initiator\":{\"columnNumber\":128...",
   "timestamp": 1.743135722276e+12
}, {
   "level": "INFO",
   "message": "{\"message\":{\"method\":\"Network.requestWillBeSent\",\"params\":{\"documentURL\":\"chrome://new-tab-page/\",\"frameId\":\"AD920BCF68FCCCE03BA46BAB6760BFED\",\"hasUserGesture\":false,\"initiator\":{\"columnNumber\":136...",
   "timestamp": 1.743135722276e+12
}, {
   "level": "INFO",
   "message": "{\"message\":{\"method\":\"Network.requestWillBeSent\",\"params\":{\"documentURL\":\"chrome://new-tab-page/\",\"frameId\":\"AD920BCF68FCCCE03BA46BAB6760BFED\",\"hasUserGesture\":false,\"initiator\":{\"columnNumber\":147...",
   "timestamp": 1.743135722277e+12
}, {
   "level": "INFO",
   "message": "{\"message\":{\"method\":\"Network.requestWillBeSent\",\"params\":{\"documentURL\":\"chrome://new-tab-page/\",\"frameId\":\"AD920BCF68FCCCE03BA46BAB6760BFED\",\"hasUserGesture\":false,\"initiator\":{\"columnNumber\":155...",
   "timestamp": 1.743135722278e+12
}, {
   "level": "INFO",
   "message": "{\"message\":{\"method\":\"Network.requestWillBeSent\",\"params\":{\"documentURL\":\"chrome://new-tab-page/\",\"frameId\":\"AD920BCF68FCCCE03BA46BAB6760BFED\",\"hasUserGesture\":false,\"initiator\":{\"columnNumber\":170...",
   "timestamp": 1.743135722279e+12
}, {
   "level": "INFO",
   "message": "{\"message\":{\"method\":\"Network.requestWillBeSent\",\"params\":{\"documentURL\":\"chrome://new-tab-page/\",\"frameId\":\"AD920BCF68FCCCE03BA46BAB6760BFED\",\"hasUserGesture\":false,\"initiator\":{\"columnNumber\":174...",
   "timestamp": 1.743135722281e+12
}, {
   "level": "INFO",
   "message": "{\"message\":{\"method\":\"Network.requestWillBeSent\",\"params\":{\"documentURL\":\"chrome://new-tab-page/\",\"frameId\":\"AD920BCF68FCCCE03BA46BAB6760BFED\",\"hasUserGesture\":false,\"initiator\":{\"columnNumber\":186...",
   "timestamp": 1.743135722282e+12
}, {
   "level": "INFO",
   "message": "{\"message\":{\"method\":\"Network.requestWillBeSent\",\"params\":{\"documentURL\":\"chrome://new-tab-page/\",\"frameId\":\"AD920BCF68FCCCE03BA46BAB6760BFED\",\"hasUserGesture\":false,\"initiator\":{\"columnNumber\":0,\"...",
   "timestamp": 1.743135722282e+12
}, {
   "level": "INFO",
   "message": "{\"message\":{\"method\":\"Network.responseReceived\",\"params\":{\"frameId\":\"AD920BCF68FCCCE03BA46BAB6760BFED\",\"hasExtraInfo\":false,\"loaderId\":\"AB243F8B34E8E35BE89CE5190A8DACB9\",\"requestId\":\"4792.19\",\"resp...",
   "timestamp": 1.743135722289e+12
}, {
   "level": "INFO",
   "message": "{\"message\":{\"method\":\"Network.dataReceived\",\"params\":{\"dataLength\":750,\"encodedDataLength\":0,\"requestId\":\"4792.19\",\"timestamp\":652.221668}},\"webview\":\"AD920BCF68FCCCE03BA46BAB6760BFED\"}",
   "timestamp": 1.743135722289e+12
}, {
   "level": "INFO",
   "message": "{\"message\":{\"method\":\"Network.loadingFinished\",\"params\":{\"encodedDataLength\":750,\"requestId\":\"4792.19\",\"timestamp\":652.222952}},\"webview\":\"AD920BCF68FCCCE03BA46BAB6760BFED\"}",
   "timestamp": 1.743135722289e+12
}, {
   "level": "INFO",
   "message": "{\"message\":{\"method\":\"Network.requestWillBeSent\",\"params\":{\"documentURL\":\"chrome://new-tab-page/\",\"frameId\":\"AD920BCF68FCCCE03BA46BAB6760BFED\",\"hasUserGesture\":false,\"initiator\":{\"type\":\"parser\",\"u...",
   "timestamp": 1.743135722367e+12
}, {
   "level": "INFO",
   "message": "{\"message\":{\"method\":\"Network.responseReceived\",\"params\":{\"frameId\":\"AD920BCF68FCCCE03BA46BAB6760BFED\",\"hasExtraInfo\":false,\"loaderId\":\"AB243F8B34E8E35BE89CE5190A8DACB9\",\"requestId\":\"4792.8\",\"respo...",
   "timestamp": 1.743135722391e+12
}, {
   "level": "INFO",
   "message": "{\"message\":{\"method\":\"Network.dataReceived\",\"params\":{\"dataLength\":2259,\"encodedDataLength\":0,\"requestId\":\"4792.8\",\"timestamp\":652.321328}},\"webview\":\"AD920BCF68FCCCE03BA46BAB6760BFED\"}",
   "timestamp": 1.743135722391e+12
}, "..." ]
[1743135729.265][INFO]: [97f012cbf14e75489cb95dd615cc2ed8] COMMAND GetLog {
   "type": "browser"
}
[1743135729.530][INFO]: [97f012cbf14e75489cb95dd615cc2ed8] RESPONSE GetLog [ {
   "level": "INFO",
   "message": "file:///tmp/single_test_page1/page1.html 30:20 \"DOM Stress Cycle 1\"",
   "source": "console-api",
   "timestamp": 1.743135729265e+12
}, {
   "level": "INFO",
   "message": "file:///tmp/single_test_page1/page1.html 30:20 \"Canvas Stress Cycle 1\"",
   "source": "console-api",
   "timestamp": 1.743135729288e+12
}, {
   "level": "INFO",
   "message": "file:///tmp/single_test_page1/page1.html 30:20 \"Memory Stress Cycle 1\"",
   "source": "console-api",
   "timestamp": 1.743135729421e+12
}, {
   "level": "INFO",
   "message": "file:///tmp/single_test_page1/page1.html 30:20 \"Allocating 30MB ArrayBuffer...\"",
   "source": "console-api",
   "timestamp": 1.74313572943e+12
}, {
   "level": "INFO",
   "message": "file:///tmp/single_test_page1/page1.html 30:20 \"Allocated 30MB. Total held buffers: 1\"",
   "source": "console-api",
   "timestamp": 1.743135729439e+12
} ]
[1743135729.537][INFO]: [97f012cbf14e75489cb95dd615cc2ed8] COMMAND ExecuteScript {
   "args": [  ],
   "script": "return performance.getEntriesByType('navigation')[0];"
}
[1743135729.538][INFO]: Waiting for pending navigations...
[1743135729.770][INFO]: Done waiting for pending navigations. Status: ok
[1743135730.737][INFO]: Waiting for pending navigations...
[1743135731.087][INFO]: Done waiting for pending navigations. Status: ok
[1743135731.087][INFO]: [97f012cbf14e75489cb95dd615cc2ed8] RESPONSE ExecuteScript {
   "activationStart": 0,
   "connectEnd": 14.5,
   "connectStart": 14.5,
   "criticalCHRestart": 0,
   "decodedBodySize": 8321,
   "deliveryType": "",
   "domComplete": 412.69999999995343,
   "domContentLoadedEventEnd": 401.5,
   "domContentLoadedEventStart": 400.9000000000233,
   "domInteractive": 399.5,
   "domainLookupEnd": 14.5,
   "domainLookupStart": 14.5,
   "duration": 482.79999999993015,
   "encodedBodySize": 8321,
   "entryType": "navigation",
   "fetchStart": 14.5,
   "finalResponseHeadersStart": 0,
   "firstInterimResponseStart": 0,
   "initiatorType": "navigation",
   "~~~": "..."
}
[1743135731.094][INFO]: [97f012cbf14e75489cb95dd615cc2ed8] COMMAND FindElements {
   "using": "tag name",
   "value": "script"
}
[1743135731.094][INFO]: Waiting for pending navigations...
[1743135731.559][INFO]: Done waiting for pending navigations. Status: ok
[1743135732.772][INFO]: Waiting for pending navigations...
[1743135733.264][INFO]: Done waiting for pending navigations. Status: ok
[1743135733.264][INFO]: [97f012cbf14e75489cb95dd615cc2ed8] RESPONSE FindElements [ {
   "element-6066-11e4-a52e-4f735466cecf": "f.AD920BCF68FCCCE03BA46BAB6760BFED.d.624AFB3622E7314F3CDD2BAD54BD925A.e.1540"
} ]
[1743135733.275][INFO]: [97f012cbf14e75489cb95dd615cc2ed8] COMMAND ExecuteScript {
   "args": [ {
      "element-6066-11e4-a52e-4f735466cecf": "f.AD920BCF68FCCCE03BA46BAB6760BFED.d.624AFB3622E7314F3CDD2BAD54BD925A.e.1540"
   }, "src" ],
   "script": "/* getAttribute */return (function(){return (function(){var d=this||self;function f(a,b){function c(){}c.prototype=b.prototype;a.prototype=new c;a.prototype.constructor=a};var h=Array.prototype.indexOf?function(a,b){return Array.prototype.indexOf.call(a,b,void 0)}:function(a,b){if(\"string\"===typeof a)return\"string\"!==typeof b||1!=b.length?-1:a.indexOf(b,0);for(var c=0;c\u003Ca.length;c++)if(c in a&&a[c]===b)return c;return-1},k=Array.prototype.forEach?function(a,b){Array.prototype.forEach.call(a,b,void 0)}:function(a,b){for(var c=a.length,e=\"string\"===typeof a?a.split(\"\"):a,g=0;g\u003Cc;g++)g in e&&b.call(void 0,e[g],g,a)};function l(a,b){this.code=a;this.a=m[a]||n;this.message=b||\"\";a=this.a.replace(/((?:^|\\s+)[a-z])/g,function(c){return c.toUpperCase().replace(/^[\\s\\xa0]+/g,\"\")});b=a.length-5;if(0>b||a.indexOf(\"Error\",b)!=b)a+=\"Error\";this.name=a;a=Error(this.message);a.name=this.name;this.stack=a.stack||\"\"}f(l,Error);var n=\"unknown error\",m={15:\"element not selectable\",11:\"element not visible\"};m[31]=n;m[30]=n;m[24]=\"invalid cookie domain\";m[29]=\"invalid element coordinates\";m[12]=\"invalid element state\";m[32]=\"invalid selector\";\nm[51]=\"invalid selector\";m[52]=\"invalid selector\";m[17]=\"javascript error\";m[405]=\"unsupported operation\";m[34]=\"move target out of bounds\";m[27]=\"no such alert\";m[7]=\"no such element\";m[8]=\"no such frame\";m[23]=\"no such window\";m[28]=\"script timeout\";m[33]=\"session not created\";m[10]=\"stale element reference\";m[21]=\"timeout\";m[25]=\"unable to set cookie\";m[26]=\"unexpected alert open\";m[13]=n;m[9]=\"unknown command\";var p;a:{var q=d.navigator;if(q){var r=q.userAgent;if(r){p=r;break a}}p=\"\"}function t(a){return-1!=p.indexOf(a)};function u(){return t(\"Firefox\")||t(\"FxiOS\")}function v(){return(t(\"Chrome\")||t(\"CriOS\"))&&!t(\"Edge\")};function w(){return t(\"iPhone\")&&!t(\"iPod\")&&!t(\"iPad\")};var y=t(\"Opera\"),z=t(\"Trident\")||t(\"MSIE\"),A=t(\"Edge\"),B=t(\"Gecko\")&&!(-1!=p.toLowerCase().indexOf(\"webkit\")&&!t(\"Edge\"))&&!(t(\"Trident\")||t(\"MSIE\"))&&!t(\"Edge\"),C=-1!=p.toLowerCase().indexOf(\"webkit\")&&!t(\"Edge\");function D(){var a=d.document;return a?a.documentMode:void 0}var E;\na:{var F=\"\",G=function(){var a=p;if(B)return/rv:([^\\);]+)(\\)|;)/.exec(a);if(A)return/Edge\\/([\\d\\.]+)/.exec(a);if(z)return/\\b(?:MSIE|rv)[: ]([^\\);]+)(\\)|;)/.exec(a);if(C)return/WebKit\\/(\\S+)/.exec(a);if(y)return/(?:Version)[ \\/]?(\\S+)/.exec(a)}();G&&(F=G?G[1]:\"\");if(z){var H=D();if(null!=H&&H>parseFloat(F)){E=String(H);break a}}E=F}var I;I=d.document&&z?D():void 0;var J=u(),K=w()||t(\"iPod\"),L=t(\"iPad\"),M=t(\"Android\")&&!(v()||u()||t(\"Opera\")||t(\"Silk\")),N=v(),aa=t(\"Safari\")&&!(v()||t(\"Coast\")||t(\"Opera\")||t(\"Edge\")||t(\"Edg/\")||t(\"OPR\")||u()||t(\"Silk\")||t(\"Android\"))&&!(w()||t(\"iPad\")||t(\"iPod\"));function O(a){return(a=a.exec(p))?a[1]:\"\"}(function(){if(J)return O(/Firefox\\/([0-9.]+)/);if(z||A||y)return E;if(N)return w()||t(\"iPad\")||t(\"iPod\")?O(/CriOS\\/([0-9.]+)/):O(/Chrome\\/([0-9.]+)/);if(aa&&!(w()||t(\"iPad\")||t(\"iPod\")))return O(/Version\\/([0-9.]+)/);if(K||L){var a=/Version\\/(\\S+).*Mobile\\/(\\S+)/.exec(p);if(a)return a[1]+\".\"+a[2]}else if(M)return(a=O(/Android\\s+([0-9.]+)/))?a:O(/Version\\/([0-9.]+)/);return\"\"})();var P=z&&!(8\u003C=Number(I)),ba=z&&!(9\u003C=Number(I));var ca={SCRIPT:1,STYLE:1,HEAD:1,IFRAME:1,OBJECT:1},Q={IMG:\" \",BR:\"\\n\"};function R(a,b,c){if(!(a.nodeName in ca))if(3==a.nodeType)c?b.push(String(a.nodeValue).replace(/(\\r\\n|\\r|\\n)/g,\"\")):b.push(a.nodeValue);else if(a.nodeName in Q)b.push(Q[a.nodeName]);else for(a=a.firstChild;a;)R(a,b,c),a=a.nextSibling};function S(a,b){b=b.toLowerCase();return\"style\"==b?da(a.style.cssText):P&&\"value\"==b&&T(a,\"INPUT\")?a.value:ba&&!0===a[b]?String(a.getAttribute(b)):(a=a.getAttributeNode(b))&&a.specified?a.value:null}var ea=/[;]+(?=(?:(?:[^\"]*\"){2})*[^\"]*$)(?=(?:(?:[^']*'){2})*[^']*$)(?=(?:[^()]*\\([^()]*\\))*[^()]*$)/;\nfunction da(a){var b=[];k(a.split(ea),function(c){var e=c.indexOf(\":\");0\u003Ce&&(c=[c.slice(0,e),c.slice(e+1)],2==c.length&&b.push(c[0].toLowerCase(),\":\",c[1],\";\"))});b=b.join(\"\");return b=\";\"==b.charAt(b.length-1)?b:b+\";\"}function U(a,b){P&&\"value\"==b&&T(a,\"OPTION\")&&null===S(a,\"value\")?(b=[],R(a,b,!1),a=b.join(\"\")):a=a[b];return a}\nfunction T(a,b){b&&\"string\"!==typeof b&&(b=b.toString());return a instanceof HTMLFormElement?!!a&&1==a.nodeType&&(!b||\"FORM\"==b):!!a&&1==a.nodeType&&(!b||a.tagName.toUpperCase()==b)}function V(a){return T(a,\"OPTION\")?!0:T(a,\"INPUT\")?(a=a.type.toLowerCase(),\"checkbox\"==a||\"radio\"==a):!1};var fa={\"class\":\"className\",readonly:\"readOnly\"},ha=\"allowfullscreen allowpaymentrequest allowusermedia async autofocus autoplay checked compact complete controls declare default defaultchecked defaultselected defer disabled ended formnovalidate hidden indeterminate iscontenteditable ismap itemscope loop multiple muted nohref nomodule noresize noshade novalidate nowrap open paused playsinline pubdate readonly required reversed scoped seamless seeking selected truespeed typemustmatch willvalidate\".split(\" \");function W(a,b){var c=null,e=b.toLowerCase();if(\"style\"==e)return(c=a.style)&&\"string\"!=typeof c&&(c=c.cssText),c;if((\"selected\"==e||\"checked\"==e)&&V(a)){if(!V(a))throw new l(15,\"Element is not selectable\");b=\"selected\";c=a.type&&a.type.toLowerCase();if(\"checkbox\"==c||\"radio\"==c)b=\"checked\";return U(a,b)?\"true\":null}var g=T(a,\"A\");if(T(a,\"IMG\")&&\"src\"==e||g&&\"href\"==e)return(c=S(a,e))&&(c=U(a,e)),c;if(\"spellcheck\"==e){c=S(a,e);if(null!==c){if(\"false\"==c.toLowerCase())return\"false\";if(\"true\"==c.toLowerCase())return\"true\"}return U(a,\ne)+\"\"}g=fa[b]||b;if(0\u003C=h(ha,e))return(c=null!==S(a,b)||U(a,g))?\"true\":null;try{var x=U(a,g)}catch(ia){}(e=null==x)||(e=typeof x,e=\"object\"==e&&null!=x||\"function\"==e);e?c=S(a,b):c=x;return null!=c?c.toString():null}var X=[\"_\"],Y=d;X[0]in Y||\"undefined\"==typeof Y.execScript||Y.execScript(\"var \"+X[0]);for(var Z;X.length&&(Z=X.shift());)X.length||void 0===W?Y[Z]&&Y[Z]!==Object.prototype[Z]?Y=Y[Z]:Y=Y[Z]={}:Y[Z]=W;; return this._.apply(null,arguments);}).apply({navigator:typeof window!='undefined'?window.navigator:null,document:typeof window!='undefined'?window.document:null}, arguments);}\n).apply(null, arguments);"
}
[1743135733.276][INFO]: Waiting for pending navigations...
[1743135733.664][INFO]: Done waiting for pending navigations. Status: ok
[1743135735.344][INFO]: Waiting for pending navigations...
[1743135735.771][INFO]: Done waiting for pending navigations. Status: ok
[1743135735.771][INFO]: [97f012cbf14e75489cb95dd615cc2ed8] RESPONSE ExecuteScript ""
[1743135735.780][INFO]: [97f012cbf14e75489cb95dd615cc2ed8] COMMAND FindElements {
   "using": "css selector",
   "value": "video, audio"
}
[1743135735.781][INFO]: Waiting for pending navigations...
[1743135736.256][INFO]: Done waiting for pending navigations. Status: ok
[1743135737.826][INFO]: Waiting for pending navigations...
[1743135738.283][INFO]: Done waiting for pending navigations. Status: ok
[1743135738.283][INFO]: [97f012cbf14e75489cb95dd615cc2ed8] RESPONSE FindElements [  ]
[1743135738.290][INFO]: [97f012cbf14e75489cb95dd615cc2ed8] COMMAND ExecuteScript {
   "args": [  ],
   "script": "localStorage.setItem('fuzz_test_key_c3897793', 'fuzz_test_value_a8795f33');"
}
[1743135738.291][INFO]: Waiting for pending navigations...
[1743135738.781][INFO]: Done waiting for pending navigations. Status: ok
[1743135740.541][INFO]: Waiting for pending navigations...
[1743135741.105][INFO]: Done waiting for pending navigations. Status: ok
[1743135741.105][INFO]: [97f012cbf14e75489cb95dd615cc2ed8] RESPONSE ExecuteScript null
[1743135741.112][INFO]: [97f012cbf14e75489cb95dd615cc2ed8] COMMAND ExecuteScript {
   "args": [  ],
   "script": "return localStorage.getItem('fuzz_test_key_c3897793');"
}
[1743135741.112][INFO]: Waiting for pending navigations...
[1743135741.636][INFO]: Done waiting for pending navigations. Status: ok
[1743135744.027][INFO]: Waiting for pending navigations...
[1743135745.001][INFO]: Done waiting for pending navigations. Status: ok
[1743135745.001][INFO]: [97f012cbf14e75489cb95dd615cc2ed8] RESPONSE ExecuteScript "fuzz_test_value_a8795f33"
[1743135745.017][INFO]: [97f012cbf14e75489cb95dd615cc2ed8] COMMAND ExecuteScript {
   "args": [  ],
   "script": "localStorage.removeItem('fuzz_test_key_c3897793');"
}
[1743135745.018][INFO]: Waiting for pending navigations...
[1743135745.735][INFO]: Done waiting for pending navigations. Status: ok
[1743135748.523][INFO]: Waiting for pending navigations...
[1743135750.016][INFO]: Done waiting for pending navigations. Status: ok
[1743135750.017][INFO]: [97f012cbf14e75489cb95dd615cc2ed8] RESPONSE ExecuteScript null
[1743135750.029][INFO]: [97f012cbf14e75489cb95dd615cc2ed8] COMMAND ExecuteScript {
   "args": [  ],
   "script": "return localStorage.getItem('fuzz_test_key_c3897793');"
}
[1743135750.029][INFO]: Waiting for pending navigations...
[1743135751.851][INFO]: Done waiting for pending navigations. Status: ok
[1743135753.539][INFO]: Waiting for pending navigations...
[1743135754.300][INFO]: Done waiting for pending navigations. Status: ok
[1743135754.300][INFO]: [97f012cbf14e75489cb95dd615cc2ed8] RESPONSE ExecuteScript null
[1743135754.306][INFO]: [97f012cbf14e75489cb95dd615cc2ed8] COMMAND ExecuteScript {
   "args": [  ],
   "script": "sessionStorage.setItem('fuzz_test_key_session12382950', 'fuzz_test_value_session30fb93fc');"
}
[1743135754.306][INFO]: Waiting for pending navigations...
[1743135754.911][INFO]: Done waiting for pending navigations. Status: ok
[1743135756.785][INFO]: Waiting for pending navigations...
[1743135757.411][INFO]: Done waiting for pending navigations. Status: ok
[1743135757.411][INFO]: [97f012cbf14e75489cb95dd615cc2ed8] RESPONSE ExecuteScript null
[1743135757.417][INFO]: [97f012cbf14e75489cb95dd615cc2ed8] COMMAND ExecuteScript {
   "args": [  ],
   "script": "return sessionStorage.getItem('fuzz_test_key_session12382950');"
}
[1743135757.417][INFO]: Waiting for pending navigations...
[1743135758.114][INFO]: Done waiting for pending navigations. Status: ok
[1743135760.676][INFO]: Waiting for pending navigations...
[1743135761.367][INFO]: Done waiting for pending navigations. Status: ok
[1743135761.367][INFO]: [97f012cbf14e75489cb95dd615cc2ed8] RESPONSE ExecuteScript "fuzz_test_value_session30fb93fc"
[1743135761.372][INFO]: [97f012cbf14e75489cb95dd615cc2ed8] COMMAND ExecuteScript {
   "args": [  ],
   "script": "sessionStorage.removeItem('fuzz_test_key_session12382950');"
}
[1743135761.373][INFO]: Waiting for pending navigations...
[1743135762.312][INFO]: Done waiting for pending navigations. Status: ok
[1743135764.627][INFO]: Waiting for pending navigations...
[1743135765.333][INFO]: Done waiting for pending navigations. Status: ok
[1743135765.334][INFO]: [97f012cbf14e75489cb95dd615cc2ed8] RESPONSE ExecuteScript null
[1743135765.340][INFO]: [97f012cbf14e75489cb95dd615cc2ed8] COMMAND ExecuteScript {
   "args": [  ],
   "script": "return sessionStorage.getItem('fuzz_test_key_session12382950');"
}
[1743135765.341][INFO]: Waiting for pending navigations...
[1743135766.141][INFO]: Done waiting for pending navigations. Status: ok
[1743135768.951][INFO]: Waiting for pending navigations...
[1743135769.820][INFO]: Done waiting for pending navigations. Status: ok
[1743135769.820][INFO]: [97f012cbf14e75489cb95dd615cc2ed8] RESPONSE ExecuteScript null
[1743135769.832][INFO]: [97f012cbf14e75489cb95dd615cc2ed8] COMMAND AddCookie {
   "cookie": {
      "name": "fuzz_test_cookie_b53af7f1",
      "value": "fuzz_test_cookie_value_48504eb5"
   }
}
[1743135769.832][INFO]: Waiting for pending navigations...
[1743135770.605][INFO]: Done waiting for pending navigations. Status: ok
[1743135774.359][INFO]: Waiting for pending navigations...
[1743135775.166][INFO]: Done waiting for pending navigations. Status: ok
[1743135775.166][INFO]: [97f012cbf14e75489cb95dd615cc2ed8] RESPONSE AddCookie ERROR invalid cookie domain
  (Session info: chrome=135.0.7019.0)
[1743135775.171][INFO]: [97f012cbf14e75489cb95dd615cc2ed8] COMMAND ExecuteScript {
   "args": [  ],
   "script": "\n                let test_element = document.createElement('button');\n                test_element.id = 'fuzz_click_test_d2912e60';\n                test_element.addEventListener('click', function() { this.setAttribute('data-clicked', 'true'); });\n                document.body.appendChild(test_element);\n            "
}
[1743135775.171][INFO]: Waiting for pending navigations...
[1743135776.002][INFO]: Done waiting for pending navigations. Status: ok
[1743135778.854][INFO]: Waiting for pending navigations...
[1743135779.765][INFO]: Done waiting for pending navigations. Status: ok
[1743135779.765][INFO]: [97f012cbf14e75489cb95dd615cc2ed8] RESPONSE ExecuteScript null
[1743135779.772][INFO]: [97f012cbf14e75489cb95dd615cc2ed8] COMMAND FindElement {
   "using": "css selector",
   "value": "[id=\"fuzz_click_test_d2912e60\"]"
}
[1743135779.773][INFO]: Waiting for pending navigations...
[1743135780.713][INFO]: Done waiting for pending navigations. Status: ok
[1743135784.117][INFO]: Waiting for pending navigations...
[1743135785.153][INFO]: Done waiting for pending navigations. Status: ok
[1743135785.153][INFO]: [97f012cbf14e75489cb95dd615cc2ed8] RESPONSE FindElement {
   "element-6066-11e4-a52e-4f735466cecf": "f.AD920BCF68FCCCE03BA46BAB6760BFED.d.624AFB3622E7314F3CDD2BAD54BD925A.e.11032"
}
[1743135785.159][INFO]: [97f012cbf14e75489cb95dd615cc2ed8] COMMAND ClickElement {
   "id": "f.AD920BCF68FCCCE03BA46BAB6760BFED.d.624AFB3622E7314F3CDD2BAD54BD925A.e.11032"
}
[1743135785.159][INFO]: Waiting for pending navigations...
[1743135786.174][INFO]: Done waiting for pending navigations. Status: ok
[1743135841.630][INFO]: Waiting for pending navigations...
[1743135843.102][INFO]: Done waiting for pending navigations. Status: ok
[1743135843.102][INFO]: [97f012cbf14e75489cb95dd615cc2ed8] RESPONSE ClickElement
[1743135843.609][INFO]: [97f012cbf14e75489cb95dd615cc2ed8] COMMAND ExecuteScript {
   "args": [ {
      "element-6066-11e4-a52e-4f735466cecf": "f.AD920BCF68FCCCE03BA46BAB6760BFED.d.624AFB3622E7314F3CDD2BAD54BD925A.e.11032"
   }, "data-clicked" ],
   "script": "/* getAttribute */return (function(){return (function(){var d=this||self;function f(a,b){function c(){}c.prototype=b.prototype;a.prototype=new c;a.prototype.constructor=a};var h=Array.prototype.indexOf?function(a,b){return Array.prototype.indexOf.call(a,b,void 0)}:function(a,b){if(\"string\"===typeof a)return\"string\"!==typeof b||1!=b.length?-1:a.indexOf(b,0);for(var c=0;c\u003Ca.length;c++)if(c in a&&a[c]===b)return c;return-1},k=Array.prototype.forEach?function(a,b){Array.prototype.forEach.call(a,b,void 0)}:function(a,b){for(var c=a.length,e=\"string\"===typeof a?a.split(\"\"):a,g=0;g\u003Cc;g++)g in e&&b.call(void 0,e[g],g,a)};function l(a,b){this.code=a;this.a=m[a]||n;this.message=b||\"\";a=this.a.replace(/((?:^|\\s+)[a-z])/g,function(c){return c.toUpperCase().replace(/^[\\s\\xa0]+/g,\"\")});b=a.length-5;if(0>b||a.indexOf(\"Error\",b)!=b)a+=\"Error\";this.name=a;a=Error(this.message);a.name=this.name;this.stack=a.stack||\"\"}f(l,Error);var n=\"unknown error\",m={15:\"element not selectable\",11:\"element not visible\"};m[31]=n;m[30]=n;m[24]=\"invalid cookie domain\";m[29]=\"invalid element coordinates\";m[12]=\"invalid element state\";m[32]=\"invalid selector\";\nm[51]=\"invalid selector\";m[52]=\"invalid selector\";m[17]=\"javascript error\";m[405]=\"unsupported operation\";m[34]=\"move target out of bounds\";m[27]=\"no such alert\";m[7]=\"no such element\";m[8]=\"no such frame\";m[23]=\"no such window\";m[28]=\"script timeout\";m[33]=\"session not created\";m[10]=\"stale element reference\";m[21]=\"timeout\";m[25]=\"unable to set cookie\";m[26]=\"unexpected alert open\";m[13]=n;m[9]=\"unknown command\";var p;a:{var q=d.navigator;if(q){var r=q.userAgent;if(r){p=r;break a}}p=\"\"}function t(a){return-1!=p.indexOf(a)};function u(){return t(\"Firefox\")||t(\"FxiOS\")}function v(){return(t(\"Chrome\")||t(\"CriOS\"))&&!t(\"Edge\")};function w(){return t(\"iPhone\")&&!t(\"iPod\")&&!t(\"iPad\")};var y=t(\"Opera\"),z=t(\"Trident\")||t(\"MSIE\"),A=t(\"Edge\"),B=t(\"Gecko\")&&!(-1!=p.toLowerCase().indexOf(\"webkit\")&&!t(\"Edge\"))&&!(t(\"Trident\")||t(\"MSIE\"))&&!t(\"Edge\"),C=-1!=p.toLowerCase().indexOf(\"webkit\")&&!t(\"Edge\");function D(){var a=d.document;return a?a.documentMode:void 0}var E;\na:{var F=\"\",G=function(){var a=p;if(B)return/rv:([^\\);]+)(\\)|;)/.exec(a);if(A)return/Edge\\/([\\d\\.]+)/.exec(a);if(z)return/\\b(?:MSIE|rv)[: ]([^\\);]+)(\\)|;)/.exec(a);if(C)return/WebKit\\/(\\S+)/.exec(a);if(y)return/(?:Version)[ \\/]?(\\S+)/.exec(a)}();G&&(F=G?G[1]:\"\");if(z){var H=D();if(null!=H&&H>parseFloat(F)){E=String(H);break a}}E=F}var I;I=d.document&&z?D():void 0;var J=u(),K=w()||t(\"iPod\"),L=t(\"iPad\"),M=t(\"Android\")&&!(v()||u()||t(\"Opera\")||t(\"Silk\")),N=v(),aa=t(\"Safari\")&&!(v()||t(\"Coast\")||t(\"Opera\")||t(\"Edge\")||t(\"Edg/\")||t(\"OPR\")||u()||t(\"Silk\")||t(\"Android\"))&&!(w()||t(\"iPad\")||t(\"iPod\"));function O(a){return(a=a.exec(p))?a[1]:\"\"}(function(){if(J)return O(/Firefox\\/([0-9.]+)/);if(z||A||y)return E;if(N)return w()||t(\"iPad\")||t(\"iPod\")?O(/CriOS\\/([0-9.]+)/):O(/Chrome\\/([0-9.]+)/);if(aa&&!(w()||t(\"iPad\")||t(\"iPod\")))return O(/Version\\/([0-9.]+)/);if(K||L){var a=/Version\\/(\\S+).*Mobile\\/(\\S+)/.exec(p);if(a)return a[1]+\".\"+a[2]}else if(M)return(a=O(/Android\\s+([0-9.]+)/))?a:O(/Version\\/([0-9.]+)/);return\"\"})();var P=z&&!(8\u003C=Number(I)),ba=z&&!(9\u003C=Number(I));var ca={SCRIPT:1,STYLE:1,HEAD:1,IFRAME:1,OBJECT:1},Q={IMG:\" \",BR:\"\\n\"};function R(a,b,c){if(!(a.nodeName in ca))if(3==a.nodeType)c?b.push(String(a.nodeValue).replace(/(\\r\\n|\\r|\\n)/g,\"\")):b.push(a.nodeValue);else if(a.nodeName in Q)b.push(Q[a.nodeName]);else for(a=a.firstChild;a;)R(a,b,c),a=a.nextSibling};function S(a,b){b=b.toLowerCase();return\"style\"==b?da(a.style.cssText):P&&\"value\"==b&&T(a,\"INPUT\")?a.value:ba&&!0===a[b]?String(a.getAttribute(b)):(a=a.getAttributeNode(b))&&a.specified?a.value:null}var ea=/[;]+(?=(?:(?:[^\"]*\"){2})*[^\"]*$)(?=(?:(?:[^']*'){2})*[^']*$)(?=(?:[^()]*\\([^()]*\\))*[^()]*$)/;\nfunction da(a){var b=[];k(a.split(ea),function(c){var e=c.indexOf(\":\");0\u003Ce&&(c=[c.slice(0,e),c.slice(e+1)],2==c.length&&b.push(c[0].toLowerCase(),\":\",c[1],\";\"))});b=b.join(\"\");return b=\";\"==b.charAt(b.length-1)?b:b+\";\"}function U(a,b){P&&\"value\"==b&&T(a,\"OPTION\")&&null===S(a,\"value\")?(b=[],R(a,b,!1),a=b.join(\"\")):a=a[b];return a}\nfunction T(a,b){b&&\"string\"!==typeof b&&(b=b.toString());return a instanceof HTMLFormElement?!!a&&1==a.nodeType&&(!b||\"FORM\"==b):!!a&&1==a.nodeType&&(!b||a.tagName.toUpperCase()==b)}function V(a){return T(a,\"OPTION\")?!0:T(a,\"INPUT\")?(a=a.type.toLowerCase(),\"checkbox\"==a||\"radio\"==a):!1};var fa={\"class\":\"className\",readonly:\"readOnly\"},ha=\"allowfullscreen allowpaymentrequest allowusermedia async autofocus autoplay checked compact complete controls declare default defaultchecked defaultselected defer disabled ended formnovalidate hidden indeterminate iscontenteditable ismap itemscope loop multiple muted nohref nomodule noresize noshade novalidate nowrap open paused playsinline pubdate readonly required reversed scoped seamless seeking selected truespeed typemustmatch willvalidate\".split(\" \");function W(a,b){var c=null,e=b.toLowerCase();if(\"style\"==e)return(c=a.style)&&\"string\"!=typeof c&&(c=c.cssText),c;if((\"selected\"==e||\"checked\"==e)&&V(a)){if(!V(a))throw new l(15,\"Element is not selectable\");b=\"selected\";c=a.type&&a.type.toLowerCase();if(\"checkbox\"==c||\"radio\"==c)b=\"checked\";return U(a,b)?\"true\":null}var g=T(a,\"A\");if(T(a,\"IMG\")&&\"src\"==e||g&&\"href\"==e)return(c=S(a,e))&&(c=U(a,e)),c;if(\"spellcheck\"==e){c=S(a,e);if(null!==c){if(\"false\"==c.toLowerCase())return\"false\";if(\"true\"==c.toLowerCase())return\"true\"}return U(a,\ne)+\"\"}g=fa[b]||b;if(0\u003C=h(ha,e))return(c=null!==S(a,b)||U(a,g))?\"true\":null;try{var x=U(a,g)}catch(ia){}(e=null==x)||(e=typeof x,e=\"object\"==e&&null!=x||\"function\"==e);e?c=S(a,b):c=x;return null!=c?c.toString():null}var X=[\"_\"],Y=d;X[0]in Y||\"undefined\"==typeof Y.execScript||Y.execScript(\"var \"+X[0]);for(var Z;X.length&&(Z=X.shift());)X.length||void 0===W?Y[Z]&&Y[Z]!==Object.prototype[Z]?Y=Y[Z]:Y=Y[Z]={}:Y[Z]=W;; return this._.apply(null,arguments);}).apply({navigator:typeof window!='undefined'?window.navigator:null,document:typeof window!='undefined'?window.document:null}, arguments);}\n).apply(null, arguments);"
}
[1743135843.611][INFO]: Waiting for pending navigations...
[1743135844.587][INFO]: Done waiting for pending navigations. Status: ok
[1743135850.732][INFO]: Waiting for pending navigations...
[1743135852.223][INFO]: Done waiting for pending navigations. Status: ok
[1743135852.223][INFO]: [97f012cbf14e75489cb95dd615cc2ed8] RESPONSE ExecuteScript "true"
[1743135852.231][INFO]: [97f012cbf14e75489cb95dd615cc2ed8] COMMAND ExecuteScript {
   "args": [  ],
   "script": "\n                let test_element = document.createElement('div');\n                test_element.id = 'fuzz_mouseover_test_6e2fb3b2';\n                test_element.addEventListener('mouseover', function() { this.setAttribute('data-mouseover', 'true'); });\n                document.body.appendChild(test_element);\n            "
}
[1743135852.232][INFO]: Waiting for pending navigations...
[1743135853.742][INFO]: Done waiting for pending navigations. Status: ok
[1743135858.422][INFO]: Waiting for pending navigations...
[1743135859.989][INFO]: Done waiting for pending navigations. Status: ok
[1743135859.989][INFO]: [97f012cbf14e75489cb95dd615cc2ed8] RESPONSE ExecuteScript null
[1743135859.993][INFO]: [97f012cbf14e75489cb95dd615cc2ed8] COMMAND FindElement {
   "using": "css selector",
   "value": "[id=\"fuzz_mouseover_test_6e2fb3b2\"]"
}
[1743135859.993][INFO]: Waiting for pending navigations...
[1743135861.820][INFO]: Done waiting for pending navigations. Status: ok
[1743135866.954][INFO]: Waiting for pending navigations...
[1743135868.619][INFO]: Done waiting for pending navigations. Status: ok
[1743135868.620][INFO]: [97f012cbf14e75489cb95dd615cc2ed8] RESPONSE FindElement {
   "element-6066-11e4-a52e-4f735466cecf": "f.AD920BCF68FCCCE03BA46BAB6760BFED.d.624AFB3622E7314F3CDD2BAD54BD925A.e.21193"
}
[1743135868.625][INFO]: [97f012cbf14e75489cb95dd615cc2ed8] COMMAND PerformActions {
   "actions": [ {
      "actions": [ {
         "duration": 250,
         "origin": {
            "element-6066-11e4-a52e-4f735466cecf": "f.AD920BCF68FCCCE03BA46BAB6760BFED.d.624AFB3622E7314F3CDD2BAD54BD925A.e.21193"
         },
         "type": "pointerMove",
         "x": 0,
         "y": 0
      } ],
      "id": "mouse",
      "parameters": {
         "pointerType": "mouse"
      },
      "type": "pointer"
   }, {
      "actions": [ {
         "duration": 0,
         "type": "pause"
      } ],
      "id": "key",
      "type": "key"
   } ]
}
[1743135868.625][INFO]: Waiting for pending navigations...
[1743135870.371][INFO]: Done waiting for pending navigations. Status: ok
[1743135884.773][INFO]: Waiting for pending navigations...
[1743135886.288][INFO]: Done waiting for pending navigations. Status: ok
[1743135886.288][INFO]: [97f012cbf14e75489cb95dd615cc2ed8] RESPONSE PerformActions
[1743135886.796][INFO]: [97f012cbf14e75489cb95dd615cc2ed8] COMMAND ExecuteScript {
   "args": [ {
      "element-6066-11e4-a52e-4f735466cecf": "f.AD920BCF68FCCCE03BA46BAB6760BFED.d.624AFB3622E7314F3CDD2BAD54BD925A.e.21193"
   }, "data-mouseover" ],
   "script": "/* getAttribute */return (function(){return (function(){var d=this||self;function f(a,b){function c(){}c.prototype=b.prototype;a.prototype=new c;a.prototype.constructor=a};var h=Array.prototype.indexOf?function(a,b){return Array.prototype.indexOf.call(a,b,void 0)}:function(a,b){if(\"string\"===typeof a)return\"string\"!==typeof b||1!=b.length?-1:a.indexOf(b,0);for(var c=0;c\u003Ca.length;c++)if(c in a&&a[c]===b)return c;return-1},k=Array.prototype.forEach?function(a,b){Array.prototype.forEach.call(a,b,void 0)}:function(a,b){for(var c=a.length,e=\"string\"===typeof a?a.split(\"\"):a,g=0;g\u003Cc;g++)g in e&&b.call(void 0,e[g],g,a)};function l(a,b){this.code=a;this.a=m[a]||n;this.message=b||\"\";a=this.a.replace(/((?:^|\\s+)[a-z])/g,function(c){return c.toUpperCase().replace(/^[\\s\\xa0]+/g,\"\")});b=a.length-5;if(0>b||a.indexOf(\"Error\",b)!=b)a+=\"Error\";this.name=a;a=Error(this.message);a.name=this.name;this.stack=a.stack||\"\"}f(l,Error);var n=\"unknown error\",m={15:\"element not selectable\",11:\"element not visible\"};m[31]=n;m[30]=n;m[24]=\"invalid cookie domain\";m[29]=\"invalid element coordinates\";m[12]=\"invalid element state\";m[32]=\"invalid selector\";\nm[51]=\"invalid selector\";m[52]=\"invalid selector\";m[17]=\"javascript error\";m[405]=\"unsupported operation\";m[34]=\"move target out of bounds\";m[27]=\"no such alert\";m[7]=\"no such element\";m[8]=\"no such frame\";m[23]=\"no such window\";m[28]=\"script timeout\";m[33]=\"session not created\";m[10]=\"stale element reference\";m[21]=\"timeout\";m[25]=\"unable to set cookie\";m[26]=\"unexpected alert open\";m[13]=n;m[9]=\"unknown command\";var p;a:{var q=d.navigator;if(q){var r=q.userAgent;if(r){p=r;break a}}p=\"\"}function t(a){return-1!=p.indexOf(a)};function u(){return t(\"Firefox\")||t(\"FxiOS\")}function v(){return(t(\"Chrome\")||t(\"CriOS\"))&&!t(\"Edge\")};function w(){return t(\"iPhone\")&&!t(\"iPod\")&&!t(\"iPad\")};var y=t(\"Opera\"),z=t(\"Trident\")||t(\"MSIE\"),A=t(\"Edge\"),B=t(\"Gecko\")&&!(-1!=p.toLowerCase().indexOf(\"webkit\")&&!t(\"Edge\"))&&!(t(\"Trident\")||t(\"MSIE\"))&&!t(\"Edge\"),C=-1!=p.toLowerCase().indexOf(\"webkit\")&&!t(\"Edge\");function D(){var a=d.document;return a?a.documentMode:void 0}var E;\na:{var F=\"\",G=function(){var a=p;if(B)return/rv:([^\\);]+)(\\)|;)/.exec(a);if(A)return/Edge\\/([\\d\\.]+)/.exec(a);if(z)return/\\b(?:MSIE|rv)[: ]([^\\);]+)(\\)|;)/.exec(a);if(C)return/WebKit\\/(\\S+)/.exec(a);if(y)return/(?:Version)[ \\/]?(\\S+)/.exec(a)}();G&&(F=G?G[1]:\"\");if(z){var H=D();if(null!=H&&H>parseFloat(F)){E=String(H);break a}}E=F}var I;I=d.document&&z?D():void 0;var J=u(),K=w()||t(\"iPod\"),L=t(\"iPad\"),M=t(\"Android\")&&!(v()||u()||t(\"Opera\")||t(\"Silk\")),N=v(),aa=t(\"Safari\")&&!(v()||t(\"Coast\")||t(\"Opera\")||t(\"Edge\")||t(\"Edg/\")||t(\"OPR\")||u()||t(\"Silk\")||t(\"Android\"))&&!(w()||t(\"iPad\")||t(\"iPod\"));function O(a){return(a=a.exec(p))?a[1]:\"\"}(function(){if(J)return O(/Firefox\\/([0-9.]+)/);if(z||A||y)return E;if(N)return w()||t(\"iPad\")||t(\"iPod\")?O(/CriOS\\/([0-9.]+)/):O(/Chrome\\/([0-9.]+)/);if(aa&&!(w()||t(\"iPad\")||t(\"iPod\")))return O(/Version\\/([0-9.]+)/);if(K||L){var a=/Version\\/(\\S+).*Mobile\\/(\\S+)/.exec(p);if(a)return a[1]+\".\"+a[2]}else if(M)return(a=O(/Android\\s+([0-9.]+)/))?a:O(/Version\\/([0-9.]+)/);return\"\"})();var P=z&&!(8\u003C=Number(I)),ba=z&&!(9\u003C=Number(I));var ca={SCRIPT:1,STYLE:1,HEAD:1,IFRAME:1,OBJECT:1},Q={IMG:\" \",BR:\"\\n\"};function R(a,b,c){if(!(a.nodeName in ca))if(3==a.nodeType)c?b.push(String(a.nodeValue).replace(/(\\r\\n|\\r|\\n)/g,\"\")):b.push(a.nodeValue);else if(a.nodeName in Q)b.push(Q[a.nodeName]);else for(a=a.firstChild;a;)R(a,b,c),a=a.nextSibling};function S(a,b){b=b.toLowerCase();return\"style\"==b?da(a.style.cssText):P&&\"value\"==b&&T(a,\"INPUT\")?a.value:ba&&!0===a[b]?String(a.getAttribute(b)):(a=a.getAttributeNode(b))&&a.specified?a.value:null}var ea=/[;]+(?=(?:(?:[^\"]*\"){2})*[^\"]*$)(?=(?:(?:[^']*'){2})*[^']*$)(?=(?:[^()]*\\([^()]*\\))*[^()]*$)/;\nfunction da(a){var b=[];k(a.split(ea),function(c){var e=c.indexOf(\":\");0\u003Ce&&(c=[c.slice(0,e),c.slice(e+1)],2==c.length&&b.push(c[0].toLowerCase(),\":\",c[1],\";\"))});b=b.join(\"\");return b=\";\"==b.charAt(b.length-1)?b:b+\";\"}function U(a,b){P&&\"value\"==b&&T(a,\"OPTION\")&&null===S(a,\"value\")?(b=[],R(a,b,!1),a=b.join(\"\")):a=a[b];return a}\nfunction T(a,b){b&&\"string\"!==typeof b&&(b=b.toString());return a instanceof HTMLFormElement?!!a&&1==a.nodeType&&(!b||\"FORM\"==b):!!a&&1==a.nodeType&&(!b||a.tagName.toUpperCase()==b)}function V(a){return T(a,\"OPTION\")?!0:T(a,\"INPUT\")?(a=a.type.toLowerCase(),\"checkbox\"==a||\"radio\"==a):!1};var fa={\"class\":\"className\",readonly:\"readOnly\"},ha=\"allowfullscreen allowpaymentrequest allowusermedia async autofocus autoplay checked compact complete controls declare default defaultchecked defaultselected defer disabled ended formnovalidate hidden indeterminate iscontenteditable ismap itemscope loop multiple muted nohref nomodule noresize noshade novalidate nowrap open paused playsinline pubdate readonly required reversed scoped seamless seeking selected truespeed typemustmatch willvalidate\".split(\" \");function W(a,b){var c=null,e=b.toLowerCase();if(\"style\"==e)return(c=a.style)&&\"string\"!=typeof c&&(c=c.cssText),c;if((\"selected\"==e||\"checked\"==e)&&V(a)){if(!V(a))throw new l(15,\"Element is not selectable\");b=\"selected\";c=a.type&&a.type.toLowerCase();if(\"checkbox\"==c||\"radio\"==c)b=\"checked\";return U(a,b)?\"true\":null}var g=T(a,\"A\");if(T(a,\"IMG\")&&\"src\"==e||g&&\"href\"==e)return(c=S(a,e))&&(c=U(a,e)),c;if(\"spellcheck\"==e){c=S(a,e);if(null!==c){if(\"false\"==c.toLowerCase())return\"false\";if(\"true\"==c.toLowerCase())return\"true\"}return U(a,\ne)+\"\"}g=fa[b]||b;if(0\u003C=h(ha,e))return(c=null!==S(a,b)||U(a,g))?\"true\":null;try{var x=U(a,g)}catch(ia){}(e=null==x)||(e=typeof x,e=\"object\"==e&&null!=x||\"function\"==e);e?c=S(a,b):c=x;return null!=c?c.toString():null}var X=[\"_\"],Y=d;X[0]in Y||\"undefined\"==typeof Y.execScript||Y.execScript(\"var \"+X[0]);for(var Z;X.length&&(Z=X.shift());)X.length||void 0===W?Y[Z]&&Y[Z]!==Object.prototype[Z]?Y=Y[Z]:Y=Y[Z]={}:Y[Z]=W;; return this._.apply(null,arguments);}).apply({navigator:typeof window!='undefined'?window.navigator:null,document:typeof window!='undefined'?window.document:null}, arguments);}\n).apply(null, arguments);"
}
[1743135886.798][INFO]: Waiting for pending navigations...
[1743135888.503][INFO]: Done waiting for pending navigations. Status: ok
[1743135896.234][INFO]: Waiting for pending navigations...
[1743135898.011][INFO]: Done waiting for pending navigations. Status: ok
[1743135898.011][INFO]: [97f012cbf14e75489cb95dd615cc2ed8] RESPONSE ExecuteScript null
[1743135898.015][INFO]: [97f012cbf14e75489cb95dd615cc2ed8] COMMAND FindElements {
   "using": "tag name",
   "value": "form"
}
[1743135898.015][INFO]: Waiting for pending navigations...
[1743135900.023][INFO]: Done waiting for pending navigations. Status: ok
[1743135906.675][INFO]: Waiting for pending navigations...
[1743135908.887][INFO]: Done waiting for pending navigations. Status: ok
[1743135908.887][INFO]: [97f012cbf14e75489cb95dd615cc2ed8] RESPONSE FindElements [  ]
[1743135908.893][INFO]: [97f012cbf14e75489cb95dd615cc2ed8] COMMAND ExecuteScript {
   "args": [  ],
   "script": "return document.documentElement.lang;"
}
[1743135908.893][INFO]: Waiting for pending navigations...
[1743135911.071][INFO]: Done waiting for pending navigations. Status: ok
[1743135917.492][INFO]: Waiting for pending navigations...
[1743135920.593][INFO]: Done waiting for pending navigations. Status: ok
[1743135920.593][INFO]: [97f012cbf14e75489cb95dd615cc2ed8] RESPONSE ExecuteScript ""
[1743135920.600][INFO]: [97f012cbf14e75489cb95dd615cc2ed8] COMMAND ExecuteScript {
   "args": [  ],
   "script": "return document.documentElement.dir;"
}
[1743135920.600][INFO]: Waiting for pending navigations...
[1743135922.724][INFO]: Done waiting for pending navigations. Status: ok
[1743135930.057][INFO]: Waiting for pending navigations...
[1743135932.762][INFO]: Done waiting for pending navigations. Status: ok
[1743135932.763][INFO]: [97f012cbf14e75489cb95dd615cc2ed8] RESPONSE ExecuteScript ""
[1743135932.774][INFO]: [97f012cbf14e75489cb95dd615cc2ed8] COMMAND FindElements {
   "using": "xpath",
   "value": "//*[text()='Placeholder Text' or text()='Lorem ipsum']"
}
[1743135932.774][INFO]: Waiting for pending navigations...
[1743135935.128][INFO]: Done waiting for pending navigations. Status: ok
[1743135942.166][INFO]: Waiting for pending navigations...
[1743135944.372][INFO]: Done waiting for pending navigations. Status: ok
[1743135944.372][INFO]: [97f012cbf14e75489cb95dd615cc2ed8] RESPONSE FindElements [  ]
[1743135944.381][INFO]: [97f012cbf14e75489cb95dd615cc2ed8] COMMAND FindElements {
   "using": "xpath",
   "value": "//*[contains(@*, 'date')]"
}
[1743135944.381][INFO]: Waiting for pending navigations...
[1743135947.652][INFO]: Done waiting for pending navigations. Status: ok
[1743135955.030][INFO]: Waiting for pending navigations...
[1743135957.346][INFO]: Done waiting for pending navigations. Status: ok
[1743135957.347][INFO]: [97f012cbf14e75489cb95dd615cc2ed8] RESPONSE FindElements [  ]
[1743135957.351][INFO]: [97f012cbf14e75489cb95dd615cc2ed8] COMMAND ExecuteScript {
   "args": [  ],
   "script": "return window.performance.timing.navigationStart;"
}
[1743135957.351][INFO]: Waiting for pending navigations...
[1743135959.615][INFO]: Done waiting for pending navigations. Status: ok
[1743135966.535][INFO]: Waiting for pending navigations...
[1743135968.847][INFO]: Done waiting for pending navigations. Status: ok
[1743135968.847][INFO]: [97f012cbf14e75489cb95dd615cc2ed8] RESPONSE ExecuteScript 1.743135728255e+12
[1743135968.851][INFO]: [97f012cbf14e75489cb95dd615cc2ed8] COMMAND ExecuteScript {
   "args": [  ],
   "script": "return window.performance.timing.loadEventEnd;"
}
[1743135968.851][INFO]: Waiting for pending navigations...
[1743135971.145][INFO]: Done waiting for pending navigations. Status: ok
[1743135978.372][INFO]: Waiting for pending navigations...
[1743135981.052][INFO]: Done waiting for pending navigations. Status: ok
[1743135981.052][INFO]: [97f012cbf14e75489cb95dd615cc2ed8] RESPONSE ExecuteScript 1.743135728738e+12
[1743135981.057][INFO]: [97f012cbf14e75489cb95dd615cc2ed8] COMMAND ExecuteScript {
   "args": [  ],
   "script": "return window.performance.getEntriesByType('resource');"
}
[1743135981.057][INFO]: Waiting for pending navigations...
[1743135983.267][INFO]: Done waiting for pending navigations. Status: ok
[1743135990.230][INFO]: Waiting for pending navigations...
[1743135992.643][INFO]: Done waiting for pending navigations. Status: ok
[1743135992.643][INFO]: [97f012cbf14e75489cb95dd615cc2ed8] RESPONSE ExecuteScript [  ]
[1743135992.648][INFO]: [97f012cbf14e75489cb95dd615cc2ed8] COMMAND ExecuteScript {
   "args": [  ],
   "script": "\n                const longTasks = [];\n                try {\n                     new PerformanceObserver(list => {\n                        list.getEntries().forEach(entry => {\n                            if (entry.duration > 100) {\n                                longTasks.push({ name: entry.name, duration: entry.duration });\n                               }\n                         });\n                      }).observe({type: 'longtask', buffered: true});\n                } catch(e){}\n                return longTasks\n                "
}
[1743135992.648][INFO]: Waiting for pending navigations...
[1743135994.975][INFO]: Done waiting for pending navigations. Status: ok
[1743136002.858][INFO]: Waiting for pending navigations...
[1743136005.243][INFO]: Done waiting for pending navigations. Status: ok
[1743136005.243][INFO]: [97f012cbf14e75489cb95dd615cc2ed8] RESPONSE ExecuteScript [  ]
[1743136005.247][INFO]: [97f012cbf14e75489cb95dd615cc2ed8] COMMAND ExecuteScript {
   "args": [  ],
   "script": "return new Promise(resolve => {try {fid = new Promise(resolve => { new PerformanceObserver(list => {resolve(list.getEntries()[0].processingStart - list.getEntries()[0].startTime);}).observe({ type: 'first-input', buffered: true });});fid.then(value => resolve(value));} catch(e) {resolve(null);} })"
}
[1743136005.247][INFO]: Waiting for pending navigations...
[1743136008.144][INFO]: Done waiting for pending navigations. Status: ok
[1743136018.453][INFO]: Waiting for pending navigations...
[1743136020.950][INFO]: Done waiting for pending navigations. Status: ok
[1743136020.951][INFO]: [97f012cbf14e75489cb95dd615cc2ed8] RESPONSE ExecuteScript 1392.6999999999534
[1743136020.956][INFO]: [97f012cbf14e75489cb95dd615cc2ed8] COMMAND ExecuteScript {
   "args": [  ],
   "script": "\n                let navEntry = performance.getEntriesByType('navigation')[0];\n                return navEntry ? navEntry.responseStart - navEntry.requestStart : null;\n            "
}
[1743136020.956][INFO]: Waiting for pending navigations...
[1743136023.424][INFO]: Done waiting for pending navigations. Status: ok
[1743136031.422][INFO]: Waiting for pending navigations...
[1743136034.086][INFO]: Done waiting for pending navigations. Status: ok
[1743136034.086][INFO]: [97f012cbf14e75489cb95dd615cc2ed8] RESPONSE ExecuteScript 0
[1743136039.098][INFO]: [97f012cbf14e75489cb95dd615cc2ed8] COMMAND GetSource {
}
[1743136039.104][INFO]: Waiting for pending navigations...
[1743136039.310][INFO]: Done waiting for pending navigations. Status: ok
[1743136042.118][INFO]: Waiting for pending navigations...
[1743136044.605][INFO]: Done waiting for pending navigations. Status: ok
[1743136044.605][INFO]: [97f012cbf14e75489cb95dd615cc2ed8] RESPONSE GetSource "\u003Chtml>\u003Chead>\n    \u003Cmeta charset=\"UTF-8\">\n    \u003Ctitle>ASan Stress Test\u003C/title>\n    \u003Cstyle>\n        body { font-family: monospace; }\n        #domContainer { border: 1px solid #ccc; min-height: 50px; ma..."
[1743136044.625][INFO]: [97f012cbf14e75489cb95dd615cc2ed8] COMMAND FindElement {
   "using": "xpath",
   "value": "//*[contains(text(),'setTimeout(')]"
}
[1743136044.625][INFO]: Waiting for pending navigations...
[1743136047.297][INFO]: Done waiting for pending navigations. Status: ok
[1743136056.678][INFO]: Waiting for pending navigations...
[1743136059.311][INFO]: Done waiting for pending navigations. Status: ok
[1743136059.311][INFO]: [97f012cbf14e75489cb95dd615cc2ed8] RESPONSE FindElement {
   "element-6066-11e4-a52e-4f735466cecf": "f.AD920BCF68FCCCE03BA46BAB6760BFED.d.624AFB3622E7314F3CDD2BAD54BD925A.e.1540"
}
[1743136059.317][INFO]: [97f012cbf14e75489cb95dd615cc2ed8] COMMAND GetElementTagName {
   "id": "f.AD920BCF68FCCCE03BA46BAB6760BFED.d.624AFB3622E7314F3CDD2BAD54BD925A.e.1540"
}
[1743136059.317][INFO]: Waiting for pending navigations...
[1743136062.011][INFO]: Done waiting for pending navigations. Status: ok
[1743136073.140][INFO]: Waiting for pending navigations...
[1743136076.191][INFO]: Done waiting for pending navigations. Status: ok
[1743136076.192][INFO]: [97f012cbf14e75489cb95dd615cc2ed8] RESPONSE GetElementTagName "script"
[1743136076.197][INFO]: [97f012cbf14e75489cb95dd615cc2ed8] COMMAND ExecuteScript {
   "args": [ {
      "element-6066-11e4-a52e-4f735466cecf": "f.AD920BCF68FCCCE03BA46BAB6760BFED.d.624AFB3622E7314F3CDD2BAD54BD925A.e.1540"
   }, "outerHTML" ],
   "script": "/* getAttribute */return (function(){return (function(){var d=this||self;function f(a,b){function c(){}c.prototype=b.prototype;a.prototype=new c;a.prototype.constructor=a};var h=Array.prototype.indexOf?function(a,b){return Array.prototype.indexOf.call(a,b,void 0)}:function(a,b){if(\"string\"===typeof a)return\"string\"!==typeof b||1!=b.length?-1:a.indexOf(b,0);for(var c=0;c\u003Ca.length;c++)if(c in a&&a[c]===b)return c;return-1},k=Array.prototype.forEach?function(a,b){Array.prototype.forEach.call(a,b,void 0)}:function(a,b){for(var c=a.length,e=\"string\"===typeof a?a.split(\"\"):a,g=0;g\u003Cc;g++)g in e&&b.call(void 0,e[g],g,a)};function l(a,b){this.code=a;this.a=m[a]||n;this.message=b||\"\";a=this.a.replace(/((?:^|\\s+)[a-z])/g,function(c){return c.toUpperCase().replace(/^[\\s\\xa0]+/g,\"\")});b=a.length-5;if(0>b||a.indexOf(\"Error\",b)!=b)a+=\"Error\";this.name=a;a=Error(this.message);a.name=this.name;this.stack=a.stack||\"\"}f(l,Error);var n=\"unknown error\",m={15:\"element not selectable\",11:\"element not visible\"};m[31]=n;m[30]=n;m[24]=\"invalid cookie domain\";m[29]=\"invalid element coordinates\";m[12]=\"invalid element state\";m[32]=\"invalid selector\";\nm[51]=\"invalid selector\";m[52]=\"invalid selector\";m[17]=\"javascript error\";m[405]=\"unsupported operation\";m[34]=\"move target out of bounds\";m[27]=\"no such alert\";m[7]=\"no such element\";m[8]=\"no such frame\";m[23]=\"no such window\";m[28]=\"script timeout\";m[33]=\"session not created\";m[10]=\"stale element reference\";m[21]=\"timeout\";m[25]=\"unable to set cookie\";m[26]=\"unexpected alert open\";m[13]=n;m[9]=\"unknown command\";var p;a:{var q=d.navigator;if(q){var r=q.userAgent;if(r){p=r;break a}}p=\"\"}function t(a){return-1!=p.indexOf(a)};function u(){return t(\"Firefox\")||t(\"FxiOS\")}function v(){return(t(\"Chrome\")||t(\"CriOS\"))&&!t(\"Edge\")};function w(){return t(\"iPhone\")&&!t(\"iPod\")&&!t(\"iPad\")};var y=t(\"Opera\"),z=t(\"Trident\")||t(\"MSIE\"),A=t(\"Edge\"),B=t(\"Gecko\")&&!(-1!=p.toLowerCase().indexOf(\"webkit\")&&!t(\"Edge\"))&&!(t(\"Trident\")||t(\"MSIE\"))&&!t(\"Edge\"),C=-1!=p.toLowerCase().indexOf(\"webkit\")&&!t(\"Edge\");function D(){var a=d.document;return a?a.documentMode:void 0}var E;\na:{var F=\"\",G=function(){var a=p;if(B)return/rv:([^\\);]+)(\\)|;)/.exec(a);if(A)return/Edge\\/([\\d\\.]+)/.exec(a);if(z)return/\\b(?:MSIE|rv)[: ]([^\\);]+)(\\)|;)/.exec(a);if(C)return/WebKit\\/(\\S+)/.exec(a);if(y)return/(?:Version)[ \\/]?(\\S+)/.exec(a)}();G&&(F=G?G[1]:\"\");if(z){var H=D();if(null!=H&&H>parseFloat(F)){E=String(H);break a}}E=F}var I;I=d.document&&z?D():void 0;var J=u(),K=w()||t(\"iPod\"),L=t(\"iPad\"),M=t(\"Android\")&&!(v()||u()||t(\"Opera\")||t(\"Silk\")),N=v(),aa=t(\"Safari\")&&!(v()||t(\"Coast\")||t(\"Opera\")||t(\"Edge\")||t(\"Edg/\")||t(\"OPR\")||u()||t(\"Silk\")||t(\"Android\"))&&!(w()||t(\"iPad\")||t(\"iPod\"));function O(a){return(a=a.exec(p))?a[1]:\"\"}(function(){if(J)return O(/Firefox\\/([0-9.]+)/);if(z||A||y)return E;if(N)return w()||t(\"iPad\")||t(\"iPod\")?O(/CriOS\\/([0-9.]+)/):O(/Chrome\\/([0-9.]+)/);if(aa&&!(w()||t(\"iPad\")||t(\"iPod\")))return O(/Version\\/([0-9.]+)/);if(K||L){var a=/Version\\/(\\S+).*Mobile\\/(\\S+)/.exec(p);if(a)return a[1]+\".\"+a[2]}else if(M)return(a=O(/Android\\s+([0-9.]+)/))?a:O(/Version\\/([0-9.]+)/);return\"\"})();var P=z&&!(8\u003C=Number(I)),ba=z&&!(9\u003C=Number(I));var ca={SCRIPT:1,STYLE:1,HEAD:1,IFRAME:1,OBJECT:1},Q={IMG:\" \",BR:\"\\n\"};function R(a,b,c){if(!(a.nodeName in ca))if(3==a.nodeType)c?b.push(String(a.nodeValue).replace(/(\\r\\n|\\r|\\n)/g,\"\")):b.push(a.nodeValue);else if(a.nodeName in Q)b.push(Q[a.nodeName]);else for(a=a.firstChild;a;)R(a,b,c),a=a.nextSibling};function S(a,b){b=b.toLowerCase();return\"style\"==b?da(a.style.cssText):P&&\"value\"==b&&T(a,\"INPUT\")?a.value:ba&&!0===a[b]?String(a.getAttribute(b)):(a=a.getAttributeNode(b))&&a.specified?a.value:null}var ea=/[;]+(?=(?:(?:[^\"]*\"){2})*[^\"]*$)(?=(?:(?:[^']*'){2})*[^']*$)(?=(?:[^()]*\\([^()]*\\))*[^()]*$)/;\nfunction da(a){var b=[];k(a.split(ea),function(c){var e=c.indexOf(\":\");0\u003Ce&&(c=[c.slice(0,e),c.slice(e+1)],2==c.length&&b.push(c[0].toLowerCase(),\":\",c[1],\";\"))});b=b.join(\"\");return b=\";\"==b.charAt(b.length-1)?b:b+\";\"}function U(a,b){P&&\"value\"==b&&T(a,\"OPTION\")&&null===S(a,\"value\")?(b=[],R(a,b,!1),a=b.join(\"\")):a=a[b];return a}\nfunction T(a,b){b&&\"string\"!==typeof b&&(b=b.toString());return a instanceof HTMLFormElement?!!a&&1==a.nodeType&&(!b||\"FORM\"==b):!!a&&1==a.nodeType&&(!b||a.tagName.toUpperCase()==b)}function V(a){return T(a,\"OPTION\")?!0:T(a,\"INPUT\")?(a=a.type.toLowerCase(),\"checkbox\"==a||\"radio\"==a):!1};var fa={\"class\":\"className\",readonly:\"readOnly\"},ha=\"allowfullscreen allowpaymentrequest allowusermedia async autofocus autoplay checked compact complete controls declare default defaultchecked defaultselected defer disabled ended formnovalidate hidden indeterminate iscontenteditable ismap itemscope loop multiple muted nohref nomodule noresize noshade novalidate nowrap open paused playsinline pubdate readonly required reversed scoped seamless seeking selected truespeed typemustmatch willvalidate\".split(\" \");function W(a,b){var c=null,e=b.toLowerCase();if(\"style\"==e)return(c=a.style)&&\"string\"!=typeof c&&(c=c.cssText),c;if((\"selected\"==e||\"checked\"==e)&&V(a)){if(!V(a))throw new l(15,\"Element is not selectable\");b=\"selected\";c=a.type&&a.type.toLowerCase();if(\"checkbox\"==c||\"radio\"==c)b=\"checked\";return U(a,b)?\"true\":null}var g=T(a,\"A\");if(T(a,\"IMG\")&&\"src\"==e||g&&\"href\"==e)return(c=S(a,e))&&(c=U(a,e)),c;if(\"spellcheck\"==e){c=S(a,e);if(null!==c){if(\"false\"==c.toLowerCase())return\"false\";if(\"true\"==c.toLowerCase())return\"true\"}return U(a,\ne)+\"\"}g=fa[b]||b;if(0\u003C=h(ha,e))return(c=null!==S(a,b)||U(a,g))?\"true\":null;try{var x=U(a,g)}catch(ia){}(e=null==x)||(e=typeof x,e=\"object\"==e&&null!=x||\"function\"==e);e?c=S(a,b):c=x;return null!=c?c.toString():null}var X=[\"_\"],Y=d;X[0]in Y||\"undefined\"==typeof Y.execScript||Y.execScript(\"var \"+X[0]);for(var Z;X.length&&(Z=X.shift());)X.length||void 0===W?Y[Z]&&Y[Z]!==Object.prototype[Z]?Y=Y[Z]:Y=Y[Z]={}:Y[Z]=W;; return this._.apply(null,arguments);}).apply({navigator:typeof window!='undefined'?window.navigator:null,document:typeof window!='undefined'?window.document:null}, arguments);}\n).apply(null, arguments);"
}
[1743136076.198][INFO]: Waiting for pending navigations...
[1743136079.091][INFO]: Done waiting for pending navigations. Status: ok
[1743136091.640][INFO]: Waiting for pending navigations...
[1743136094.677][INFO]: Done waiting for pending navigations. Status: ok
[1743136094.677][INFO]: [97f012cbf14e75489cb95dd615cc2ed8] RESPONSE ExecuteScript "\u003Cscript>\n        const logElement = document.getElementById('log');\n        function log(message) {\n            console.log(message);\n            logElement.textContent += message + '\\n';\n         ..."
[1743136094.688][INFO]: [97f012cbf14e75489cb95dd615cc2ed8] COMMAND GetLog {
   "type": "browser"
}
[1743136097.780][INFO]: [97f012cbf14e75489cb95dd615cc2ed8] RESPONSE GetLog [ {
   "level": "INFO",
   "message": "file:///tmp/single_test_page1/page1.html 30:20 \"DOM Stress Cycle 2\"",
   "source": "console-api",
   "timestamp": 1.743135729537e+12
}, {
   "level": "INFO",
   "message": "file:///tmp/single_test_page1/page1.html 30:20 \"Canvas Stress Cycle 2\"",
   "source": "console-api",
   "timestamp": 1.743135729556e+12
}, {
   "level": "INFO",
   "message": "file:///tmp/single_test_page1/page1.html 30:20 \"Memory Stress Cycle 2\"",
   "source": "console-api",
   "timestamp": 1.743135729657e+12
}, {
   "level": "INFO",
   "message": "file:///tmp/single_test_page1/page1.html 30:20 \"Allocating 30MB ArrayBuffer...\"",
   "source": "console-api",
   "timestamp": 1.74313572967e+12
}, {
   "level": "INFO",
   "message": "file:///tmp/single_test_page1/page1.html 30:20 \"Allocated 30MB. Total held buffers: 2\"",
   "source": "console-api",
   "timestamp": 1.743135729684e+12
}, {
   "level": "INFO",
   "message": "file:///tmp/single_test_page1/page1.html 30:20 \"DOM Stress Cycle 3\"",
   "source": "console-api",
   "timestamp": 1.743135729782e+12
}, {
   "level": "INFO",
   "message": "file:///tmp/single_test_page1/page1.html 30:20 \"Canvas Stress Cycle 3\"",
   "source": "console-api",
   "timestamp": 1.743135729835e+12
}, {
   "level": "INFO",
   "message": "file:///tmp/single_test_page1/page1.html 30:20 \"Clearing canvas...\"",
   "source": "console-api",
   "timestamp": 1.743135729937e+12
}, {
   "level": "INFO",
   "message": "file:///tmp/single_test_page1/page1.html 30:20 \"Memory Stress Cycle 3\"",
   "source": "console-api",
   "timestamp": 1.743135729952e+12
}, {
   "level": "INFO",
   "message": "file:///tmp/single_test_page1/page1.html 30:20 \"Allocating 30MB ArrayBuffer...\"",
   "source": "console-api",
   "timestamp": 1.743135729966e+12
}, {
   "level": "INFO",
   "message": "file:///tmp/single_test_page1/page1.html 30:20 \"Allocated 30MB. Total held buffers: 3\"",
   "source": "console-api",
   "timestamp": 1.74313572998e+12
}, {
   "level": "INFO",
   "message": "file:///tmp/single_test_page1/page1.html 30:20 \"DOM Stress Cycle 4\"",
   "source": "console-api",
   "timestamp": 1.743135730111e+12
}, {
   "level": "INFO",
   "message": "file:///tmp/single_test_page1/page1.html 30:20 \"Canvas Stress Cycle 4\"",
   "source": "console-api",
   "timestamp": 1.743135730157e+12
}, {
   "level": "INFO",
   "message": "file:///tmp/single_test_page1/page1.html 30:20 \"Memory Stress Cycle 4\"",
   "source": "console-api",
   "timestamp": 1.743135730254e+12
}, {
   "level": "INFO",
   "message": "file:///tmp/single_test_page1/page1.html 30:20 \"Allocating 30MB ArrayBuffer...\"",
   "source": "console-api",
   "timestamp": 1.743135730268e+12
}, {
   "level": "INFO",
   "message": "file:///tmp/single_test_page1/page1.html 30:20 \"Allocated 30MB. Total held buffers: 4\"",
   "source": "console-api",
   "timestamp": 1.743135730288e+12
}, {
   "level": "INFO",
   "message": "file:///tmp/single_test_page1/page1.html 30:20 \"DOM Stress Cycle 5\"",
   "source": "console-api",
   "timestamp": 1.743135730406e+12
}, {
   "level": "INFO",
   "message": "file:///tmp/single_test_page1/page1.html 30:20 \"Canvas Stress Cycle 5\"",
   "source": "console-api",
   "timestamp": 1.74313573046e+12
}, {
   "level": "INFO",
   "message": "file:///tmp/single_test_page1/page1.html 30:20 \"Memory Stress Cycle 5\"",
   "source": "console-api",
   "timestamp": 1.74313573056e+12
}, "..." ]
[1743136097.827][INFO]: [97f012cbf14e75489cb95dd615cc2ed8] COMMAND ExecuteCDP {
   "cmd": "Performance.getMetrics",
   "params": {
   }
}
[1743136097.828][INFO]: Waiting for pending navigations...
[1743136100.667][INFO]: Done waiting for pending navigations. Status: ok
[1743136100.681][INFO]: Waiting for pending navigations...
[1743136103.714][INFO]: Done waiting for pending navigations. Status: ok
[1743136103.715][INFO]: [97f012cbf14e75489cb95dd615cc2ed8] RESPONSE ExecuteCDP {
   "metrics": [ {
      "name": "Timestamp",
      "value": 1030.61386
   }, {
      "name": "AudioHandlers",
      "value": 0
   }, {
      "name": "AudioWorkletProcessors",
      "value": 0
   }, {
      "name": "Documents",
      "value": 1
   }, {
      "name": "Frames",
      "value": 1
   }, {
      "name": "JSEventListeners",
      "value": 3
   }, {
      "name": "LayoutObjects",
      "value": 3414
   }, {
      "name": "MediaKeySessions",
      "value": 0
   }, {
      "name": "MediaKeys",
      "value": 0
   }, {
      "name": "Nodes",
      "value": 3431
   }, {
      "name": "Resources",
      "value": 0
   }, {
      "name": "ContextLifecycleStateObservers",
      "value": 3
   }, {
      "name": "V8PerContextDatas",
      "value": 1
   }, {
      "name": "WorkerGlobalScopes",
      "value": 0
   }, {
      "name": "UACSSResources",
      "value": 0
   }, {
      "name": "RTCPeerConnections",
      "value": 0
   }, {
      "name": "ResourceFetchers",
      "value": 1
   }, {
      "name": "AdSubframes",
      "value": 0
   }, {
      "name": "DetachedScriptStates",
      "value": 0
   }, "..." ]
}
[1743136103.720][INFO]: [97f012cbf14e75489cb95dd615cc2ed8] COMMAND ExecuteScript {
   "args": [  ],
   "script": "return !!window;"
}
[1743136103.720][INFO]: Waiting for pending navigations...
[1743136106.611][INFO]: Done waiting for pending navigations. Status: ok
[1743136116.518][INFO]: Waiting for pending navigations...
[1743136119.544][INFO]: Done waiting for pending navigations. Status: ok
[1743136119.544][INFO]: [97f012cbf14e75489cb95dd615cc2ed8] RESPONSE ExecuteScript true
[1743136119.549][INFO]: [97f012cbf14e75489cb95dd615cc2ed8] COMMAND ExecuteCDP {
   "cmd": "Profiler.enable",
   "params": {
   }
}
[1743136119.549][INFO]: Waiting for pending navigations...
[1743136123.077][INFO]: Done waiting for pending navigations. Status: ok
[1743136126.088][INFO]: Waiting for pending navigations...
[1743136129.230][INFO]: Done waiting for pending navigations. Status: ok
[1743136129.230][INFO]: [97f012cbf14e75489cb95dd615cc2ed8] RESPONSE ExecuteCDP {
}
[1743136129.236][INFO]: [97f012cbf14e75489cb95dd615cc2ed8] COMMAND ExecuteCDP {
   "cmd": "Profiler.startPreciseCoverage",
   "params": {
      "callCount": false,
      "detailed": false
   }
}
[1743136129.236][INFO]: Waiting for pending navigations...
[1743136132.410][INFO]: Done waiting for pending navigations. Status: ok
[1743136135.612][INFO]: Waiting for pending navigations...
[1743136138.745][INFO]: Done waiting for pending navigations. Status: ok
[1743136138.745][INFO]: [97f012cbf14e75489cb95dd615cc2ed8] RESPONSE ExecuteCDP {
   "timestamp": 1065.542141
}
[1743136138.751][INFO]: [97f012cbf14e75489cb95dd615cc2ed8] COMMAND ExecuteCDP {
   "cmd": "Performance.getMetrics",
   "params": {
   }
}
[1743136138.751][INFO]: Waiting for pending navigations...
[1743136141.927][INFO]: Done waiting for pending navigations. Status: ok
[1743136141.938][INFO]: Waiting for pending navigations...
[1743136145.569][INFO]: Done waiting for pending navigations. Status: ok
[1743136145.569][INFO]: [97f012cbf14e75489cb95dd615cc2ed8] RESPONSE ExecuteCDP {
   "metrics": [ {
      "name": "Timestamp",
      "value": 1071.874671
   }, {
      "name": "AudioHandlers",
      "value": 0
   }, {
      "name": "AudioWorkletProcessors",
      "value": 0
   }, {
      "name": "Documents",
      "value": 1
   }, {
      "name": "Frames",
      "value": 1
   }, {
      "name": "JSEventListeners",
      "value": 3
   }, {
      "name": "LayoutObjects",
      "value": 5227
   }, {
      "name": "MediaKeySessions",
      "value": 0
   }, {
      "name": "MediaKeys",
      "value": 0
   }, {
      "name": "Nodes",
      "value": 4410
   }, {
      "name": "Resources",
      "value": 0
   }, {
      "name": "ContextLifecycleStateObservers",
      "value": 3
   }, {
      "name": "V8PerContextDatas",
      "value": 1
   }, {
      "name": "WorkerGlobalScopes",
      "value": 0
   }, {
      "name": "UACSSResources",
      "value": 0
   }, {
      "name": "RTCPeerConnections",
      "value": 0
   }, {
      "name": "ResourceFetchers",
      "value": 1
   }, {
      "name": "AdSubframes",
      "value": 0
   }, {
      "name": "DetachedScriptStates",
      "value": 0
   }, "..." ]
}
[1743136145.574][INFO]: [97f012cbf14e75489cb95dd615cc2ed8] COMMAND ExecuteScript {
   "args": [  ],
   "script": "return !!window;"
}
[1743136145.574][INFO]: Waiting for pending navigations...
[1743136148.743][INFO]: Done waiting for pending navigations. Status: ok
[1743136158.828][INFO]: Waiting for pending navigations...
[1743136162.022][INFO]: Done waiting for pending navigations. Status: ok
[1743136162.023][INFO]: [97f012cbf14e75489cb95dd615cc2ed8] RESPONSE ExecuteScript true
[1743136162.029][INFO]: [97f012cbf14e75489cb95dd615cc2ed8] COMMAND ExecuteCDP {
   "cmd": "Profiler.takePreciseCoverage",
   "params": {
   }
}
[1743136162.029][INFO]: Waiting for pending navigations...
[1743136165.713][INFO]: Done waiting for pending navigations. Status: ok
[1743136168.834][INFO]: Waiting for pending navigations...
[1743136172.045][INFO]: Done waiting for pending navigations. Status: ok
[1743136172.047][INFO]: [97f012cbf14e75489cb95dd615cc2ed8] RESPONSE ExecuteCDP {
   "result": [ {
      "functions": [ {
         "functionName": "log",
         "isBlockCoverage": false,
         "ranges": [ {
            "count": 1,
            "endOffset": 249,
            "startOffset": 68
         } ]
      }, {
         "functionName": "stressDOM",
         "isBlockCoverage": false,
         "ranges": [ {
            "count": 1,
            "endOffset": 2200,
            "startOffset": 473
         } ]
      }, {
         "functionName": "stressCanvas",
         "isBlockCoverage": false,
         "ranges": [ {
            "count": 1,
            "endOffset": 4707,
            "startOffset": 2257
         } ]
      }, {
         "functionName": "stressMemory",
         "isBlockCoverage": false,
         "ranges": [ {
            "count": 1,
            "endOffset": 6267,
            "startOffset": 4880
         } ]
      }, {
         "functionName": "runStressCycle",
         "isBlockCoverage": false,
         "ranges": [ {
            "count": 1,
            "endOffset": 6868,
            "startOffset": 6306
         } ]
      } ],
      "scriptId": "6",
      "url": "file:///tmp/single_test_page1/page1.html"
   }, {
      "functions": [ {
         "functionName": "PerformanceObserver.observe.type",
         "isBlockCoverage": false,
         "ranges": [ {
            "count": 1,
            "endOffset": 463,
            "startOffset": 155
         } ]
      }, {
         "functionName": "",
         "isBlockCoverage": false,
         "ranges": [ {
            "count": 1,
            "endOffset": 437,
            "startOffset": 215
         } ]
      } ],
      "scriptId": "144",
      "url": ""
   }, {
      "functions": [ {
         "functionName": "",
         "isBlockCoverage": false,
         "ranges": [ {
            "count": 1,
            "endOffset": 1,
            "startOffset": 0
         } ]
      } ],
      "scriptId": "177",
      "url": ""
   }, {
      "functions": [ {
         "functionName": "",
         "isBlockCoverage": false,
         "ranges": [ {
            "count": 1,
            "endOffset": 1,
            "startOffset": 0
         } ]
      } ],
      "scriptId": "178",
      "url": ""
   }, {
      "functions": [ {
         "functionName": "",
         "isBlockCoverage": false,
         "ranges": [ {
            "count": 1,
            "endOffset": 1,
            "startOffset": 0
         } ]
      } ],
      "scriptId": "179",
      "url": ""
   }, {
      "functions": [ {
         "functionName": "",
         "isBlockCoverage": false,
         "ranges": [ {
            "count": 1,
            "endOffset": 1,
            "startOffset": 0
         } ]
      } ],
      "scriptId": "180",
      "url": ""
   }, {
      "functions": [ {
         "functionName": "",
         "isBlockCoverage": false,
         "ranges": [ {
            "count": 1,
            "endOffset": 13937,
            "startOffset": 0
         } ]
      }, {
         "functionName": "",
         "isBlockCoverage": false,
         "ranges": [ {
            "count": 1,
            "endOffset": 13936,
            "startOffset": 1
         } ]
      }, {
         "functionName": "",
         "isBlockCoverage": false,
         "ranges": [ {
            "count": 1,
            "endOffset": 12985,
            "startOffset": 21
         } ]
      }, {
         "functionName": "newError",
         "isBlockCoverage": false,
         "ranges": [ {
            "count": 0,
            "endOffset": 1616,
            "startOffset": 1507
         } ]
      }, {
         "functionName": "isNodeReachable",
         "isBlockCoverage": false,
         "ranges": [ {
            "count": 0,
            "endOffset": 1881,
            "startOffset": 1618
         } ]
      }, {
         "functionName": "getNodeRoot",
         "isBlockCoverage": false,
         "ranges": [ {
            "count": 0,
            "endOffset": 2250,
            "startOffset": 2137
         } ]
      }, {
         "functionName": "getNodeRootThroughAnyShadows",
         "isBlockCoverage": false,
         "ranges": [ {
            "count": 0,
            "endOffset": 2548,
            "startOffset": 2354
         } ]
      }, {
         "functionName": "isElement",
         "isBlockCoverage": false,
         "ranges": [ {
            "count": 0,
            "endOffset": 3660,
            "startOffset": 2716
         } ]
      }, {
         "functionName": "isCollection",
         "isBlockCoverage": false,
         "ranges": [ {
            "count": 1,
            "endOffset": 4114,
            "startOffset": 3876
         } ]
      }, {
         "functionName": "cloneWithAlgorithm",
         "isBlockCoverage": false,
         "ranges": [ {
            "count": 1,
            "endOffset": 5281,
            "startOffset": 4622
         } ]
      }, {
         "functionName": "maybeCopyProperty",
         "isBlockCoverage": false,
         "ranges": [ {
            "count": 1,
            "endOffset": 4949,
            "startOffset": 4697
         } ]
      }, {
         "functionName": "cloneWithCircularCheck",
         "isBlockCoverage": false,
         "ranges": [ {
            "count": 0,
            "endOffset": 5981,
            "startOffset": 5710
         } ]
      }, {
         "functionName": "serializationGuard",
         "isBlockCoverage": false,
         "ranges": [ {
            "count": 0,
            "endOffset": 6684,
            "startOffset": 6037
         } ]
      }, {
         "functionName": "preprocessResult",
         "isBlockCoverage": false,
         "ranges": [ {
            "count": 1,
            "endOffset": 8931,
            "startOffset": 7053
         } ]
      }, {
         "functionName": "resolveReferencesRecursive",
         "isBlockCoverage": false,
         "ranges": [ {
            "count": 1,
            "endOffset": 10157,
            "startOffset": 9315
         } ]
      }, {
         "functionName": "resolveReferences",
         "isBlockCoverage": false,
         "ranges": [ {
            "count": 1,
            "endOffset": 10953,
            "startOffset": 10467
         } ]
      }, {
         "functionName": "callFunction",
         "isBlockCoverage": false,
         "ranges": [ {
            "count": 1,
            "endOffset": 12938,
            "startOffset": 11809
         } ]
      }, {
         "functionName": "buildError",
         "isBlockCoverage": false,
         "ranges": [ {
            "count": 0,
            "endOffset": 12232,
            "startOffset": 11935
         } ]
      }, {
         "functionName": "",
         "isBlockCoverage": false,
         "ranges": [ {
            "count": 1,
            "endOffset": 12845,
            "startOffset": 12567
         } ]
      }, "..." ],
      "scriptId": "181",
      "url": ""
   }, {
      "functions": [ {
         "functionName": "",
         "isBlockCoverage": false,
         "ranges": [ {
            "count": 1,
            "endOffset": 69,
            "startOffset": 0
         } ]
      }, {
         "functionName": "",
         "isBlockCoverage": false,
         "ranges": [ {
            "count": 1,
            "endOffset": 68,
            "startOffset": 1
         } ]
      }, {
         "functionName": "",
         "isBlockCoverage": false,
         "ranges": [ {
            "count": 1,
            "endOffset": 66,
            "startOffset": 32
         } ]
      } ],
      "scriptId": "182",
      "url": ""
   }, {
      "functions": [ {
         "functionName": "",
         "isBlockCoverage": false,
         "ranges": [ {
            "count": 1,
            "endOffset": 1,
            "startOffset": 0
         } ]
      } ],
      "scriptId": "183",
      "url": ""
   }, {
      "functions": [ {
         "functionName": "",
         "isBlockCoverage": false,
         "ranges": [ {
            "count": 1,
            "endOffset": 1,
            "startOffset": 0
         } ]
      } ],
      "scriptId": "184",
      "url": ""
   } ],
   "timestamp": 1098.767118
}
[1743136172.054][INFO]: [97f012cbf14e75489cb95dd615cc2ed8] COMMAND ExecuteCDP {
   "cmd": "Profiler.stopPreciseCoverage",
   "params": {
   }
}
[1743136172.054][INFO]: Waiting for pending navigations...
[1743136175.341][INFO]: Done waiting for pending navigations. Status: ok
[1743136179.611][INFO]: Waiting for pending navigations...
[1743136182.906][INFO]: Done waiting for pending navigations. Status: ok
[1743136182.906][INFO]: [97f012cbf14e75489cb95dd615cc2ed8] RESPONSE ExecuteCDP {
}
[1743136182.911][INFO]: [97f012cbf14e75489cb95dd615cc2ed8] COMMAND ExecuteCDP {
   "cmd": "Profiler.disable",
   "params": {
   }
}
[1743136182.911][INFO]: Waiting for pending navigations...
[1743136186.168][INFO]: Done waiting for pending navigations. Status: ok
[1743136189.404][INFO]: Waiting for pending navigations...
[1743136192.755][INFO]: Done waiting for pending navigations. Status: ok
[1743136192.756][INFO]: [97f012cbf14e75489cb95dd615cc2ed8] RESPONSE ExecuteCDP {
}
[1743136222.759][INFO]: [97f012cbf14e75489cb95dd615cc2ed8] COMMAND Quit {
}
[1743136292.940][INFO]: [97f012cbf14e75489cb95dd615cc2ed8] RESPONSE Quit
