[144324:144324:0324/151142.892123:ERROR:cursor_factory.cc(96)] Not implemented reached in virtual void ui::CursorFactory::ObserveThemeChanges()
[144324:144324:0324/151143.396247:WARNING:account_consistency_mode_manager.cc(72)] Desktop Identity Consistency cannot be enabled as no OAuth client ID and client secret have been configured.
[144397:144397:0324/151143.451725:WARNING:sandbox_linux.cc(415)] InitializeSandbox() called with multiple threads in process gpu-process.
[144397:144397:0324/151143.484059:WARNING:viz_main_impl.cc(85)] VizNullHypothesis is disabled (not a warning)
[144398:144398:0324/151143.863737:WARNING:sandbox_linux.cc(415)] InitializeSandbox() called with multiple threads in process gpu-process.
[144398:144398:0324/151143.929699:WARNING:viz_main_impl.cc(85)] VizNullHypothesis is disabled (not a warning)
[144324:144324:0324/151144.931905:ERROR:platform_screen.cc(45)] Not implemented reached in virtual bool ui::PlatformScreen::IsScreenSaverActive() const
[144324:144324:0324/151144.932000:ERROR:platform_screen.cc(50)] Not implemented reached in virtual base::TimeDelta ui::PlatformScreen::CalculateIdleTime() const
[144324:144324:0324/151144.935806:WARNING:compose_enabling.cc(64)] Couldn't get country info.
[144324:144324:0324/151159.225374:INFO:CONSOLE(389)] "Uncaught SyntaxError: Invalid or unexpected token", source: file:///home/dhia/browser-fuzzer/Dissertation/logger/run_20250324_064826/round_048/mutations/mutated_0004.html (389)
[144324:144324:0324/151159.460406:INFO:CONSOLE(400)] "Uncaught SyntaxError: Invalid or unexpected token", source: file:///home/dhia/browser-fuzzer/Dissertation/logger/run_20250324_064826/round_048/mutations/mutated_0004.html (400)
[144324:144324:0324/151159.612397:INFO:CONSOLE(401)] "Uncaught SyntaxError: Invalid or unexpected token", source: file:///home/dhia/browser-fuzzer/Dissertation/logger/run_20250324_064826/round_048/mutations/mutated_0004.html (401)
[144324:144324:0324/151159.809368:INFO:CONSOLE(480)] "Uncaught SyntaxError: Invalid or unexpected token", source: file:///home/dhia/browser-fuzzer/Dissertation/logger/run_20250324_064826/round_048/mutations/mutated_0004.html (480)
[144324:144324:0324/151159.815585:INFO:CONSOLE(481)] "Uncaught SyntaxError: Invalid or unexpected token", source: file:///home/dhia/browser-fuzzer/Dissertation/logger/run_20250324_064826/round_048/mutations/mutated_0004.html (481)
[144324:144324:0324/151159.821325:INFO:CONSOLE(484)] "Uncaught SyntaxError: Invalid or unexpected token", source: file:///home/dhia/browser-fuzzer/Dissertation/logger/run_20250324_064826/round_048/mutations/mutated_0004.html (484)
[144324:144324:0324/151200.027955:INFO:CONSOLE(485)] "Uncaught SyntaxError: Invalid or unexpected token", source: file:///home/dhia/browser-fuzzer/Dissertation/logger/run_20250324_064826/round_048/mutations/mutated_0004.html (485)
[144324:144324:0324/151200.038353:INFO:CONSOLE(486)] "Uncaught SyntaxError: Invalid or unexpected token", source: file:///home/dhia/browser-fuzzer/Dissertation/logger/run_20250324_064826/round_048/mutations/mutated_0004.html (486)
[144324:144324:0324/151200.312264:INFO:CONSOLE(516)] "Uncaught SyntaxError: Invalid or unexpected token", source: file:///home/dhia/browser-fuzzer/Dissertation/logger/run_20250324_064826/round_048/mutations/mutated_0004.html (516)
[144324:144324:0324/151200.317396:INFO:CONSOLE(517)] "Uncaught SyntaxError: Invalid or unexpected token", source: file:///home/dhia/browser-fuzzer/Dissertation/logger/run_20250324_064826/round_048/mutations/mutated_0004.html (517)
[144324:144324:0324/151200.324757:INFO:CONSOLE(519)] "Uncaught SyntaxError: Invalid or unexpected token", source: file:///home/dhia/browser-fuzzer/Dissertation/logger/run_20250324_064826/round_048/mutations/mutated_0004.html (519)
[144324:144324:0324/151200.636634:INFO:CONSOLE(520)] "Uncaught SyntaxError: Invalid or unexpected token", source: file:///home/dhia/browser-fuzzer/Dissertation/logger/run_20250324_064826/round_048/mutations/mutated_0004.html (520)
[144324:144324:0324/151200.976355:INFO:CONSOLE(698)] "Uncaught SyntaxError: Invalid or unexpected token", source: file:///home/dhia/browser-fuzzer/Dissertation/logger/run_20250324_064826/round_048/mutations/mutated_0004.html (698)
[144324:144324:0324/151200.984069:INFO:CONSOLE(699)] "Uncaught SyntaxError: Invalid or unexpected token", source: file:///home/dhia/browser-fuzzer/Dissertation/logger/run_20250324_064826/round_048/mutations/mutated_0004.html (699)
[144324:144324:0324/151200.989713:INFO:CONSOLE(700)] "Uncaught SyntaxError: Invalid or unexpected token", source: file:///home/dhia/browser-fuzzer/Dissertation/logger/run_20250324_064826/round_048/mutations/mutated_0004.html (700)
[144324:144324:0324/151201.411894:INFO:CONSOLE(708)] "Uncaught SyntaxError: Invalid or unexpected token", source: file:///home/dhia/browser-fuzzer/Dissertation/logger/run_20250324_064826/round_048/mutations/mutated_0004.html (708)
[144324:144324:0324/151201.425520:INFO:CONSOLE(709)] "Uncaught SyntaxError: Invalid or unexpected token", source: file:///home/dhia/browser-fuzzer/Dissertation/logger/run_20250324_064826/round_048/mutations/mutated_0004.html (709)
[144324:144324:0324/151201.445401:INFO:CONSOLE(710)] "Uncaught SyntaxError: Invalid or unexpected token", source: file:///home/dhia/browser-fuzzer/Dissertation/logger/run_20250324_064826/round_048/mutations/mutated_0004.html (710)
[144324:144324:0324/151201.676082:INFO:CONSOLE(711)] "Uncaught SyntaxError: Invalid or unexpected token", source: file:///home/dhia/browser-fuzzer/Dissertation/logger/run_20250324_064826/round_048/mutations/mutated_0004.html (711)
[144324:144324:0324/151201.682623:INFO:CONSOLE(712)] "Uncaught SyntaxError: Invalid or unexpected token", source: file:///home/dhia/browser-fuzzer/Dissertation/logger/run_20250324_064826/round_048/mutations/mutated_0004.html (712)
[144324:144324:0324/151201.687996:INFO:CONSOLE(713)] "Uncaught SyntaxError: Invalid or unexpected token", source: file:///home/dhia/browser-fuzzer/Dissertation/logger/run_20250324_064826/round_048/mutations/mutated_0004.html (713)
[144324:144324:0324/151201.899039:INFO:CONSOLE(714)] "Uncaught SyntaxError: Invalid or unexpected token", source: file:///home/dhia/browser-fuzzer/Dissertation/logger/run_20250324_064826/round_048/mutations/mutated_0004.html (714)
[144324:144324:0324/151202.130088:INFO:CONSOLE(793)] "Uncaught SyntaxError: Invalid or unexpected token", source: file:///home/dhia/browser-fuzzer/Dissertation/logger/run_20250324_064826/round_048/mutations/mutated_0004.html (793)
[144324:144324:0324/151202.138594:INFO:CONSOLE(794)] "Uncaught SyntaxError: Invalid or unexpected token", source: file:///home/dhia/browser-fuzzer/Dissertation/logger/run_20250324_064826/round_048/mutations/mutated_0004.html (794)
[144324:144324:0324/151202.151483:INFO:CONSOLE(795)] "Uncaught SyntaxError: Invalid or unexpected token", source: file:///home/dhia/browser-fuzzer/Dissertation/logger/run_20250324_064826/round_048/mutations/mutated_0004.html (795)
[144324:144324:0324/151202.409572:INFO:CONSOLE(798)] "Uncaught SyntaxError: Invalid or unexpected token", source: file:///home/dhia/browser-fuzzer/Dissertation/logger/run_20250324_064826/round_048/mutations/mutated_0004.html (798)
[144324:144324:0324/151202.421617:INFO:CONSOLE(799)] "Uncaught SyntaxError: Invalid or unexpected token", source: file:///home/dhia/browser-fuzzer/Dissertation/logger/run_20250324_064826/round_048/mutations/mutated_0004.html (799)
[144324:144324:0324/151202.431781:INFO:CONSOLE(800)] "Uncaught SyntaxError: Invalid or unexpected token", source: file:///home/dhia/browser-fuzzer/Dissertation/logger/run_20250324_064826/round_048/mutations/mutated_0004.html (800)
[144324:144324:0324/151202.674443:INFO:CONSOLE(830)] "Uncaught SyntaxError: Invalid or unexpected token", source: file:///home/dhia/browser-fuzzer/Dissertation/logger/run_20250324_064826/round_048/mutations/mutated_0004.html (830)
[144324:144324:0324/151202.684136:INFO:CONSOLE(832)] "Uncaught SyntaxError: Invalid or unexpected token", source: file:///home/dhia/browser-fuzzer/Dissertation/logger/run_20250324_064826/round_048/mutations/mutated_0004.html (832)
[144324:144324:0324/151202.699110:INFO:CONSOLE(833)] "Uncaught SyntaxError: Invalid or unexpected token", source: file:///home/dhia/browser-fuzzer/Dissertation/logger/run_20250324_064826/round_048/mutations/mutated_0004.html (833)
[144324:144324:0324/151203.035743:INFO:CONSOLE(960)] "Uncaught SyntaxError: Invalid or unexpected token", source: file:///home/dhia/browser-fuzzer/Dissertation/logger/run_20250324_064826/round_048/mutations/mutated_0004.html (960)
[144324:144324:0324/151203.047340:INFO:CONSOLE(961)] "Uncaught SyntaxError: Invalid or unexpected token", source: file:///home/dhia/browser-fuzzer/Dissertation/logger/run_20250324_064826/round_048/mutations/mutated_0004.html (961)
[144324:144324:0324/151203.375406:INFO:CONSOLE(969)] "Uncaught SyntaxError: Invalid or unexpected token", source: file:///home/dhia/browser-fuzzer/Dissertation/logger/run_20250324_064826/round_048/mutations/mutated_0004.html (969)
[144324:144324:0324/151203.389694:INFO:CONSOLE(970)] "Uncaught SyntaxError: Invalid or unexpected token", source: file:///home/dhia/browser-fuzzer/Dissertation/logger/run_20250324_064826/round_048/mutations/mutated_0004.html (970)
[144324:144324:0324/151203.537769:INFO:CONSOLE(971)] "Uncaught SyntaxError: Invalid or unexpected token", source: file:///home/dhia/browser-fuzzer/Dissertation/logger/run_20250324_064826/round_048/mutations/mutated_0004.html (971)
[144324:144324:0324/151203.552294:INFO:CONSOLE(972)] "Uncaught SyntaxError: Invalid or unexpected token", source: file:///home/dhia/browser-fuzzer/Dissertation/logger/run_20250324_064826/round_048/mutations/mutated_0004.html (972)
[144324:144324:0324/151203.557249:INFO:CONSOLE(973)] "Uncaught SyntaxError: Invalid or unexpected token", source: file:///home/dhia/browser-fuzzer/Dissertation/logger/run_20250324_064826/round_048/mutations/mutated_0004.html (973)
[144324:144324:0324/151203.584618:INFO:CONSOLE(974)] "Uncaught SyntaxError: Invalid or unexpected token", source: file:///home/dhia/browser-fuzzer/Dissertation/logger/run_20250324_064826/round_048/mutations/mutated_0004.html (974)
[144324:144324:0324/151203.602163:INFO:CONSOLE(975)] "Uncaught SyntaxError: Invalid or unexpected token", source: file:///home/dhia/browser-fuzzer/Dissertation/logger/run_20250324_064826/round_048/mutations/mutated_0004.html (975)
[144324:144324:0324/151203.711641:INFO:CONSOLE(976)] "Uncaught SyntaxError: Invalid or unexpected token", source: file:///home/dhia/browser-fuzzer/Dissertation/logger/run_20250324_064826/round_048/mutations/mutated_0004.html (976)
[144324:144324:0324/151203.925119:INFO:CONSOLE(1055)] "Uncaught SyntaxError: Invalid or unexpected token", source: file:///home/dhia/browser-fuzzer/Dissertation/logger/run_20250324_064826/round_048/mutations/mutated_0004.html (1055)
[144324:144324:0324/151203.928700:INFO:CONSOLE(1056)] "Uncaught SyntaxError: Invalid or unexpected token", source: file:///home/dhia/browser-fuzzer/Dissertation/logger/run_20250324_064826/round_048/mutations/mutated_0004.html (1056)
[144324:144324:0324/151203.941330:INFO:CONSOLE(1059)] "Uncaught SyntaxError: Invalid or unexpected token", source: file:///home/dhia/browser-fuzzer/Dissertation/logger/run_20250324_064826/round_048/mutations/mutated_0004.html (1059)
[144324:144324:0324/151203.976137:INFO:CONSOLE(1060)] "Uncaught SyntaxError: Invalid or unexpected token", source: file:///home/dhia/browser-fuzzer/Dissertation/logger/run_20250324_064826/round_048/mutations/mutated_0004.html (1060)
[144324:144324:0324/151204.190261:INFO:CONSOLE(1120)] "Uncaught SyntaxError: Invalid or unexpected token", source: file:///home/dhia/browser-fuzzer/Dissertation/logger/run_20250324_064826/round_048/mutations/mutated_0004.html (1120)
[144324:144324:0324/151204.206422:INFO:CONSOLE(1121)] "Uncaught SyntaxError: Invalid or unexpected token", source: file:///home/dhia/browser-fuzzer/Dissertation/logger/run_20250324_064826/round_048/mutations/mutated_0004.html (1121)
[144324:144324:0324/151204.430059:INFO:CONSOLE(1123)] "Uncaught SyntaxError: Invalid or unexpected token", source: file:///home/dhia/browser-fuzzer/Dissertation/logger/run_20250324_064826/round_048/mutations/mutated_0004.html (1123)
[144324:144324:0324/151204.447093:INFO:CONSOLE(1124)] "Uncaught SyntaxError: Invalid or unexpected token", source: file:///home/dhia/browser-fuzzer/Dissertation/logger/run_20250324_064826/round_048/mutations/mutated_0004.html (1124)
[144324:144324:0324/151204.661255:INFO:CONSOLE(1282)] "Uncaught SyntaxError: Invalid or unexpected token", source: file:///home/dhia/browser-fuzzer/Dissertation/logger/run_20250324_064826/round_048/mutations/mutated_0004.html (1282)
[144324:144324:0324/151204.670824:INFO:CONSOLE(1283)] "Uncaught SyntaxError: Invalid or unexpected token", source: file:///home/dhia/browser-fuzzer/Dissertation/logger/run_20250324_064826/round_048/mutations/mutated_0004.html (1283)
[144324:144324:0324/151205.111628:INFO:CONSOLE(1291)] "Uncaught SyntaxError: Invalid or unexpected token", source: file:///home/dhia/browser-fuzzer/Dissertation/logger/run_20250324_064826/round_048/mutations/mutated_0004.html (1291)
[144324:144324:0324/151205.116945:INFO:CONSOLE(1292)] "Uncaught SyntaxError: Invalid or unexpected token", source: file:///home/dhia/browser-fuzzer/Dissertation/logger/run_20250324_064826/round_048/mutations/mutated_0004.html (1292)
[144324:144324:0324/151205.122694:INFO:CONSOLE(1293)] "Uncaught SyntaxError: Invalid or unexpected token", source: file:///home/dhia/browser-fuzzer/Dissertation/logger/run_20250324_064826/round_048/mutations/mutated_0004.html (1293)
[144324:144324:0324/151205.283594:INFO:CONSOLE(1294)] "Uncaught SyntaxError: Invalid or unexpected token", source: file:///home/dhia/browser-fuzzer/Dissertation/logger/run_20250324_064826/round_048/mutations/mutated_0004.html (1294)
[144324:144324:0324/151205.288126:INFO:CONSOLE(1295)] "Uncaught SyntaxError: Invalid or unexpected token", source: file:///home/dhia/browser-fuzzer/Dissertation/logger/run_20250324_064826/round_048/mutations/mutated_0004.html (1295)
[144324:144324:0324/151205.298517:INFO:CONSOLE(1296)] "Uncaught SyntaxError: Invalid or unexpected token", source: file:///home/dhia/browser-fuzzer/Dissertation/logger/run_20250324_064826/round_048/mutations/mutated_0004.html (1296)
[144324:144324:0324/151205.450605:INFO:CONSOLE(1375)] "Uncaught SyntaxError: Invalid or unexpected token", source: file:///home/dhia/browser-fuzzer/Dissertation/logger/run_20250324_064826/round_048/mutations/mutated_0004.html (1375)
[144324:144324:0324/151205.462052:INFO:CONSOLE(1376)] "Uncaught SyntaxError: Invalid or unexpected token", source: file:///home/dhia/browser-fuzzer/Dissertation/logger/run_20250324_064826/round_048/mutations/mutated_0004.html (1376)
[144324:144324:0324/151205.808231:INFO:CONSOLE(1377)] "Uncaught SyntaxError: Invalid or unexpected token", source: file:///home/dhia/browser-fuzzer/Dissertation/logger/run_20250324_064826/round_048/mutations/mutated_0004.html (1377)
[144324:144324:0324/151205.818265:INFO:CONSOLE(1380)] "Uncaught SyntaxError: Invalid or unexpected token", source: file:///home/dhia/browser-fuzzer/Dissertation/logger/run_20250324_064826/round_048/mutations/mutated_0004.html (1380)
[144324:144324:0324/151205.829774:INFO:CONSOLE(1381)] "Uncaught SyntaxError: Invalid or unexpected token", source: file:///home/dhia/browser-fuzzer/Dissertation/logger/run_20250324_064826/round_048/mutations/mutated_0004.html (1381)
[144324:144324:0324/151205.973672:INFO:CONSOLE(1382)] "Uncaught SyntaxError: Invalid or unexpected token", source: file:///home/dhia/browser-fuzzer/Dissertation/logger/run_20250324_064826/round_048/mutations/mutated_0004.html (1382)
[144324:144324:0324/151206.033190:INFO:CONSOLE(1418)] "Uncaught SyntaxError: Invalid or unexpected token", source: file:///home/dhia/browser-fuzzer/Dissertation/logger/run_20250324_064826/round_048/mutations/mutated_0004.html (1418)
[144324:144324:0324/151206.046294:INFO:CONSOLE(1420)] "Uncaught SyntaxError: Invalid or unexpected token", source: file:///home/dhia/browser-fuzzer/Dissertation/logger/run_20250324_064826/round_048/mutations/mutated_0004.html (1420)
[144324:144324:0324/151206.058124:INFO:CONSOLE(1421)] "Uncaught SyntaxError: Invalid or unexpected token", source: file:///home/dhia/browser-fuzzer/Dissertation/logger/run_20250324_064826/round_048/mutations/mutated_0004.html (1421)
[144324:144324:0324/151206.384296:INFO:CONSOLE(1583)] "Uncaught SyntaxError: Invalid or unexpected token", source: file:///home/dhia/browser-fuzzer/Dissertation/logger/run_20250324_064826/round_048/mutations/mutated_0004.html (1583)
[144324:144324:0324/151206.395000:INFO:CONSOLE(1584)] "Uncaught SyntaxError: Invalid or unexpected token", source: file:///home/dhia/browser-fuzzer/Dissertation/logger/run_20250324_064826/round_048/mutations/mutated_0004.html (1584)
[144324:144324:0324/151206.816380:INFO:CONSOLE(1592)] "Uncaught SyntaxError: Invalid or unexpected token", source: file:///home/dhia/browser-fuzzer/Dissertation/logger/run_20250324_064826/round_048/mutations/mutated_0004.html (1592)
[144324:144324:0324/151206.827140:INFO:CONSOLE(1593)] "Uncaught SyntaxError: Invalid or unexpected token", source: file:///home/dhia/browser-fuzzer/Dissertation/logger/run_20250324_064826/round_048/mutations/mutated_0004.html (1593)
[144324:144324:0324/151206.832974:INFO:CONSOLE(1594)] "Uncaught SyntaxError: Invalid or unexpected token", source: file:///home/dhia/browser-fuzzer/Dissertation/logger/run_20250324_064826/round_048/mutations/mutated_0004.html (1594)
[144324:144324:0324/151207.017645:INFO:CONSOLE(1595)] "Uncaught SyntaxError: Invalid or unexpected token", source: file:///home/dhia/browser-fuzzer/Dissertation/logger/run_20250324_064826/round_048/mutations/mutated_0004.html (1595)
[144324:144324:0324/151207.023880:INFO:CONSOLE(1596)] "Uncaught SyntaxError: Invalid or unexpected token", source: file:///home/dhia/browser-fuzzer/Dissertation/logger/run_20250324_064826/round_048/mutations/mutated_0004.html (1596)
[144324:144324:0324/151207.223823:INFO:CONSOLE(1597)] "Uncaught SyntaxError: Invalid or unexpected token", source: file:///home/dhia/browser-fuzzer/Dissertation/logger/run_20250324_064826/round_048/mutations/mutated_0004.html (1597)
[144324:144324:0324/151207.231687:INFO:CONSOLE(1598)] "Uncaught SyntaxError: Invalid or unexpected token", source: file:///home/dhia/browser-fuzzer/Dissertation/logger/run_20250324_064826/round_048/mutations/mutated_0004.html (1598)
[144324:144324:0324/151207.238014:INFO:CONSOLE(1599)] "Uncaught SyntaxError: Invalid or unexpected token", source: file:///home/dhia/browser-fuzzer/Dissertation/logger/run_20250324_064826/round_048/mutations/mutated_0004.html (1599)
[144324:144324:0324/151207.392801:INFO:CONSOLE(1678)] "Uncaught SyntaxError: Invalid or unexpected token", source: file:///home/dhia/browser-fuzzer/Dissertation/logger/run_20250324_064826/round_048/mutations/mutated_0004.html (1678)
[144324:144324:0324/151207.409816:INFO:CONSOLE(1679)] "Uncaught SyntaxError: Invalid or unexpected token", source: file:///home/dhia/browser-fuzzer/Dissertation/logger/run_20250324_064826/round_048/mutations/mutated_0004.html (1679)
[144324:144324:0324/151207.418145:INFO:CONSOLE(1680)] "Uncaught SyntaxError: Invalid or unexpected token", source: file:///home/dhia/browser-fuzzer/Dissertation/logger/run_20250324_064826/round_048/mutations/mutated_0004.html (1680)
[144324:144324:0324/151207.849054:INFO:CONSOLE(1681)] "Uncaught SyntaxError: Invalid or unexpected token", source: file:///home/dhia/browser-fuzzer/Dissertation/logger/run_20250324_064826/round_048/mutations/mutated_0004.html (1681)
[144324:144324:0324/151207.854428:INFO:CONSOLE(1684)] "Uncaught SyntaxError: Invalid or unexpected token", source: file:///home/dhia/browser-fuzzer/Dissertation/logger/run_20250324_064826/round_048/mutations/mutated_0004.html (1684)
[144324:144324:0324/151207.870103:INFO:CONSOLE(1685)] "Uncaught SyntaxError: Invalid or unexpected token", source: file:///home/dhia/browser-fuzzer/Dissertation/logger/run_20250324_064826/round_048/mutations/mutated_0004.html (1685)
[144324:144324:0324/151208.064331:INFO:CONSOLE(1798)] "Uncaught SyntaxError: Invalid or unexpected token", source: file:///home/dhia/browser-fuzzer/Dissertation/logger/run_20250324_064826/round_048/mutations/mutated_0004.html (1798)
[144324:144324:0324/151208.070477:INFO:CONSOLE(1799)] "Uncaught SyntaxError: Invalid or unexpected token", source: file:///home/dhia/browser-fuzzer/Dissertation/logger/run_20250324_064826/round_048/mutations/mutated_0004.html (1799)
[144324:144324:0324/151208.541632:INFO:CONSOLE(1800)] "Uncaught SyntaxError: Invalid or unexpected token", source: file:///home/dhia/browser-fuzzer/Dissertation/logger/run_20250324_064826/round_048/mutations/mutated_0004.html (1800)
[144324:144324:0324/151208.556088:INFO:CONSOLE(1803)] "Uncaught SyntaxError: Invalid or unexpected token", source: file:///home/dhia/browser-fuzzer/Dissertation/logger/run_20250324_064826/round_048/mutations/mutated_0004.html (1803)
[144324:144324:0324/151208.730637:INFO:CONSOLE(1804)] "Uncaught SyntaxError: Invalid or unexpected token", source: file:///home/dhia/browser-fuzzer/Dissertation/logger/run_20250324_064826/round_048/mutations/mutated_0004.html (1804)
[144324:144324:0324/151208.954632:INFO:CONSOLE(1841)] "Uncaught SyntaxError: Invalid or unexpected token", source: file:///home/dhia/browser-fuzzer/Dissertation/logger/run_20250324_064826/round_048/mutations/mutated_0004.html (1841)
[144324:144324:0324/151208.968887:INFO:CONSOLE(1843)] "Uncaught SyntaxError: Invalid or unexpected token", source: file:///home/dhia/browser-fuzzer/Dissertation/logger/run_20250324_064826/round_048/mutations/mutated_0004.html (1843)
[144324:144324:0324/151209.181237:INFO:CONSOLE(1844)] "Uncaught SyntaxError: Invalid or unexpected token", source: file:///home/dhia/browser-fuzzer/Dissertation/logger/run_20250324_064826/round_048/mutations/mutated_0004.html (1844)
[144324:144324:0324/151209.195798:INFO:CONSOLE(1845)] "Uncaught SyntaxError: Invalid or unexpected token", source: file:///home/dhia/browser-fuzzer/Dissertation/logger/run_20250324_064826/round_048/mutations/mutated_0004.html (1845)
[144324:144324:0324/151209.200570:INFO:CONSOLE(1846)] "Uncaught SyntaxError: Invalid or unexpected token", source: file:///home/dhia/browser-fuzzer/Dissertation/logger/run_20250324_064826/round_048/mutations/mutated_0004.html (1846)
[144324:144324:0324/151209.417280:INFO:CONSOLE(1871)] "Uncaught SyntaxError: Invalid or unexpected token", source: file:///home/dhia/browser-fuzzer/Dissertation/logger/run_20250324_064826/round_048/mutations/mutated_0004.html (1871)
[144324:144324:0324/151209.436132:INFO:CONSOLE(1872)] "Uncaught SyntaxError: Invalid or unexpected token", source: file:///home/dhia/browser-fuzzer/Dissertation/logger/run_20250324_064826/round_048/mutations/mutated_0004.html (1872)
[144324:144324:0324/151209.728731:INFO:CONSOLE(1899)] "Uncaught SyntaxError: Invalid or unexpected token", source: file:///home/dhia/browser-fuzzer/Dissertation/logger/run_20250324_064826/round_048/mutations/mutated_0004.html (1899)
[144324:144324:0324/151209.744535:INFO:CONSOLE(1901)] "Uncaught SyntaxError: Invalid or unexpected token", source: file:///home/dhia/browser-fuzzer/Dissertation/logger/run_20250324_064826/round_048/mutations/mutated_0004.html (1901)
[144324:144324:0324/151210.014260:INFO:CONSOLE(1902)] "Uncaught SyntaxError: Invalid or unexpected token", source: file:///home/dhia/browser-fuzzer/Dissertation/logger/run_20250324_064826/round_048/mutations/mutated_0004.html (1902)
[144324:144324:0324/151210.248692:INFO:CONSOLE(1937)] "Uncaught SyntaxError: Invalid or unexpected token", source: file:///home/dhia/browser-fuzzer/Dissertation/logger/run_20250324_064826/round_048/mutations/mutated_0004.html (1937)
[144324:144324:0324/151210.255542:INFO:CONSOLE(1938)] "Uncaught SyntaxError: Invalid or unexpected token", source: file:///home/dhia/browser-fuzzer/Dissertation/logger/run_20250324_064826/round_048/mutations/mutated_0004.html (1938)
[144324:144324:0324/151210.480652:INFO:CONSOLE(1962)] "Uncaught SyntaxError: Invalid or unexpected token", source: file:///home/dhia/browser-fuzzer/Dissertation/logger/run_20250324_064826/round_048/mutations/mutated_0004.html (1962)
[144324:144324:0324/151210.486317:INFO:CONSOLE(1963)] "Uncaught SyntaxError: Invalid or unexpected token", source: file:///home/dhia/browser-fuzzer/Dissertation/logger/run_20250324_064826/round_048/mutations/mutated_0004.html (1963)
[144324:144324:0324/151210.814305:INFO:CONSOLE(2091)] "Uncaught SyntaxError: Invalid or unexpected token", source: file:///home/dhia/browser-fuzzer/Dissertation/logger/run_20250324_064826/round_048/mutations/mutated_0004.html (2091)
[144324:144324:0324/151211.312948:INFO:CONSOLE(2204)] "Uncaught SyntaxError: Invalid or unexpected token", source: file:///home/dhia/browser-fuzzer/Dissertation/logger/run_20250324_064826/round_048/mutations/mutated_0004.html (2204)
[144324:144324:0324/151211.788410:INFO:CONSOLE(2368)] "Uncaught SyntaxError: Invalid or unexpected token", source: file:///home/dhia/browser-fuzzer/Dissertation/logger/run_20250324_064826/round_048/mutations/mutated_0004.html (2368)
[144324:144324:0324/151211.800256:INFO:CONSOLE(2369)] "Uncaught SyntaxError: Invalid or unexpected token", source: file:///home/dhia/browser-fuzzer/Dissertation/logger/run_20250324_064826/round_048/mutations/mutated_0004.html (2369)
[144324:144324:0324/151212.294047:INFO:CONSOLE(2422)] "Uncaught SyntaxError: Invalid or unexpected token", source: file:///home/dhia/browser-fuzzer/Dissertation/logger/run_20250324_064826/round_048/mutations/mutated_0004.html (2422)
[144324:144324:0324/151212.307059:INFO:CONSOLE(2435)] "Uncaught SyntaxError: Invalid or unexpected token", source: file:///home/dhia/browser-fuzzer/Dissertation/logger/run_20250324_064826/round_048/mutations/mutated_0004.html (2435)
[144324:144324:0324/151212.606555:INFO:CONSOLE(2473)] "Uncaught SyntaxError: Invalid or unexpected token", source: file:///home/dhia/browser-fuzzer/Dissertation/logger/run_20250324_064826/round_048/mutations/mutated_0004.html (2473)
[144324:144324:0324/151212.915004:INFO:CONSOLE(2541)] "Uncaught SyntaxError: Invalid or unexpected token", source: file:///home/dhia/browser-fuzzer/Dissertation/logger/run_20250324_064826/round_048/mutations/mutated_0004.html (2541)
[144324:144324:0324/151215.313119:INFO:CONSOLE(2563)] "Uncaught SyntaxError: Invalid or unexpected token", source: file:///home/dhia/browser-fuzzer/Dissertation/logger/run_20250324_064826/round_048/mutations/mutated_0004.html (2563)
[144324:144324:0324/151216.993767:INFO:CONSOLE(2771)] "Uncaught SyntaxError: Invalid or unexpected token", source: file:///home/dhia/browser-fuzzer/Dissertation/logger/run_20250324_064826/round_048/mutations/mutated_0004.html (2771)
[144324:144324:0324/151217.025733:INFO:CONSOLE(2772)] "Uncaught SyntaxError: Invalid or unexpected token", source: file:///home/dhia/browser-fuzzer/Dissertation/logger/run_20250324_064826/round_048/mutations/mutated_0004.html (2772)
[144324:144324:0324/151220.143136:INFO:CONSOLE(2773)] "Uncaught SyntaxError: Invalid or unexpected token", source: file:///home/dhia/browser-fuzzer/Dissertation/logger/run_20250324_064826/round_048/mutations/mutated_0004.html (2773)
[144324:144324:0324/151220.164240:INFO:CONSOLE(2774)] "Uncaught SyntaxError: Invalid or unexpected token", source: file:///home/dhia/browser-fuzzer/Dissertation/logger/run_20250324_064826/round_048/mutations/mutated_0004.html (2774)
[144324:144324:0324/151221.238396:INFO:CONSOLE(2786)] "Uncaught SyntaxError: Invalid or unexpected token", source: file:///home/dhia/browser-fuzzer/Dissertation/logger/run_20250324_064826/round_048/mutations/mutated_0004.html (2786)
[144324:144324:0324/151222.148069:INFO:CONSOLE(2844)] "Uncaught SyntaxError: Invalid or unexpected token", source: file:///home/dhia/browser-fuzzer/Dissertation/logger/run_20250324_064826/round_048/mutations/mutated_0004.html (2844)
[144324:144324:0324/151222.988881:INFO:CONSOLE(2966)] "Uncaught SyntaxError: Invalid or unexpected token", source: file:///home/dhia/browser-fuzzer/Dissertation/logger/run_20250324_064826/round_048/mutations/mutated_0004.html (2966)
[144324:144324:0324/151223.996983:INFO:CONSOLE(3044)] "Uncaught SyntaxError: Invalid or unexpected token", source: file:///home/dhia/browser-fuzzer/Dissertation/logger/run_20250324_064826/round_048/mutations/mutated_0004.html (3044)
[144324:144324:0324/151224.032942:INFO:CONSOLE(3045)] "Uncaught SyntaxError: Invalid or unexpected token", source: file:///home/dhia/browser-fuzzer/Dissertation/logger/run_20250324_064826/round_048/mutations/mutated_0004.html (3045)
[144324:144324:0324/151226.195948:INFO:CONSOLE(3046)] "Uncaught SyntaxError: Invalid or unexpected token", source: file:///home/dhia/browser-fuzzer/Dissertation/logger/run_20250324_064826/round_048/mutations/mutated_0004.html (3046)
[144324:144324:0324/151226.222234:INFO:CONSOLE(3047)] "Uncaught SyntaxError: Invalid or unexpected token", source: file:///home/dhia/browser-fuzzer/Dissertation/logger/run_20250324_064826/round_048/mutations/mutated_0004.html (3047)
[144324:144324:0324/151226.492901:INFO:CONSOLE(3048)] "Uncaught SyntaxError: Invalid or unexpected token", source: file:///home/dhia/browser-fuzzer/Dissertation/logger/run_20250324_064826/round_048/mutations/mutated_0004.html (3048)
[144324:144324:0324/151227.335392:INFO:CONSOLE(3049)] "Uncaught SyntaxError: Invalid or unexpected token", source: file:///home/dhia/browser-fuzzer/Dissertation/logger/run_20250324_064826/round_048/mutations/mutated_0004.html (3049)
[144324:144324:0324/151228.445986:INFO:CONSOLE(3050)] "Uncaught SyntaxError: Invalid or unexpected token", source: file:///home/dhia/browser-fuzzer/Dissertation/logger/run_20250324_064826/round_048/mutations/mutated_0004.html (3050)
[144324:144324:0324/151229.349316:INFO:CONSOLE(3069)] "Uncaught SyntaxError: Invalid or unexpected token", source: file:///home/dhia/browser-fuzzer/Dissertation/logger/run_20250324_064826/round_048/mutations/mutated_0004.html (3069)
[144324:144324:0324/151229.401342:INFO:CONSOLE(3070)] "Uncaught SyntaxError: Invalid or unexpected token", source: file:///home/dhia/browser-fuzzer/Dissertation/logger/run_20250324_064826/round_048/mutations/mutated_0004.html (3070)
[144324:144324:0324/151230.331484:INFO:CONSOLE(3077)] "Uncaught SyntaxError: Invalid or unexpected token", source: file:///home/dhia/browser-fuzzer/Dissertation/logger/run_20250324_064826/round_048/mutations/mutated_0004.html (3077)
[144324:144324:0324/151230.362066:INFO:CONSOLE(3078)] "Uncaught SyntaxError: Invalid or unexpected token", source: file:///home/dhia/browser-fuzzer/Dissertation/logger/run_20250324_064826/round_048/mutations/mutated_0004.html (3078)
[144324:144324:0324/151231.175017:INFO:CONSOLE(3088)] "Uncaught SyntaxError: Invalid or unexpected token", source: file:///home/dhia/browser-fuzzer/Dissertation/logger/run_20250324_064826/round_048/mutations/mutated_0004.html (3088)
[144324:144324:0324/151231.181990:INFO:CONSOLE(3089)] "Uncaught SyntaxError: Invalid or unexpected token", source: file:///home/dhia/browser-fuzzer/Dissertation/logger/run_20250324_064826/round_048/mutations/mutated_0004.html (3089)
[144324:144324:0324/151232.064779:INFO:CONSOLE(3096)] "Uncaught SyntaxError: Invalid or unexpected token", source: file:///home/dhia/browser-fuzzer/Dissertation/logger/run_20250324_064826/round_048/mutations/mutated_0004.html (3096)
[144324:144324:0324/151232.120556:INFO:CONSOLE(3097)] "Uncaught SyntaxError: Invalid or unexpected token", source: file:///home/dhia/browser-fuzzer/Dissertation/logger/run_20250324_064826/round_048/mutations/mutated_0004.html (3097)
[144324:144324:0324/151232.739672:INFO:CONSOLE(3098)] "Uncaught SyntaxError: Invalid or unexpected token", source: file:///home/dhia/browser-fuzzer/Dissertation/logger/run_20250324_064826/round_048/mutations/mutated_0004.html (3098)
[144324:144324:0324/151233.483784:INFO:CONSOLE(3184)] "Uncaught SyntaxError: Invalid or unexpected token", source: file:///home/dhia/browser-fuzzer/Dissertation/logger/run_20250324_064826/round_048/mutations/mutated_0004.html (3184)
[144324:144324:0324/151233.530256:INFO:CONSOLE(3185)] "Uncaught SyntaxError: Invalid or unexpected token", source: file:///home/dhia/browser-fuzzer/Dissertation/logger/run_20250324_064826/round_048/mutations/mutated_0004.html (3185)
[144324:144324:0324/151233.579852:INFO:CONSOLE(3186)] "Uncaught SyntaxError: Invalid or unexpected token", source: file:///home/dhia/browser-fuzzer/Dissertation/logger/run_20250324_064826/round_048/mutations/mutated_0004.html (3186)
[144324:144324:0324/151235.519781:INFO:CONSOLE(3187)] "Uncaught SyntaxError: Invalid or unexpected token", source: file:///home/dhia/browser-fuzzer/Dissertation/logger/run_20250324_064826/round_048/mutations/mutated_0004.html (3187)
[144324:144324:0324/151235.676386:INFO:CONSOLE(3257)] "Uncaught SyntaxError: Invalid or unexpected token", source: file:///home/dhia/browser-fuzzer/Dissertation/logger/run_20250324_064826/round_048/mutations/mutated_0004.html (3257)
[144324:144324:0324/151235.699778:INFO:CONSOLE(3258)] "Uncaught SyntaxError: Invalid or unexpected token", source: file:///home/dhia/browser-fuzzer/Dissertation/logger/run_20250324_064826/round_048/mutations/mutated_0004.html (3258)
[144324:144324:0324/151238.182203:INFO:CONSOLE(3271)] "Uncaught SyntaxError: Invalid or unexpected token", source: file:///home/dhia/browser-fuzzer/Dissertation/logger/run_20250324_064826/round_048/mutations/mutated_0004.html (3271)
[144324:144324:0324/151238.747613:INFO:CONSOLE(3334)] "Uncaught SyntaxError: Invalid or unexpected token", source: file:///home/dhia/browser-fuzzer/Dissertation/logger/run_20250324_064826/round_048/mutations/mutated_0004.html (3334)
[144324:144324:0324/151239.811385:INFO:CONSOLE(3359)] "Uncaught SyntaxError: Invalid or unexpected token", source: file:///home/dhia/browser-fuzzer/Dissertation/logger/run_20250324_064826/round_048/mutations/mutated_0004.html (3359)
[144324:144324:0324/151240.513890:INFO:CONSOLE(3360)] "Uncaught SyntaxError: Invalid or unexpected token", source: file:///home/dhia/browser-fuzzer/Dissertation/logger/run_20250324_064826/round_048/mutations/mutated_0004.html (3360)
[144324:144324:0324/151240.556139:INFO:CONSOLE(3361)] "Uncaught SyntaxError: Invalid or unexpected token", source: file:///home/dhia/browser-fuzzer/Dissertation/logger/run_20250324_064826/round_048/mutations/mutated_0004.html (3361)
[144324:144324:0324/151241.413868:INFO:CONSOLE(3362)] "Uncaught SyntaxError: Invalid or unexpected token", source: file:///home/dhia/browser-fuzzer/Dissertation/logger/run_20250324_064826/round_048/mutations/mutated_0004.html (3362)
[144324:144324:0324/151242.419230:INFO:CONSOLE(3363)] "Uncaught SyntaxError: Invalid or unexpected token", source: file:///home/dhia/browser-fuzzer/Dissertation/logger/run_20250324_064826/round_048/mutations/mutated_0004.html (3363)
[144324:144324:0324/151242.453930:INFO:CONSOLE(3364)] "Uncaught SyntaxError: Invalid or unexpected token", source: file:///home/dhia/browser-fuzzer/Dissertation/logger/run_20250324_064826/round_048/mutations/mutated_0004.html (3364)
[144324:144324:0324/151243.030834:INFO:CONSOLE(3365)] "Uncaught SyntaxError: Invalid or unexpected token", source: file:///home/dhia/browser-fuzzer/Dissertation/logger/run_20250324_064826/round_048/mutations/mutated_0004.html (3365)
[144324:144324:0324/151243.078018:INFO:CONSOLE(3366)] "Uncaught SyntaxError: Invalid or unexpected token", source: file:///home/dhia/browser-fuzzer/Dissertation/logger/run_20250324_064826/round_048/mutations/mutated_0004.html (3366)
[144324:144324:0324/151243.777970:INFO:CONSOLE(3377)] "Uncaught SyntaxError: Invalid or unexpected token", source: file:///home/dhia/browser-fuzzer/Dissertation/logger/run_20250324_064826/round_048/mutations/mutated_0004.html (3377)
[144324:144324:0324/151243.803427:INFO:CONSOLE(3378)] "Uncaught SyntaxError: Invalid or unexpected token", source: file:///home/dhia/browser-fuzzer/Dissertation/logger/run_20250324_064826/round_048/mutations/mutated_0004.html (3378)
[144324:144324:0324/151244.489990:INFO:CONSOLE(3379)] "Uncaught SyntaxError: Invalid or unexpected token", source: file:///home/dhia/browser-fuzzer/Dissertation/logger/run_20250324_064826/round_048/mutations/mutated_0004.html (3379)
[144324:144324:0324/151245.299250:INFO:CONSOLE(3380)] "Uncaught SyntaxError: Invalid or unexpected token", source: file:///home/dhia/browser-fuzzer/Dissertation/logger/run_20250324_064826/round_048/mutations/mutated_0004.html (3380)
[144324:144324:0324/151245.307713:INFO:CONSOLE(3381)] "Uncaught SyntaxError: Invalid or unexpected token", source: file:///home/dhia/browser-fuzzer/Dissertation/logger/run_20250324_064826/round_048/mutations/mutated_0004.html (3381)
[144324:144324:0324/151246.078309:INFO:CONSOLE(3382)] "Uncaught SyntaxError: Invalid or unexpected token", source: file:///home/dhia/browser-fuzzer/Dissertation/logger/run_20250324_064826/round_048/mutations/mutated_0004.html (3382)
[144324:144324:0324/151246.116415:INFO:CONSOLE(3383)] "Uncaught SyntaxError: Invalid or unexpected token", source: file:///home/dhia/browser-fuzzer/Dissertation/logger/run_20250324_064826/round_048/mutations/mutated_0004.html (3383)
[144324:144324:0324/151247.039910:INFO:CONSOLE(3389)] "Uncaught SyntaxError: Invalid or unexpected token", source: file:///home/dhia/browser-fuzzer/Dissertation/logger/run_20250324_064826/round_048/mutations/mutated_0004.html (3389)
[144324:144324:0324/151247.065707:INFO:CONSOLE(3390)] "Uncaught SyntaxError: Invalid or unexpected token", source: file:///home/dhia/browser-fuzzer/Dissertation/logger/run_20250324_064826/round_048/mutations/mutated_0004.html (3390)
[144324:144324:0324/151247.409221:INFO:CONSOLE(3421)] "Uncaught SyntaxError: Invalid or unexpected token", source: file:///home/dhia/browser-fuzzer/Dissertation/logger/run_20250324_064826/round_048/mutations/mutated_0004.html (3421)
[144324:144324:0324/151247.819044:INFO:CONSOLE(3456)] "Uncaught SyntaxError: Invalid or unexpected token", source: file:///home/dhia/browser-fuzzer/Dissertation/logger/run_20250324_064826/round_048/mutations/mutated_0004.html (3456)
[144324:144324:0324/151247.833853:INFO:CONSOLE(3457)] "Uncaught SyntaxError: Invalid or unexpected token", source: file:///home/dhia/browser-fuzzer/Dissertation/logger/run_20250324_064826/round_048/mutations/mutated_0004.html (3457)
[144324:144324:0324/151248.112942:INFO:CONSOLE(3458)] "Uncaught SyntaxError: Invalid or unexpected token", source: file:///home/dhia/browser-fuzzer/Dissertation/logger/run_20250324_064826/round_048/mutations/mutated_0004.html (3458)
[144324:144324:0324/151248.127123:INFO:CONSOLE(3459)] "Uncaught SyntaxError: Invalid or unexpected token", source: file:///home/dhia/browser-fuzzer/Dissertation/logger/run_20250324_064826/round_048/mutations/mutated_0004.html (3459)
[144324:144324:0324/151248.131244:INFO:CONSOLE(3460)] "Uncaught SyntaxError: Invalid or unexpected token", source: file:///home/dhia/browser-fuzzer/Dissertation/logger/run_20250324_064826/round_048/mutations/mutated_0004.html (3460)
[144324:144324:0324/151248.448157:INFO:CONSOLE(3461)] "Uncaught SyntaxError: Invalid or unexpected token", source: file:///home/dhia/browser-fuzzer/Dissertation/logger/run_20250324_064826/round_048/mutations/mutated_0004.html (3461)
[144324:144324:0324/151248.463678:INFO:CONSOLE(3462)] "Uncaught SyntaxError: Invalid or unexpected token", source: file:///home/dhia/browser-fuzzer/Dissertation/logger/run_20250324_064826/round_048/mutations/mutated_0004.html (3462)
[144324:144324:0324/151248.478393:INFO:CONSOLE(3463)] "Uncaught SyntaxError: Invalid or unexpected token", source: file:///home/dhia/browser-fuzzer/Dissertation/logger/run_20250324_064826/round_048/mutations/mutated_0004.html (3463)
[144324:144324:0324/151248.716294:INFO:CONSOLE(3464)] "Uncaught SyntaxError: Invalid or unexpected token", source: file:///home/dhia/browser-fuzzer/Dissertation/logger/run_20250324_064826/round_048/mutations/mutated_0004.html (3464)
[144324:144324:0324/151249.016846:INFO:CONSOLE(3475)] "Uncaught SyntaxError: Invalid or unexpected token", source: file:///home/dhia/browser-fuzzer/Dissertation/logger/run_20250324_064826/round_048/mutations/mutated_0004.html (3475)
[144324:144324:0324/151249.026814:INFO:CONSOLE(3476)] "Uncaught SyntaxError: Invalid or unexpected token", source: file:///home/dhia/browser-fuzzer/Dissertation/logger/run_20250324_064826/round_048/mutations/mutated_0004.html (3476)
[144324:144324:0324/151249.290964:INFO:CONSOLE(3597)] "Uncaught SyntaxError: Invalid or unexpected token", source: file:///home/dhia/browser-fuzzer/Dissertation/logger/run_20250324_064826/round_048/mutations/mutated_0004.html (3597)
[144324:144324:0324/151249.305579:INFO:CONSOLE(3598)] "Uncaught SyntaxError: Invalid or unexpected token", source: file:///home/dhia/browser-fuzzer/Dissertation/logger/run_20250324_064826/round_048/mutations/mutated_0004.html (3598)
[144324:144324:0324/151249.324862:INFO:CONSOLE(3599)] "Uncaught SyntaxError: Invalid or unexpected token", source: file:///home/dhia/browser-fuzzer/Dissertation/logger/run_20250324_064826/round_048/mutations/mutated_0004.html (3599)
[144324:144324:0324/151250.296148:INFO:CONSOLE(3678)] "Uncaught SyntaxError: Invalid or unexpected token", source: file:///home/dhia/browser-fuzzer/Dissertation/logger/run_20250324_064826/round_048/mutations/mutated_0004.html (3678)
[144324:144324:0324/151250.310909:INFO:CONSOLE(3679)] "Uncaught SyntaxError: Invalid or unexpected token", source: file:///home/dhia/browser-fuzzer/Dissertation/logger/run_20250324_064826/round_048/mutations/mutated_0004.html (3679)
[144324:144324:0324/151250.314527:INFO:CONSOLE(3692)] "Uncaught SyntaxError: Invalid or unexpected token", source: file:///home/dhia/browser-fuzzer/Dissertation/logger/run_20250324_064826/round_048/mutations/mutated_0004.html (3692)
[144324:144324:0324/151251.209008:INFO:CONSOLE(3693)] "Uncaught SyntaxError: Invalid or unexpected token", source: file:///home/dhia/browser-fuzzer/Dissertation/logger/run_20250324_064826/round_048/mutations/mutated_0004.html (3693)
[144324:144324:0324/151251.223011:INFO:CONSOLE(3694)] "Uncaught SyntaxError: Invalid or unexpected token", source: file:///home/dhia/browser-fuzzer/Dissertation/logger/run_20250324_064826/round_048/mutations/mutated_0004.html (3694)
[144324:144324:0324/151251.525819:INFO:CONSOLE(3724)] "Uncaught SyntaxError: Invalid or unexpected token", source: file:///home/dhia/browser-fuzzer/Dissertation/logger/run_20250324_064826/round_048/mutations/mutated_0004.html (3724)
[144324:144324:0324/151251.531435:INFO:CONSOLE(3725)] "Uncaught SyntaxError: Invalid or unexpected token", source: file:///home/dhia/browser-fuzzer/Dissertation/logger/run_20250324_064826/round_048/mutations/mutated_0004.html (3725)
[144324:144324:0324/151251.536491:INFO:CONSOLE(3727)] "Uncaught SyntaxError: Invalid or unexpected token", source: file:///home/dhia/browser-fuzzer/Dissertation/logger/run_20250324_064826/round_048/mutations/mutated_0004.html (3727)
[144324:144324:0324/151251.807837:INFO:CONSOLE(3728)] "Uncaught SyntaxError: Invalid or unexpected token", source: file:///home/dhia/browser-fuzzer/Dissertation/logger/run_20250324_064826/round_048/mutations/mutated_0004.html (3728)
[144324:144324:0324/151252.118291:INFO:CONSOLE(3916)] "Uncaught SyntaxError: Invalid or unexpected token", source: file:///home/dhia/browser-fuzzer/Dissertation/logger/run_20250324_064826/round_048/mutations/mutated_0004.html (3916)
[144324:144324:0324/151252.128379:INFO:CONSOLE(3917)] "Uncaught SyntaxError: Invalid or unexpected token", source: file:///home/dhia/browser-fuzzer/Dissertation/logger/run_20250324_064826/round_048/mutations/mutated_0004.html (3917)
[144324:144324:0324/151252.146667:INFO:CONSOLE(3918)] "Uncaught SyntaxError: Invalid or unexpected token", source: file:///home/dhia/browser-fuzzer/Dissertation/logger/run_20250324_064826/round_048/mutations/mutated_0004.html (3918)
[144324:144324:0324/151252.607798:INFO:CONSOLE(3926)] "Uncaught SyntaxError: Invalid or unexpected token", source: file:///home/dhia/browser-fuzzer/Dissertation/logger/run_20250324_064826/round_048/mutations/mutated_0004.html (3926)
[144324:144324:0324/151252.612578:INFO:CONSOLE(3927)] "Uncaught SyntaxError: Invalid or unexpected token", source: file:///home/dhia/browser-fuzzer/Dissertation/logger/run_20250324_064826/round_048/mutations/mutated_0004.html (3927)
[144324:144324:0324/151252.615770:INFO:CONSOLE(3928)] "Uncaught SyntaxError: Invalid or unexpected token", source: file:///home/dhia/browser-fuzzer/Dissertation/logger/run_20250324_064826/round_048/mutations/mutated_0004.html (3928)
[144324:144324:0324/151252.929095:INFO:CONSOLE(3929)] "Uncaught SyntaxError: Invalid or unexpected token", source: file:///home/dhia/browser-fuzzer/Dissertation/logger/run_20250324_064826/round_048/mutations/mutated_0004.html (3929)
[144324:144324:0324/151252.949260:INFO:CONSOLE(3930)] "Uncaught SyntaxError: Invalid or unexpected token", source: file:///home/dhia/browser-fuzzer/Dissertation/logger/run_20250324_064826/round_048/mutations/mutated_0004.html (3930)
[144324:144324:0324/151252.956247:INFO:CONSOLE(3931)] "Uncaught SyntaxError: Invalid or unexpected token", source: file:///home/dhia/browser-fuzzer/Dissertation/logger/run_20250324_064826/round_048/mutations/mutated_0004.html (3931)
[144324:144324:0324/151253.198994:INFO:CONSOLE(3932)] "Uncaught SyntaxError: Invalid or unexpected token", source: file:///home/dhia/browser-fuzzer/Dissertation/logger/run_20250324_064826/round_048/mutations/mutated_0004.html (3932)
[144324:144324:0324/151253.212422:INFO:CONSOLE(4011)] "Uncaught SyntaxError: Invalid or unexpected token", source: file:///home/dhia/browser-fuzzer/Dissertation/logger/run_20250324_064826/round_048/mutations/mutated_0004.html (4011)
[144324:144324:0324/151254.264537:INFO:CONSOLE(4012)] "Uncaught SyntaxError: Invalid or unexpected token", source: file:///home/dhia/browser-fuzzer/Dissertation/logger/run_20250324_064826/round_048/mutations/mutated_0004.html (4012)
[144324:144324:0324/151254.274318:INFO:CONSOLE(4013)] "Uncaught SyntaxError: Invalid or unexpected token", source: file:///home/dhia/browser-fuzzer/Dissertation/logger/run_20250324_064826/round_048/mutations/mutated_0004.html (4013)
[144324:144324:0324/151254.283279:INFO:CONSOLE(4016)] "Uncaught SyntaxError: Invalid or unexpected token", source: file:///home/dhia/browser-fuzzer/Dissertation/logger/run_20250324_064826/round_048/mutations/mutated_0004.html (4016)
[144324:144324:0324/151254.597196:INFO:CONSOLE(4017)] "Uncaught SyntaxError: Invalid or unexpected token", source: file:///home/dhia/browser-fuzzer/Dissertation/logger/run_20250324_064826/round_048/mutations/mutated_0004.html (4017)
[144324:144324:0324/151254.611124:INFO:CONSOLE(4018)] "Uncaught SyntaxError: Invalid or unexpected token", source: file:///home/dhia/browser-fuzzer/Dissertation/logger/run_20250324_064826/round_048/mutations/mutated_0004.html (4018)
[144324:144324:0324/151254.948995:INFO:CONSOLE(4048)] "Uncaught SyntaxError: Invalid or unexpected token", source: file:///home/dhia/browser-fuzzer/Dissertation/logger/run_20250324_064826/round_048/mutations/mutated_0004.html (4048)
[144324:144324:0324/151254.964493:INFO:CONSOLE(4050)] "Uncaught SyntaxError: Invalid or unexpected token", source: file:///home/dhia/browser-fuzzer/Dissertation/logger/run_20250324_064826/round_048/mutations/mutated_0004.html (4050)
[144324:144324:0324/151255.285393:INFO:CONSOLE(4051)] "Uncaught SyntaxError: Invalid or unexpected token", source: file:///home/dhia/browser-fuzzer/Dissertation/logger/run_20250324_064826/round_048/mutations/mutated_0004.html (4051)
[144324:144324:0324/151255.365671:INFO:CONSOLE(4190)] "Uncaught SyntaxError: Invalid or unexpected token", source: file:///home/dhia/browser-fuzzer/Dissertation/logger/run_20250324_064826/round_048/mutations/mutated_0004.html (4190)
[144324:144324:0324/151255.382519:INFO:CONSOLE(4191)] "Uncaught SyntaxError: Invalid or unexpected token", source: file:///home/dhia/browser-fuzzer/Dissertation/logger/run_20250324_064826/round_048/mutations/mutated_0004.html (4191)
[144324:144324:0324/151255.390075:INFO:CONSOLE(4199)] "Uncaught SyntaxError: Invalid or unexpected token", source: file:///home/dhia/browser-fuzzer/Dissertation/logger/run_20250324_064826/round_048/mutations/mutated_0004.html (4199)
[144324:144324:0324/151255.934616:INFO:CONSOLE(4200)] "Uncaught SyntaxError: Invalid or unexpected token", source: file:///home/dhia/browser-fuzzer/Dissertation/logger/run_20250324_064826/round_048/mutations/mutated_0004.html (4200)
[144324:144324:0324/151255.940329:INFO:CONSOLE(4201)] "Uncaught SyntaxError: Invalid or unexpected token", source: file:///home/dhia/browser-fuzzer/Dissertation/logger/run_20250324_064826/round_048/mutations/mutated_0004.html (4201)
[144324:144324:0324/151256.247496:INFO:CONSOLE(4202)] "Uncaught SyntaxError: Invalid or unexpected token", source: file:///home/dhia/browser-fuzzer/Dissertation/logger/run_20250324_064826/round_048/mutations/mutated_0004.html (4202)
[144324:144324:0324/151256.263585:INFO:CONSOLE(4203)] "Uncaught SyntaxError: Invalid or unexpected token", source: file:///home/dhia/browser-fuzzer/Dissertation/logger/run_20250324_064826/round_048/mutations/mutated_0004.html (4203)
[144324:144324:0324/151256.271295:INFO:CONSOLE(4204)] "Uncaught SyntaxError: Invalid or unexpected token", source: file:///home/dhia/browser-fuzzer/Dissertation/logger/run_20250324_064826/round_048/mutations/mutated_0004.html (4204)
[144324:144324:0324/151256.541713:INFO:CONSOLE(4205)] "Uncaught SyntaxError: Invalid or unexpected token", source: file:///home/dhia/browser-fuzzer/Dissertation/logger/run_20250324_064826/round_048/mutations/mutated_0004.html (4205)
[144324:144324:0324/151256.545494:INFO:CONSOLE(4206)] "Uncaught SyntaxError: Invalid or unexpected token", source: file:///home/dhia/browser-fuzzer/Dissertation/logger/run_20250324_064826/round_048/mutations/mutated_0004.html (4206)
[144324:144324:0324/151256.831656:INFO:CONSOLE(4285)] "Uncaught SyntaxError: Invalid or unexpected token", source: file:///home/dhia/browser-fuzzer/Dissertation/logger/run_20250324_064826/round_048/mutations/mutated_0004.html (4285)
[144324:144324:0324/151256.835423:INFO:CONSOLE(4286)] "Uncaught SyntaxError: Invalid or unexpected token", source: file:///home/dhia/browser-fuzzer/Dissertation/logger/run_20250324_064826/round_048/mutations/mutated_0004.html (4286)
[144324:144324:0324/151257.876298:ERROR:background_mode_manager_aura.cc(12)] Not implemented reached in virtual void BackgroundModeManager::EnableLaunchOnStartup(bool)
[144324:144324:0324/151258.161074:ERROR:kill_posix.cc(33)] waitpid(144399): No child processes (10)
[144324:144364:0324/151258.183808:WARNING:discardable_shared_memory_manager.cc(452)] Some MojoDiscardableSharedMemoryManagerImpls are still alive. They will be leaked.
