[78713:78713:0324/104324.488364:ERROR:cursor_factory.cc(96)] Not implemented reached in virtual void ui::CursorFactory::ObserveThemeChanges()
[78775:78775:0324/104325.223965:WARNING:sandbox_linux.cc(415)] InitializeSandbox() called with multiple threads in process gpu-process.
[78775:78775:0324/104325.242536:WARNING:viz_main_impl.cc(85)] VizNullHypothesis is disabled (not a warning)
[78713:78713:0324/104325.323733:WARNING:account_consistency_mode_manager.cc(72)] Desktop Identity Consistency cannot be enabled as no OAuth client ID and client secret have been configured.
[78778:78778:0324/104325.505094:WARNING:sandbox_linux.cc(415)] InitializeSandbox() called with multiple threads in process gpu-process.
[78778:78778:0324/104325.539590:WARNING:viz_main_impl.cc(85)] VizNullHypothesis is disabled (not a warning)
[78713:78713:0324/104326.959372:ERROR:platform_screen.cc(45)] Not implemented reached in virtual bool ui::PlatformScreen::IsScreenSaverActive() const
[78713:78713:0324/104326.959522:ERROR:platform_screen.cc(50)] Not implemented reached in virtual base::TimeDelta ui::PlatformScreen::CalculateIdleTime() const
[78713:78713:0324/104326.964010:WARNING:compose_enabling.cc(64)] Couldn't get country info.
[78713:78713:0324/104341.974122:INFO:CONSOLE(216)] "Uncaught SyntaxError: Invalid or unexpected token", source: file:///home/dhia/browser-fuzzer/Dissertation/logger/run_20250324_064826/round_024/mutations/mutated_0003.html (216)
[78713:78713:0324/104342.276144:INFO:CONSOLE(217)] "Uncaught SyntaxError: Invalid or unexpected token", source: file:///home/dhia/browser-fuzzer/Dissertation/logger/run_20250324_064826/round_024/mutations/mutated_0003.html (217)
[78713:78713:0324/104342.512313:INFO:CONSOLE(218)] "Uncaught SyntaxError: Invalid or unexpected token", source: file:///home/dhia/browser-fuzzer/Dissertation/logger/run_20250324_064826/round_024/mutations/mutated_0003.html (218)
[78713:78713:0324/104342.518863:INFO:CONSOLE(219)] "Uncaught SyntaxError: Invalid or unexpected token", source: file:///home/dhia/browser-fuzzer/Dissertation/logger/run_20250324_064826/round_024/mutations/mutated_0003.html (219)
[78713:78713:0324/104342.731441:INFO:CONSOLE(227)] "Uncaught SyntaxError: Invalid or unexpected token", source: file:///home/dhia/browser-fuzzer/Dissertation/logger/run_20250324_064826/round_024/mutations/mutated_0003.html (227)
[78713:78713:0324/104342.922176:INFO:CONSOLE(228)] "Uncaught SyntaxError: Invalid or unexpected token", source: file:///home/dhia/browser-fuzzer/Dissertation/logger/run_20250324_064826/round_024/mutations/mutated_0003.html (228)
[78713:78713:0324/104343.175695:INFO:CONSOLE(229)] "Uncaught SyntaxError: Invalid or unexpected token", source: file:///home/dhia/browser-fuzzer/Dissertation/logger/run_20250324_064826/round_024/mutations/mutated_0003.html (229)
[78713:78713:0324/104343.221806:INFO:CONSOLE(300)] "Uncaught SyntaxError: Invalid or unexpected token", source: file:///home/dhia/browser-fuzzer/Dissertation/logger/run_20250324_064826/round_024/mutations/mutated_0003.html (300)
[78713:78713:0324/104343.308082:INFO:CONSOLE(328)] "Uncaught SyntaxError: Invalid or unexpected token", source: file:///home/dhia/browser-fuzzer/Dissertation/logger/run_20250324_064826/round_024/mutations/mutated_0003.html (328)
[78713:78713:0324/104343.434429:INFO:CONSOLE(353)] "Uncaught SyntaxError: Invalid or unexpected token", source: file:///home/dhia/browser-fuzzer/Dissertation/logger/run_20250324_064826/round_024/mutations/mutated_0003.html (353)
[78713:78713:0324/104343.663021:INFO:CONSOLE(458)] "Uncaught SyntaxError: Invalid or unexpected token", source: file:///home/dhia/browser-fuzzer/Dissertation/logger/run_20250324_064826/round_024/mutations/mutated_0003.html (458)
[78713:78713:0324/104349.852248:INFO:CONSOLE(566)] "Uncaught SyntaxError: Unexpected end of input", source: file:///home/dhia/browser-fuzzer/Dissertation/logger/run_20250324_064826/round_024/mutations/mutated_0003.html (566)
[78713:78713:0324/104349.869547:INFO:CONSOLE(569)] "Uncaught SyntaxError: Invalid or unexpected token", source: file:///home/dhia/browser-fuzzer/Dissertation/logger/run_20250324_064826/round_024/mutations/mutated_0003.html (569)
[78713:78713:0324/104350.046266:INFO:CONSOLE(638)] "Uncaught SyntaxError: Unexpected end of input", source: file:///home/dhia/browser-fuzzer/Dissertation/logger/run_20250324_064826/round_024/mutations/mutated_0003.html (638)
[78713:78713:0324/104350.061642:INFO:CONSOLE(639)] "Uncaught SyntaxError: Unexpected end of input", source: file:///home/dhia/browser-fuzzer/Dissertation/logger/run_20250324_064826/round_024/mutations/mutated_0003.html (639)
[78713:78713:0324/104350.067764:INFO:CONSOLE(641)] "Uncaught SyntaxError: Invalid or unexpected token", source: file:///home/dhia/browser-fuzzer/Dissertation/logger/run_20250324_064826/round_024/mutations/mutated_0003.html (641)
[78713:78713:0324/104350.229691:INFO:CONSOLE(657)] "Uncaught SyntaxError: Invalid or unexpected token", source: file:///home/dhia/browser-fuzzer/Dissertation/logger/run_20250324_064826/round_024/mutations/mutated_0003.html (657)
[78713:78713:0324/104350.250365:INFO:CONSOLE(658)] "Uncaught SyntaxError: Invalid or unexpected token", source: file:///home/dhia/browser-fuzzer/Dissertation/logger/run_20250324_064826/round_024/mutations/mutated_0003.html (658)
[78713:78713:0324/104350.421769:INFO:CONSOLE(663)] "Uncaught SyntaxError: Invalid or unexpected token", source: file:///home/dhia/browser-fuzzer/Dissertation/logger/run_20250324_064826/round_024/mutations/mutated_0003.html (663)
[78713:78713:0324/104350.434572:INFO:CONSOLE(664)] "Uncaught SyntaxError: Invalid or unexpected token", source: file:///home/dhia/browser-fuzzer/Dissertation/logger/run_20250324_064826/round_024/mutations/mutated_0003.html (664)
[78713:78713:0324/104350.884979:INFO:CONSOLE(680)] "Uncaught SyntaxError: Invalid or unexpected token", source: file:///home/dhia/browser-fuzzer/Dissertation/logger/run_20250324_064826/round_024/mutations/mutated_0003.html (680)
[78713:78713:0324/104351.067379:INFO:CONSOLE(688)] "Uncaught SyntaxError: Invalid or unexpected token", source: file:///home/dhia/browser-fuzzer/Dissertation/logger/run_20250324_064826/round_024/mutations/mutated_0003.html (688)
[78713:78713:0324/104351.089690:INFO:CONSOLE(689)] "Uncaught SyntaxError: Invalid or unexpected token", source: file:///home/dhia/browser-fuzzer/Dissertation/logger/run_20250324_064826/round_024/mutations/mutated_0003.html (689)
[78713:78713:0324/104351.095867:INFO:CONSOLE(690)] "Uncaught SyntaxError: Invalid or unexpected token", source: file:///home/dhia/browser-fuzzer/Dissertation/logger/run_20250324_064826/round_024/mutations/mutated_0003.html (690)
[78713:78713:0324/104351.207542:INFO:CONSOLE(691)] "Uncaught SyntaxError: Invalid or unexpected token", source: file:///home/dhia/browser-fuzzer/Dissertation/logger/run_20250324_064826/round_024/mutations/mutated_0003.html (691)
[78713:78713:0324/104351.239679:INFO:CONSOLE(692)] "Uncaught SyntaxError: Invalid or unexpected token", source: file:///home/dhia/browser-fuzzer/Dissertation/logger/run_20250324_064826/round_024/mutations/mutated_0003.html (692)
[78713:78713:0324/104351.335372:INFO:CONSOLE(693)] "Uncaught SyntaxError: Invalid or unexpected token", source: file:///home/dhia/browser-fuzzer/Dissertation/logger/run_20250324_064826/round_024/mutations/mutated_0003.html (693)
[78713:78713:0324/104351.350617:INFO:CONSOLE(701)] "Uncaught SyntaxError: Invalid or unexpected token", source: file:///home/dhia/browser-fuzzer/Dissertation/logger/run_20250324_064826/round_024/mutations/mutated_0003.html (701)
[78713:78713:0324/104351.479802:INFO:CONSOLE(702)] "Uncaught SyntaxError: Invalid or unexpected token", source: file:///home/dhia/browser-fuzzer/Dissertation/logger/run_20250324_064826/round_024/mutations/mutated_0003.html (702)
[78713:78713:0324/104351.485644:INFO:CONSOLE(785)] "Uncaught SyntaxError: Invalid or unexpected token", source: file:///home/dhia/browser-fuzzer/Dissertation/logger/run_20250324_064826/round_024/mutations/mutated_0003.html (785)
[78713:78713:0324/104351.722161:INFO:CONSOLE(813)] "Uncaught SyntaxError: Invalid or unexpected token", source: file:///home/dhia/browser-fuzzer/Dissertation/logger/run_20250324_064826/round_024/mutations/mutated_0003.html (813)
[78713:78713:0324/104351.924444:INFO:CONSOLE(838)] "Uncaught SyntaxError: Invalid or unexpected token", source: file:///home/dhia/browser-fuzzer/Dissertation/logger/run_20250324_064826/round_024/mutations/mutated_0003.html (838)
[78713:78713:0324/104352.129003:INFO:CONSOLE(903)] "Uncaught SyntaxError: Invalid or unexpected token", source: file:///home/dhia/browser-fuzzer/Dissertation/logger/run_20250324_064826/round_024/mutations/mutated_0003.html (903)
[78713:78713:0324/104352.722585:INFO:CONSOLE(1016)] "Uncaught SyntaxError: Unexpected end of input", source: file:///home/dhia/browser-fuzzer/Dissertation/logger/run_20250324_064826/round_024/mutations/mutated_0003.html (1016)
[78713:78713:0324/104352.726229:INFO:CONSOLE(1019)] "Uncaught SyntaxError: Invalid or unexpected token", source: file:///home/dhia/browser-fuzzer/Dissertation/logger/run_20250324_064826/round_024/mutations/mutated_0003.html (1019)
[78713:78713:0324/104352.965353:INFO:CONSOLE(1088)] "Uncaught SyntaxError: Unexpected end of input", source: file:///home/dhia/browser-fuzzer/Dissertation/logger/run_20250324_064826/round_024/mutations/mutated_0003.html (1088)
[78713:78713:0324/104352.970619:INFO:CONSOLE(1090)] "Uncaught SyntaxError: Invalid or unexpected token", source: file:///home/dhia/browser-fuzzer/Dissertation/logger/run_20250324_064826/round_024/mutations/mutated_0003.html (1090)
[78713:78713:0324/104353.189492:INFO:CONSOLE(1096)] "Uncaught SyntaxError: Invalid or unexpected token", source: file:///home/dhia/browser-fuzzer/Dissertation/logger/run_20250324_064826/round_024/mutations/mutated_0003.html (1096)
[78713:78713:0324/104353.202422:INFO:CONSOLE(1101)] "Uncaught SyntaxError: Invalid or unexpected token", source: file:///home/dhia/browser-fuzzer/Dissertation/logger/run_20250324_064826/round_024/mutations/mutated_0003.html (1101)
[78713:78713:0324/104353.632847:INFO:CONSOLE(1117)] "Uncaught SyntaxError: Invalid or unexpected token", source: file:///home/dhia/browser-fuzzer/Dissertation/logger/run_20250324_064826/round_024/mutations/mutated_0003.html (1117)
[78713:78713:0324/104353.860128:INFO:CONSOLE(1125)] "Uncaught SyntaxError: Invalid or unexpected token", source: file:///home/dhia/browser-fuzzer/Dissertation/logger/run_20250324_064826/round_024/mutations/mutated_0003.html (1125)
[78713:78713:0324/104353.864507:INFO:CONSOLE(1126)] "Uncaught SyntaxError: Invalid or unexpected token", source: file:///home/dhia/browser-fuzzer/Dissertation/logger/run_20250324_064826/round_024/mutations/mutated_0003.html (1126)
[78713:78713:0324/104353.877838:INFO:CONSOLE(1127)] "Uncaught SyntaxError: Invalid or unexpected token", source: file:///home/dhia/browser-fuzzer/Dissertation/logger/run_20250324_064826/round_024/mutations/mutated_0003.html (1127)
[78713:78713:0324/104354.012836:INFO:CONSOLE(1128)] "Uncaught SyntaxError: Invalid or unexpected token", source: file:///home/dhia/browser-fuzzer/Dissertation/logger/run_20250324_064826/round_024/mutations/mutated_0003.html (1128)
[78713:78713:0324/104354.033315:INFO:CONSOLE(1136)] "Uncaught SyntaxError: Invalid or unexpected token", source: file:///home/dhia/browser-fuzzer/Dissertation/logger/run_20250324_064826/round_024/mutations/mutated_0003.html (1136)
[78713:78713:0324/104354.156691:INFO:CONSOLE(1137)] "Uncaught SyntaxError: Invalid or unexpected token", source: file:///home/dhia/browser-fuzzer/Dissertation/logger/run_20250324_064826/round_024/mutations/mutated_0003.html (1137)
[78713:78713:0324/104354.174981:INFO:CONSOLE(1208)] "Uncaught SyntaxError: Invalid or unexpected token", source: file:///home/dhia/browser-fuzzer/Dissertation/logger/run_20250324_064826/round_024/mutations/mutated_0003.html (1208)
[78713:78713:0324/104354.466040:INFO:CONSOLE(1248)] "Uncaught SyntaxError: Invalid or unexpected token", source: file:///home/dhia/browser-fuzzer/Dissertation/logger/run_20250324_064826/round_024/mutations/mutated_0003.html (1248)
[78713:78713:0324/104354.680819:INFO:CONSOLE(1273)] "Uncaught SyntaxError: Invalid or unexpected token", source: file:///home/dhia/browser-fuzzer/Dissertation/logger/run_20250324_064826/round_024/mutations/mutated_0003.html (1273)
[78713:78713:0324/104354.912250:INFO:CONSOLE(1319)] "Uncaught SyntaxError: Invalid or unexpected token", source: file:///home/dhia/browser-fuzzer/Dissertation/logger/run_20250324_064826/round_024/mutations/mutated_0003.html (1319)
[78713:78713:0324/104355.477656:INFO:CONSOLE(1454)] "Uncaught SyntaxError: Unexpected end of input", source: file:///home/dhia/browser-fuzzer/Dissertation/logger/run_20250324_064826/round_024/mutations/mutated_0003.html (1454)
[78713:78713:0324/104355.489347:INFO:CONSOLE(1457)] "Uncaught SyntaxError: Invalid or unexpected token", source: file:///home/dhia/browser-fuzzer/Dissertation/logger/run_20250324_064826/round_024/mutations/mutated_0003.html (1457)
[78713:78713:0324/104355.862433:INFO:CONSOLE(1526)] "Uncaught SyntaxError: Unexpected end of input", source: file:///home/dhia/browser-fuzzer/Dissertation/logger/run_20250324_064826/round_024/mutations/mutated_0003.html (1526)
[78713:78713:0324/104355.869681:INFO:CONSOLE(1527)] "Uncaught SyntaxError: Unexpected end of input", source: file:///home/dhia/browser-fuzzer/Dissertation/logger/run_20250324_064826/round_024/mutations/mutated_0003.html (1527)
[78713:78713:0324/104356.095205:INFO:CONSOLE(1529)] "Uncaught SyntaxError: Invalid or unexpected token", source: file:///home/dhia/browser-fuzzer/Dissertation/logger/run_20250324_064826/round_024/mutations/mutated_0003.html (1529)
[78713:78713:0324/104356.324920:INFO:CONSOLE(1545)] "Uncaught SyntaxError: Invalid or unexpected token", source: file:///home/dhia/browser-fuzzer/Dissertation/logger/run_20250324_064826/round_024/mutations/mutated_0003.html (1545)
[78713:78713:0324/104356.333660:INFO:CONSOLE(1550)] "Uncaught SyntaxError: Invalid or unexpected token", source: file:///home/dhia/browser-fuzzer/Dissertation/logger/run_20250324_064826/round_024/mutations/mutated_0003.html (1550)
[78713:78713:0324/104357.055080:INFO:CONSOLE(1566)] "Uncaught SyntaxError: Invalid or unexpected token", source: file:///home/dhia/browser-fuzzer/Dissertation/logger/run_20250324_064826/round_024/mutations/mutated_0003.html (1566)
[78713:78713:0324/104357.338408:INFO:CONSOLE(1574)] "Uncaught SyntaxError: Invalid or unexpected token", source: file:///home/dhia/browser-fuzzer/Dissertation/logger/run_20250324_064826/round_024/mutations/mutated_0003.html (1574)
[78713:78713:0324/104357.351840:INFO:CONSOLE(1575)] "Uncaught SyntaxError: Invalid or unexpected token", source: file:///home/dhia/browser-fuzzer/Dissertation/logger/run_20250324_064826/round_024/mutations/mutated_0003.html (1575)
[78713:78713:0324/104357.359221:INFO:CONSOLE(1576)] "Uncaught SyntaxError: Invalid or unexpected token", source: file:///home/dhia/browser-fuzzer/Dissertation/logger/run_20250324_064826/round_024/mutations/mutated_0003.html (1576)
[78713:78713:0324/104357.527622:INFO:CONSOLE(1577)] "Uncaught SyntaxError: Invalid or unexpected token", source: file:///home/dhia/browser-fuzzer/Dissertation/logger/run_20250324_064826/round_024/mutations/mutated_0003.html (1577)
[78713:78713:0324/104357.539009:INFO:CONSOLE(1578)] "Uncaught SyntaxError: Invalid or unexpected token", source: file:///home/dhia/browser-fuzzer/Dissertation/logger/run_20250324_064826/round_024/mutations/mutated_0003.html (1578)
[78713:78713:0324/104357.543696:INFO:CONSOLE(1579)] "Uncaught SyntaxError: Invalid or unexpected token", source: file:///home/dhia/browser-fuzzer/Dissertation/logger/run_20250324_064826/round_024/mutations/mutated_0003.html (1579)
[78713:78713:0324/104357.704310:INFO:CONSOLE(1580)] "Uncaught SyntaxError: Invalid or unexpected token", source: file:///home/dhia/browser-fuzzer/Dissertation/logger/run_20250324_064826/round_024/mutations/mutated_0003.html (1580)
[78713:78713:0324/104357.709739:INFO:CONSOLE(1588)] "Uncaught SyntaxError: Invalid or unexpected token", source: file:///home/dhia/browser-fuzzer/Dissertation/logger/run_20250324_064826/round_024/mutations/mutated_0003.html (1588)
[78713:78713:0324/104357.883340:INFO:CONSOLE(1589)] "Uncaught SyntaxError: Invalid or unexpected token", source: file:///home/dhia/browser-fuzzer/Dissertation/logger/run_20250324_064826/round_024/mutations/mutated_0003.html (1589)
[78713:78713:0324/104357.898609:INFO:CONSOLE(1660)] "Uncaught SyntaxError: Invalid or unexpected token", source: file:///home/dhia/browser-fuzzer/Dissertation/logger/run_20250324_064826/round_024/mutations/mutated_0003.html (1660)
[78713:78713:0324/104358.247688:INFO:CONSOLE(1688)] "Uncaught SyntaxError: Invalid or unexpected token", source: file:///home/dhia/browser-fuzzer/Dissertation/logger/run_20250324_064826/round_024/mutations/mutated_0003.html (1688)
[78713:78713:0324/104358.498329:INFO:CONSOLE(1713)] "Uncaught SyntaxError: Invalid or unexpected token", source: file:///home/dhia/browser-fuzzer/Dissertation/logger/run_20250324_064826/round_024/mutations/mutated_0003.html (1713)
[78713:78713:0324/104358.771718:INFO:CONSOLE(1769)] "Uncaught SyntaxError: Invalid or unexpected token", source: file:///home/dhia/browser-fuzzer/Dissertation/logger/run_20250324_064826/round_024/mutations/mutated_0003.html (1769)
[78713:78713:0324/104400.079288:INFO:CONSOLE(1867)] "Uncaught SyntaxError: Unexpected end of input", source: file:///home/dhia/browser-fuzzer/Dissertation/logger/run_20250324_064826/round_024/mutations/mutated_0003.html (1867)
[78713:78713:0324/104400.093774:INFO:CONSOLE(1870)] "Uncaught SyntaxError: Invalid or unexpected token", source: file:///home/dhia/browser-fuzzer/Dissertation/logger/run_20250324_064826/round_024/mutations/mutated_0003.html (1870)
[78713:78713:0324/104400.482627:INFO:CONSOLE(1939)] "Uncaught SyntaxError: Unexpected end of input", source: file:///home/dhia/browser-fuzzer/Dissertation/logger/run_20250324_064826/round_024/mutations/mutated_0003.html (1939)
[78713:78713:0324/104400.492098:INFO:CONSOLE(1941)] "Uncaught SyntaxError: Invalid or unexpected token", source: file:///home/dhia/browser-fuzzer/Dissertation/logger/run_20250324_064826/round_024/mutations/mutated_0003.html (1941)
[78713:78713:0324/104400.853229:INFO:CONSOLE(1947)] "Uncaught SyntaxError: Invalid or unexpected token", source: file:///home/dhia/browser-fuzzer/Dissertation/logger/run_20250324_064826/round_024/mutations/mutated_0003.html (1947)
[78713:78713:0324/104400.864260:INFO:CONSOLE(1952)] "Uncaught SyntaxError: Invalid or unexpected token", source: file:///home/dhia/browser-fuzzer/Dissertation/logger/run_20250324_064826/round_024/mutations/mutated_0003.html (1952)
[78713:78713:0324/104401.054512:INFO:CONSOLE(1953)] "Uncaught SyntaxError: Invalid or unexpected token", source: file:///home/dhia/browser-fuzzer/Dissertation/logger/run_20250324_064826/round_024/mutations/mutated_0003.html (1953)
[78713:78713:0324/104401.634668:INFO:CONSOLE(1979)] "Uncaught SyntaxError: Invalid or unexpected token", source: file:///home/dhia/browser-fuzzer/Dissertation/logger/run_20250324_064826/round_024/mutations/mutated_0003.html (1979)
[78713:78713:0324/104402.018582:INFO:CONSOLE(1987)] "Uncaught SyntaxError: Invalid or unexpected token", source: file:///home/dhia/browser-fuzzer/Dissertation/logger/run_20250324_064826/round_024/mutations/mutated_0003.html (1987)
[78713:78713:0324/104402.024679:INFO:CONSOLE(1988)] "Uncaught SyntaxError: Invalid or unexpected token", source: file:///home/dhia/browser-fuzzer/Dissertation/logger/run_20250324_064826/round_024/mutations/mutated_0003.html (1988)
[78713:78713:0324/104402.028992:INFO:CONSOLE(1989)] "Uncaught SyntaxError: Invalid or unexpected token", source: file:///home/dhia/browser-fuzzer/Dissertation/logger/run_20250324_064826/round_024/mutations/mutated_0003.html (1989)
[78713:78713:0324/104402.560087:INFO:CONSOLE(2174)] "Uncaught SyntaxError: Unexpected end of input", source: file:///home/dhia/browser-fuzzer/Dissertation/logger/run_20250324_064826/round_024/mutations/mutated_0003.html (2174)
[78713:78713:0324/104402.581799:INFO:CONSOLE(2177)] "Uncaught SyntaxError: Invalid or unexpected token", source: file:///home/dhia/browser-fuzzer/Dissertation/logger/run_20250324_064826/round_024/mutations/mutated_0003.html (2177)
[78713:78713:0324/104403.020108:INFO:CONSOLE(2205)] "Uncaught SyntaxError: Invalid or unexpected token", source: file:///home/dhia/browser-fuzzer/Dissertation/logger/run_20250324_064826/round_024/mutations/mutated_0003.html (2205)
[78713:78713:0324/104403.036796:INFO:CONSOLE(2210)] "Uncaught SyntaxError: Invalid or unexpected token", source: file:///home/dhia/browser-fuzzer/Dissertation/logger/run_20250324_064826/round_024/mutations/mutated_0003.html (2210)
[78713:78713:0324/104403.706184:INFO:CONSOLE(2308)] "Uncaught SyntaxError: Unexpected end of input", source: file:///home/dhia/browser-fuzzer/Dissertation/logger/run_20250324_064826/round_024/mutations/mutated_0003.html (2308)
[78713:78713:0324/104403.710224:INFO:CONSOLE(2311)] "Uncaught SyntaxError: Invalid or unexpected token", source: file:///home/dhia/browser-fuzzer/Dissertation/logger/run_20250324_064826/round_024/mutations/mutated_0003.html (2311)
[78713:78713:0324/104403.718083:INFO:CONSOLE(2312)] "Uncaught SyntaxError: Invalid or unexpected token", source: file:///home/dhia/browser-fuzzer/Dissertation/logger/run_20250324_064826/round_024/mutations/mutated_0003.html (2312)
[78713:78713:0324/104404.109747:INFO:CONSOLE(2318)] "Uncaught SyntaxError: Invalid or unexpected token", source: file:///home/dhia/browser-fuzzer/Dissertation/logger/run_20250324_064826/round_024/mutations/mutated_0003.html (2318)
[78713:78713:0324/104404.114543:INFO:CONSOLE(2323)] "Uncaught SyntaxError: Invalid or unexpected token", source: file:///home/dhia/browser-fuzzer/Dissertation/logger/run_20250324_064826/round_024/mutations/mutated_0003.html (2323)
[78713:78713:0324/104404.396425:INFO:CONSOLE(2337)] "Uncaught SyntaxError: Invalid or unexpected token", source: file:///home/dhia/browser-fuzzer/Dissertation/logger/run_20250324_064826/round_024/mutations/mutated_0003.html (2337)
[78713:78713:0324/104404.410231:INFO:CONSOLE(2342)] "Uncaught SyntaxError: Invalid or unexpected token", source: file:///home/dhia/browser-fuzzer/Dissertation/logger/run_20250324_064826/round_024/mutations/mutated_0003.html (2342)
[78713:78713:0324/104404.690547:INFO:CONSOLE(2351)] "Uncaught SyntaxError: Invalid or unexpected token", source: file:///home/dhia/browser-fuzzer/Dissertation/logger/run_20250324_064826/round_024/mutations/mutated_0003.html (2351)
[78713:78713:0324/104405.175018:INFO:CONSOLE(2420)] "Uncaught SyntaxError: Unexpected end of input", source: file:///home/dhia/browser-fuzzer/Dissertation/logger/run_20250324_064826/round_024/mutations/mutated_0003.html (2420)
[78713:78713:0324/104405.199309:INFO:CONSOLE(2421)] "Uncaught SyntaxError: Unexpected end of input", source: file:///home/dhia/browser-fuzzer/Dissertation/logger/run_20250324_064826/round_024/mutations/mutated_0003.html (2421)
[78713:78713:0324/104405.438279:INFO:CONSOLE(2430)] "Uncaught SyntaxError: Invalid or unexpected token", source: file:///home/dhia/browser-fuzzer/Dissertation/logger/run_20250324_064826/round_024/mutations/mutated_0003.html (2430)
[78713:78713:0324/104405.443652:INFO:CONSOLE(2431)] "Uncaught SyntaxError: Invalid or unexpected token", source: file:///home/dhia/browser-fuzzer/Dissertation/logger/run_20250324_064826/round_024/mutations/mutated_0003.html (2431)
[78713:78713:0324/104405.462470:INFO:CONSOLE(2502)] "Uncaught SyntaxError: Invalid or unexpected token", source: file:///home/dhia/browser-fuzzer/Dissertation/logger/run_20250324_064826/round_024/mutations/mutated_0003.html (2502)
[78713:78713:0324/104405.900260:INFO:CONSOLE(2572)] "Uncaught SyntaxError: Invalid or unexpected token", source: file:///home/dhia/browser-fuzzer/Dissertation/logger/run_20250324_064826/round_024/mutations/mutated_0003.html (2572)
[78713:78713:0324/104406.663075:INFO:CONSOLE(2610)] "Uncaught SyntaxError: Invalid or unexpected token", source: file:///home/dhia/browser-fuzzer/Dissertation/logger/run_20250324_064826/round_024/mutations/mutated_0003.html (2610)
[78713:78713:0324/104406.911030:INFO:CONSOLE(2618)] "Uncaught SyntaxError: Invalid or unexpected token", source: file:///home/dhia/browser-fuzzer/Dissertation/logger/run_20250324_064826/round_024/mutations/mutated_0003.html (2618)
[78713:78713:0324/104406.919674:INFO:CONSOLE(2619)] "Uncaught SyntaxError: Invalid or unexpected token", source: file:///home/dhia/browser-fuzzer/Dissertation/logger/run_20250324_064826/round_024/mutations/mutated_0003.html (2619)
[78713:78713:0324/104406.935982:INFO:CONSOLE(2690)] "Uncaught SyntaxError: Invalid or unexpected token", source: file:///home/dhia/browser-fuzzer/Dissertation/logger/run_20250324_064826/round_024/mutations/mutated_0003.html (2690)
[78713:78713:0324/104407.145264:INFO:CONSOLE(2727)] "Uncaught SyntaxError: Invalid or unexpected token", source: file:///home/dhia/browser-fuzzer/Dissertation/logger/run_20250324_064826/round_024/mutations/mutated_0003.html (2727)
[78713:78713:0324/104407.695983:INFO:CONSOLE(2806)] "Uncaught SyntaxError: Unexpected end of input", source: file:///home/dhia/browser-fuzzer/Dissertation/logger/run_20250324_064826/round_024/mutations/mutated_0003.html (2806)
[78713:78713:0324/104408.172551:INFO:CONSOLE(2876)] "Uncaught SyntaxError: Unexpected end of input", source: file:///home/dhia/browser-fuzzer/Dissertation/logger/run_20250324_064826/round_024/mutations/mutated_0003.html (2876)
[78713:78713:0324/104408.758085:INFO:CONSOLE(2946)] "Uncaught SyntaxError: Unexpected end of input", source: file:///home/dhia/browser-fuzzer/Dissertation/logger/run_20250324_064826/round_024/mutations/mutated_0003.html (2946)
[78713:78713:0324/104409.269197:INFO:CONSOLE(3231)] "Uncaught SyntaxError: Invalid or unexpected token", source: file:///home/dhia/browser-fuzzer/Dissertation/logger/run_20250324_064826/round_024/mutations/mutated_0003.html (3231)
[78713:78713:0324/104410.249478:INFO:CONSOLE(3332)] "Uncaught SyntaxError: Invalid or unexpected token", source: file:///home/dhia/browser-fuzzer/Dissertation/logger/run_20250324_064826/round_024/mutations/mutated_0003.html (3332)
[78713:78713:0324/104410.775640:INFO:CONSOLE(3442)] "Uncaught SyntaxError: Invalid or unexpected token", source: file:///home/dhia/browser-fuzzer/Dissertation/logger/run_20250324_064826/round_024/mutations/mutated_0003.html (3442)
[78713:78713:0324/104411.271070:INFO:CONSOLE(3454)] "Uncaught SyntaxError: Invalid or unexpected token", source: file:///home/dhia/browser-fuzzer/Dissertation/logger/run_20250324_064826/round_024/mutations/mutated_0003.html (3454)
[78713:78713:0324/104411.284859:INFO:CONSOLE(3464)] "Uncaught SyntaxError: Invalid or unexpected token", source: file:///home/dhia/browser-fuzzer/Dissertation/logger/run_20250324_064826/round_024/mutations/mutated_0003.html (3464)
[78713:78713:0324/104411.552971:INFO:CONSOLE(3478)] "Uncaught SyntaxError: Invalid or unexpected token", source: file:///home/dhia/browser-fuzzer/Dissertation/logger/run_20250324_064826/round_024/mutations/mutated_0003.html (3478)
[78713:78713:0324/104411.954584:INFO:CONSOLE(3504)] "Uncaught SyntaxError: Invalid or unexpected token", source: file:///home/dhia/browser-fuzzer/Dissertation/logger/run_20250324_064826/round_024/mutations/mutated_0003.html (3504)
[78713:78713:0324/104412.303985:INFO:CONSOLE(3541)] "Uncaught SyntaxError: Invalid or unexpected token", source: file:///home/dhia/browser-fuzzer/Dissertation/logger/run_20250324_064826/round_024/mutations/mutated_0003.html (3541)
[78713:78713:0324/104412.315232:INFO:CONSOLE(3542)] "Uncaught SyntaxError: Invalid or unexpected token", source: file:///home/dhia/browser-fuzzer/Dissertation/logger/run_20250324_064826/round_024/mutations/mutated_0003.html (3542)
[78713:78713:0324/104412.726104:INFO:CONSOLE(3568)] "Uncaught SyntaxError: Invalid or unexpected token", source: file:///home/dhia/browser-fuzzer/Dissertation/logger/run_20250324_064826/round_024/mutations/mutated_0003.html (3568)
[78713:78713:0324/104412.742432:INFO:CONSOLE(3569)] "Uncaught SyntaxError: Invalid or unexpected token", source: file:///home/dhia/browser-fuzzer/Dissertation/logger/run_20250324_064826/round_024/mutations/mutated_0003.html (3569)
[78713:78713:0324/104412.757465:INFO:CONSOLE(3640)] "Uncaught SyntaxError: Invalid or unexpected token", source: file:///home/dhia/browser-fuzzer/Dissertation/logger/run_20250324_064826/round_024/mutations/mutated_0003.html (3640)
[78713:78713:0324/104413.661488:INFO:CONSOLE(3661)] "Uncaught SyntaxError: Invalid or unexpected token", source: file:///home/dhia/browser-fuzzer/Dissertation/logger/run_20250324_064826/round_024/mutations/mutated_0003.html (3661)
[78713:78713:0324/104413.668116:INFO:CONSOLE(3662)] "Uncaught SyntaxError: Invalid or unexpected token", source: file:///home/dhia/browser-fuzzer/Dissertation/logger/run_20250324_064826/round_024/mutations/mutated_0003.html (3662)
[78713:78713:0324/104414.043425:INFO:CONSOLE(3802)] "Uncaught SyntaxError: Invalid or unexpected token", source: file:///home/dhia/browser-fuzzer/Dissertation/logger/run_20250324_064826/round_024/mutations/mutated_0003.html (3802)
[78713:78713:0324/104414.070282:INFO:CONSOLE(3803)] "Uncaught SyntaxError: Invalid or unexpected token", source: file:///home/dhia/browser-fuzzer/Dissertation/logger/run_20250324_064826/round_024/mutations/mutated_0003.html (3803)
[78713:78713:0324/104414.937037:INFO:CONSOLE(3829)] "Uncaught SyntaxError: Invalid or unexpected token", source: file:///home/dhia/browser-fuzzer/Dissertation/logger/run_20250324_064826/round_024/mutations/mutated_0003.html (3829)
[78713:78713:0324/104415.324944:INFO:CONSOLE(3864)] "Uncaught SyntaxError: Invalid or unexpected token", source: file:///home/dhia/browser-fuzzer/Dissertation/logger/run_20250324_064826/round_024/mutations/mutated_0003.html (3864)
[78713:78713:0324/104415.333070:INFO:CONSOLE(3865)] "Uncaught SyntaxError: Invalid or unexpected token", source: file:///home/dhia/browser-fuzzer/Dissertation/logger/run_20250324_064826/round_024/mutations/mutated_0003.html (3865)
[78713:78713:0324/104415.621872:INFO:CONSOLE(3880)] "Uncaught SyntaxError: Invalid or unexpected token", source: file:///home/dhia/browser-fuzzer/Dissertation/logger/run_20250324_064826/round_024/mutations/mutated_0003.html (3880)
[78713:78713:0324/104415.960905:INFO:CONSOLE(3910)] "Uncaught SyntaxError: Invalid or unexpected token", source: file:///home/dhia/browser-fuzzer/Dissertation/logger/run_20250324_064826/round_024/mutations/mutated_0003.html (3910)
[78713:78713:0324/104416.262340:INFO:CONSOLE(4026)] "Uncaught SyntaxError: Invalid or unexpected token", source: file:///home/dhia/browser-fuzzer/Dissertation/logger/run_20250324_064826/round_024/mutations/mutated_0003.html (4026)
[78713:78713:0324/104416.275132:INFO:CONSOLE(4027)] "Uncaught SyntaxError: Invalid or unexpected token", source: file:///home/dhia/browser-fuzzer/Dissertation/logger/run_20250324_064826/round_024/mutations/mutated_0003.html (4027)
[78713:78713:0324/104417.517969:INFO:CONSOLE(4028)] "Uncaught SyntaxError: Invalid or unexpected token", source: file:///home/dhia/browser-fuzzer/Dissertation/logger/run_20250324_064826/round_024/mutations/mutated_0003.html (4028)
[78713:78713:0324/104417.523282:INFO:CONSOLE(4029)] "Uncaught SyntaxError: Invalid or unexpected token", source: file:///home/dhia/browser-fuzzer/Dissertation/logger/run_20250324_064826/round_024/mutations/mutated_0003.html (4029)
[78713:78713:0324/104417.539676:INFO:CONSOLE(4030)] "Uncaught SyntaxError: Invalid or unexpected token", source: file:///home/dhia/browser-fuzzer/Dissertation/logger/run_20250324_064826/round_024/mutations/mutated_0003.html (4030)
[78713:78713:0324/104417.808595:INFO:CONSOLE(4061)] "Uncaught SyntaxError: Invalid or unexpected token", source: file:///home/dhia/browser-fuzzer/Dissertation/logger/run_20250324_064826/round_024/mutations/mutated_0003.html (4061)
[78713:78713:0324/104418.163395:INFO:CONSOLE(4078)] "Uncaught SyntaxError: Invalid or unexpected token", source: file:///home/dhia/browser-fuzzer/Dissertation/logger/run_20250324_064826/round_024/mutations/mutated_0003.html (4078)
[78713:78713:0324/104418.173487:INFO:CONSOLE(4082)] "Uncaught SyntaxError: Invalid or unexpected token", source: file:///home/dhia/browser-fuzzer/Dissertation/logger/run_20250324_064826/round_024/mutations/mutated_0003.html (4082)
[78713:78713:0324/104418.512647:INFO:CONSOLE(4092)] "Uncaught SyntaxError: Invalid or unexpected token", source: file:///home/dhia/browser-fuzzer/Dissertation/logger/run_20250324_064826/round_024/mutations/mutated_0003.html (4092)
[78713:78713:0324/104418.797026:INFO:CONSOLE(4108)] "Uncaught SyntaxError: Invalid or unexpected token", source: file:///home/dhia/browser-fuzzer/Dissertation/logger/run_20250324_064826/round_024/mutations/mutated_0003.html (4108)
[78713:78713:0324/104419.121409:INFO:CONSOLE(4109)] "Uncaught SyntaxError: Invalid or unexpected token", source: file:///home/dhia/browser-fuzzer/Dissertation/logger/run_20250324_064826/round_024/mutations/mutated_0003.html (4109)
[78713:78713:0324/104419.130083:INFO:CONSOLE(4110)] "Uncaught SyntaxError: Invalid or unexpected token", source: file:///home/dhia/browser-fuzzer/Dissertation/logger/run_20250324_064826/round_024/mutations/mutated_0003.html (4110)
[78713:78713:0324/104419.384498:INFO:CONSOLE(4111)] "Uncaught SyntaxError: Invalid or unexpected token", source: file:///home/dhia/browser-fuzzer/Dissertation/logger/run_20250324_064826/round_024/mutations/mutated_0003.html (4111)
[78713:78713:0324/104419.400209:INFO:CONSOLE(4112)] "Uncaught SyntaxError: Invalid or unexpected token", source: file:///home/dhia/browser-fuzzer/Dissertation/logger/run_20250324_064826/round_024/mutations/mutated_0003.html (4112)
[78713:78713:0324/104420.209075:INFO:CONSOLE(4130)] "Uncaught SyntaxError: Invalid or unexpected token", source: file:///home/dhia/browser-fuzzer/Dissertation/logger/run_20250324_064826/round_024/mutations/mutated_0003.html (4130)
[78713:78713:0324/104421.023228:INFO:CONSOLE(4138)] "Uncaught SyntaxError: Invalid or unexpected token", source: file:///home/dhia/browser-fuzzer/Dissertation/logger/run_20250324_064826/round_024/mutations/mutated_0003.html (4138)
[78713:78713:0324/104423.255764:INFO:CONSOLE(4174)] "Uncaught SyntaxError: Invalid or unexpected token", source: file:///home/dhia/browser-fuzzer/Dissertation/logger/run_20250324_064826/round_024/mutations/mutated_0003.html (4174)
[78713:78713:0324/104423.265314:INFO:CONSOLE(4175)] "Uncaught SyntaxError: Invalid or unexpected token", source: file:///home/dhia/browser-fuzzer/Dissertation/logger/run_20250324_064826/round_024/mutations/mutated_0003.html (4175)
[78713:78713:0324/104423.509127:INFO:CONSOLE(4176)] "Uncaught SyntaxError: Invalid or unexpected token", source: file:///home/dhia/browser-fuzzer/Dissertation/logger/run_20250324_064826/round_024/mutations/mutated_0003.html (4176)
[78713:78713:0324/104423.534881:INFO:CONSOLE(4182)] "Uncaught SyntaxError: Invalid or unexpected token", source: file:///home/dhia/browser-fuzzer/Dissertation/logger/run_20250324_064826/round_024/mutations/mutated_0003.html (4182)
[78713:78713:0324/104423.821883:INFO:CONSOLE(4188)] "Uncaught SyntaxError: Invalid or unexpected token", source: file:///home/dhia/browser-fuzzer/Dissertation/logger/run_20250324_064826/round_024/mutations/mutated_0003.html (4188)
[78713:78713:0324/104423.834561:INFO:CONSOLE(4194)] "Uncaught SyntaxError: Invalid or unexpected token", source: file:///home/dhia/browser-fuzzer/Dissertation/logger/run_20250324_064826/round_024/mutations/mutated_0003.html (4194)
[78713:78713:0324/104424.102911:INFO:CONSOLE(4200)] "Uncaught SyntaxError: Invalid or unexpected token", source: file:///home/dhia/browser-fuzzer/Dissertation/logger/run_20250324_064826/round_024/mutations/mutated_0003.html (4200)
[78713:78713:0324/104424.441136:INFO:CONSOLE(4201)] "Uncaught SyntaxError: Invalid or unexpected token", source: file:///home/dhia/browser-fuzzer/Dissertation/logger/run_20250324_064826/round_024/mutations/mutated_0003.html (4201)
[78713:78713:0324/104424.455684:INFO:CONSOLE(4202)] "Uncaught SyntaxError: Invalid or unexpected token", source: file:///home/dhia/browser-fuzzer/Dissertation/logger/run_20250324_064826/round_024/mutations/mutated_0003.html (4202)
[78713:78713:0324/104424.466343:INFO:CONSOLE(4203)] "Uncaught SyntaxError: Invalid or unexpected token", source: file:///home/dhia/browser-fuzzer/Dissertation/logger/run_20250324_064826/round_024/mutations/mutated_0003.html (4203)
[78713:78713:0324/104424.854768:INFO:CONSOLE(4209)] "Uncaught SyntaxError: Invalid or unexpected token", source: file:///home/dhia/browser-fuzzer/Dissertation/logger/run_20250324_064826/round_024/mutations/mutated_0003.html (4209)
[78713:78713:0324/104424.861618:INFO:CONSOLE(4210)] "Uncaught SyntaxError: Invalid or unexpected token", source: file:///home/dhia/browser-fuzzer/Dissertation/logger/run_20250324_064826/round_024/mutations/mutated_0003.html (4210)
[78713:78713:0324/104425.169879:INFO:CONSOLE(4211)] "Uncaught SyntaxError: Invalid or unexpected token", source: file:///home/dhia/browser-fuzzer/Dissertation/logger/run_20250324_064826/round_024/mutations/mutated_0003.html (4211)
[78713:78713:0324/104425.493394:INFO:CONSOLE(4286)] "Uncaught SyntaxError: Invalid or unexpected token", source: file:///home/dhia/browser-fuzzer/Dissertation/logger/run_20250324_064826/round_024/mutations/mutated_0003.html (4286)
[78713:78713:0324/104425.509488:INFO:CONSOLE(4287)] "Uncaught SyntaxError: Invalid or unexpected token", source: file:///home/dhia/browser-fuzzer/Dissertation/logger/run_20250324_064826/round_024/mutations/mutated_0003.html (4287)
[78713:78713:0324/104426.527620:INFO:CONSOLE(4288)] "Uncaught SyntaxError: Invalid or unexpected token", source: file:///home/dhia/browser-fuzzer/Dissertation/logger/run_20250324_064826/round_024/mutations/mutated_0003.html (4288)
[78713:78713:0324/104426.536290:INFO:CONSOLE(4289)] "Uncaught SyntaxError: Invalid or unexpected token", source: file:///home/dhia/browser-fuzzer/Dissertation/logger/run_20250324_064826/round_024/mutations/mutated_0003.html (4289)
[78713:78713:0324/104426.904529:INFO:CONSOLE(4359)] "Uncaught SyntaxError: Invalid or unexpected token", source: file:///home/dhia/browser-fuzzer/Dissertation/logger/run_20250324_064826/round_024/mutations/mutated_0003.html (4359)
[78713:78713:0324/104426.923984:INFO:CONSOLE(4360)] "Uncaught SyntaxError: Invalid or unexpected token", source: file:///home/dhia/browser-fuzzer/Dissertation/logger/run_20250324_064826/round_024/mutations/mutated_0003.html (4360)
[78713:78713:0324/104426.930313:INFO:CONSOLE(4361)] "Uncaught SyntaxError: Invalid or unexpected token", source: file:///home/dhia/browser-fuzzer/Dissertation/logger/run_20250324_064826/round_024/mutations/mutated_0003.html (4361)
[78713:78713:0324/104427.820091:INFO:CONSOLE(4362)] "Uncaught SyntaxError: Invalid or unexpected token", source: file:///home/dhia/browser-fuzzer/Dissertation/logger/run_20250324_064826/round_024/mutations/mutated_0003.html (4362)
[78713:78713:0324/104427.825238:INFO:CONSOLE(4363)] "Uncaught SyntaxError: Invalid or unexpected token", source: file:///home/dhia/browser-fuzzer/Dissertation/logger/run_20250324_064826/round_024/mutations/mutated_0003.html (4363)
[78713:78713:0324/104427.844975:INFO:CONSOLE(4364)] "Uncaught SyntaxError: Invalid or unexpected token", source: file:///home/dhia/browser-fuzzer/Dissertation/logger/run_20250324_064826/round_024/mutations/mutated_0003.html (4364)
[78713:78713:0324/104428.091812:INFO:CONSOLE(4365)] "Uncaught SyntaxError: Invalid or unexpected token", source: file:///home/dhia/browser-fuzzer/Dissertation/logger/run_20250324_064826/round_024/mutations/mutated_0003.html (4365)
[78713:78713:0324/104428.100247:INFO:CONSOLE(4369)] "Uncaught SyntaxError: Invalid or unexpected token", source: file:///home/dhia/browser-fuzzer/Dissertation/logger/run_20250324_064826/round_024/mutations/mutated_0003.html (4369)
[78713:78713:0324/104428.474326:INFO:CONSOLE(4382)] "Uncaught SyntaxError: Invalid or unexpected token", source: file:///home/dhia/browser-fuzzer/Dissertation/logger/run_20250324_064826/round_024/mutations/mutated_0003.html (4382)
[78713:78713:0324/104428.483035:INFO:CONSOLE(4383)] "Uncaught SyntaxError: Invalid or unexpected token", source: file:///home/dhia/browser-fuzzer/Dissertation/logger/run_20250324_064826/round_024/mutations/mutated_0003.html (4383)
[78713:78713:0324/104428.488402:INFO:CONSOLE(4384)] "Uncaught SyntaxError: Invalid or unexpected token", source: file:///home/dhia/browser-fuzzer/Dissertation/logger/run_20250324_064826/round_024/mutations/mutated_0003.html (4384)
[78713:78713:0324/104428.820144:INFO:CONSOLE(4397)] "Uncaught SyntaxError: Invalid or unexpected token", source: file:///home/dhia/browser-fuzzer/Dissertation/logger/run_20250324_064826/round_024/mutations/mutated_0003.html (4397)
[78713:78713:0324/104428.836082:INFO:CONSOLE(4401)] "Uncaught SyntaxError: Invalid or unexpected token", source: file:///home/dhia/browser-fuzzer/Dissertation/logger/run_20250324_064826/round_024/mutations/mutated_0003.html (4401)
[78713:78713:0324/104429.152098:INFO:CONSOLE(4405)] "Uncaught SyntaxError: Invalid or unexpected token", source: file:///home/dhia/browser-fuzzer/Dissertation/logger/run_20250324_064826/round_024/mutations/mutated_0003.html (4405)
[78713:78713:0324/104429.161025:INFO:CONSOLE(4412)] "Uncaught SyntaxError: Invalid or unexpected token", source: file:///home/dhia/browser-fuzzer/Dissertation/logger/run_20250324_064826/round_024/mutations/mutated_0003.html (4412)
[78713:78713:0324/104429.424512:INFO:CONSOLE(4416)] "Uncaught SyntaxError: Invalid or unexpected token", source: file:///home/dhia/browser-fuzzer/Dissertation/logger/run_20250324_064826/round_024/mutations/mutated_0003.html (4416)
[78713:78713:0324/104429.431199:INFO:CONSOLE(4417)] "Uncaught SyntaxError: Invalid or unexpected token", source: file:///home/dhia/browser-fuzzer/Dissertation/logger/run_20250324_064826/round_024/mutations/mutated_0003.html (4417)
[78713:78713:0324/104429.751611:INFO:CONSOLE(4418)] "Uncaught SyntaxError: Invalid or unexpected token", source: file:///home/dhia/browser-fuzzer/Dissertation/logger/run_20250324_064826/round_024/mutations/mutated_0003.html (4418)
[78713:78713:0324/104429.759621:INFO:CONSOLE(4419)] "Uncaught SyntaxError: Invalid or unexpected token", source: file:///home/dhia/browser-fuzzer/Dissertation/logger/run_20250324_064826/round_024/mutations/mutated_0003.html (4419)
[78713:78713:0324/104429.765346:INFO:CONSOLE(4420)] "Uncaught SyntaxError: Invalid or unexpected token", source: file:///home/dhia/browser-fuzzer/Dissertation/logger/run_20250324_064826/round_024/mutations/mutated_0003.html (4420)
[78713:78713:0324/104430.055156:INFO:CONSOLE(4431)] "Uncaught SyntaxError: Invalid or unexpected token", source: file:///home/dhia/browser-fuzzer/Dissertation/logger/run_20250324_064826/round_024/mutations/mutated_0003.html (4431)
[78713:78713:0324/104430.070688:INFO:CONSOLE(4432)] "Uncaught SyntaxError: Invalid or unexpected token", source: file:///home/dhia/browser-fuzzer/Dissertation/logger/run_20250324_064826/round_024/mutations/mutated_0003.html (4432)
[78713:78713:0324/104430.075180:INFO:CONSOLE(4433)] "Uncaught SyntaxError: Invalid or unexpected token", source: file:///home/dhia/browser-fuzzer/Dissertation/logger/run_20250324_064826/round_024/mutations/mutated_0003.html (4433)
[78713:78713:0324/104430.358956:INFO:CONSOLE(4434)] "Uncaught SyntaxError: Invalid or unexpected token", source: file:///home/dhia/browser-fuzzer/Dissertation/logger/run_20250324_064826/round_024/mutations/mutated_0003.html (4434)
[78713:78713:0324/104430.365018:INFO:CONSOLE(4435)] "Uncaught SyntaxError: Invalid or unexpected token", source: file:///home/dhia/browser-fuzzer/Dissertation/logger/run_20250324_064826/round_024/mutations/mutated_0003.html (4435)
[78713:78713:0324/104430.371695:INFO:CONSOLE(4436)] "Uncaught SyntaxError: Invalid or unexpected token", source: file:///home/dhia/browser-fuzzer/Dissertation/logger/run_20250324_064826/round_024/mutations/mutated_0003.html (4436)
[78713:78713:0324/104430.387745:INFO:CONSOLE(4437)] "Uncaught SyntaxError: Invalid or unexpected token", source: file:///home/dhia/browser-fuzzer/Dissertation/logger/run_20250324_064826/round_024/mutations/mutated_0003.html (4437)
[78713:78713:0324/104430.395153:INFO:CONSOLE(4438)] "Uncaught SyntaxError: Invalid or unexpected token", source: file:///home/dhia/browser-fuzzer/Dissertation/logger/run_20250324_064826/round_024/mutations/mutated_0003.html (4438)
[78713:78713:0324/104430.733924:INFO:CONSOLE(4439)] "Uncaught SyntaxError: Invalid or unexpected token", source: file:///home/dhia/browser-fuzzer/Dissertation/logger/run_20250324_064826/round_024/mutations/mutated_0003.html (4439)
[78713:78713:0324/104430.752669:INFO:CONSOLE(4440)] "Uncaught SyntaxError: Invalid or unexpected token", source: file:///home/dhia/browser-fuzzer/Dissertation/logger/run_20250324_064826/round_024/mutations/mutated_0003.html (4440)
[78713:78713:0324/104431.065680:INFO:CONSOLE(4441)] "Uncaught SyntaxError: Invalid or unexpected token", source: file:///home/dhia/browser-fuzzer/Dissertation/logger/run_20250324_064826/round_024/mutations/mutated_0003.html (4441)
[78713:78713:0324/104431.079422:INFO:CONSOLE(4442)] "Uncaught SyntaxError: Invalid or unexpected token", source: file:///home/dhia/browser-fuzzer/Dissertation/logger/run_20250324_064826/round_024/mutations/mutated_0003.html (4442)
[78713:78713:0324/104431.357091:INFO:CONSOLE(4443)] "Uncaught SyntaxError: Invalid or unexpected token", source: file:///home/dhia/browser-fuzzer/Dissertation/logger/run_20250324_064826/round_024/mutations/mutated_0003.html (4443)
[78713:78713:0324/104431.386641:INFO:CONSOLE(4444)] "Uncaught SyntaxError: Invalid or unexpected token", source: file:///home/dhia/browser-fuzzer/Dissertation/logger/run_20250324_064826/round_024/mutations/mutated_0003.html (4444)
[78713:78713:0324/104431.391533:INFO:CONSOLE(4445)] "Uncaught SyntaxError: Invalid or unexpected token", source: file:///home/dhia/browser-fuzzer/Dissertation/logger/run_20250324_064826/round_024/mutations/mutated_0003.html (4445)
[78713:78713:0324/104431.786041:INFO:CONSOLE(4446)] "Uncaught SyntaxError: Invalid or unexpected token", source: file:///home/dhia/browser-fuzzer/Dissertation/logger/run_20250324_064826/round_024/mutations/mutated_0003.html (4446)
[78713:78713:0324/104431.791313:INFO:CONSOLE(4447)] "Uncaught SyntaxError: Invalid or unexpected token", source: file:///home/dhia/browser-fuzzer/Dissertation/logger/run_20250324_064826/round_024/mutations/mutated_0003.html (4447)
[78713:78713:0324/104432.085297:INFO:CONSOLE(4448)] "Uncaught SyntaxError: Invalid or unexpected token", source: file:///home/dhia/browser-fuzzer/Dissertation/logger/run_20250324_064826/round_024/mutations/mutated_0003.html (4448)
[78713:78713:0324/104432.090698:INFO:CONSOLE(4449)] "Uncaught SyntaxError: Invalid or unexpected token", source: file:///home/dhia/browser-fuzzer/Dissertation/logger/run_20250324_064826/round_024/mutations/mutated_0003.html (4449)
[78713:78713:0324/104432.094788:INFO:CONSOLE(4450)] "Uncaught SyntaxError: Invalid or unexpected token", source: file:///home/dhia/browser-fuzzer/Dissertation/logger/run_20250324_064826/round_024/mutations/mutated_0003.html (4450)
[78713:78713:0324/104432.384291:INFO:CONSOLE(4451)] "Uncaught SyntaxError: Invalid or unexpected token", source: file:///home/dhia/browser-fuzzer/Dissertation/logger/run_20250324_064826/round_024/mutations/mutated_0003.html (4451)
[78713:78713:0324/104432.392284:INFO:CONSOLE(4452)] "Uncaught SyntaxError: Invalid or unexpected token", source: file:///home/dhia/browser-fuzzer/Dissertation/logger/run_20250324_064826/round_024/mutations/mutated_0003.html (4452)
[78713:78713:0324/104432.751338:INFO:CONSOLE(4453)] "Uncaught SyntaxError: Invalid or unexpected token", source: file:///home/dhia/browser-fuzzer/Dissertation/logger/run_20250324_064826/round_024/mutations/mutated_0003.html (4453)
[78713:78713:0324/104432.756700:INFO:CONSOLE(4464)] "Uncaught SyntaxError: Invalid or unexpected token", source: file:///home/dhia/browser-fuzzer/Dissertation/logger/run_20250324_064826/round_024/mutations/mutated_0003.html (4464)
[78713:78713:0324/104432.761153:INFO:CONSOLE(4465)] "Uncaught SyntaxError: Invalid or unexpected token", source: file:///home/dhia/browser-fuzzer/Dissertation/logger/run_20250324_064826/round_024/mutations/mutated_0003.html (4465)
[78713:78713:0324/104433.071042:INFO:CONSOLE(4466)] "Uncaught SyntaxError: Invalid or unexpected token", source: file:///home/dhia/browser-fuzzer/Dissertation/logger/run_20250324_064826/round_024/mutations/mutated_0003.html (4466)
[78713:78713:0324/104433.074715:INFO:CONSOLE(4467)] "Uncaught SyntaxError: Invalid or unexpected token", source: file:///home/dhia/browser-fuzzer/Dissertation/logger/run_20250324_064826/round_024/mutations/mutated_0003.html (4467)
[78713:78713:0324/104433.405951:INFO:CONSOLE(4480)] "Uncaught SyntaxError: Invalid or unexpected token", source: file:///home/dhia/browser-fuzzer/Dissertation/logger/run_20250324_064826/round_024/mutations/mutated_0003.html (4480)
[78713:78713:0324/104433.411687:INFO:CONSOLE(4481)] "Uncaught SyntaxError: Invalid or unexpected token", source: file:///home/dhia/browser-fuzzer/Dissertation/logger/run_20250324_064826/round_024/mutations/mutated_0003.html (4481)
[78713:78713:0324/104433.421137:INFO:CONSOLE(4482)] "Uncaught SyntaxError: Invalid or unexpected token", source: file:///home/dhia/browser-fuzzer/Dissertation/logger/run_20250324_064826/round_024/mutations/mutated_0003.html (4482)
[78713:78713:0324/104433.709326:INFO:CONSOLE(4483)] "Uncaught SyntaxError: Invalid or unexpected token", source: file:///home/dhia/browser-fuzzer/Dissertation/logger/run_20250324_064826/round_024/mutations/mutated_0003.html (4483)
[78713:78713:0324/104433.722915:INFO:CONSOLE(4484)] "Uncaught SyntaxError: Invalid or unexpected token", source: file:///home/dhia/browser-fuzzer/Dissertation/logger/run_20250324_064826/round_024/mutations/mutated_0003.html (4484)
[78713:78713:0324/104433.731102:INFO:CONSOLE(4485)] "Uncaught SyntaxError: Invalid or unexpected token", source: file:///home/dhia/browser-fuzzer/Dissertation/logger/run_20250324_064826/round_024/mutations/mutated_0003.html (4485)
[78713:78713:0324/104434.044164:INFO:CONSOLE(4486)] "Uncaught SyntaxError: Invalid or unexpected token", source: file:///home/dhia/browser-fuzzer/Dissertation/logger/run_20250324_064826/round_024/mutations/mutated_0003.html (4486)
[78713:78713:0324/104434.051502:INFO:CONSOLE(4487)] "Uncaught SyntaxError: Invalid or unexpected token", source: file:///home/dhia/browser-fuzzer/Dissertation/logger/run_20250324_064826/round_024/mutations/mutated_0003.html (4487)
[78713:78713:0324/104434.459215:INFO:CONSOLE(4488)] "Uncaught SyntaxError: Invalid or unexpected token", source: file:///home/dhia/browser-fuzzer/Dissertation/logger/run_20250324_064826/round_024/mutations/mutated_0003.html (4488)
[78713:78713:0324/104434.471226:INFO:CONSOLE(4489)] "Uncaught SyntaxError: Invalid or unexpected token", source: file:///home/dhia/browser-fuzzer/Dissertation/logger/run_20250324_064826/round_024/mutations/mutated_0003.html (4489)
[78713:78713:0324/104434.909902:INFO:CONSOLE(4490)] "Uncaught SyntaxError: Invalid or unexpected token", source: file:///home/dhia/browser-fuzzer/Dissertation/logger/run_20250324_064826/round_024/mutations/mutated_0003.html (4490)
[78713:78713:0324/104434.931308:INFO:CONSOLE(4491)] "Uncaught SyntaxError: Invalid or unexpected token", source: file:///home/dhia/browser-fuzzer/Dissertation/logger/run_20250324_064826/round_024/mutations/mutated_0003.html (4491)
[78713:78713:0324/104435.268896:INFO:CONSOLE(4492)] "Uncaught SyntaxError: Invalid or unexpected token", source: file:///home/dhia/browser-fuzzer/Dissertation/logger/run_20250324_064826/round_024/mutations/mutated_0003.html (4492)
[78713:78713:0324/104435.274857:INFO:CONSOLE(4493)] "Uncaught SyntaxError: Invalid or unexpected token", source: file:///home/dhia/browser-fuzzer/Dissertation/logger/run_20250324_064826/round_024/mutations/mutated_0003.html (4493)
[78713:78713:0324/104435.295936:INFO:CONSOLE(4494)] "Uncaught SyntaxError: Invalid or unexpected token", source: file:///home/dhia/browser-fuzzer/Dissertation/logger/run_20250324_064826/round_024/mutations/mutated_0003.html (4494)
[78713:78713:0324/104435.653947:INFO:CONSOLE(4505)] "Uncaught SyntaxError: Invalid or unexpected token", source: file:///home/dhia/browser-fuzzer/Dissertation/logger/run_20250324_064826/round_024/mutations/mutated_0003.html (4505)
[78713:78713:0324/104435.667872:INFO:CONSOLE(4506)] "Uncaught SyntaxError: Invalid or unexpected token", source: file:///home/dhia/browser-fuzzer/Dissertation/logger/run_20250324_064826/round_024/mutations/mutated_0003.html (4506)
[78713:78713:0324/104435.676743:INFO:CONSOLE(4507)] "Uncaught SyntaxError: Invalid or unexpected token", source: file:///home/dhia/browser-fuzzer/Dissertation/logger/run_20250324_064826/round_024/mutations/mutated_0003.html (4507)
[78713:78713:0324/104436.031272:INFO:CONSOLE(4508)] "Uncaught SyntaxError: Invalid or unexpected token", source: file:///home/dhia/browser-fuzzer/Dissertation/logger/run_20250324_064826/round_024/mutations/mutated_0003.html (4508)
[78713:78713:0324/104436.051516:INFO:CONSOLE(4509)] "Uncaught SyntaxError: Invalid or unexpected token", source: file:///home/dhia/browser-fuzzer/Dissertation/logger/run_20250324_064826/round_024/mutations/mutated_0003.html (4509)
[78713:78713:0324/104436.407442:INFO:CONSOLE(4510)] "Uncaught SyntaxError: Invalid or unexpected token", source: file:///home/dhia/browser-fuzzer/Dissertation/logger/run_20250324_064826/round_024/mutations/mutated_0003.html (4510)
[78713:78713:0324/104436.411968:INFO:CONSOLE(4511)] "Uncaught SyntaxError: Invalid or unexpected token", source: file:///home/dhia/browser-fuzzer/Dissertation/logger/run_20250324_064826/round_024/mutations/mutated_0003.html (4511)
[78713:78713:0324/104436.419729:INFO:CONSOLE(4512)] "Uncaught SyntaxError: Invalid or unexpected token", source: file:///home/dhia/browser-fuzzer/Dissertation/logger/run_20250324_064826/round_024/mutations/mutated_0003.html (4512)
[78713:78713:0324/104436.789731:INFO:CONSOLE(4513)] "Uncaught SyntaxError: Invalid or unexpected token", source: file:///home/dhia/browser-fuzzer/Dissertation/logger/run_20250324_064826/round_024/mutations/mutated_0003.html (4513)
[78713:78713:0324/104436.803826:INFO:CONSOLE(4514)] "Uncaught SyntaxError: Invalid or unexpected token", source: file:///home/dhia/browser-fuzzer/Dissertation/logger/run_20250324_064826/round_024/mutations/mutated_0003.html (4514)
[78713:78713:0324/104437.990030:INFO:CONSOLE(4584)] "Uncaught SyntaxError: Invalid or unexpected token", source: file:///home/dhia/browser-fuzzer/Dissertation/logger/run_20250324_064826/round_024/mutations/mutated_0003.html (4584)
[78713:78713:0324/104438.557045:INFO:CONSOLE(4662)] "Uncaught SyntaxError: Unexpected end of input", source: file:///home/dhia/browser-fuzzer/Dissertation/logger/run_20250324_064826/round_024/mutations/mutated_0003.html (4662)
[78713:78713:0324/104439.587238:INFO:CONSOLE(4754)] "Uncaught SyntaxError: Unexpected end of input", source: file:///home/dhia/browser-fuzzer/Dissertation/logger/run_20250324_064826/round_024/mutations/mutated_0003.html (4754)
[78713:78713:0324/104440.329279:INFO:CONSOLE(4842)] "Uncaught SyntaxError: Unexpected end of input", source: file:///home/dhia/browser-fuzzer/Dissertation/logger/run_20250324_064826/round_024/mutations/mutated_0003.html (4842)
[78713:78713:0324/104441.430254:ERROR:background_mode_manager_aura.cc(12)] Not implemented reached in virtual void BackgroundModeManager::EnableLaunchOnStartup(bool)
[78713:78713:0324/104441.702917:ERROR:kill_posix.cc(33)] waitpid(78777): No child processes (10)
[78713:78736:0324/104441.713094:WARNING:discardable_shared_memory_manager.cc(452)] Some MojoDiscardableSharedMemoryManagerImpls are still alive. They will be leaked.
