[8040:8040:0324/060652.510790:ERROR:cursor_factory.cc(96)] Not implemented reached in virtual void ui::CursorFactory::ObserveThemeChanges()
[8041:8041:0324/060652.511320:ERROR:cursor_factory.cc(96)] Not implemented reached in virtual void ui::CursorFactory::ObserveThemeChanges()
[8041:8041:0324/060653.496084:WARNING:account_consistency_mode_manager.cc(72)] Desktop Identity Consistency cannot be enabled as no OAuth client ID and client secret have been configured.
[8040:8040:0324/060653.522031:WARNING:account_consistency_mode_manager.cc(72)] Desktop Identity Consistency cannot be enabled as no OAuth client ID and client secret have been configured.
[8396:8396:0324/060654.329423:WARNING:sandbox_linux.cc(415)] InitializeSandbox() called with multiple threads in process gpu-process.
[8395:8395:0324/060654.337380:WARNING:sandbox_linux.cc(415)] InitializeSandbox() called with multiple threads in process gpu-process.
[8395:8395:0324/060654.391520:WARNING:viz_main_impl.cc(85)] VizNullHypothesis is disabled (not a warning)
[8396:8396:0324/060654.392027:WARNING:viz_main_impl.cc(85)] VizNullHypothesis is disabled (not a warning)
[8041:8041:0324/060656.422464:ERROR:platform_screen.cc(45)] Not implemented reached in virtual bool ui::PlatformScreen::IsScreenSaverActive() const
[8040:8040:0324/060656.422483:ERROR:platform_screen.cc(45)] Not implemented reached in virtual bool ui::PlatformScreen::IsScreenSaverActive() const
[8041:8041:0324/060656.422598:ERROR:platform_screen.cc(50)] Not implemented reached in virtual base::TimeDelta ui::PlatformScreen::CalculateIdleTime() const
[8040:8040:0324/060656.422598:ERROR:platform_screen.cc(50)] Not implemented reached in virtual base::TimeDelta ui::PlatformScreen::CalculateIdleTime() const
[8040:8040:0324/060656.427500:WARNING:compose_enabling.cc(64)] Couldn't get country info.
[8041:8041:0324/060656.427591:WARNING:compose_enabling.cc(64)] Couldn't get country info.
[8040:8040:0324/060719.531362:ERROR:new_tab_page_handler.cc(1341)] NewTabPage loaded into a non-browser-tab context
[8041:8041:0324/060720.026764:ERROR:new_tab_page_handler.cc(1341)] NewTabPage loaded into a non-browser-tab context
[8041:8041:0324/060724.557073:ERROR:background_mode_manager_aura.cc(12)] Not implemented reached in virtual void BackgroundModeManager::EnableLaunchOnStartup(bool)
[8040:8040:0324/060724.878142:ERROR:background_mode_manager_aura.cc(12)] Not implemented reached in virtual void BackgroundModeManager::EnableLaunchOnStartup(bool)
[8040:8040:0324/060726.661017:ERROR:kill_posix.cc(33)] waitpid(8398): No child processes (10)
[8041:8041:0324/060726.675723:ERROR:kill_posix.cc(33)] waitpid(8397): No child processes (10)
[8041:8353:0324/060726.857854:WARNING:discardable_shared_memory_manager.cc(452)] Some MojoDiscardableSharedMemoryManagerImpls are still alive. They will be leaked.
[8040:8351:0324/060726.919648:WARNING:discardable_shared_memory_manager.cc(452)] Some MojoDiscardableSharedMemoryManagerImpls are still alive. They will be leaked.
