[203078:203078:0324/185515.353096:ERROR:cursor_factory.cc(96)] Not implemented reached in virtual void ui::CursorFactory::ObserveThemeChanges()
[203137:203137:0324/185516.162274:WARNING:sandbox_linux.cc(415)] InitializeSandbox() called with multiple threads in process gpu-process.
[203137:203137:0324/185516.205072:WARNING:viz_main_impl.cc(85)] VizNullHypothesis is disabled (not a warning)
[203145:203145:0324/185516.256608:WARNING:sandbox_linux.cc(415)] InitializeSandbox() called with multiple threads in process gpu-process.
[203078:203078:0324/185516.294937:WARNING:account_consistency_mode_manager.cc(72)] Desktop Identity Consistency cannot be enabled as no OAuth client ID and client secret have been configured.
[203145:203145:0324/185516.304983:WARNING:viz_main_impl.cc(85)] VizNullHypothesis is disabled (not a warning)
[203078:203078:0324/185517.644988:ERROR:platform_screen.cc(45)] Not implemented reached in virtual bool ui::PlatformScreen::IsScreenSaverActive() const
[203078:203078:0324/185517.645127:ERROR:platform_screen.cc(50)] Not implemented reached in virtual base::TimeDelta ui::PlatformScreen::CalculateIdleTime() const
[203078:203078:0324/185517.649219:WARNING:compose_enabling.cc(64)] Couldn't get country info.
[203078:203078:0324/185532.771097:INFO:CONSOLE(537)] "Uncaught SyntaxError: Invalid or unexpected token", source: file:///home/dhia/browser-fuzzer/Dissertation/logger/run_20250324_064826/round_075/mutations/mutated_0004.html (537)
[203078:203078:0324/185532.788304:INFO:CONSOLE(551)] "Uncaught SyntaxError: Invalid or unexpected token", source: file:///home/dhia/browser-fuzzer/Dissertation/logger/run_20250324_064826/round_075/mutations/mutated_0004.html (551)
[203078:203078:0324/185533.165854:INFO:CONSOLE(763)] "Uncaught SyntaxError: Invalid or unexpected token", source: file:///home/dhia/browser-fuzzer/Dissertation/logger/run_20250324_064826/round_075/mutations/mutated_0004.html (763)
[203078:203078:0324/185533.175444:INFO:CONSOLE(764)] "Uncaught SyntaxError: Invalid or unexpected token", source: file:///home/dhia/browser-fuzzer/Dissertation/logger/run_20250324_064826/round_075/mutations/mutated_0004.html (764)
[203078:203078:0324/185533.508812:INFO:CONSOLE(765)] "Uncaught SyntaxError: Invalid or unexpected token", source: file:///home/dhia/browser-fuzzer/Dissertation/logger/run_20250324_064826/round_075/mutations/mutated_0004.html (765)
[203078:203078:0324/185533.514220:INFO:CONSOLE(766)] "Uncaught SyntaxError: Invalid or unexpected token", source: file:///home/dhia/browser-fuzzer/Dissertation/logger/run_20250324_064826/round_075/mutations/mutated_0004.html (766)
[203078:203078:0324/185533.518800:INFO:CONSOLE(767)] "Uncaught SyntaxError: Invalid or unexpected token", source: file:///home/dhia/browser-fuzzer/Dissertation/logger/run_20250324_064826/round_075/mutations/mutated_0004.html (767)
[203078:203078:0324/185544.396614:INFO:CONSOLE(776)] "Uncaught SyntaxError: Invalid or unexpected token", source: file:///home/dhia/browser-fuzzer/Dissertation/logger/run_20250324_064826/round_075/mutations/mutated_0004.html (776)
[203078:203078:0324/185544.410264:INFO:CONSOLE(777)] "Uncaught SyntaxError: Invalid or unexpected token", source: file:///home/dhia/browser-fuzzer/Dissertation/logger/run_20250324_064826/round_075/mutations/mutated_0004.html (777)
[203078:203078:0324/185544.643035:INFO:CONSOLE(847)] "Uncaught SyntaxError: Unexpected end of input", source: file:///home/dhia/browser-fuzzer/Dissertation/logger/run_20250324_064826/round_075/mutations/mutated_0004.html (847)
[203078:203078:0324/185544.648080:INFO:CONSOLE(850)] "Uncaught SyntaxError: Invalid or unexpected token", source: file:///home/dhia/browser-fuzzer/Dissertation/logger/run_20250324_064826/round_075/mutations/mutated_0004.html (850)
[203078:203078:0324/185544.655752:INFO:CONSOLE(851)] "Uncaught SyntaxError: Invalid or unexpected token", source: file:///home/dhia/browser-fuzzer/Dissertation/logger/run_20250324_064826/round_075/mutations/mutated_0004.html (851)
[203078:203078:0324/185545.009146:INFO:CONSOLE(978)] "Uncaught SyntaxError: Unexpected end of input", source: file:///home/dhia/browser-fuzzer/Dissertation/logger/run_20250324_064826/round_075/mutations/mutated_0004.html (978)
[203078:203078:0324/185550.691746:INFO:CONSOLE(1016)] "Uncaught SyntaxError: Invalid or unexpected token", source: file:///home/dhia/browser-fuzzer/Dissertation/logger/run_20250324_064826/round_075/mutations/mutated_0004.html (1016)
[203078:203078:0324/185550.705350:INFO:CONSOLE(1017)] "Uncaught SyntaxError: Invalid or unexpected token", source: file:///home/dhia/browser-fuzzer/Dissertation/logger/run_20250324_064826/round_075/mutations/mutated_0004.html (1017)
[203078:203078:0324/185550.807738:INFO:CONSOLE(1018)] "Uncaught SyntaxError: Invalid or unexpected token", source: file:///home/dhia/browser-fuzzer/Dissertation/logger/run_20250324_064826/round_075/mutations/mutated_0004.html (1018)
[203078:203078:0324/185550.819524:INFO:CONSOLE(1019)] "Uncaught SyntaxError: Invalid or unexpected token", source: file:///home/dhia/browser-fuzzer/Dissertation/logger/run_20250324_064826/round_075/mutations/mutated_0004.html (1019)
[203078:203078:0324/185550.855998:INFO:CONSOLE(1020)] "Uncaught SyntaxError: Invalid or unexpected token", source: file:///home/dhia/browser-fuzzer/Dissertation/logger/run_20250324_064826/round_075/mutations/mutated_0004.html (1020)
[203078:203078:0324/185550.862568:INFO:CONSOLE(1021)] "Uncaught SyntaxError: Invalid or unexpected token", source: file:///home/dhia/browser-fuzzer/Dissertation/logger/run_20250324_064826/round_075/mutations/mutated_0004.html (1021)
[203078:203078:0324/185550.909111:INFO:CONSOLE(1029)] "Uncaught SyntaxError: Invalid or unexpected token", source: file:///home/dhia/browser-fuzzer/Dissertation/logger/run_20250324_064826/round_075/mutations/mutated_0004.html (1029)
[203078:203078:0324/185550.917910:INFO:CONSOLE(1030)] "Uncaught SyntaxError: Invalid or unexpected token", source: file:///home/dhia/browser-fuzzer/Dissertation/logger/run_20250324_064826/round_075/mutations/mutated_0004.html (1030)
[203078:203078:0324/185551.124670:INFO:CONSOLE(1102)] "Uncaught SyntaxError: Invalid or unexpected token", source: file:///home/dhia/browser-fuzzer/Dissertation/logger/run_20250324_064826/round_075/mutations/mutated_0004.html (1102)
[203078:203078:0324/185551.132813:INFO:CONSOLE(1103)] "Uncaught SyntaxError: Invalid or unexpected token", source: file:///home/dhia/browser-fuzzer/Dissertation/logger/run_20250324_064826/round_075/mutations/mutated_0004.html (1103)
[203078:203078:0324/185551.276994:INFO:CONSOLE(1151)] "Uncaught SyntaxError: Invalid or unexpected token", source: file:///home/dhia/browser-fuzzer/Dissertation/logger/run_20250324_064826/round_075/mutations/mutated_0004.html (1151)
[203078:203078:0324/185551.285907:INFO:CONSOLE(1152)] "Uncaught SyntaxError: Invalid or unexpected token", source: file:///home/dhia/browser-fuzzer/Dissertation/logger/run_20250324_064826/round_075/mutations/mutated_0004.html (1152)
[203078:203078:0324/185551.512697:INFO:CONSOLE(1236)] "Uncaught SyntaxError: Invalid or unexpected token", source: file:///home/dhia/browser-fuzzer/Dissertation/logger/run_20250324_064826/round_075/mutations/mutated_0004.html (1236)
[203078:203078:0324/185551.848908:INFO:CONSOLE(1248)] "Uncaught SyntaxError: Invalid or unexpected token", source: file:///home/dhia/browser-fuzzer/Dissertation/logger/run_20250324_064826/round_075/mutations/mutated_0004.html (1248)
[203078:203078:0324/185551.991354:INFO:CONSOLE(1258)] "Uncaught SyntaxError: Invalid or unexpected token", source: file:///home/dhia/browser-fuzzer/Dissertation/logger/run_20250324_064826/round_075/mutations/mutated_0004.html (1258)
[203078:203078:0324/185551.995780:INFO:CONSOLE(1259)] "Uncaught SyntaxError: Invalid or unexpected token", source: file:///home/dhia/browser-fuzzer/Dissertation/logger/run_20250324_064826/round_075/mutations/mutated_0004.html (1259)
[203078:203078:0324/185552.016560:INFO:CONSOLE(1260)] "Uncaught SyntaxError: Invalid or unexpected token", source: file:///home/dhia/browser-fuzzer/Dissertation/logger/run_20250324_064826/round_075/mutations/mutated_0004.html (1260)
[203078:203078:0324/185552.022684:INFO:CONSOLE(1261)] "Uncaught SyntaxError: Invalid or unexpected token", source: file:///home/dhia/browser-fuzzer/Dissertation/logger/run_20250324_064826/round_075/mutations/mutated_0004.html (1261)
[203078:203078:0324/185558.285907:INFO:CONSOLE(1270)] "Uncaught SyntaxError: Invalid or unexpected token", source: file:///home/dhia/browser-fuzzer/Dissertation/logger/run_20250324_064826/round_075/mutations/mutated_0004.html (1270)
[203078:203078:0324/185558.380086:INFO:CONSOLE(1271)] "Uncaught SyntaxError: Invalid or unexpected token", source: file:///home/dhia/browser-fuzzer/Dissertation/logger/run_20250324_064826/round_075/mutations/mutated_0004.html (1271)
[203078:203078:0324/185558.562313:INFO:CONSOLE(1389)] "Uncaught SyntaxError: Unexpected end of input", source: file:///home/dhia/browser-fuzzer/Dissertation/logger/run_20250324_064826/round_075/mutations/mutated_0004.html (1389)
[203078:203078:0324/185558.593900:INFO:CONSOLE(1392)] "Uncaught SyntaxError: Invalid or unexpected token", source: file:///home/dhia/browser-fuzzer/Dissertation/logger/run_20250324_064826/round_075/mutations/mutated_0004.html (1392)
[203078:203078:0324/185558.597618:INFO:CONSOLE(1393)] "Uncaught SyntaxError: Invalid or unexpected token", source: file:///home/dhia/browser-fuzzer/Dissertation/logger/run_20250324_064826/round_075/mutations/mutated_0004.html (1393)
[203078:203078:0324/185558.936434:INFO:CONSOLE(1402)] "Uncaught SyntaxError: Invalid or unexpected token", source: file:///home/dhia/browser-fuzzer/Dissertation/logger/run_20250324_064826/round_075/mutations/mutated_0004.html (1402)
[203078:203078:0324/185559.047506:INFO:CONSOLE(1403)] "Uncaught SyntaxError: Invalid or unexpected token", source: file:///home/dhia/browser-fuzzer/Dissertation/logger/run_20250324_064826/round_075/mutations/mutated_0004.html (1403)
[203078:203078:0324/185559.266083:INFO:CONSOLE(1521)] "Uncaught SyntaxError: Unexpected end of input", source: file:///home/dhia/browser-fuzzer/Dissertation/logger/run_20250324_064826/round_075/mutations/mutated_0004.html (1521)
[203078:203078:0324/185559.277355:INFO:CONSOLE(1524)] "Uncaught SyntaxError: Invalid or unexpected token", source: file:///home/dhia/browser-fuzzer/Dissertation/logger/run_20250324_064826/round_075/mutations/mutated_0004.html (1524)
[203078:203078:0324/185559.285540:INFO:CONSOLE(1525)] "Uncaught SyntaxError: Invalid or unexpected token", source: file:///home/dhia/browser-fuzzer/Dissertation/logger/run_20250324_064826/round_075/mutations/mutated_0004.html (1525)
[203078:203078:0324/185559.451107:INFO:CONSOLE(1594)] "Uncaught SyntaxError: Unexpected end of input", source: file:///home/dhia/browser-fuzzer/Dissertation/logger/run_20250324_064826/round_075/mutations/mutated_0004.html (1594)
[203078:203078:0324/185600.144616:INFO:CONSOLE(1637)] "Uncaught SyntaxError: Invalid or unexpected token", source: file:///home/dhia/browser-fuzzer/Dissertation/logger/run_20250324_064826/round_075/mutations/mutated_0004.html (1637)
[203078:203078:0324/185600.156290:INFO:CONSOLE(1638)] "Uncaught SyntaxError: Invalid or unexpected token", source: file:///home/dhia/browser-fuzzer/Dissertation/logger/run_20250324_064826/round_075/mutations/mutated_0004.html (1638)
[203078:203078:0324/185600.164746:INFO:CONSOLE(1639)] "Uncaught SyntaxError: Invalid or unexpected token", source: file:///home/dhia/browser-fuzzer/Dissertation/logger/run_20250324_064826/round_075/mutations/mutated_0004.html (1639)
[203078:203078:0324/185600.305599:INFO:CONSOLE(1650)] "Uncaught SyntaxError: Invalid or unexpected token", source: file:///home/dhia/browser-fuzzer/Dissertation/logger/run_20250324_064826/round_075/mutations/mutated_0004.html (1650)
[203078:203078:0324/185600.317273:INFO:CONSOLE(1651)] "Uncaught SyntaxError: Invalid or unexpected token", source: file:///home/dhia/browser-fuzzer/Dissertation/logger/run_20250324_064826/round_075/mutations/mutated_0004.html (1651)
[203078:203078:0324/185600.444341:INFO:CONSOLE(1652)] "Uncaught SyntaxError: Invalid or unexpected token", source: file:///home/dhia/browser-fuzzer/Dissertation/logger/run_20250324_064826/round_075/mutations/mutated_0004.html (1652)
[203078:203078:0324/185600.467845:INFO:CONSOLE(1660)] "Uncaught SyntaxError: Invalid or unexpected token", source: file:///home/dhia/browser-fuzzer/Dissertation/logger/run_20250324_064826/round_075/mutations/mutated_0004.html (1660)
[203078:203078:0324/185600.608489:INFO:CONSOLE(1661)] "Uncaught SyntaxError: Invalid or unexpected token", source: file:///home/dhia/browser-fuzzer/Dissertation/logger/run_20250324_064826/round_075/mutations/mutated_0004.html (1661)
[203078:203078:0324/185600.626404:INFO:CONSOLE(1662)] "Uncaught SyntaxError: Invalid or unexpected token", source: file:///home/dhia/browser-fuzzer/Dissertation/logger/run_20250324_064826/round_075/mutations/mutated_0004.html (1662)
[203078:203078:0324/185600.771179:INFO:CONSOLE(1734)] "Uncaught SyntaxError: Invalid or unexpected token", source: file:///home/dhia/browser-fuzzer/Dissertation/logger/run_20250324_064826/round_075/mutations/mutated_0004.html (1734)
[203078:203078:0324/185600.793973:INFO:CONSOLE(1735)] "Uncaught SyntaxError: Invalid or unexpected token", source: file:///home/dhia/browser-fuzzer/Dissertation/logger/run_20250324_064826/round_075/mutations/mutated_0004.html (1735)
[203078:203078:0324/185601.109820:INFO:CONSOLE(1798)] "Uncaught SyntaxError: Invalid or unexpected token", source: file:///home/dhia/browser-fuzzer/Dissertation/logger/run_20250324_064826/round_075/mutations/mutated_0004.html (1798)
[203078:203078:0324/185601.124881:INFO:CONSOLE(1799)] "Uncaught SyntaxError: Invalid or unexpected token", source: file:///home/dhia/browser-fuzzer/Dissertation/logger/run_20250324_064826/round_075/mutations/mutated_0004.html (1799)
[203078:203078:0324/185601.369730:INFO:CONSOLE(1879)] "Uncaught SyntaxError: Invalid or unexpected token", source: file:///home/dhia/browser-fuzzer/Dissertation/logger/run_20250324_064826/round_075/mutations/mutated_0004.html (1879)
[203078:203078:0324/185601.379009:INFO:CONSOLE(1903)] "Uncaught SyntaxError: Invalid or unexpected token", source: file:///home/dhia/browser-fuzzer/Dissertation/logger/run_20250324_064826/round_075/mutations/mutated_0004.html (1903)
[203078:203078:0324/185602.055134:INFO:CONSOLE(1921)] "Uncaught SyntaxError: Invalid or unexpected token", source: file:///home/dhia/browser-fuzzer/Dissertation/logger/run_20250324_064826/round_075/mutations/mutated_0004.html (1921)
[203078:203078:0324/185602.064923:INFO:CONSOLE(1922)] "Uncaught SyntaxError: Invalid or unexpected token", source: file:///home/dhia/browser-fuzzer/Dissertation/logger/run_20250324_064826/round_075/mutations/mutated_0004.html (1922)
[203078:203078:0324/185602.077623:INFO:CONSOLE(1923)] "Uncaught SyntaxError: Invalid or unexpected token", source: file:///home/dhia/browser-fuzzer/Dissertation/logger/run_20250324_064826/round_075/mutations/mutated_0004.html (1923)
[203078:203078:0324/185602.250434:INFO:CONSOLE(2003)] "Uncaught SyntaxError: Unexpected end of input", source: file:///home/dhia/browser-fuzzer/Dissertation/logger/run_20250324_064826/round_075/mutations/mutated_0004.html (2003)
[203078:203078:0324/185602.264641:INFO:CONSOLE(2006)] "Uncaught SyntaxError: Invalid or unexpected token", source: file:///home/dhia/browser-fuzzer/Dissertation/logger/run_20250324_064826/round_075/mutations/mutated_0004.html (2006)
[203078:203078:0324/185602.273651:INFO:CONSOLE(2007)] "Uncaught SyntaxError: Invalid or unexpected token", source: file:///home/dhia/browser-fuzzer/Dissertation/logger/run_20250324_064826/round_075/mutations/mutated_0004.html (2007)
[203078:203078:0324/185602.547992:INFO:CONSOLE(2015)] "Uncaught SyntaxError: Invalid or unexpected token", source: file:///home/dhia/browser-fuzzer/Dissertation/logger/run_20250324_064826/round_075/mutations/mutated_0004.html (2015)
[203078:203078:0324/185602.553367:INFO:CONSOLE(2016)] "Uncaught SyntaxError: Invalid or unexpected token", source: file:///home/dhia/browser-fuzzer/Dissertation/logger/run_20250324_064826/round_075/mutations/mutated_0004.html (2016)
[203078:203078:0324/185602.569203:INFO:CONSOLE(2088)] "Uncaught SyntaxError: Invalid or unexpected token", source: file:///home/dhia/browser-fuzzer/Dissertation/logger/run_20250324_064826/round_075/mutations/mutated_0004.html (2088)
[203078:203078:0324/185602.997933:INFO:CONSOLE(2089)] "Uncaught SyntaxError: Invalid or unexpected token", source: file:///home/dhia/browser-fuzzer/Dissertation/logger/run_20250324_064826/round_075/mutations/mutated_0004.html (2089)
[203078:203078:0324/185603.212481:INFO:CONSOLE(2162)] "Uncaught SyntaxError: Invalid or unexpected token", source: file:///home/dhia/browser-fuzzer/Dissertation/logger/run_20250324_064826/round_075/mutations/mutated_0004.html (2162)
[203078:203078:0324/185603.224733:INFO:CONSOLE(2163)] "Uncaught SyntaxError: Invalid or unexpected token", source: file:///home/dhia/browser-fuzzer/Dissertation/logger/run_20250324_064826/round_075/mutations/mutated_0004.html (2163)
[203078:203078:0324/185603.238899:INFO:CONSOLE(2164)] "Uncaught SyntaxError: Invalid or unexpected token", source: file:///home/dhia/browser-fuzzer/Dissertation/logger/run_20250324_064826/round_075/mutations/mutated_0004.html (2164)
[203078:203078:0324/185603.457244:INFO:CONSOLE(2233)] "Uncaught SyntaxError: Unexpected end of input", source: file:///home/dhia/browser-fuzzer/Dissertation/logger/run_20250324_064826/round_075/mutations/mutated_0004.html (2233)
[203078:203078:0324/185603.800258:INFO:CONSOLE(2404)] "Uncaught SyntaxError: Unexpected end of input", source: file:///home/dhia/browser-fuzzer/Dissertation/logger/run_20250324_064826/round_075/mutations/mutated_0004.html (2404)
[203078:203078:0324/185604.216386:INFO:CONSOLE(2681)] "Uncaught SyntaxError: Invalid or unexpected token", source: file:///home/dhia/browser-fuzzer/Dissertation/logger/run_20250324_064826/round_075/mutations/mutated_0004.html (2681)
[203078:203078:0324/185604.239999:INFO:CONSOLE(2688)] "Uncaught SyntaxError: Invalid or unexpected token", source: file:///home/dhia/browser-fuzzer/Dissertation/logger/run_20250324_064826/round_075/mutations/mutated_0004.html (2688)
[203078:203078:0324/185604.762619:INFO:CONSOLE(2689)] "Uncaught SyntaxError: Invalid or unexpected token", source: file:///home/dhia/browser-fuzzer/Dissertation/logger/run_20250324_064826/round_075/mutations/mutated_0004.html (2689)
[203078:203078:0324/185604.772890:INFO:CONSOLE(2761)] "Uncaught SyntaxError: Invalid or unexpected token", source: file:///home/dhia/browser-fuzzer/Dissertation/logger/run_20250324_064826/round_075/mutations/mutated_0004.html (2761)
[203078:203078:0324/185605.391149:INFO:CONSOLE(2762)] "Uncaught SyntaxError: Invalid or unexpected token", source: file:///home/dhia/browser-fuzzer/Dissertation/logger/run_20250324_064826/round_075/mutations/mutated_0004.html (2762)
[203078:203078:0324/185605.397488:INFO:CONSOLE(2832)] "Uncaught SyntaxError: Invalid or unexpected token", source: file:///home/dhia/browser-fuzzer/Dissertation/logger/run_20250324_064826/round_075/mutations/mutated_0004.html (2832)
[203078:203078:0324/185605.881958:INFO:CONSOLE(2833)] "Uncaught SyntaxError: Invalid or unexpected token", source: file:///home/dhia/browser-fuzzer/Dissertation/logger/run_20250324_064826/round_075/mutations/mutated_0004.html (2833)
[203078:203078:0324/185605.910619:INFO:CONSOLE(2834)] "Uncaught SyntaxError: Invalid or unexpected token", source: file:///home/dhia/browser-fuzzer/Dissertation/logger/run_20250324_064826/round_075/mutations/mutated_0004.html (2834)
[203078:203078:0324/185606.041273:INFO:CONSOLE(2835)] "Uncaught SyntaxError: Invalid or unexpected token", source: file:///home/dhia/browser-fuzzer/Dissertation/logger/run_20250324_064826/round_075/mutations/mutated_0004.html (2835)
[203078:203078:0324/185606.046306:INFO:CONSOLE(2836)] "Uncaught SyntaxError: Invalid or unexpected token", source: file:///home/dhia/browser-fuzzer/Dissertation/logger/run_20250324_064826/round_075/mutations/mutated_0004.html (2836)
[203078:203078:0324/185606.276090:INFO:CONSOLE(2975)] "Uncaught SyntaxError: Invalid or unexpected token", source: file:///home/dhia/browser-fuzzer/Dissertation/logger/run_20250324_064826/round_075/mutations/mutated_0004.html (2975)
[203078:203078:0324/185606.286732:INFO:CONSOLE(2987)] "Uncaught SyntaxError: Invalid or unexpected token", source: file:///home/dhia/browser-fuzzer/Dissertation/logger/run_20250324_064826/round_075/mutations/mutated_0004.html (2987)
[203078:203078:0324/185606.693071:INFO:CONSOLE(3069)] "Uncaught SyntaxError: Invalid or unexpected token", source: file:///home/dhia/browser-fuzzer/Dissertation/logger/run_20250324_064826/round_075/mutations/mutated_0004.html (3069)
[203078:203078:0324/185606.711625:INFO:CONSOLE(3089)] "Uncaught SyntaxError: Invalid or unexpected token", source: file:///home/dhia/browser-fuzzer/Dissertation/logger/run_20250324_064826/round_075/mutations/mutated_0004.html (3089)
[203078:203078:0324/185607.223835:INFO:CONSOLE(3097)] "Uncaught SyntaxError: Invalid or unexpected token", source: file:///home/dhia/browser-fuzzer/Dissertation/logger/run_20250324_064826/round_075/mutations/mutated_0004.html (3097)
[203078:203078:0324/185607.236284:INFO:CONSOLE(3098)] "Uncaught SyntaxError: Invalid or unexpected token", source: file:///home/dhia/browser-fuzzer/Dissertation/logger/run_20250324_064826/round_075/mutations/mutated_0004.html (3098)
[203078:203078:0324/185607.900827:INFO:CONSOLE(3106)] "Uncaught SyntaxError: Invalid or unexpected token", source: file:///home/dhia/browser-fuzzer/Dissertation/logger/run_20250324_064826/round_075/mutations/mutated_0004.html (3106)
[203078:203078:0324/185607.913034:INFO:CONSOLE(3107)] "Uncaught SyntaxError: Invalid or unexpected token", source: file:///home/dhia/browser-fuzzer/Dissertation/logger/run_20250324_064826/round_075/mutations/mutated_0004.html (3107)
[203078:203078:0324/185608.103409:INFO:CONSOLE(3129)] "Uncaught SyntaxError: Invalid or unexpected token", source: file:///home/dhia/browser-fuzzer/Dissertation/logger/run_20250324_064826/round_075/mutations/mutated_0004.html (3129)
[203078:203078:0324/185608.111825:INFO:CONSOLE(3130)] "Uncaught SyntaxError: Invalid or unexpected token", source: file:///home/dhia/browser-fuzzer/Dissertation/logger/run_20250324_064826/round_075/mutations/mutated_0004.html (3130)
[203078:203078:0324/185608.325009:INFO:CONSOLE(3134)] "Uncaught SyntaxError: Invalid or unexpected token", source: file:///home/dhia/browser-fuzzer/Dissertation/logger/run_20250324_064826/round_075/mutations/mutated_0004.html (3134)
[203078:203078:0324/185608.336703:INFO:CONSOLE(3135)] "Uncaught SyntaxError: Invalid or unexpected token", source: file:///home/dhia/browser-fuzzer/Dissertation/logger/run_20250324_064826/round_075/mutations/mutated_0004.html (3135)
[203078:203078:0324/185608.520969:INFO:CONSOLE(3136)] "Uncaught SyntaxError: Invalid or unexpected token", source: file:///home/dhia/browser-fuzzer/Dissertation/logger/run_20250324_064826/round_075/mutations/mutated_0004.html (3136)
[203078:203078:0324/185608.529787:INFO:CONSOLE(3137)] "Uncaught SyntaxError: Invalid or unexpected token", source: file:///home/dhia/browser-fuzzer/Dissertation/logger/run_20250324_064826/round_075/mutations/mutated_0004.html (3137)
[203078:203078:0324/185608.715148:INFO:CONSOLE(3138)] "Uncaught SyntaxError: Invalid or unexpected token", source: file:///home/dhia/browser-fuzzer/Dissertation/logger/run_20250324_064826/round_075/mutations/mutated_0004.html (3138)
[203078:203078:0324/185608.925891:INFO:CONSOLE(3149)] "Uncaught SyntaxError: Invalid or unexpected token", source: file:///home/dhia/browser-fuzzer/Dissertation/logger/run_20250324_064826/round_075/mutations/mutated_0004.html (3149)
[203078:203078:0324/185608.942959:INFO:CONSOLE(3150)] "Uncaught SyntaxError: Invalid or unexpected token", source: file:///home/dhia/browser-fuzzer/Dissertation/logger/run_20250324_064826/round_075/mutations/mutated_0004.html (3150)
[203078:203078:0324/185609.247765:INFO:CONSOLE(3151)] "Uncaught SyntaxError: Invalid or unexpected token", source: file:///home/dhia/browser-fuzzer/Dissertation/logger/run_20250324_064826/round_075/mutations/mutated_0004.html (3151)
[203078:203078:0324/185609.253334:INFO:CONSOLE(3152)] "Uncaught SyntaxError: Invalid or unexpected token", source: file:///home/dhia/browser-fuzzer/Dissertation/logger/run_20250324_064826/round_075/mutations/mutated_0004.html (3152)
[203078:203078:0324/185609.442349:INFO:CONSOLE(3161)] "Uncaught SyntaxError: Invalid or unexpected token", source: file:///home/dhia/browser-fuzzer/Dissertation/logger/run_20250324_064826/round_075/mutations/mutated_0004.html (3161)
[203078:203078:0324/185609.462873:INFO:CONSOLE(3174)] "Uncaught SyntaxError: Invalid or unexpected token", source: file:///home/dhia/browser-fuzzer/Dissertation/logger/run_20250324_064826/round_075/mutations/mutated_0004.html (3174)
[203078:203078:0324/185609.721689:INFO:CONSOLE(3175)] "Uncaught SyntaxError: Invalid or unexpected token", source: file:///home/dhia/browser-fuzzer/Dissertation/logger/run_20250324_064826/round_075/mutations/mutated_0004.html (3175)
[203078:203078:0324/185609.733668:INFO:CONSOLE(3179)] "Uncaught SyntaxError: Invalid or unexpected token", source: file:///home/dhia/browser-fuzzer/Dissertation/logger/run_20250324_064826/round_075/mutations/mutated_0004.html (3179)
[203078:203078:0324/185609.932031:INFO:CONSOLE(3180)] "Uncaught SyntaxError: Invalid or unexpected token", source: file:///home/dhia/browser-fuzzer/Dissertation/logger/run_20250324_064826/round_075/mutations/mutated_0004.html (3180)
[203078:203078:0324/185609.940373:INFO:CONSOLE(3191)] "Uncaught SyntaxError: Invalid or unexpected token", source: file:///home/dhia/browser-fuzzer/Dissertation/logger/run_20250324_064826/round_075/mutations/mutated_0004.html (3191)
[203078:203078:0324/185609.944746:INFO:CONSOLE(3192)] "Uncaught SyntaxError: Invalid or unexpected token", source: file:///home/dhia/browser-fuzzer/Dissertation/logger/run_20250324_064826/round_075/mutations/mutated_0004.html (3192)
[203078:203078:0324/185609.954534:INFO:CONSOLE(3193)] "Uncaught SyntaxError: Invalid or unexpected token", source: file:///home/dhia/browser-fuzzer/Dissertation/logger/run_20250324_064826/round_075/mutations/mutated_0004.html (3193)
[203078:203078:0324/185609.975276:INFO:CONSOLE(3194)] "Uncaught SyntaxError: Invalid or unexpected token", source: file:///home/dhia/browser-fuzzer/Dissertation/logger/run_20250324_064826/round_075/mutations/mutated_0004.html (3194)
[203078:203078:0324/185609.980660:INFO:CONSOLE(3195)] "Uncaught SyntaxError: Invalid or unexpected token", source: file:///home/dhia/browser-fuzzer/Dissertation/logger/run_20250324_064826/round_075/mutations/mutated_0004.html (3195)
[203078:203078:0324/185610.175694:INFO:CONSOLE(3196)] "Uncaught SyntaxError: Invalid or unexpected token", source: file:///home/dhia/browser-fuzzer/Dissertation/logger/run_20250324_064826/round_075/mutations/mutated_0004.html (3196)
[203078:203078:0324/185610.190702:INFO:CONSOLE(3197)] "Uncaught SyntaxError: Invalid or unexpected token", source: file:///home/dhia/browser-fuzzer/Dissertation/logger/run_20250324_064826/round_075/mutations/mutated_0004.html (3197)
[203078:203078:0324/185610.198019:INFO:CONSOLE(3198)] "Uncaught SyntaxError: Invalid or unexpected token", source: file:///home/dhia/browser-fuzzer/Dissertation/logger/run_20250324_064826/round_075/mutations/mutated_0004.html (3198)
[203078:203078:0324/185610.383164:INFO:CONSOLE(3199)] "Uncaught SyntaxError: Invalid or unexpected token", source: file:///home/dhia/browser-fuzzer/Dissertation/logger/run_20250324_064826/round_075/mutations/mutated_0004.html (3199)
[203078:203078:0324/185610.391523:INFO:CONSOLE(3200)] "Uncaught SyntaxError: Invalid or unexpected token", source: file:///home/dhia/browser-fuzzer/Dissertation/logger/run_20250324_064826/round_075/mutations/mutated_0004.html (3200)
[203078:203078:0324/185610.396034:INFO:CONSOLE(3201)] "Uncaught SyntaxError: Invalid or unexpected token", source: file:///home/dhia/browser-fuzzer/Dissertation/logger/run_20250324_064826/round_075/mutations/mutated_0004.html (3201)
[203078:203078:0324/185610.576922:INFO:CONSOLE(3202)] "Uncaught SyntaxError: Invalid or unexpected token", source: file:///home/dhia/browser-fuzzer/Dissertation/logger/run_20250324_064826/round_075/mutations/mutated_0004.html (3202)
[203078:203078:0324/185610.584712:INFO:CONSOLE(3203)] "Uncaught SyntaxError: Invalid or unexpected token", source: file:///home/dhia/browser-fuzzer/Dissertation/logger/run_20250324_064826/round_075/mutations/mutated_0004.html (3203)
[203078:203078:0324/185610.790532:INFO:CONSOLE(3204)] "Uncaught SyntaxError: Invalid or unexpected token", source: file:///home/dhia/browser-fuzzer/Dissertation/logger/run_20250324_064826/round_075/mutations/mutated_0004.html (3204)
[203078:203078:0324/185610.814279:INFO:CONSOLE(3215)] "Uncaught SyntaxError: Invalid or unexpected token", source: file:///home/dhia/browser-fuzzer/Dissertation/logger/run_20250324_064826/round_075/mutations/mutated_0004.html (3215)
[203078:203078:0324/185611.009377:INFO:CONSOLE(3216)] "Uncaught SyntaxError: Invalid or unexpected token", source: file:///home/dhia/browser-fuzzer/Dissertation/logger/run_20250324_064826/round_075/mutations/mutated_0004.html (3216)
[203078:203078:0324/185611.019747:INFO:CONSOLE(3217)] "Uncaught SyntaxError: Invalid or unexpected token", source: file:///home/dhia/browser-fuzzer/Dissertation/logger/run_20250324_064826/round_075/mutations/mutated_0004.html (3217)
[203078:203078:0324/185611.188998:INFO:CONSOLE(3218)] "Uncaught SyntaxError: Invalid or unexpected token", source: file:///home/dhia/browser-fuzzer/Dissertation/logger/run_20250324_064826/round_075/mutations/mutated_0004.html (3218)
[203078:203078:0324/185611.886787:INFO:CONSOLE(3447)] "Uncaught SyntaxError: Invalid or unexpected token", source: file:///home/dhia/browser-fuzzer/Dissertation/logger/run_20250324_064826/round_075/mutations/mutated_0004.html (3447)
[203078:203078:0324/185611.904553:INFO:CONSOLE(3461)] "Uncaught SyntaxError: Invalid or unexpected token", source: file:///home/dhia/browser-fuzzer/Dissertation/logger/run_20250324_064826/round_075/mutations/mutated_0004.html (3461)
[203078:203078:0324/185612.349814:INFO:CONSOLE(3651)] "Uncaught SyntaxError: Invalid or unexpected token", source: file:///home/dhia/browser-fuzzer/Dissertation/logger/run_20250324_064826/round_075/mutations/mutated_0004.html (3651)
[203078:203078:0324/185612.359139:INFO:CONSOLE(3652)] "Uncaught SyntaxError: Invalid or unexpected token", source: file:///home/dhia/browser-fuzzer/Dissertation/logger/run_20250324_064826/round_075/mutations/mutated_0004.html (3652)
[203078:203078:0324/185612.364067:INFO:CONSOLE(3653)] "Uncaught SyntaxError: Invalid or unexpected token", source: file:///home/dhia/browser-fuzzer/Dissertation/logger/run_20250324_064826/round_075/mutations/mutated_0004.html (3653)
[203078:203078:0324/185613.063780:INFO:CONSOLE(3654)] "Uncaught SyntaxError: Invalid or unexpected token", source: file:///home/dhia/browser-fuzzer/Dissertation/logger/run_20250324_064826/round_075/mutations/mutated_0004.html (3654)
[203078:203078:0324/185613.076055:INFO:CONSOLE(3655)] "Uncaught SyntaxError: Invalid or unexpected token", source: file:///home/dhia/browser-fuzzer/Dissertation/logger/run_20250324_064826/round_075/mutations/mutated_0004.html (3655)
[203078:203078:0324/185613.393041:INFO:CONSOLE(3662)] "Uncaught SyntaxError: Invalid or unexpected token", source: file:///home/dhia/browser-fuzzer/Dissertation/logger/run_20250324_064826/round_075/mutations/mutated_0004.html (3662)
[203078:203078:0324/185613.401920:INFO:CONSOLE(3664)] "Uncaught SyntaxError: Invalid or unexpected token", source: file:///home/dhia/browser-fuzzer/Dissertation/logger/run_20250324_064826/round_075/mutations/mutated_0004.html (3664)
[203078:203078:0324/185613.408114:INFO:CONSOLE(3665)] "Uncaught SyntaxError: Invalid or unexpected token", source: file:///home/dhia/browser-fuzzer/Dissertation/logger/run_20250324_064826/round_075/mutations/mutated_0004.html (3665)
[203078:203078:0324/185613.855107:INFO:CONSOLE(3735)] "Uncaught SyntaxError: Unexpected end of input", source: file:///home/dhia/browser-fuzzer/Dissertation/logger/run_20250324_064826/round_075/mutations/mutated_0004.html (3735)
[203078:203078:0324/185613.863774:INFO:CONSOLE(3738)] "Uncaught SyntaxError: Invalid or unexpected token", source: file:///home/dhia/browser-fuzzer/Dissertation/logger/run_20250324_064826/round_075/mutations/mutated_0004.html (3738)
[203078:203078:0324/185614.145991:INFO:CONSOLE(3739)] "Uncaught SyntaxError: Invalid or unexpected token", source: file:///home/dhia/browser-fuzzer/Dissertation/logger/run_20250324_064826/round_075/mutations/mutated_0004.html (3739)
[203078:203078:0324/185614.577117:INFO:CONSOLE(3856)] "Uncaught SyntaxError: Unexpected end of input", source: file:///home/dhia/browser-fuzzer/Dissertation/logger/run_20250324_064826/round_075/mutations/mutated_0004.html (3856)
[203078:203078:0324/185615.522330:INFO:CONSOLE(3904)] "Uncaught SyntaxError: Invalid or unexpected token", source: file:///home/dhia/browser-fuzzer/Dissertation/logger/run_20250324_064826/round_075/mutations/mutated_0004.html (3904)
[203078:203078:0324/185615.543016:INFO:CONSOLE(3905)] "Uncaught SyntaxError: Invalid or unexpected token", source: file:///home/dhia/browser-fuzzer/Dissertation/logger/run_20250324_064826/round_075/mutations/mutated_0004.html (3905)
[203078:203078:0324/185615.738692:INFO:CONSOLE(3906)] "Uncaught SyntaxError: Invalid or unexpected token", source: file:///home/dhia/browser-fuzzer/Dissertation/logger/run_20250324_064826/round_075/mutations/mutated_0004.html (3906)
[203078:203078:0324/185615.743959:INFO:CONSOLE(3907)] "Uncaught SyntaxError: Invalid or unexpected token", source: file:///home/dhia/browser-fuzzer/Dissertation/logger/run_20250324_064826/round_075/mutations/mutated_0004.html (3907)
[203078:203078:0324/185615.750944:INFO:CONSOLE(3908)] "Uncaught SyntaxError: Invalid or unexpected token", source: file:///home/dhia/browser-fuzzer/Dissertation/logger/run_20250324_064826/round_075/mutations/mutated_0004.html (3908)
[203078:203078:0324/185615.941980:INFO:CONSOLE(3909)] "Uncaught SyntaxError: Invalid or unexpected token", source: file:///home/dhia/browser-fuzzer/Dissertation/logger/run_20250324_064826/round_075/mutations/mutated_0004.html (3909)
[203078:203078:0324/185615.946662:INFO:CONSOLE(3917)] "Uncaught SyntaxError: Invalid or unexpected token", source: file:///home/dhia/browser-fuzzer/Dissertation/logger/run_20250324_064826/round_075/mutations/mutated_0004.html (3917)
[203078:203078:0324/185616.157466:INFO:CONSOLE(3918)] "Uncaught SyntaxError: Invalid or unexpected token", source: file:///home/dhia/browser-fuzzer/Dissertation/logger/run_20250324_064826/round_075/mutations/mutated_0004.html (3918)
[203078:203078:0324/185616.173171:INFO:CONSOLE(3990)] "Uncaught SyntaxError: Invalid or unexpected token", source: file:///home/dhia/browser-fuzzer/Dissertation/logger/run_20250324_064826/round_075/mutations/mutated_0004.html (3990)
[203078:203078:0324/185616.181122:INFO:CONSOLE(3991)] "Uncaught SyntaxError: Invalid or unexpected token", source: file:///home/dhia/browser-fuzzer/Dissertation/logger/run_20250324_064826/round_075/mutations/mutated_0004.html (3991)
[203078:203078:0324/185616.896604:INFO:CONSOLE(4051)] "Uncaught SyntaxError: Invalid or unexpected token", source: file:///home/dhia/browser-fuzzer/Dissertation/logger/run_20250324_064826/round_075/mutations/mutated_0004.html (4051)
[203078:203078:0324/185616.904689:INFO:CONSOLE(4052)] "Uncaught SyntaxError: Invalid or unexpected token", source: file:///home/dhia/browser-fuzzer/Dissertation/logger/run_20250324_064826/round_075/mutations/mutated_0004.html (4052)
[203078:203078:0324/185617.222115:INFO:CONSOLE(4136)] "Uncaught SyntaxError: Invalid or unexpected token", source: file:///home/dhia/browser-fuzzer/Dissertation/logger/run_20250324_064826/round_075/mutations/mutated_0004.html (4136)
[203078:203078:0324/185617.232916:INFO:CONSOLE(4158)] "Uncaught SyntaxError: Invalid or unexpected token", source: file:///home/dhia/browser-fuzzer/Dissertation/logger/run_20250324_064826/round_075/mutations/mutated_0004.html (4158)
[203078:203078:0324/185617.613011:INFO:CONSOLE(4178)] "Uncaught SyntaxError: Invalid or unexpected token", source: file:///home/dhia/browser-fuzzer/Dissertation/logger/run_20250324_064826/round_075/mutations/mutated_0004.html (4178)
[203078:203078:0324/185617.628064:INFO:CONSOLE(4179)] "Uncaught SyntaxError: Invalid or unexpected token", source: file:///home/dhia/browser-fuzzer/Dissertation/logger/run_20250324_064826/round_075/mutations/mutated_0004.html (4179)
[203078:203078:0324/185617.636382:INFO:CONSOLE(4180)] "Uncaught SyntaxError: Invalid or unexpected token", source: file:///home/dhia/browser-fuzzer/Dissertation/logger/run_20250324_064826/round_075/mutations/mutated_0004.html (4180)
[203078:203078:0324/185617.863704:INFO:CONSOLE(4181)] "Uncaught SyntaxError: Invalid or unexpected token", source: file:///home/dhia/browser-fuzzer/Dissertation/logger/run_20250324_064826/round_075/mutations/mutated_0004.html (4181)
[203078:203078:0324/185618.259135:INFO:CONSOLE(4190)] "Uncaught SyntaxError: Invalid or unexpected token", source: file:///home/dhia/browser-fuzzer/Dissertation/logger/run_20250324_064826/round_075/mutations/mutated_0004.html (4190)
[203078:203078:0324/185618.277488:INFO:CONSOLE(4191)] "Uncaught SyntaxError: Invalid or unexpected token", source: file:///home/dhia/browser-fuzzer/Dissertation/logger/run_20250324_064826/round_075/mutations/mutated_0004.html (4191)
[203078:203078:0324/185618.502397:INFO:CONSOLE(4331)] "Uncaught SyntaxError: Unexpected end of input", source: file:///home/dhia/browser-fuzzer/Dissertation/logger/run_20250324_064826/round_075/mutations/mutated_0004.html (4331)
[203078:203078:0324/185618.508212:INFO:CONSOLE(4334)] "Uncaught SyntaxError: Invalid or unexpected token", source: file:///home/dhia/browser-fuzzer/Dissertation/logger/run_20250324_064826/round_075/mutations/mutated_0004.html (4334)
[203078:203078:0324/185618.524350:INFO:CONSOLE(4335)] "Uncaught SyntaxError: Invalid or unexpected token", source: file:///home/dhia/browser-fuzzer/Dissertation/logger/run_20250324_064826/round_075/mutations/mutated_0004.html (4335)
[203078:203078:0324/185619.370829:INFO:CONSOLE(4342)] "Uncaught SyntaxError: Invalid or unexpected token", source: file:///home/dhia/browser-fuzzer/Dissertation/logger/run_20250324_064826/round_075/mutations/mutated_0004.html (4342)
[203078:203078:0324/185619.378709:INFO:CONSOLE(4344)] "Uncaught SyntaxError: Invalid or unexpected token", source: file:///home/dhia/browser-fuzzer/Dissertation/logger/run_20250324_064826/round_075/mutations/mutated_0004.html (4344)
[203078:203078:0324/185619.385149:INFO:CONSOLE(4345)] "Uncaught SyntaxError: Invalid or unexpected token", source: file:///home/dhia/browser-fuzzer/Dissertation/logger/run_20250324_064826/round_075/mutations/mutated_0004.html (4345)
[203078:203078:0324/185619.569226:INFO:CONSOLE(4463)] "Uncaught SyntaxError: Unexpected end of input", source: file:///home/dhia/browser-fuzzer/Dissertation/logger/run_20250324_064826/round_075/mutations/mutated_0004.html (4463)
[203078:203078:0324/185619.574365:INFO:CONSOLE(4466)] "Uncaught SyntaxError: Invalid or unexpected token", source: file:///home/dhia/browser-fuzzer/Dissertation/logger/run_20250324_064826/round_075/mutations/mutated_0004.html (4466)
[203078:203078:0324/185620.055537:INFO:CONSOLE(4467)] "Uncaught SyntaxError: Invalid or unexpected token", source: file:///home/dhia/browser-fuzzer/Dissertation/logger/run_20250324_064826/round_075/mutations/mutated_0004.html (4467)
[203078:203078:0324/185620.537969:INFO:CONSOLE(4536)] "Uncaught SyntaxError: Unexpected end of input", source: file:///home/dhia/browser-fuzzer/Dissertation/logger/run_20250324_064826/round_075/mutations/mutated_0004.html (4536)
[203078:203078:0324/185621.471169:INFO:CONSOLE(4579)] "Uncaught SyntaxError: Invalid or unexpected token", source: file:///home/dhia/browser-fuzzer/Dissertation/logger/run_20250324_064826/round_075/mutations/mutated_0004.html (4579)
[203078:203078:0324/185621.480474:INFO:CONSOLE(4580)] "Uncaught SyntaxError: Invalid or unexpected token", source: file:///home/dhia/browser-fuzzer/Dissertation/logger/run_20250324_064826/round_075/mutations/mutated_0004.html (4580)
[203078:203078:0324/185621.495722:INFO:CONSOLE(4581)] "Uncaught SyntaxError: Invalid or unexpected token", source: file:///home/dhia/browser-fuzzer/Dissertation/logger/run_20250324_064826/round_075/mutations/mutated_0004.html (4581)
[203078:203078:0324/185621.738380:INFO:CONSOLE(4592)] "Uncaught SyntaxError: Invalid or unexpected token", source: file:///home/dhia/browser-fuzzer/Dissertation/logger/run_20250324_064826/round_075/mutations/mutated_0004.html (4592)
[203078:203078:0324/185621.749367:INFO:CONSOLE(4593)] "Uncaught SyntaxError: Invalid or unexpected token", source: file:///home/dhia/browser-fuzzer/Dissertation/logger/run_20250324_064826/round_075/mutations/mutated_0004.html (4593)
[203078:203078:0324/185621.759045:INFO:CONSOLE(4594)] "Uncaught SyntaxError: Invalid or unexpected token", source: file:///home/dhia/browser-fuzzer/Dissertation/logger/run_20250324_064826/round_075/mutations/mutated_0004.html (4594)
[203078:203078:0324/185621.779539:INFO:CONSOLE(4602)] "Uncaught SyntaxError: Invalid or unexpected token", source: file:///home/dhia/browser-fuzzer/Dissertation/logger/run_20250324_064826/round_075/mutations/mutated_0004.html (4602)
[203078:203078:0324/185622.032674:INFO:CONSOLE(4603)] "Uncaught SyntaxError: Invalid or unexpected token", source: file:///home/dhia/browser-fuzzer/Dissertation/logger/run_20250324_064826/round_075/mutations/mutated_0004.html (4603)
[203078:203078:0324/185622.059493:INFO:CONSOLE(4604)] "Uncaught SyntaxError: Invalid or unexpected token", source: file:///home/dhia/browser-fuzzer/Dissertation/logger/run_20250324_064826/round_075/mutations/mutated_0004.html (4604)
[203078:203078:0324/185622.887061:INFO:CONSOLE(4676)] "Uncaught SyntaxError: Invalid or unexpected token", source: file:///home/dhia/browser-fuzzer/Dissertation/logger/run_20250324_064826/round_075/mutations/mutated_0004.html (4676)
[203078:203078:0324/185622.899257:INFO:CONSOLE(4677)] "Uncaught SyntaxError: Invalid or unexpected token", source: file:///home/dhia/browser-fuzzer/Dissertation/logger/run_20250324_064826/round_075/mutations/mutated_0004.html (4677)
[203078:203078:0324/185623.193926:INFO:CONSOLE(4740)] "Uncaught SyntaxError: Invalid or unexpected token", source: file:///home/dhia/browser-fuzzer/Dissertation/logger/run_20250324_064826/round_075/mutations/mutated_0004.html (4740)
[203078:203078:0324/185623.198341:INFO:CONSOLE(4741)] "Uncaught SyntaxError: Invalid or unexpected token", source: file:///home/dhia/browser-fuzzer/Dissertation/logger/run_20250324_064826/round_075/mutations/mutated_0004.html (4741)
[203078:203078:0324/185623.637283:INFO:CONSOLE(4821)] "Uncaught SyntaxError: Invalid or unexpected token", source: file:///home/dhia/browser-fuzzer/Dissertation/logger/run_20250324_064826/round_075/mutations/mutated_0004.html (4821)
[203078:203078:0324/185624.053444:INFO:CONSOLE(4845)] "Uncaught SyntaxError: Invalid or unexpected token", source: file:///home/dhia/browser-fuzzer/Dissertation/logger/run_20250324_064826/round_075/mutations/mutated_0004.html (4845)
[203078:203078:0324/185624.858392:INFO:CONSOLE(4863)] "Uncaught SyntaxError: Invalid or unexpected token", source: file:///home/dhia/browser-fuzzer/Dissertation/logger/run_20250324_064826/round_075/mutations/mutated_0004.html (4863)
[203078:203078:0324/185624.875151:INFO:CONSOLE(4864)] "Uncaught SyntaxError: Invalid or unexpected token", source: file:///home/dhia/browser-fuzzer/Dissertation/logger/run_20250324_064826/round_075/mutations/mutated_0004.html (4864)
[203078:203078:0324/185624.896307:INFO:CONSOLE(4865)] "Uncaught SyntaxError: Invalid or unexpected token", source: file:///home/dhia/browser-fuzzer/Dissertation/logger/run_20250324_064826/round_075/mutations/mutated_0004.html (4865)
[203078:203078:0324/185625.106802:INFO:CONSOLE(4945)] "Uncaught SyntaxError: Unexpected end of input", source: file:///home/dhia/browser-fuzzer/Dissertation/logger/run_20250324_064826/round_075/mutations/mutated_0004.html (4945)
[203078:203078:0324/185625.128925:INFO:CONSOLE(4948)] "Uncaught SyntaxError: Invalid or unexpected token", source: file:///home/dhia/browser-fuzzer/Dissertation/logger/run_20250324_064826/round_075/mutations/mutated_0004.html (4948)
[203078:203078:0324/185625.874470:INFO:CONSOLE(4949)] "Uncaught SyntaxError: Invalid or unexpected token", source: file:///home/dhia/browser-fuzzer/Dissertation/logger/run_20250324_064826/round_075/mutations/mutated_0004.html (4949)
[203078:203078:0324/185626.195422:INFO:CONSOLE(4957)] "Uncaught SyntaxError: Invalid or unexpected token", source: file:///home/dhia/browser-fuzzer/Dissertation/logger/run_20250324_064826/round_075/mutations/mutated_0004.html (4957)
[203078:203078:0324/185626.212824:INFO:CONSOLE(4958)] "Uncaught SyntaxError: Invalid or unexpected token", source: file:///home/dhia/browser-fuzzer/Dissertation/logger/run_20250324_064826/round_075/mutations/mutated_0004.html (4958)
[203078:203078:0324/185626.412289:INFO:CONSOLE(5030)] "Uncaught SyntaxError: Invalid or unexpected token", source: file:///home/dhia/browser-fuzzer/Dissertation/logger/run_20250324_064826/round_075/mutations/mutated_0004.html (5030)
[203078:203078:0324/185626.425284:INFO:CONSOLE(5031)] "Uncaught SyntaxError: Invalid or unexpected token", source: file:///home/dhia/browser-fuzzer/Dissertation/logger/run_20250324_064826/round_075/mutations/mutated_0004.html (5031)
[203078:203078:0324/185627.470354:INFO:CONSOLE(5116)] "Uncaught SyntaxError: Invalid or unexpected token", source: file:///home/dhia/browser-fuzzer/Dissertation/logger/run_20250324_064826/round_075/mutations/mutated_0004.html (5116)
[203078:203078:0324/185627.483524:INFO:CONSOLE(5117)] "Uncaught SyntaxError: Invalid or unexpected token", source: file:///home/dhia/browser-fuzzer/Dissertation/logger/run_20250324_064826/round_075/mutations/mutated_0004.html (5117)
[203078:203078:0324/185627.490557:INFO:CONSOLE(5118)] "Uncaught SyntaxError: Invalid or unexpected token", source: file:///home/dhia/browser-fuzzer/Dissertation/logger/run_20250324_064826/round_075/mutations/mutated_0004.html (5118)
[203078:203078:0324/185627.819693:INFO:CONSOLE(5187)] "Uncaught SyntaxError: Unexpected end of input", source: file:///home/dhia/browser-fuzzer/Dissertation/logger/run_20250324_064826/round_075/mutations/mutated_0004.html (5187)
[203078:203078:0324/185628.452087:INFO:CONSOLE(5346)] "Uncaught SyntaxError: Unexpected end of input", source: file:///home/dhia/browser-fuzzer/Dissertation/logger/run_20250324_064826/round_075/mutations/mutated_0004.html (5346)
[203078:203078:0324/185628.976918:INFO:CONSOLE(5601)] "Uncaught SyntaxError: Invalid or unexpected token", source: file:///home/dhia/browser-fuzzer/Dissertation/logger/run_20250324_064826/round_075/mutations/mutated_0004.html (5601)
[203078:203078:0324/185628.992237:INFO:CONSOLE(5608)] "Uncaught SyntaxError: Invalid or unexpected token", source: file:///home/dhia/browser-fuzzer/Dissertation/logger/run_20250324_064826/round_075/mutations/mutated_0004.html (5608)
[203078:203078:0324/185629.660563:INFO:CONSOLE(5609)] "Uncaught SyntaxError: Invalid or unexpected token", source: file:///home/dhia/browser-fuzzer/Dissertation/logger/run_20250324_064826/round_075/mutations/mutated_0004.html (5609)
[203078:203078:0324/185629.672180:INFO:CONSOLE(5681)] "Uncaught SyntaxError: Invalid or unexpected token", source: file:///home/dhia/browser-fuzzer/Dissertation/logger/run_20250324_064826/round_075/mutations/mutated_0004.html (5681)
[203078:203078:0324/185629.681394:INFO:CONSOLE(5682)] "Uncaught SyntaxError: Invalid or unexpected token", source: file:///home/dhia/browser-fuzzer/Dissertation/logger/run_20250324_064826/round_075/mutations/mutated_0004.html (5682)
[203078:203078:0324/185631.125672:ERROR:background_mode_manager_aura.cc(12)] Not implemented reached in virtual void BackgroundModeManager::EnableLaunchOnStartup(bool)
[203078:203078:0324/185631.406783:ERROR:kill_posix.cc(33)] waitpid(203146): No child processes (10)
[203078:203115:0324/185631.417593:WARNING:discardable_shared_memory_manager.cc(452)] Some MojoDiscardableSharedMemoryManagerImpls are still alive. They will be leaked.
