[55891:55891:0324/091105.355075:ERROR:cursor_factory.cc(96)] Not implemented reached in virtual void ui::CursorFactory::ObserveThemeChanges()
[55891:55891:0324/091105.856576:WARNING:account_consistency_mode_manager.cc(72)] Desktop Identity Consistency cannot be enabled as no OAuth client ID and client secret have been configured.
[55956:55956:0324/091105.889170:WARNING:sandbox_linux.cc(415)] InitializeSandbox() called with multiple threads in process gpu-process.
[55956:55956:0324/091105.907364:WARNING:viz_main_impl.cc(85)] VizNullHypothesis is disabled (not a warning)
[55962:55962:0324/091106.364835:WARNING:sandbox_linux.cc(415)] InitializeSandbox() called with multiple threads in process gpu-process.
[55962:55962:0324/091106.392273:WARNING:viz_main_impl.cc(85)] VizNullHypothesis is disabled (not a warning)
[55891:55891:0324/091107.534420:ERROR:platform_screen.cc(45)] Not implemented reached in virtual bool ui::PlatformScreen::IsScreenSaverActive() const
[55891:55891:0324/091107.534561:ERROR:platform_screen.cc(50)] Not implemented reached in virtual base::TimeDelta ui::PlatformScreen::CalculateIdleTime() const
[55891:55891:0324/091107.538486:WARNING:compose_enabling.cc(64)] Couldn't get country info.
[55891:55891:0324/091122.739233:INFO:CONSOLE(305)] "Uncaught SyntaxError: Invalid or unexpected token", source: file:///home/dhia/browser-fuzzer/Dissertation/logger/run_20250324_064826/round_015/mutations/mutated_0004.html (305)
[55891:55891:0324/091122.962208:INFO:CONSOLE(306)] "Uncaught SyntaxError: Invalid or unexpected token", source: file:///home/dhia/browser-fuzzer/Dissertation/logger/run_20250324_064826/round_015/mutations/mutated_0004.html (306)
[55891:55891:0324/091123.157251:INFO:CONSOLE(307)] "Uncaught SyntaxError: Invalid or unexpected token", source: file:///home/dhia/browser-fuzzer/Dissertation/logger/run_20250324_064826/round_015/mutations/mutated_0004.html (307)
[55891:55891:0324/091123.168170:INFO:CONSOLE(308)] "Uncaught SyntaxError: Invalid or unexpected token", source: file:///home/dhia/browser-fuzzer/Dissertation/logger/run_20250324_064826/round_015/mutations/mutated_0004.html (308)
[55891:55891:0324/091123.389214:INFO:CONSOLE(309)] "Uncaught SyntaxError: Invalid or unexpected token", source: file:///home/dhia/browser-fuzzer/Dissertation/logger/run_20250324_064826/round_015/mutations/mutated_0004.html (309)
[55891:55891:0324/091123.788720:INFO:CONSOLE(319)] "Uncaught SyntaxError: Invalid or unexpected token", source: file:///home/dhia/browser-fuzzer/Dissertation/logger/run_20250324_064826/round_015/mutations/mutated_0004.html (319)
[55891:55891:0324/091123.809668:INFO:CONSOLE(320)] "Uncaught SyntaxError: Invalid or unexpected token", source: file:///home/dhia/browser-fuzzer/Dissertation/logger/run_20250324_064826/round_015/mutations/mutated_0004.html (320)
[55891:55891:0324/091124.049586:INFO:CONSOLE(392)] "Uncaught SyntaxError: Invalid or unexpected token", source: file:///home/dhia/browser-fuzzer/Dissertation/logger/run_20250324_064826/round_015/mutations/mutated_0004.html (392)
[55891:55891:0324/091124.061267:INFO:CONSOLE(393)] "Uncaught SyntaxError: Invalid or unexpected token", source: file:///home/dhia/browser-fuzzer/Dissertation/logger/run_20250324_064826/round_015/mutations/mutated_0004.html (393)
[55891:55891:0324/091124.074311:INFO:CONSOLE(394)] "Uncaught SyntaxError: Invalid or unexpected token", source: file:///home/dhia/browser-fuzzer/Dissertation/logger/run_20250324_064826/round_015/mutations/mutated_0004.html (394)
[55891:55891:0324/091124.276356:INFO:CONSOLE(395)] "Uncaught SyntaxError: Invalid or unexpected token", source: file:///home/dhia/browser-fuzzer/Dissertation/logger/run_20250324_064826/round_015/mutations/mutated_0004.html (395)
[55891:55891:0324/091124.300906:INFO:CONSOLE(404)] "Uncaught SyntaxError: Invalid or unexpected token", source: file:///home/dhia/browser-fuzzer/Dissertation/logger/run_20250324_064826/round_015/mutations/mutated_0004.html (404)
[55891:55891:0324/091124.538580:INFO:CONSOLE(405)] "Uncaught SyntaxError: Invalid or unexpected token", source: file:///home/dhia/browser-fuzzer/Dissertation/logger/run_20250324_064826/round_015/mutations/mutated_0004.html (405)
[55891:55891:0324/091124.557850:INFO:CONSOLE(487)] "Uncaught SyntaxError: Invalid or unexpected token", source: file:///home/dhia/browser-fuzzer/Dissertation/logger/run_20250324_064826/round_015/mutations/mutated_0004.html (487)
[55891:55891:0324/091124.785256:INFO:CONSOLE(488)] "Uncaught SyntaxError: Invalid or unexpected token", source: file:///home/dhia/browser-fuzzer/Dissertation/logger/run_20250324_064826/round_015/mutations/mutated_0004.html (488)
[55891:55891:0324/091124.793971:INFO:CONSOLE(491)] "Uncaught SyntaxError: Invalid or unexpected token", source: file:///home/dhia/browser-fuzzer/Dissertation/logger/run_20250324_064826/round_015/mutations/mutated_0004.html (491)
[55891:55891:0324/091125.041576:INFO:CONSOLE(492)] "Uncaught SyntaxError: Invalid or unexpected token", source: file:///home/dhia/browser-fuzzer/Dissertation/logger/run_20250324_064826/round_015/mutations/mutated_0004.html (492)
[55891:55891:0324/091125.307964:INFO:CONSOLE(516)] "Uncaught SyntaxError: Invalid or unexpected token", source: file:///home/dhia/browser-fuzzer/Dissertation/logger/run_20250324_064826/round_015/mutations/mutated_0004.html (516)
[55891:55891:0324/091125.331189:INFO:CONSOLE(517)] "Uncaught SyntaxError: Invalid or unexpected token", source: file:///home/dhia/browser-fuzzer/Dissertation/logger/run_20250324_064826/round_015/mutations/mutated_0004.html (517)
[55891:55891:0324/091125.579190:INFO:CONSOLE(519)] "Uncaught SyntaxError: Invalid or unexpected token", source: file:///home/dhia/browser-fuzzer/Dissertation/logger/run_20250324_064826/round_015/mutations/mutated_0004.html (519)
[55891:55891:0324/091125.595861:INFO:CONSOLE(520)] "Uncaught SyntaxError: Invalid or unexpected token", source: file:///home/dhia/browser-fuzzer/Dissertation/logger/run_20250324_064826/round_015/mutations/mutated_0004.html (520)
[55891:55891:0324/091125.611565:INFO:CONSOLE(521)] "Uncaught SyntaxError: Invalid or unexpected token", source: file:///home/dhia/browser-fuzzer/Dissertation/logger/run_20250324_064826/round_015/mutations/mutated_0004.html (521)
[55891:55891:0324/091125.995077:INFO:CONSOLE(523)] "Uncaught SyntaxError: Invalid or unexpected token", source: file:///home/dhia/browser-fuzzer/Dissertation/logger/run_20250324_064826/round_015/mutations/mutated_0004.html (523)
[55891:55891:0324/091126.007580:INFO:CONSOLE(524)] "Uncaught SyntaxError: Invalid or unexpected token", source: file:///home/dhia/browser-fuzzer/Dissertation/logger/run_20250324_064826/round_015/mutations/mutated_0004.html (524)
[55891:55891:0324/091126.098171:INFO:CONSOLE(560)] "Uncaught SyntaxError: Invalid or unexpected token", source: file:///home/dhia/browser-fuzzer/Dissertation/logger/run_20250324_064826/round_015/mutations/mutated_0004.html (560)
[55891:55891:0324/091126.102912:INFO:CONSOLE(571)] "Uncaught SyntaxError: Invalid or unexpected token", source: file:///home/dhia/browser-fuzzer/Dissertation/logger/run_20250324_064826/round_015/mutations/mutated_0004.html (571)
[55891:55891:0324/091126.227202:INFO:CONSOLE(603)] "Uncaught SyntaxError: Invalid or unexpected token", source: file:///home/dhia/browser-fuzzer/Dissertation/logger/run_20250324_064826/round_015/mutations/mutated_0004.html (603)
[55891:55891:0324/091126.240777:INFO:CONSOLE(604)] "Uncaught SyntaxError: Invalid or unexpected token", source: file:///home/dhia/browser-fuzzer/Dissertation/logger/run_20250324_064826/round_015/mutations/mutated_0004.html (604)
[55891:55891:0324/091126.248062:INFO:CONSOLE(605)] "Uncaught SyntaxError: Invalid or unexpected token", source: file:///home/dhia/browser-fuzzer/Dissertation/logger/run_20250324_064826/round_015/mutations/mutated_0004.html (605)
[55891:55891:0324/091126.424336:INFO:CONSOLE(606)] "Uncaught SyntaxError: Invalid or unexpected token", source: file:///home/dhia/browser-fuzzer/Dissertation/logger/run_20250324_064826/round_015/mutations/mutated_0004.html (606)
[55891:55891:0324/091126.430597:INFO:CONSOLE(607)] "Uncaught SyntaxError: Invalid or unexpected token", source: file:///home/dhia/browser-fuzzer/Dissertation/logger/run_20250324_064826/round_015/mutations/mutated_0004.html (607)
[55891:55891:0324/091126.490607:INFO:CONSOLE(621)] "Uncaught SyntaxError: Invalid or unexpected token", source: file:///home/dhia/browser-fuzzer/Dissertation/logger/run_20250324_064826/round_015/mutations/mutated_0004.html (621)
[55891:55891:0324/091126.630700:INFO:CONSOLE(658)] "Uncaught SyntaxError: Invalid or unexpected token", source: file:///home/dhia/browser-fuzzer/Dissertation/logger/run_20250324_064826/round_015/mutations/mutated_0004.html (658)
[55891:55891:0324/091126.646949:INFO:CONSOLE(659)] "Uncaught SyntaxError: Invalid or unexpected token", source: file:///home/dhia/browser-fuzzer/Dissertation/logger/run_20250324_064826/round_015/mutations/mutated_0004.html (659)
[55891:55891:0324/091126.666188:INFO:CONSOLE(660)] "Uncaught SyntaxError: Invalid or unexpected token", source: file:///home/dhia/browser-fuzzer/Dissertation/logger/run_20250324_064826/round_015/mutations/mutated_0004.html (660)
[55891:55891:0324/091126.776053:INFO:CONSOLE(661)] "Uncaught SyntaxError: Invalid or unexpected token", source: file:///home/dhia/browser-fuzzer/Dissertation/logger/run_20250324_064826/round_015/mutations/mutated_0004.html (661)
[55891:55891:0324/091126.788945:INFO:CONSOLE(671)] "Uncaught SyntaxError: Invalid or unexpected token", source: file:///home/dhia/browser-fuzzer/Dissertation/logger/run_20250324_064826/round_015/mutations/mutated_0004.html (671)
[55891:55891:0324/091126.858240:INFO:CONSOLE(672)] "Uncaught SyntaxError: Invalid or unexpected token", source: file:///home/dhia/browser-fuzzer/Dissertation/logger/run_20250324_064826/round_015/mutations/mutated_0004.html (672)
[55891:55891:0324/091126.869401:INFO:CONSOLE(744)] "Uncaught SyntaxError: Invalid or unexpected token", source: file:///home/dhia/browser-fuzzer/Dissertation/logger/run_20250324_064826/round_015/mutations/mutated_0004.html (744)
[55891:55891:0324/091126.980222:INFO:CONSOLE(745)] "Uncaught SyntaxError: Invalid or unexpected token", source: file:///home/dhia/browser-fuzzer/Dissertation/logger/run_20250324_064826/round_015/mutations/mutated_0004.html (745)
[55891:55891:0324/091126.984281:INFO:CONSOLE(746)] "Uncaught SyntaxError: Invalid or unexpected token", source: file:///home/dhia/browser-fuzzer/Dissertation/logger/run_20250324_064826/round_015/mutations/mutated_0004.html (746)
[55891:55891:0324/091126.996326:INFO:CONSOLE(747)] "Uncaught SyntaxError: Invalid or unexpected token", source: file:///home/dhia/browser-fuzzer/Dissertation/logger/run_20250324_064826/round_015/mutations/mutated_0004.html (747)
[55891:55891:0324/091127.065933:INFO:CONSOLE(766)] "Uncaught SyntaxError: Invalid or unexpected token", source: file:///home/dhia/browser-fuzzer/Dissertation/logger/run_20250324_064826/round_015/mutations/mutated_0004.html (766)
[55891:55891:0324/091127.107275:INFO:CONSOLE(767)] "Uncaught SyntaxError: Invalid or unexpected token", source: file:///home/dhia/browser-fuzzer/Dissertation/logger/run_20250324_064826/round_015/mutations/mutated_0004.html (767)
[55891:55891:0324/091127.146295:INFO:CONSOLE(839)] "Uncaught SyntaxError: Invalid or unexpected token", source: file:///home/dhia/browser-fuzzer/Dissertation/logger/run_20250324_064826/round_015/mutations/mutated_0004.html (839)
[55891:55891:0324/091127.159898:INFO:CONSOLE(840)] "Uncaught SyntaxError: Invalid or unexpected token", source: file:///home/dhia/browser-fuzzer/Dissertation/logger/run_20250324_064826/round_015/mutations/mutated_0004.html (840)
[55891:55891:0324/091127.313230:INFO:CONSOLE(843)] "Uncaught SyntaxError: Invalid or unexpected token", source: file:///home/dhia/browser-fuzzer/Dissertation/logger/run_20250324_064826/round_015/mutations/mutated_0004.html (843)
[55891:55891:0324/091127.330597:INFO:CONSOLE(844)] "Uncaught SyntaxError: Invalid or unexpected token", source: file:///home/dhia/browser-fuzzer/Dissertation/logger/run_20250324_064826/round_015/mutations/mutated_0004.html (844)
[55891:55891:0324/091127.430990:INFO:CONSOLE(868)] "Uncaught SyntaxError: Invalid or unexpected token", source: file:///home/dhia/browser-fuzzer/Dissertation/logger/run_20250324_064826/round_015/mutations/mutated_0004.html (868)
[55891:55891:0324/091127.439711:INFO:CONSOLE(869)] "Uncaught SyntaxError: Invalid or unexpected token", source: file:///home/dhia/browser-fuzzer/Dissertation/logger/run_20250324_064826/round_015/mutations/mutated_0004.html (869)
[55891:55891:0324/091127.448759:INFO:CONSOLE(871)] "Uncaught SyntaxError: Invalid or unexpected token", source: file:///home/dhia/browser-fuzzer/Dissertation/logger/run_20250324_064826/round_015/mutations/mutated_0004.html (871)
[55891:55891:0324/091127.533274:INFO:CONSOLE(872)] "Uncaught SyntaxError: Invalid or unexpected token", source: file:///home/dhia/browser-fuzzer/Dissertation/logger/run_20250324_064826/round_015/mutations/mutated_0004.html (872)
[55891:55891:0324/091127.549890:INFO:CONSOLE(873)] "Uncaught SyntaxError: Invalid or unexpected token", source: file:///home/dhia/browser-fuzzer/Dissertation/logger/run_20250324_064826/round_015/mutations/mutated_0004.html (873)
[55891:55891:0324/091127.564286:INFO:CONSOLE(875)] "Uncaught SyntaxError: Invalid or unexpected token", source: file:///home/dhia/browser-fuzzer/Dissertation/logger/run_20250324_064826/round_015/mutations/mutated_0004.html (875)
[55891:55891:0324/091127.629013:INFO:CONSOLE(876)] "Uncaught SyntaxError: Invalid or unexpected token", source: file:///home/dhia/browser-fuzzer/Dissertation/logger/run_20250324_064826/round_015/mutations/mutated_0004.html (876)
[55891:55891:0324/091127.774985:INFO:CONSOLE(910)] "Uncaught SyntaxError: Invalid or unexpected token", source: file:///home/dhia/browser-fuzzer/Dissertation/logger/run_20250324_064826/round_015/mutations/mutated_0004.html (910)
[55891:55891:0324/091127.785371:INFO:CONSOLE(911)] "Uncaught SyntaxError: Invalid or unexpected token", source: file:///home/dhia/browser-fuzzer/Dissertation/logger/run_20250324_064826/round_015/mutations/mutated_0004.html (911)
[55891:55891:0324/091127.922717:INFO:CONSOLE(933)] "Uncaught SyntaxError: Invalid or unexpected token", source: file:///home/dhia/browser-fuzzer/Dissertation/logger/run_20250324_064826/round_015/mutations/mutated_0004.html (933)
[55891:55891:0324/091127.930535:INFO:CONSOLE(934)] "Uncaught SyntaxError: Invalid or unexpected token", source: file:///home/dhia/browser-fuzzer/Dissertation/logger/run_20250324_064826/round_015/mutations/mutated_0004.html (934)
[55891:55891:0324/091127.941439:INFO:CONSOLE(935)] "Uncaught SyntaxError: Invalid or unexpected token", source: file:///home/dhia/browser-fuzzer/Dissertation/logger/run_20250324_064826/round_015/mutations/mutated_0004.html (935)
[55891:55891:0324/091128.058714:INFO:CONSOLE(936)] "Uncaught SyntaxError: Invalid or unexpected token", source: file:///home/dhia/browser-fuzzer/Dissertation/logger/run_20250324_064826/round_015/mutations/mutated_0004.html (936)
[55891:55891:0324/091128.064426:INFO:CONSOLE(937)] "Uncaught SyntaxError: Invalid or unexpected token", source: file:///home/dhia/browser-fuzzer/Dissertation/logger/run_20250324_064826/round_015/mutations/mutated_0004.html (937)
[55891:55891:0324/091128.146692:INFO:CONSOLE(951)] "Uncaught SyntaxError: Invalid or unexpected token", source: file:///home/dhia/browser-fuzzer/Dissertation/logger/run_20250324_064826/round_015/mutations/mutated_0004.html (951)
[55891:55891:0324/091128.298742:INFO:CONSOLE(988)] "Uncaught SyntaxError: Invalid or unexpected token", source: file:///home/dhia/browser-fuzzer/Dissertation/logger/run_20250324_064826/round_015/mutations/mutated_0004.html (988)
[55891:55891:0324/091128.310986:INFO:CONSOLE(989)] "Uncaught SyntaxError: Invalid or unexpected token", source: file:///home/dhia/browser-fuzzer/Dissertation/logger/run_20250324_064826/round_015/mutations/mutated_0004.html (989)
[55891:55891:0324/091128.426717:INFO:CONSOLE(999)] "Uncaught SyntaxError: Invalid or unexpected token", source: file:///home/dhia/browser-fuzzer/Dissertation/logger/run_20250324_064826/round_015/mutations/mutated_0004.html (999)
[55891:55891:0324/091128.445822:INFO:CONSOLE(1000)] "Uncaught SyntaxError: Invalid or unexpected token", source: file:///home/dhia/browser-fuzzer/Dissertation/logger/run_20250324_064826/round_015/mutations/mutated_0004.html (1000)
[55891:55891:0324/091128.521562:INFO:CONSOLE(1072)] "Uncaught SyntaxError: Invalid or unexpected token", source: file:///home/dhia/browser-fuzzer/Dissertation/logger/run_20250324_064826/round_015/mutations/mutated_0004.html (1072)
[55891:55891:0324/091128.531159:INFO:CONSOLE(1073)] "Uncaught SyntaxError: Invalid or unexpected token", source: file:///home/dhia/browser-fuzzer/Dissertation/logger/run_20250324_064826/round_015/mutations/mutated_0004.html (1073)
[55891:55891:0324/091128.538661:INFO:CONSOLE(1074)] "Uncaught SyntaxError: Invalid or unexpected token", source: file:///home/dhia/browser-fuzzer/Dissertation/logger/run_20250324_064826/round_015/mutations/mutated_0004.html (1074)
[55891:55891:0324/091128.616033:INFO:CONSOLE(1075)] "Uncaught SyntaxError: Invalid or unexpected token", source: file:///home/dhia/browser-fuzzer/Dissertation/logger/run_20250324_064826/round_015/mutations/mutated_0004.html (1075)
[55891:55891:0324/091128.627335:INFO:CONSOLE(1084)] "Uncaught SyntaxError: Invalid or unexpected token", source: file:///home/dhia/browser-fuzzer/Dissertation/logger/run_20250324_064826/round_015/mutations/mutated_0004.html (1084)
[55891:55891:0324/091128.708937:INFO:CONSOLE(1085)] "Uncaught SyntaxError: Invalid or unexpected token", source: file:///home/dhia/browser-fuzzer/Dissertation/logger/run_20250324_064826/round_015/mutations/mutated_0004.html (1085)
[55891:55891:0324/091128.714903:INFO:CONSOLE(1157)] "Uncaught SyntaxError: Invalid or unexpected token", source: file:///home/dhia/browser-fuzzer/Dissertation/logger/run_20250324_064826/round_015/mutations/mutated_0004.html (1157)
[55891:55891:0324/091128.724311:INFO:CONSOLE(1158)] "Uncaught SyntaxError: Invalid or unexpected token", source: file:///home/dhia/browser-fuzzer/Dissertation/logger/run_20250324_064826/round_015/mutations/mutated_0004.html (1158)
[55891:55891:0324/091128.894375:INFO:CONSOLE(1161)] "Uncaught SyntaxError: Invalid or unexpected token", source: file:///home/dhia/browser-fuzzer/Dissertation/logger/run_20250324_064826/round_015/mutations/mutated_0004.html (1161)
[55891:55891:0324/091128.901691:INFO:CONSOLE(1162)] "Uncaught SyntaxError: Invalid or unexpected token", source: file:///home/dhia/browser-fuzzer/Dissertation/logger/run_20250324_064826/round_015/mutations/mutated_0004.html (1162)
[55891:55891:0324/091129.014169:INFO:CONSOLE(1186)] "Uncaught SyntaxError: Invalid or unexpected token", source: file:///home/dhia/browser-fuzzer/Dissertation/logger/run_20250324_064826/round_015/mutations/mutated_0004.html (1186)
[55891:55891:0324/091129.027256:INFO:CONSOLE(1187)] "Uncaught SyntaxError: Invalid or unexpected token", source: file:///home/dhia/browser-fuzzer/Dissertation/logger/run_20250324_064826/round_015/mutations/mutated_0004.html (1187)
[55891:55891:0324/091129.037657:INFO:CONSOLE(1189)] "Uncaught SyntaxError: Invalid or unexpected token", source: file:///home/dhia/browser-fuzzer/Dissertation/logger/run_20250324_064826/round_015/mutations/mutated_0004.html (1189)
[55891:55891:0324/091129.151131:INFO:CONSOLE(1190)] "Uncaught SyntaxError: Invalid or unexpected token", source: file:///home/dhia/browser-fuzzer/Dissertation/logger/run_20250324_064826/round_015/mutations/mutated_0004.html (1190)
[55891:55891:0324/091129.169975:INFO:CONSOLE(1192)] "Uncaught SyntaxError: Invalid or unexpected token", source: file:///home/dhia/browser-fuzzer/Dissertation/logger/run_20250324_064826/round_015/mutations/mutated_0004.html (1192)
[55891:55891:0324/091129.281115:INFO:CONSOLE(1193)] "Uncaught SyntaxError: Invalid or unexpected token", source: file:///home/dhia/browser-fuzzer/Dissertation/logger/run_20250324_064826/round_015/mutations/mutated_0004.html (1193)
[55891:55891:0324/091129.411041:INFO:CONSOLE(1217)] "Uncaught SyntaxError: Invalid or unexpected token", source: file:///home/dhia/browser-fuzzer/Dissertation/logger/run_20250324_064826/round_015/mutations/mutated_0004.html (1217)
[55891:55891:0324/091129.416884:INFO:CONSOLE(1218)] "Uncaught SyntaxError: Invalid or unexpected token", source: file:///home/dhia/browser-fuzzer/Dissertation/logger/run_20250324_064826/round_015/mutations/mutated_0004.html (1218)
[55891:55891:0324/091129.561027:INFO:CONSOLE(1219)] "Uncaught SyntaxError: Invalid or unexpected token", source: file:///home/dhia/browser-fuzzer/Dissertation/logger/run_20250324_064826/round_015/mutations/mutated_0004.html (1219)
[55891:55891:0324/091129.570926:INFO:CONSOLE(1221)] "Uncaught SyntaxError: Invalid or unexpected token", source: file:///home/dhia/browser-fuzzer/Dissertation/logger/run_20250324_064826/round_015/mutations/mutated_0004.html (1221)
[55891:55891:0324/091129.581029:INFO:CONSOLE(1222)] "Uncaught SyntaxError: Invalid or unexpected token", source: file:///home/dhia/browser-fuzzer/Dissertation/logger/run_20250324_064826/round_015/mutations/mutated_0004.html (1222)
[55891:55891:0324/091129.699495:INFO:CONSOLE(1246)] "Uncaught SyntaxError: Invalid or unexpected token", source: file:///home/dhia/browser-fuzzer/Dissertation/logger/run_20250324_064826/round_015/mutations/mutated_0004.html (1246)
[55891:55891:0324/091129.705263:INFO:CONSOLE(1247)] "Uncaught SyntaxError: Invalid or unexpected token", source: file:///home/dhia/browser-fuzzer/Dissertation/logger/run_20250324_064826/round_015/mutations/mutated_0004.html (1247)
[55891:55891:0324/091129.849314:INFO:CONSOLE(1256)] "Uncaught SyntaxError: Invalid or unexpected token", source: file:///home/dhia/browser-fuzzer/Dissertation/logger/run_20250324_064826/round_015/mutations/mutated_0004.html (1256)
[55891:55891:0324/091129.858326:INFO:CONSOLE(1257)] "Uncaught SyntaxError: Invalid or unexpected token", source: file:///home/dhia/browser-fuzzer/Dissertation/logger/run_20250324_064826/round_015/mutations/mutated_0004.html (1257)
[55891:55891:0324/091129.866695:INFO:CONSOLE(1329)] "Uncaught SyntaxError: Invalid or unexpected token", source: file:///home/dhia/browser-fuzzer/Dissertation/logger/run_20250324_064826/round_015/mutations/mutated_0004.html (1329)
[55891:55891:0324/091129.972333:INFO:CONSOLE(1330)] "Uncaught SyntaxError: Invalid or unexpected token", source: file:///home/dhia/browser-fuzzer/Dissertation/logger/run_20250324_064826/round_015/mutations/mutated_0004.html (1330)
[55891:55891:0324/091129.978374:INFO:CONSOLE(1331)] "Uncaught SyntaxError: Invalid or unexpected token", source: file:///home/dhia/browser-fuzzer/Dissertation/logger/run_20250324_064826/round_015/mutations/mutated_0004.html (1331)
[55891:55891:0324/091129.996867:INFO:CONSOLE(1332)] "Uncaught SyntaxError: Invalid or unexpected token", source: file:///home/dhia/browser-fuzzer/Dissertation/logger/run_20250324_064826/round_015/mutations/mutated_0004.html (1332)
[55891:55891:0324/091130.089070:INFO:CONSOLE(1333)] "Uncaught SyntaxError: Invalid or unexpected token", source: file:///home/dhia/browser-fuzzer/Dissertation/logger/run_20250324_064826/round_015/mutations/mutated_0004.html (1333)
[55891:55891:0324/091130.272370:INFO:CONSOLE(1417)] "Uncaught SyntaxError: Invalid or unexpected token", source: file:///home/dhia/browser-fuzzer/Dissertation/logger/run_20250324_064826/round_015/mutations/mutated_0004.html (1417)
[55891:55891:0324/091130.278893:INFO:CONSOLE(1418)] "Uncaught SyntaxError: Invalid or unexpected token", source: file:///home/dhia/browser-fuzzer/Dissertation/logger/run_20250324_064826/round_015/mutations/mutated_0004.html (1418)
[55891:55891:0324/091130.614804:INFO:CONSOLE(1490)] "Uncaught SyntaxError: Invalid or unexpected token", source: file:///home/dhia/browser-fuzzer/Dissertation/logger/run_20250324_064826/round_015/mutations/mutated_0004.html (1490)
[55891:55891:0324/091130.625955:INFO:CONSOLE(1491)] "Uncaught SyntaxError: Invalid or unexpected token", source: file:///home/dhia/browser-fuzzer/Dissertation/logger/run_20250324_064826/round_015/mutations/mutated_0004.html (1491)
[55891:55891:0324/091130.717944:INFO:CONSOLE(1500)] "Uncaught SyntaxError: Invalid or unexpected token", source: file:///home/dhia/browser-fuzzer/Dissertation/logger/run_20250324_064826/round_015/mutations/mutated_0004.html (1500)
[55891:55891:0324/091130.730367:INFO:CONSOLE(1501)] "Uncaught SyntaxError: Invalid or unexpected token", source: file:///home/dhia/browser-fuzzer/Dissertation/logger/run_20250324_064826/round_015/mutations/mutated_0004.html (1501)
[55891:55891:0324/091130.744093:INFO:CONSOLE(1573)] "Uncaught SyntaxError: Invalid or unexpected token", source: file:///home/dhia/browser-fuzzer/Dissertation/logger/run_20250324_064826/round_015/mutations/mutated_0004.html (1573)
[55891:55891:0324/091130.979184:INFO:CONSOLE(1574)] "Uncaught SyntaxError: Invalid or unexpected token", source: file:///home/dhia/browser-fuzzer/Dissertation/logger/run_20250324_064826/round_015/mutations/mutated_0004.html (1574)
[55891:55891:0324/091130.992763:INFO:CONSOLE(1646)] "Uncaught SyntaxError: Invalid or unexpected token", source: file:///home/dhia/browser-fuzzer/Dissertation/logger/run_20250324_064826/round_015/mutations/mutated_0004.html (1646)
[55891:55891:0324/091131.005210:INFO:CONSOLE(1647)] "Uncaught SyntaxError: Invalid or unexpected token", source: file:///home/dhia/browser-fuzzer/Dissertation/logger/run_20250324_064826/round_015/mutations/mutated_0004.html (1647)
[55891:55891:0324/091131.245508:INFO:CONSOLE(1648)] "Uncaught SyntaxError: Invalid or unexpected token", source: file:///home/dhia/browser-fuzzer/Dissertation/logger/run_20250324_064826/round_015/mutations/mutated_0004.html (1648)
[55891:55891:0324/091131.255775:INFO:CONSOLE(1649)] "Uncaught SyntaxError: Invalid or unexpected token", source: file:///home/dhia/browser-fuzzer/Dissertation/logger/run_20250324_064826/round_015/mutations/mutated_0004.html (1649)
[55891:55891:0324/091131.266654:INFO:CONSOLE(1650)] "Uncaught SyntaxError: Invalid or unexpected token", source: file:///home/dhia/browser-fuzzer/Dissertation/logger/run_20250324_064826/round_015/mutations/mutated_0004.html (1650)
[55891:55891:0324/091131.411363:INFO:CONSOLE(1742)] "Uncaught SyntaxError: Invalid or unexpected token", source: file:///home/dhia/browser-fuzzer/Dissertation/logger/run_20250324_064826/round_015/mutations/mutated_0004.html (1742)
[55891:55891:0324/091131.688713:INFO:CONSOLE(1776)] "Uncaught SyntaxError: Invalid or unexpected token", source: file:///home/dhia/browser-fuzzer/Dissertation/logger/run_20250324_064826/round_015/mutations/mutated_0004.html (1776)
[55891:55891:0324/091131.718061:INFO:CONSOLE(1788)] "Uncaught SyntaxError: Invalid or unexpected token", source: file:///home/dhia/browser-fuzzer/Dissertation/logger/run_20250324_064826/round_015/mutations/mutated_0004.html (1788)
[55891:55891:0324/091131.895140:INFO:CONSOLE(1809)] "Uncaught SyntaxError: Invalid or unexpected token", source: file:///home/dhia/browser-fuzzer/Dissertation/logger/run_20250324_064826/round_015/mutations/mutated_0004.html (1809)
[55891:55891:0324/091132.083938:INFO:CONSOLE(1879)] "Uncaught SyntaxError: Invalid or unexpected token", source: file:///home/dhia/browser-fuzzer/Dissertation/logger/run_20250324_064826/round_015/mutations/mutated_0004.html (1879)
[55891:55891:0324/091132.090637:INFO:CONSOLE(1883)] "Uncaught SyntaxError: Invalid or unexpected token", source: file:///home/dhia/browser-fuzzer/Dissertation/logger/run_20250324_064826/round_015/mutations/mutated_0004.html (1883)
[55891:55891:0324/091132.242802:INFO:CONSOLE(1890)] "Uncaught SyntaxError: Invalid or unexpected token", source: file:///home/dhia/browser-fuzzer/Dissertation/logger/run_20250324_064826/round_015/mutations/mutated_0004.html (1890)
[55891:55891:0324/091132.437143:INFO:CONSOLE(1906)] "Uncaught SyntaxError: Invalid or unexpected token", source: file:///home/dhia/browser-fuzzer/Dissertation/logger/run_20250324_064826/round_015/mutations/mutated_0004.html (1906)
[55891:55891:0324/091132.449347:INFO:CONSOLE(1907)] "Uncaught SyntaxError: Invalid or unexpected token", source: file:///home/dhia/browser-fuzzer/Dissertation/logger/run_20250324_064826/round_015/mutations/mutated_0004.html (1907)
[55891:55891:0324/091132.468990:INFO:CONSOLE(1908)] "Uncaught SyntaxError: Invalid or unexpected token", source: file:///home/dhia/browser-fuzzer/Dissertation/logger/run_20250324_064826/round_015/mutations/mutated_0004.html (1908)
[55891:55891:0324/091132.642361:INFO:CONSOLE(1916)] "Uncaught SyntaxError: Invalid or unexpected token", source: file:///home/dhia/browser-fuzzer/Dissertation/logger/run_20250324_064826/round_015/mutations/mutated_0004.html (1916)
[55891:55891:0324/091132.647894:INFO:CONSOLE(1917)] "Uncaught SyntaxError: Invalid or unexpected token", source: file:///home/dhia/browser-fuzzer/Dissertation/logger/run_20250324_064826/round_015/mutations/mutated_0004.html (1917)
[55891:55891:0324/091132.666680:INFO:CONSOLE(1918)] "Uncaught SyntaxError: Invalid or unexpected token", source: file:///home/dhia/browser-fuzzer/Dissertation/logger/run_20250324_064826/round_015/mutations/mutated_0004.html (1918)
[55891:55891:0324/091132.680566:INFO:CONSOLE(1921)] "Uncaught SyntaxError: Invalid or unexpected token", source: file:///home/dhia/browser-fuzzer/Dissertation/logger/run_20250324_064826/round_015/mutations/mutated_0004.html (1921)
[55891:55891:0324/091132.878672:INFO:CONSOLE(1929)] "Uncaught SyntaxError: Invalid or unexpected token", source: file:///home/dhia/browser-fuzzer/Dissertation/logger/run_20250324_064826/round_015/mutations/mutated_0004.html (1929)
[55891:55891:0324/091132.890141:INFO:CONSOLE(1930)] "Uncaught SyntaxError: Invalid or unexpected token", source: file:///home/dhia/browser-fuzzer/Dissertation/logger/run_20250324_064826/round_015/mutations/mutated_0004.html (1930)
[55891:55891:0324/091132.897388:INFO:CONSOLE(1931)] "Uncaught SyntaxError: Invalid or unexpected token", source: file:///home/dhia/browser-fuzzer/Dissertation/logger/run_20250324_064826/round_015/mutations/mutated_0004.html (1931)
[55891:55891:0324/091133.086075:INFO:CONSOLE(1932)] "Uncaught SyntaxError: Invalid or unexpected token", source: file:///home/dhia/browser-fuzzer/Dissertation/logger/run_20250324_064826/round_015/mutations/mutated_0004.html (1932)
[55891:55891:0324/091133.091417:INFO:CONSOLE(1933)] "Uncaught SyntaxError: Invalid or unexpected token", source: file:///home/dhia/browser-fuzzer/Dissertation/logger/run_20250324_064826/round_015/mutations/mutated_0004.html (1933)
[55891:55891:0324/091133.228044:INFO:CONSOLE(1934)] "Uncaught SyntaxError: Invalid or unexpected token", source: file:///home/dhia/browser-fuzzer/Dissertation/logger/run_20250324_064826/round_015/mutations/mutated_0004.html (1934)
[55891:55891:0324/091133.424210:INFO:CONSOLE(2033)] "Uncaught SyntaxError: Invalid or unexpected token", source: file:///home/dhia/browser-fuzzer/Dissertation/logger/run_20250324_064826/round_015/mutations/mutated_0004.html (2033)
[55891:55891:0324/091133.429848:INFO:CONSOLE(2034)] "Uncaught SyntaxError: Invalid or unexpected token", source: file:///home/dhia/browser-fuzzer/Dissertation/logger/run_20250324_064826/round_015/mutations/mutated_0004.html (2034)
[55891:55891:0324/091133.435085:INFO:CONSOLE(2035)] "Uncaught SyntaxError: Invalid or unexpected token", source: file:///home/dhia/browser-fuzzer/Dissertation/logger/run_20250324_064826/round_015/mutations/mutated_0004.html (2035)
[55891:55891:0324/091133.811533:INFO:CONSOLE(2036)] "Uncaught SyntaxError: Invalid or unexpected token", source: file:///home/dhia/browser-fuzzer/Dissertation/logger/run_20250324_064826/round_015/mutations/mutated_0004.html (2036)
[55891:55891:0324/091133.824658:INFO:CONSOLE(2037)] "Uncaught SyntaxError: Invalid or unexpected token", source: file:///home/dhia/browser-fuzzer/Dissertation/logger/run_20250324_064826/round_015/mutations/mutated_0004.html (2037)
[55891:55891:0324/091133.838035:INFO:CONSOLE(2047)] "Uncaught SyntaxError: Invalid or unexpected token", source: file:///home/dhia/browser-fuzzer/Dissertation/logger/run_20250324_064826/round_015/mutations/mutated_0004.html (2047)
[55891:55891:0324/091133.858428:INFO:CONSOLE(2048)] "Uncaught SyntaxError: Invalid or unexpected token", source: file:///home/dhia/browser-fuzzer/Dissertation/logger/run_20250324_064826/round_015/mutations/mutated_0004.html (2048)
[55891:55891:0324/091133.863872:INFO:CONSOLE(2120)] "Uncaught SyntaxError: Invalid or unexpected token", source: file:///home/dhia/browser-fuzzer/Dissertation/logger/run_20250324_064826/round_015/mutations/mutated_0004.html (2120)
[55891:55891:0324/091133.982637:INFO:CONSOLE(2121)] "Uncaught SyntaxError: Invalid or unexpected token", source: file:///home/dhia/browser-fuzzer/Dissertation/logger/run_20250324_064826/round_015/mutations/mutated_0004.html (2121)
[55891:55891:0324/091133.998615:INFO:CONSOLE(2122)] "Uncaught SyntaxError: Invalid or unexpected token", source: file:///home/dhia/browser-fuzzer/Dissertation/logger/run_20250324_064826/round_015/mutations/mutated_0004.html (2122)
[55891:55891:0324/091134.002350:INFO:CONSOLE(2123)] "Uncaught SyntaxError: Invalid or unexpected token", source: file:///home/dhia/browser-fuzzer/Dissertation/logger/run_20250324_064826/round_015/mutations/mutated_0004.html (2123)
[55891:55891:0324/091134.150513:INFO:CONSOLE(2132)] "Uncaught SyntaxError: Invalid or unexpected token", source: file:///home/dhia/browser-fuzzer/Dissertation/logger/run_20250324_064826/round_015/mutations/mutated_0004.html (2132)
[55891:55891:0324/091134.166892:INFO:CONSOLE(2133)] "Uncaught SyntaxError: Invalid or unexpected token", source: file:///home/dhia/browser-fuzzer/Dissertation/logger/run_20250324_064826/round_015/mutations/mutated_0004.html (2133)
[55891:55891:0324/091134.192185:INFO:CONSOLE(2205)] "Uncaught SyntaxError: Invalid or unexpected token", source: file:///home/dhia/browser-fuzzer/Dissertation/logger/run_20250324_064826/round_015/mutations/mutated_0004.html (2205)
[55891:55891:0324/091134.581579:INFO:CONSOLE(2206)] "Uncaught SyntaxError: Invalid or unexpected token", source: file:///home/dhia/browser-fuzzer/Dissertation/logger/run_20250324_064826/round_015/mutations/mutated_0004.html (2206)
[55891:55891:0324/091134.607579:INFO:CONSOLE(2209)] "Uncaught SyntaxError: Invalid or unexpected token", source: file:///home/dhia/browser-fuzzer/Dissertation/logger/run_20250324_064826/round_015/mutations/mutated_0004.html (2209)
[55891:55891:0324/091134.614873:INFO:CONSOLE(2210)] "Uncaught SyntaxError: Invalid or unexpected token", source: file:///home/dhia/browser-fuzzer/Dissertation/logger/run_20250324_064826/round_015/mutations/mutated_0004.html (2210)
[55891:55891:0324/091134.792617:INFO:CONSOLE(2234)] "Uncaught SyntaxError: Invalid or unexpected token", source: file:///home/dhia/browser-fuzzer/Dissertation/logger/run_20250324_064826/round_015/mutations/mutated_0004.html (2234)
[55891:55891:0324/091134.807775:INFO:CONSOLE(2235)] "Uncaught SyntaxError: Invalid or unexpected token", source: file:///home/dhia/browser-fuzzer/Dissertation/logger/run_20250324_064826/round_015/mutations/mutated_0004.html (2235)
[55891:55891:0324/091134.817877:INFO:CONSOLE(2237)] "Uncaught SyntaxError: Invalid or unexpected token", source: file:///home/dhia/browser-fuzzer/Dissertation/logger/run_20250324_064826/round_015/mutations/mutated_0004.html (2237)
[55891:55891:0324/091135.001268:INFO:CONSOLE(2238)] "Uncaught SyntaxError: Invalid or unexpected token", source: file:///home/dhia/browser-fuzzer/Dissertation/logger/run_20250324_064826/round_015/mutations/mutated_0004.html (2238)
[55891:55891:0324/091135.009831:INFO:CONSOLE(2239)] "Uncaught SyntaxError: Invalid or unexpected token", source: file:///home/dhia/browser-fuzzer/Dissertation/logger/run_20250324_064826/round_015/mutations/mutated_0004.html (2239)
[55891:55891:0324/091135.016951:INFO:CONSOLE(2241)] "Uncaught SyntaxError: Invalid or unexpected token", source: file:///home/dhia/browser-fuzzer/Dissertation/logger/run_20250324_064826/round_015/mutations/mutated_0004.html (2241)
[55891:55891:0324/091135.032587:INFO:CONSOLE(2242)] "Uncaught SyntaxError: Invalid or unexpected token", source: file:///home/dhia/browser-fuzzer/Dissertation/logger/run_20250324_064826/round_015/mutations/mutated_0004.html (2242)
[55891:55891:0324/091135.225326:INFO:CONSOLE(2278)] "Uncaught SyntaxError: Invalid or unexpected token", source: file:///home/dhia/browser-fuzzer/Dissertation/logger/run_20250324_064826/round_015/mutations/mutated_0004.html (2278)
[55891:55891:0324/091135.244266:INFO:CONSOLE(2279)] "Uncaught SyntaxError: Invalid or unexpected token", source: file:///home/dhia/browser-fuzzer/Dissertation/logger/run_20250324_064826/round_015/mutations/mutated_0004.html (2279)
[55891:55891:0324/091135.425485:INFO:CONSOLE(2311)] "Uncaught SyntaxError: Invalid or unexpected token", source: file:///home/dhia/browser-fuzzer/Dissertation/logger/run_20250324_064826/round_015/mutations/mutated_0004.html (2311)
[55891:55891:0324/091135.433972:INFO:CONSOLE(2312)] "Uncaught SyntaxError: Invalid or unexpected token", source: file:///home/dhia/browser-fuzzer/Dissertation/logger/run_20250324_064826/round_015/mutations/mutated_0004.html (2312)
[55891:55891:0324/091135.445948:INFO:CONSOLE(2313)] "Uncaught SyntaxError: Invalid or unexpected token", source: file:///home/dhia/browser-fuzzer/Dissertation/logger/run_20250324_064826/round_015/mutations/mutated_0004.html (2313)
[55891:55891:0324/091135.450821:INFO:CONSOLE(2314)] "Uncaught SyntaxError: Invalid or unexpected token", source: file:///home/dhia/browser-fuzzer/Dissertation/logger/run_20250324_064826/round_015/mutations/mutated_0004.html (2314)
[55891:55891:0324/091135.471377:INFO:CONSOLE(2315)] "Uncaught SyntaxError: Invalid or unexpected token", source: file:///home/dhia/browser-fuzzer/Dissertation/logger/run_20250324_064826/round_015/mutations/mutated_0004.html (2315)
[55891:55891:0324/091135.670739:INFO:CONSOLE(2329)] "Uncaught SyntaxError: Invalid or unexpected token", source: file:///home/dhia/browser-fuzzer/Dissertation/logger/run_20250324_064826/round_015/mutations/mutated_0004.html (2329)
[55891:55891:0324/091135.879797:INFO:CONSOLE(2378)] "Uncaught SyntaxError: Invalid or unexpected token", source: file:///home/dhia/browser-fuzzer/Dissertation/logger/run_20250324_064826/round_015/mutations/mutated_0004.html (2378)
[55891:55891:0324/091135.900415:INFO:CONSOLE(2379)] "Uncaught SyntaxError: Invalid or unexpected token", source: file:///home/dhia/browser-fuzzer/Dissertation/logger/run_20250324_064826/round_015/mutations/mutated_0004.html (2379)
[55891:55891:0324/091135.911586:INFO:CONSOLE(2380)] "Uncaught SyntaxError: Invalid or unexpected token", source: file:///home/dhia/browser-fuzzer/Dissertation/logger/run_20250324_064826/round_015/mutations/mutated_0004.html (2380)
[55891:55891:0324/091136.101191:INFO:CONSOLE(2381)] "Uncaught SyntaxError: Invalid or unexpected token", source: file:///home/dhia/browser-fuzzer/Dissertation/logger/run_20250324_064826/round_015/mutations/mutated_0004.html (2381)
[55891:55891:0324/091136.130793:INFO:CONSOLE(2391)] "Uncaught SyntaxError: Invalid or unexpected token", source: file:///home/dhia/browser-fuzzer/Dissertation/logger/run_20250324_064826/round_015/mutations/mutated_0004.html (2391)
[55891:55891:0324/091136.294714:INFO:CONSOLE(2392)] "Uncaught SyntaxError: Invalid or unexpected token", source: file:///home/dhia/browser-fuzzer/Dissertation/logger/run_20250324_064826/round_015/mutations/mutated_0004.html (2392)
[55891:55891:0324/091136.313862:INFO:CONSOLE(2464)] "Uncaught SyntaxError: Invalid or unexpected token", source: file:///home/dhia/browser-fuzzer/Dissertation/logger/run_20250324_064826/round_015/mutations/mutated_0004.html (2464)
[55891:55891:0324/091136.824890:INFO:CONSOLE(2465)] "Uncaught SyntaxError: Invalid or unexpected token", source: file:///home/dhia/browser-fuzzer/Dissertation/logger/run_20250324_064826/round_015/mutations/mutated_0004.html (2465)
[55891:55891:0324/091136.844323:INFO:CONSOLE(2466)] "Uncaught SyntaxError: Invalid or unexpected token", source: file:///home/dhia/browser-fuzzer/Dissertation/logger/run_20250324_064826/round_015/mutations/mutated_0004.html (2466)
[55891:55891:0324/091136.848837:INFO:CONSOLE(2467)] "Uncaught SyntaxError: Invalid or unexpected token", source: file:///home/dhia/browser-fuzzer/Dissertation/logger/run_20250324_064826/round_015/mutations/mutated_0004.html (2467)
[55891:55891:0324/091137.009671:INFO:CONSOLE(2486)] "Uncaught SyntaxError: Invalid or unexpected token", source: file:///home/dhia/browser-fuzzer/Dissertation/logger/run_20250324_064826/round_015/mutations/mutated_0004.html (2486)
[55891:55891:0324/091137.023177:INFO:CONSOLE(2487)] "Uncaught SyntaxError: Invalid or unexpected token", source: file:///home/dhia/browser-fuzzer/Dissertation/logger/run_20250324_064826/round_015/mutations/mutated_0004.html (2487)
[55891:55891:0324/091137.195797:INFO:CONSOLE(2559)] "Uncaught SyntaxError: Invalid or unexpected token", source: file:///home/dhia/browser-fuzzer/Dissertation/logger/run_20250324_064826/round_015/mutations/mutated_0004.html (2559)
[55891:55891:0324/091137.200232:INFO:CONSOLE(2560)] "Uncaught SyntaxError: Invalid or unexpected token", source: file:///home/dhia/browser-fuzzer/Dissertation/logger/run_20250324_064826/round_015/mutations/mutated_0004.html (2560)
[55891:55891:0324/091137.214657:INFO:CONSOLE(2563)] "Uncaught SyntaxError: Invalid or unexpected token", source: file:///home/dhia/browser-fuzzer/Dissertation/logger/run_20250324_064826/round_015/mutations/mutated_0004.html (2563)
[55891:55891:0324/091137.700678:INFO:CONSOLE(2564)] "Uncaught SyntaxError: Invalid or unexpected token", source: file:///home/dhia/browser-fuzzer/Dissertation/logger/run_20250324_064826/round_015/mutations/mutated_0004.html (2564)
[55891:55891:0324/091137.931140:INFO:CONSOLE(2588)] "Uncaught SyntaxError: Invalid or unexpected token", source: file:///home/dhia/browser-fuzzer/Dissertation/logger/run_20250324_064826/round_015/mutations/mutated_0004.html (2588)
[55891:55891:0324/091137.947039:INFO:CONSOLE(2589)] "Uncaught SyntaxError: Invalid or unexpected token", source: file:///home/dhia/browser-fuzzer/Dissertation/logger/run_20250324_064826/round_015/mutations/mutated_0004.html (2589)
[55891:55891:0324/091138.163066:INFO:CONSOLE(2591)] "Uncaught SyntaxError: Invalid or unexpected token", source: file:///home/dhia/browser-fuzzer/Dissertation/logger/run_20250324_064826/round_015/mutations/mutated_0004.html (2591)
[55891:55891:0324/091138.170057:INFO:CONSOLE(2592)] "Uncaught SyntaxError: Invalid or unexpected token", source: file:///home/dhia/browser-fuzzer/Dissertation/logger/run_20250324_064826/round_015/mutations/mutated_0004.html (2592)
[55891:55891:0324/091138.176538:INFO:CONSOLE(2593)] "Uncaught SyntaxError: Invalid or unexpected token", source: file:///home/dhia/browser-fuzzer/Dissertation/logger/run_20250324_064826/round_015/mutations/mutated_0004.html (2593)
[55891:55891:0324/091138.343571:INFO:CONSOLE(2595)] "Uncaught SyntaxError: Invalid or unexpected token", source: file:///home/dhia/browser-fuzzer/Dissertation/logger/run_20250324_064826/round_015/mutations/mutated_0004.html (2595)
[55891:55891:0324/091138.355116:INFO:CONSOLE(2596)] "Uncaught SyntaxError: Invalid or unexpected token", source: file:///home/dhia/browser-fuzzer/Dissertation/logger/run_20250324_064826/round_015/mutations/mutated_0004.html (2596)
[55891:55891:0324/091138.585902:INFO:CONSOLE(2630)] "Uncaught SyntaxError: Invalid or unexpected token", source: file:///home/dhia/browser-fuzzer/Dissertation/logger/run_20250324_064826/round_015/mutations/mutated_0004.html (2630)
[55891:55891:0324/091138.591954:INFO:CONSOLE(2641)] "Uncaught SyntaxError: Invalid or unexpected token", source: file:///home/dhia/browser-fuzzer/Dissertation/logger/run_20250324_064826/round_015/mutations/mutated_0004.html (2641)
[55891:55891:0324/091138.835674:INFO:CONSOLE(2663)] "Uncaught SyntaxError: Invalid or unexpected token", source: file:///home/dhia/browser-fuzzer/Dissertation/logger/run_20250324_064826/round_015/mutations/mutated_0004.html (2663)
[55891:55891:0324/091138.848261:INFO:CONSOLE(2664)] "Uncaught SyntaxError: Invalid or unexpected token", source: file:///home/dhia/browser-fuzzer/Dissertation/logger/run_20250324_064826/round_015/mutations/mutated_0004.html (2664)
[55891:55891:0324/091139.092733:INFO:CONSOLE(2665)] "Uncaught SyntaxError: Invalid or unexpected token", source: file:///home/dhia/browser-fuzzer/Dissertation/logger/run_20250324_064826/round_015/mutations/mutated_0004.html (2665)
[55891:55891:0324/091139.096979:INFO:CONSOLE(2666)] "Uncaught SyntaxError: Invalid or unexpected token", source: file:///home/dhia/browser-fuzzer/Dissertation/logger/run_20250324_064826/round_015/mutations/mutated_0004.html (2666)
[55891:55891:0324/091140.249288:INFO:CONSOLE(2667)] "Uncaught SyntaxError: Invalid or unexpected token", source: file:///home/dhia/browser-fuzzer/Dissertation/logger/run_20250324_064826/round_015/mutations/mutated_0004.html (2667)
[55891:55891:0324/091140.299676:INFO:CONSOLE(2681)] "Uncaught SyntaxError: Invalid or unexpected token", source: file:///home/dhia/browser-fuzzer/Dissertation/logger/run_20250324_064826/round_015/mutations/mutated_0004.html (2681)
[55891:55891:0324/091140.390954:INFO:CONSOLE(2706)] "Uncaught SyntaxError: Invalid or unexpected token", source: file:///home/dhia/browser-fuzzer/Dissertation/logger/run_20250324_064826/round_015/mutations/mutated_0004.html (2706)
[55891:55891:0324/091140.395758:INFO:CONSOLE(2707)] "Uncaught SyntaxError: Invalid or unexpected token", source: file:///home/dhia/browser-fuzzer/Dissertation/logger/run_20250324_064826/round_015/mutations/mutated_0004.html (2707)
[55891:55891:0324/091140.459417:INFO:CONSOLE(2717)] "Uncaught SyntaxError: Invalid or unexpected token", source: file:///home/dhia/browser-fuzzer/Dissertation/logger/run_20250324_064826/round_015/mutations/mutated_0004.html (2717)
[55891:55891:0324/091140.474672:INFO:CONSOLE(2718)] "Uncaught SyntaxError: Invalid or unexpected token", source: file:///home/dhia/browser-fuzzer/Dissertation/logger/run_20250324_064826/round_015/mutations/mutated_0004.html (2718)
[55891:55891:0324/091140.482062:INFO:CONSOLE(2790)] "Uncaught SyntaxError: Invalid or unexpected token", source: file:///home/dhia/browser-fuzzer/Dissertation/logger/run_20250324_064826/round_015/mutations/mutated_0004.html (2790)
[55891:55891:0324/091140.905364:INFO:CONSOLE(2791)] "Uncaught SyntaxError: Invalid or unexpected token", source: file:///home/dhia/browser-fuzzer/Dissertation/logger/run_20250324_064826/round_015/mutations/mutated_0004.html (2791)
[55891:55891:0324/091140.911608:INFO:CONSOLE(2792)] "Uncaught SyntaxError: Invalid or unexpected token", source: file:///home/dhia/browser-fuzzer/Dissertation/logger/run_20250324_064826/round_015/mutations/mutated_0004.html (2792)
[55891:55891:0324/091140.918999:INFO:CONSOLE(2793)] "Uncaught SyntaxError: Invalid or unexpected token", source: file:///home/dhia/browser-fuzzer/Dissertation/logger/run_20250324_064826/round_015/mutations/mutated_0004.html (2793)
[55891:55891:0324/091141.161139:INFO:CONSOLE(2802)] "Uncaught SyntaxError: Invalid or unexpected token", source: file:///home/dhia/browser-fuzzer/Dissertation/logger/run_20250324_064826/round_015/mutations/mutated_0004.html (2802)
[55891:55891:0324/091141.172890:INFO:CONSOLE(2803)] "Uncaught SyntaxError: Invalid or unexpected token", source: file:///home/dhia/browser-fuzzer/Dissertation/logger/run_20250324_064826/round_015/mutations/mutated_0004.html (2803)
[55891:55891:0324/091141.177943:INFO:CONSOLE(2875)] "Uncaught SyntaxError: Invalid or unexpected token", source: file:///home/dhia/browser-fuzzer/Dissertation/logger/run_20250324_064826/round_015/mutations/mutated_0004.html (2875)
[55891:55891:0324/091141.829977:INFO:CONSOLE(2876)] "Uncaught SyntaxError: Invalid or unexpected token", source: file:///home/dhia/browser-fuzzer/Dissertation/logger/run_20250324_064826/round_015/mutations/mutated_0004.html (2876)
[55891:55891:0324/091141.833804:INFO:CONSOLE(2879)] "Uncaught SyntaxError: Invalid or unexpected token", source: file:///home/dhia/browser-fuzzer/Dissertation/logger/run_20250324_064826/round_015/mutations/mutated_0004.html (2879)
[55891:55891:0324/091141.842149:INFO:CONSOLE(2880)] "Uncaught SyntaxError: Invalid or unexpected token", source: file:///home/dhia/browser-fuzzer/Dissertation/logger/run_20250324_064826/round_015/mutations/mutated_0004.html (2880)
[55891:55891:0324/091142.066124:INFO:CONSOLE(2904)] "Uncaught SyntaxError: Invalid or unexpected token", source: file:///home/dhia/browser-fuzzer/Dissertation/logger/run_20250324_064826/round_015/mutations/mutated_0004.html (2904)
[55891:55891:0324/091142.079274:INFO:CONSOLE(2905)] "Uncaught SyntaxError: Invalid or unexpected token", source: file:///home/dhia/browser-fuzzer/Dissertation/logger/run_20250324_064826/round_015/mutations/mutated_0004.html (2905)
[55891:55891:0324/091142.088236:INFO:CONSOLE(2907)] "Uncaught SyntaxError: Invalid or unexpected token", source: file:///home/dhia/browser-fuzzer/Dissertation/logger/run_20250324_064826/round_015/mutations/mutated_0004.html (2907)
[55891:55891:0324/091142.303979:INFO:CONSOLE(2908)] "Uncaught SyntaxError: Invalid or unexpected token", source: file:///home/dhia/browser-fuzzer/Dissertation/logger/run_20250324_064826/round_015/mutations/mutated_0004.html (2908)
[55891:55891:0324/091142.323245:INFO:CONSOLE(2910)] "Uncaught SyntaxError: Invalid or unexpected token", source: file:///home/dhia/browser-fuzzer/Dissertation/logger/run_20250324_064826/round_015/mutations/mutated_0004.html (2910)
[55891:55891:0324/091142.328930:INFO:CONSOLE(2911)] "Uncaught SyntaxError: Invalid or unexpected token", source: file:///home/dhia/browser-fuzzer/Dissertation/logger/run_20250324_064826/round_015/mutations/mutated_0004.html (2911)
[55891:55891:0324/091142.564150:INFO:CONSOLE(2935)] "Uncaught SyntaxError: Invalid or unexpected token", source: file:///home/dhia/browser-fuzzer/Dissertation/logger/run_20250324_064826/round_015/mutations/mutated_0004.html (2935)
[55891:55891:0324/091142.571583:INFO:CONSOLE(2936)] "Uncaught SyntaxError: Invalid or unexpected token", source: file:///home/dhia/browser-fuzzer/Dissertation/logger/run_20250324_064826/round_015/mutations/mutated_0004.html (2936)
[55891:55891:0324/091142.577707:INFO:CONSOLE(2937)] "Uncaught SyntaxError: Invalid or unexpected token", source: file:///home/dhia/browser-fuzzer/Dissertation/logger/run_20250324_064826/round_015/mutations/mutated_0004.html (2937)
[55891:55891:0324/091142.814294:INFO:CONSOLE(2939)] "Uncaught SyntaxError: Invalid or unexpected token", source: file:///home/dhia/browser-fuzzer/Dissertation/logger/run_20250324_064826/round_015/mutations/mutated_0004.html (2939)
[55891:55891:0324/091142.822441:INFO:CONSOLE(2940)] "Uncaught SyntaxError: Invalid or unexpected token", source: file:///home/dhia/browser-fuzzer/Dissertation/logger/run_20250324_064826/round_015/mutations/mutated_0004.html (2940)
[55891:55891:0324/091143.043023:INFO:CONSOLE(2964)] "Uncaught SyntaxError: Invalid or unexpected token", source: file:///home/dhia/browser-fuzzer/Dissertation/logger/run_20250324_064826/round_015/mutations/mutated_0004.html (2964)
[55891:55891:0324/091143.049982:INFO:CONSOLE(2965)] "Uncaught SyntaxError: Invalid or unexpected token", source: file:///home/dhia/browser-fuzzer/Dissertation/logger/run_20250324_064826/round_015/mutations/mutated_0004.html (2965)
[55891:55891:0324/091143.304213:INFO:CONSOLE(2986)] "Uncaught SyntaxError: Invalid or unexpected token", source: file:///home/dhia/browser-fuzzer/Dissertation/logger/run_20250324_064826/round_015/mutations/mutated_0004.html (2986)
[55891:55891:0324/091143.310047:INFO:CONSOLE(2987)] "Uncaught SyntaxError: Invalid or unexpected token", source: file:///home/dhia/browser-fuzzer/Dissertation/logger/run_20250324_064826/round_015/mutations/mutated_0004.html (2987)
[55891:55891:0324/091143.524296:INFO:CONSOLE(3059)] "Uncaught SyntaxError: Invalid or unexpected token", source: file:///home/dhia/browser-fuzzer/Dissertation/logger/run_20250324_064826/round_015/mutations/mutated_0004.html (3059)
[55891:55891:0324/091143.532899:INFO:CONSOLE(3060)] "Uncaught SyntaxError: Invalid or unexpected token", source: file:///home/dhia/browser-fuzzer/Dissertation/logger/run_20250324_064826/round_015/mutations/mutated_0004.html (3060)
[55891:55891:0324/091143.815697:INFO:CONSOLE(3061)] "Uncaught SyntaxError: Invalid or unexpected token", source: file:///home/dhia/browser-fuzzer/Dissertation/logger/run_20250324_064826/round_015/mutations/mutated_0004.html (3061)
[55891:55891:0324/091143.820097:INFO:CONSOLE(3062)] "Uncaught SyntaxError: Invalid or unexpected token", source: file:///home/dhia/browser-fuzzer/Dissertation/logger/run_20250324_064826/round_015/mutations/mutated_0004.html (3062)
[55891:55891:0324/091144.033170:INFO:CONSOLE(3063)] "Uncaught SyntaxError: Invalid or unexpected token", source: file:///home/dhia/browser-fuzzer/Dissertation/logger/run_20250324_064826/round_015/mutations/mutated_0004.html (3063)
[55891:55891:0324/091144.297346:INFO:CONSOLE(3147)] "Uncaught SyntaxError: Invalid or unexpected token", source: file:///home/dhia/browser-fuzzer/Dissertation/logger/run_20250324_064826/round_015/mutations/mutated_0004.html (3147)
[55891:55891:0324/091144.301079:INFO:CONSOLE(3148)] "Uncaught SyntaxError: Invalid or unexpected token", source: file:///home/dhia/browser-fuzzer/Dissertation/logger/run_20250324_064826/round_015/mutations/mutated_0004.html (3148)
[55891:55891:0324/091144.309634:INFO:CONSOLE(3220)] "Uncaught SyntaxError: Invalid or unexpected token", source: file:///home/dhia/browser-fuzzer/Dissertation/logger/run_20250324_064826/round_015/mutations/mutated_0004.html (3220)
[55891:55891:0324/091144.601328:INFO:CONSOLE(3221)] "Uncaught SyntaxError: Invalid or unexpected token", source: file:///home/dhia/browser-fuzzer/Dissertation/logger/run_20250324_064826/round_015/mutations/mutated_0004.html (3221)
[55891:55891:0324/091144.616701:INFO:CONSOLE(3230)] "Uncaught SyntaxError: Invalid or unexpected token", source: file:///home/dhia/browser-fuzzer/Dissertation/logger/run_20250324_064826/round_015/mutations/mutated_0004.html (3230)
[55891:55891:0324/091144.821799:INFO:CONSOLE(3231)] "Uncaught SyntaxError: Invalid or unexpected token", source: file:///home/dhia/browser-fuzzer/Dissertation/logger/run_20250324_064826/round_015/mutations/mutated_0004.html (3231)
[55891:55891:0324/091144.834423:INFO:CONSOLE(3303)] "Uncaught SyntaxError: Invalid or unexpected token", source: file:///home/dhia/browser-fuzzer/Dissertation/logger/run_20250324_064826/round_015/mutations/mutated_0004.html (3303)
[55891:55891:0324/091144.846203:INFO:CONSOLE(3304)] "Uncaught SyntaxError: Invalid or unexpected token", source: file:///home/dhia/browser-fuzzer/Dissertation/logger/run_20250324_064826/round_015/mutations/mutated_0004.html (3304)
[55891:55891:0324/091145.666512:INFO:CONSOLE(3376)] "Uncaught SyntaxError: Invalid or unexpected token", source: file:///home/dhia/browser-fuzzer/Dissertation/logger/run_20250324_064826/round_015/mutations/mutated_0004.html (3376)
[55891:55891:0324/091145.676571:INFO:CONSOLE(3377)] "Uncaught SyntaxError: Invalid or unexpected token", source: file:///home/dhia/browser-fuzzer/Dissertation/logger/run_20250324_064826/round_015/mutations/mutated_0004.html (3377)
[55891:55891:0324/091145.680142:INFO:CONSOLE(3378)] "Uncaught SyntaxError: Invalid or unexpected token", source: file:///home/dhia/browser-fuzzer/Dissertation/logger/run_20250324_064826/round_015/mutations/mutated_0004.html (3378)
[55891:55891:0324/091146.410687:INFO:CONSOLE(3379)] "Uncaught SyntaxError: Invalid or unexpected token", source: file:///home/dhia/browser-fuzzer/Dissertation/logger/run_20250324_064826/round_015/mutations/mutated_0004.html (3379)
[55891:55891:0324/091146.418226:INFO:CONSOLE(3380)] "Uncaught SyntaxError: Invalid or unexpected token", source: file:///home/dhia/browser-fuzzer/Dissertation/logger/run_20250324_064826/round_015/mutations/mutated_0004.html (3380)
[55891:55891:0324/091146.730473:INFO:CONSOLE(3454)] "Uncaught SyntaxError: Invalid or unexpected token", source: file:///home/dhia/browser-fuzzer/Dissertation/logger/run_20250324_064826/round_015/mutations/mutated_0004.html (3454)
[55891:55891:0324/091147.300239:INFO:CONSOLE(3488)] "Uncaught SyntaxError: Invalid or unexpected token", source: file:///home/dhia/browser-fuzzer/Dissertation/logger/run_20250324_064826/round_015/mutations/mutated_0004.html (3488)
[55891:55891:0324/091147.758094:INFO:CONSOLE(3500)] "Uncaught SyntaxError: Invalid or unexpected token", source: file:///home/dhia/browser-fuzzer/Dissertation/logger/run_20250324_064826/round_015/mutations/mutated_0004.html (3500)
[55891:55891:0324/091147.987542:INFO:CONSOLE(3521)] "Uncaught SyntaxError: Invalid or unexpected token", source: file:///home/dhia/browser-fuzzer/Dissertation/logger/run_20250324_064826/round_015/mutations/mutated_0004.html (3521)
[55891:55891:0324/091148.050021:INFO:CONSOLE(3591)] "Uncaught SyntaxError: Invalid or unexpected token", source: file:///home/dhia/browser-fuzzer/Dissertation/logger/run_20250324_064826/round_015/mutations/mutated_0004.html (3591)
[55891:55891:0324/091148.058280:INFO:CONSOLE(3595)] "Uncaught SyntaxError: Invalid or unexpected token", source: file:///home/dhia/browser-fuzzer/Dissertation/logger/run_20250324_064826/round_015/mutations/mutated_0004.html (3595)
[55891:55891:0324/091148.284206:INFO:CONSOLE(3602)] "Uncaught SyntaxError: Invalid or unexpected token", source: file:///home/dhia/browser-fuzzer/Dissertation/logger/run_20250324_064826/round_015/mutations/mutated_0004.html (3602)
[55891:55891:0324/091148.541986:INFO:CONSOLE(3618)] "Uncaught SyntaxError: Invalid or unexpected token", source: file:///home/dhia/browser-fuzzer/Dissertation/logger/run_20250324_064826/round_015/mutations/mutated_0004.html (3618)
[55891:55891:0324/091148.552018:INFO:CONSOLE(3619)] "Uncaught SyntaxError: Invalid or unexpected token", source: file:///home/dhia/browser-fuzzer/Dissertation/logger/run_20250324_064826/round_015/mutations/mutated_0004.html (3619)
[55891:55891:0324/091148.795588:INFO:CONSOLE(3620)] "Uncaught SyntaxError: Invalid or unexpected token", source: file:///home/dhia/browser-fuzzer/Dissertation/logger/run_20250324_064826/round_015/mutations/mutated_0004.html (3620)
[55891:55891:0324/091148.813405:INFO:CONSOLE(3628)] "Uncaught SyntaxError: Invalid or unexpected token", source: file:///home/dhia/browser-fuzzer/Dissertation/logger/run_20250324_064826/round_015/mutations/mutated_0004.html (3628)
[55891:55891:0324/091149.045966:INFO:CONSOLE(3629)] "Uncaught SyntaxError: Invalid or unexpected token", source: file:///home/dhia/browser-fuzzer/Dissertation/logger/run_20250324_064826/round_015/mutations/mutated_0004.html (3629)
[55891:55891:0324/091149.060663:INFO:CONSOLE(3630)] "Uncaught SyntaxError: Invalid or unexpected token", source: file:///home/dhia/browser-fuzzer/Dissertation/logger/run_20250324_064826/round_015/mutations/mutated_0004.html (3630)
[55891:55891:0324/091149.064795:INFO:CONSOLE(3633)] "Uncaught SyntaxError: Invalid or unexpected token", source: file:///home/dhia/browser-fuzzer/Dissertation/logger/run_20250324_064826/round_015/mutations/mutated_0004.html (3633)
[55891:55891:0324/091149.309499:INFO:CONSOLE(3641)] "Uncaught SyntaxError: Invalid or unexpected token", source: file:///home/dhia/browser-fuzzer/Dissertation/logger/run_20250324_064826/round_015/mutations/mutated_0004.html (3641)
[55891:55891:0324/091149.314829:INFO:CONSOLE(3642)] "Uncaught SyntaxError: Invalid or unexpected token", source: file:///home/dhia/browser-fuzzer/Dissertation/logger/run_20250324_064826/round_015/mutations/mutated_0004.html (3642)
[55891:55891:0324/091149.319704:INFO:CONSOLE(3643)] "Uncaught SyntaxError: Invalid or unexpected token", source: file:///home/dhia/browser-fuzzer/Dissertation/logger/run_20250324_064826/round_015/mutations/mutated_0004.html (3643)
[55891:55891:0324/091149.605864:INFO:CONSOLE(3644)] "Uncaught SyntaxError: Invalid or unexpected token", source: file:///home/dhia/browser-fuzzer/Dissertation/logger/run_20250324_064826/round_015/mutations/mutated_0004.html (3644)
[55891:55891:0324/091149.609529:INFO:CONSOLE(3645)] "Uncaught SyntaxError: Invalid or unexpected token", source: file:///home/dhia/browser-fuzzer/Dissertation/logger/run_20250324_064826/round_015/mutations/mutated_0004.html (3645)
[55891:55891:0324/091149.816207:INFO:CONSOLE(3646)] "Uncaught SyntaxError: Invalid or unexpected token", source: file:///home/dhia/browser-fuzzer/Dissertation/logger/run_20250324_064826/round_015/mutations/mutated_0004.html (3646)
[55891:55891:0324/091150.063275:INFO:CONSOLE(3727)] "Uncaught SyntaxError: Invalid or unexpected token", source: file:///home/dhia/browser-fuzzer/Dissertation/logger/run_20250324_064826/round_015/mutations/mutated_0004.html (3727)
[55891:55891:0324/091150.072614:INFO:CONSOLE(3728)] "Uncaught SyntaxError: Invalid or unexpected token", source: file:///home/dhia/browser-fuzzer/Dissertation/logger/run_20250324_064826/round_015/mutations/mutated_0004.html (3728)
[55891:55891:0324/091150.852439:INFO:CONSOLE(3729)] "Uncaught SyntaxError: Invalid or unexpected token", source: file:///home/dhia/browser-fuzzer/Dissertation/logger/run_20250324_064826/round_015/mutations/mutated_0004.html (3729)
[55891:55891:0324/091150.857401:INFO:CONSOLE(3730)] "Uncaught SyntaxError: Invalid or unexpected token", source: file:///home/dhia/browser-fuzzer/Dissertation/logger/run_20250324_064826/round_015/mutations/mutated_0004.html (3730)
[55891:55891:0324/091150.868783:INFO:CONSOLE(3731)] "Uncaught SyntaxError: Invalid or unexpected token", source: file:///home/dhia/browser-fuzzer/Dissertation/logger/run_20250324_064826/round_015/mutations/mutated_0004.html (3731)
[55891:55891:0324/091151.129660:INFO:CONSOLE(3741)] "Uncaught SyntaxError: Invalid or unexpected token", source: file:///home/dhia/browser-fuzzer/Dissertation/logger/run_20250324_064826/round_015/mutations/mutated_0004.html (3741)
[55891:55891:0324/091151.140144:INFO:CONSOLE(3742)] "Uncaught SyntaxError: Invalid or unexpected token", source: file:///home/dhia/browser-fuzzer/Dissertation/logger/run_20250324_064826/round_015/mutations/mutated_0004.html (3742)
[55891:55891:0324/091151.146272:INFO:CONSOLE(3814)] "Uncaught SyntaxError: Invalid or unexpected token", source: file:///home/dhia/browser-fuzzer/Dissertation/logger/run_20250324_064826/round_015/mutations/mutated_0004.html (3814)
[55891:55891:0324/091152.011666:INFO:CONSOLE(3815)] "Uncaught SyntaxError: Invalid or unexpected token", source: file:///home/dhia/browser-fuzzer/Dissertation/logger/run_20250324_064826/round_015/mutations/mutated_0004.html (3815)
[55891:55891:0324/091152.024148:INFO:CONSOLE(3816)] "Uncaught SyntaxError: Invalid or unexpected token", source: file:///home/dhia/browser-fuzzer/Dissertation/logger/run_20250324_064826/round_015/mutations/mutated_0004.html (3816)
[55891:55891:0324/091152.032125:INFO:CONSOLE(3817)] "Uncaught SyntaxError: Invalid or unexpected token", source: file:///home/dhia/browser-fuzzer/Dissertation/logger/run_20250324_064826/round_015/mutations/mutated_0004.html (3817)
[55891:55891:0324/091152.295499:INFO:CONSOLE(3826)] "Uncaught SyntaxError: Invalid or unexpected token", source: file:///home/dhia/browser-fuzzer/Dissertation/logger/run_20250324_064826/round_015/mutations/mutated_0004.html (3826)
[55891:55891:0324/091152.310299:INFO:CONSOLE(3827)] "Uncaught SyntaxError: Invalid or unexpected token", source: file:///home/dhia/browser-fuzzer/Dissertation/logger/run_20250324_064826/round_015/mutations/mutated_0004.html (3827)
[55891:55891:0324/091152.517637:INFO:CONSOLE(3899)] "Uncaught SyntaxError: Invalid or unexpected token", source: file:///home/dhia/browser-fuzzer/Dissertation/logger/run_20250324_064826/round_015/mutations/mutated_0004.html (3899)
[55891:55891:0324/091152.530989:INFO:CONSOLE(3900)] "Uncaught SyntaxError: Invalid or unexpected token", source: file:///home/dhia/browser-fuzzer/Dissertation/logger/run_20250324_064826/round_015/mutations/mutated_0004.html (3900)
[55891:55891:0324/091153.424330:INFO:CONSOLE(3903)] "Uncaught SyntaxError: Invalid or unexpected token", source: file:///home/dhia/browser-fuzzer/Dissertation/logger/run_20250324_064826/round_015/mutations/mutated_0004.html (3903)
[55891:55891:0324/091153.435644:INFO:CONSOLE(3904)] "Uncaught SyntaxError: Invalid or unexpected token", source: file:///home/dhia/browser-fuzzer/Dissertation/logger/run_20250324_064826/round_015/mutations/mutated_0004.html (3904)
[55891:55891:0324/091153.699180:INFO:CONSOLE(3928)] "Uncaught SyntaxError: Invalid or unexpected token", source: file:///home/dhia/browser-fuzzer/Dissertation/logger/run_20250324_064826/round_015/mutations/mutated_0004.html (3928)
[55891:55891:0324/091153.722501:INFO:CONSOLE(3929)] "Uncaught SyntaxError: Invalid or unexpected token", source: file:///home/dhia/browser-fuzzer/Dissertation/logger/run_20250324_064826/round_015/mutations/mutated_0004.html (3929)
[55891:55891:0324/091153.948122:INFO:CONSOLE(3931)] "Uncaught SyntaxError: Invalid or unexpected token", source: file:///home/dhia/browser-fuzzer/Dissertation/logger/run_20250324_064826/round_015/mutations/mutated_0004.html (3931)
[55891:55891:0324/091153.959625:INFO:CONSOLE(3932)] "Uncaught SyntaxError: Invalid or unexpected token", source: file:///home/dhia/browser-fuzzer/Dissertation/logger/run_20250324_064826/round_015/mutations/mutated_0004.html (3932)
[55891:55891:0324/091153.971778:INFO:CONSOLE(3933)] "Uncaught SyntaxError: Invalid or unexpected token", source: file:///home/dhia/browser-fuzzer/Dissertation/logger/run_20250324_064826/round_015/mutations/mutated_0004.html (3933)
[55891:55891:0324/091154.184058:INFO:CONSOLE(3935)] "Uncaught SyntaxError: Invalid or unexpected token", source: file:///home/dhia/browser-fuzzer/Dissertation/logger/run_20250324_064826/round_015/mutations/mutated_0004.html (3935)
[55891:55891:0324/091154.194002:INFO:CONSOLE(3936)] "Uncaught SyntaxError: Invalid or unexpected token", source: file:///home/dhia/browser-fuzzer/Dissertation/logger/run_20250324_064826/round_015/mutations/mutated_0004.html (3936)
[55891:55891:0324/091154.446336:INFO:CONSOLE(3972)] "Uncaught SyntaxError: Invalid or unexpected token", source: file:///home/dhia/browser-fuzzer/Dissertation/logger/run_20250324_064826/round_015/mutations/mutated_0004.html (3972)
[55891:55891:0324/091154.453705:INFO:CONSOLE(3973)] "Uncaught SyntaxError: Invalid or unexpected token", source: file:///home/dhia/browser-fuzzer/Dissertation/logger/run_20250324_064826/round_015/mutations/mutated_0004.html (3973)
[55891:55891:0324/091154.765481:INFO:CONSOLE(4005)] "Uncaught SyntaxError: Invalid or unexpected token", source: file:///home/dhia/browser-fuzzer/Dissertation/logger/run_20250324_064826/round_015/mutations/mutated_0004.html (4005)
[55891:55891:0324/091154.772601:INFO:CONSOLE(4006)] "Uncaught SyntaxError: Invalid or unexpected token", source: file:///home/dhia/browser-fuzzer/Dissertation/logger/run_20250324_064826/round_015/mutations/mutated_0004.html (4006)
[55891:55891:0324/091154.785491:INFO:CONSOLE(4007)] "Uncaught SyntaxError: Invalid or unexpected token", source: file:///home/dhia/browser-fuzzer/Dissertation/logger/run_20250324_064826/round_015/mutations/mutated_0004.html (4007)
[55891:55891:0324/091155.015260:INFO:CONSOLE(4008)] "Uncaught SyntaxError: Invalid or unexpected token", source: file:///home/dhia/browser-fuzzer/Dissertation/logger/run_20250324_064826/round_015/mutations/mutated_0004.html (4008)
[55891:55891:0324/091155.026199:INFO:CONSOLE(4009)] "Uncaught SyntaxError: Invalid or unexpected token", source: file:///home/dhia/browser-fuzzer/Dissertation/logger/run_20250324_064826/round_015/mutations/mutated_0004.html (4009)
[55891:55891:0324/091155.262029:INFO:CONSOLE(4023)] "Uncaught SyntaxError: Invalid or unexpected token", source: file:///home/dhia/browser-fuzzer/Dissertation/logger/run_20250324_064826/round_015/mutations/mutated_0004.html (4023)
[55891:55891:0324/091155.606561:INFO:CONSOLE(4072)] "Uncaught SyntaxError: Invalid or unexpected token", source: file:///home/dhia/browser-fuzzer/Dissertation/logger/run_20250324_064826/round_015/mutations/mutated_0004.html (4072)
[55891:55891:0324/091155.621100:INFO:CONSOLE(4073)] "Uncaught SyntaxError: Invalid or unexpected token", source: file:///home/dhia/browser-fuzzer/Dissertation/logger/run_20250324_064826/round_015/mutations/mutated_0004.html (4073)
[55891:55891:0324/091155.931998:INFO:CONSOLE(4074)] "Uncaught SyntaxError: Invalid or unexpected token", source: file:///home/dhia/browser-fuzzer/Dissertation/logger/run_20250324_064826/round_015/mutations/mutated_0004.html (4074)
[55891:55891:0324/091155.936168:INFO:CONSOLE(4075)] "Uncaught SyntaxError: Invalid or unexpected token", source: file:///home/dhia/browser-fuzzer/Dissertation/logger/run_20250324_064826/round_015/mutations/mutated_0004.html (4075)
[55891:55891:0324/091156.158814:INFO:CONSOLE(4085)] "Uncaught SyntaxError: Invalid or unexpected token", source: file:///home/dhia/browser-fuzzer/Dissertation/logger/run_20250324_064826/round_015/mutations/mutated_0004.html (4085)
[55891:55891:0324/091156.177911:INFO:CONSOLE(4086)] "Uncaught SyntaxError: Invalid or unexpected token", source: file:///home/dhia/browser-fuzzer/Dissertation/logger/run_20250324_064826/round_015/mutations/mutated_0004.html (4086)
[55891:55891:0324/091156.182592:INFO:CONSOLE(4158)] "Uncaught SyntaxError: Invalid or unexpected token", source: file:///home/dhia/browser-fuzzer/Dissertation/logger/run_20250324_064826/round_015/mutations/mutated_0004.html (4158)
[55891:55891:0324/091157.302148:INFO:CONSOLE(4159)] "Uncaught SyntaxError: Invalid or unexpected token", source: file:///home/dhia/browser-fuzzer/Dissertation/logger/run_20250324_064826/round_015/mutations/mutated_0004.html (4159)
[55891:55891:0324/091157.312666:INFO:CONSOLE(4160)] "Uncaught SyntaxError: Invalid or unexpected token", source: file:///home/dhia/browser-fuzzer/Dissertation/logger/run_20250324_064826/round_015/mutations/mutated_0004.html (4160)
[55891:55891:0324/091157.334065:INFO:CONSOLE(4161)] "Uncaught SyntaxError: Invalid or unexpected token", source: file:///home/dhia/browser-fuzzer/Dissertation/logger/run_20250324_064826/round_015/mutations/mutated_0004.html (4161)
[55891:55891:0324/091157.550190:INFO:CONSOLE(4170)] "Uncaught SyntaxError: Invalid or unexpected token", source: file:///home/dhia/browser-fuzzer/Dissertation/logger/run_20250324_064826/round_015/mutations/mutated_0004.html (4170)
[55891:55891:0324/091157.564609:INFO:CONSOLE(4171)] "Uncaught SyntaxError: Invalid or unexpected token", source: file:///home/dhia/browser-fuzzer/Dissertation/logger/run_20250324_064826/round_015/mutations/mutated_0004.html (4171)
[55891:55891:0324/091157.797439:INFO:CONSOLE(4243)] "Uncaught SyntaxError: Invalid or unexpected token", source: file:///home/dhia/browser-fuzzer/Dissertation/logger/run_20250324_064826/round_015/mutations/mutated_0004.html (4243)
[55891:55891:0324/091157.815644:INFO:CONSOLE(4244)] "Uncaught SyntaxError: Invalid or unexpected token", source: file:///home/dhia/browser-fuzzer/Dissertation/logger/run_20250324_064826/round_015/mutations/mutated_0004.html (4244)
[55891:55891:0324/091157.819194:INFO:CONSOLE(4247)] "Uncaught SyntaxError: Invalid or unexpected token", source: file:///home/dhia/browser-fuzzer/Dissertation/logger/run_20250324_064826/round_015/mutations/mutated_0004.html (4247)
[55891:55891:0324/091159.130776:INFO:CONSOLE(4248)] "Uncaught SyntaxError: Invalid or unexpected token", source: file:///home/dhia/browser-fuzzer/Dissertation/logger/run_20250324_064826/round_015/mutations/mutated_0004.html (4248)
[55891:55891:0324/091159.456224:INFO:CONSOLE(4272)] "Uncaught SyntaxError: Invalid or unexpected token", source: file:///home/dhia/browser-fuzzer/Dissertation/logger/run_20250324_064826/round_015/mutations/mutated_0004.html (4272)
[55891:55891:0324/091159.470264:INFO:CONSOLE(4273)] "Uncaught SyntaxError: Invalid or unexpected token", source: file:///home/dhia/browser-fuzzer/Dissertation/logger/run_20250324_064826/round_015/mutations/mutated_0004.html (4273)
[55891:55891:0324/091159.821297:INFO:CONSOLE(4275)] "Uncaught SyntaxError: Invalid or unexpected token", source: file:///home/dhia/browser-fuzzer/Dissertation/logger/run_20250324_064826/round_015/mutations/mutated_0004.html (4275)
[55891:55891:0324/091159.828398:INFO:CONSOLE(4276)] "Uncaught SyntaxError: Invalid or unexpected token", source: file:///home/dhia/browser-fuzzer/Dissertation/logger/run_20250324_064826/round_015/mutations/mutated_0004.html (4276)
[55891:55891:0324/091159.836930:INFO:CONSOLE(4277)] "Uncaught SyntaxError: Invalid or unexpected token", source: file:///home/dhia/browser-fuzzer/Dissertation/logger/run_20250324_064826/round_015/mutations/mutated_0004.html (4277)
[55891:55891:0324/091200.067791:INFO:CONSOLE(4279)] "Uncaught SyntaxError: Invalid or unexpected token", source: file:///home/dhia/browser-fuzzer/Dissertation/logger/run_20250324_064826/round_015/mutations/mutated_0004.html (4279)
[55891:55891:0324/091200.078597:INFO:CONSOLE(4280)] "Uncaught SyntaxError: Invalid or unexpected token", source: file:///home/dhia/browser-fuzzer/Dissertation/logger/run_20250324_064826/round_015/mutations/mutated_0004.html (4280)
[55891:55891:0324/091200.356113:INFO:CONSOLE(4328)] "Uncaught SyntaxError: Invalid or unexpected token", source: file:///home/dhia/browser-fuzzer/Dissertation/logger/run_20250324_064826/round_015/mutations/mutated_0004.html (4328)
[55891:55891:0324/091200.363121:INFO:CONSOLE(4329)] "Uncaught SyntaxError: Invalid or unexpected token", source: file:///home/dhia/browser-fuzzer/Dissertation/logger/run_20250324_064826/round_015/mutations/mutated_0004.html (4329)
[55891:55891:0324/091200.641791:INFO:CONSOLE(4361)] "Uncaught SyntaxError: Invalid or unexpected token", source: file:///home/dhia/browser-fuzzer/Dissertation/logger/run_20250324_064826/round_015/mutations/mutated_0004.html (4361)
[55891:55891:0324/091200.646758:INFO:CONSOLE(4362)] "Uncaught SyntaxError: Invalid or unexpected token", source: file:///home/dhia/browser-fuzzer/Dissertation/logger/run_20250324_064826/round_015/mutations/mutated_0004.html (4362)
[55891:55891:0324/091200.653061:INFO:CONSOLE(4363)] "Uncaught SyntaxError: Invalid or unexpected token", source: file:///home/dhia/browser-fuzzer/Dissertation/logger/run_20250324_064826/round_015/mutations/mutated_0004.html (4363)
[55891:55891:0324/091200.882800:INFO:CONSOLE(4364)] "Uncaught SyntaxError: Invalid or unexpected token", source: file:///home/dhia/browser-fuzzer/Dissertation/logger/run_20250324_064826/round_015/mutations/mutated_0004.html (4364)
[55891:55891:0324/091200.905934:INFO:CONSOLE(4365)] "Uncaught SyntaxError: Invalid or unexpected token", source: file:///home/dhia/browser-fuzzer/Dissertation/logger/run_20250324_064826/round_015/mutations/mutated_0004.html (4365)
[55891:55891:0324/091201.148413:INFO:CONSOLE(4379)] "Uncaught SyntaxError: Invalid or unexpected token", source: file:///home/dhia/browser-fuzzer/Dissertation/logger/run_20250324_064826/round_015/mutations/mutated_0004.html (4379)
[55891:55891:0324/091201.448642:INFO:CONSOLE(4416)] "Uncaught SyntaxError: Invalid or unexpected token", source: file:///home/dhia/browser-fuzzer/Dissertation/logger/run_20250324_064826/round_015/mutations/mutated_0004.html (4416)
[55891:55891:0324/091201.457508:INFO:CONSOLE(4417)] "Uncaught SyntaxError: Invalid or unexpected token", source: file:///home/dhia/browser-fuzzer/Dissertation/logger/run_20250324_064826/round_015/mutations/mutated_0004.html (4417)
[55891:55891:0324/091201.726966:INFO:CONSOLE(4427)] "Uncaught SyntaxError: Invalid or unexpected token", source: file:///home/dhia/browser-fuzzer/Dissertation/logger/run_20250324_064826/round_015/mutations/mutated_0004.html (4427)
[55891:55891:0324/091201.731507:INFO:CONSOLE(4428)] "Uncaught SyntaxError: Invalid or unexpected token", source: file:///home/dhia/browser-fuzzer/Dissertation/logger/run_20250324_064826/round_015/mutations/mutated_0004.html (4428)
[55891:55891:0324/091201.740152:INFO:CONSOLE(4500)] "Uncaught SyntaxError: Invalid or unexpected token", source: file:///home/dhia/browser-fuzzer/Dissertation/logger/run_20250324_064826/round_015/mutations/mutated_0004.html (4500)
[55891:55891:0324/091202.709089:INFO:CONSOLE(4501)] "Uncaught SyntaxError: Invalid or unexpected token", source: file:///home/dhia/browser-fuzzer/Dissertation/logger/run_20250324_064826/round_015/mutations/mutated_0004.html (4501)
[55891:55891:0324/091202.721430:INFO:CONSOLE(4502)] "Uncaught SyntaxError: Invalid or unexpected token", source: file:///home/dhia/browser-fuzzer/Dissertation/logger/run_20250324_064826/round_015/mutations/mutated_0004.html (4502)
[55891:55891:0324/091202.730206:INFO:CONSOLE(4503)] "Uncaught SyntaxError: Invalid or unexpected token", source: file:///home/dhia/browser-fuzzer/Dissertation/logger/run_20250324_064826/round_015/mutations/mutated_0004.html (4503)
[55891:55891:0324/091203.033114:INFO:CONSOLE(4522)] "Uncaught SyntaxError: Invalid or unexpected token", source: file:///home/dhia/browser-fuzzer/Dissertation/logger/run_20250324_064826/round_015/mutations/mutated_0004.html (4522)
[55891:55891:0324/091203.042103:INFO:CONSOLE(4523)] "Uncaught SyntaxError: Invalid or unexpected token", source: file:///home/dhia/browser-fuzzer/Dissertation/logger/run_20250324_064826/round_015/mutations/mutated_0004.html (4523)
[55891:55891:0324/091204.176840:INFO:CONSOLE(4595)] "Uncaught SyntaxError: Invalid or unexpected token", source: file:///home/dhia/browser-fuzzer/Dissertation/logger/run_20250324_064826/round_015/mutations/mutated_0004.html (4595)
[55891:55891:0324/091204.184835:INFO:CONSOLE(4596)] "Uncaught SyntaxError: Invalid or unexpected token", source: file:///home/dhia/browser-fuzzer/Dissertation/logger/run_20250324_064826/round_015/mutations/mutated_0004.html (4596)
[55891:55891:0324/091204.194378:INFO:CONSOLE(4599)] "Uncaught SyntaxError: Invalid or unexpected token", source: file:///home/dhia/browser-fuzzer/Dissertation/logger/run_20250324_064826/round_015/mutations/mutated_0004.html (4599)
[55891:55891:0324/091204.494573:INFO:CONSOLE(4600)] "Uncaught SyntaxError: Invalid or unexpected token", source: file:///home/dhia/browser-fuzzer/Dissertation/logger/run_20250324_064826/round_015/mutations/mutated_0004.html (4600)
[55891:55891:0324/091204.780237:INFO:CONSOLE(4624)] "Uncaught SyntaxError: Invalid or unexpected token", source: file:///home/dhia/browser-fuzzer/Dissertation/logger/run_20250324_064826/round_015/mutations/mutated_0004.html (4624)
[55891:55891:0324/091204.791699:INFO:CONSOLE(4625)] "Uncaught SyntaxError: Invalid or unexpected token", source: file:///home/dhia/browser-fuzzer/Dissertation/logger/run_20250324_064826/round_015/mutations/mutated_0004.html (4625)
[55891:55891:0324/091204.798955:INFO:CONSOLE(4627)] "Uncaught SyntaxError: Invalid or unexpected token", source: file:///home/dhia/browser-fuzzer/Dissertation/logger/run_20250324_064826/round_015/mutations/mutated_0004.html (4627)
[55891:55891:0324/091205.035872:INFO:CONSOLE(4628)] "Uncaught SyntaxError: Invalid or unexpected token", source: file:///home/dhia/browser-fuzzer/Dissertation/logger/run_20250324_064826/round_015/mutations/mutated_0004.html (4628)
[55891:55891:0324/091205.047008:INFO:CONSOLE(4629)] "Uncaught SyntaxError: Invalid or unexpected token", source: file:///home/dhia/browser-fuzzer/Dissertation/logger/run_20250324_064826/round_015/mutations/mutated_0004.html (4629)
[55891:55891:0324/091205.067019:INFO:CONSOLE(4631)] "Uncaught SyntaxError: Invalid or unexpected token", source: file:///home/dhia/browser-fuzzer/Dissertation/logger/run_20250324_064826/round_015/mutations/mutated_0004.html (4631)
[55891:55891:0324/091205.280703:INFO:CONSOLE(4632)] "Uncaught SyntaxError: Invalid or unexpected token", source: file:///home/dhia/browser-fuzzer/Dissertation/logger/run_20250324_064826/round_015/mutations/mutated_0004.html (4632)
[55891:55891:0324/091205.576753:INFO:CONSOLE(4666)] "Uncaught SyntaxError: Invalid or unexpected token", source: file:///home/dhia/browser-fuzzer/Dissertation/logger/run_20250324_064826/round_015/mutations/mutated_0004.html (4666)
[55891:55891:0324/091205.588764:INFO:CONSOLE(4667)] "Uncaught SyntaxError: Invalid or unexpected token", source: file:///home/dhia/browser-fuzzer/Dissertation/logger/run_20250324_064826/round_015/mutations/mutated_0004.html (4667)
[55891:55891:0324/091205.929078:INFO:CONSOLE(4689)] "Uncaught SyntaxError: Invalid or unexpected token", source: file:///home/dhia/browser-fuzzer/Dissertation/logger/run_20250324_064826/round_015/mutations/mutated_0004.html (4689)
[55891:55891:0324/091205.935398:INFO:CONSOLE(4690)] "Uncaught SyntaxError: Invalid or unexpected token", source: file:///home/dhia/browser-fuzzer/Dissertation/logger/run_20250324_064826/round_015/mutations/mutated_0004.html (4690)
[55891:55891:0324/091205.941309:INFO:CONSOLE(4691)] "Uncaught SyntaxError: Invalid or unexpected token", source: file:///home/dhia/browser-fuzzer/Dissertation/logger/run_20250324_064826/round_015/mutations/mutated_0004.html (4691)
[55891:55891:0324/091206.191966:INFO:CONSOLE(4692)] "Uncaught SyntaxError: Invalid or unexpected token", source: file:///home/dhia/browser-fuzzer/Dissertation/logger/run_20250324_064826/round_015/mutations/mutated_0004.html (4692)
[55891:55891:0324/091206.199742:INFO:CONSOLE(4693)] "Uncaught SyntaxError: Invalid or unexpected token", source: file:///home/dhia/browser-fuzzer/Dissertation/logger/run_20250324_064826/round_015/mutations/mutated_0004.html (4693)
[55891:55891:0324/091206.521371:INFO:CONSOLE(4707)] "Uncaught SyntaxError: Invalid or unexpected token", source: file:///home/dhia/browser-fuzzer/Dissertation/logger/run_20250324_064826/round_015/mutations/mutated_0004.html (4707)
[55891:55891:0324/091206.827834:INFO:CONSOLE(4732)] "Uncaught SyntaxError: Invalid or unexpected token", source: file:///home/dhia/browser-fuzzer/Dissertation/logger/run_20250324_064826/round_015/mutations/mutated_0004.html (4732)
[55891:55891:0324/091206.848128:INFO:CONSOLE(4733)] "Uncaught SyntaxError: Invalid or unexpected token", source: file:///home/dhia/browser-fuzzer/Dissertation/logger/run_20250324_064826/round_015/mutations/mutated_0004.html (4733)
[55891:55891:0324/091206.858514:INFO:CONSOLE(4734)] "Uncaught SyntaxError: Invalid or unexpected token", source: file:///home/dhia/browser-fuzzer/Dissertation/logger/run_20250324_064826/round_015/mutations/mutated_0004.html (4734)
[55891:55891:0324/091207.079376:INFO:CONSOLE(4744)] "Uncaught SyntaxError: Invalid or unexpected token", source: file:///home/dhia/browser-fuzzer/Dissertation/logger/run_20250324_064826/round_015/mutations/mutated_0004.html (4744)
[55891:55891:0324/091207.091795:INFO:CONSOLE(4745)] "Uncaught SyntaxError: Invalid or unexpected token", source: file:///home/dhia/browser-fuzzer/Dissertation/logger/run_20250324_064826/round_015/mutations/mutated_0004.html (4745)
[55891:55891:0324/091207.103938:INFO:CONSOLE(4817)] "Uncaught SyntaxError: Invalid or unexpected token", source: file:///home/dhia/browser-fuzzer/Dissertation/logger/run_20250324_064826/round_015/mutations/mutated_0004.html (4817)
[55891:55891:0324/091208.390796:INFO:CONSOLE(4818)] "Uncaught SyntaxError: Invalid or unexpected token", source: file:///home/dhia/browser-fuzzer/Dissertation/logger/run_20250324_064826/round_015/mutations/mutated_0004.html (4818)
[55891:55891:0324/091208.411134:INFO:CONSOLE(4819)] "Uncaught SyntaxError: Invalid or unexpected token", source: file:///home/dhia/browser-fuzzer/Dissertation/logger/run_20250324_064826/round_015/mutations/mutated_0004.html (4819)
[55891:55891:0324/091208.415092:INFO:CONSOLE(4820)] "Uncaught SyntaxError: Invalid or unexpected token", source: file:///home/dhia/browser-fuzzer/Dissertation/logger/run_20250324_064826/round_015/mutations/mutated_0004.html (4820)
[55891:55891:0324/091208.659372:INFO:CONSOLE(4839)] "Uncaught SyntaxError: Invalid or unexpected token", source: file:///home/dhia/browser-fuzzer/Dissertation/logger/run_20250324_064826/round_015/mutations/mutated_0004.html (4839)
[55891:55891:0324/091208.665942:INFO:CONSOLE(4840)] "Uncaught SyntaxError: Invalid or unexpected token", source: file:///home/dhia/browser-fuzzer/Dissertation/logger/run_20250324_064826/round_015/mutations/mutated_0004.html (4840)
[55891:55891:0324/091208.682693:INFO:CONSOLE(4912)] "Uncaught SyntaxError: Invalid or unexpected token", source: file:///home/dhia/browser-fuzzer/Dissertation/logger/run_20250324_064826/round_015/mutations/mutated_0004.html (4912)
[55891:55891:0324/091209.878048:INFO:CONSOLE(4913)] "Uncaught SyntaxError: Invalid or unexpected token", source: file:///home/dhia/browser-fuzzer/Dissertation/logger/run_20250324_064826/round_015/mutations/mutated_0004.html (4913)
[55891:55891:0324/091209.889177:INFO:CONSOLE(4916)] "Uncaught SyntaxError: Invalid or unexpected token", source: file:///home/dhia/browser-fuzzer/Dissertation/logger/run_20250324_064826/round_015/mutations/mutated_0004.html (4916)
[55891:55891:0324/091209.907980:INFO:CONSOLE(4917)] "Uncaught SyntaxError: Invalid or unexpected token", source: file:///home/dhia/browser-fuzzer/Dissertation/logger/run_20250324_064826/round_015/mutations/mutated_0004.html (4917)
[55891:55891:0324/091210.140023:INFO:CONSOLE(4941)] "Uncaught SyntaxError: Invalid or unexpected token", source: file:///home/dhia/browser-fuzzer/Dissertation/logger/run_20250324_064826/round_015/mutations/mutated_0004.html (4941)
[55891:55891:0324/091210.156398:INFO:CONSOLE(4942)] "Uncaught SyntaxError: Invalid or unexpected token", source: file:///home/dhia/browser-fuzzer/Dissertation/logger/run_20250324_064826/round_015/mutations/mutated_0004.html (4942)
[55891:55891:0324/091210.165100:INFO:CONSOLE(4944)] "Uncaught SyntaxError: Invalid or unexpected token", source: file:///home/dhia/browser-fuzzer/Dissertation/logger/run_20250324_064826/round_015/mutations/mutated_0004.html (4944)
[55891:55891:0324/091210.445639:INFO:CONSOLE(4945)] "Uncaught SyntaxError: Invalid or unexpected token", source: file:///home/dhia/browser-fuzzer/Dissertation/logger/run_20250324_064826/round_015/mutations/mutated_0004.html (4945)
[55891:55891:0324/091210.462527:INFO:CONSOLE(4955)] "Uncaught SyntaxError: Invalid or unexpected token", source: file:///home/dhia/browser-fuzzer/Dissertation/logger/run_20250324_064826/round_015/mutations/mutated_0004.html (4955)
[55891:55891:0324/091210.742015:INFO:CONSOLE(4956)] "Uncaught SyntaxError: Invalid or unexpected token", source: file:///home/dhia/browser-fuzzer/Dissertation/logger/run_20250324_064826/round_015/mutations/mutated_0004.html (4956)
[55891:55891:0324/091210.764860:INFO:CONSOLE(5028)] "Uncaught SyntaxError: Invalid or unexpected token", source: file:///home/dhia/browser-fuzzer/Dissertation/logger/run_20250324_064826/round_015/mutations/mutated_0004.html (5028)
[55891:55891:0324/091212.310746:INFO:CONSOLE(5029)] "Uncaught SyntaxError: Invalid or unexpected token", source: file:///home/dhia/browser-fuzzer/Dissertation/logger/run_20250324_064826/round_015/mutations/mutated_0004.html (5029)
[55891:55891:0324/091212.331098:INFO:CONSOLE(5030)] "Uncaught SyntaxError: Invalid or unexpected token", source: file:///home/dhia/browser-fuzzer/Dissertation/logger/run_20250324_064826/round_015/mutations/mutated_0004.html (5030)
[55891:55891:0324/091212.681332:INFO:CONSOLE(5031)] "Uncaught SyntaxError: Invalid or unexpected token", source: file:///home/dhia/browser-fuzzer/Dissertation/logger/run_20250324_064826/round_015/mutations/mutated_0004.html (5031)
[55891:55891:0324/091212.685650:INFO:CONSOLE(5050)] "Uncaught SyntaxError: Invalid or unexpected token", source: file:///home/dhia/browser-fuzzer/Dissertation/logger/run_20250324_064826/round_015/mutations/mutated_0004.html (5050)
[55891:55891:0324/091212.976246:INFO:CONSOLE(5051)] "Uncaught SyntaxError: Invalid or unexpected token", source: file:///home/dhia/browser-fuzzer/Dissertation/logger/run_20250324_064826/round_015/mutations/mutated_0004.html (5051)
[55891:55891:0324/091212.987210:INFO:CONSOLE(5123)] "Uncaught SyntaxError: Invalid or unexpected token", source: file:///home/dhia/browser-fuzzer/Dissertation/logger/run_20250324_064826/round_015/mutations/mutated_0004.html (5123)
[55891:55891:0324/091213.014321:INFO:CONSOLE(5124)] "Uncaught SyntaxError: Invalid or unexpected token", source: file:///home/dhia/browser-fuzzer/Dissertation/logger/run_20250324_064826/round_015/mutations/mutated_0004.html (5124)
[55891:55891:0324/091214.445845:INFO:CONSOLE(5127)] "Uncaught SyntaxError: Invalid or unexpected token", source: file:///home/dhia/browser-fuzzer/Dissertation/logger/run_20250324_064826/round_015/mutations/mutated_0004.html (5127)
[55891:55891:0324/091214.455558:INFO:CONSOLE(5128)] "Uncaught SyntaxError: Invalid or unexpected token", source: file:///home/dhia/browser-fuzzer/Dissertation/logger/run_20250324_064826/round_015/mutations/mutated_0004.html (5128)
[55891:55891:0324/091214.725109:INFO:CONSOLE(5152)] "Uncaught SyntaxError: Invalid or unexpected token", source: file:///home/dhia/browser-fuzzer/Dissertation/logger/run_20250324_064826/round_015/mutations/mutated_0004.html (5152)
[55891:55891:0324/091214.731855:INFO:CONSOLE(5153)] "Uncaught SyntaxError: Invalid or unexpected token", source: file:///home/dhia/browser-fuzzer/Dissertation/logger/run_20250324_064826/round_015/mutations/mutated_0004.html (5153)
[55891:55891:0324/091215.017577:INFO:CONSOLE(5155)] "Uncaught SyntaxError: Invalid or unexpected token", source: file:///home/dhia/browser-fuzzer/Dissertation/logger/run_20250324_064826/round_015/mutations/mutated_0004.html (5155)
[55891:55891:0324/091215.030206:INFO:CONSOLE(5156)] "Uncaught SyntaxError: Invalid or unexpected token", source: file:///home/dhia/browser-fuzzer/Dissertation/logger/run_20250324_064826/round_015/mutations/mutated_0004.html (5156)
[55891:55891:0324/091215.285266:INFO:CONSOLE(5166)] "Uncaught SyntaxError: Invalid or unexpected token", source: file:///home/dhia/browser-fuzzer/Dissertation/logger/run_20250324_064826/round_015/mutations/mutated_0004.html (5166)
[55891:55891:0324/091215.293069:INFO:CONSOLE(5167)] "Uncaught SyntaxError: Invalid or unexpected token", source: file:///home/dhia/browser-fuzzer/Dissertation/logger/run_20250324_064826/round_015/mutations/mutated_0004.html (5167)
[55891:55891:0324/091215.314425:INFO:CONSOLE(5239)] "Uncaught SyntaxError: Invalid or unexpected token", source: file:///home/dhia/browser-fuzzer/Dissertation/logger/run_20250324_064826/round_015/mutations/mutated_0004.html (5239)
[55891:55891:0324/091216.809626:INFO:CONSOLE(5240)] "Uncaught SyntaxError: Invalid or unexpected token", source: file:///home/dhia/browser-fuzzer/Dissertation/logger/run_20250324_064826/round_015/mutations/mutated_0004.html (5240)
[55891:55891:0324/091216.821285:INFO:CONSOLE(5241)] "Uncaught SyntaxError: Invalid or unexpected token", source: file:///home/dhia/browser-fuzzer/Dissertation/logger/run_20250324_064826/round_015/mutations/mutated_0004.html (5241)
[55891:55891:0324/091216.832833:INFO:CONSOLE(5242)] "Uncaught SyntaxError: Invalid or unexpected token", source: file:///home/dhia/browser-fuzzer/Dissertation/logger/run_20250324_064826/round_015/mutations/mutated_0004.html (5242)
[55891:55891:0324/091217.120354:INFO:CONSOLE(5251)] "Uncaught SyntaxError: Invalid or unexpected token", source: file:///home/dhia/browser-fuzzer/Dissertation/logger/run_20250324_064826/round_015/mutations/mutated_0004.html (5251)
[55891:55891:0324/091217.136195:INFO:CONSOLE(5252)] "Uncaught SyntaxError: Invalid or unexpected token", source: file:///home/dhia/browser-fuzzer/Dissertation/logger/run_20250324_064826/round_015/mutations/mutated_0004.html (5252)
[55891:55891:0324/091217.455513:INFO:CONSOLE(5324)] "Uncaught SyntaxError: Invalid or unexpected token", source: file:///home/dhia/browser-fuzzer/Dissertation/logger/run_20250324_064826/round_015/mutations/mutated_0004.html (5324)
[55891:55891:0324/091217.463875:INFO:CONSOLE(5325)] "Uncaught SyntaxError: Invalid or unexpected token", source: file:///home/dhia/browser-fuzzer/Dissertation/logger/run_20250324_064826/round_015/mutations/mutated_0004.html (5325)
[55891:55891:0324/091217.476712:INFO:CONSOLE(5328)] "Uncaught SyntaxError: Invalid or unexpected token", source: file:///home/dhia/browser-fuzzer/Dissertation/logger/run_20250324_064826/round_015/mutations/mutated_0004.html (5328)
[55891:55891:0324/091218.952322:INFO:CONSOLE(5329)] "Uncaught SyntaxError: Invalid or unexpected token", source: file:///home/dhia/browser-fuzzer/Dissertation/logger/run_20250324_064826/round_015/mutations/mutated_0004.html (5329)
[55891:55891:0324/091219.245902:INFO:CONSOLE(5353)] "Uncaught SyntaxError: Invalid or unexpected token", source: file:///home/dhia/browser-fuzzer/Dissertation/logger/run_20250324_064826/round_015/mutations/mutated_0004.html (5353)
[55891:55891:0324/091219.259645:INFO:CONSOLE(5354)] "Uncaught SyntaxError: Invalid or unexpected token", source: file:///home/dhia/browser-fuzzer/Dissertation/logger/run_20250324_064826/round_015/mutations/mutated_0004.html (5354)
[55891:55891:0324/091219.263421:INFO:CONSOLE(5356)] "Uncaught SyntaxError: Invalid or unexpected token", source: file:///home/dhia/browser-fuzzer/Dissertation/logger/run_20250324_064826/round_015/mutations/mutated_0004.html (5356)
[55891:55891:0324/091219.543114:INFO:CONSOLE(5357)] "Uncaught SyntaxError: Invalid or unexpected token", source: file:///home/dhia/browser-fuzzer/Dissertation/logger/run_20250324_064826/round_015/mutations/mutated_0004.html (5357)
[55891:55891:0324/091219.547199:INFO:CONSOLE(5359)] "Uncaught SyntaxError: Invalid or unexpected token", source: file:///home/dhia/browser-fuzzer/Dissertation/logger/run_20250324_064826/round_015/mutations/mutated_0004.html (5359)
[55891:55891:0324/091219.555320:INFO:CONSOLE(5360)] "Uncaught SyntaxError: Invalid or unexpected token", source: file:///home/dhia/browser-fuzzer/Dissertation/logger/run_20250324_064826/round_015/mutations/mutated_0004.html (5360)
[55891:55891:0324/091219.815007:INFO:CONSOLE(5384)] "Uncaught SyntaxError: Invalid or unexpected token", source: file:///home/dhia/browser-fuzzer/Dissertation/logger/run_20250324_064826/round_015/mutations/mutated_0004.html (5384)
[55891:55891:0324/091219.822363:INFO:CONSOLE(5385)] "Uncaught SyntaxError: Invalid or unexpected token", source: file:///home/dhia/browser-fuzzer/Dissertation/logger/run_20250324_064826/round_015/mutations/mutated_0004.html (5385)
[55891:55891:0324/091219.828481:INFO:CONSOLE(5386)] "Uncaught SyntaxError: Invalid or unexpected token", source: file:///home/dhia/browser-fuzzer/Dissertation/logger/run_20250324_064826/round_015/mutations/mutated_0004.html (5386)
[55891:55891:0324/091220.109691:INFO:CONSOLE(5388)] "Uncaught SyntaxError: Invalid or unexpected token", source: file:///home/dhia/browser-fuzzer/Dissertation/logger/run_20250324_064826/round_015/mutations/mutated_0004.html (5388)
[55891:55891:0324/091220.124793:INFO:CONSOLE(5389)] "Uncaught SyntaxError: Invalid or unexpected token", source: file:///home/dhia/browser-fuzzer/Dissertation/logger/run_20250324_064826/round_015/mutations/mutated_0004.html (5389)
[55891:55891:0324/091220.377803:INFO:CONSOLE(5413)] "Uncaught SyntaxError: Invalid or unexpected token", source: file:///home/dhia/browser-fuzzer/Dissertation/logger/run_20250324_064826/round_015/mutations/mutated_0004.html (5413)
[55891:55891:0324/091220.393611:INFO:CONSOLE(5414)] "Uncaught SyntaxError: Invalid or unexpected token", source: file:///home/dhia/browser-fuzzer/Dissertation/logger/run_20250324_064826/round_015/mutations/mutated_0004.html (5414)
[55891:55891:0324/091220.626326:INFO:CONSOLE(5416)] "Uncaught SyntaxError: Invalid or unexpected token", source: file:///home/dhia/browser-fuzzer/Dissertation/logger/run_20250324_064826/round_015/mutations/mutated_0004.html (5416)
[55891:55891:0324/091220.645725:INFO:CONSOLE(5417)] "Uncaught SyntaxError: Invalid or unexpected token", source: file:///home/dhia/browser-fuzzer/Dissertation/logger/run_20250324_064826/round_015/mutations/mutated_0004.html (5417)
[55891:55891:0324/091220.888770:INFO:CONSOLE(5441)] "Uncaught SyntaxError: Invalid or unexpected token", source: file:///home/dhia/browser-fuzzer/Dissertation/logger/run_20250324_064826/round_015/mutations/mutated_0004.html (5441)
[55891:55891:0324/091220.904110:INFO:CONSOLE(5442)] "Uncaught SyntaxError: Invalid or unexpected token", source: file:///home/dhia/browser-fuzzer/Dissertation/logger/run_20250324_064826/round_015/mutations/mutated_0004.html (5442)
[55891:55891:0324/091220.910057:INFO:CONSOLE(5444)] "Uncaught SyntaxError: Invalid or unexpected token", source: file:///home/dhia/browser-fuzzer/Dissertation/logger/run_20250324_064826/round_015/mutations/mutated_0004.html (5444)
[55891:55891:0324/091221.731823:ERROR:background_mode_manager_aura.cc(12)] Not implemented reached in virtual void BackgroundModeManager::EnableLaunchOnStartup(bool)
[55891:55891:0324/091221.977263:ERROR:kill_posix.cc(33)] waitpid(55961): No child processes (10)
[55891:55921:0324/091221.988304:WARNING:discardable_shared_memory_manager.cc(452)] Some MojoDiscardableSharedMemoryManagerImpls are still alive. They will be leaked.
