[108328:108328:0324/124154.557485:ERROR:cursor_factory.cc(96)] Not implemented reached in virtual void ui::CursorFactory::ObserveThemeChanges()
[108328:108328:0324/124155.200083:WARNING:account_consistency_mode_manager.cc(72)] Desktop Identity Consistency cannot be enabled as no OAuth client ID and client secret have been configured.
[108402:108402:0324/124155.267577:WARNING:sandbox_linux.cc(415)] InitializeSandbox() called with multiple threads in process gpu-process.
[108402:108402:0324/124155.285292:WARNING:viz_main_impl.cc(85)] VizNullHypothesis is disabled (not a warning)
[108401:108401:0324/124155.362016:WARNING:sandbox_linux.cc(415)] InitializeSandbox() called with multiple threads in process gpu-process.
[108401:108401:0324/124155.399747:WARNING:viz_main_impl.cc(85)] VizNullHypothesis is disabled (not a warning)
[108328:108328:0324/124156.961178:ERROR:platform_screen.cc(45)] Not implemented reached in virtual bool ui::PlatformScreen::IsScreenSaverActive() const
[108328:108328:0324/124156.961311:ERROR:platform_screen.cc(50)] Not implemented reached in virtual base::TimeDelta ui::PlatformScreen::CalculateIdleTime() const
[108328:108328:0324/124156.966847:WARNING:compose_enabling.cc(64)] Couldn't get country info.
[108328:108328:0324/124214.602409:INFO:CONSOLE(51)] "Uncaught SyntaxError: Invalid or unexpected token", source: file:///home/dhia/browser-fuzzer/Dissertation/logger/run_20250324_064826/round_036/mutations/mutated_0004.html (51)
[108328:108328:0324/124215.102573:INFO:CONSOLE(60)] "Uncaught SyntaxError: Invalid or unexpected token", source: file:///home/dhia/browser-fuzzer/Dissertation/logger/run_20250324_064826/round_036/mutations/mutated_0004.html (60)
[108328:108328:0324/124215.377080:INFO:CONSOLE(61)] "Uncaught SyntaxError: Invalid or unexpected token", source: file:///home/dhia/browser-fuzzer/Dissertation/logger/run_20250324_064826/round_036/mutations/mutated_0004.html (61)
[108328:108328:0324/124215.638508:INFO:CONSOLE(62)] "Uncaught SyntaxError: Invalid or unexpected token", source: file:///home/dhia/browser-fuzzer/Dissertation/logger/run_20250324_064826/round_036/mutations/mutated_0004.html (62)
[108328:108328:0324/124215.644342:INFO:CONSOLE(63)] "Uncaught SyntaxError: Invalid or unexpected token", source: file:///home/dhia/browser-fuzzer/Dissertation/logger/run_20250324_064826/round_036/mutations/mutated_0004.html (63)
[108328:108328:0324/124215.911767:INFO:CONSOLE(64)] "Uncaught SyntaxError: Invalid or unexpected token", source: file:///home/dhia/browser-fuzzer/Dissertation/logger/run_20250324_064826/round_036/mutations/mutated_0004.html (64)
[108328:108328:0324/124229.907663:INFO:CONSOLE(75)] "Uncaught SyntaxError: Invalid or unexpected token", source: file:///home/dhia/browser-fuzzer/Dissertation/logger/run_20250324_064826/round_036/mutations/mutated_0004.html (75)
[108328:108328:0324/124229.933483:INFO:CONSOLE(76)] "Uncaught SyntaxError: Invalid or unexpected token", source: file:///home/dhia/browser-fuzzer/Dissertation/logger/run_20250324_064826/round_036/mutations/mutated_0004.html (76)
[108328:108328:0324/124230.026985:INFO:CONSOLE(139)] "Uncaught SyntaxError: Invalid or unexpected token", source: file:///home/dhia/browser-fuzzer/Dissertation/logger/run_20250324_064826/round_036/mutations/mutated_0004.html (139)
[108328:108328:0324/124230.036492:INFO:CONSOLE(140)] "Uncaught SyntaxError: Invalid or unexpected token", source: file:///home/dhia/browser-fuzzer/Dissertation/logger/run_20250324_064826/round_036/mutations/mutated_0004.html (140)
[108328:108328:0324/124230.092091:INFO:CONSOLE(149)] "Uncaught SyntaxError: Unexpected end of input", source: file:///home/dhia/browser-fuzzer/Dissertation/logger/run_20250324_064826/round_036/mutations/mutated_0004.html (149)
[108328:108328:0324/124230.102587:INFO:CONSOLE(152)] "Uncaught SyntaxError: Invalid or unexpected token", source: file:///home/dhia/browser-fuzzer/Dissertation/logger/run_20250324_064826/round_036/mutations/mutated_0004.html (152)
[108328:108328:0324/124230.135209:INFO:CONSOLE(153)] "Uncaught SyntaxError: Invalid or unexpected token", source: file:///home/dhia/browser-fuzzer/Dissertation/logger/run_20250324_064826/round_036/mutations/mutated_0004.html (153)
[108328:108328:0324/124230.140003:INFO:CONSOLE(154)] "Uncaught SyntaxError: Invalid or unexpected token", source: file:///home/dhia/browser-fuzzer/Dissertation/logger/run_20250324_064826/round_036/mutations/mutated_0004.html (154)
[108328:108328:0324/124230.144504:INFO:CONSOLE(155)] "Uncaught SyntaxError: Invalid or unexpected token", source: file:///home/dhia/browser-fuzzer/Dissertation/logger/run_20250324_064826/round_036/mutations/mutated_0004.html (155)
[108328:108328:0324/124230.157511:INFO:CONSOLE(224)] "Uncaught SyntaxError: Unexpected end of input", source: file:///home/dhia/browser-fuzzer/Dissertation/logger/run_20250324_064826/round_036/mutations/mutated_0004.html (224)
[108328:108328:0324/124230.162039:INFO:CONSOLE(225)] "Uncaught SyntaxError: Unexpected end of input", source: file:///home/dhia/browser-fuzzer/Dissertation/logger/run_20250324_064826/round_036/mutations/mutated_0004.html (225)
[108328:108328:0324/124230.312303:INFO:CONSOLE(295)] "Uncaught SyntaxError: Unexpected end of input", source: file:///home/dhia/browser-fuzzer/Dissertation/logger/run_20250324_064826/round_036/mutations/mutated_0004.html (295)
[108328:108328:0324/124230.327283:INFO:CONSOLE(297)] "Uncaught SyntaxError: Invalid or unexpected token", source: file:///home/dhia/browser-fuzzer/Dissertation/logger/run_20250324_064826/round_036/mutations/mutated_0004.html (297)
[108328:108328:0324/124230.637892:INFO:CONSOLE(310)] "Uncaught SyntaxError: Invalid or unexpected token", source: file:///home/dhia/browser-fuzzer/Dissertation/logger/run_20250324_064826/round_036/mutations/mutated_0004.html (310)
[108328:108328:0324/124230.660308:INFO:CONSOLE(311)] "Uncaught SyntaxError: Invalid or unexpected token", source: file:///home/dhia/browser-fuzzer/Dissertation/logger/run_20250324_064826/round_036/mutations/mutated_0004.html (311)
[108328:108328:0324/124230.819003:INFO:CONSOLE(312)] "Uncaught SyntaxError: Invalid or unexpected token", source: file:///home/dhia/browser-fuzzer/Dissertation/logger/run_20250324_064826/round_036/mutations/mutated_0004.html (312)
[108328:108328:0324/124230.825556:INFO:CONSOLE(313)] "Uncaught SyntaxError: Invalid or unexpected token", source: file:///home/dhia/browser-fuzzer/Dissertation/logger/run_20250324_064826/round_036/mutations/mutated_0004.html (313)
[108328:108328:0324/124231.019667:INFO:CONSOLE(331)] "Uncaught SyntaxError: Invalid or unexpected token", source: file:///home/dhia/browser-fuzzer/Dissertation/logger/run_20250324_064826/round_036/mutations/mutated_0004.html (331)
[108328:108328:0324/124231.386222:INFO:CONSOLE(341)] "Uncaught SyntaxError: Invalid or unexpected token", source: file:///home/dhia/browser-fuzzer/Dissertation/logger/run_20250324_064826/round_036/mutations/mutated_0004.html (341)
[108328:108328:0324/124231.402444:INFO:CONSOLE(342)] "Uncaught SyntaxError: Invalid or unexpected token", source: file:///home/dhia/browser-fuzzer/Dissertation/logger/run_20250324_064826/round_036/mutations/mutated_0004.html (342)
[108328:108328:0324/124231.409330:INFO:CONSOLE(343)] "Uncaught SyntaxError: Invalid or unexpected token", source: file:///home/dhia/browser-fuzzer/Dissertation/logger/run_20250324_064826/round_036/mutations/mutated_0004.html (343)
[108328:108328:0324/124231.555300:INFO:CONSOLE(344)] "Uncaught SyntaxError: Invalid or unexpected token", source: file:///home/dhia/browser-fuzzer/Dissertation/logger/run_20250324_064826/round_036/mutations/mutated_0004.html (344)
[108328:108328:0324/124231.577426:INFO:CONSOLE(346)] "Uncaught SyntaxError: Invalid or unexpected token", source: file:///home/dhia/browser-fuzzer/Dissertation/logger/run_20250324_064826/round_036/mutations/mutated_0004.html (346)
[108328:108328:0324/124231.753770:INFO:CONSOLE(347)] "Uncaught SyntaxError: Invalid or unexpected token", source: file:///home/dhia/browser-fuzzer/Dissertation/logger/run_20250324_064826/round_036/mutations/mutated_0004.html (347)
[108328:108328:0324/124231.791161:INFO:CONSOLE(356)] "Uncaught SyntaxError: Invalid or unexpected token", source: file:///home/dhia/browser-fuzzer/Dissertation/logger/run_20250324_064826/round_036/mutations/mutated_0004.html (356)
[108328:108328:0324/124231.896405:INFO:CONSOLE(357)] "Uncaught SyntaxError: Invalid or unexpected token", source: file:///home/dhia/browser-fuzzer/Dissertation/logger/run_20250324_064826/round_036/mutations/mutated_0004.html (357)
[108328:108328:0324/124232.562016:INFO:CONSOLE(394)] "Uncaught SyntaxError: Invalid or unexpected token", source: file:///home/dhia/browser-fuzzer/Dissertation/logger/run_20250324_064826/round_036/mutations/mutated_0004.html (394)
[108328:108328:0324/124232.583074:INFO:CONSOLE(395)] "Uncaught SyntaxError: Invalid or unexpected token", source: file:///home/dhia/browser-fuzzer/Dissertation/logger/run_20250324_064826/round_036/mutations/mutated_0004.html (395)
[108328:108328:0324/124232.835059:INFO:CONSOLE(397)] "Uncaught SyntaxError: Invalid or unexpected token", source: file:///home/dhia/browser-fuzzer/Dissertation/logger/run_20250324_064826/round_036/mutations/mutated_0004.html (397)
[108328:108328:0324/124232.843571:INFO:CONSOLE(398)] "Uncaught SyntaxError: Invalid or unexpected token", source: file:///home/dhia/browser-fuzzer/Dissertation/logger/run_20250324_064826/round_036/mutations/mutated_0004.html (398)
[108328:108328:0324/124233.011587:INFO:CONSOLE(405)] "Uncaught SyntaxError: Invalid or unexpected token", source: file:///home/dhia/browser-fuzzer/Dissertation/logger/run_20250324_064826/round_036/mutations/mutated_0004.html (405)
[108328:108328:0324/124233.023811:INFO:CONSOLE(406)] "Uncaught SyntaxError: Invalid or unexpected token", source: file:///home/dhia/browser-fuzzer/Dissertation/logger/run_20250324_064826/round_036/mutations/mutated_0004.html (406)
[108328:108328:0324/124233.256000:INFO:CONSOLE(407)] "Uncaught SyntaxError: Invalid or unexpected token", source: file:///home/dhia/browser-fuzzer/Dissertation/logger/run_20250324_064826/round_036/mutations/mutated_0004.html (407)
[108328:108328:0324/124233.279223:INFO:CONSOLE(408)] "Uncaught SyntaxError: Invalid or unexpected token", source: file:///home/dhia/browser-fuzzer/Dissertation/logger/run_20250324_064826/round_036/mutations/mutated_0004.html (408)
[108328:108328:0324/124233.475790:INFO:CONSOLE(409)] "Uncaught SyntaxError: Invalid or unexpected token", source: file:///home/dhia/browser-fuzzer/Dissertation/logger/run_20250324_064826/round_036/mutations/mutated_0004.html (409)
[108328:108328:0324/124233.486742:INFO:CONSOLE(410)] "Uncaught SyntaxError: Invalid or unexpected token", source: file:///home/dhia/browser-fuzzer/Dissertation/logger/run_20250324_064826/round_036/mutations/mutated_0004.html (410)
[108328:108328:0324/124233.837087:INFO:CONSOLE(421)] "Uncaught SyntaxError: Invalid or unexpected token", source: file:///home/dhia/browser-fuzzer/Dissertation/logger/run_20250324_064826/round_036/mutations/mutated_0004.html (421)
[108328:108328:0324/124233.846546:INFO:CONSOLE(422)] "Uncaught SyntaxError: Invalid or unexpected token", source: file:///home/dhia/browser-fuzzer/Dissertation/logger/run_20250324_064826/round_036/mutations/mutated_0004.html (422)
[108328:108328:0324/124234.042555:INFO:CONSOLE(485)] "Uncaught SyntaxError: Invalid or unexpected token", source: file:///home/dhia/browser-fuzzer/Dissertation/logger/run_20250324_064826/round_036/mutations/mutated_0004.html (485)
[108328:108328:0324/124234.052665:INFO:CONSOLE(486)] "Uncaught SyntaxError: Invalid or unexpected token", source: file:///home/dhia/browser-fuzzer/Dissertation/logger/run_20250324_064826/round_036/mutations/mutated_0004.html (486)
[108328:108328:0324/124234.891224:INFO:CONSOLE(516)] "Uncaught SyntaxError: Invalid or unexpected token", source: file:///home/dhia/browser-fuzzer/Dissertation/logger/run_20250324_064826/round_036/mutations/mutated_0004.html (516)
[108328:108328:0324/124234.896074:INFO:CONSOLE(517)] "Uncaught SyntaxError: Invalid or unexpected token", source: file:///home/dhia/browser-fuzzer/Dissertation/logger/run_20250324_064826/round_036/mutations/mutated_0004.html (517)
[108328:108328:0324/124235.134204:INFO:CONSOLE(538)] "Uncaught SyntaxError: Unexpected end of input", source: file:///home/dhia/browser-fuzzer/Dissertation/logger/run_20250324_064826/round_036/mutations/mutated_0004.html (538)
[108328:108328:0324/124235.149646:INFO:CONSOLE(541)] "Uncaught SyntaxError: Invalid or unexpected token", source: file:///home/dhia/browser-fuzzer/Dissertation/logger/run_20250324_064826/round_036/mutations/mutated_0004.html (541)
[108328:108328:0324/124235.157032:INFO:CONSOLE(542)] "Uncaught SyntaxError: Invalid or unexpected token", source: file:///home/dhia/browser-fuzzer/Dissertation/logger/run_20250324_064826/round_036/mutations/mutated_0004.html (542)
[108328:108328:0324/124235.336181:INFO:CONSOLE(543)] "Uncaught SyntaxError: Invalid or unexpected token", source: file:///home/dhia/browser-fuzzer/Dissertation/logger/run_20250324_064826/round_036/mutations/mutated_0004.html (543)
[108328:108328:0324/124235.347915:INFO:CONSOLE(544)] "Uncaught SyntaxError: Invalid or unexpected token", source: file:///home/dhia/browser-fuzzer/Dissertation/logger/run_20250324_064826/round_036/mutations/mutated_0004.html (544)
[108328:108328:0324/124235.618150:INFO:CONSOLE(613)] "Uncaught SyntaxError: Unexpected end of input", source: file:///home/dhia/browser-fuzzer/Dissertation/logger/run_20250324_064826/round_036/mutations/mutated_0004.html (613)
[108328:108328:0324/124236.081432:INFO:CONSOLE(683)] "Uncaught SyntaxError: Unexpected end of input", source: file:///home/dhia/browser-fuzzer/Dissertation/logger/run_20250324_064826/round_036/mutations/mutated_0004.html (683)
[108328:108328:0324/124236.088430:INFO:CONSOLE(685)] "Uncaught SyntaxError: Invalid or unexpected token", source: file:///home/dhia/browser-fuzzer/Dissertation/logger/run_20250324_064826/round_036/mutations/mutated_0004.html (685)
[108328:108328:0324/124236.103380:INFO:CONSOLE(686)] "Uncaught SyntaxError: Invalid or unexpected token", source: file:///home/dhia/browser-fuzzer/Dissertation/logger/run_20250324_064826/round_036/mutations/mutated_0004.html (686)
[108328:108328:0324/124236.310239:INFO:CONSOLE(687)] "Uncaught SyntaxError: Invalid or unexpected token", source: file:///home/dhia/browser-fuzzer/Dissertation/logger/run_20250324_064826/round_036/mutations/mutated_0004.html (687)
[108328:108328:0324/124236.572630:INFO:CONSOLE(705)] "Uncaught SyntaxError: Invalid or unexpected token", source: file:///home/dhia/browser-fuzzer/Dissertation/logger/run_20250324_064826/round_036/mutations/mutated_0004.html (705)
[108328:108328:0324/124236.972741:INFO:CONSOLE(715)] "Uncaught SyntaxError: Invalid or unexpected token", source: file:///home/dhia/browser-fuzzer/Dissertation/logger/run_20250324_064826/round_036/mutations/mutated_0004.html (715)
[108328:108328:0324/124236.987036:INFO:CONSOLE(716)] "Uncaught SyntaxError: Invalid or unexpected token", source: file:///home/dhia/browser-fuzzer/Dissertation/logger/run_20250324_064826/round_036/mutations/mutated_0004.html (716)
[108328:108328:0324/124237.278772:INFO:CONSOLE(726)] "Uncaught SyntaxError: Invalid or unexpected token", source: file:///home/dhia/browser-fuzzer/Dissertation/logger/run_20250324_064826/round_036/mutations/mutated_0004.html (726)
[108328:108328:0324/124237.289990:INFO:CONSOLE(727)] "Uncaught SyntaxError: Invalid or unexpected token", source: file:///home/dhia/browser-fuzzer/Dissertation/logger/run_20250324_064826/round_036/mutations/mutated_0004.html (727)
[108328:108328:0324/124237.307968:INFO:CONSOLE(728)] "Uncaught SyntaxError: Invalid or unexpected token", source: file:///home/dhia/browser-fuzzer/Dissertation/logger/run_20250324_064826/round_036/mutations/mutated_0004.html (728)
[108328:108328:0324/124237.483127:INFO:CONSOLE(729)] "Uncaught SyntaxError: Invalid or unexpected token", source: file:///home/dhia/browser-fuzzer/Dissertation/logger/run_20250324_064826/round_036/mutations/mutated_0004.html (729)
[108328:108328:0324/124237.503036:INFO:CONSOLE(731)] "Uncaught SyntaxError: Invalid or unexpected token", source: file:///home/dhia/browser-fuzzer/Dissertation/logger/run_20250324_064826/round_036/mutations/mutated_0004.html (731)
[108328:108328:0324/124237.507105:INFO:CONSOLE(732)] "Uncaught SyntaxError: Invalid or unexpected token", source: file:///home/dhia/browser-fuzzer/Dissertation/logger/run_20250324_064826/round_036/mutations/mutated_0004.html (732)
[108328:108328:0324/124237.681892:INFO:CONSOLE(763)] "Uncaught SyntaxError: Invalid or unexpected token", source: file:///home/dhia/browser-fuzzer/Dissertation/logger/run_20250324_064826/round_036/mutations/mutated_0004.html (763)
[108328:108328:0324/124237.694164:INFO:CONSOLE(764)] "Uncaught SyntaxError: Invalid or unexpected token", source: file:///home/dhia/browser-fuzzer/Dissertation/logger/run_20250324_064826/round_036/mutations/mutated_0004.html (764)
[108328:108328:0324/124238.666970:INFO:CONSOLE(801)] "Uncaught SyntaxError: Invalid or unexpected token", source: file:///home/dhia/browser-fuzzer/Dissertation/logger/run_20250324_064826/round_036/mutations/mutated_0004.html (801)
[108328:108328:0324/124238.683439:INFO:CONSOLE(802)] "Uncaught SyntaxError: Invalid or unexpected token", source: file:///home/dhia/browser-fuzzer/Dissertation/logger/run_20250324_064826/round_036/mutations/mutated_0004.html (802)
[108328:108328:0324/124238.699242:INFO:CONSOLE(803)] "Uncaught SyntaxError: Invalid or unexpected token", source: file:///home/dhia/browser-fuzzer/Dissertation/logger/run_20250324_064826/round_036/mutations/mutated_0004.html (803)
[108328:108328:0324/124238.910524:INFO:CONSOLE(805)] "Uncaught SyntaxError: Invalid or unexpected token", source: file:///home/dhia/browser-fuzzer/Dissertation/logger/run_20250324_064826/round_036/mutations/mutated_0004.html (805)
[108328:108328:0324/124238.928566:INFO:CONSOLE(806)] "Uncaught SyntaxError: Invalid or unexpected token", source: file:///home/dhia/browser-fuzzer/Dissertation/logger/run_20250324_064826/round_036/mutations/mutated_0004.html (806)
[108328:108328:0324/124239.135060:INFO:CONSOLE(813)] "Uncaught SyntaxError: Invalid or unexpected token", source: file:///home/dhia/browser-fuzzer/Dissertation/logger/run_20250324_064826/round_036/mutations/mutated_0004.html (813)
[108328:108328:0324/124239.150744:INFO:CONSOLE(814)] "Uncaught SyntaxError: Invalid or unexpected token", source: file:///home/dhia/browser-fuzzer/Dissertation/logger/run_20250324_064826/round_036/mutations/mutated_0004.html (814)
[108328:108328:0324/124239.364697:INFO:CONSOLE(815)] "Uncaught SyntaxError: Invalid or unexpected token", source: file:///home/dhia/browser-fuzzer/Dissertation/logger/run_20250324_064826/round_036/mutations/mutated_0004.html (815)
[108328:108328:0324/124239.854538:INFO:CONSOLE(826)] "Uncaught SyntaxError: Invalid or unexpected token", source: file:///home/dhia/browser-fuzzer/Dissertation/logger/run_20250324_064826/round_036/mutations/mutated_0004.html (826)
[108328:108328:0324/124239.875363:INFO:CONSOLE(827)] "Uncaught SyntaxError: Invalid or unexpected token", source: file:///home/dhia/browser-fuzzer/Dissertation/logger/run_20250324_064826/round_036/mutations/mutated_0004.html (827)
[108328:108328:0324/124240.065922:INFO:CONSOLE(890)] "Uncaught SyntaxError: Invalid or unexpected token", source: file:///home/dhia/browser-fuzzer/Dissertation/logger/run_20250324_064826/round_036/mutations/mutated_0004.html (890)
[108328:108328:0324/124240.072680:INFO:CONSOLE(891)] "Uncaught SyntaxError: Invalid or unexpected token", source: file:///home/dhia/browser-fuzzer/Dissertation/logger/run_20250324_064826/round_036/mutations/mutated_0004.html (891)
[108328:108328:0324/124241.260470:INFO:CONSOLE(892)] "Uncaught SyntaxError: Invalid or unexpected token", source: file:///home/dhia/browser-fuzzer/Dissertation/logger/run_20250324_064826/round_036/mutations/mutated_0004.html (892)
[108328:108328:0324/124241.279763:INFO:CONSOLE(901)] "Uncaught SyntaxError: Unexpected end of input", source: file:///home/dhia/browser-fuzzer/Dissertation/logger/run_20250324_064826/round_036/mutations/mutated_0004.html (901)
[108328:108328:0324/124241.467632:INFO:CONSOLE(904)] "Uncaught SyntaxError: Invalid or unexpected token", source: file:///home/dhia/browser-fuzzer/Dissertation/logger/run_20250324_064826/round_036/mutations/mutated_0004.html (904)
[108328:108328:0324/124241.479549:INFO:CONSOLE(905)] "Uncaught SyntaxError: Invalid or unexpected token", source: file:///home/dhia/browser-fuzzer/Dissertation/logger/run_20250324_064826/round_036/mutations/mutated_0004.html (905)
[108328:108328:0324/124241.900966:INFO:CONSOLE(916)] "Uncaught SyntaxError: Invalid or unexpected token", source: file:///home/dhia/browser-fuzzer/Dissertation/logger/run_20250324_064826/round_036/mutations/mutated_0004.html (916)
[108328:108328:0324/124241.908073:INFO:CONSOLE(917)] "Uncaught SyntaxError: Invalid or unexpected token", source: file:///home/dhia/browser-fuzzer/Dissertation/logger/run_20250324_064826/round_036/mutations/mutated_0004.html (917)
[108328:108328:0324/124242.075989:INFO:CONSOLE(980)] "Uncaught SyntaxError: Invalid or unexpected token", source: file:///home/dhia/browser-fuzzer/Dissertation/logger/run_20250324_064826/round_036/mutations/mutated_0004.html (980)
[108328:108328:0324/124242.101650:INFO:CONSOLE(981)] "Uncaught SyntaxError: Invalid or unexpected token", source: file:///home/dhia/browser-fuzzer/Dissertation/logger/run_20250324_064826/round_036/mutations/mutated_0004.html (981)
[108328:108328:0324/124242.109830:INFO:CONSOLE(982)] "Uncaught SyntaxError: Invalid or unexpected token", source: file:///home/dhia/browser-fuzzer/Dissertation/logger/run_20250324_064826/round_036/mutations/mutated_0004.html (982)
[108328:108328:0324/124242.489965:INFO:CONSOLE(991)] "Uncaught SyntaxError: Unexpected end of input", source: file:///home/dhia/browser-fuzzer/Dissertation/logger/run_20250324_064826/round_036/mutations/mutated_0004.html (991)
[108328:108328:0324/124242.515166:INFO:CONSOLE(994)] "Uncaught SyntaxError: Invalid or unexpected token", source: file:///home/dhia/browser-fuzzer/Dissertation/logger/run_20250324_064826/round_036/mutations/mutated_0004.html (994)
[108328:108328:0324/124242.724130:INFO:CONSOLE(995)] "Uncaught SyntaxError: Invalid or unexpected token", source: file:///home/dhia/browser-fuzzer/Dissertation/logger/run_20250324_064826/round_036/mutations/mutated_0004.html (995)
[108328:108328:0324/124242.742425:INFO:CONSOLE(996)] "Uncaught SyntaxError: Invalid or unexpected token", source: file:///home/dhia/browser-fuzzer/Dissertation/logger/run_20250324_064826/round_036/mutations/mutated_0004.html (996)
[108328:108328:0324/124243.002143:INFO:CONSOLE(1058)] "Uncaught SyntaxError: Invalid or unexpected token", source: file:///home/dhia/browser-fuzzer/Dissertation/logger/run_20250324_064826/round_036/mutations/mutated_0004.html (1058)
[108328:108328:0324/124243.014527:INFO:CONSOLE(1059)] "Uncaught SyntaxError: Invalid or unexpected token", source: file:///home/dhia/browser-fuzzer/Dissertation/logger/run_20250324_064826/round_036/mutations/mutated_0004.html (1059)
[108328:108328:0324/124243.458359:INFO:CONSOLE(1080)] "Uncaught SyntaxError: Unexpected end of input", source: file:///home/dhia/browser-fuzzer/Dissertation/logger/run_20250324_064826/round_036/mutations/mutated_0004.html (1080)
[108328:108328:0324/124243.465252:INFO:CONSOLE(1082)] "Uncaught SyntaxError: Invalid or unexpected token", source: file:///home/dhia/browser-fuzzer/Dissertation/logger/run_20250324_064826/round_036/mutations/mutated_0004.html (1082)
[108328:108328:0324/124243.890415:INFO:CONSOLE(1151)] "Uncaught SyntaxError: Unexpected end of input", source: file:///home/dhia/browser-fuzzer/Dissertation/logger/run_20250324_064826/round_036/mutations/mutated_0004.html (1151)
[108328:108328:0324/124243.904713:INFO:CONSOLE(1153)] "Uncaught SyntaxError: Invalid or unexpected token", source: file:///home/dhia/browser-fuzzer/Dissertation/logger/run_20250324_064826/round_036/mutations/mutated_0004.html (1153)
[108328:108328:0324/124244.215919:INFO:CONSOLE(1165)] "Uncaught SyntaxError: Invalid or unexpected token", source: file:///home/dhia/browser-fuzzer/Dissertation/logger/run_20250324_064826/round_036/mutations/mutated_0004.html (1165)
[108328:108328:0324/124244.230396:INFO:CONSOLE(1166)] "Uncaught SyntaxError: Invalid or unexpected token", source: file:///home/dhia/browser-fuzzer/Dissertation/logger/run_20250324_064826/round_036/mutations/mutated_0004.html (1166)
[108328:108328:0324/124244.478972:INFO:CONSOLE(1263)] "Uncaught SyntaxError: Unexpected end of input", source: file:///home/dhia/browser-fuzzer/Dissertation/logger/run_20250324_064826/round_036/mutations/mutated_0004.html (1263)
[108328:108328:0324/124244.486545:INFO:CONSOLE(1265)] "Uncaught SyntaxError: Invalid or unexpected token", source: file:///home/dhia/browser-fuzzer/Dissertation/logger/run_20250324_064826/round_036/mutations/mutated_0004.html (1265)
[108328:108328:0324/124244.955251:INFO:CONSOLE(1283)] "Uncaught SyntaxError: Invalid or unexpected token", source: file:///home/dhia/browser-fuzzer/Dissertation/logger/run_20250324_064826/round_036/mutations/mutated_0004.html (1283)
[108328:108328:0324/124245.399588:INFO:CONSOLE(1324)] "Uncaught SyntaxError: Invalid or unexpected token", source: file:///home/dhia/browser-fuzzer/Dissertation/logger/run_20250324_064826/round_036/mutations/mutated_0004.html (1324)
[108328:108328:0324/124245.404009:INFO:CONSOLE(1325)] "Uncaught SyntaxError: Invalid or unexpected token", source: file:///home/dhia/browser-fuzzer/Dissertation/logger/run_20250324_064826/round_036/mutations/mutated_0004.html (1325)
[108328:108328:0324/124245.659621:INFO:CONSOLE(1334)] "Uncaught SyntaxError: Invalid or unexpected token", source: file:///home/dhia/browser-fuzzer/Dissertation/logger/run_20250324_064826/round_036/mutations/mutated_0004.html (1334)
[108328:108328:0324/124245.683670:INFO:CONSOLE(1335)] "Uncaught SyntaxError: Invalid or unexpected token", source: file:///home/dhia/browser-fuzzer/Dissertation/logger/run_20250324_064826/round_036/mutations/mutated_0004.html (1335)
[108328:108328:0324/124245.857335:INFO:CONSOLE(1400)] "Uncaught SyntaxError: Invalid or unexpected token", source: file:///home/dhia/browser-fuzzer/Dissertation/logger/run_20250324_064826/round_036/mutations/mutated_0004.html (1400)
[108328:108328:0324/124245.875444:INFO:CONSOLE(1401)] "Uncaught SyntaxError: Invalid or unexpected token", source: file:///home/dhia/browser-fuzzer/Dissertation/logger/run_20250324_064826/round_036/mutations/mutated_0004.html (1401)
[108328:108328:0324/124245.889142:INFO:CONSOLE(1402)] "Uncaught SyntaxError: Invalid or unexpected token", source: file:///home/dhia/browser-fuzzer/Dissertation/logger/run_20250324_064826/round_036/mutations/mutated_0004.html (1402)
[108328:108328:0324/124247.468112:INFO:CONSOLE(1404)] "Uncaught SyntaxError: Invalid or unexpected token", source: file:///home/dhia/browser-fuzzer/Dissertation/logger/run_20250324_064826/round_036/mutations/mutated_0004.html (1404)
[108328:108328:0324/124247.495766:INFO:CONSOLE(1405)] "Uncaught SyntaxError: Invalid or unexpected token", source: file:///home/dhia/browser-fuzzer/Dissertation/logger/run_20250324_064826/round_036/mutations/mutated_0004.html (1405)
[108328:108328:0324/124247.746798:INFO:CONSOLE(1406)] "Uncaught SyntaxError: Invalid or unexpected token", source: file:///home/dhia/browser-fuzzer/Dissertation/logger/run_20250324_064826/round_036/mutations/mutated_0004.html (1406)
[108328:108328:0324/124248.129336:INFO:CONSOLE(1426)] "Uncaught SyntaxError: Invalid or unexpected token", source: file:///home/dhia/browser-fuzzer/Dissertation/logger/run_20250324_064826/round_036/mutations/mutated_0004.html (1426)
[108328:108328:0324/124248.156794:INFO:CONSOLE(1427)] "Uncaught SyntaxError: Invalid or unexpected token", source: file:///home/dhia/browser-fuzzer/Dissertation/logger/run_20250324_064826/round_036/mutations/mutated_0004.html (1427)
[108328:108328:0324/124248.450893:INFO:CONSOLE(1428)] "Uncaught SyntaxError: Invalid or unexpected token", source: file:///home/dhia/browser-fuzzer/Dissertation/logger/run_20250324_064826/round_036/mutations/mutated_0004.html (1428)
[108328:108328:0324/124248.467639:INFO:CONSOLE(1429)] "Uncaught SyntaxError: Invalid or unexpected token", source: file:///home/dhia/browser-fuzzer/Dissertation/logger/run_20250324_064826/round_036/mutations/mutated_0004.html (1429)
[108328:108328:0324/124248.675594:INFO:CONSOLE(1430)] "Uncaught SyntaxError: Invalid or unexpected token", source: file:///home/dhia/browser-fuzzer/Dissertation/logger/run_20250324_064826/round_036/mutations/mutated_0004.html (1430)
[108328:108328:0324/124248.686271:INFO:CONSOLE(1431)] "Uncaught SyntaxError: Invalid or unexpected token", source: file:///home/dhia/browser-fuzzer/Dissertation/logger/run_20250324_064826/round_036/mutations/mutated_0004.html (1431)
[108328:108328:0324/124248.705124:INFO:CONSOLE(1432)] "Uncaught SyntaxError: Invalid or unexpected token", source: file:///home/dhia/browser-fuzzer/Dissertation/logger/run_20250324_064826/round_036/mutations/mutated_0004.html (1432)
[108328:108328:0324/124249.262905:INFO:CONSOLE(1454)] "Uncaught SyntaxError: Invalid or unexpected token", source: file:///home/dhia/browser-fuzzer/Dissertation/logger/run_20250324_064826/round_036/mutations/mutated_0004.html (1454)
[108328:108328:0324/124249.282644:INFO:CONSOLE(1455)] "Uncaught SyntaxError: Invalid or unexpected token", source: file:///home/dhia/browser-fuzzer/Dissertation/logger/run_20250324_064826/round_036/mutations/mutated_0004.html (1455)
[108328:108328:0324/124249.671787:INFO:CONSOLE(1465)] "Uncaught SyntaxError: Invalid or unexpected token", source: file:///home/dhia/browser-fuzzer/Dissertation/logger/run_20250324_064826/round_036/mutations/mutated_0004.html (1465)
[108328:108328:0324/124249.685344:INFO:CONSOLE(1466)] "Uncaught SyntaxError: Invalid or unexpected token", source: file:///home/dhia/browser-fuzzer/Dissertation/logger/run_20250324_064826/round_036/mutations/mutated_0004.html (1466)
[108328:108328:0324/124249.958431:INFO:CONSOLE(1485)] "Uncaught SyntaxError: Invalid or unexpected token", source: file:///home/dhia/browser-fuzzer/Dissertation/logger/run_20250324_064826/round_036/mutations/mutated_0004.html (1485)
[108328:108328:0324/124249.966009:INFO:CONSOLE(1486)] "Uncaught SyntaxError: Invalid or unexpected token", source: file:///home/dhia/browser-fuzzer/Dissertation/logger/run_20250324_064826/round_036/mutations/mutated_0004.html (1486)
[108328:108328:0324/124250.275271:INFO:CONSOLE(1493)] "Uncaught SyntaxError: Invalid or unexpected token", source: file:///home/dhia/browser-fuzzer/Dissertation/logger/run_20250324_064826/round_036/mutations/mutated_0004.html (1493)
[108328:108328:0324/124250.294728:INFO:CONSOLE(1494)] "Uncaught SyntaxError: Invalid or unexpected token", source: file:///home/dhia/browser-fuzzer/Dissertation/logger/run_20250324_064826/round_036/mutations/mutated_0004.html (1494)
[108328:108328:0324/124250.310139:INFO:CONSOLE(1495)] "Uncaught SyntaxError: Invalid or unexpected token", source: file:///home/dhia/browser-fuzzer/Dissertation/logger/run_20250324_064826/round_036/mutations/mutated_0004.html (1495)
[108328:108328:0324/124250.335040:INFO:CONSOLE(1496)] "Uncaught SyntaxError: Invalid or unexpected token", source: file:///home/dhia/browser-fuzzer/Dissertation/logger/run_20250324_064826/round_036/mutations/mutated_0004.html (1496)
[108328:108328:0324/124250.643221:INFO:CONSOLE(1497)] "Uncaught SyntaxError: Invalid or unexpected token", source: file:///home/dhia/browser-fuzzer/Dissertation/logger/run_20250324_064826/round_036/mutations/mutated_0004.html (1497)
[108328:108328:0324/124250.660293:INFO:CONSOLE(1498)] "Uncaught SyntaxError: Invalid or unexpected token", source: file:///home/dhia/browser-fuzzer/Dissertation/logger/run_20250324_064826/round_036/mutations/mutated_0004.html (1498)
[108328:108328:0324/124250.854134:INFO:CONSOLE(1499)] "Uncaught SyntaxError: Invalid or unexpected token", source: file:///home/dhia/browser-fuzzer/Dissertation/logger/run_20250324_064826/round_036/mutations/mutated_0004.html (1499)
[108328:108328:0324/124250.877053:INFO:CONSOLE(1502)] "Uncaught SyntaxError: Invalid or unexpected token", source: file:///home/dhia/browser-fuzzer/Dissertation/logger/run_20250324_064826/round_036/mutations/mutated_0004.html (1502)
[108328:108328:0324/124251.079244:INFO:CONSOLE(1503)] "Uncaught SyntaxError: Invalid or unexpected token", source: file:///home/dhia/browser-fuzzer/Dissertation/logger/run_20250324_064826/round_036/mutations/mutated_0004.html (1503)
[108328:108328:0324/124251.088712:INFO:CONSOLE(1508)] "Uncaught SyntaxError: Invalid or unexpected token", source: file:///home/dhia/browser-fuzzer/Dissertation/logger/run_20250324_064826/round_036/mutations/mutated_0004.html (1508)
[108328:108328:0324/124251.302784:INFO:CONSOLE(1511)] "Uncaught SyntaxError: Invalid or unexpected token", source: file:///home/dhia/browser-fuzzer/Dissertation/logger/run_20250324_064826/round_036/mutations/mutated_0004.html (1511)
[108328:108328:0324/124251.325854:INFO:CONSOLE(1512)] "Uncaught SyntaxError: Invalid or unexpected token", source: file:///home/dhia/browser-fuzzer/Dissertation/logger/run_20250324_064826/round_036/mutations/mutated_0004.html (1512)
[108328:108328:0324/124251.568838:INFO:CONSOLE(1513)] "Uncaught SyntaxError: Invalid or unexpected token", source: file:///home/dhia/browser-fuzzer/Dissertation/logger/run_20250324_064826/round_036/mutations/mutated_0004.html (1513)
[108328:108328:0324/124251.574343:INFO:CONSOLE(1514)] "Uncaught SyntaxError: Invalid or unexpected token", source: file:///home/dhia/browser-fuzzer/Dissertation/logger/run_20250324_064826/round_036/mutations/mutated_0004.html (1514)
[108328:108328:0324/124251.814214:INFO:CONSOLE(1525)] "Uncaught SyntaxError: Invalid or unexpected token", source: file:///home/dhia/browser-fuzzer/Dissertation/logger/run_20250324_064826/round_036/mutations/mutated_0004.html (1525)
[108328:108328:0324/124251.832592:INFO:CONSOLE(1526)] "Uncaught SyntaxError: Invalid or unexpected token", source: file:///home/dhia/browser-fuzzer/Dissertation/logger/run_20250324_064826/round_036/mutations/mutated_0004.html (1526)
[108328:108328:0324/124252.071062:INFO:CONSOLE(1527)] "Uncaught SyntaxError: Invalid or unexpected token", source: file:///home/dhia/browser-fuzzer/Dissertation/logger/run_20250324_064826/round_036/mutations/mutated_0004.html (1527)
[108328:108328:0324/124252.077350:INFO:CONSOLE(1528)] "Uncaught SyntaxError: Invalid or unexpected token", source: file:///home/dhia/browser-fuzzer/Dissertation/logger/run_20250324_064826/round_036/mutations/mutated_0004.html (1528)
[108328:108328:0324/124252.295971:INFO:CONSOLE(1529)] "Uncaught SyntaxError: Invalid or unexpected token", source: file:///home/dhia/browser-fuzzer/Dissertation/logger/run_20250324_064826/round_036/mutations/mutated_0004.html (1529)
[108328:108328:0324/124252.302069:INFO:CONSOLE(1530)] "Uncaught SyntaxError: Invalid or unexpected token", source: file:///home/dhia/browser-fuzzer/Dissertation/logger/run_20250324_064826/round_036/mutations/mutated_0004.html (1530)
[108328:108328:0324/124252.567552:INFO:CONSOLE(1531)] "Uncaught SyntaxError: Invalid or unexpected token", source: file:///home/dhia/browser-fuzzer/Dissertation/logger/run_20250324_064826/round_036/mutations/mutated_0004.html (1531)
[108328:108328:0324/124252.572385:INFO:CONSOLE(1532)] "Uncaught SyntaxError: Invalid or unexpected token", source: file:///home/dhia/browser-fuzzer/Dissertation/logger/run_20250324_064826/round_036/mutations/mutated_0004.html (1532)
[108328:108328:0324/124252.578313:INFO:CONSOLE(1533)] "Uncaught SyntaxError: Invalid or unexpected token", source: file:///home/dhia/browser-fuzzer/Dissertation/logger/run_20250324_064826/round_036/mutations/mutated_0004.html (1533)
[108328:108328:0324/124252.808492:INFO:CONSOLE(1534)] "Uncaught SyntaxError: Invalid or unexpected token", source: file:///home/dhia/browser-fuzzer/Dissertation/logger/run_20250324_064826/round_036/mutations/mutated_0004.html (1534)
[108328:108328:0324/124252.825197:INFO:CONSOLE(1535)] "Uncaught SyntaxError: Invalid or unexpected token", source: file:///home/dhia/browser-fuzzer/Dissertation/logger/run_20250324_064826/round_036/mutations/mutated_0004.html (1535)
[108328:108328:0324/124253.030857:INFO:CONSOLE(1536)] "Uncaught SyntaxError: Invalid or unexpected token", source: file:///home/dhia/browser-fuzzer/Dissertation/logger/run_20250324_064826/round_036/mutations/mutated_0004.html (1536)
[108328:108328:0324/124253.047234:INFO:CONSOLE(1537)] "Uncaught SyntaxError: Invalid or unexpected token", source: file:///home/dhia/browser-fuzzer/Dissertation/logger/run_20250324_064826/round_036/mutations/mutated_0004.html (1537)
[108328:108328:0324/124253.339584:INFO:CONSOLE(1538)] "Uncaught SyntaxError: Invalid or unexpected token", source: file:///home/dhia/browser-fuzzer/Dissertation/logger/run_20250324_064826/round_036/mutations/mutated_0004.html (1538)
[108328:108328:0324/124253.349282:INFO:CONSOLE(1539)] "Uncaught SyntaxError: Invalid or unexpected token", source: file:///home/dhia/browser-fuzzer/Dissertation/logger/run_20250324_064826/round_036/mutations/mutated_0004.html (1539)
[108328:108328:0324/124253.582226:INFO:CONSOLE(1540)] "Uncaught SyntaxError: Invalid or unexpected token", source: file:///home/dhia/browser-fuzzer/Dissertation/logger/run_20250324_064826/round_036/mutations/mutated_0004.html (1540)
[108328:108328:0324/124253.589390:INFO:CONSOLE(1541)] "Uncaught SyntaxError: Invalid or unexpected token", source: file:///home/dhia/browser-fuzzer/Dissertation/logger/run_20250324_064826/round_036/mutations/mutated_0004.html (1541)
[108328:108328:0324/124253.613203:INFO:CONSOLE(1542)] "Uncaught SyntaxError: Invalid or unexpected token", source: file:///home/dhia/browser-fuzzer/Dissertation/logger/run_20250324_064826/round_036/mutations/mutated_0004.html (1542)
[108328:108328:0324/124253.844287:INFO:CONSOLE(1543)] "Uncaught SyntaxError: Invalid or unexpected token", source: file:///home/dhia/browser-fuzzer/Dissertation/logger/run_20250324_064826/round_036/mutations/mutated_0004.html (1543)
[108328:108328:0324/124253.869933:INFO:CONSOLE(1544)] "Uncaught SyntaxError: Invalid or unexpected token", source: file:///home/dhia/browser-fuzzer/Dissertation/logger/run_20250324_064826/round_036/mutations/mutated_0004.html (1544)
[108328:108328:0324/124253.884082:INFO:CONSOLE(1545)] "Uncaught SyntaxError: Invalid or unexpected token", source: file:///home/dhia/browser-fuzzer/Dissertation/logger/run_20250324_064826/round_036/mutations/mutated_0004.html (1545)
[108328:108328:0324/124254.135279:INFO:CONSOLE(1546)] "Uncaught SyntaxError: Invalid or unexpected token", source: file:///home/dhia/browser-fuzzer/Dissertation/logger/run_20250324_064826/round_036/mutations/mutated_0004.html (1546)
[108328:108328:0324/124254.145030:INFO:CONSOLE(1547)] "Uncaught SyntaxError: Invalid or unexpected token", source: file:///home/dhia/browser-fuzzer/Dissertation/logger/run_20250324_064826/round_036/mutations/mutated_0004.html (1547)
[108328:108328:0324/124254.402965:INFO:CONSOLE(1548)] "Uncaught SyntaxError: Invalid or unexpected token", source: file:///home/dhia/browser-fuzzer/Dissertation/logger/run_20250324_064826/round_036/mutations/mutated_0004.html (1548)
[108328:108328:0324/124254.409365:INFO:CONSOLE(1549)] "Uncaught SyntaxError: Invalid or unexpected token", source: file:///home/dhia/browser-fuzzer/Dissertation/logger/run_20250324_064826/round_036/mutations/mutated_0004.html (1549)
[108328:108328:0324/124254.658703:INFO:CONSOLE(1550)] "Uncaught SyntaxError: Invalid or unexpected token", source: file:///home/dhia/browser-fuzzer/Dissertation/logger/run_20250324_064826/round_036/mutations/mutated_0004.html (1550)
[108328:108328:0324/124254.670066:INFO:CONSOLE(1551)] "Uncaught SyntaxError: Invalid or unexpected token", source: file:///home/dhia/browser-fuzzer/Dissertation/logger/run_20250324_064826/round_036/mutations/mutated_0004.html (1551)
[108328:108328:0324/124254.682580:INFO:CONSOLE(1552)] "Uncaught SyntaxError: Invalid or unexpected token", source: file:///home/dhia/browser-fuzzer/Dissertation/logger/run_20250324_064826/round_036/mutations/mutated_0004.html (1552)
[108328:108328:0324/124255.004975:INFO:CONSOLE(1553)] "Uncaught SyntaxError: Invalid or unexpected token", source: file:///home/dhia/browser-fuzzer/Dissertation/logger/run_20250324_064826/round_036/mutations/mutated_0004.html (1553)
[108328:108328:0324/124255.010082:INFO:CONSOLE(1554)] "Uncaught SyntaxError: Invalid or unexpected token", source: file:///home/dhia/browser-fuzzer/Dissertation/logger/run_20250324_064826/round_036/mutations/mutated_0004.html (1554)
[108328:108328:0324/124255.277649:INFO:CONSOLE(1555)] "Uncaught SyntaxError: Invalid or unexpected token", source: file:///home/dhia/browser-fuzzer/Dissertation/logger/run_20250324_064826/round_036/mutations/mutated_0004.html (1555)
[108328:108328:0324/124255.282507:INFO:CONSOLE(1556)] "Uncaught SyntaxError: Invalid or unexpected token", source: file:///home/dhia/browser-fuzzer/Dissertation/logger/run_20250324_064826/round_036/mutations/mutated_0004.html (1556)
[108328:108328:0324/124255.286922:INFO:CONSOLE(1557)] "Uncaught SyntaxError: Invalid or unexpected token", source: file:///home/dhia/browser-fuzzer/Dissertation/logger/run_20250324_064826/round_036/mutations/mutated_0004.html (1557)
[108328:108328:0324/124255.555231:INFO:CONSOLE(1558)] "Uncaught SyntaxError: Invalid or unexpected token", source: file:///home/dhia/browser-fuzzer/Dissertation/logger/run_20250324_064826/round_036/mutations/mutated_0004.html (1558)
[108328:108328:0324/124255.571050:INFO:CONSOLE(1559)] "Uncaught SyntaxError: Invalid or unexpected token", source: file:///home/dhia/browser-fuzzer/Dissertation/logger/run_20250324_064826/round_036/mutations/mutated_0004.html (1559)
[108328:108328:0324/124255.838584:INFO:CONSOLE(1560)] "Uncaught SyntaxError: Invalid or unexpected token", source: file:///home/dhia/browser-fuzzer/Dissertation/logger/run_20250324_064826/round_036/mutations/mutated_0004.html (1560)
[108328:108328:0324/124255.866061:INFO:CONSOLE(1561)] "Uncaught SyntaxError: Invalid or unexpected token", source: file:///home/dhia/browser-fuzzer/Dissertation/logger/run_20250324_064826/round_036/mutations/mutated_0004.html (1561)
[108328:108328:0324/124256.218707:INFO:CONSOLE(1562)] "Uncaught SyntaxError: Invalid or unexpected token", source: file:///home/dhia/browser-fuzzer/Dissertation/logger/run_20250324_064826/round_036/mutations/mutated_0004.html (1562)
[108328:108328:0324/124256.222975:INFO:CONSOLE(1563)] "Uncaught SyntaxError: Invalid or unexpected token", source: file:///home/dhia/browser-fuzzer/Dissertation/logger/run_20250324_064826/round_036/mutations/mutated_0004.html (1563)
[108328:108328:0324/124256.523931:INFO:CONSOLE(1564)] "Uncaught SyntaxError: Invalid or unexpected token", source: file:///home/dhia/browser-fuzzer/Dissertation/logger/run_20250324_064826/round_036/mutations/mutated_0004.html (1564)
[108328:108328:0324/124256.536410:INFO:CONSOLE(1565)] "Uncaught SyntaxError: Invalid or unexpected token", source: file:///home/dhia/browser-fuzzer/Dissertation/logger/run_20250324_064826/round_036/mutations/mutated_0004.html (1565)
[108328:108328:0324/124256.824050:INFO:CONSOLE(1566)] "Uncaught SyntaxError: Invalid or unexpected token", source: file:///home/dhia/browser-fuzzer/Dissertation/logger/run_20250324_064826/round_036/mutations/mutated_0004.html (1566)
[108328:108328:0324/124256.837376:INFO:CONSOLE(1567)] "Uncaught SyntaxError: Invalid or unexpected token", source: file:///home/dhia/browser-fuzzer/Dissertation/logger/run_20250324_064826/round_036/mutations/mutated_0004.html (1567)
[108328:108328:0324/124257.103352:INFO:CONSOLE(1568)] "Uncaught SyntaxError: Invalid or unexpected token", source: file:///home/dhia/browser-fuzzer/Dissertation/logger/run_20250324_064826/round_036/mutations/mutated_0004.html (1568)
[108328:108328:0324/124257.121841:INFO:CONSOLE(1569)] "Uncaught SyntaxError: Invalid or unexpected token", source: file:///home/dhia/browser-fuzzer/Dissertation/logger/run_20250324_064826/round_036/mutations/mutated_0004.html (1569)
[108328:108328:0324/124257.383264:INFO:CONSOLE(1570)] "Uncaught SyntaxError: Invalid or unexpected token", source: file:///home/dhia/browser-fuzzer/Dissertation/logger/run_20250324_064826/round_036/mutations/mutated_0004.html (1570)
[108328:108328:0324/124257.401126:INFO:CONSOLE(1571)] "Uncaught SyntaxError: Invalid or unexpected token", source: file:///home/dhia/browser-fuzzer/Dissertation/logger/run_20250324_064826/round_036/mutations/mutated_0004.html (1571)
[108328:108328:0324/124257.643337:INFO:CONSOLE(1614)] "Uncaught SyntaxError: Invalid or unexpected token", source: file:///home/dhia/browser-fuzzer/Dissertation/logger/run_20250324_064826/round_036/mutations/mutated_0004.html (1614)
[108328:108328:0324/124257.656976:INFO:CONSOLE(1623)] "Uncaught SyntaxError: Invalid or unexpected token", source: file:///home/dhia/browser-fuzzer/Dissertation/logger/run_20250324_064826/round_036/mutations/mutated_0004.html (1623)
[108328:108328:0324/124258.406093:INFO:CONSOLE(1624)] "Uncaught SyntaxError: Invalid or unexpected token", source: file:///home/dhia/browser-fuzzer/Dissertation/logger/run_20250324_064826/round_036/mutations/mutated_0004.html (1624)
[108328:108328:0324/124258.417786:INFO:CONSOLE(1625)] "Uncaught SyntaxError: Invalid or unexpected token", source: file:///home/dhia/browser-fuzzer/Dissertation/logger/run_20250324_064826/round_036/mutations/mutated_0004.html (1625)
[108328:108328:0324/124258.422977:INFO:CONSOLE(1626)] "Uncaught SyntaxError: Invalid or unexpected token", source: file:///home/dhia/browser-fuzzer/Dissertation/logger/run_20250324_064826/round_036/mutations/mutated_0004.html (1626)
[108328:108328:0324/124258.622044:INFO:CONSOLE(1627)] "Uncaught SyntaxError: Invalid or unexpected token", source: file:///home/dhia/browser-fuzzer/Dissertation/logger/run_20250324_064826/round_036/mutations/mutated_0004.html (1627)
[108328:108328:0324/124259.081813:INFO:CONSOLE(1638)] "Uncaught SyntaxError: Invalid or unexpected token", source: file:///home/dhia/browser-fuzzer/Dissertation/logger/run_20250324_064826/round_036/mutations/mutated_0004.html (1638)
[108328:108328:0324/124259.091711:INFO:CONSOLE(1639)] "Uncaught SyntaxError: Invalid or unexpected token", source: file:///home/dhia/browser-fuzzer/Dissertation/logger/run_20250324_064826/round_036/mutations/mutated_0004.html (1639)
[108328:108328:0324/124259.334881:INFO:CONSOLE(1702)] "Uncaught SyntaxError: Invalid or unexpected token", source: file:///home/dhia/browser-fuzzer/Dissertation/logger/run_20250324_064826/round_036/mutations/mutated_0004.html (1702)
[108328:108328:0324/124259.341351:INFO:CONSOLE(1703)] "Uncaught SyntaxError: Invalid or unexpected token", source: file:///home/dhia/browser-fuzzer/Dissertation/logger/run_20250324_064826/round_036/mutations/mutated_0004.html (1703)
[108328:108328:0324/124301.599131:INFO:CONSOLE(1712)] "Uncaught SyntaxError: Unexpected end of input", source: file:///home/dhia/browser-fuzzer/Dissertation/logger/run_20250324_064826/round_036/mutations/mutated_0004.html (1712)
[108328:108328:0324/124301.612076:INFO:CONSOLE(1715)] "Uncaught SyntaxError: Invalid or unexpected token", source: file:///home/dhia/browser-fuzzer/Dissertation/logger/run_20250324_064826/round_036/mutations/mutated_0004.html (1715)
[108328:108328:0324/124301.624358:INFO:CONSOLE(1716)] "Uncaught SyntaxError: Invalid or unexpected token", source: file:///home/dhia/browser-fuzzer/Dissertation/logger/run_20250324_064826/round_036/mutations/mutated_0004.html (1716)
[108328:108328:0324/124301.901416:INFO:CONSOLE(1717)] "Uncaught SyntaxError: Invalid or unexpected token", source: file:///home/dhia/browser-fuzzer/Dissertation/logger/run_20250324_064826/round_036/mutations/mutated_0004.html (1717)
[108328:108328:0324/124301.909524:INFO:CONSOLE(1718)] "Uncaught SyntaxError: Invalid or unexpected token", source: file:///home/dhia/browser-fuzzer/Dissertation/logger/run_20250324_064826/round_036/mutations/mutated_0004.html (1718)
[108328:108328:0324/124302.149218:INFO:CONSOLE(1787)] "Uncaught SyntaxError: Unexpected end of input", source: file:///home/dhia/browser-fuzzer/Dissertation/logger/run_20250324_064826/round_036/mutations/mutated_0004.html (1787)
[108328:108328:0324/124302.159018:INFO:CONSOLE(1788)] "Uncaught SyntaxError: Unexpected end of input", source: file:///home/dhia/browser-fuzzer/Dissertation/logger/run_20250324_064826/round_036/mutations/mutated_0004.html (1788)
[108328:108328:0324/124303.024901:INFO:CONSOLE(1858)] "Uncaught SyntaxError: Unexpected end of input", source: file:///home/dhia/browser-fuzzer/Dissertation/logger/run_20250324_064826/round_036/mutations/mutated_0004.html (1858)
[108328:108328:0324/124303.040486:INFO:CONSOLE(1860)] "Uncaught SyntaxError: Invalid or unexpected token", source: file:///home/dhia/browser-fuzzer/Dissertation/logger/run_20250324_064826/round_036/mutations/mutated_0004.html (1860)
[108328:108328:0324/124303.051939:INFO:CONSOLE(1861)] "Uncaught SyntaxError: Invalid or unexpected token", source: file:///home/dhia/browser-fuzzer/Dissertation/logger/run_20250324_064826/round_036/mutations/mutated_0004.html (1861)
[108328:108328:0324/124303.683916:INFO:CONSOLE(1862)] "Uncaught SyntaxError: Invalid or unexpected token", source: file:///home/dhia/browser-fuzzer/Dissertation/logger/run_20250324_064826/round_036/mutations/mutated_0004.html (1862)
[108328:108328:0324/124303.689703:INFO:CONSOLE(1863)] "Uncaught SyntaxError: Invalid or unexpected token", source: file:///home/dhia/browser-fuzzer/Dissertation/logger/run_20250324_064826/round_036/mutations/mutated_0004.html (1863)
[108328:108328:0324/124303.700024:INFO:CONSOLE(1864)] "Uncaught SyntaxError: Invalid or unexpected token", source: file:///home/dhia/browser-fuzzer/Dissertation/logger/run_20250324_064826/round_036/mutations/mutated_0004.html (1864)
[108328:108328:0324/124303.951002:INFO:CONSOLE(1882)] "Uncaught SyntaxError: Invalid or unexpected token", source: file:///home/dhia/browser-fuzzer/Dissertation/logger/run_20250324_064826/round_036/mutations/mutated_0004.html (1882)
[108328:108328:0324/124304.436810:INFO:CONSOLE(1889)] "Uncaught ReferenceError: trigge2Fuzz is not defined", source: file:///home/dhia/browser-fuzzer/Dissertation/logger/run_20250324_064826/round_036/mutations/mutated_0004.html (1889)
[108328:108328:0324/124304.546796:INFO:CONSOLE(1892)] "Uncaught SyntaxError: Invalid or unexpected token", source: file:///home/dhia/browser-fuzzer/Dissertation/logger/run_20250324_064826/round_036/mutations/mutated_0004.html (1892)
[108328:108328:0324/124304.559048:INFO:CONSOLE(1893)] "Uncaught SyntaxError: Invalid or unexpected token", source: file:///home/dhia/browser-fuzzer/Dissertation/logger/run_20250324_064826/round_036/mutations/mutated_0004.html (1893)
[108328:108328:0324/124304.571414:INFO:CONSOLE(1894)] "Uncaught SyntaxError: Invalid or unexpected token", source: file:///home/dhia/browser-fuzzer/Dissertation/logger/run_20250324_064826/round_036/mutations/mutated_0004.html (1894)
[108328:108328:0324/124304.830353:INFO:CONSOLE(1907)] "Uncaught SyntaxError: Invalid or unexpected token", source: file:///home/dhia/browser-fuzzer/Dissertation/logger/run_20250324_064826/round_036/mutations/mutated_0004.html (1907)
[108328:108328:0324/124304.837191:INFO:CONSOLE(1909)] "Uncaught SyntaxError: Invalid or unexpected token", source: file:///home/dhia/browser-fuzzer/Dissertation/logger/run_20250324_064826/round_036/mutations/mutated_0004.html (1909)
[108328:108328:0324/124305.104675:INFO:CONSOLE(1910)] "Uncaught SyntaxError: Invalid or unexpected token", source: file:///home/dhia/browser-fuzzer/Dissertation/logger/run_20250324_064826/round_036/mutations/mutated_0004.html (1910)
[108328:108328:0324/124305.113929:INFO:CONSOLE(1931)] "Uncaught SyntaxError: Invalid or unexpected token", source: file:///home/dhia/browser-fuzzer/Dissertation/logger/run_20250324_064826/round_036/mutations/mutated_0004.html (1931)
[108328:108328:0324/124305.341397:INFO:CONSOLE(1932)] "Uncaught SyntaxError: Invalid or unexpected token", source: file:///home/dhia/browser-fuzzer/Dissertation/logger/run_20250324_064826/round_036/mutations/mutated_0004.html (1932)
[108328:108328:0324/124305.359517:INFO:CONSOLE(1969)] "Uncaught SyntaxError: Invalid or unexpected token", source: file:///home/dhia/browser-fuzzer/Dissertation/logger/run_20250324_064826/round_036/mutations/mutated_0004.html (1969)
[108328:108328:0324/124307.837944:INFO:CONSOLE(1970)] "Uncaught SyntaxError: Invalid or unexpected token", source: file:///home/dhia/browser-fuzzer/Dissertation/logger/run_20250324_064826/round_036/mutations/mutated_0004.html (1970)
[108328:108328:0324/124307.852138:INFO:CONSOLE(1972)] "Uncaught SyntaxError: Invalid or unexpected token", source: file:///home/dhia/browser-fuzzer/Dissertation/logger/run_20250324_064826/round_036/mutations/mutated_0004.html (1972)
[108328:108328:0324/124308.145277:INFO:CONSOLE(1973)] "Uncaught SyntaxError: Invalid or unexpected token", source: file:///home/dhia/browser-fuzzer/Dissertation/logger/run_20250324_064826/round_036/mutations/mutated_0004.html (1973)
[108328:108328:0324/124308.163722:INFO:CONSOLE(1990)] "Uncaught SyntaxError: Invalid or unexpected token", source: file:///home/dhia/browser-fuzzer/Dissertation/logger/run_20250324_064826/round_036/mutations/mutated_0004.html (1990)
[108328:108328:0324/124308.463020:INFO:CONSOLE(1991)] "Uncaught SyntaxError: Invalid or unexpected token", source: file:///home/dhia/browser-fuzzer/Dissertation/logger/run_20250324_064826/round_036/mutations/mutated_0004.html (1991)
[108328:108328:0324/124308.483246:INFO:CONSOLE(1992)] "Uncaught SyntaxError: Invalid or unexpected token", source: file:///home/dhia/browser-fuzzer/Dissertation/logger/run_20250324_064826/round_036/mutations/mutated_0004.html (1992)
[108328:108328:0324/124308.788173:INFO:CONSOLE(1993)] "Uncaught SyntaxError: Invalid or unexpected token", source: file:///home/dhia/browser-fuzzer/Dissertation/logger/run_20250324_064826/round_036/mutations/mutated_0004.html (1993)
[108328:108328:0324/124308.823747:INFO:CONSOLE(1994)] "Uncaught SyntaxError: Invalid or unexpected token", source: file:///home/dhia/browser-fuzzer/Dissertation/logger/run_20250324_064826/round_036/mutations/mutated_0004.html (1994)
[108328:108328:0324/124308.832931:INFO:CONSOLE(1995)] "Uncaught SyntaxError: Invalid or unexpected token", source: file:///home/dhia/browser-fuzzer/Dissertation/logger/run_20250324_064826/round_036/mutations/mutated_0004.html (1995)
[108328:108328:0324/124309.599856:INFO:CONSOLE(2006)] "Uncaught SyntaxError: Invalid or unexpected token", source: file:///home/dhia/browser-fuzzer/Dissertation/logger/run_20250324_064826/round_036/mutations/mutated_0004.html (2006)
[108328:108328:0324/124309.622162:INFO:CONSOLE(2007)] "Uncaught SyntaxError: Invalid or unexpected token", source: file:///home/dhia/browser-fuzzer/Dissertation/logger/run_20250324_064826/round_036/mutations/mutated_0004.html (2007)
[108328:108328:0324/124309.903372:INFO:CONSOLE(2070)] "Uncaught SyntaxError: Invalid or unexpected token", source: file:///home/dhia/browser-fuzzer/Dissertation/logger/run_20250324_064826/round_036/mutations/mutated_0004.html (2070)
[108328:108328:0324/124309.920521:INFO:CONSOLE(2071)] "Uncaught SyntaxError: Invalid or unexpected token", source: file:///home/dhia/browser-fuzzer/Dissertation/logger/run_20250324_064826/round_036/mutations/mutated_0004.html (2071)
[108328:108328:0324/124313.485643:ERROR:background_mode_manager_aura.cc(12)] Not implemented reached in virtual void BackgroundModeManager::EnableLaunchOnStartup(bool)
[108328:108328:0324/124313.785764:ERROR:kill_posix.cc(33)] waitpid(108403): No child processes (10)
[108328:108366:0324/124313.801531:WARNING:discardable_shared_memory_manager.cc(452)] Some MojoDiscardableSharedMemoryManagerImpls are still alive. They will be leaked.
