[07:29:39][INFO] detection-advanced: [DETECTION] Deep & Detailed Reporting.
[07:29:39][INFO] detection-advanced: Processing batch 1 (2 files)
[07:29:39][INFO] detection-advanced: [DETECTION] Start => mutated_0002.html
[07:29:39][INFO] detection-advanced: [DETECTION] Start => mutated_0001.html
/home/dhia/browser-fuzzer/Dissertation/logger/fuzzing/detection.py:418: DeprecationWarning: set_timeout() in RemoteConnection is deprecated, set timeout to ClientConfig instance in constructor instead
  RemoteConnection.set_timeout(1800)
[07:29:55][INFO] detection-advanced: Testing file: file:///home/dhia/browser-fuzzer/Dissertation/logger/run_20250318_041949/round_005/mutations/mutated_0001.html
[07:29:55][INFO] detection-advanced: Testing file: file:///home/dhia/browser-fuzzer/Dissertation/logger/run_20250318_041949/round_005/mutations/mutated_0002.html
[07:31:55][ERROR] detection-advanced: Test mutated_0001.html => Exception: HTTPConnectionPool(host='localhost', port=52089): Read timed out. (read timeout=120)
[07:33:43][INFO] detection-advanced: [REPORT] Updated => mutated_0001.html
[07:33:43][INFO] detection-advanced: [REPORT] Updated => mutated_0001.html
[07:33:46][INFO] detection-advanced: [REPORT] Updated => mutated_0001.html
[07:33:46][WARNING] detection-advanced:  => anomaly => mixed_content => {'count': 20}
[07:33:46][WARNING] detection-advanced:  => anomaly => security_header => {'missing': ['x-content-type-options', 'x-frame-options', 'permissions-policy']}
[07:33:46][INFO] detection-advanced: Finished => mutated_0001.html, took 247.56s
[07:59:56][ERROR] detection-advanced: Test mutated_0002.html => Exception: HTTPConnectionPool(host='localhost', port=42737): Read timed out. (read timeout=1800)
[08:24:37][INFO] detection-advanced: [REPORT] Updated => mutated_0002.html
[08:24:40][INFO] detection-advanced: [REPORT] Updated => mutated_0002.html
[08:24:42][INFO] detection-advanced: [REPORT] Updated => mutated_0002.html
[08:24:42][WARNING] detection-advanced:  => anomaly => mixed_content => {'count': 87}
[08:24:42][WARNING] detection-advanced:  => anomaly => security_header => {'missing': ['x-content-type-options', 'x-frame-options', 'permissions-policy']}
[08:24:42][INFO] detection-advanced: Finished => mutated_0002.html, took 3303.18s
[08:24:42][INFO] detection-advanced: [COVERAGE] coverage_summary => /home/dhia/browser-fuzzer/Dissertation/logger/run_20250318_041949/round_005/crash_results/coverage_summary.json
[08:24:42][INFO] detection-advanced: [REPORT] Interactive HTML report generated: /home/dhia/browser-fuzzer/Dissertation/logger/run_20250318_041949/round_005/crash_results/reports/interactive_report.html

+-----------------+---------+
| Metric          |   Value |
|-----------------+---------|
| Total Tests     |       2 |
| Passed          |       0 |
| Failed          |       2 |
| Critical Issues |       0 |
| High Severity   |       2 |
| Medium Severity |       0 |
| Low Severity    |       0 |
| Info            |       0 |
+-----------------+---------+
[08:24:42][INFO] detection-advanced: Cleaning up 0 temporary files
[08:24:42][INFO] detection-advanced: System cleanup completed
