[53832:53832:0324/090319.019386:ERROR:cursor_factory.cc(96)] Not implemented reached in virtual void ui::CursorFactory::ObserveThemeChanges()
[53899:53899:0324/090319.506469:WARNING:sandbox_linux.cc(415)] InitializeSandbox() called with multiple threads in process gpu-process.
[53899:53899:0324/090319.521844:WARNING:viz_main_impl.cc(85)] VizNullHypothesis is disabled (not a warning)
[53893:53893:0324/090319.689673:WARNING:sandbox_linux.cc(415)] InitializeSandbox() called with multiple threads in process gpu-process.
[53893:53893:0324/090319.724000:WARNING:viz_main_impl.cc(85)] VizNullHypothesis is disabled (not a warning)
[53832:53832:0324/090319.741245:WARNING:account_consistency_mode_manager.cc(72)] Desktop Identity Consistency cannot be enabled as no OAuth client ID and client secret have been configured.
[53832:53832:0324/090321.190543:ERROR:platform_screen.cc(45)] Not implemented reached in virtual bool ui::PlatformScreen::IsScreenSaverActive() const
[53832:53832:0324/090321.190660:ERROR:platform_screen.cc(50)] Not implemented reached in virtual base::TimeDelta ui::PlatformScreen::CalculateIdleTime() const
[53832:53832:0324/090321.195262:WARNING:compose_enabling.cc(64)] Couldn't get country info.
[53832:53832:0324/090335.530906:INFO:CONSOLE(216)] "Uncaught SyntaxError: Invalid or unexpected token", source: file:///home/dhia/browser-fuzzer/Dissertation/logger/run_20250324_064826/round_014/mutations/mutated_0003.html (216)
[53832:53832:0324/090335.542261:INFO:CONSOLE(217)] "Uncaught SyntaxError: Invalid or unexpected token", source: file:///home/dhia/browser-fuzzer/Dissertation/logger/run_20250324_064826/round_014/mutations/mutated_0003.html (217)
[53832:53832:0324/090335.703266:INFO:CONSOLE(218)] "Uncaught SyntaxError: Invalid or unexpected token", source: file:///home/dhia/browser-fuzzer/Dissertation/logger/run_20250324_064826/round_014/mutations/mutated_0003.html (218)
[53832:53832:0324/090335.856367:INFO:CONSOLE(219)] "Uncaught SyntaxError: Invalid or unexpected token", source: file:///home/dhia/browser-fuzzer/Dissertation/logger/run_20250324_064826/round_014/mutations/mutated_0003.html (219)
[53832:53832:0324/090339.496104:INFO:CONSOLE(228)] "Uncaught SyntaxError: Invalid or unexpected token", source: file:///home/dhia/browser-fuzzer/Dissertation/logger/run_20250324_064826/round_014/mutations/mutated_0003.html (228)
[53832:53832:0324/090339.641048:INFO:CONSOLE(298)] "Uncaught SyntaxError: Unexpected end of input", source: file:///home/dhia/browser-fuzzer/Dissertation/logger/run_20250324_064826/round_014/mutations/mutated_0003.html (298)
[53832:53832:0324/090339.664352:INFO:CONSOLE(299)] "Uncaught SyntaxError: Unexpected end of input", source: file:///home/dhia/browser-fuzzer/Dissertation/logger/run_20250324_064826/round_014/mutations/mutated_0003.html (299)
[53832:53832:0324/090339.781175:INFO:CONSOLE(302)] "Uncaught SyntaxError: Invalid or unexpected token", source: file:///home/dhia/browser-fuzzer/Dissertation/logger/run_20250324_064826/round_014/mutations/mutated_0003.html (302)
[53832:53832:0324/090339.788357:INFO:CONSOLE(303)] "Uncaught SyntaxError: Invalid or unexpected token", source: file:///home/dhia/browser-fuzzer/Dissertation/logger/run_20250324_064826/round_014/mutations/mutated_0003.html (303)
[53832:53832:0324/090339.795483:INFO:CONSOLE(304)] "Uncaught SyntaxError: Invalid or unexpected token", source: file:///home/dhia/browser-fuzzer/Dissertation/logger/run_20250324_064826/round_014/mutations/mutated_0003.html (304)
[53832:53832:0324/090339.860883:INFO:CONSOLE(373)] "Uncaught SyntaxError: Unexpected end of input", source: file:///home/dhia/browser-fuzzer/Dissertation/logger/run_20250324_064826/round_014/mutations/mutated_0003.html (373)
[53832:53832:0324/090340.463284:INFO:CONSOLE(409)] "Uncaught SyntaxError: Invalid or unexpected token", source: file:///home/dhia/browser-fuzzer/Dissertation/logger/run_20250324_064826/round_014/mutations/mutated_0003.html (409)
[53832:53832:0324/090340.661756:INFO:CONSOLE(417)] "Uncaught SyntaxError: Invalid or unexpected token", source: file:///home/dhia/browser-fuzzer/Dissertation/logger/run_20250324_064826/round_014/mutations/mutated_0003.html (417)
[53832:53832:0324/090340.669645:INFO:CONSOLE(418)] "Uncaught SyntaxError: Invalid or unexpected token", source: file:///home/dhia/browser-fuzzer/Dissertation/logger/run_20250324_064826/round_014/mutations/mutated_0003.html (418)
[53832:53832:0324/090340.801725:INFO:CONSOLE(419)] "Uncaught SyntaxError: Invalid or unexpected token", source: file:///home/dhia/browser-fuzzer/Dissertation/logger/run_20250324_064826/round_014/mutations/mutated_0003.html (419)
[53832:53832:0324/090340.811623:INFO:CONSOLE(420)] "Uncaught SyntaxError: Invalid or unexpected token", source: file:///home/dhia/browser-fuzzer/Dissertation/logger/run_20250324_064826/round_014/mutations/mutated_0003.html (420)
[53832:53832:0324/090340.816585:INFO:CONSOLE(421)] "Uncaught SyntaxError: Invalid or unexpected token", source: file:///home/dhia/browser-fuzzer/Dissertation/logger/run_20250324_064826/round_014/mutations/mutated_0003.html (421)
[53832:53832:0324/090340.916865:INFO:CONSOLE(422)] "Uncaught SyntaxError: Invalid or unexpected token", source: file:///home/dhia/browser-fuzzer/Dissertation/logger/run_20250324_064826/round_014/mutations/mutated_0003.html (422)
[53832:53832:0324/090340.939378:INFO:CONSOLE(423)] "Uncaught SyntaxError: Invalid or unexpected token", source: file:///home/dhia/browser-fuzzer/Dissertation/logger/run_20250324_064826/round_014/mutations/mutated_0003.html (423)
[53832:53832:0324/090341.037673:INFO:CONSOLE(424)] "Uncaught SyntaxError: Invalid or unexpected token", source: file:///home/dhia/browser-fuzzer/Dissertation/logger/run_20250324_064826/round_014/mutations/mutated_0003.html (424)
[53832:53832:0324/090341.047598:INFO:CONSOLE(425)] "Uncaught SyntaxError: Invalid or unexpected token", source: file:///home/dhia/browser-fuzzer/Dissertation/logger/run_20250324_064826/round_014/mutations/mutated_0003.html (425)
[53832:53832:0324/090341.144924:INFO:CONSOLE(433)] "Uncaught SyntaxError: Invalid or unexpected token", source: file:///home/dhia/browser-fuzzer/Dissertation/logger/run_20250324_064826/round_014/mutations/mutated_0003.html (433)
[53832:53832:0324/090341.160858:INFO:CONSOLE(434)] "Uncaught SyntaxError: Invalid or unexpected token", source: file:///home/dhia/browser-fuzzer/Dissertation/logger/run_20250324_064826/round_014/mutations/mutated_0003.html (434)
[53832:53832:0324/090341.250125:INFO:CONSOLE(575)] "Uncaught SyntaxError: Invalid or unexpected token", source: file:///home/dhia/browser-fuzzer/Dissertation/logger/run_20250324_064826/round_014/mutations/mutated_0003.html (575)
[53832:53832:0324/090341.272527:INFO:CONSOLE(582)] "Uncaught SyntaxError: Invalid or unexpected token", source: file:///home/dhia/browser-fuzzer/Dissertation/logger/run_20250324_064826/round_014/mutations/mutated_0003.html (582)
[53832:53832:0324/090341.394179:INFO:CONSOLE(583)] "Uncaught SyntaxError: Invalid or unexpected token", source: file:///home/dhia/browser-fuzzer/Dissertation/logger/run_20250324_064826/round_014/mutations/mutated_0003.html (583)
[53832:53832:0324/090341.398300:INFO:CONSOLE(724)] "Uncaught SyntaxError: Invalid or unexpected token", source: file:///home/dhia/browser-fuzzer/Dissertation/logger/run_20250324_064826/round_014/mutations/mutated_0003.html (724)
[53832:53832:0324/090341.521232:INFO:CONSOLE(766)] "Uncaught SyntaxError: Invalid or unexpected token", source: file:///home/dhia/browser-fuzzer/Dissertation/logger/run_20250324_064826/round_014/mutations/mutated_0003.html (766)
[53832:53832:0324/090341.530427:INFO:CONSOLE(777)] "Uncaught SyntaxError: Invalid or unexpected token", source: file:///home/dhia/browser-fuzzer/Dissertation/logger/run_20250324_064826/round_014/mutations/mutated_0003.html (777)
[53832:53832:0324/090341.739357:INFO:CONSOLE(836)] "Uncaught SyntaxError: Invalid or unexpected token", source: file:///home/dhia/browser-fuzzer/Dissertation/logger/run_20250324_064826/round_014/mutations/mutated_0003.html (836)
[53832:53832:0324/090342.028770:INFO:CONSOLE(860)] "Uncaught SyntaxError: Invalid or unexpected token", source: file:///home/dhia/browser-fuzzer/Dissertation/logger/run_20250324_064826/round_014/mutations/mutated_0003.html (860)
[53832:53832:0324/090342.035803:INFO:CONSOLE(861)] "Uncaught SyntaxError: Invalid or unexpected token", source: file:///home/dhia/browser-fuzzer/Dissertation/logger/run_20250324_064826/round_014/mutations/mutated_0003.html (861)
[53832:53832:0324/090342.381654:INFO:CONSOLE(870)] "Uncaught SyntaxError: Invalid or unexpected token", source: file:///home/dhia/browser-fuzzer/Dissertation/logger/run_20250324_064826/round_014/mutations/mutated_0003.html (870)
[53832:53832:0324/090342.575547:INFO:CONSOLE(940)] "Uncaught SyntaxError: Unexpected end of input", source: file:///home/dhia/browser-fuzzer/Dissertation/logger/run_20250324_064826/round_014/mutations/mutated_0003.html (940)
[53832:53832:0324/090342.581749:INFO:CONSOLE(941)] "Uncaught SyntaxError: Unexpected end of input", source: file:///home/dhia/browser-fuzzer/Dissertation/logger/run_20250324_064826/round_014/mutations/mutated_0003.html (941)
[53832:53832:0324/090342.585795:INFO:CONSOLE(944)] "Uncaught SyntaxError: Invalid or unexpected token", source: file:///home/dhia/browser-fuzzer/Dissertation/logger/run_20250324_064826/round_014/mutations/mutated_0003.html (944)
[53832:53832:0324/090342.800471:INFO:CONSOLE(945)] "Uncaught SyntaxError: Invalid or unexpected token", source: file:///home/dhia/browser-fuzzer/Dissertation/logger/run_20250324_064826/round_014/mutations/mutated_0003.html (945)
[53832:53832:0324/090342.805388:INFO:CONSOLE(946)] "Uncaught SyntaxError: Invalid or unexpected token", source: file:///home/dhia/browser-fuzzer/Dissertation/logger/run_20250324_064826/round_014/mutations/mutated_0003.html (946)
[53832:53832:0324/090343.052645:INFO:CONSOLE(1015)] "Uncaught SyntaxError: Unexpected end of input", source: file:///home/dhia/browser-fuzzer/Dissertation/logger/run_20250324_064826/round_014/mutations/mutated_0003.html (1015)
[53832:53832:0324/090343.541304:INFO:CONSOLE(1041)] "Uncaught SyntaxError: Invalid or unexpected token", source: file:///home/dhia/browser-fuzzer/Dissertation/logger/run_20250324_064826/round_014/mutations/mutated_0003.html (1041)
[53832:53832:0324/090343.763645:INFO:CONSOLE(1049)] "Uncaught SyntaxError: Invalid or unexpected token", source: file:///home/dhia/browser-fuzzer/Dissertation/logger/run_20250324_064826/round_014/mutations/mutated_0003.html (1049)
[53832:53832:0324/090343.772624:INFO:CONSOLE(1050)] "Uncaught SyntaxError: Invalid or unexpected token", source: file:///home/dhia/browser-fuzzer/Dissertation/logger/run_20250324_064826/round_014/mutations/mutated_0003.html (1050)
[53832:53832:0324/090343.780403:INFO:CONSOLE(1051)] "Uncaught SyntaxError: Invalid or unexpected token", source: file:///home/dhia/browser-fuzzer/Dissertation/logger/run_20250324_064826/round_014/mutations/mutated_0003.html (1051)
[53832:53832:0324/090343.876513:INFO:CONSOLE(1052)] "Uncaught SyntaxError: Invalid or unexpected token", source: file:///home/dhia/browser-fuzzer/Dissertation/logger/run_20250324_064826/round_014/mutations/mutated_0003.html (1052)
[53832:53832:0324/090343.887775:INFO:CONSOLE(1053)] "Uncaught SyntaxError: Invalid or unexpected token", source: file:///home/dhia/browser-fuzzer/Dissertation/logger/run_20250324_064826/round_014/mutations/mutated_0003.html (1053)
[53832:53832:0324/090343.901752:INFO:CONSOLE(1054)] "Uncaught SyntaxError: Invalid or unexpected token", source: file:///home/dhia/browser-fuzzer/Dissertation/logger/run_20250324_064826/round_014/mutations/mutated_0003.html (1054)
[53832:53832:0324/090344.046853:INFO:CONSOLE(1055)] "Uncaught SyntaxError: Invalid or unexpected token", source: file:///home/dhia/browser-fuzzer/Dissertation/logger/run_20250324_064826/round_014/mutations/mutated_0003.html (1055)
[53832:53832:0324/090344.062056:INFO:CONSOLE(1056)] "Uncaught SyntaxError: Invalid or unexpected token", source: file:///home/dhia/browser-fuzzer/Dissertation/logger/run_20250324_064826/round_014/mutations/mutated_0003.html (1056)
[53832:53832:0324/090344.065700:INFO:CONSOLE(1057)] "Uncaught SyntaxError: Invalid or unexpected token", source: file:///home/dhia/browser-fuzzer/Dissertation/logger/run_20250324_064826/round_014/mutations/mutated_0003.html (1057)
[53832:53832:0324/090344.227575:INFO:CONSOLE(1065)] "Uncaught SyntaxError: Invalid or unexpected token", source: file:///home/dhia/browser-fuzzer/Dissertation/logger/run_20250324_064826/round_014/mutations/mutated_0003.html (1065)
[53832:53832:0324/090344.243640:INFO:CONSOLE(1066)] "Uncaught SyntaxError: Invalid or unexpected token", source: file:///home/dhia/browser-fuzzer/Dissertation/logger/run_20250324_064826/round_014/mutations/mutated_0003.html (1066)
[53832:53832:0324/090344.459407:INFO:CONSOLE(1207)] "Uncaught SyntaxError: Invalid or unexpected token", source: file:///home/dhia/browser-fuzzer/Dissertation/logger/run_20250324_064826/round_014/mutations/mutated_0003.html (1207)
[53832:53832:0324/090344.489030:INFO:CONSOLE(1214)] "Uncaught SyntaxError: Invalid or unexpected token", source: file:///home/dhia/browser-fuzzer/Dissertation/logger/run_20250324_064826/round_014/mutations/mutated_0003.html (1214)
[53832:53832:0324/090344.682311:INFO:CONSOLE(1215)] "Uncaught SyntaxError: Invalid or unexpected token", source: file:///home/dhia/browser-fuzzer/Dissertation/logger/run_20250324_064826/round_014/mutations/mutated_0003.html (1215)
[53832:53832:0324/090344.703357:INFO:CONSOLE(1356)] "Uncaught SyntaxError: Invalid or unexpected token", source: file:///home/dhia/browser-fuzzer/Dissertation/logger/run_20250324_064826/round_014/mutations/mutated_0003.html (1356)
[53832:53832:0324/090344.934909:INFO:CONSOLE(1396)] "Uncaught SyntaxError: Invalid or unexpected token", source: file:///home/dhia/browser-fuzzer/Dissertation/logger/run_20250324_064826/round_014/mutations/mutated_0003.html (1396)
[53832:53832:0324/090344.948471:INFO:CONSOLE(1397)] "Uncaught SyntaxError: Invalid or unexpected token", source: file:///home/dhia/browser-fuzzer/Dissertation/logger/run_20250324_064826/round_014/mutations/mutated_0003.html (1397)
[53832:53832:0324/090345.195478:INFO:CONSOLE(1456)] "Uncaught SyntaxError: Invalid or unexpected token", source: file:///home/dhia/browser-fuzzer/Dissertation/logger/run_20250324_064826/round_014/mutations/mutated_0003.html (1456)
[53832:53832:0324/090345.566131:INFO:CONSOLE(1480)] "Uncaught SyntaxError: Invalid or unexpected token", source: file:///home/dhia/browser-fuzzer/Dissertation/logger/run_20250324_064826/round_014/mutations/mutated_0003.html (1480)
[53832:53832:0324/090345.570857:INFO:CONSOLE(1488)] "Uncaught SyntaxError: Invalid or unexpected token", source: file:///home/dhia/browser-fuzzer/Dissertation/logger/run_20250324_064826/round_014/mutations/mutated_0003.html (1488)
[53832:53832:0324/090345.734624:INFO:CONSOLE(1489)] "Uncaught SyntaxError: Invalid or unexpected token", source: file:///home/dhia/browser-fuzzer/Dissertation/logger/run_20250324_064826/round_014/mutations/mutated_0003.html (1489)
[53832:53832:0324/090345.763787:INFO:CONSOLE(1630)] "Uncaught SyntaxError: Invalid or unexpected token", source: file:///home/dhia/browser-fuzzer/Dissertation/logger/run_20250324_064826/round_014/mutations/mutated_0003.html (1630)
[53832:53832:0324/090345.993184:INFO:CONSOLE(1637)] "Uncaught SyntaxError: Invalid or unexpected token", source: file:///home/dhia/browser-fuzzer/Dissertation/logger/run_20250324_064826/round_014/mutations/mutated_0003.html (1637)
[53832:53832:0324/090345.997926:INFO:CONSOLE(1638)] "Uncaught SyntaxError: Invalid or unexpected token", source: file:///home/dhia/browser-fuzzer/Dissertation/logger/run_20250324_064826/round_014/mutations/mutated_0003.html (1638)
[53832:53832:0324/090346.002624:INFO:CONSOLE(1779)] "Uncaught SyntaxError: Invalid or unexpected token", source: file:///home/dhia/browser-fuzzer/Dissertation/logger/run_20250324_064826/round_014/mutations/mutated_0003.html (1779)
[53832:53832:0324/090346.289318:INFO:CONSOLE(1809)] "Uncaught SyntaxError: Invalid or unexpected token", source: file:///home/dhia/browser-fuzzer/Dissertation/logger/run_20250324_064826/round_014/mutations/mutated_0003.html (1809)
[53832:53832:0324/090346.293554:INFO:CONSOLE(1810)] "Uncaught SyntaxError: Invalid or unexpected token", source: file:///home/dhia/browser-fuzzer/Dissertation/logger/run_20250324_064826/round_014/mutations/mutated_0003.html (1810)
[53832:53832:0324/090346.539499:INFO:CONSOLE(1815)] "Uncaught ReferenceError: triggmrFuzz is not defined", source: file:///home/dhia/browser-fuzzer/Dissertation/logger/run_20250324_064826/round_014/mutations/mutated_0003.html (1815)
[53832:53832:0324/090346.574962:INFO:CONSOLE(1816)] "Uncaught ReferenceError: tRiggerFuzz is not defined", source: file:///home/dhia/browser-fuzzer/Dissertation/logger/run_20250324_064826/round_014/mutations/mutated_0003.html (1816)
[53832:53832:0324/090346.676299:INFO:CONSOLE(1819)] "Uncaught SyntaxError: Invalid or unexpected token", source: file:///home/dhia/browser-fuzzer/Dissertation/logger/run_20250324_064826/round_014/mutations/mutated_0003.html (1819)
[53832:53832:0324/090346.955157:INFO:CONSOLE(1899)] "Uncaught SyntaxError: Unexpected end of input", source: file:///home/dhia/browser-fuzzer/Dissertation/logger/run_20250324_064826/round_014/mutations/mutated_0003.html (1899)
[53832:53832:0324/090346.969353:INFO:CONSOLE(1900)] "Uncaught SyntaxError: Unexpected end of input", source: file:///home/dhia/browser-fuzzer/Dissertation/logger/run_20250324_064826/round_014/mutations/mutated_0003.html (1900)
[53832:53832:0324/090346.985689:INFO:CONSOLE(1903)] "Uncaught SyntaxError: Invalid or unexpected token", source: file:///home/dhia/browser-fuzzer/Dissertation/logger/run_20250324_064826/round_014/mutations/mutated_0003.html (1903)
[53832:53832:0324/090347.240908:INFO:CONSOLE(1904)] "Uncaught SyntaxError: Invalid or unexpected token", source: file:///home/dhia/browser-fuzzer/Dissertation/logger/run_20250324_064826/round_014/mutations/mutated_0003.html (1904)
[53832:53832:0324/090347.249556:INFO:CONSOLE(1905)] "Uncaught SyntaxError: Invalid or unexpected token", source: file:///home/dhia/browser-fuzzer/Dissertation/logger/run_20250324_064826/round_014/mutations/mutated_0003.html (1905)
[53832:53832:0324/090347.518780:INFO:CONSOLE(1974)] "Uncaught SyntaxError: Unexpected end of input", source: file:///home/dhia/browser-fuzzer/Dissertation/logger/run_20250324_064826/round_014/mutations/mutated_0003.html (1974)
[53832:53832:0324/090347.528764:INFO:CONSOLE(1975)] "Uncaught SyntaxError: Unexpected end of input", source: file:///home/dhia/browser-fuzzer/Dissertation/logger/run_20250324_064826/round_014/mutations/mutated_0003.html (1975)
[53832:53832:0324/090347.535627:INFO:CONSOLE(1977)] "Uncaught SyntaxError: Invalid or unexpected token", source: file:///home/dhia/browser-fuzzer/Dissertation/logger/run_20250324_064826/round_014/mutations/mutated_0003.html (1977)
[53832:53832:0324/090347.780287:INFO:CONSOLE(2046)] "Uncaught SyntaxError: Unexpected end of input", source: file:///home/dhia/browser-fuzzer/Dissertation/logger/run_20250324_064826/round_014/mutations/mutated_0003.html (2046)
[53832:53832:0324/090347.784724:INFO:CONSOLE(2047)] "Uncaught SyntaxError: Unexpected end of input", source: file:///home/dhia/browser-fuzzer/Dissertation/logger/run_20250324_064826/round_014/mutations/mutated_0003.html (2047)
[53832:53832:0324/090348.062726:INFO:CONSOLE(2117)] "Uncaught SyntaxError: Unexpected end of input", source: file:///home/dhia/browser-fuzzer/Dissertation/logger/run_20250324_064826/round_014/mutations/mutated_0003.html (2117)
[53832:53832:0324/090348.354836:INFO:CONSOLE(2153)] "Uncaught SyntaxError: Invalid or unexpected token", source: file:///home/dhia/browser-fuzzer/Dissertation/logger/run_20250324_064826/round_014/mutations/mutated_0003.html (2153)
[53832:53832:0324/090348.718035:INFO:CONSOLE(2208)] "Uncaught SyntaxError: Invalid or unexpected token", source: file:///home/dhia/browser-fuzzer/Dissertation/logger/run_20250324_064826/round_014/mutations/mutated_0003.html (2208)
[53832:53832:0324/090349.084147:INFO:CONSOLE(2284)] "Uncaught SyntaxError: Invalid or unexpected token", source: file:///home/dhia/browser-fuzzer/Dissertation/logger/run_20250324_064826/round_014/mutations/mutated_0003.html (2284)
[53832:53832:0324/090349.493378:INFO:CONSOLE(2321)] "Uncaught SyntaxError: Invalid or unexpected token", source: file:///home/dhia/browser-fuzzer/Dissertation/logger/run_20250324_064826/round_014/mutations/mutated_0003.html (2321)
[53832:53832:0324/090349.782723:INFO:CONSOLE(2391)] "Uncaught SyntaxError: Invalid or unexpected token", source: file:///home/dhia/browser-fuzzer/Dissertation/logger/run_20250324_064826/round_014/mutations/mutated_0003.html (2391)
[53832:53832:0324/090349.801750:INFO:CONSOLE(2401)] "Uncaught SyntaxError: Invalid or unexpected token", source: file:///home/dhia/browser-fuzzer/Dissertation/logger/run_20250324_064826/round_014/mutations/mutated_0003.html (2401)
[53832:53832:0324/090350.161090:INFO:CONSOLE(2456)] "Uncaught SyntaxError: Invalid or unexpected token", source: file:///home/dhia/browser-fuzzer/Dissertation/logger/run_20250324_064826/round_014/mutations/mutated_0003.html (2456)
[53832:53832:0324/090350.176580:INFO:CONSOLE(2463)] "Uncaught SyntaxError: Invalid or unexpected token", source: file:///home/dhia/browser-fuzzer/Dissertation/logger/run_20250324_064826/round_014/mutations/mutated_0003.html (2463)
[53832:53832:0324/090350.485105:INFO:CONSOLE(2464)] "Uncaught SyntaxError: Invalid or unexpected token", source: file:///home/dhia/browser-fuzzer/Dissertation/logger/run_20250324_064826/round_014/mutations/mutated_0003.html (2464)
[53832:53832:0324/090350.500854:INFO:CONSOLE(2605)] "Uncaught SyntaxError: Invalid or unexpected token", source: file:///home/dhia/browser-fuzzer/Dissertation/logger/run_20250324_064826/round_014/mutations/mutated_0003.html (2605)
[53832:53832:0324/090350.980548:INFO:CONSOLE(2609)] "Uncaught SyntaxError: Invalid or unexpected token", source: file:///home/dhia/browser-fuzzer/Dissertation/logger/run_20250324_064826/round_014/mutations/mutated_0003.html (2609)
[53832:53832:0324/090351.004580:INFO:CONSOLE(2616)] "Uncaught SyntaxError: Invalid or unexpected token", source: file:///home/dhia/browser-fuzzer/Dissertation/logger/run_20250324_064826/round_014/mutations/mutated_0003.html (2616)
[53832:53832:0324/090351.185767:INFO:CONSOLE(2617)] "Uncaught SyntaxError: Invalid or unexpected token", source: file:///home/dhia/browser-fuzzer/Dissertation/logger/run_20250324_064826/round_014/mutations/mutated_0003.html (2617)
[53832:53832:0324/090351.693857:INFO:CONSOLE(2764)] "Uncaught SyntaxError: Invalid or unexpected token", source: file:///home/dhia/browser-fuzzer/Dissertation/logger/run_20250324_064826/round_014/mutations/mutated_0003.html (2764)
[53832:53832:0324/090351.699256:INFO:CONSOLE(2765)] "Uncaught SyntaxError: Invalid or unexpected token", source: file:///home/dhia/browser-fuzzer/Dissertation/logger/run_20250324_064826/round_014/mutations/mutated_0003.html (2765)
[53832:53832:0324/090351.712152:INFO:CONSOLE(2906)] "Uncaught SyntaxError: Invalid or unexpected token", source: file:///home/dhia/browser-fuzzer/Dissertation/logger/run_20250324_064826/round_014/mutations/mutated_0003.html (2906)
[53832:53832:0324/090352.236382:INFO:CONSOLE(2923)] "Uncaught SyntaxError: Invalid or unexpected token", source: file:///home/dhia/browser-fuzzer/Dissertation/logger/run_20250324_064826/round_014/mutations/mutated_0003.html (2923)
[53832:53832:0324/090352.261102:INFO:CONSOLE(2993)] "Uncaught SyntaxError: Invalid or unexpected token", source: file:///home/dhia/browser-fuzzer/Dissertation/logger/run_20250324_064826/round_014/mutations/mutated_0003.html (2993)
[53832:53832:0324/090352.715918:INFO:CONSOLE(2994)] "Uncaught SyntaxError: Invalid or unexpected token", source: file:///home/dhia/browser-fuzzer/Dissertation/logger/run_20250324_064826/round_014/mutations/mutated_0003.html (2994)
[53832:53832:0324/090352.733787:INFO:CONSOLE(3005)] "Uncaught SyntaxError: Invalid or unexpected token", source: file:///home/dhia/browser-fuzzer/Dissertation/logger/run_20250324_064826/round_014/mutations/mutated_0003.html (3005)
[53832:53832:0324/090352.748781:INFO:CONSOLE(3006)] "Uncaught SyntaxError: Invalid or unexpected token", source: file:///home/dhia/browser-fuzzer/Dissertation/logger/run_20250324_064826/round_014/mutations/mutated_0003.html (3006)
[53832:53832:0324/090352.919994:INFO:CONSOLE(3018)] "Uncaught SyntaxError: Invalid or unexpected token", source: file:///home/dhia/browser-fuzzer/Dissertation/logger/run_20250324_064826/round_014/mutations/mutated_0003.html (3018)
[53832:53832:0324/090354.178151:INFO:CONSOLE(3032)] "Uncaught SyntaxError: Invalid or unexpected token", source: file:///home/dhia/browser-fuzzer/Dissertation/logger/run_20250324_064826/round_014/mutations/mutated_0003.html (3032)
[53832:53832:0324/090354.306299:INFO:CONSOLE(3035)] "Uncaught SyntaxError: Invalid or unexpected token", source: file:///home/dhia/browser-fuzzer/Dissertation/logger/run_20250324_064826/round_014/mutations/mutated_0003.html (3035)
[53832:53832:0324/090354.481830:INFO:CONSOLE(3042)] "Uncaught SyntaxError: Invalid or unexpected token", source: file:///home/dhia/browser-fuzzer/Dissertation/logger/run_20250324_064826/round_014/mutations/mutated_0003.html (3042)
[53832:53832:0324/090354.669316:INFO:CONSOLE(3050)] "Uncaught SyntaxError: Invalid or unexpected token", source: file:///home/dhia/browser-fuzzer/Dissertation/logger/run_20250324_064826/round_014/mutations/mutated_0003.html (3050)
[53832:53832:0324/090354.677313:INFO:CONSOLE(3057)] "Uncaught SyntaxError: Invalid or unexpected token", source: file:///home/dhia/browser-fuzzer/Dissertation/logger/run_20250324_064826/round_014/mutations/mutated_0003.html (3057)
[53832:53832:0324/090355.044189:INFO:CONSOLE(3065)] "Uncaught SyntaxError: Invalid or unexpected token", source: file:///home/dhia/browser-fuzzer/Dissertation/logger/run_20250324_064826/round_014/mutations/mutated_0003.html (3065)
[53832:53832:0324/090355.053385:INFO:CONSOLE(3066)] "Uncaught SyntaxError: Invalid or unexpected token", source: file:///home/dhia/browser-fuzzer/Dissertation/logger/run_20250324_064826/round_014/mutations/mutated_0003.html (3066)
[53832:53832:0324/090355.224296:INFO:CONSOLE(3070)] "Uncaught SyntaxError: Invalid or unexpected token", source: file:///home/dhia/browser-fuzzer/Dissertation/logger/run_20250324_064826/round_014/mutations/mutated_0003.html (3070)
[53832:53832:0324/090355.233534:INFO:CONSOLE(3071)] "Uncaught SyntaxError: Invalid or unexpected token", source: file:///home/dhia/browser-fuzzer/Dissertation/logger/run_20250324_064826/round_014/mutations/mutated_0003.html (3071)
[53832:53832:0324/090355.423123:INFO:CONSOLE(3072)] "Uncaught SyntaxError: Invalid or unexpected token", source: file:///home/dhia/browser-fuzzer/Dissertation/logger/run_20250324_064826/round_014/mutations/mutated_0003.html (3072)
[53832:53832:0324/090355.432651:INFO:CONSOLE(3073)] "Uncaught SyntaxError: Invalid or unexpected token", source: file:///home/dhia/browser-fuzzer/Dissertation/logger/run_20250324_064826/round_014/mutations/mutated_0003.html (3073)
[53832:53832:0324/090355.443740:INFO:CONSOLE(3086)] "Uncaught SyntaxError: Invalid or unexpected token", source: file:///home/dhia/browser-fuzzer/Dissertation/logger/run_20250324_064826/round_014/mutations/mutated_0003.html (3086)
[53832:53832:0324/090355.449146:INFO:CONSOLE(3099)] "Uncaught SyntaxError: Invalid or unexpected token", source: file:///home/dhia/browser-fuzzer/Dissertation/logger/run_20250324_064826/round_014/mutations/mutated_0003.html (3099)
[53832:53832:0324/090355.455177:INFO:CONSOLE(3100)] "Uncaught SyntaxError: Invalid or unexpected token", source: file:///home/dhia/browser-fuzzer/Dissertation/logger/run_20250324_064826/round_014/mutations/mutated_0003.html (3100)
[53832:53832:0324/090355.654558:INFO:CONSOLE(3101)] "Uncaught SyntaxError: Invalid or unexpected token", source: file:///home/dhia/browser-fuzzer/Dissertation/logger/run_20250324_064826/round_014/mutations/mutated_0003.html (3101)
[53832:53832:0324/090355.663063:INFO:CONSOLE(3102)] "Uncaught SyntaxError: Invalid or unexpected token", source: file:///home/dhia/browser-fuzzer/Dissertation/logger/run_20250324_064826/round_014/mutations/mutated_0003.html (3102)
[53832:53832:0324/090355.848797:INFO:CONSOLE(3108)] "Uncaught SyntaxError: Invalid or unexpected token", source: file:///home/dhia/browser-fuzzer/Dissertation/logger/run_20250324_064826/round_014/mutations/mutated_0003.html (3108)
[53832:53832:0324/090355.856145:INFO:CONSOLE(3109)] "Uncaught SyntaxError: Invalid or unexpected token", source: file:///home/dhia/browser-fuzzer/Dissertation/logger/run_20250324_064826/round_014/mutations/mutated_0003.html (3109)
[53832:53832:0324/090355.875997:INFO:CONSOLE(3115)] "Uncaught SyntaxError: Invalid or unexpected token", source: file:///home/dhia/browser-fuzzer/Dissertation/logger/run_20250324_064826/round_014/mutations/mutated_0003.html (3115)
[53832:53832:0324/090356.093780:INFO:CONSOLE(3116)] "Uncaught SyntaxError: Invalid or unexpected token", source: file:///home/dhia/browser-fuzzer/Dissertation/logger/run_20250324_064826/round_014/mutations/mutated_0003.html (3116)
[53832:53832:0324/090356.115375:INFO:CONSOLE(3128)] "Uncaught SyntaxError: Invalid or unexpected token", source: file:///home/dhia/browser-fuzzer/Dissertation/logger/run_20250324_064826/round_014/mutations/mutated_0003.html (3128)
[53832:53832:0324/090356.313066:INFO:CONSOLE(3129)] "Uncaught SyntaxError: Invalid or unexpected token", source: file:///home/dhia/browser-fuzzer/Dissertation/logger/run_20250324_064826/round_014/mutations/mutated_0003.html (3129)
[53832:53832:0324/090356.323478:INFO:CONSOLE(3130)] "Uncaught SyntaxError: Invalid or unexpected token", source: file:///home/dhia/browser-fuzzer/Dissertation/logger/run_20250324_064826/round_014/mutations/mutated_0003.html (3130)
[53832:53832:0324/090356.330403:INFO:CONSOLE(3131)] "Uncaught SyntaxError: Invalid or unexpected token", source: file:///home/dhia/browser-fuzzer/Dissertation/logger/run_20250324_064826/round_014/mutations/mutated_0003.html (3131)
[53832:53832:0324/090356.557311:INFO:CONSOLE(3144)] "Uncaught SyntaxError: Invalid or unexpected token", source: file:///home/dhia/browser-fuzzer/Dissertation/logger/run_20250324_064826/round_014/mutations/mutated_0003.html (3144)
[53832:53832:0324/090356.562263:INFO:CONSOLE(3145)] "Uncaught SyntaxError: Invalid or unexpected token", source: file:///home/dhia/browser-fuzzer/Dissertation/logger/run_20250324_064826/round_014/mutations/mutated_0003.html (3145)
[53832:53832:0324/090356.567962:INFO:CONSOLE(3146)] "Uncaught SyntaxError: Invalid or unexpected token", source: file:///home/dhia/browser-fuzzer/Dissertation/logger/run_20250324_064826/round_014/mutations/mutated_0003.html (3146)
[53832:53832:0324/090356.806013:INFO:CONSOLE(3150)] "Uncaught SyntaxError: Invalid or unexpected token", source: file:///home/dhia/browser-fuzzer/Dissertation/logger/run_20250324_064826/round_014/mutations/mutated_0003.html (3150)
[53832:53832:0324/090356.829131:INFO:CONSOLE(3151)] "Uncaught SyntaxError: Invalid or unexpected token", source: file:///home/dhia/browser-fuzzer/Dissertation/logger/run_20250324_064826/round_014/mutations/mutated_0003.html (3151)
[53832:53832:0324/090356.841684:INFO:CONSOLE(3152)] "Uncaught SyntaxError: Invalid or unexpected token", source: file:///home/dhia/browser-fuzzer/Dissertation/logger/run_20250324_064826/round_014/mutations/mutated_0003.html (3152)
[53832:53832:0324/090356.851811:INFO:CONSOLE(3153)] "Uncaught SyntaxError: Invalid or unexpected token", source: file:///home/dhia/browser-fuzzer/Dissertation/logger/run_20250324_064826/round_014/mutations/mutated_0003.html (3153)
[53832:53832:0324/090357.061424:INFO:CONSOLE(3154)] "Uncaught SyntaxError: Invalid or unexpected token", source: file:///home/dhia/browser-fuzzer/Dissertation/logger/run_20250324_064826/round_014/mutations/mutated_0003.html (3154)
[53832:53832:0324/090357.075484:INFO:CONSOLE(3155)] "Uncaught SyntaxError: Invalid or unexpected token", source: file:///home/dhia/browser-fuzzer/Dissertation/logger/run_20250324_064826/round_014/mutations/mutated_0003.html (3155)
[53832:53832:0324/090357.086312:INFO:CONSOLE(3156)] "Uncaught SyntaxError: Invalid or unexpected token", source: file:///home/dhia/browser-fuzzer/Dissertation/logger/run_20250324_064826/round_014/mutations/mutated_0003.html (3156)
[53832:53832:0324/090357.302715:INFO:CONSOLE(3157)] "Uncaught SyntaxError: Invalid or unexpected token", source: file:///home/dhia/browser-fuzzer/Dissertation/logger/run_20250324_064826/round_014/mutations/mutated_0003.html (3157)
[53832:53832:0324/090357.320565:INFO:CONSOLE(3158)] "Uncaught SyntaxError: Invalid or unexpected token", source: file:///home/dhia/browser-fuzzer/Dissertation/logger/run_20250324_064826/round_014/mutations/mutated_0003.html (3158)
[53832:53832:0324/090357.526928:INFO:CONSOLE(3159)] "Uncaught SyntaxError: Invalid or unexpected token", source: file:///home/dhia/browser-fuzzer/Dissertation/logger/run_20250324_064826/round_014/mutations/mutated_0003.html (3159)
[53832:53832:0324/090357.532877:INFO:CONSOLE(3160)] "Uncaught SyntaxError: Invalid or unexpected token", source: file:///home/dhia/browser-fuzzer/Dissertation/logger/run_20250324_064826/round_014/mutations/mutated_0003.html (3160)
[53832:53832:0324/090357.539316:INFO:CONSOLE(3161)] "Uncaught SyntaxError: Invalid or unexpected token", source: file:///home/dhia/browser-fuzzer/Dissertation/logger/run_20250324_064826/round_014/mutations/mutated_0003.html (3161)
[53832:53832:0324/090357.741389:INFO:CONSOLE(3162)] "Uncaught SyntaxError: Invalid or unexpected token", source: file:///home/dhia/browser-fuzzer/Dissertation/logger/run_20250324_064826/round_014/mutations/mutated_0003.html (3162)
[53832:53832:0324/090357.746790:INFO:CONSOLE(3163)] "Uncaught SyntaxError: Invalid or unexpected token", source: file:///home/dhia/browser-fuzzer/Dissertation/logger/run_20250324_064826/round_014/mutations/mutated_0003.html (3163)
[53832:53832:0324/090357.753846:INFO:CONSOLE(3164)] "Uncaught SyntaxError: Invalid or unexpected token", source: file:///home/dhia/browser-fuzzer/Dissertation/logger/run_20250324_064826/round_014/mutations/mutated_0003.html (3164)
[53832:53832:0324/090357.770427:INFO:CONSOLE(3165)] "Uncaught SyntaxError: Invalid or unexpected token", source: file:///home/dhia/browser-fuzzer/Dissertation/logger/run_20250324_064826/round_014/mutations/mutated_0003.html (3165)
[53832:53832:0324/090357.790220:INFO:CONSOLE(3166)] "Uncaught SyntaxError: Invalid or unexpected token", source: file:///home/dhia/browser-fuzzer/Dissertation/logger/run_20250324_064826/round_014/mutations/mutated_0003.html (3166)
[53832:53832:0324/090358.005123:INFO:CONSOLE(3167)] "Uncaught SyntaxError: Invalid or unexpected token", source: file:///home/dhia/browser-fuzzer/Dissertation/logger/run_20250324_064826/round_014/mutations/mutated_0003.html (3167)
[53832:53832:0324/090358.016241:INFO:CONSOLE(3180)] "Uncaught SyntaxError: Invalid or unexpected token", source: file:///home/dhia/browser-fuzzer/Dissertation/logger/run_20250324_064826/round_014/mutations/mutated_0003.html (3180)
[53832:53832:0324/090358.238177:INFO:CONSOLE(3181)] "Uncaught SyntaxError: Invalid or unexpected token", source: file:///home/dhia/browser-fuzzer/Dissertation/logger/run_20250324_064826/round_014/mutations/mutated_0003.html (3181)
[53832:53832:0324/090358.250702:INFO:CONSOLE(3182)] "Uncaught SyntaxError: Invalid or unexpected token", source: file:///home/dhia/browser-fuzzer/Dissertation/logger/run_20250324_064826/round_014/mutations/mutated_0003.html (3182)
[53832:53832:0324/090358.260302:INFO:CONSOLE(3183)] "Uncaught SyntaxError: Invalid or unexpected token", source: file:///home/dhia/browser-fuzzer/Dissertation/logger/run_20250324_064826/round_014/mutations/mutated_0003.html (3183)
[53832:53832:0324/090358.271176:INFO:CONSOLE(3184)] "Uncaught SyntaxError: Invalid or unexpected token", source: file:///home/dhia/browser-fuzzer/Dissertation/logger/run_20250324_064826/round_014/mutations/mutated_0003.html (3184)
[53832:53832:0324/090358.280562:INFO:CONSOLE(3185)] "Uncaught SyntaxError: Invalid or unexpected token", source: file:///home/dhia/browser-fuzzer/Dissertation/logger/run_20250324_064826/round_014/mutations/mutated_0003.html (3185)
[53832:53832:0324/090358.519378:INFO:CONSOLE(3186)] "Uncaught SyntaxError: Invalid or unexpected token", source: file:///home/dhia/browser-fuzzer/Dissertation/logger/run_20250324_064826/round_014/mutations/mutated_0003.html (3186)
[53832:53832:0324/090358.527000:INFO:CONSOLE(3187)] "Uncaught SyntaxError: Invalid or unexpected token", source: file:///home/dhia/browser-fuzzer/Dissertation/logger/run_20250324_064826/round_014/mutations/mutated_0003.html (3187)
[53832:53832:0324/090358.768661:INFO:CONSOLE(3188)] "Uncaught SyntaxError: Invalid or unexpected token", source: file:///home/dhia/browser-fuzzer/Dissertation/logger/run_20250324_064826/round_014/mutations/mutated_0003.html (3188)
[53832:53832:0324/090358.772884:INFO:CONSOLE(3189)] "Uncaught SyntaxError: Invalid or unexpected token", source: file:///home/dhia/browser-fuzzer/Dissertation/logger/run_20250324_064826/round_014/mutations/mutated_0003.html (3189)
[53832:53832:0324/090359.043220:INFO:CONSOLE(3190)] "Uncaught SyntaxError: Invalid or unexpected token", source: file:///home/dhia/browser-fuzzer/Dissertation/logger/run_20250324_064826/round_014/mutations/mutated_0003.html (3190)
[53832:53832:0324/090359.052947:INFO:CONSOLE(3191)] "Uncaught SyntaxError: Invalid or unexpected token", source: file:///home/dhia/browser-fuzzer/Dissertation/logger/run_20250324_064826/round_014/mutations/mutated_0003.html (3191)
[53832:53832:0324/090359.264710:INFO:CONSOLE(3192)] "Uncaught SyntaxError: Invalid or unexpected token", source: file:///home/dhia/browser-fuzzer/Dissertation/logger/run_20250324_064826/round_014/mutations/mutated_0003.html (3192)
[53832:53832:0324/090359.276243:INFO:CONSOLE(3193)] "Uncaught SyntaxError: Invalid or unexpected token", source: file:///home/dhia/browser-fuzzer/Dissertation/logger/run_20250324_064826/round_014/mutations/mutated_0003.html (3193)
[53832:53832:0324/090359.656760:INFO:CONSOLE(3194)] "Uncaught SyntaxError: Invalid or unexpected token", source: file:///home/dhia/browser-fuzzer/Dissertation/logger/run_20250324_064826/round_014/mutations/mutated_0003.html (3194)
[53832:53832:0324/090359.667916:INFO:CONSOLE(3195)] "Uncaught SyntaxError: Invalid or unexpected token", source: file:///home/dhia/browser-fuzzer/Dissertation/logger/run_20250324_064826/round_014/mutations/mutated_0003.html (3195)
[53832:53832:0324/090359.946064:INFO:CONSOLE(3196)] "Uncaught SyntaxError: Invalid or unexpected token", source: file:///home/dhia/browser-fuzzer/Dissertation/logger/run_20250324_064826/round_014/mutations/mutated_0003.html (3196)
[53832:53832:0324/090400.452113:INFO:CONSOLE(3455)] "Uncaught SyntaxError: Invalid or unexpected token", source: file:///home/dhia/browser-fuzzer/Dissertation/logger/run_20250324_064826/round_014/mutations/mutated_0003.html (3455)
[53832:53832:0324/090401.049598:INFO:CONSOLE(3625)] "Uncaught SyntaxError: Invalid or unexpected token", source: file:///home/dhia/browser-fuzzer/Dissertation/logger/run_20250324_064826/round_014/mutations/mutated_0003.html (3625)
[53832:53832:0324/090401.663888:INFO:CONSOLE(3700)] "Uncaught SyntaxError: Invalid or unexpected token", source: file:///home/dhia/browser-fuzzer/Dissertation/logger/run_20250324_064826/round_014/mutations/mutated_0003.html (3700)
[53832:53832:0324/090401.669847:INFO:CONSOLE(3701)] "Uncaught SyntaxError: Invalid or unexpected token", source: file:///home/dhia/browser-fuzzer/Dissertation/logger/run_20250324_064826/round_014/mutations/mutated_0003.html (3701)
[53832:53832:0324/090401.678819:INFO:CONSOLE(3702)] "Uncaught SyntaxError: Invalid or unexpected token", source: file:///home/dhia/browser-fuzzer/Dissertation/logger/run_20250324_064826/round_014/mutations/mutated_0003.html (3702)
[53832:53832:0324/090402.208937:INFO:CONSOLE(3703)] "Uncaught SyntaxError: Invalid or unexpected token", source: file:///home/dhia/browser-fuzzer/Dissertation/logger/run_20250324_064826/round_014/mutations/mutated_0003.html (3703)
[53832:53832:0324/090402.219648:INFO:CONSOLE(3704)] "Uncaught SyntaxError: Invalid or unexpected token", source: file:///home/dhia/browser-fuzzer/Dissertation/logger/run_20250324_064826/round_014/mutations/mutated_0003.html (3704)
[53832:53832:0324/090402.818500:INFO:CONSOLE(3713)] "Uncaught SyntaxError: Invalid or unexpected token", source: file:///home/dhia/browser-fuzzer/Dissertation/logger/run_20250324_064826/round_014/mutations/mutated_0003.html (3713)
[53832:53832:0324/090403.231863:INFO:CONSOLE(3783)] "Uncaught SyntaxError: Unexpected end of input", source: file:///home/dhia/browser-fuzzer/Dissertation/logger/run_20250324_064826/round_014/mutations/mutated_0003.html (3783)
[53832:53832:0324/090403.239106:INFO:CONSOLE(3784)] "Uncaught SyntaxError: Unexpected end of input", source: file:///home/dhia/browser-fuzzer/Dissertation/logger/run_20250324_064826/round_014/mutations/mutated_0003.html (3784)
[53832:53832:0324/090403.759223:INFO:CONSOLE(3864)] "Uncaught SyntaxError: Unexpected end of input", source: file:///home/dhia/browser-fuzzer/Dissertation/logger/run_20250324_064826/round_014/mutations/mutated_0003.html (3864)
[53832:53832:0324/090403.768472:INFO:CONSOLE(3865)] "Uncaught SyntaxError: Unexpected end of input", source: file:///home/dhia/browser-fuzzer/Dissertation/logger/run_20250324_064826/round_014/mutations/mutated_0003.html (3865)
[53832:53832:0324/090404.081890:INFO:CONSOLE(3935)] "Uncaught SyntaxError: Unexpected end of input", source: file:///home/dhia/browser-fuzzer/Dissertation/logger/run_20250324_064826/round_014/mutations/mutated_0003.html (3935)
[53832:53832:0324/090404.113598:INFO:CONSOLE(3936)] "Uncaught SyntaxError: Unexpected end of input", source: file:///home/dhia/browser-fuzzer/Dissertation/logger/run_20250324_064826/round_014/mutations/mutated_0003.html (3936)
[53832:53832:0324/090404.625543:INFO:CONSOLE(3939)] "Uncaught SyntaxError: Invalid or unexpected token", source: file:///home/dhia/browser-fuzzer/Dissertation/logger/run_20250324_064826/round_014/mutations/mutated_0003.html (3939)
[53832:53832:0324/090404.633214:INFO:CONSOLE(3940)] "Uncaught SyntaxError: Invalid or unexpected token", source: file:///home/dhia/browser-fuzzer/Dissertation/logger/run_20250324_064826/round_014/mutations/mutated_0003.html (3940)
[53832:53832:0324/090404.644940:INFO:CONSOLE(3941)] "Uncaught SyntaxError: Invalid or unexpected token", source: file:///home/dhia/browser-fuzzer/Dissertation/logger/run_20250324_064826/round_014/mutations/mutated_0003.html (3941)
[53832:53832:0324/090404.898161:INFO:CONSOLE(3942)] "Uncaught SyntaxError: Invalid or unexpected token", source: file:///home/dhia/browser-fuzzer/Dissertation/logger/run_20250324_064826/round_014/mutations/mutated_0003.html (3942)
[53832:53832:0324/090405.431014:INFO:CONSOLE(4021)] "Uncaught SyntaxError: Unexpected end of input", source: file:///home/dhia/browser-fuzzer/Dissertation/logger/run_20250324_064826/round_014/mutations/mutated_0003.html (4021)
[53832:53832:0324/090406.354934:INFO:CONSOLE(4071)] "Uncaught SyntaxError: Invalid or unexpected token", source: file:///home/dhia/browser-fuzzer/Dissertation/logger/run_20250324_064826/round_014/mutations/mutated_0003.html (4071)
[53832:53832:0324/090406.850843:INFO:CONSOLE(4079)] "Uncaught SyntaxError: Invalid or unexpected token", source: file:///home/dhia/browser-fuzzer/Dissertation/logger/run_20250324_064826/round_014/mutations/mutated_0003.html (4079)
[53832:53832:0324/090406.863172:INFO:CONSOLE(4080)] "Uncaught SyntaxError: Invalid or unexpected token", source: file:///home/dhia/browser-fuzzer/Dissertation/logger/run_20250324_064826/round_014/mutations/mutated_0003.html (4080)
[53832:53832:0324/090406.870645:INFO:CONSOLE(4093)] "Uncaught SyntaxError: Invalid or unexpected token", source: file:///home/dhia/browser-fuzzer/Dissertation/logger/run_20250324_064826/round_014/mutations/mutated_0003.html (4093)
[53832:53832:0324/090407.081115:INFO:CONSOLE(4094)] "Uncaught SyntaxError: Invalid or unexpected token", source: file:///home/dhia/browser-fuzzer/Dissertation/logger/run_20250324_064826/round_014/mutations/mutated_0003.html (4094)
[53832:53832:0324/090407.095760:INFO:CONSOLE(4095)] "Uncaught SyntaxError: Invalid or unexpected token", source: file:///home/dhia/browser-fuzzer/Dissertation/logger/run_20250324_064826/round_014/mutations/mutated_0003.html (4095)
[53832:53832:0324/090407.121301:INFO:CONSOLE(4096)] "Uncaught SyntaxError: Invalid or unexpected token", source: file:///home/dhia/browser-fuzzer/Dissertation/logger/run_20250324_064826/round_014/mutations/mutated_0003.html (4096)
[53832:53832:0324/090407.130589:INFO:CONSOLE(4097)] "Uncaught SyntaxError: Invalid or unexpected token", source: file:///home/dhia/browser-fuzzer/Dissertation/logger/run_20250324_064826/round_014/mutations/mutated_0003.html (4097)
[53832:53832:0324/090407.341781:INFO:CONSOLE(4098)] "Uncaught SyntaxError: Invalid or unexpected token", source: file:///home/dhia/browser-fuzzer/Dissertation/logger/run_20250324_064826/round_014/mutations/mutated_0003.html (4098)
[53832:53832:0324/090407.358368:INFO:CONSOLE(4099)] "Uncaught SyntaxError: Invalid or unexpected token", source: file:///home/dhia/browser-fuzzer/Dissertation/logger/run_20250324_064826/round_014/mutations/mutated_0003.html (4099)
[53832:53832:0324/090407.387832:INFO:CONSOLE(4100)] "Uncaught SyntaxError: Invalid or unexpected token", source: file:///home/dhia/browser-fuzzer/Dissertation/logger/run_20250324_064826/round_014/mutations/mutated_0003.html (4100)
[53832:53832:0324/090407.607952:INFO:CONSOLE(4108)] "Uncaught SyntaxError: Invalid or unexpected token", source: file:///home/dhia/browser-fuzzer/Dissertation/logger/run_20250324_064826/round_014/mutations/mutated_0003.html (4108)
[53832:53832:0324/090407.620200:INFO:CONSOLE(4109)] "Uncaught SyntaxError: Invalid or unexpected token", source: file:///home/dhia/browser-fuzzer/Dissertation/logger/run_20250324_064826/round_014/mutations/mutated_0003.html (4109)
[53832:53832:0324/090407.632904:INFO:CONSOLE(4250)] "Uncaught SyntaxError: Invalid or unexpected token", source: file:///home/dhia/browser-fuzzer/Dissertation/logger/run_20250324_064826/round_014/mutations/mutated_0003.html (4250)
[53832:53832:0324/090408.214858:INFO:CONSOLE(4257)] "Uncaught SyntaxError: Invalid or unexpected token", source: file:///home/dhia/browser-fuzzer/Dissertation/logger/run_20250324_064826/round_014/mutations/mutated_0003.html (4257)
[53832:53832:0324/090408.227605:INFO:CONSOLE(4258)] "Uncaught SyntaxError: Invalid or unexpected token", source: file:///home/dhia/browser-fuzzer/Dissertation/logger/run_20250324_064826/round_014/mutations/mutated_0003.html (4258)
[53832:53832:0324/090408.478831:INFO:CONSOLE(4399)] "Uncaught SyntaxError: Invalid or unexpected token", source: file:///home/dhia/browser-fuzzer/Dissertation/logger/run_20250324_064826/round_014/mutations/mutated_0003.html (4399)
[53832:53832:0324/090409.062940:INFO:CONSOLE(4441)] "Uncaught SyntaxError: Invalid or unexpected token", source: file:///home/dhia/browser-fuzzer/Dissertation/logger/run_20250324_064826/round_014/mutations/mutated_0003.html (4441)
[53832:53832:0324/090409.074959:INFO:CONSOLE(4442)] "Uncaught SyntaxError: Invalid or unexpected token", source: file:///home/dhia/browser-fuzzer/Dissertation/logger/run_20250324_064826/round_014/mutations/mutated_0003.html (4442)
[53832:53832:0324/090409.411441:INFO:CONSOLE(4584)] "Uncaught SyntaxError: Invalid or unexpected token", source: file:///home/dhia/browser-fuzzer/Dissertation/logger/run_20250324_064826/round_014/mutations/mutated_0003.html (4584)
[53832:53832:0324/090409.907429:INFO:CONSOLE(4633)] "Uncaught SyntaxError: Invalid or unexpected token", source: file:///home/dhia/browser-fuzzer/Dissertation/logger/run_20250324_064826/round_014/mutations/mutated_0003.html (4633)
[53832:53832:0324/090409.921502:INFO:CONSOLE(4634)] "Uncaught SyntaxError: Invalid or unexpected token", source: file:///home/dhia/browser-fuzzer/Dissertation/logger/run_20250324_064826/round_014/mutations/mutated_0003.html (4634)
[53832:53832:0324/090409.927713:INFO:CONSOLE(4635)] "Uncaught SyntaxError: Invalid or unexpected token", source: file:///home/dhia/browser-fuzzer/Dissertation/logger/run_20250324_064826/round_014/mutations/mutated_0003.html (4635)
[53832:53832:0324/090410.702924:INFO:CONSOLE(4644)] "Uncaught SyntaxError: Invalid or unexpected token", source: file:///home/dhia/browser-fuzzer/Dissertation/logger/run_20250324_064826/round_014/mutations/mutated_0003.html (4644)
[53832:53832:0324/090411.187241:INFO:CONSOLE(4734)] "Uncaught SyntaxError: Unexpected end of input", source: file:///home/dhia/browser-fuzzer/Dissertation/logger/run_20250324_064826/round_014/mutations/mutated_0003.html (4734)
[53832:53832:0324/090411.208004:INFO:CONSOLE(4735)] "Uncaught SyntaxError: Unexpected end of input", source: file:///home/dhia/browser-fuzzer/Dissertation/logger/run_20250324_064826/round_014/mutations/mutated_0003.html (4735)
[53832:53832:0324/090411.212208:INFO:CONSOLE(4736)] "Uncaught SyntaxError: Unexpected end of input", source: file:///home/dhia/browser-fuzzer/Dissertation/logger/run_20250324_064826/round_014/mutations/mutated_0003.html (4736)
[53832:53832:0324/090411.550598:INFO:CONSOLE(4805)] "Uncaught SyntaxError: Unexpected end of input", source: file:///home/dhia/browser-fuzzer/Dissertation/logger/run_20250324_064826/round_014/mutations/mutated_0003.html (4805)
[53832:53832:0324/090411.566390:INFO:CONSOLE(4806)] "Uncaught SyntaxError: Unexpected end of input", source: file:///home/dhia/browser-fuzzer/Dissertation/logger/run_20250324_064826/round_014/mutations/mutated_0003.html (4806)
[53832:53832:0324/090411.575931:INFO:CONSOLE(4807)] "Uncaught SyntaxError: Unexpected end of input", source: file:///home/dhia/browser-fuzzer/Dissertation/logger/run_20250324_064826/round_014/mutations/mutated_0003.html (4807)
[53832:53832:0324/090412.061656:INFO:CONSOLE(4810)] "Uncaught SyntaxError: Invalid or unexpected token", source: file:///home/dhia/browser-fuzzer/Dissertation/logger/run_20250324_064826/round_014/mutations/mutated_0003.html (4810)
[53832:53832:0324/090412.068376:INFO:CONSOLE(4811)] "Uncaught SyntaxError: Invalid or unexpected token", source: file:///home/dhia/browser-fuzzer/Dissertation/logger/run_20250324_064826/round_014/mutations/mutated_0003.html (4811)
[53832:53832:0324/090412.098908:INFO:CONSOLE(4812)] "Uncaught SyntaxError: Invalid or unexpected token", source: file:///home/dhia/browser-fuzzer/Dissertation/logger/run_20250324_064826/round_014/mutations/mutated_0003.html (4812)
[53832:53832:0324/090412.277695:INFO:CONSOLE(4813)] "Uncaught SyntaxError: Invalid or unexpected token", source: file:///home/dhia/browser-fuzzer/Dissertation/logger/run_20250324_064826/round_014/mutations/mutated_0003.html (4813)
[53832:53832:0324/090412.785488:INFO:CONSOLE(4882)] "Uncaught SyntaxError: Unexpected end of input", source: file:///home/dhia/browser-fuzzer/Dissertation/logger/run_20250324_064826/round_014/mutations/mutated_0003.html (4882)
[53832:53832:0324/090413.846992:INFO:CONSOLE(4908)] "Uncaught SyntaxError: Invalid or unexpected token", source: file:///home/dhia/browser-fuzzer/Dissertation/logger/run_20250324_064826/round_014/mutations/mutated_0003.html (4908)
[53832:53832:0324/090414.312429:INFO:CONSOLE(4916)] "Uncaught SyntaxError: Invalid or unexpected token", source: file:///home/dhia/browser-fuzzer/Dissertation/logger/run_20250324_064826/round_014/mutations/mutated_0003.html (4916)
[53832:53832:0324/090414.325102:INFO:CONSOLE(4917)] "Uncaught SyntaxError: Invalid or unexpected token", source: file:///home/dhia/browser-fuzzer/Dissertation/logger/run_20250324_064826/round_014/mutations/mutated_0003.html (4917)
[53832:53832:0324/090414.334047:INFO:CONSOLE(4918)] "Uncaught SyntaxError: Invalid or unexpected token", source: file:///home/dhia/browser-fuzzer/Dissertation/logger/run_20250324_064826/round_014/mutations/mutated_0003.html (4918)
[53832:53832:0324/090414.595415:INFO:CONSOLE(4919)] "Uncaught SyntaxError: Invalid or unexpected token", source: file:///home/dhia/browser-fuzzer/Dissertation/logger/run_20250324_064826/round_014/mutations/mutated_0003.html (4919)
[53832:53832:0324/090414.608419:INFO:CONSOLE(4920)] "Uncaught SyntaxError: Invalid or unexpected token", source: file:///home/dhia/browser-fuzzer/Dissertation/logger/run_20250324_064826/round_014/mutations/mutated_0003.html (4920)
[53832:53832:0324/090414.920256:INFO:CONSOLE(4921)] "Uncaught SyntaxError: Invalid or unexpected token", source: file:///home/dhia/browser-fuzzer/Dissertation/logger/run_20250324_064826/round_014/mutations/mutated_0003.html (4921)
[53832:53832:0324/090414.932640:INFO:CONSOLE(4922)] "Uncaught SyntaxError: Invalid or unexpected token", source: file:///home/dhia/browser-fuzzer/Dissertation/logger/run_20250324_064826/round_014/mutations/mutated_0003.html (4922)
[53832:53832:0324/090415.230238:INFO:CONSOLE(4923)] "Uncaught SyntaxError: Invalid or unexpected token", source: file:///home/dhia/browser-fuzzer/Dissertation/logger/run_20250324_064826/round_014/mutations/mutated_0003.html (4923)
[53832:53832:0324/090415.243901:INFO:CONSOLE(4924)] "Uncaught SyntaxError: Invalid or unexpected token", source: file:///home/dhia/browser-fuzzer/Dissertation/logger/run_20250324_064826/round_014/mutations/mutated_0003.html (4924)
[53832:53832:0324/090415.529204:INFO:CONSOLE(4925)] "Uncaught SyntaxError: Invalid or unexpected token", source: file:///home/dhia/browser-fuzzer/Dissertation/logger/run_20250324_064826/round_014/mutations/mutated_0003.html (4925)
[53832:53832:0324/090415.545077:INFO:CONSOLE(4926)] "Uncaught SyntaxError: Invalid or unexpected token", source: file:///home/dhia/browser-fuzzer/Dissertation/logger/run_20250324_064826/round_014/mutations/mutated_0003.html (4926)
[53832:53832:0324/090415.564289:INFO:CONSOLE(4927)] "Uncaught SyntaxError: Invalid or unexpected token", source: file:///home/dhia/browser-fuzzer/Dissertation/logger/run_20250324_064826/round_014/mutations/mutated_0003.html (4927)
[53832:53832:0324/090415.789309:INFO:CONSOLE(4955)] "Uncaught SyntaxError: Invalid or unexpected token", source: file:///home/dhia/browser-fuzzer/Dissertation/logger/run_20250324_064826/round_014/mutations/mutated_0003.html (4955)
[53832:53832:0324/090415.794266:INFO:CONSOLE(4956)] "Uncaught SyntaxError: Invalid or unexpected token", source: file:///home/dhia/browser-fuzzer/Dissertation/logger/run_20250324_064826/round_014/mutations/mutated_0003.html (4956)
[53832:53832:0324/090416.483066:INFO:CONSOLE(5097)] "Uncaught SyntaxError: Invalid or unexpected token", source: file:///home/dhia/browser-fuzzer/Dissertation/logger/run_20250324_064826/round_014/mutations/mutated_0003.html (5097)
[53832:53832:0324/090416.495768:INFO:CONSOLE(5104)] "Uncaught SyntaxError: Invalid or unexpected token", source: file:///home/dhia/browser-fuzzer/Dissertation/logger/run_20250324_064826/round_014/mutations/mutated_0003.html (5104)
[53832:53832:0324/090417.278418:INFO:CONSOLE(5105)] "Uncaught SyntaxError: Invalid or unexpected token", source: file:///home/dhia/browser-fuzzer/Dissertation/logger/run_20250324_064826/round_014/mutations/mutated_0003.html (5105)
[53832:53832:0324/090417.292280:INFO:CONSOLE(5106)] "Uncaught SyntaxError: Invalid or unexpected token", source: file:///home/dhia/browser-fuzzer/Dissertation/logger/run_20250324_064826/round_014/mutations/mutated_0003.html (5106)
[53832:53832:0324/090417.562436:INFO:CONSOLE(5247)] "Uncaught SyntaxError: Invalid or unexpected token", source: file:///home/dhia/browser-fuzzer/Dissertation/logger/run_20250324_064826/round_014/mutations/mutated_0003.html (5247)
[53832:53832:0324/090418.392337:INFO:CONSOLE(5299)] "Uncaught SyntaxError: Invalid or unexpected token", source: file:///home/dhia/browser-fuzzer/Dissertation/logger/run_20250324_064826/round_014/mutations/mutated_0003.html (5299)
[53832:53832:0324/090418.398555:INFO:CONSOLE(5300)] "Uncaught SyntaxError: Invalid or unexpected token", source: file:///home/dhia/browser-fuzzer/Dissertation/logger/run_20250324_064826/round_014/mutations/mutated_0003.html (5300)
[53832:53832:0324/090418.893924:INFO:CONSOLE(5413)] "Uncaught SyntaxError: Invalid or unexpected token", source: file:///home/dhia/browser-fuzzer/Dissertation/logger/run_20250324_064826/round_014/mutations/mutated_0003.html (5413)
[53832:53832:0324/090419.485289:INFO:CONSOLE(5457)] "Uncaught SyntaxError: Invalid or unexpected token", source: file:///home/dhia/browser-fuzzer/Dissertation/logger/run_20250324_064826/round_014/mutations/mutated_0003.html (5457)
[53832:53832:0324/090419.493372:INFO:CONSOLE(5458)] "Uncaught SyntaxError: Invalid or unexpected token", source: file:///home/dhia/browser-fuzzer/Dissertation/logger/run_20250324_064826/round_014/mutations/mutated_0003.html (5458)
[53832:53832:0324/090419.511586:INFO:CONSOLE(5459)] "Uncaught SyntaxError: Invalid or unexpected token", source: file:///home/dhia/browser-fuzzer/Dissertation/logger/run_20250324_064826/round_014/mutations/mutated_0003.html (5459)
[53832:53832:0324/090419.841533:INFO:CONSOLE(5600)] "Uncaught SyntaxError: Invalid or unexpected token", source: file:///home/dhia/browser-fuzzer/Dissertation/logger/run_20250324_064826/round_014/mutations/mutated_0003.html (5600)
[53832:53832:0324/090419.856804:INFO:CONSOLE(5607)] "Uncaught SyntaxError: Invalid or unexpected token", source: file:///home/dhia/browser-fuzzer/Dissertation/logger/run_20250324_064826/round_014/mutations/mutated_0003.html (5607)
[53832:53832:0324/090420.702377:INFO:CONSOLE(5608)] "Uncaught SyntaxError: Invalid or unexpected token", source: file:///home/dhia/browser-fuzzer/Dissertation/logger/run_20250324_064826/round_014/mutations/mutated_0003.html (5608)
[53832:53832:0324/090420.722972:INFO:CONSOLE(5749)] "Uncaught SyntaxError: Invalid or unexpected token", source: file:///home/dhia/browser-fuzzer/Dissertation/logger/run_20250324_064826/round_014/mutations/mutated_0003.html (5749)
[53832:53832:0324/090421.707847:INFO:CONSOLE(5872)] "Uncaught SyntaxError: Invalid or unexpected token", source: file:///home/dhia/browser-fuzzer/Dissertation/logger/run_20250324_064826/round_014/mutations/mutated_0003.html (5872)
[53832:53832:0324/090421.714949:INFO:CONSOLE(5873)] "Uncaught SyntaxError: Invalid or unexpected token", source: file:///home/dhia/browser-fuzzer/Dissertation/logger/run_20250324_064826/round_014/mutations/mutated_0003.html (5873)
[53832:53832:0324/090421.723804:INFO:CONSOLE(5874)] "Uncaught SyntaxError: Invalid or unexpected token", source: file:///home/dhia/browser-fuzzer/Dissertation/logger/run_20250324_064826/round_014/mutations/mutated_0003.html (5874)
[53832:53832:0324/090422.244606:INFO:CONSOLE(5875)] "Uncaught SyntaxError: Invalid or unexpected token", source: file:///home/dhia/browser-fuzzer/Dissertation/logger/run_20250324_064826/round_014/mutations/mutated_0003.html (5875)
[53832:53832:0324/090422.870062:INFO:CONSOLE(5884)] "Uncaught SyntaxError: Invalid or unexpected token", source: file:///home/dhia/browser-fuzzer/Dissertation/logger/run_20250324_064826/round_014/mutations/mutated_0003.html (5884)
[53832:53832:0324/090423.460981:INFO:CONSOLE(5954)] "Uncaught SyntaxError: Unexpected end of input", source: file:///home/dhia/browser-fuzzer/Dissertation/logger/run_20250324_064826/round_014/mutations/mutated_0003.html (5954)
[53832:53832:0324/090423.470669:INFO:CONSOLE(5955)] "Uncaught SyntaxError: Unexpected end of input", source: file:///home/dhia/browser-fuzzer/Dissertation/logger/run_20250324_064826/round_014/mutations/mutated_0003.html (5955)
[53832:53832:0324/090423.783802:INFO:CONSOLE(6037)] "Uncaught SyntaxError: Unexpected end of input", source: file:///home/dhia/browser-fuzzer/Dissertation/logger/run_20250324_064826/round_014/mutations/mutated_0003.html (6037)
[53832:53832:0324/090423.795968:INFO:CONSOLE(6038)] "Uncaught SyntaxError: Unexpected end of input", source: file:///home/dhia/browser-fuzzer/Dissertation/logger/run_20250324_064826/round_014/mutations/mutated_0003.html (6038)
[53832:53832:0324/090423.809532:INFO:CONSOLE(6041)] "Uncaught SyntaxError: Invalid or unexpected token", source: file:///home/dhia/browser-fuzzer/Dissertation/logger/run_20250324_064826/round_014/mutations/mutated_0003.html (6041)
[53832:53832:0324/090424.433728:INFO:CONSOLE(6042)] "Uncaught SyntaxError: Invalid or unexpected token", source: file:///home/dhia/browser-fuzzer/Dissertation/logger/run_20250324_064826/round_014/mutations/mutated_0003.html (6042)
[53832:53832:0324/090424.443827:INFO:CONSOLE(6043)] "Uncaught SyntaxError: Invalid or unexpected token", source: file:///home/dhia/browser-fuzzer/Dissertation/logger/run_20250324_064826/round_014/mutations/mutated_0003.html (6043)
[53832:53832:0324/090424.455205:INFO:CONSOLE(6044)] "Uncaught SyntaxError: Invalid or unexpected token", source: file:///home/dhia/browser-fuzzer/Dissertation/logger/run_20250324_064826/round_014/mutations/mutated_0003.html (6044)
[53832:53832:0324/090424.744402:INFO:CONSOLE(6113)] "Uncaught SyntaxError: Unexpected end of input", source: file:///home/dhia/browser-fuzzer/Dissertation/logger/run_20250324_064826/round_014/mutations/mutated_0003.html (6113)
[53832:53832:0324/090424.750546:INFO:CONSOLE(6114)] "Uncaught SyntaxError: Unexpected end of input", source: file:///home/dhia/browser-fuzzer/Dissertation/logger/run_20250324_064826/round_014/mutations/mutated_0003.html (6114)
[53832:53832:0324/090425.382241:INFO:CONSOLE(6194)] "Uncaught SyntaxError: Unexpected end of input", source: file:///home/dhia/browser-fuzzer/Dissertation/logger/run_20250324_064826/round_014/mutations/mutated_0003.html (6194)
[53832:53832:0324/090425.390134:INFO:CONSOLE(6195)] "Uncaught SyntaxError: Unexpected end of input", source: file:///home/dhia/browser-fuzzer/Dissertation/logger/run_20250324_064826/round_014/mutations/mutated_0003.html (6195)
[53832:53832:0324/090425.398209:INFO:CONSOLE(6196)] "Uncaught SyntaxError: Unexpected end of input", source: file:///home/dhia/browser-fuzzer/Dissertation/logger/run_20250324_064826/round_014/mutations/mutated_0003.html (6196)
[53832:53832:0324/090426.036661:INFO:CONSOLE(6286)] "Uncaught SyntaxError: Unexpected end of input", source: file:///home/dhia/browser-fuzzer/Dissertation/logger/run_20250324_064826/round_014/mutations/mutated_0003.html (6286)
[53832:53832:0324/090426.836795:INFO:CONSOLE(6502)] "Uncaught SyntaxError: Invalid or unexpected token", source: file:///home/dhia/browser-fuzzer/Dissertation/logger/run_20250324_064826/round_014/mutations/mutated_0003.html (6502)
[53832:53832:0324/090427.699319:INFO:CONSOLE(6516)] "Uncaught SyntaxError: Invalid or unexpected token", source: file:///home/dhia/browser-fuzzer/Dissertation/logger/run_20250324_064826/round_014/mutations/mutated_0003.html (6516)
[53832:53832:0324/090427.712014:INFO:CONSOLE(6517)] "Uncaught SyntaxError: Invalid or unexpected token", source: file:///home/dhia/browser-fuzzer/Dissertation/logger/run_20250324_064826/round_014/mutations/mutated_0003.html (6517)
[53832:53832:0324/090428.081888:INFO:CONSOLE(6572)] "Uncaught SyntaxError: Invalid or unexpected token", source: file:///home/dhia/browser-fuzzer/Dissertation/logger/run_20250324_064826/round_014/mutations/mutated_0003.html (6572)
[53832:53832:0324/090428.563337:INFO:CONSOLE(6787)] "Uncaught SyntaxError: Invalid or unexpected token", source: file:///home/dhia/browser-fuzzer/Dissertation/logger/run_20250324_064826/round_014/mutations/mutated_0003.html (6787)
[53832:53832:0324/090428.574611:INFO:CONSOLE(6788)] "Uncaught SyntaxError: Invalid or unexpected token", source: file:///home/dhia/browser-fuzzer/Dissertation/logger/run_20250324_064826/round_014/mutations/mutated_0003.html (6788)
[53832:53832:0324/090428.593355:INFO:CONSOLE(6929)] "Uncaught SyntaxError: Invalid or unexpected token", source: file:///home/dhia/browser-fuzzer/Dissertation/logger/run_20250324_064826/round_014/mutations/mutated_0003.html (6929)
[53832:53832:0324/090429.964634:INFO:CONSOLE(6936)] "Uncaught SyntaxError: Invalid or unexpected token", source: file:///home/dhia/browser-fuzzer/Dissertation/logger/run_20250324_064826/round_014/mutations/mutated_0003.html (6936)
[53832:53832:0324/090429.972959:INFO:CONSOLE(6937)] "Uncaught SyntaxError: Invalid or unexpected token", source: file:///home/dhia/browser-fuzzer/Dissertation/logger/run_20250324_064826/round_014/mutations/mutated_0003.html (6937)
[53832:53832:0324/090430.313603:INFO:CONSOLE(7078)] "Uncaught SyntaxError: Invalid or unexpected token", source: file:///home/dhia/browser-fuzzer/Dissertation/logger/run_20250324_064826/round_014/mutations/mutated_0003.html (7078)
[53832:53832:0324/090431.325548:INFO:CONSOLE(7088)] "Uncaught SyntaxError: Invalid or unexpected token", source: file:///home/dhia/browser-fuzzer/Dissertation/logger/run_20250324_064826/round_014/mutations/mutated_0003.html (7088)
[53832:53832:0324/090431.333637:INFO:CONSOLE(7089)] "Uncaught SyntaxError: Invalid or unexpected token", source: file:///home/dhia/browser-fuzzer/Dissertation/logger/run_20250324_064826/round_014/mutations/mutated_0003.html (7089)
[53832:53832:0324/090431.344674:INFO:CONSOLE(7230)] "Uncaught SyntaxError: Invalid or unexpected token", source: file:///home/dhia/browser-fuzzer/Dissertation/logger/run_20250324_064826/round_014/mutations/mutated_0003.html (7230)
[53832:53832:0324/090432.506335:INFO:CONSOLE(7237)] "Uncaught SyntaxError: Invalid or unexpected token", source: file:///home/dhia/browser-fuzzer/Dissertation/logger/run_20250324_064826/round_014/mutations/mutated_0003.html (7237)
[53832:53832:0324/090432.510190:INFO:CONSOLE(7238)] "Uncaught SyntaxError: Invalid or unexpected token", source: file:///home/dhia/browser-fuzzer/Dissertation/logger/run_20250324_064826/round_014/mutations/mutated_0003.html (7238)
[53832:53832:0324/090432.515815:INFO:CONSOLE(7379)] "Uncaught SyntaxError: Invalid or unexpected token", source: file:///home/dhia/browser-fuzzer/Dissertation/logger/run_20250324_064826/round_014/mutations/mutated_0003.html (7379)
[53832:53832:0324/090433.963175:INFO:CONSOLE(7386)] "Uncaught SyntaxError: Invalid or unexpected token", source: file:///home/dhia/browser-fuzzer/Dissertation/logger/run_20250324_064826/round_014/mutations/mutated_0003.html (7386)
[53832:53832:0324/090433.978147:INFO:CONSOLE(7387)] "Uncaught SyntaxError: Invalid or unexpected token", source: file:///home/dhia/browser-fuzzer/Dissertation/logger/run_20250324_064826/round_014/mutations/mutated_0003.html (7387)
[53832:53832:0324/090434.930713:ERROR:background_mode_manager_aura.cc(12)] Not implemented reached in virtual void BackgroundModeManager::EnableLaunchOnStartup(bool)
[53832:53832:0324/090435.199674:ERROR:kill_posix.cc(33)] waitpid(53900): No child processes (10)
[53832:53871:0324/090435.211229:WARNING:discardable_shared_memory_manager.cc(452)] Some MojoDiscardableSharedMemoryManagerImpls are still alive. They will be leaked.
