[1741744629.115][INFO]: Starting ChromeDriver 135.0.7019.0 (0000000000000000000000000000000000000000-0000000000000000000000000000000000000000) on port 47871
[1741744629.116][INFO]: Please see https://chromedriver.chromium.org/security-considerations for suggestions on keeping ChromeDriver safe.
[1741744629.149][INFO]: ChromeDriver was started successfully on port 47871
[1741744629.202][INFO]: [3cd54ff91834e35a7ecded6561df18aa] COMMAND InitSession {
   "capabilities": {
      "alwaysMatch": {
         "browserName": "chrome",
         "goog:chromeOptions": {
            "args": [ "--headless", "--disable-gpu", "--no-sandbox", "--enable-features=AddressSanitizer", "--disable-dev-shm-usage", "--enable-logging", "--v=1", "--disable-software-rasterizer", "--renderer-process-limit=1", "--disable-threaded-animation", "--window-size=800,600", "--disable-accelerated-2d-canvas", "--use-gl=desktop" ],
            "binary": "/home/dhia/chromium/src/out/asan/chrome",
            "extensions": [  ]
         },
         "goog:loggingPrefs": {
            "performance": "ALL"
         },
         "pageLoadStrategy": "normal"
      },
      "firstMatch": [ {
      } ]
   }
}
[1741744629.228][INFO]: Populating Preferences file: {
   "alternate_error_pages": {
      "enabled": false
   },
   "autofill": {
      "enabled": false
   },
   "browser": {
      "check_default_browser": false
   },
   "distribution": {
      "import_bookmarks": false,
      "import_history": false,
      "import_search_engine": false,
      "make_chrome_default_for_user": false,
      "skip_first_run_ui": true
   },
   "dns_prefetching": {
      "enabled": false
   },
   "profile": {
      "content_settings": {
         "pattern_pairs": {
            "https://*,*": {
               "media-stream": {
                  "audio": "Default",
                  "video": "Default"
               }
            }
         }
      },
      "default_content_setting_values": {
         "geolocation": 1
      },
      "default_content_settings": {
         "geolocation": 1,
         "mouselock": 1,
         "notifications": 1,
         "popups": 1,
         "ppapi-broker": 1
      },
      "password_manager_enabled": false
   },
   "safebrowsing": {
      "enabled": false
   },
   "search": {
      "suggest_enabled": false
   },
   "translate": {
      "enabled": false
   }
}
[1741744629.229][INFO]: Populating Local State file: {
   "background_mode": {
      "enabled": false
   },
   "ssl": {
      "rev_checking": {
         "enabled": false
      }
   }
}
[1741744629.231][INFO]: ChromeDriver supports communication with Chrome via pipes. This is more reliable and more secure.
[1741744629.232][INFO]: Use the --remote-debugging-pipe Chrome switch instead of the default --remote-debugging-port to enable this communication mode.
[1741744629.232][INFO]: Launching chrome: /home/dhia/chromium/src/out/asan/chrome --allow-pre-commit-input --disable-accelerated-2d-canvas --disable-background-networking --disable-client-side-phishing-detection --disable-default-apps --disable-dev-shm-usage --disable-gpu --disable-hang-monitor --disable-popup-blocking --disable-prompt-on-repost --disable-software-rasterizer --disable-sync --disable-threaded-animation --enable-automation --enable-features=AddressSanitizer --enable-logging --headless --log-level=0 --no-first-run --no-sandbox --no-service-autorun --password-store=basic --remote-debugging-port=0 --renderer-process-limit=1 --test-type=webdriver --use-gl=desktop --use-mock-keychain --user-data-dir=/tmp/.org.chromium.Chromium.c82tAh --v=1 --window-size=800,600 data:,
[1741744634.768][INFO]: resolved localhost to ["127.0.0.1"]
[1741744635.447][INFO]: [3cd54ff91834e35a7ecded6561df18aa] RESPONSE InitSession {
   "capabilities": {
      "acceptInsecureCerts": false,
      "browserName": "chrome",
      "browserVersion": "135.0.7019.0",
      "chrome": {
         "chromedriverVersion": "135.0.7019.0 (0000000000000000000000000000000000000000-0000000000000000000000000000000000000000)",
         "userDataDir": "/tmp/.org.chromium.Chromium.c82tAh"
      },
      "fedcm:accounts": true,
      "goog:chromeOptions": {
         "debuggerAddress": "localhost:40999"
      },
      "networkConnectionEnabled": false,
      "pageLoadStrategy": "normal",
      "platformName": "linux",
      "proxy": {
      },
      "setWindowRect": true,
      "strictFileInteractability": false,
      "timeouts": {
         "implicit": 0,
         "pageLoad": 300000,
         "script": 30000
      },
      "unhandledPromptBehavior": "dismiss and notify",
      "webauthn:extension:credBlob": true,
      "webauthn:extension:largeBlob": true,
      "webauthn:extension:minPinLength": true,
      "webauthn:extension:prf": true,
      "webauthn:virtualAuthenticators": true
   },
   "sessionId": "3cd54ff91834e35a7ecded6561df18aa"
}
[1741744635.453][INFO]: [3cd54ff91834e35a7ecded6561df18aa] COMMAND SetTimeouts {
   "pageLoad": 300000
}
[1741744635.453][INFO]: [3cd54ff91834e35a7ecded6561df18aa] RESPONSE SetTimeouts
[1741744635.456][INFO]: [3cd54ff91834e35a7ecded6561df18aa] COMMAND SetTimeouts {
   "script": 300000
}
[1741744635.456][INFO]: [3cd54ff91834e35a7ecded6561df18aa] RESPONSE SetTimeouts
[1741744635.465][INFO]: [3cd54ff91834e35a7ecded6561df18aa] COMMAND ExecuteCDP {
   "cmd": "Profiler.enable",
   "params": {
   }
}
[1741744635.466][INFO]: Waiting for pending navigations...
[1741744635.501][INFO]: Done waiting for pending navigations. Status: ok
[1741744635.509][INFO]: Waiting for pending navigations...
[1741744635.514][INFO]: Done waiting for pending navigations. Status: ok
[1741744635.514][INFO]: [3cd54ff91834e35a7ecded6561df18aa] RESPONSE ExecuteCDP {
}
[1741744635.519][INFO]: [3cd54ff91834e35a7ecded6561df18aa] COMMAND ExecuteCDP {
   "cmd": "Profiler.startPreciseCoverage",
   "params": {
      "callCount": true,
      "detailed": true
   }
}
[1741744635.520][INFO]: Waiting for pending navigations...
[1741744635.525][INFO]: Done waiting for pending navigations. Status: ok
[1741744635.535][INFO]: Waiting for pending navigations...
[1741744635.542][INFO]: Done waiting for pending navigations. Status: ok
[1741744635.543][INFO]: [3cd54ff91834e35a7ecded6561df18aa] RESPONSE ExecuteCDP {
   "timestamp": 11102.050611
}
[1741744635.546][INFO]: [3cd54ff91834e35a7ecded6561df18aa] COMMAND Navigate {
   "url": "file:///home/dhia/browser-fuzzer/Dissertation/logger/run_20250312_015707/round_001/mutations/mutated_0001.html"
}
[1741744635.546][INFO]: Waiting for pending navigations...
[1741744635.550][INFO]: Done waiting for pending navigations. Status: ok
[1741744635.659][INFO]: Waiting for pending navigations...
[1741744876.949][INFO]: Done waiting for pending navigations. Status: ok
[1741744876.949][INFO]: [3cd54ff91834e35a7ecded6561df18aa] RESPONSE Navigate
[1741744876.960][INFO]: [3cd54ff91834e35a7ecded6561df18aa] COMMAND Quit {
}
[1741744877.112][INFO]: [3cd54ff91834e35a7ecded6561df18aa] RESPONSE Quit
