[86558:86558:0324/111540.261121:ERROR:cursor_factory.cc(96)] Not implemented reached in virtual void ui::CursorFactory::ObserveThemeChanges()
[86627:86627:0324/111540.867862:WARNING:sandbox_linux.cc(415)] InitializeSandbox() called with multiple threads in process gpu-process.
[86627:86627:0324/111540.900152:WARNING:viz_main_impl.cc(85)] VizNullHypothesis is disabled (not a warning)
[86628:86628:0324/111540.907966:WARNING:sandbox_linux.cc(415)] InitializeSandbox() called with multiple threads in process gpu-process.
[86628:86628:0324/111540.929020:WARNING:viz_main_impl.cc(85)] VizNullHypothesis is disabled (not a warning)
[86558:86558:0324/111540.931107:WARNING:account_consistency_mode_manager.cc(72)] Desktop Identity Consistency cannot be enabled as no OAuth client ID and client secret have been configured.
[86558:86558:0324/111542.472989:ERROR:platform_screen.cc(45)] Not implemented reached in virtual bool ui::PlatformScreen::IsScreenSaverActive() const
[86558:86558:0324/111542.473108:ERROR:platform_screen.cc(50)] Not implemented reached in virtual base::TimeDelta ui::PlatformScreen::CalculateIdleTime() const
[86558:86558:0324/111542.477347:WARNING:compose_enabling.cc(64)] Couldn't get country info.
[86558:86558:0324/111600.965733:INFO:CONSOLE(491)] "Uncaught SyntaxError: Invalid or unexpected token", source: file:///home/dhia/browser-fuzzer/Dissertation/logger/run_20250324_064826/round_027/mutations/mutated_0004.html (491)
[86558:86558:0324/111600.981923:INFO:CONSOLE(495)] "Uncaught SyntaxError: Invalid or unexpected token", source: file:///home/dhia/browser-fuzzer/Dissertation/logger/run_20250324_064826/round_027/mutations/mutated_0004.html (495)
[86558:86558:0324/111601.286908:INFO:CONSOLE(573)] "Uncaught SyntaxError: Invalid or unexpected token", source: file:///home/dhia/browser-fuzzer/Dissertation/logger/run_20250324_064826/round_027/mutations/mutated_0004.html (573)
[86558:86558:0324/111601.313580:INFO:CONSOLE(574)] "Uncaught SyntaxError: Invalid or unexpected token", source: file:///home/dhia/browser-fuzzer/Dissertation/logger/run_20250324_064826/round_027/mutations/mutated_0004.html (574)
[86558:86558:0324/111601.645051:INFO:CONSOLE(575)] "Uncaught SyntaxError: Invalid or unexpected token", source: file:///home/dhia/browser-fuzzer/Dissertation/logger/run_20250324_064826/round_027/mutations/mutated_0004.html (575)
[86558:86558:0324/111601.657721:INFO:CONSOLE(647)] "Uncaught SyntaxError: Invalid or unexpected token", source: file:///home/dhia/browser-fuzzer/Dissertation/logger/run_20250324_064826/round_027/mutations/mutated_0004.html (647)
[86558:86558:0324/111601.950584:INFO:CONSOLE(648)] "Uncaught SyntaxError: Invalid or unexpected token", source: file:///home/dhia/browser-fuzzer/Dissertation/logger/run_20250324_064826/round_027/mutations/mutated_0004.html (648)
[86558:86558:0324/111601.957037:INFO:CONSOLE(649)] "Uncaught SyntaxError: Invalid or unexpected token", source: file:///home/dhia/browser-fuzzer/Dissertation/logger/run_20250324_064826/round_027/mutations/mutated_0004.html (649)
[86558:86558:0324/111601.966011:INFO:CONSOLE(650)] "Uncaught SyntaxError: Invalid or unexpected token", source: file:///home/dhia/browser-fuzzer/Dissertation/logger/run_20250324_064826/round_027/mutations/mutated_0004.html (650)
[86558:86558:0324/111602.160614:INFO:CONSOLE(651)] "Uncaught SyntaxError: Invalid or unexpected token", source: file:///home/dhia/browser-fuzzer/Dissertation/logger/run_20250324_064826/round_027/mutations/mutated_0004.html (651)
[86558:86558:0324/111602.166348:INFO:CONSOLE(652)] "Uncaught SyntaxError: Invalid or unexpected token", source: file:///home/dhia/browser-fuzzer/Dissertation/logger/run_20250324_064826/round_027/mutations/mutated_0004.html (652)
[86558:86558:0324/111602.172809:INFO:CONSOLE(657)] "Uncaught SyntaxError: Invalid or unexpected token", source: file:///home/dhia/browser-fuzzer/Dissertation/logger/run_20250324_064826/round_027/mutations/mutated_0004.html (657)
[86558:86558:0324/111602.443536:INFO:CONSOLE(658)] "Uncaught SyntaxError: Invalid or unexpected token", source: file:///home/dhia/browser-fuzzer/Dissertation/logger/run_20250324_064826/round_027/mutations/mutated_0004.html (658)
[86558:86558:0324/111602.450201:INFO:CONSOLE(659)] "Uncaught SyntaxError: Invalid or unexpected token", source: file:///home/dhia/browser-fuzzer/Dissertation/logger/run_20250324_064826/round_027/mutations/mutated_0004.html (659)
[86558:86558:0324/111602.659100:INFO:CONSOLE(665)] "Uncaught SyntaxError: Invalid or unexpected token", source: file:///home/dhia/browser-fuzzer/Dissertation/logger/run_20250324_064826/round_027/mutations/mutated_0004.html (665)
[86558:86558:0324/111602.687307:INFO:CONSOLE(667)] "Uncaught SyntaxError: Invalid or unexpected token", source: file:///home/dhia/browser-fuzzer/Dissertation/logger/run_20250324_064826/round_027/mutations/mutated_0004.html (667)
[86558:86558:0324/111602.875107:INFO:CONSOLE(669)] "Uncaught SyntaxError: Invalid or unexpected token", source: file:///home/dhia/browser-fuzzer/Dissertation/logger/run_20250324_064826/round_027/mutations/mutated_0004.html (669)
[86558:86558:0324/111602.884738:INFO:CONSOLE(671)] "Uncaught SyntaxError: Invalid or unexpected token", source: file:///home/dhia/browser-fuzzer/Dissertation/logger/run_20250324_064826/round_027/mutations/mutated_0004.html (671)
[86558:86558:0324/111602.894549:INFO:CONSOLE(673)] "Uncaught SyntaxError: Invalid or unexpected token", source: file:///home/dhia/browser-fuzzer/Dissertation/logger/run_20250324_064826/round_027/mutations/mutated_0004.html (673)
[86558:86558:0324/111603.081858:INFO:CONSOLE(674)] "Uncaught SyntaxError: Invalid or unexpected token", source: file:///home/dhia/browser-fuzzer/Dissertation/logger/run_20250324_064826/round_027/mutations/mutated_0004.html (674)
[86558:86558:0324/111603.096836:INFO:CONSOLE(746)] "Uncaught SyntaxError: Invalid or unexpected token", source: file:///home/dhia/browser-fuzzer/Dissertation/logger/run_20250324_064826/round_027/mutations/mutated_0004.html (746)
[86558:86558:0324/111603.376988:INFO:CONSOLE(747)] "Uncaught SyntaxError: Invalid or unexpected token", source: file:///home/dhia/browser-fuzzer/Dissertation/logger/run_20250324_064826/round_027/mutations/mutated_0004.html (747)
[86558:86558:0324/111603.391890:INFO:CONSOLE(750)] "Uncaught SyntaxError: Invalid or unexpected token", source: file:///home/dhia/browser-fuzzer/Dissertation/logger/run_20250324_064826/round_027/mutations/mutated_0004.html (750)
[86558:86558:0324/111603.626039:INFO:CONSOLE(751)] "Uncaught SyntaxError: Invalid or unexpected token", source: file:///home/dhia/browser-fuzzer/Dissertation/logger/run_20250324_064826/round_027/mutations/mutated_0004.html (751)
[86558:86558:0324/111603.650077:INFO:CONSOLE(757)] "Uncaught SyntaxError: Invalid or unexpected token", source: file:///home/dhia/browser-fuzzer/Dissertation/logger/run_20250324_064826/round_027/mutations/mutated_0004.html (757)
[86558:86558:0324/111603.949132:INFO:CONSOLE(791)] "Uncaught SyntaxError: Invalid or unexpected token", source: file:///home/dhia/browser-fuzzer/Dissertation/logger/run_20250324_064826/round_027/mutations/mutated_0004.html (791)
[86558:86558:0324/111603.956095:INFO:CONSOLE(792)] "Uncaught SyntaxError: Invalid or unexpected token", source: file:///home/dhia/browser-fuzzer/Dissertation/logger/run_20250324_064826/round_027/mutations/mutated_0004.html (792)
[86558:86558:0324/111603.968550:INFO:CONSOLE(794)] "Uncaught SyntaxError: Invalid or unexpected token", source: file:///home/dhia/browser-fuzzer/Dissertation/logger/run_20250324_064826/round_027/mutations/mutated_0004.html (794)
[86558:86558:0324/111604.076648:INFO:CONSOLE(795)] "Uncaught SyntaxError: Invalid or unexpected token", source: file:///home/dhia/browser-fuzzer/Dissertation/logger/run_20250324_064826/round_027/mutations/mutated_0004.html (795)
[86558:86558:0324/111604.082887:INFO:CONSOLE(796)] "Uncaught SyntaxError: Invalid or unexpected token", source: file:///home/dhia/browser-fuzzer/Dissertation/logger/run_20250324_064826/round_027/mutations/mutated_0004.html (796)
[86558:86558:0324/111604.091245:INFO:CONSOLE(797)] "Uncaught SyntaxError: Invalid or unexpected token", source: file:///home/dhia/browser-fuzzer/Dissertation/logger/run_20250324_064826/round_027/mutations/mutated_0004.html (797)
[86558:86558:0324/111604.182278:INFO:CONSOLE(799)] "Uncaught SyntaxError: Invalid or unexpected token", source: file:///home/dhia/browser-fuzzer/Dissertation/logger/run_20250324_064826/round_027/mutations/mutated_0004.html (799)
[86558:86558:0324/111604.199165:INFO:CONSOLE(800)] "Uncaught SyntaxError: Invalid or unexpected token", source: file:///home/dhia/browser-fuzzer/Dissertation/logger/run_20250324_064826/round_027/mutations/mutated_0004.html (800)
[86558:86558:0324/111604.314628:INFO:CONSOLE(824)] "Uncaught SyntaxError: Invalid or unexpected token", source: file:///home/dhia/browser-fuzzer/Dissertation/logger/run_20250324_064826/round_027/mutations/mutated_0004.html (824)
[86558:86558:0324/111604.320494:INFO:CONSOLE(825)] "Uncaught SyntaxError: Invalid or unexpected token", source: file:///home/dhia/browser-fuzzer/Dissertation/logger/run_20250324_064826/round_027/mutations/mutated_0004.html (825)
[86558:86558:0324/111604.484734:INFO:CONSOLE(868)] "Uncaught SyntaxError: Invalid or unexpected token", source: file:///home/dhia/browser-fuzzer/Dissertation/logger/run_20250324_064826/round_027/mutations/mutated_0004.html (868)
[86558:86558:0324/111604.712035:INFO:CONSOLE(923)] "Uncaught SyntaxError: Invalid or unexpected token", source: file:///home/dhia/browser-fuzzer/Dissertation/logger/run_20250324_064826/round_027/mutations/mutated_0004.html (923)
[86558:86558:0324/111604.735872:INFO:CONSOLE(936)] "Uncaught SyntaxError: Invalid or unexpected token", source: file:///home/dhia/browser-fuzzer/Dissertation/logger/run_20250324_064826/round_027/mutations/mutated_0004.html (936)
[86558:86558:0324/111604.921231:INFO:CONSOLE(937)] "Uncaught SyntaxError: Invalid or unexpected token", source: file:///home/dhia/browser-fuzzer/Dissertation/logger/run_20250324_064826/round_027/mutations/mutated_0004.html (937)
[86558:86558:0324/111604.946779:INFO:CONSOLE(938)] "Uncaught SyntaxError: Invalid or unexpected token", source: file:///home/dhia/browser-fuzzer/Dissertation/logger/run_20250324_064826/round_027/mutations/mutated_0004.html (938)
[86558:86558:0324/111604.959365:INFO:CONSOLE(939)] "Uncaught SyntaxError: Invalid or unexpected token", source: file:///home/dhia/browser-fuzzer/Dissertation/logger/run_20250324_064826/round_027/mutations/mutated_0004.html (939)
[86558:86558:0324/111605.008364:INFO:CONSOLE(944)] "Uncaught SyntaxError: Invalid or unexpected token", source: file:///home/dhia/browser-fuzzer/Dissertation/logger/run_20250324_064826/round_027/mutations/mutated_0004.html (944)
[86558:86558:0324/111605.030517:INFO:CONSOLE(945)] "Uncaught SyntaxError: Invalid or unexpected token", source: file:///home/dhia/browser-fuzzer/Dissertation/logger/run_20250324_064826/round_027/mutations/mutated_0004.html (945)
[86558:86558:0324/111605.036580:INFO:CONSOLE(946)] "Uncaught SyntaxError: Invalid or unexpected token", source: file:///home/dhia/browser-fuzzer/Dissertation/logger/run_20250324_064826/round_027/mutations/mutated_0004.html (946)
[86558:86558:0324/111605.150937:INFO:CONSOLE(952)] "Uncaught SyntaxError: Invalid or unexpected token", source: file:///home/dhia/browser-fuzzer/Dissertation/logger/run_20250324_064826/round_027/mutations/mutated_0004.html (952)
[86558:86558:0324/111605.176362:INFO:CONSOLE(955)] "Uncaught SyntaxError: Invalid or unexpected token", source: file:///home/dhia/browser-fuzzer/Dissertation/logger/run_20250324_064826/round_027/mutations/mutated_0004.html (955)
[86558:86558:0324/111605.276933:INFO:CONSOLE(957)] "Uncaught SyntaxError: Invalid or unexpected token", source: file:///home/dhia/browser-fuzzer/Dissertation/logger/run_20250324_064826/round_027/mutations/mutated_0004.html (957)
[86558:86558:0324/111605.281524:INFO:CONSOLE(959)] "Uncaught SyntaxError: Invalid or unexpected token", source: file:///home/dhia/browser-fuzzer/Dissertation/logger/run_20250324_064826/round_027/mutations/mutated_0004.html (959)
[86558:86558:0324/111605.292606:INFO:CONSOLE(960)] "Uncaught SyntaxError: Invalid or unexpected token", source: file:///home/dhia/browser-fuzzer/Dissertation/logger/run_20250324_064826/round_027/mutations/mutated_0004.html (960)
[86558:86558:0324/111605.376352:INFO:CONSOLE(1032)] "Uncaught SyntaxError: Invalid or unexpected token", source: file:///home/dhia/browser-fuzzer/Dissertation/logger/run_20250324_064826/round_027/mutations/mutated_0004.html (1032)
[86558:86558:0324/111605.393358:INFO:CONSOLE(1033)] "Uncaught SyntaxError: Invalid or unexpected token", source: file:///home/dhia/browser-fuzzer/Dissertation/logger/run_20250324_064826/round_027/mutations/mutated_0004.html (1033)
[86558:86558:0324/111605.596004:INFO:CONSOLE(1036)] "Uncaught SyntaxError: Invalid or unexpected token", source: file:///home/dhia/browser-fuzzer/Dissertation/logger/run_20250324_064826/round_027/mutations/mutated_0004.html (1036)
[86558:86558:0324/111605.611763:INFO:CONSOLE(1037)] "Uncaught SyntaxError: Invalid or unexpected token", source: file:///home/dhia/browser-fuzzer/Dissertation/logger/run_20250324_064826/round_027/mutations/mutated_0004.html (1037)
[86558:86558:0324/111605.624567:INFO:CONSOLE(1043)] "Uncaught SyntaxError: Invalid or unexpected token", source: file:///home/dhia/browser-fuzzer/Dissertation/logger/run_20250324_064826/round_027/mutations/mutated_0004.html (1043)
[86558:86558:0324/111605.785016:INFO:CONSOLE(1065)] "Uncaught SyntaxError: Invalid or unexpected token", source: file:///home/dhia/browser-fuzzer/Dissertation/logger/run_20250324_064826/round_027/mutations/mutated_0004.html (1065)
[86558:86558:0324/111605.794664:INFO:CONSOLE(1066)] "Uncaught SyntaxError: Invalid or unexpected token", source: file:///home/dhia/browser-fuzzer/Dissertation/logger/run_20250324_064826/round_027/mutations/mutated_0004.html (1066)
[86558:86558:0324/111605.810867:INFO:CONSOLE(1068)] "Uncaught SyntaxError: Invalid or unexpected token", source: file:///home/dhia/browser-fuzzer/Dissertation/logger/run_20250324_064826/round_027/mutations/mutated_0004.html (1068)
[86558:86558:0324/111605.983135:INFO:CONSOLE(1069)] "Uncaught SyntaxError: Invalid or unexpected token", source: file:///home/dhia/browser-fuzzer/Dissertation/logger/run_20250324_064826/round_027/mutations/mutated_0004.html (1069)
[86558:86558:0324/111605.990132:INFO:CONSOLE(1070)] "Uncaught SyntaxError: Invalid or unexpected token", source: file:///home/dhia/browser-fuzzer/Dissertation/logger/run_20250324_064826/round_027/mutations/mutated_0004.html (1070)
[86558:86558:0324/111606.076155:INFO:CONSOLE(1071)] "Uncaught SyntaxError: Invalid or unexpected token", source: file:///home/dhia/browser-fuzzer/Dissertation/logger/run_20250324_064826/round_027/mutations/mutated_0004.html (1071)
[86558:86558:0324/111606.081954:INFO:CONSOLE(1073)] "Uncaught SyntaxError: Invalid or unexpected token", source: file:///home/dhia/browser-fuzzer/Dissertation/logger/run_20250324_064826/round_027/mutations/mutated_0004.html (1073)
[86558:86558:0324/111606.186377:INFO:CONSOLE(1074)] "Uncaught SyntaxError: Invalid or unexpected token", source: file:///home/dhia/browser-fuzzer/Dissertation/logger/run_20250324_064826/round_027/mutations/mutated_0004.html (1074)
[86558:86558:0324/111606.352861:INFO:CONSOLE(1098)] "Uncaught SyntaxError: Invalid or unexpected token", source: file:///home/dhia/browser-fuzzer/Dissertation/logger/run_20250324_064826/round_027/mutations/mutated_0004.html (1098)
[86558:86558:0324/111606.365149:INFO:CONSOLE(1099)] "Uncaught SyntaxError: Invalid or unexpected token", source: file:///home/dhia/browser-fuzzer/Dissertation/logger/run_20250324_064826/round_027/mutations/mutated_0004.html (1099)
[86558:86558:0324/111606.518096:INFO:CONSOLE(1140)] "Uncaught SyntaxError: Invalid or unexpected token", source: file:///home/dhia/browser-fuzzer/Dissertation/logger/run_20250324_064826/round_027/mutations/mutated_0004.html (1140)
[86558:86558:0324/111606.747358:INFO:CONSOLE(1185)] "Uncaught SyntaxError: Invalid or unexpected token", source: file:///home/dhia/browser-fuzzer/Dissertation/logger/run_20250324_064826/round_027/mutations/mutated_0004.html (1185)
[86558:86558:0324/111606.763318:INFO:CONSOLE(1210)] "Uncaught SyntaxError: Invalid or unexpected token", source: file:///home/dhia/browser-fuzzer/Dissertation/logger/run_20250324_064826/round_027/mutations/mutated_0004.html (1210)
[86558:86558:0324/111606.932358:INFO:CONSOLE(1211)] "Uncaught SyntaxError: Invalid or unexpected token", source: file:///home/dhia/browser-fuzzer/Dissertation/logger/run_20250324_064826/round_027/mutations/mutated_0004.html (1211)
[86558:86558:0324/111606.955293:INFO:CONSOLE(1217)] "Uncaught SyntaxError: Invalid or unexpected token", source: file:///home/dhia/browser-fuzzer/Dissertation/logger/run_20250324_064826/round_027/mutations/mutated_0004.html (1217)
[86558:86558:0324/111607.069258:INFO:CONSOLE(1219)] "Uncaught SyntaxError: Invalid or unexpected token", source: file:///home/dhia/browser-fuzzer/Dissertation/logger/run_20250324_064826/round_027/mutations/mutated_0004.html (1219)
[86558:86558:0324/111607.080116:INFO:CONSOLE(1221)] "Uncaught SyntaxError: Invalid or unexpected token", source: file:///home/dhia/browser-fuzzer/Dissertation/logger/run_20250324_064826/round_027/mutations/mutated_0004.html (1221)
[86558:86558:0324/111607.198760:INFO:CONSOLE(1223)] "Uncaught SyntaxError: Invalid or unexpected token", source: file:///home/dhia/browser-fuzzer/Dissertation/logger/run_20250324_064826/round_027/mutations/mutated_0004.html (1223)
[86558:86558:0324/111607.209590:INFO:CONSOLE(1225)] "Uncaught SyntaxError: Invalid or unexpected token", source: file:///home/dhia/browser-fuzzer/Dissertation/logger/run_20250324_064826/round_027/mutations/mutated_0004.html (1225)
[86558:86558:0324/111607.309891:INFO:CONSOLE(1226)] "Uncaught SyntaxError: Invalid or unexpected token", source: file:///home/dhia/browser-fuzzer/Dissertation/logger/run_20250324_064826/round_027/mutations/mutated_0004.html (1226)
[86558:86558:0324/111607.314387:INFO:CONSOLE(1298)] "Uncaught SyntaxError: Invalid or unexpected token", source: file:///home/dhia/browser-fuzzer/Dissertation/logger/run_20250324_064826/round_027/mutations/mutated_0004.html (1298)
[86558:86558:0324/111607.320339:INFO:CONSOLE(1299)] "Uncaught SyntaxError: Invalid or unexpected token", source: file:///home/dhia/browser-fuzzer/Dissertation/logger/run_20250324_064826/round_027/mutations/mutated_0004.html (1299)
[86558:86558:0324/111607.565920:INFO:CONSOLE(1302)] "Uncaught SyntaxError: Invalid or unexpected token", source: file:///home/dhia/browser-fuzzer/Dissertation/logger/run_20250324_064826/round_027/mutations/mutated_0004.html (1302)
[86558:86558:0324/111607.573711:INFO:CONSOLE(1303)] "Uncaught SyntaxError: Invalid or unexpected token", source: file:///home/dhia/browser-fuzzer/Dissertation/logger/run_20250324_064826/round_027/mutations/mutated_0004.html (1303)
[86558:86558:0324/111607.715063:INFO:CONSOLE(1309)] "Uncaught SyntaxError: Invalid or unexpected token", source: file:///home/dhia/browser-fuzzer/Dissertation/logger/run_20250324_064826/round_027/mutations/mutated_0004.html (1309)
[86558:86558:0324/111607.878293:INFO:CONSOLE(1331)] "Uncaught SyntaxError: Invalid or unexpected token", source: file:///home/dhia/browser-fuzzer/Dissertation/logger/run_20250324_064826/round_027/mutations/mutated_0004.html (1331)
[86558:86558:0324/111607.894010:INFO:CONSOLE(1332)] "Uncaught SyntaxError: Invalid or unexpected token", source: file:///home/dhia/browser-fuzzer/Dissertation/logger/run_20250324_064826/round_027/mutations/mutated_0004.html (1332)
[86558:86558:0324/111607.912418:INFO:CONSOLE(1334)] "Uncaught SyntaxError: Invalid or unexpected token", source: file:///home/dhia/browser-fuzzer/Dissertation/logger/run_20250324_064826/round_027/mutations/mutated_0004.html (1334)
[86558:86558:0324/111608.074683:INFO:CONSOLE(1335)] "Uncaught SyntaxError: Invalid or unexpected token", source: file:///home/dhia/browser-fuzzer/Dissertation/logger/run_20250324_064826/round_027/mutations/mutated_0004.html (1335)
[86558:86558:0324/111608.086083:INFO:CONSOLE(1337)] "Uncaught SyntaxError: Invalid or unexpected token", source: file:///home/dhia/browser-fuzzer/Dissertation/logger/run_20250324_064826/round_027/mutations/mutated_0004.html (1337)
[86558:86558:0324/111608.204894:INFO:CONSOLE(1338)] "Uncaught SyntaxError: Invalid or unexpected token", source: file:///home/dhia/browser-fuzzer/Dissertation/logger/run_20250324_064826/round_027/mutations/mutated_0004.html (1338)
[86558:86558:0324/111608.218344:INFO:CONSOLE(1366)] "Uncaught SyntaxError: Invalid or unexpected token", source: file:///home/dhia/browser-fuzzer/Dissertation/logger/run_20250324_064826/round_027/mutations/mutated_0004.html (1366)
[86558:86558:0324/111608.398581:INFO:CONSOLE(1398)] "Uncaught SyntaxError: Invalid or unexpected token", source: file:///home/dhia/browser-fuzzer/Dissertation/logger/run_20250324_064826/round_027/mutations/mutated_0004.html (1398)
[86558:86558:0324/111608.404966:INFO:CONSOLE(1399)] "Uncaught SyntaxError: Invalid or unexpected token", source: file:///home/dhia/browser-fuzzer/Dissertation/logger/run_20250324_064826/round_027/mutations/mutated_0004.html (1399)
[86558:86558:0324/111608.601659:INFO:CONSOLE(1404)] "Uncaught SyntaxError: Invalid or unexpected token", source: file:///home/dhia/browser-fuzzer/Dissertation/logger/run_20250324_064826/round_027/mutations/mutated_0004.html (1404)
[86558:86558:0324/111608.804736:INFO:CONSOLE(1455)] "Uncaught SyntaxError: Invalid or unexpected token", source: file:///home/dhia/browser-fuzzer/Dissertation/logger/run_20250324_064826/round_027/mutations/mutated_0004.html (1455)
[86558:86558:0324/111608.824407:INFO:CONSOLE(1457)] "Uncaught SyntaxError: Invalid or unexpected token", source: file:///home/dhia/browser-fuzzer/Dissertation/logger/run_20250324_064826/round_027/mutations/mutated_0004.html (1457)
[86558:86558:0324/111608.832716:INFO:CONSOLE(1458)] "Uncaught SyntaxError: Invalid or unexpected token", source: file:///home/dhia/browser-fuzzer/Dissertation/logger/run_20250324_064826/round_027/mutations/mutated_0004.html (1458)
[86558:86558:0324/111609.056273:INFO:CONSOLE(1482)] "Uncaught SyntaxError: Invalid or unexpected token", source: file:///home/dhia/browser-fuzzer/Dissertation/logger/run_20250324_064826/round_027/mutations/mutated_0004.html (1482)
[86558:86558:0324/111609.062473:INFO:CONSOLE(1483)] "Uncaught SyntaxError: Invalid or unexpected token", source: file:///home/dhia/browser-fuzzer/Dissertation/logger/run_20250324_064826/round_027/mutations/mutated_0004.html (1483)
[86558:86558:0324/111609.270964:INFO:CONSOLE(1488)] "Uncaught SyntaxError: Invalid or unexpected token", source: file:///home/dhia/browser-fuzzer/Dissertation/logger/run_20250324_064826/round_027/mutations/mutated_0004.html (1488)
[86558:86558:0324/111609.278441:INFO:CONSOLE(1490)] "Uncaught SyntaxError: Invalid or unexpected token", source: file:///home/dhia/browser-fuzzer/Dissertation/logger/run_20250324_064826/round_027/mutations/mutated_0004.html (1490)
[86558:86558:0324/111609.287699:INFO:CONSOLE(1492)] "Uncaught SyntaxError: Invalid or unexpected token", source: file:///home/dhia/browser-fuzzer/Dissertation/logger/run_20250324_064826/round_027/mutations/mutated_0004.html (1492)
[86558:86558:0324/111609.303513:INFO:CONSOLE(1494)] "Uncaught SyntaxError: Invalid or unexpected token", source: file:///home/dhia/browser-fuzzer/Dissertation/logger/run_20250324_064826/round_027/mutations/mutated_0004.html (1494)
[86558:86558:0324/111609.442762:INFO:CONSOLE(1508)] "Uncaught SyntaxError: Invalid or unexpected token", source: file:///home/dhia/browser-fuzzer/Dissertation/logger/run_20250324_064826/round_027/mutations/mutated_0004.html (1508)
[86558:86558:0324/111609.448270:INFO:CONSOLE(1509)] "Uncaught SyntaxError: Invalid or unexpected token", source: file:///home/dhia/browser-fuzzer/Dissertation/logger/run_20250324_064826/round_027/mutations/mutated_0004.html (1509)
[86558:86558:0324/111609.829428:INFO:CONSOLE(1581)] "Uncaught SyntaxError: Invalid or unexpected token", source: file:///home/dhia/browser-fuzzer/Dissertation/logger/run_20250324_064826/round_027/mutations/mutated_0004.html (1581)
[86558:86558:0324/111609.849647:INFO:CONSOLE(1582)] "Uncaught SyntaxError: Invalid or unexpected token", source: file:///home/dhia/browser-fuzzer/Dissertation/logger/run_20250324_064826/round_027/mutations/mutated_0004.html (1582)
[86558:86558:0324/111609.986390:INFO:CONSOLE(1605)] "Uncaught SyntaxError: Invalid or unexpected token", source: file:///home/dhia/browser-fuzzer/Dissertation/logger/run_20250324_064826/round_027/mutations/mutated_0004.html (1605)
[86558:86558:0324/111610.287925:INFO:CONSOLE(1684)] "Uncaught SyntaxError: Invalid or unexpected token", source: file:///home/dhia/browser-fuzzer/Dissertation/logger/run_20250324_064826/round_027/mutations/mutated_0004.html (1684)
[86558:86558:0324/111610.683385:INFO:CONSOLE(1744)] "Uncaught SyntaxError: Invalid or unexpected token", source: file:///home/dhia/browser-fuzzer/Dissertation/logger/run_20250324_064826/round_027/mutations/mutated_0004.html (1744)
[86558:86558:0324/111610.700007:INFO:CONSOLE(1828)] "Uncaught SyntaxError: Invalid or unexpected token", source: file:///home/dhia/browser-fuzzer/Dissertation/logger/run_20250324_064826/round_027/mutations/mutated_0004.html (1828)
[86558:86558:0324/111611.308816:INFO:CONSOLE(1829)] "Uncaught SyntaxError: Invalid or unexpected token", source: file:///home/dhia/browser-fuzzer/Dissertation/logger/run_20250324_064826/round_027/mutations/mutated_0004.html (1829)
[86558:86558:0324/111611.316390:INFO:CONSOLE(1830)] "Uncaught SyntaxError: Invalid or unexpected token", source: file:///home/dhia/browser-fuzzer/Dissertation/logger/run_20250324_064826/round_027/mutations/mutated_0004.html (1830)
[86558:86558:0324/111611.324243:INFO:CONSOLE(1831)] "Uncaught SyntaxError: Invalid or unexpected token", source: file:///home/dhia/browser-fuzzer/Dissertation/logger/run_20250324_064826/round_027/mutations/mutated_0004.html (1831)
[86558:86558:0324/111611.476121:INFO:CONSOLE(1832)] "Uncaught SyntaxError: Invalid or unexpected token", source: file:///home/dhia/browser-fuzzer/Dissertation/logger/run_20250324_064826/round_027/mutations/mutated_0004.html (1832)
[86558:86558:0324/111611.483037:INFO:CONSOLE(1833)] "Uncaught SyntaxError: Invalid or unexpected token", source: file:///home/dhia/browser-fuzzer/Dissertation/logger/run_20250324_064826/round_027/mutations/mutated_0004.html (1833)
[86558:86558:0324/111611.657912:INFO:CONSOLE(1840)] "Uncaught SyntaxError: Invalid or unexpected token", source: file:///home/dhia/browser-fuzzer/Dissertation/logger/run_20250324_064826/round_027/mutations/mutated_0004.html (1840)
[86558:86558:0324/111611.951839:INFO:CONSOLE(1986)] "Uncaught SyntaxError: Invalid or unexpected token", source: file:///home/dhia/browser-fuzzer/Dissertation/logger/run_20250324_064826/round_027/mutations/mutated_0004.html (1986)
[86558:86558:0324/111611.978927:INFO:CONSOLE(2002)] "Uncaught SyntaxError: Invalid or unexpected token", source: file:///home/dhia/browser-fuzzer/Dissertation/logger/run_20250324_064826/round_027/mutations/mutated_0004.html (2002)
[86558:86558:0324/111612.304953:INFO:CONSOLE(2006)] "Uncaught SyntaxError: Invalid or unexpected token", source: file:///home/dhia/browser-fuzzer/Dissertation/logger/run_20250324_064826/round_027/mutations/mutated_0004.html (2006)
[86558:86558:0324/111612.315008:INFO:CONSOLE(2022)] "Uncaught SyntaxError: Invalid or unexpected token", source: file:///home/dhia/browser-fuzzer/Dissertation/logger/run_20250324_064826/round_027/mutations/mutated_0004.html (2022)
[86558:86558:0324/111612.511378:INFO:CONSOLE(2023)] "Uncaught SyntaxError: Invalid or unexpected token", source: file:///home/dhia/browser-fuzzer/Dissertation/logger/run_20250324_064826/round_027/mutations/mutated_0004.html (2023)
[86558:86558:0324/111612.538204:INFO:CONSOLE(2030)] "Uncaught SyntaxError: Invalid or unexpected token", source: file:///home/dhia/browser-fuzzer/Dissertation/logger/run_20250324_064826/round_027/mutations/mutated_0004.html (2030)
[86558:86558:0324/111612.736896:INFO:CONSOLE(2034)] "Uncaught SyntaxError: Invalid or unexpected token", source: file:///home/dhia/browser-fuzzer/Dissertation/logger/run_20250324_064826/round_027/mutations/mutated_0004.html (2034)
[86558:86558:0324/111612.742206:INFO:CONSOLE(2038)] "Uncaught SyntaxError: Invalid or unexpected token", source: file:///home/dhia/browser-fuzzer/Dissertation/logger/run_20250324_064826/round_027/mutations/mutated_0004.html (2038)
[86558:86558:0324/111612.946325:INFO:CONSOLE(2073)] "Uncaught SyntaxError: Invalid or unexpected token", source: file:///home/dhia/browser-fuzzer/Dissertation/logger/run_20250324_064826/round_027/mutations/mutated_0004.html (2073)
[86558:86558:0324/111613.136853:INFO:CONSOLE(2077)] "Uncaught SyntaxError: Invalid or unexpected token", source: file:///home/dhia/browser-fuzzer/Dissertation/logger/run_20250324_064826/round_027/mutations/mutated_0004.html (2077)
[86558:86558:0324/111613.145420:INFO:CONSOLE(2078)] "Uncaught SyntaxError: Invalid or unexpected token", source: file:///home/dhia/browser-fuzzer/Dissertation/logger/run_20250324_064826/round_027/mutations/mutated_0004.html (2078)
[86558:86558:0324/111613.154390:INFO:CONSOLE(2079)] "Uncaught SyntaxError: Invalid or unexpected token", source: file:///home/dhia/browser-fuzzer/Dissertation/logger/run_20250324_064826/round_027/mutations/mutated_0004.html (2079)
[86558:86558:0324/111613.317698:INFO:CONSOLE(2080)] "Uncaught SyntaxError: Invalid or unexpected token", source: file:///home/dhia/browser-fuzzer/Dissertation/logger/run_20250324_064826/round_027/mutations/mutated_0004.html (2080)
[86558:86558:0324/111613.544100:INFO:CONSOLE(2081)] "Uncaught SyntaxError: Invalid or unexpected token", source: file:///home/dhia/browser-fuzzer/Dissertation/logger/run_20250324_064826/round_027/mutations/mutated_0004.html (2081)
[86558:86558:0324/111613.549563:INFO:CONSOLE(2082)] "Uncaught SyntaxError: Invalid or unexpected token", source: file:///home/dhia/browser-fuzzer/Dissertation/logger/run_20250324_064826/round_027/mutations/mutated_0004.html (2082)
[86558:86558:0324/111613.739675:INFO:CONSOLE(2088)] "Uncaught SyntaxError: Invalid or unexpected token", source: file:///home/dhia/browser-fuzzer/Dissertation/logger/run_20250324_064826/round_027/mutations/mutated_0004.html (2088)
[86558:86558:0324/111613.764573:INFO:CONSOLE(2089)] "Uncaught SyntaxError: Invalid or unexpected token", source: file:///home/dhia/browser-fuzzer/Dissertation/logger/run_20250324_064826/round_027/mutations/mutated_0004.html (2089)
[86558:86558:0324/111613.971749:INFO:CONSOLE(2095)] "Uncaught SyntaxError: Invalid or unexpected token", source: file:///home/dhia/browser-fuzzer/Dissertation/logger/run_20250324_064826/round_027/mutations/mutated_0004.html (2095)
[86558:86558:0324/111613.979112:INFO:CONSOLE(2096)] "Uncaught SyntaxError: Invalid or unexpected token", source: file:///home/dhia/browser-fuzzer/Dissertation/logger/run_20250324_064826/round_027/mutations/mutated_0004.html (2096)
[86558:86558:0324/111615.209931:INFO:CONSOLE(2101)] "Uncaught SyntaxError: Invalid or unexpected token", source: file:///home/dhia/browser-fuzzer/Dissertation/logger/run_20250324_064826/round_027/mutations/mutated_0004.html (2101)
[86558:86558:0324/111615.214349:INFO:CONSOLE(2102)] "Uncaught SyntaxError: Invalid or unexpected token", source: file:///home/dhia/browser-fuzzer/Dissertation/logger/run_20250324_064826/round_027/mutations/mutated_0004.html (2102)
[86558:86558:0324/111615.221702:INFO:CONSOLE(2103)] "Uncaught SyntaxError: Invalid or unexpected token", source: file:///home/dhia/browser-fuzzer/Dissertation/logger/run_20250324_064826/round_027/mutations/mutated_0004.html (2103)
[86558:86558:0324/111615.231825:INFO:CONSOLE(2109)] "Uncaught SyntaxError: Invalid or unexpected token", source: file:///home/dhia/browser-fuzzer/Dissertation/logger/run_20250324_064826/round_027/mutations/mutated_0004.html (2109)
[86558:86558:0324/111615.303773:INFO:CONSOLE(2110)] "Uncaught SyntaxError: Invalid or unexpected token", source: file:///home/dhia/browser-fuzzer/Dissertation/logger/run_20250324_064826/round_027/mutations/mutated_0004.html (2110)
[86558:86558:0324/111615.312818:INFO:CONSOLE(2111)] "Uncaught SyntaxError: Invalid or unexpected token", source: file:///home/dhia/browser-fuzzer/Dissertation/logger/run_20250324_064826/round_027/mutations/mutated_0004.html (2111)
[86558:86558:0324/111615.393823:INFO:CONSOLE(2319)] "Uncaught SyntaxError: Invalid or unexpected token", source: file:///home/dhia/browser-fuzzer/Dissertation/logger/run_20250324_064826/round_027/mutations/mutated_0004.html (2319)
[86558:86558:0324/111615.402437:INFO:CONSOLE(2323)] "Uncaught SyntaxError: Invalid or unexpected token", source: file:///home/dhia/browser-fuzzer/Dissertation/logger/run_20250324_064826/round_027/mutations/mutated_0004.html (2323)
[86558:86558:0324/111615.831320:INFO:CONSOLE(2401)] "Uncaught SyntaxError: Invalid or unexpected token", source: file:///home/dhia/browser-fuzzer/Dissertation/logger/run_20250324_064826/round_027/mutations/mutated_0004.html (2401)
[86558:86558:0324/111615.845591:INFO:CONSOLE(2402)] "Uncaught SyntaxError: Invalid or unexpected token", source: file:///home/dhia/browser-fuzzer/Dissertation/logger/run_20250324_064826/round_027/mutations/mutated_0004.html (2402)
[86558:86558:0324/111616.507014:INFO:CONSOLE(2403)] "Uncaught SyntaxError: Invalid or unexpected token", source: file:///home/dhia/browser-fuzzer/Dissertation/logger/run_20250324_064826/round_027/mutations/mutated_0004.html (2403)
[86558:86558:0324/111616.527222:INFO:CONSOLE(2475)] "Uncaught SyntaxError: Invalid or unexpected token", source: file:///home/dhia/browser-fuzzer/Dissertation/logger/run_20250324_064826/round_027/mutations/mutated_0004.html (2475)
[86558:86558:0324/111617.230926:INFO:CONSOLE(2476)] "Uncaught SyntaxError: Invalid or unexpected token", source: file:///home/dhia/browser-fuzzer/Dissertation/logger/run_20250324_064826/round_027/mutations/mutated_0004.html (2476)
[86558:86558:0324/111617.244677:INFO:CONSOLE(2477)] "Uncaught SyntaxError: Invalid or unexpected token", source: file:///home/dhia/browser-fuzzer/Dissertation/logger/run_20250324_064826/round_027/mutations/mutated_0004.html (2477)
[86558:86558:0324/111617.468255:INFO:CONSOLE(2478)] "Uncaught SyntaxError: Invalid or unexpected token", source: file:///home/dhia/browser-fuzzer/Dissertation/logger/run_20250324_064826/round_027/mutations/mutated_0004.html (2478)
[86558:86558:0324/111617.476477:INFO:CONSOLE(2479)] "Uncaught SyntaxError: Invalid or unexpected token", source: file:///home/dhia/browser-fuzzer/Dissertation/logger/run_20250324_064826/round_027/mutations/mutated_0004.html (2479)
[86558:86558:0324/111617.493233:INFO:CONSOLE(2480)] "Uncaught SyntaxError: Invalid or unexpected token", source: file:///home/dhia/browser-fuzzer/Dissertation/logger/run_20250324_064826/round_027/mutations/mutated_0004.html (2480)
[86558:86558:0324/111617.700252:INFO:CONSOLE(2485)] "Uncaught SyntaxError: Invalid or unexpected token", source: file:///home/dhia/browser-fuzzer/Dissertation/logger/run_20250324_064826/round_027/mutations/mutated_0004.html (2485)
[86558:86558:0324/111617.706768:INFO:CONSOLE(2486)] "Uncaught SyntaxError: Invalid or unexpected token", source: file:///home/dhia/browser-fuzzer/Dissertation/logger/run_20250324_064826/round_027/mutations/mutated_0004.html (2486)
[86558:86558:0324/111617.713318:INFO:CONSOLE(2487)] "Uncaught SyntaxError: Invalid or unexpected token", source: file:///home/dhia/browser-fuzzer/Dissertation/logger/run_20250324_064826/round_027/mutations/mutated_0004.html (2487)
[86558:86558:0324/111617.978904:INFO:CONSOLE(2493)] "Uncaught SyntaxError: Invalid or unexpected token", source: file:///home/dhia/browser-fuzzer/Dissertation/logger/run_20250324_064826/round_027/mutations/mutated_0004.html (2493)
[86558:86558:0324/111617.987251:INFO:CONSOLE(2495)] "Uncaught SyntaxError: Invalid or unexpected token", source: file:///home/dhia/browser-fuzzer/Dissertation/logger/run_20250324_064826/round_027/mutations/mutated_0004.html (2495)
[86558:86558:0324/111617.994246:INFO:CONSOLE(2497)] "Uncaught SyntaxError: Invalid or unexpected token", source: file:///home/dhia/browser-fuzzer/Dissertation/logger/run_20250324_064826/round_027/mutations/mutated_0004.html (2497)
[86558:86558:0324/111618.242273:INFO:CONSOLE(2499)] "Uncaught SyntaxError: Invalid or unexpected token", source: file:///home/dhia/browser-fuzzer/Dissertation/logger/run_20250324_064826/round_027/mutations/mutated_0004.html (2499)
[86558:86558:0324/111618.262419:INFO:CONSOLE(2501)] "Uncaught SyntaxError: Invalid or unexpected token", source: file:///home/dhia/browser-fuzzer/Dissertation/logger/run_20250324_064826/round_027/mutations/mutated_0004.html (2501)
[86558:86558:0324/111618.485248:INFO:CONSOLE(2502)] "Uncaught SyntaxError: Invalid or unexpected token", source: file:///home/dhia/browser-fuzzer/Dissertation/logger/run_20250324_064826/round_027/mutations/mutated_0004.html (2502)
[86558:86558:0324/111618.491598:INFO:CONSOLE(2574)] "Uncaught SyntaxError: Invalid or unexpected token", source: file:///home/dhia/browser-fuzzer/Dissertation/logger/run_20250324_064826/round_027/mutations/mutated_0004.html (2574)
[86558:86558:0324/111618.502316:INFO:CONSOLE(2575)] "Uncaught SyntaxError: Invalid or unexpected token", source: file:///home/dhia/browser-fuzzer/Dissertation/logger/run_20250324_064826/round_027/mutations/mutated_0004.html (2575)
[86558:86558:0324/111619.314981:INFO:CONSOLE(2578)] "Uncaught SyntaxError: Invalid or unexpected token", source: file:///home/dhia/browser-fuzzer/Dissertation/logger/run_20250324_064826/round_027/mutations/mutated_0004.html (2578)
[86558:86558:0324/111619.334661:INFO:CONSOLE(2579)] "Uncaught SyntaxError: Invalid or unexpected token", source: file:///home/dhia/browser-fuzzer/Dissertation/logger/run_20250324_064826/round_027/mutations/mutated_0004.html (2579)
[86558:86558:0324/111619.576581:INFO:CONSOLE(2585)] "Uncaught SyntaxError: Invalid or unexpected token", source: file:///home/dhia/browser-fuzzer/Dissertation/logger/run_20250324_064826/round_027/mutations/mutated_0004.html (2585)
[86558:86558:0324/111619.862598:INFO:CONSOLE(2607)] "Uncaught SyntaxError: Invalid or unexpected token", source: file:///home/dhia/browser-fuzzer/Dissertation/logger/run_20250324_064826/round_027/mutations/mutated_0004.html (2607)
[86558:86558:0324/111619.870514:INFO:CONSOLE(2608)] "Uncaught SyntaxError: Invalid or unexpected token", source: file:///home/dhia/browser-fuzzer/Dissertation/logger/run_20250324_064826/round_027/mutations/mutated_0004.html (2608)
[86558:86558:0324/111619.882493:INFO:CONSOLE(2610)] "Uncaught SyntaxError: Invalid or unexpected token", source: file:///home/dhia/browser-fuzzer/Dissertation/logger/run_20250324_064826/round_027/mutations/mutated_0004.html (2610)
[86558:86558:0324/111620.132565:INFO:CONSOLE(2611)] "Uncaught SyntaxError: Invalid or unexpected token", source: file:///home/dhia/browser-fuzzer/Dissertation/logger/run_20250324_064826/round_027/mutations/mutated_0004.html (2611)
[86558:86558:0324/111620.153225:INFO:CONSOLE(2612)] "Uncaught SyntaxError: Invalid or unexpected token", source: file:///home/dhia/browser-fuzzer/Dissertation/logger/run_20250324_064826/round_027/mutations/mutated_0004.html (2612)
[86558:86558:0324/111620.161298:INFO:CONSOLE(2613)] "Uncaught SyntaxError: Invalid or unexpected token", source: file:///home/dhia/browser-fuzzer/Dissertation/logger/run_20250324_064826/round_027/mutations/mutated_0004.html (2613)
[86558:86558:0324/111620.346617:INFO:CONSOLE(2615)] "Uncaught SyntaxError: Invalid or unexpected token", source: file:///home/dhia/browser-fuzzer/Dissertation/logger/run_20250324_064826/round_027/mutations/mutated_0004.html (2615)
[86558:86558:0324/111620.367335:INFO:CONSOLE(2616)] "Uncaught SyntaxError: Invalid or unexpected token", source: file:///home/dhia/browser-fuzzer/Dissertation/logger/run_20250324_064826/round_027/mutations/mutated_0004.html (2616)
[86558:86558:0324/111620.626928:INFO:CONSOLE(2640)] "Uncaught SyntaxError: Invalid or unexpected token", source: file:///home/dhia/browser-fuzzer/Dissertation/logger/run_20250324_064826/round_027/mutations/mutated_0004.html (2640)
[86558:86558:0324/111620.647131:INFO:CONSOLE(2641)] "Uncaught SyntaxError: Invalid or unexpected token", source: file:///home/dhia/browser-fuzzer/Dissertation/logger/run_20250324_064826/round_027/mutations/mutated_0004.html (2641)
[86558:86558:0324/111620.977048:INFO:CONSOLE(2672)] "Uncaught SyntaxError: Invalid or unexpected token", source: file:///home/dhia/browser-fuzzer/Dissertation/logger/run_20250324_064826/round_027/mutations/mutated_0004.html (2672)
[86558:86558:0324/111621.405900:INFO:CONSOLE(2727)] "Uncaught SyntaxError: Invalid or unexpected token", source: file:///home/dhia/browser-fuzzer/Dissertation/logger/run_20250324_064826/round_027/mutations/mutated_0004.html (2727)
[86558:86558:0324/111621.741033:INFO:CONSOLE(2740)] "Uncaught SyntaxError: Invalid or unexpected token", source: file:///home/dhia/browser-fuzzer/Dissertation/logger/run_20250324_064826/round_027/mutations/mutated_0004.html (2740)
[86558:86558:0324/111621.782880:INFO:CONSOLE(2741)] "Uncaught SyntaxError: Invalid or unexpected token", source: file:///home/dhia/browser-fuzzer/Dissertation/logger/run_20250324_064826/round_027/mutations/mutated_0004.html (2741)
[86558:86558:0324/111621.792795:INFO:CONSOLE(2742)] "Uncaught SyntaxError: Invalid or unexpected token", source: file:///home/dhia/browser-fuzzer/Dissertation/logger/run_20250324_064826/round_027/mutations/mutated_0004.html (2742)
[86558:86558:0324/111622.031280:INFO:CONSOLE(2743)] "Uncaught SyntaxError: Invalid or unexpected token", source: file:///home/dhia/browser-fuzzer/Dissertation/logger/run_20250324_064826/round_027/mutations/mutated_0004.html (2743)
[86558:86558:0324/111622.168086:INFO:CONSOLE(2748)] "Uncaught SyntaxError: Invalid or unexpected token", source: file:///home/dhia/browser-fuzzer/Dissertation/logger/run_20250324_064826/round_027/mutations/mutated_0004.html (2748)
[86558:86558:0324/111622.425290:INFO:CONSOLE(2749)] "Uncaught SyntaxError: Invalid or unexpected token", source: file:///home/dhia/browser-fuzzer/Dissertation/logger/run_20250324_064826/round_027/mutations/mutated_0004.html (2749)
[86558:86558:0324/111622.441389:INFO:CONSOLE(2750)] "Uncaught SyntaxError: Invalid or unexpected token", source: file:///home/dhia/browser-fuzzer/Dissertation/logger/run_20250324_064826/round_027/mutations/mutated_0004.html (2750)
[86558:86558:0324/111622.698390:INFO:CONSOLE(2756)] "Uncaught SyntaxError: Invalid or unexpected token", source: file:///home/dhia/browser-fuzzer/Dissertation/logger/run_20250324_064826/round_027/mutations/mutated_0004.html (2756)
[86558:86558:0324/111622.721167:INFO:CONSOLE(2758)] "Uncaught SyntaxError: Invalid or unexpected token", source: file:///home/dhia/browser-fuzzer/Dissertation/logger/run_20250324_064826/round_027/mutations/mutated_0004.html (2758)
[86558:86558:0324/111623.004717:INFO:CONSOLE(2760)] "Uncaught SyntaxError: Invalid or unexpected token", source: file:///home/dhia/browser-fuzzer/Dissertation/logger/run_20250324_064826/round_027/mutations/mutated_0004.html (2760)
[86558:86558:0324/111623.026247:INFO:CONSOLE(2762)] "Uncaught SyntaxError: Invalid or unexpected token", source: file:///home/dhia/browser-fuzzer/Dissertation/logger/run_20250324_064826/round_027/mutations/mutated_0004.html (2762)
[86558:86558:0324/111623.263886:INFO:CONSOLE(2764)] "Uncaught SyntaxError: Invalid or unexpected token", source: file:///home/dhia/browser-fuzzer/Dissertation/logger/run_20250324_064826/round_027/mutations/mutated_0004.html (2764)
[86558:86558:0324/111623.287500:INFO:CONSOLE(2765)] "Uncaught SyntaxError: Invalid or unexpected token", source: file:///home/dhia/browser-fuzzer/Dissertation/logger/run_20250324_064826/round_027/mutations/mutated_0004.html (2765)
[86558:86558:0324/111623.518660:INFO:CONSOLE(2837)] "Uncaught SyntaxError: Invalid or unexpected token", source: file:///home/dhia/browser-fuzzer/Dissertation/logger/run_20250324_064826/round_027/mutations/mutated_0004.html (2837)
[86558:86558:0324/111623.537429:INFO:CONSOLE(2838)] "Uncaught SyntaxError: Invalid or unexpected token", source: file:///home/dhia/browser-fuzzer/Dissertation/logger/run_20250324_064826/round_027/mutations/mutated_0004.html (2838)
[86558:86558:0324/111623.550682:INFO:CONSOLE(2841)] "Uncaught SyntaxError: Invalid or unexpected token", source: file:///home/dhia/browser-fuzzer/Dissertation/logger/run_20250324_064826/round_027/mutations/mutated_0004.html (2841)
[86558:86558:0324/111624.330653:INFO:CONSOLE(2842)] "Uncaught SyntaxError: Invalid or unexpected token", source: file:///home/dhia/browser-fuzzer/Dissertation/logger/run_20250324_064826/round_027/mutations/mutated_0004.html (2842)
[86558:86558:0324/111624.356428:INFO:CONSOLE(2848)] "Uncaught SyntaxError: Invalid or unexpected token", source: file:///home/dhia/browser-fuzzer/Dissertation/logger/run_20250324_064826/round_027/mutations/mutated_0004.html (2848)
[86558:86558:0324/111624.635486:INFO:CONSOLE(2870)] "Uncaught SyntaxError: Invalid or unexpected token", source: file:///home/dhia/browser-fuzzer/Dissertation/logger/run_20250324_064826/round_027/mutations/mutated_0004.html (2870)
[86558:86558:0324/111624.643073:INFO:CONSOLE(2871)] "Uncaught SyntaxError: Invalid or unexpected token", source: file:///home/dhia/browser-fuzzer/Dissertation/logger/run_20250324_064826/round_027/mutations/mutated_0004.html (2871)
[86558:86558:0324/111624.647989:INFO:CONSOLE(2873)] "Uncaught SyntaxError: Invalid or unexpected token", source: file:///home/dhia/browser-fuzzer/Dissertation/logger/run_20250324_064826/round_027/mutations/mutated_0004.html (2873)
[86558:86558:0324/111624.934359:INFO:CONSOLE(2874)] "Uncaught SyntaxError: Invalid or unexpected token", source: file:///home/dhia/browser-fuzzer/Dissertation/logger/run_20250324_064826/round_027/mutations/mutated_0004.html (2874)
[86558:86558:0324/111624.943818:INFO:CONSOLE(2875)] "Uncaught SyntaxError: Invalid or unexpected token", source: file:///home/dhia/browser-fuzzer/Dissertation/logger/run_20250324_064826/round_027/mutations/mutated_0004.html (2875)
[86558:86558:0324/111624.951547:INFO:CONSOLE(2876)] "Uncaught SyntaxError: Invalid or unexpected token", source: file:///home/dhia/browser-fuzzer/Dissertation/logger/run_20250324_064826/round_027/mutations/mutated_0004.html (2876)
[86558:86558:0324/111625.212742:INFO:CONSOLE(2878)] "Uncaught SyntaxError: Invalid or unexpected token", source: file:///home/dhia/browser-fuzzer/Dissertation/logger/run_20250324_064826/round_027/mutations/mutated_0004.html (2878)
[86558:86558:0324/111625.218013:INFO:CONSOLE(2879)] "Uncaught SyntaxError: Invalid or unexpected token", source: file:///home/dhia/browser-fuzzer/Dissertation/logger/run_20250324_064826/round_027/mutations/mutated_0004.html (2879)
[86558:86558:0324/111625.495219:INFO:CONSOLE(2903)] "Uncaught SyntaxError: Invalid or unexpected token", source: file:///home/dhia/browser-fuzzer/Dissertation/logger/run_20250324_064826/round_027/mutations/mutated_0004.html (2903)
[86558:86558:0324/111625.500628:INFO:CONSOLE(2904)] "Uncaught SyntaxError: Invalid or unexpected token", source: file:///home/dhia/browser-fuzzer/Dissertation/logger/run_20250324_064826/round_027/mutations/mutated_0004.html (2904)
[86558:86558:0324/111625.839165:INFO:CONSOLE(2935)] "Uncaught SyntaxError: Invalid or unexpected token", source: file:///home/dhia/browser-fuzzer/Dissertation/logger/run_20250324_064826/round_027/mutations/mutated_0004.html (2935)
[86558:86558:0324/111626.170612:INFO:CONSOLE(2990)] "Uncaught SyntaxError: Invalid or unexpected token", source: file:///home/dhia/browser-fuzzer/Dissertation/logger/run_20250324_064826/round_027/mutations/mutated_0004.html (2990)
[86558:86558:0324/111626.193112:INFO:CONSOLE(3015)] "Uncaught SyntaxError: Invalid or unexpected token", source: file:///home/dhia/browser-fuzzer/Dissertation/logger/run_20250324_064826/round_027/mutations/mutated_0004.html (3015)
[86558:86558:0324/111626.505060:INFO:CONSOLE(3016)] "Uncaught SyntaxError: Invalid or unexpected token", source: file:///home/dhia/browser-fuzzer/Dissertation/logger/run_20250324_064826/round_027/mutations/mutated_0004.html (3016)
[86558:86558:0324/111626.521964:INFO:CONSOLE(3022)] "Uncaught SyntaxError: Invalid or unexpected token", source: file:///home/dhia/browser-fuzzer/Dissertation/logger/run_20250324_064826/round_027/mutations/mutated_0004.html (3022)
[86558:86558:0324/111626.777554:INFO:CONSOLE(3024)] "Uncaught SyntaxError: Invalid or unexpected token", source: file:///home/dhia/browser-fuzzer/Dissertation/logger/run_20250324_064826/round_027/mutations/mutated_0004.html (3024)
[86558:86558:0324/111626.809224:INFO:CONSOLE(3036)] "Uncaught SyntaxError: Invalid or unexpected token", source: file:///home/dhia/browser-fuzzer/Dissertation/logger/run_20250324_064826/round_027/mutations/mutated_0004.html (3036)
[86558:86558:0324/111626.997983:INFO:CONSOLE(3038)] "Uncaught SyntaxError: Invalid or unexpected token", source: file:///home/dhia/browser-fuzzer/Dissertation/logger/run_20250324_064826/round_027/mutations/mutated_0004.html (3038)
[86558:86558:0324/111627.006042:INFO:CONSOLE(3040)] "Uncaught SyntaxError: Invalid or unexpected token", source: file:///home/dhia/browser-fuzzer/Dissertation/logger/run_20250324_064826/round_027/mutations/mutated_0004.html (3040)
[86558:86558:0324/111627.030330:INFO:CONSOLE(3041)] "Uncaught SyntaxError: Invalid or unexpected token", source: file:///home/dhia/browser-fuzzer/Dissertation/logger/run_20250324_064826/round_027/mutations/mutated_0004.html (3041)
[86558:86558:0324/111627.283443:INFO:CONSOLE(3113)] "Uncaught SyntaxError: Invalid or unexpected token", source: file:///home/dhia/browser-fuzzer/Dissertation/logger/run_20250324_064826/round_027/mutations/mutated_0004.html (3113)
[86558:86558:0324/111627.298362:INFO:CONSOLE(3114)] "Uncaught SyntaxError: Invalid or unexpected token", source: file:///home/dhia/browser-fuzzer/Dissertation/logger/run_20250324_064826/round_027/mutations/mutated_0004.html (3114)
[86558:86558:0324/111628.163313:INFO:CONSOLE(3117)] "Uncaught SyntaxError: Invalid or unexpected token", source: file:///home/dhia/browser-fuzzer/Dissertation/logger/run_20250324_064826/round_027/mutations/mutated_0004.html (3117)
[86558:86558:0324/111628.170314:INFO:CONSOLE(3118)] "Uncaught SyntaxError: Invalid or unexpected token", source: file:///home/dhia/browser-fuzzer/Dissertation/logger/run_20250324_064826/round_027/mutations/mutated_0004.html (3118)
[86558:86558:0324/111628.184799:INFO:CONSOLE(3124)] "Uncaught SyntaxError: Invalid or unexpected token", source: file:///home/dhia/browser-fuzzer/Dissertation/logger/run_20250324_064826/round_027/mutations/mutated_0004.html (3124)
[86558:86558:0324/111628.449839:INFO:CONSOLE(3146)] "Uncaught SyntaxError: Invalid or unexpected token", source: file:///home/dhia/browser-fuzzer/Dissertation/logger/run_20250324_064826/round_027/mutations/mutated_0004.html (3146)
[86558:86558:0324/111628.458073:INFO:CONSOLE(3147)] "Uncaught SyntaxError: Invalid or unexpected token", source: file:///home/dhia/browser-fuzzer/Dissertation/logger/run_20250324_064826/round_027/mutations/mutated_0004.html (3147)
[86558:86558:0324/111628.745793:INFO:CONSOLE(3149)] "Uncaught SyntaxError: Invalid or unexpected token", source: file:///home/dhia/browser-fuzzer/Dissertation/logger/run_20250324_064826/round_027/mutations/mutated_0004.html (3149)
[86558:86558:0324/111628.771942:INFO:CONSOLE(3150)] "Uncaught SyntaxError: Invalid or unexpected token", source: file:///home/dhia/browser-fuzzer/Dissertation/logger/run_20250324_064826/round_027/mutations/mutated_0004.html (3150)
[86558:86558:0324/111628.779887:INFO:CONSOLE(3152)] "Uncaught SyntaxError: Invalid or unexpected token", source: file:///home/dhia/browser-fuzzer/Dissertation/logger/run_20250324_064826/round_027/mutations/mutated_0004.html (3152)
[86558:86558:0324/111628.985121:INFO:CONSOLE(3153)] "Uncaught SyntaxError: Invalid or unexpected token", source: file:///home/dhia/browser-fuzzer/Dissertation/logger/run_20250324_064826/round_027/mutations/mutated_0004.html (3153)
[86558:86558:0324/111628.996678:INFO:CONSOLE(3171)] "Uncaught SyntaxError: Invalid or unexpected token", source: file:///home/dhia/browser-fuzzer/Dissertation/logger/run_20250324_064826/round_027/mutations/mutated_0004.html (3171)
[86558:86558:0324/111629.259564:INFO:CONSOLE(3203)] "Uncaught SyntaxError: Invalid or unexpected token", source: file:///home/dhia/browser-fuzzer/Dissertation/logger/run_20250324_064826/round_027/mutations/mutated_0004.html (3203)
[86558:86558:0324/111629.266791:INFO:CONSOLE(3204)] "Uncaught SyntaxError: Invalid or unexpected token", source: file:///home/dhia/browser-fuzzer/Dissertation/logger/run_20250324_064826/round_027/mutations/mutated_0004.html (3204)
[86558:86558:0324/111629.616130:INFO:CONSOLE(3209)] "Uncaught SyntaxError: Invalid or unexpected token", source: file:///home/dhia/browser-fuzzer/Dissertation/logger/run_20250324_064826/round_027/mutations/mutated_0004.html (3209)
[86558:86558:0324/111629.939673:INFO:CONSOLE(3260)] "Uncaught SyntaxError: Invalid or unexpected token", source: file:///home/dhia/browser-fuzzer/Dissertation/logger/run_20250324_064826/round_027/mutations/mutated_0004.html (3260)
[86558:86558:0324/111629.953499:INFO:CONSOLE(3262)] "Uncaught SyntaxError: Invalid or unexpected token", source: file:///home/dhia/browser-fuzzer/Dissertation/logger/run_20250324_064826/round_027/mutations/mutated_0004.html (3262)
[86558:86558:0324/111629.964534:INFO:CONSOLE(3263)] "Uncaught SyntaxError: Invalid or unexpected token", source: file:///home/dhia/browser-fuzzer/Dissertation/logger/run_20250324_064826/round_027/mutations/mutated_0004.html (3263)
[86558:86558:0324/111630.308015:INFO:CONSOLE(3287)] "Uncaught SyntaxError: Invalid or unexpected token", source: file:///home/dhia/browser-fuzzer/Dissertation/logger/run_20250324_064826/round_027/mutations/mutated_0004.html (3287)
[86558:86558:0324/111630.323775:INFO:CONSOLE(3288)] "Uncaught SyntaxError: Invalid or unexpected token", source: file:///home/dhia/browser-fuzzer/Dissertation/logger/run_20250324_064826/round_027/mutations/mutated_0004.html (3288)
[86558:86558:0324/111630.600279:INFO:CONSOLE(3293)] "Uncaught SyntaxError: Invalid or unexpected token", source: file:///home/dhia/browser-fuzzer/Dissertation/logger/run_20250324_064826/round_027/mutations/mutated_0004.html (3293)
[86558:86558:0324/111630.609242:INFO:CONSOLE(3295)] "Uncaught SyntaxError: Invalid or unexpected token", source: file:///home/dhia/browser-fuzzer/Dissertation/logger/run_20250324_064826/round_027/mutations/mutated_0004.html (3295)
[86558:86558:0324/111630.876695:INFO:CONSOLE(3297)] "Uncaught SyntaxError: Invalid or unexpected token", source: file:///home/dhia/browser-fuzzer/Dissertation/logger/run_20250324_064826/round_027/mutations/mutated_0004.html (3297)
[86558:86558:0324/111630.889152:INFO:CONSOLE(3299)] "Uncaught SyntaxError: Invalid or unexpected token", source: file:///home/dhia/browser-fuzzer/Dissertation/logger/run_20250324_064826/round_027/mutations/mutated_0004.html (3299)
[86558:86558:0324/111630.896494:INFO:CONSOLE(3313)] "Uncaught SyntaxError: Invalid or unexpected token", source: file:///home/dhia/browser-fuzzer/Dissertation/logger/run_20250324_064826/round_027/mutations/mutated_0004.html (3313)
[86558:86558:0324/111631.144034:INFO:CONSOLE(3314)] "Uncaught SyntaxError: Invalid or unexpected token", source: file:///home/dhia/browser-fuzzer/Dissertation/logger/run_20250324_064826/round_027/mutations/mutated_0004.html (3314)
[86558:86558:0324/111631.149416:INFO:CONSOLE(3386)] "Uncaught SyntaxError: Invalid or unexpected token", source: file:///home/dhia/browser-fuzzer/Dissertation/logger/run_20250324_064826/round_027/mutations/mutated_0004.html (3386)
[86558:86558:0324/111631.172313:INFO:CONSOLE(3387)] "Uncaught SyntaxError: Invalid or unexpected token", source: file:///home/dhia/browser-fuzzer/Dissertation/logger/run_20250324_064826/round_027/mutations/mutated_0004.html (3387)
[86558:86558:0324/111632.183175:INFO:CONSOLE(3410)] "Uncaught SyntaxError: Invalid or unexpected token", source: file:///home/dhia/browser-fuzzer/Dissertation/logger/run_20250324_064826/round_027/mutations/mutated_0004.html (3410)
[86558:86558:0324/111632.643487:INFO:CONSOLE(3489)] "Uncaught SyntaxError: Invalid or unexpected token", source: file:///home/dhia/browser-fuzzer/Dissertation/logger/run_20250324_064826/round_027/mutations/mutated_0004.html (3489)
[86558:86558:0324/111633.100469:INFO:CONSOLE(3549)] "Uncaught SyntaxError: Invalid or unexpected token", source: file:///home/dhia/browser-fuzzer/Dissertation/logger/run_20250324_064826/round_027/mutations/mutated_0004.html (3549)
[86558:86558:0324/111633.110133:INFO:CONSOLE(3633)] "Uncaught SyntaxError: Invalid or unexpected token", source: file:///home/dhia/browser-fuzzer/Dissertation/logger/run_20250324_064826/round_027/mutations/mutated_0004.html (3633)
[86558:86558:0324/111634.276171:INFO:CONSOLE(3634)] "Uncaught SyntaxError: Invalid or unexpected token", source: file:///home/dhia/browser-fuzzer/Dissertation/logger/run_20250324_064826/round_027/mutations/mutated_0004.html (3634)
[86558:86558:0324/111634.281961:INFO:CONSOLE(3635)] "Uncaught SyntaxError: Invalid or unexpected token", source: file:///home/dhia/browser-fuzzer/Dissertation/logger/run_20250324_064826/round_027/mutations/mutated_0004.html (3635)
[86558:86558:0324/111634.293481:INFO:CONSOLE(3636)] "Uncaught SyntaxError: Invalid or unexpected token", source: file:///home/dhia/browser-fuzzer/Dissertation/logger/run_20250324_064826/round_027/mutations/mutated_0004.html (3636)
[86558:86558:0324/111634.314404:INFO:CONSOLE(3637)] "Uncaught SyntaxError: Invalid or unexpected token", source: file:///home/dhia/browser-fuzzer/Dissertation/logger/run_20250324_064826/round_027/mutations/mutated_0004.html (3637)
[86558:86558:0324/111634.325922:INFO:CONSOLE(3638)] "Uncaught SyntaxError: Invalid or unexpected token", source: file:///home/dhia/browser-fuzzer/Dissertation/logger/run_20250324_064826/round_027/mutations/mutated_0004.html (3638)
[86558:86558:0324/111634.330854:INFO:CONSOLE(3645)] "Uncaught SyntaxError: Invalid or unexpected token", source: file:///home/dhia/browser-fuzzer/Dissertation/logger/run_20250324_064826/round_027/mutations/mutated_0004.html (3645)
[86558:86558:0324/111634.613070:INFO:CONSOLE(3781)] "Uncaught SyntaxError: Invalid or unexpected token", source: file:///home/dhia/browser-fuzzer/Dissertation/logger/run_20250324_064826/round_027/mutations/mutated_0004.html (3781)
[86558:86558:0324/111634.640615:INFO:CONSOLE(3797)] "Uncaught SyntaxError: Invalid or unexpected token", source: file:///home/dhia/browser-fuzzer/Dissertation/logger/run_20250324_064826/round_027/mutations/mutated_0004.html (3797)
[86558:86558:0324/111635.096896:INFO:CONSOLE(3801)] "Uncaught SyntaxError: Invalid or unexpected token", source: file:///home/dhia/browser-fuzzer/Dissertation/logger/run_20250324_064826/round_027/mutations/mutated_0004.html (3801)
[86558:86558:0324/111635.109881:INFO:CONSOLE(3807)] "Uncaught SyntaxError: Invalid or unexpected token", source: file:///home/dhia/browser-fuzzer/Dissertation/logger/run_20250324_064826/round_027/mutations/mutated_0004.html (3807)
[86558:86558:0324/111635.394011:INFO:CONSOLE(3808)] "Uncaught SyntaxError: Invalid or unexpected token", source: file:///home/dhia/browser-fuzzer/Dissertation/logger/run_20250324_064826/round_027/mutations/mutated_0004.html (3808)
[86558:86558:0324/111635.410276:INFO:CONSOLE(3815)] "Uncaught SyntaxError: Invalid or unexpected token", source: file:///home/dhia/browser-fuzzer/Dissertation/logger/run_20250324_064826/round_027/mutations/mutated_0004.html (3815)
[86558:86558:0324/111635.434100:INFO:CONSOLE(3819)] "Uncaught SyntaxError: Invalid or unexpected token", source: file:///home/dhia/browser-fuzzer/Dissertation/logger/run_20250324_064826/round_027/mutations/mutated_0004.html (3819)
[86558:86558:0324/111635.446796:INFO:CONSOLE(3823)] "Uncaught SyntaxError: Invalid or unexpected token", source: file:///home/dhia/browser-fuzzer/Dissertation/logger/run_20250324_064826/round_027/mutations/mutated_0004.html (3823)
[86558:86558:0324/111635.895702:INFO:CONSOLE(3848)] "Uncaught SyntaxError: Invalid or unexpected token", source: file:///home/dhia/browser-fuzzer/Dissertation/logger/run_20250324_064826/round_027/mutations/mutated_0004.html (3848)
[86558:86558:0324/111636.219375:INFO:CONSOLE(3852)] "Uncaught SyntaxError: Invalid or unexpected token", source: file:///home/dhia/browser-fuzzer/Dissertation/logger/run_20250324_064826/round_027/mutations/mutated_0004.html (3852)
[86558:86558:0324/111636.230208:INFO:CONSOLE(3853)] "Uncaught SyntaxError: Invalid or unexpected token", source: file:///home/dhia/browser-fuzzer/Dissertation/logger/run_20250324_064826/round_027/mutations/mutated_0004.html (3853)
[86558:86558:0324/111636.237563:INFO:CONSOLE(3854)] "Uncaught SyntaxError: Invalid or unexpected token", source: file:///home/dhia/browser-fuzzer/Dissertation/logger/run_20250324_064826/round_027/mutations/mutated_0004.html (3854)
[86558:86558:0324/111636.541633:INFO:CONSOLE(3855)] "Uncaught SyntaxError: Invalid or unexpected token", source: file:///home/dhia/browser-fuzzer/Dissertation/logger/run_20250324_064826/round_027/mutations/mutated_0004.html (3855)
[86558:86558:0324/111636.814538:INFO:CONSOLE(3856)] "Uncaught SyntaxError: Invalid or unexpected token", source: file:///home/dhia/browser-fuzzer/Dissertation/logger/run_20250324_064826/round_027/mutations/mutated_0004.html (3856)
[86558:86558:0324/111636.822482:INFO:CONSOLE(3857)] "Uncaught SyntaxError: Invalid or unexpected token", source: file:///home/dhia/browser-fuzzer/Dissertation/logger/run_20250324_064826/round_027/mutations/mutated_0004.html (3857)
[86558:86558:0324/111637.072228:INFO:CONSOLE(3863)] "Uncaught SyntaxError: Invalid or unexpected token", source: file:///home/dhia/browser-fuzzer/Dissertation/logger/run_20250324_064826/round_027/mutations/mutated_0004.html (3863)
[86558:86558:0324/111637.084107:INFO:CONSOLE(3864)] "Uncaught SyntaxError: Invalid or unexpected token", source: file:///home/dhia/browser-fuzzer/Dissertation/logger/run_20250324_064826/round_027/mutations/mutated_0004.html (3864)
[86558:86558:0324/111637.389682:INFO:CONSOLE(3870)] "Uncaught SyntaxError: Invalid or unexpected token", source: file:///home/dhia/browser-fuzzer/Dissertation/logger/run_20250324_064826/round_027/mutations/mutated_0004.html (3870)
[86558:86558:0324/111637.398913:INFO:CONSOLE(3871)] "Uncaught SyntaxError: Invalid or unexpected token", source: file:///home/dhia/browser-fuzzer/Dissertation/logger/run_20250324_064826/round_027/mutations/mutated_0004.html (3871)
[86558:86558:0324/111637.666542:INFO:CONSOLE(3876)] "Uncaught SyntaxError: Invalid or unexpected token", source: file:///home/dhia/browser-fuzzer/Dissertation/logger/run_20250324_064826/round_027/mutations/mutated_0004.html (3876)
[86558:86558:0324/111637.670488:INFO:CONSOLE(3877)] "Uncaught SyntaxError: Invalid or unexpected token", source: file:///home/dhia/browser-fuzzer/Dissertation/logger/run_20250324_064826/round_027/mutations/mutated_0004.html (3877)
[86558:86558:0324/111637.679232:INFO:CONSOLE(3878)] "Uncaught SyntaxError: Invalid or unexpected token", source: file:///home/dhia/browser-fuzzer/Dissertation/logger/run_20250324_064826/round_027/mutations/mutated_0004.html (3878)
[86558:86558:0324/111637.982349:INFO:CONSOLE(3884)] "Uncaught SyntaxError: Invalid or unexpected token", source: file:///home/dhia/browser-fuzzer/Dissertation/logger/run_20250324_064826/round_027/mutations/mutated_0004.html (3884)
[86558:86558:0324/111637.998135:INFO:CONSOLE(3885)] "Uncaught SyntaxError: Invalid or unexpected token", source: file:///home/dhia/browser-fuzzer/Dissertation/logger/run_20250324_064826/round_027/mutations/mutated_0004.html (3885)
[86558:86558:0324/111638.276421:INFO:CONSOLE(3886)] "Uncaught SyntaxError: Invalid or unexpected token", source: file:///home/dhia/browser-fuzzer/Dissertation/logger/run_20250324_064826/round_027/mutations/mutated_0004.html (3886)
[86558:86558:0324/111638.301795:INFO:CONSOLE(3961)] "Uncaught SyntaxError: Invalid or unexpected token", source: file:///home/dhia/browser-fuzzer/Dissertation/logger/run_20250324_064826/round_027/mutations/mutated_0004.html (3961)
[86558:86558:0324/111639.307598:INFO:CONSOLE(3962)] "Uncaught SyntaxError: Invalid or unexpected token", source: file:///home/dhia/browser-fuzzer/Dissertation/logger/run_20250324_064826/round_027/mutations/mutated_0004.html (3962)
[86558:86558:0324/111639.319440:INFO:CONSOLE(3963)] "Uncaught SyntaxError: Invalid or unexpected token", source: file:///home/dhia/browser-fuzzer/Dissertation/logger/run_20250324_064826/round_027/mutations/mutated_0004.html (3963)
[86558:86558:0324/111639.332336:INFO:CONSOLE(3964)] "Uncaught SyntaxError: Invalid or unexpected token", source: file:///home/dhia/browser-fuzzer/Dissertation/logger/run_20250324_064826/round_027/mutations/mutated_0004.html (3964)
[86558:86558:0324/111639.566763:INFO:CONSOLE(3965)] "Uncaught SyntaxError: Invalid or unexpected token", source: file:///home/dhia/browser-fuzzer/Dissertation/logger/run_20250324_064826/round_027/mutations/mutated_0004.html (3965)
[86558:86558:0324/111639.577250:INFO:CONSOLE(3966)] "Uncaught SyntaxError: Invalid or unexpected token", source: file:///home/dhia/browser-fuzzer/Dissertation/logger/run_20250324_064826/round_027/mutations/mutated_0004.html (3966)
[86558:86558:0324/111639.582814:INFO:CONSOLE(3981)] "Uncaught SyntaxError: Invalid or unexpected token", source: file:///home/dhia/browser-fuzzer/Dissertation/logger/run_20250324_064826/round_027/mutations/mutated_0004.html (3981)
[86558:86558:0324/111639.936957:INFO:CONSOLE(3982)] "Uncaught SyntaxError: Invalid or unexpected token", source: file:///home/dhia/browser-fuzzer/Dissertation/logger/run_20250324_064826/round_027/mutations/mutated_0004.html (3982)
[86558:86558:0324/111639.946330:INFO:CONSOLE(3983)] "Uncaught SyntaxError: Invalid or unexpected token", source: file:///home/dhia/browser-fuzzer/Dissertation/logger/run_20250324_064826/round_027/mutations/mutated_0004.html (3983)
[86558:86558:0324/111640.214627:INFO:CONSOLE(3989)] "Uncaught SyntaxError: Invalid or unexpected token", source: file:///home/dhia/browser-fuzzer/Dissertation/logger/run_20250324_064826/round_027/mutations/mutated_0004.html (3989)
[86558:86558:0324/111640.218240:INFO:CONSOLE(3991)] "Uncaught SyntaxError: Invalid or unexpected token", source: file:///home/dhia/browser-fuzzer/Dissertation/logger/run_20250324_064826/round_027/mutations/mutated_0004.html (3991)
[86558:86558:0324/111640.230145:INFO:CONSOLE(3993)] "Uncaught SyntaxError: Invalid or unexpected token", source: file:///home/dhia/browser-fuzzer/Dissertation/logger/run_20250324_064826/round_027/mutations/mutated_0004.html (3993)
[86558:86558:0324/111640.523120:INFO:CONSOLE(3995)] "Uncaught SyntaxError: Invalid or unexpected token", source: file:///home/dhia/browser-fuzzer/Dissertation/logger/run_20250324_064826/round_027/mutations/mutated_0004.html (3995)
[86558:86558:0324/111640.528536:INFO:CONSOLE(3997)] "Uncaught SyntaxError: Invalid or unexpected token", source: file:///home/dhia/browser-fuzzer/Dissertation/logger/run_20250324_064826/round_027/mutations/mutated_0004.html (3997)
[86558:86558:0324/111640.532406:INFO:CONSOLE(3998)] "Uncaught SyntaxError: Invalid or unexpected token", source: file:///home/dhia/browser-fuzzer/Dissertation/logger/run_20250324_064826/round_027/mutations/mutated_0004.html (3998)
[86558:86558:0324/111640.542329:INFO:CONSOLE(4070)] "Uncaught SyntaxError: Invalid or unexpected token", source: file:///home/dhia/browser-fuzzer/Dissertation/logger/run_20250324_064826/round_027/mutations/mutated_0004.html (4070)
[86558:86558:0324/111640.546879:INFO:CONSOLE(4071)] "Uncaught SyntaxError: Invalid or unexpected token", source: file:///home/dhia/browser-fuzzer/Dissertation/logger/run_20250324_064826/round_027/mutations/mutated_0004.html (4071)
[86558:86558:0324/111640.553277:INFO:CONSOLE(4074)] "Uncaught SyntaxError: Invalid or unexpected token", source: file:///home/dhia/browser-fuzzer/Dissertation/logger/run_20250324_064826/round_027/mutations/mutated_0004.html (4074)
[86558:86558:0324/111641.683410:INFO:CONSOLE(4075)] "Uncaught SyntaxError: Invalid or unexpected token", source: file:///home/dhia/browser-fuzzer/Dissertation/logger/run_20250324_064826/round_027/mutations/mutated_0004.html (4075)
[86558:86558:0324/111641.698294:INFO:CONSOLE(4081)] "Uncaught SyntaxError: Invalid or unexpected token", source: file:///home/dhia/browser-fuzzer/Dissertation/logger/run_20250324_064826/round_027/mutations/mutated_0004.html (4081)
[86558:86558:0324/111641.758973:INFO:CONSOLE(4103)] "Uncaught SyntaxError: Invalid or unexpected token", source: file:///home/dhia/browser-fuzzer/Dissertation/logger/run_20250324_064826/round_027/mutations/mutated_0004.html (4103)
[86558:86558:0324/111641.766942:INFO:CONSOLE(4104)] "Uncaught SyntaxError: Invalid or unexpected token", source: file:///home/dhia/browser-fuzzer/Dissertation/logger/run_20250324_064826/round_027/mutations/mutated_0004.html (4104)
[86558:86558:0324/111641.782593:INFO:CONSOLE(4106)] "Uncaught SyntaxError: Invalid or unexpected token", source: file:///home/dhia/browser-fuzzer/Dissertation/logger/run_20250324_064826/round_027/mutations/mutated_0004.html (4106)
[86558:86558:0324/111642.038367:INFO:CONSOLE(4107)] "Uncaught SyntaxError: Invalid or unexpected token", source: file:///home/dhia/browser-fuzzer/Dissertation/logger/run_20250324_064826/round_027/mutations/mutated_0004.html (4107)
[86558:86558:0324/111642.055587:INFO:CONSOLE(4108)] "Uncaught SyntaxError: Invalid or unexpected token", source: file:///home/dhia/browser-fuzzer/Dissertation/logger/run_20250324_064826/round_027/mutations/mutated_0004.html (4108)
[86558:86558:0324/111642.063055:INFO:CONSOLE(4109)] "Uncaught SyntaxError: Invalid or unexpected token", source: file:///home/dhia/browser-fuzzer/Dissertation/logger/run_20250324_064826/round_027/mutations/mutated_0004.html (4109)
[86558:86558:0324/111642.292233:INFO:CONSOLE(4111)] "Uncaught SyntaxError: Invalid or unexpected token", source: file:///home/dhia/browser-fuzzer/Dissertation/logger/run_20250324_064826/round_027/mutations/mutated_0004.html (4111)
[86558:86558:0324/111642.300621:INFO:CONSOLE(4112)] "Uncaught SyntaxError: Invalid or unexpected token", source: file:///home/dhia/browser-fuzzer/Dissertation/logger/run_20250324_064826/round_027/mutations/mutated_0004.html (4112)
[86558:86558:0324/111642.622062:INFO:CONSOLE(4136)] "Uncaught SyntaxError: Invalid or unexpected token", source: file:///home/dhia/browser-fuzzer/Dissertation/logger/run_20250324_064826/round_027/mutations/mutated_0004.html (4136)
[86558:86558:0324/111642.628999:INFO:CONSOLE(4137)] "Uncaught SyntaxError: Invalid or unexpected token", source: file:///home/dhia/browser-fuzzer/Dissertation/logger/run_20250324_064826/round_027/mutations/mutated_0004.html (4137)
[86558:86558:0324/111642.936239:INFO:CONSOLE(4168)] "Uncaught SyntaxError: Invalid or unexpected token", source: file:///home/dhia/browser-fuzzer/Dissertation/logger/run_20250324_064826/round_027/mutations/mutated_0004.html (4168)
[86558:86558:0324/111643.382279:INFO:CONSOLE(4223)] "Uncaught SyntaxError: Invalid or unexpected token", source: file:///home/dhia/browser-fuzzer/Dissertation/logger/run_20250324_064826/round_027/mutations/mutated_0004.html (4223)
[86558:86558:0324/111643.393314:INFO:CONSOLE(4236)] "Uncaught SyntaxError: Invalid or unexpected token", source: file:///home/dhia/browser-fuzzer/Dissertation/logger/run_20250324_064826/round_027/mutations/mutated_0004.html (4236)
[86558:86558:0324/111643.777382:INFO:CONSOLE(4237)] "Uncaught SyntaxError: Invalid or unexpected token", source: file:///home/dhia/browser-fuzzer/Dissertation/logger/run_20250324_064826/round_027/mutations/mutated_0004.html (4237)
[86558:86558:0324/111643.787864:INFO:CONSOLE(4238)] "Uncaught SyntaxError: Invalid or unexpected token", source: file:///home/dhia/browser-fuzzer/Dissertation/logger/run_20250324_064826/round_027/mutations/mutated_0004.html (4238)
[86558:86558:0324/111644.054533:INFO:CONSOLE(4239)] "Uncaught SyntaxError: Invalid or unexpected token", source: file:///home/dhia/browser-fuzzer/Dissertation/logger/run_20250324_064826/round_027/mutations/mutated_0004.html (4239)
[86558:86558:0324/111644.060883:INFO:CONSOLE(4240)] "Uncaught SyntaxError: Invalid or unexpected token", source: file:///home/dhia/browser-fuzzer/Dissertation/logger/run_20250324_064826/round_027/mutations/mutated_0004.html (4240)
[86558:86558:0324/111644.414756:INFO:CONSOLE(4245)] "Uncaught SyntaxError: Invalid or unexpected token", source: file:///home/dhia/browser-fuzzer/Dissertation/logger/run_20250324_064826/round_027/mutations/mutated_0004.html (4245)
[86558:86558:0324/111644.434702:INFO:CONSOLE(4246)] "Uncaught SyntaxError: Invalid or unexpected token", source: file:///home/dhia/browser-fuzzer/Dissertation/logger/run_20250324_064826/round_027/mutations/mutated_0004.html (4246)
[86558:86558:0324/111644.444922:INFO:CONSOLE(4247)] "Uncaught SyntaxError: Invalid or unexpected token", source: file:///home/dhia/browser-fuzzer/Dissertation/logger/run_20250324_064826/round_027/mutations/mutated_0004.html (4247)
[86558:86558:0324/111644.686910:INFO:CONSOLE(4253)] "Uncaught SyntaxError: Invalid or unexpected token", source: file:///home/dhia/browser-fuzzer/Dissertation/logger/run_20250324_064826/round_027/mutations/mutated_0004.html (4253)
[86558:86558:0324/111644.704553:INFO:CONSOLE(4255)] "Uncaught SyntaxError: Invalid or unexpected token", source: file:///home/dhia/browser-fuzzer/Dissertation/logger/run_20250324_064826/round_027/mutations/mutated_0004.html (4255)
[86558:86558:0324/111644.968905:INFO:CONSOLE(4257)] "Uncaught SyntaxError: Invalid or unexpected token", source: file:///home/dhia/browser-fuzzer/Dissertation/logger/run_20250324_064826/round_027/mutations/mutated_0004.html (4257)
[86558:86558:0324/111644.986935:INFO:CONSOLE(4259)] "Uncaught SyntaxError: Invalid or unexpected token", source: file:///home/dhia/browser-fuzzer/Dissertation/logger/run_20250324_064826/round_027/mutations/mutated_0004.html (4259)
[86558:86558:0324/111645.248375:INFO:CONSOLE(4261)] "Uncaught SyntaxError: Invalid or unexpected token", source: file:///home/dhia/browser-fuzzer/Dissertation/logger/run_20250324_064826/round_027/mutations/mutated_0004.html (4261)
[86558:86558:0324/111645.254436:INFO:CONSOLE(4262)] "Uncaught SyntaxError: Invalid or unexpected token", source: file:///home/dhia/browser-fuzzer/Dissertation/logger/run_20250324_064826/round_027/mutations/mutated_0004.html (4262)
[86558:86558:0324/111645.263068:INFO:CONSOLE(4334)] "Uncaught SyntaxError: Invalid or unexpected token", source: file:///home/dhia/browser-fuzzer/Dissertation/logger/run_20250324_064826/round_027/mutations/mutated_0004.html (4334)
[86558:86558:0324/111646.544687:INFO:CONSOLE(4335)] "Uncaught SyntaxError: Invalid or unexpected token", source: file:///home/dhia/browser-fuzzer/Dissertation/logger/run_20250324_064826/round_027/mutations/mutated_0004.html (4335)
[86558:86558:0324/111646.551414:INFO:CONSOLE(4338)] "Uncaught SyntaxError: Invalid or unexpected token", source: file:///home/dhia/browser-fuzzer/Dissertation/logger/run_20250324_064826/round_027/mutations/mutated_0004.html (4338)
[86558:86558:0324/111646.563015:INFO:CONSOLE(4339)] "Uncaught SyntaxError: Invalid or unexpected token", source: file:///home/dhia/browser-fuzzer/Dissertation/logger/run_20250324_064826/round_027/mutations/mutated_0004.html (4339)
[86558:86558:0324/111646.852574:INFO:CONSOLE(4357)] "Uncaught SyntaxError: Invalid or unexpected token", source: file:///home/dhia/browser-fuzzer/Dissertation/logger/run_20250324_064826/round_027/mutations/mutated_0004.html (4357)
[86558:86558:0324/111647.166679:INFO:CONSOLE(4391)] "Uncaught SyntaxError: Invalid or unexpected token", source: file:///home/dhia/browser-fuzzer/Dissertation/logger/run_20250324_064826/round_027/mutations/mutated_0004.html (4391)
[86558:86558:0324/111647.186581:INFO:CONSOLE(4392)] "Uncaught SyntaxError: Invalid or unexpected token", source: file:///home/dhia/browser-fuzzer/Dissertation/logger/run_20250324_064826/round_027/mutations/mutated_0004.html (4392)
[86558:86558:0324/111647.477246:INFO:CONSOLE(4394)] "Uncaught SyntaxError: Invalid or unexpected token", source: file:///home/dhia/browser-fuzzer/Dissertation/logger/run_20250324_064826/round_027/mutations/mutated_0004.html (4394)
[86558:86558:0324/111647.483751:INFO:CONSOLE(4395)] "Uncaught SyntaxError: Invalid or unexpected token", source: file:///home/dhia/browser-fuzzer/Dissertation/logger/run_20250324_064826/round_027/mutations/mutated_0004.html (4395)
[86558:86558:0324/111647.499175:INFO:CONSOLE(4396)] "Uncaught SyntaxError: Invalid or unexpected token", source: file:///home/dhia/browser-fuzzer/Dissertation/logger/run_20250324_064826/round_027/mutations/mutated_0004.html (4396)
[86558:86558:0324/111647.775820:INFO:CONSOLE(4397)] "Uncaught SyntaxError: Invalid or unexpected token", source: file:///home/dhia/browser-fuzzer/Dissertation/logger/run_20250324_064826/round_027/mutations/mutated_0004.html (4397)
[86558:86558:0324/111647.782048:INFO:CONSOLE(4399)] "Uncaught SyntaxError: Invalid or unexpected token", source: file:///home/dhia/browser-fuzzer/Dissertation/logger/run_20250324_064826/round_027/mutations/mutated_0004.html (4399)
[86558:86558:0324/111647.795203:INFO:CONSOLE(4400)] "Uncaught SyntaxError: Invalid or unexpected token", source: file:///home/dhia/browser-fuzzer/Dissertation/logger/run_20250324_064826/round_027/mutations/mutated_0004.html (4400)
[86558:86558:0324/111648.092181:INFO:CONSOLE(4424)] "Uncaught SyntaxError: Invalid or unexpected token", source: file:///home/dhia/browser-fuzzer/Dissertation/logger/run_20250324_064826/round_027/mutations/mutated_0004.html (4424)
[86558:86558:0324/111648.099369:INFO:CONSOLE(4425)] "Uncaught SyntaxError: Invalid or unexpected token", source: file:///home/dhia/browser-fuzzer/Dissertation/logger/run_20250324_064826/round_027/mutations/mutated_0004.html (4425)
[86558:86558:0324/111648.461299:INFO:CONSOLE(4456)] "Uncaught SyntaxError: Invalid or unexpected token", source: file:///home/dhia/browser-fuzzer/Dissertation/logger/run_20250324_064826/round_027/mutations/mutated_0004.html (4456)
[86558:86558:0324/111648.838530:INFO:CONSOLE(4511)] "Uncaught SyntaxError: Invalid or unexpected token", source: file:///home/dhia/browser-fuzzer/Dissertation/logger/run_20250324_064826/round_027/mutations/mutated_0004.html (4511)
[86558:86558:0324/111648.858938:INFO:CONSOLE(4524)] "Uncaught SyntaxError: Invalid or unexpected token", source: file:///home/dhia/browser-fuzzer/Dissertation/logger/run_20250324_064826/round_027/mutations/mutated_0004.html (4524)
[86558:86558:0324/111649.215264:INFO:CONSOLE(4525)] "Uncaught SyntaxError: Invalid or unexpected token", source: file:///home/dhia/browser-fuzzer/Dissertation/logger/run_20250324_064826/round_027/mutations/mutated_0004.html (4525)
[86558:86558:0324/111649.235274:INFO:CONSOLE(4530)] "Uncaught SyntaxError: Invalid or unexpected token", source: file:///home/dhia/browser-fuzzer/Dissertation/logger/run_20250324_064826/round_027/mutations/mutated_0004.html (4530)
[86558:86558:0324/111649.516836:INFO:CONSOLE(4541)] "Uncaught SyntaxError: Invalid or unexpected token", source: file:///home/dhia/browser-fuzzer/Dissertation/logger/run_20250324_064826/round_027/mutations/mutated_0004.html (4541)
[86558:86558:0324/111649.528277:INFO:CONSOLE(4542)] "Uncaught SyntaxError: Invalid or unexpected token", source: file:///home/dhia/browser-fuzzer/Dissertation/logger/run_20250324_064826/round_027/mutations/mutated_0004.html (4542)
[86558:86558:0324/111649.541699:INFO:CONSOLE(4548)] "Uncaught SyntaxError: Invalid or unexpected token", source: file:///home/dhia/browser-fuzzer/Dissertation/logger/run_20250324_064826/round_027/mutations/mutated_0004.html (4548)
[86558:86558:0324/111649.800319:INFO:CONSOLE(4550)] "Uncaught SyntaxError: Invalid or unexpected token", source: file:///home/dhia/browser-fuzzer/Dissertation/logger/run_20250324_064826/round_027/mutations/mutated_0004.html (4550)
[86558:86558:0324/111649.814523:INFO:CONSOLE(4552)] "Uncaught SyntaxError: Invalid or unexpected token", source: file:///home/dhia/browser-fuzzer/Dissertation/logger/run_20250324_064826/round_027/mutations/mutated_0004.html (4552)
[86558:86558:0324/111649.826647:INFO:CONSOLE(4554)] "Uncaught SyntaxError: Invalid or unexpected token", source: file:///home/dhia/browser-fuzzer/Dissertation/logger/run_20250324_064826/round_027/mutations/mutated_0004.html (4554)
[86558:86558:0324/111650.070733:INFO:CONSOLE(4556)] "Uncaught SyntaxError: Invalid or unexpected token", source: file:///home/dhia/browser-fuzzer/Dissertation/logger/run_20250324_064826/round_027/mutations/mutated_0004.html (4556)
[86558:86558:0324/111650.076266:INFO:CONSOLE(4567)] "Uncaught SyntaxError: Invalid or unexpected token", source: file:///home/dhia/browser-fuzzer/Dissertation/logger/run_20250324_064826/round_027/mutations/mutated_0004.html (4567)
[86558:86558:0324/111650.083107:INFO:CONSOLE(4639)] "Uncaught SyntaxError: Invalid or unexpected token", source: file:///home/dhia/browser-fuzzer/Dissertation/logger/run_20250324_064826/round_027/mutations/mutated_0004.html (4639)
[86558:86558:0324/111651.406964:INFO:CONSOLE(4640)] "Uncaught SyntaxError: Invalid or unexpected token", source: file:///home/dhia/browser-fuzzer/Dissertation/logger/run_20250324_064826/round_027/mutations/mutated_0004.html (4640)
[86558:86558:0324/111651.413854:INFO:CONSOLE(4643)] "Uncaught SyntaxError: Invalid or unexpected token", source: file:///home/dhia/browser-fuzzer/Dissertation/logger/run_20250324_064826/round_027/mutations/mutated_0004.html (4643)
[86558:86558:0324/111651.427113:INFO:CONSOLE(4644)] "Uncaught SyntaxError: Invalid or unexpected token", source: file:///home/dhia/browser-fuzzer/Dissertation/logger/run_20250324_064826/round_027/mutations/mutated_0004.html (4644)
[86558:86558:0324/111651.796746:INFO:CONSOLE(4650)] "Uncaught SyntaxError: Invalid or unexpected token", source: file:///home/dhia/browser-fuzzer/Dissertation/logger/run_20250324_064826/round_027/mutations/mutated_0004.html (4650)
[86558:86558:0324/111652.124727:INFO:CONSOLE(4672)] "Uncaught SyntaxError: Invalid or unexpected token", source: file:///home/dhia/browser-fuzzer/Dissertation/logger/run_20250324_064826/round_027/mutations/mutated_0004.html (4672)
[86558:86558:0324/111652.133704:INFO:CONSOLE(4673)] "Uncaught SyntaxError: Invalid or unexpected token", source: file:///home/dhia/browser-fuzzer/Dissertation/logger/run_20250324_064826/round_027/mutations/mutated_0004.html (4673)
[86558:86558:0324/111652.142064:INFO:CONSOLE(4675)] "Uncaught SyntaxError: Invalid or unexpected token", source: file:///home/dhia/browser-fuzzer/Dissertation/logger/run_20250324_064826/round_027/mutations/mutated_0004.html (4675)
[86558:86558:0324/111652.470022:INFO:CONSOLE(4676)] "Uncaught SyntaxError: Invalid or unexpected token", source: file:///home/dhia/browser-fuzzer/Dissertation/logger/run_20250324_064826/round_027/mutations/mutated_0004.html (4676)
[86558:86558:0324/111652.482648:INFO:CONSOLE(4677)] "Uncaught SyntaxError: Invalid or unexpected token", source: file:///home/dhia/browser-fuzzer/Dissertation/logger/run_20250324_064826/round_027/mutations/mutated_0004.html (4677)
[86558:86558:0324/111652.494724:INFO:CONSOLE(4678)] "Uncaught SyntaxError: Invalid or unexpected token", source: file:///home/dhia/browser-fuzzer/Dissertation/logger/run_20250324_064826/round_027/mutations/mutated_0004.html (4678)
[86558:86558:0324/111652.756901:INFO:CONSOLE(4680)] "Uncaught SyntaxError: Invalid or unexpected token", source: file:///home/dhia/browser-fuzzer/Dissertation/logger/run_20250324_064826/round_027/mutations/mutated_0004.html (4680)
[86558:86558:0324/111652.777744:INFO:CONSOLE(4681)] "Uncaught SyntaxError: Invalid or unexpected token", source: file:///home/dhia/browser-fuzzer/Dissertation/logger/run_20250324_064826/round_027/mutations/mutated_0004.html (4681)
[86558:86558:0324/111653.020275:INFO:CONSOLE(4705)] "Uncaught SyntaxError: Invalid or unexpected token", source: file:///home/dhia/browser-fuzzer/Dissertation/logger/run_20250324_064826/round_027/mutations/mutated_0004.html (4705)
[86558:86558:0324/111653.030475:INFO:CONSOLE(4706)] "Uncaught SyntaxError: Invalid or unexpected token", source: file:///home/dhia/browser-fuzzer/Dissertation/logger/run_20250324_064826/round_027/mutations/mutated_0004.html (4706)
[86558:86558:0324/111653.355441:INFO:CONSOLE(4737)] "Uncaught SyntaxError: Invalid or unexpected token", source: file:///home/dhia/browser-fuzzer/Dissertation/logger/run_20250324_064826/round_027/mutations/mutated_0004.html (4737)
[86558:86558:0324/111653.746712:INFO:CONSOLE(4792)] "Uncaught SyntaxError: Invalid or unexpected token", source: file:///home/dhia/browser-fuzzer/Dissertation/logger/run_20250324_064826/round_027/mutations/mutated_0004.html (4792)
[86558:86558:0324/111653.767877:INFO:CONSOLE(4817)] "Uncaught SyntaxError: Invalid or unexpected token", source: file:///home/dhia/browser-fuzzer/Dissertation/logger/run_20250324_064826/round_027/mutations/mutated_0004.html (4817)
[86558:86558:0324/111654.142518:INFO:CONSOLE(4818)] "Uncaught SyntaxError: Invalid or unexpected token", source: file:///home/dhia/browser-fuzzer/Dissertation/logger/run_20250324_064826/round_027/mutations/mutated_0004.html (4818)
[86558:86558:0324/111654.171522:INFO:CONSOLE(4824)] "Uncaught SyntaxError: Invalid or unexpected token", source: file:///home/dhia/browser-fuzzer/Dissertation/logger/run_20250324_064826/round_027/mutations/mutated_0004.html (4824)
[86558:86558:0324/111654.467694:INFO:CONSOLE(4826)] "Uncaught SyntaxError: Invalid or unexpected token", source: file:///home/dhia/browser-fuzzer/Dissertation/logger/run_20250324_064826/round_027/mutations/mutated_0004.html (4826)
[86558:86558:0324/111654.476349:INFO:CONSOLE(4828)] "Uncaught SyntaxError: Invalid or unexpected token", source: file:///home/dhia/browser-fuzzer/Dissertation/logger/run_20250324_064826/round_027/mutations/mutated_0004.html (4828)
[86558:86558:0324/111654.782092:INFO:CONSOLE(4830)] "Uncaught SyntaxError: Invalid or unexpected token", source: file:///home/dhia/browser-fuzzer/Dissertation/logger/run_20250324_064826/round_027/mutations/mutated_0004.html (4830)
[86558:86558:0324/111654.794259:INFO:CONSOLE(4832)] "Uncaught SyntaxError: Invalid or unexpected token", source: file:///home/dhia/browser-fuzzer/Dissertation/logger/run_20250324_064826/round_027/mutations/mutated_0004.html (4832)
[86558:86558:0324/111654.799425:INFO:CONSOLE(4833)] "Uncaught SyntaxError: Invalid or unexpected token", source: file:///home/dhia/browser-fuzzer/Dissertation/logger/run_20250324_064826/round_027/mutations/mutated_0004.html (4833)
[86558:86558:0324/111655.068928:INFO:CONSOLE(4905)] "Uncaught SyntaxError: Invalid or unexpected token", source: file:///home/dhia/browser-fuzzer/Dissertation/logger/run_20250324_064826/round_027/mutations/mutated_0004.html (4905)
[86558:86558:0324/111655.075085:INFO:CONSOLE(4906)] "Uncaught SyntaxError: Invalid or unexpected token", source: file:///home/dhia/browser-fuzzer/Dissertation/logger/run_20250324_064826/round_027/mutations/mutated_0004.html (4906)
[86558:86558:0324/111655.082389:INFO:CONSOLE(4909)] "Uncaught SyntaxError: Invalid or unexpected token", source: file:///home/dhia/browser-fuzzer/Dissertation/logger/run_20250324_064826/round_027/mutations/mutated_0004.html (4909)
[86558:86558:0324/111656.686696:INFO:CONSOLE(4910)] "Uncaught SyntaxError: Invalid or unexpected token", source: file:///home/dhia/browser-fuzzer/Dissertation/logger/run_20250324_064826/round_027/mutations/mutated_0004.html (4910)
[86558:86558:0324/111656.712933:INFO:CONSOLE(4916)] "Uncaught SyntaxError: Invalid or unexpected token", source: file:///home/dhia/browser-fuzzer/Dissertation/logger/run_20250324_064826/round_027/mutations/mutated_0004.html (4916)
[86558:86558:0324/111657.126928:INFO:CONSOLE(4948)] "Uncaught SyntaxError: Invalid or unexpected token", source: file:///home/dhia/browser-fuzzer/Dissertation/logger/run_20250324_064826/round_027/mutations/mutated_0004.html (4948)
[86558:86558:0324/111657.135680:INFO:CONSOLE(4949)] "Uncaught SyntaxError: Invalid or unexpected token", source: file:///home/dhia/browser-fuzzer/Dissertation/logger/run_20250324_064826/round_027/mutations/mutated_0004.html (4949)
[86558:86558:0324/111657.835320:ERROR:background_mode_manager_aura.cc(12)] Not implemented reached in virtual void BackgroundModeManager::EnableLaunchOnStartup(bool)
[86558:86558:0324/111658.089613:ERROR:kill_posix.cc(33)] waitpid(86629): No child processes (10)
[86558:86587:0324/111658.108866:WARNING:discardable_shared_memory_manager.cc(452)] Some MojoDiscardableSharedMemoryManagerImpls are still alive. They will be leaked.
