[211901:211901:0324/192932.802858:ERROR:cursor_factory.cc(96)] Not implemented reached in virtual void ui::CursorFactory::ObserveThemeChanges()
[211970:211970:0324/192933.321734:WARNING:sandbox_linux.cc(415)] InitializeSandbox() called with multiple threads in process gpu-process.
[211970:211970:0324/192933.338034:WARNING:viz_main_impl.cc(85)] VizNullHypothesis is disabled (not a warning)
[211975:211975:0324/192933.389340:WARNING:sandbox_linux.cc(415)] InitializeSandbox() called with multiple threads in process gpu-process.
[211975:211975:0324/192933.414641:WARNING:viz_main_impl.cc(85)] VizNullHypothesis is disabled (not a warning)
[211901:211901:0324/192933.527107:WARNING:account_consistency_mode_manager.cc(72)] Desktop Identity Consistency cannot be enabled as no OAuth client ID and client secret have been configured.
[211901:211901:0324/192934.767668:ERROR:platform_screen.cc(45)] Not implemented reached in virtual bool ui::PlatformScreen::IsScreenSaverActive() const
[211901:211901:0324/192934.767780:ERROR:platform_screen.cc(50)] Not implemented reached in virtual base::TimeDelta ui::PlatformScreen::CalculateIdleTime() const
[211901:211901:0324/192934.771574:WARNING:compose_enabling.cc(64)] Couldn't get country info.
[211901:211901:0324/192948.209354:INFO:CONSOLE(218)] "Uncaught SyntaxError: Invalid or unexpected token", source: file:///home/dhia/browser-fuzzer/Dissertation/logger/run_20250324_064826/round_079/mutations/mutated_0003.html (218)
[211901:211901:0324/192948.373694:INFO:CONSOLE(219)] "Uncaught SyntaxError: Invalid or unexpected token", source: file:///home/dhia/browser-fuzzer/Dissertation/logger/run_20250324_064826/round_079/mutations/mutated_0003.html (219)
[211901:211901:0324/192948.381568:INFO:CONSOLE(220)] "Uncaught SyntaxError: Invalid or unexpected token", source: file:///home/dhia/browser-fuzzer/Dissertation/logger/run_20250324_064826/round_079/mutations/mutated_0003.html (220)
[211901:211901:0324/192948.412987:INFO:CONSOLE(222)] "Uncaught SyntaxError: Invalid or unexpected token", source: file:///home/dhia/browser-fuzzer/Dissertation/logger/run_20250324_064826/round_079/mutations/mutated_0003.html (222)
[211901:211901:0324/192948.441305:INFO:CONSOLE(231)] "Uncaught SyntaxError: Invalid or unexpected token", source: file:///home/dhia/browser-fuzzer/Dissertation/logger/run_20250324_064826/round_079/mutations/mutated_0003.html (231)
[211901:211901:0324/192948.488581:INFO:CONSOLE(268)] "Uncaught SyntaxError: Invalid or unexpected token", source: file:///home/dhia/browser-fuzzer/Dissertation/logger/run_20250324_064826/round_079/mutations/mutated_0003.html (268)
[211901:211901:0324/192948.549293:INFO:CONSOLE(269)] "Uncaught SyntaxError: Invalid or unexpected token", source: file:///home/dhia/browser-fuzzer/Dissertation/logger/run_20250324_064826/round_079/mutations/mutated_0003.html (269)
[211901:211901:0324/192948.561744:INFO:CONSOLE(271)] "Uncaught SyntaxError: Invalid or unexpected token", source: file:///home/dhia/browser-fuzzer/Dissertation/logger/run_20250324_064826/round_079/mutations/mutated_0003.html (271)
[211901:211901:0324/192948.576914:INFO:CONSOLE(272)] "Uncaught SyntaxError: Invalid or unexpected token", source: file:///home/dhia/browser-fuzzer/Dissertation/logger/run_20250324_064826/round_079/mutations/mutated_0003.html (272)
[211901:211901:0324/192948.652221:INFO:CONSOLE(279)] "Uncaught SyntaxError: Invalid or unexpected token", source: file:///home/dhia/browser-fuzzer/Dissertation/logger/run_20250324_064826/round_079/mutations/mutated_0003.html (279)
[211901:211901:0324/192948.672109:INFO:CONSOLE(280)] "Uncaught SyntaxError: Invalid or unexpected token", source: file:///home/dhia/browser-fuzzer/Dissertation/logger/run_20250324_064826/round_079/mutations/mutated_0003.html (280)
[211901:211901:0324/192948.679991:INFO:CONSOLE(281)] "Uncaught SyntaxError: Invalid or unexpected token", source: file:///home/dhia/browser-fuzzer/Dissertation/logger/run_20250324_064826/round_079/mutations/mutated_0003.html (281)
[211901:211901:0324/192948.722773:INFO:CONSOLE(291)] "Uncaught SyntaxError: Invalid or unexpected token", source: file:///home/dhia/browser-fuzzer/Dissertation/logger/run_20250324_064826/round_079/mutations/mutated_0003.html (291)
[211901:211901:0324/192948.845788:INFO:CONSOLE(363)] "Uncaught SyntaxError: Invalid or unexpected token", source: file:///home/dhia/browser-fuzzer/Dissertation/logger/run_20250324_064826/round_079/mutations/mutated_0003.html (363)
[211901:211901:0324/192948.856947:INFO:CONSOLE(364)] "Uncaught SyntaxError: Invalid or unexpected token", source: file:///home/dhia/browser-fuzzer/Dissertation/logger/run_20250324_064826/round_079/mutations/mutated_0003.html (364)
[211901:211901:0324/192948.903336:INFO:CONSOLE(367)] "Uncaught SyntaxError: Invalid or unexpected token", source: file:///home/dhia/browser-fuzzer/Dissertation/logger/run_20250324_064826/round_079/mutations/mutated_0003.html (367)
[211901:211901:0324/192948.908649:INFO:CONSOLE(368)] "Uncaught SyntaxError: Invalid or unexpected token", source: file:///home/dhia/browser-fuzzer/Dissertation/logger/run_20250324_064826/round_079/mutations/mutated_0003.html (368)
[211901:211901:0324/192948.977760:INFO:CONSOLE(392)] "Uncaught SyntaxError: Invalid or unexpected token", source: file:///home/dhia/browser-fuzzer/Dissertation/logger/run_20250324_064826/round_079/mutations/mutated_0003.html (392)
[211901:211901:0324/192948.982298:INFO:CONSOLE(393)] "Uncaught SyntaxError: Invalid or unexpected token", source: file:///home/dhia/browser-fuzzer/Dissertation/logger/run_20250324_064826/round_079/mutations/mutated_0003.html (393)
[211901:211901:0324/192949.110986:INFO:CONSOLE(395)] "Uncaught SyntaxError: Invalid or unexpected token", source: file:///home/dhia/browser-fuzzer/Dissertation/logger/run_20250324_064826/round_079/mutations/mutated_0003.html (395)
[211901:211901:0324/192949.129823:INFO:CONSOLE(396)] "Uncaught SyntaxError: Invalid or unexpected token", source: file:///home/dhia/browser-fuzzer/Dissertation/logger/run_20250324_064826/round_079/mutations/mutated_0003.html (396)
[211901:211901:0324/192949.153705:INFO:CONSOLE(398)] "Uncaught SyntaxError: Invalid or unexpected token", source: file:///home/dhia/browser-fuzzer/Dissertation/logger/run_20250324_064826/round_079/mutations/mutated_0003.html (398)
[211901:211901:0324/192949.199164:INFO:CONSOLE(399)] "Uncaught SyntaxError: Invalid or unexpected token", source: file:///home/dhia/browser-fuzzer/Dissertation/logger/run_20250324_064826/round_079/mutations/mutated_0003.html (399)
[211901:211901:0324/192949.216543:INFO:CONSOLE(423)] "Uncaught SyntaxError: Invalid or unexpected token", source: file:///home/dhia/browser-fuzzer/Dissertation/logger/run_20250324_064826/round_079/mutations/mutated_0003.html (423)
[211901:211901:0324/192949.227166:INFO:CONSOLE(424)] "Uncaught SyntaxError: Invalid or unexpected token", source: file:///home/dhia/browser-fuzzer/Dissertation/logger/run_20250324_064826/round_079/mutations/mutated_0003.html (424)
[211901:211901:0324/192949.366783:INFO:CONSOLE(470)] "Uncaught SyntaxError: Invalid or unexpected token", source: file:///home/dhia/browser-fuzzer/Dissertation/logger/run_20250324_064826/round_079/mutations/mutated_0003.html (470)
[211901:211901:0324/192949.386550:INFO:CONSOLE(471)] "Uncaught SyntaxError: Invalid or unexpected token", source: file:///home/dhia/browser-fuzzer/Dissertation/logger/run_20250324_064826/round_079/mutations/mutated_0003.html (471)
[211901:211901:0324/192949.564230:INFO:CONSOLE(481)] "Uncaught SyntaxError: Invalid or unexpected token", source: file:///home/dhia/browser-fuzzer/Dissertation/logger/run_20250324_064826/round_079/mutations/mutated_0003.html (481)
[211901:211901:0324/192949.572956:INFO:CONSOLE(482)] "Uncaught SyntaxError: Invalid or unexpected token", source: file:///home/dhia/browser-fuzzer/Dissertation/logger/run_20250324_064826/round_079/mutations/mutated_0003.html (482)
[211901:211901:0324/192949.630876:INFO:CONSOLE(483)] "Uncaught SyntaxError: Invalid or unexpected token", source: file:///home/dhia/browser-fuzzer/Dissertation/logger/run_20250324_064826/round_079/mutations/mutated_0003.html (483)
[211901:211901:0324/192949.640269:INFO:CONSOLE(484)] "Uncaught SyntaxError: Invalid or unexpected token", source: file:///home/dhia/browser-fuzzer/Dissertation/logger/run_20250324_064826/round_079/mutations/mutated_0003.html (484)
[211901:211901:0324/192949.646660:INFO:CONSOLE(485)] "Uncaught SyntaxError: Invalid or unexpected token", source: file:///home/dhia/browser-fuzzer/Dissertation/logger/run_20250324_064826/round_079/mutations/mutated_0003.html (485)
[211901:211901:0324/192949.729743:INFO:CONSOLE(486)] "Uncaught SyntaxError: Invalid or unexpected token", source: file:///home/dhia/browser-fuzzer/Dissertation/logger/run_20250324_064826/round_079/mutations/mutated_0003.html (486)
[211901:211901:0324/192949.734435:INFO:CONSOLE(488)] "Uncaught SyntaxError: Invalid or unexpected token", source: file:///home/dhia/browser-fuzzer/Dissertation/logger/run_20250324_064826/round_079/mutations/mutated_0003.html (488)
[211901:211901:0324/192949.813848:INFO:CONSOLE(497)] "Uncaught SyntaxError: Invalid or unexpected token", source: file:///home/dhia/browser-fuzzer/Dissertation/logger/run_20250324_064826/round_079/mutations/mutated_0003.html (497)
[211901:211901:0324/192949.825130:INFO:CONSOLE(534)] "Uncaught SyntaxError: Invalid or unexpected token", source: file:///home/dhia/browser-fuzzer/Dissertation/logger/run_20250324_064826/round_079/mutations/mutated_0003.html (534)
[211901:211901:0324/192949.911630:INFO:CONSOLE(535)] "Uncaught SyntaxError: Invalid or unexpected token", source: file:///home/dhia/browser-fuzzer/Dissertation/logger/run_20250324_064826/round_079/mutations/mutated_0003.html (535)
[211901:211901:0324/192949.916421:INFO:CONSOLE(537)] "Uncaught SyntaxError: Invalid or unexpected token", source: file:///home/dhia/browser-fuzzer/Dissertation/logger/run_20250324_064826/round_079/mutations/mutated_0003.html (537)
[211901:211901:0324/192949.992862:INFO:CONSOLE(538)] "Uncaught SyntaxError: Invalid or unexpected token", source: file:///home/dhia/browser-fuzzer/Dissertation/logger/run_20250324_064826/round_079/mutations/mutated_0003.html (538)
[211901:211901:0324/192950.005110:INFO:CONSOLE(545)] "Uncaught SyntaxError: Invalid or unexpected token", source: file:///home/dhia/browser-fuzzer/Dissertation/logger/run_20250324_064826/round_079/mutations/mutated_0003.html (545)
[211901:211901:0324/192950.074623:INFO:CONSOLE(546)] "Uncaught SyntaxError: Invalid or unexpected token", source: file:///home/dhia/browser-fuzzer/Dissertation/logger/run_20250324_064826/round_079/mutations/mutated_0003.html (546)
[211901:211901:0324/192950.083983:INFO:CONSOLE(547)] "Uncaught SyntaxError: Invalid or unexpected token", source: file:///home/dhia/browser-fuzzer/Dissertation/logger/run_20250324_064826/round_079/mutations/mutated_0003.html (547)
[211901:211901:0324/192950.154937:INFO:CONSOLE(548)] "Uncaught SyntaxError: Invalid or unexpected token", source: file:///home/dhia/browser-fuzzer/Dissertation/logger/run_20250324_064826/round_079/mutations/mutated_0003.html (548)
[211901:211901:0324/192950.171716:INFO:CONSOLE(558)] "Uncaught SyntaxError: Invalid or unexpected token", source: file:///home/dhia/browser-fuzzer/Dissertation/logger/run_20250324_064826/round_079/mutations/mutated_0003.html (558)
[211901:211901:0324/192950.239049:INFO:CONSOLE(630)] "Uncaught SyntaxError: Invalid or unexpected token", source: file:///home/dhia/browser-fuzzer/Dissertation/logger/run_20250324_064826/round_079/mutations/mutated_0003.html (630)
[211901:211901:0324/192950.247070:INFO:CONSOLE(631)] "Uncaught SyntaxError: Invalid or unexpected token", source: file:///home/dhia/browser-fuzzer/Dissertation/logger/run_20250324_064826/round_079/mutations/mutated_0003.html (631)
[211901:211901:0324/192950.251498:INFO:CONSOLE(632)] "Uncaught SyntaxError: Invalid or unexpected token", source: file:///home/dhia/browser-fuzzer/Dissertation/logger/run_20250324_064826/round_079/mutations/mutated_0003.html (632)
[211901:211901:0324/192950.375345:INFO:CONSOLE(635)] "Uncaught SyntaxError: Invalid or unexpected token", source: file:///home/dhia/browser-fuzzer/Dissertation/logger/run_20250324_064826/round_079/mutations/mutated_0003.html (635)
[211901:211901:0324/192950.379959:INFO:CONSOLE(636)] "Uncaught SyntaxError: Invalid or unexpected token", source: file:///home/dhia/browser-fuzzer/Dissertation/logger/run_20250324_064826/round_079/mutations/mutated_0003.html (636)
[211901:211901:0324/192950.474128:INFO:CONSOLE(660)] "Uncaught SyntaxError: Invalid or unexpected token", source: file:///home/dhia/browser-fuzzer/Dissertation/logger/run_20250324_064826/round_079/mutations/mutated_0003.html (660)
[211901:211901:0324/192950.487005:INFO:CONSOLE(661)] "Uncaught SyntaxError: Invalid or unexpected token", source: file:///home/dhia/browser-fuzzer/Dissertation/logger/run_20250324_064826/round_079/mutations/mutated_0003.html (661)
[211901:211901:0324/192950.494359:INFO:CONSOLE(663)] "Uncaught SyntaxError: Invalid or unexpected token", source: file:///home/dhia/browser-fuzzer/Dissertation/logger/run_20250324_064826/round_079/mutations/mutated_0003.html (663)
[211901:211901:0324/192950.593057:INFO:CONSOLE(664)] "Uncaught SyntaxError: Invalid or unexpected token", source: file:///home/dhia/browser-fuzzer/Dissertation/logger/run_20250324_064826/round_079/mutations/mutated_0003.html (664)
[211901:211901:0324/192950.598388:INFO:CONSOLE(666)] "Uncaught SyntaxError: Invalid or unexpected token", source: file:///home/dhia/browser-fuzzer/Dissertation/logger/run_20250324_064826/round_079/mutations/mutated_0003.html (666)
[211901:211901:0324/192950.610050:INFO:CONSOLE(667)] "Uncaught SyntaxError: Invalid or unexpected token", source: file:///home/dhia/browser-fuzzer/Dissertation/logger/run_20250324_064826/round_079/mutations/mutated_0003.html (667)
[211901:211901:0324/192950.700729:INFO:CONSOLE(668)] "Uncaught SyntaxError: Invalid or unexpected token", source: file:///home/dhia/browser-fuzzer/Dissertation/logger/run_20250324_064826/round_079/mutations/mutated_0003.html (668)
[211901:211901:0324/192950.710897:INFO:CONSOLE(669)] "Uncaught SyntaxError: Invalid or unexpected token", source: file:///home/dhia/browser-fuzzer/Dissertation/logger/run_20250324_064826/round_079/mutations/mutated_0003.html (669)
[211901:211901:0324/192950.810640:INFO:CONSOLE(693)] "Uncaught SyntaxError: Invalid or unexpected token", source: file:///home/dhia/browser-fuzzer/Dissertation/logger/run_20250324_064826/round_079/mutations/mutated_0003.html (693)
[211901:211901:0324/192950.817917:INFO:CONSOLE(694)] "Uncaught SyntaxError: Invalid or unexpected token", source: file:///home/dhia/browser-fuzzer/Dissertation/logger/run_20250324_064826/round_079/mutations/mutated_0003.html (694)
[211901:211901:0324/192950.829112:INFO:CONSOLE(695)] "Uncaught SyntaxError: Invalid or unexpected token", source: file:///home/dhia/browser-fuzzer/Dissertation/logger/run_20250324_064826/round_079/mutations/mutated_0003.html (695)
[211901:211901:0324/192950.972955:INFO:CONSOLE(750)] "Uncaught SyntaxError: Invalid or unexpected token", source: file:///home/dhia/browser-fuzzer/Dissertation/logger/run_20250324_064826/round_079/mutations/mutated_0003.html (750)
[211901:211901:0324/192950.985215:INFO:CONSOLE(751)] "Uncaught SyntaxError: Invalid or unexpected token", source: file:///home/dhia/browser-fuzzer/Dissertation/logger/run_20250324_064826/round_079/mutations/mutated_0003.html (751)
[211901:211901:0324/192950.988566:INFO:CONSOLE(761)] "Uncaught SyntaxError: Invalid or unexpected token", source: file:///home/dhia/browser-fuzzer/Dissertation/logger/run_20250324_064826/round_079/mutations/mutated_0003.html (761)
[211901:211901:0324/192951.232696:INFO:CONSOLE(762)] "Uncaught SyntaxError: Invalid or unexpected token", source: file:///home/dhia/browser-fuzzer/Dissertation/logger/run_20250324_064826/round_079/mutations/mutated_0003.html (762)
[211901:211901:0324/192951.240994:INFO:CONSOLE(763)] "Uncaught SyntaxError: Invalid or unexpected token", source: file:///home/dhia/browser-fuzzer/Dissertation/logger/run_20250324_064826/round_079/mutations/mutated_0003.html (763)
[211901:211901:0324/192951.245526:INFO:CONSOLE(764)] "Uncaught SyntaxError: Invalid or unexpected token", source: file:///home/dhia/browser-fuzzer/Dissertation/logger/run_20250324_064826/round_079/mutations/mutated_0003.html (764)
[211901:211901:0324/192951.330947:INFO:CONSOLE(774)] "Uncaught SyntaxError: Invalid or unexpected token", source: file:///home/dhia/browser-fuzzer/Dissertation/logger/run_20250324_064826/round_079/mutations/mutated_0003.html (774)
[211901:211901:0324/192951.335437:INFO:CONSOLE(846)] "Uncaught SyntaxError: Invalid or unexpected token", source: file:///home/dhia/browser-fuzzer/Dissertation/logger/run_20250324_064826/round_079/mutations/mutated_0003.html (846)
[211901:211901:0324/192951.343771:INFO:CONSOLE(847)] "Uncaught SyntaxError: Invalid or unexpected token", source: file:///home/dhia/browser-fuzzer/Dissertation/logger/run_20250324_064826/round_079/mutations/mutated_0003.html (847)
[211901:211901:0324/192951.539298:INFO:CONSOLE(850)] "Uncaught SyntaxError: Invalid or unexpected token", source: file:///home/dhia/browser-fuzzer/Dissertation/logger/run_20250324_064826/round_079/mutations/mutated_0003.html (850)
[211901:211901:0324/192951.544807:INFO:CONSOLE(851)] "Uncaught SyntaxError: Invalid or unexpected token", source: file:///home/dhia/browser-fuzzer/Dissertation/logger/run_20250324_064826/round_079/mutations/mutated_0003.html (851)
[211901:211901:0324/192951.675598:INFO:CONSOLE(875)] "Uncaught SyntaxError: Invalid or unexpected token", source: file:///home/dhia/browser-fuzzer/Dissertation/logger/run_20250324_064826/round_079/mutations/mutated_0003.html (875)
[211901:211901:0324/192951.679963:INFO:CONSOLE(876)] "Uncaught SyntaxError: Invalid or unexpected token", source: file:///home/dhia/browser-fuzzer/Dissertation/logger/run_20250324_064826/round_079/mutations/mutated_0003.html (876)
[211901:211901:0324/192951.686970:INFO:CONSOLE(878)] "Uncaught SyntaxError: Invalid or unexpected token", source: file:///home/dhia/browser-fuzzer/Dissertation/logger/run_20250324_064826/round_079/mutations/mutated_0003.html (878)
[211901:211901:0324/192951.814540:INFO:CONSOLE(879)] "Uncaught SyntaxError: Invalid or unexpected token", source: file:///home/dhia/browser-fuzzer/Dissertation/logger/run_20250324_064826/round_079/mutations/mutated_0003.html (879)
[211901:211901:0324/192951.820281:INFO:CONSOLE(881)] "Uncaught SyntaxError: Invalid or unexpected token", source: file:///home/dhia/browser-fuzzer/Dissertation/logger/run_20250324_064826/round_079/mutations/mutated_0003.html (881)
[211901:211901:0324/192951.921945:INFO:CONSOLE(890)] "Uncaught SyntaxError: Invalid or unexpected token", source: file:///home/dhia/browser-fuzzer/Dissertation/logger/run_20250324_064826/round_079/mutations/mutated_0003.html (890)
[211901:211901:0324/192951.930891:INFO:CONSOLE(891)] "Uncaught SyntaxError: Invalid or unexpected token", source: file:///home/dhia/browser-fuzzer/Dissertation/logger/run_20250324_064826/round_079/mutations/mutated_0003.html (891)
[211901:211901:0324/192951.941069:INFO:CONSOLE(892)] "Uncaught SyntaxError: Invalid or unexpected token", source: file:///home/dhia/browser-fuzzer/Dissertation/logger/run_20250324_064826/round_079/mutations/mutated_0003.html (892)
[211901:211901:0324/192952.028598:INFO:CONSOLE(893)] "Uncaught SyntaxError: Invalid or unexpected token", source: file:///home/dhia/browser-fuzzer/Dissertation/logger/run_20250324_064826/round_079/mutations/mutated_0003.html (893)
[211901:211901:0324/192952.049175:INFO:CONSOLE(930)] "Uncaught SyntaxError: Invalid or unexpected token", source: file:///home/dhia/browser-fuzzer/Dissertation/logger/run_20250324_064826/round_079/mutations/mutated_0003.html (930)
[211901:211901:0324/192952.183772:INFO:CONSOLE(931)] "Uncaught SyntaxError: Invalid or unexpected token", source: file:///home/dhia/browser-fuzzer/Dissertation/logger/run_20250324_064826/round_079/mutations/mutated_0003.html (931)
[211901:211901:0324/192952.194261:INFO:CONSOLE(933)] "Uncaught SyntaxError: Invalid or unexpected token", source: file:///home/dhia/browser-fuzzer/Dissertation/logger/run_20250324_064826/round_079/mutations/mutated_0003.html (933)
[211901:211901:0324/192952.206172:INFO:CONSOLE(934)] "Uncaught SyntaxError: Invalid or unexpected token", source: file:///home/dhia/browser-fuzzer/Dissertation/logger/run_20250324_064826/round_079/mutations/mutated_0003.html (934)
[211901:211901:0324/192952.286793:INFO:CONSOLE(936)] "Uncaught SyntaxError: Invalid or unexpected token", source: file:///home/dhia/browser-fuzzer/Dissertation/logger/run_20250324_064826/round_079/mutations/mutated_0003.html (936)
[211901:211901:0324/192952.309137:INFO:CONSOLE(937)] "Uncaught SyntaxError: Invalid or unexpected token", source: file:///home/dhia/browser-fuzzer/Dissertation/logger/run_20250324_064826/round_079/mutations/mutated_0003.html (937)
[211901:211901:0324/192952.411153:INFO:CONSOLE(961)] "Uncaught SyntaxError: Invalid or unexpected token", source: file:///home/dhia/browser-fuzzer/Dissertation/logger/run_20250324_064826/round_079/mutations/mutated_0003.html (961)
[211901:211901:0324/192952.415785:INFO:CONSOLE(962)] "Uncaught SyntaxError: Invalid or unexpected token", source: file:///home/dhia/browser-fuzzer/Dissertation/logger/run_20250324_064826/round_079/mutations/mutated_0003.html (962)
[211901:211901:0324/192952.419580:INFO:CONSOLE(964)] "Uncaught SyntaxError: Invalid or unexpected token", source: file:///home/dhia/browser-fuzzer/Dissertation/logger/run_20250324_064826/round_079/mutations/mutated_0003.html (964)
[211901:211901:0324/192952.546284:INFO:CONSOLE(965)] "Uncaught SyntaxError: Invalid or unexpected token", source: file:///home/dhia/browser-fuzzer/Dissertation/logger/run_20250324_064826/round_079/mutations/mutated_0003.html (965)
[211901:211901:0324/192952.677532:INFO:CONSOLE(989)] "Uncaught SyntaxError: Invalid or unexpected token", source: file:///home/dhia/browser-fuzzer/Dissertation/logger/run_20250324_064826/round_079/mutations/mutated_0003.html (989)
[211901:211901:0324/192952.698910:INFO:CONSOLE(990)] "Uncaught SyntaxError: Invalid or unexpected token", source: file:///home/dhia/browser-fuzzer/Dissertation/logger/run_20250324_064826/round_079/mutations/mutated_0003.html (990)
[211901:211901:0324/192952.852430:INFO:CONSOLE(1012)] "Uncaught SyntaxError: Invalid or unexpected token", source: file:///home/dhia/browser-fuzzer/Dissertation/logger/run_20250324_064826/round_079/mutations/mutated_0003.html (1012)
[211901:211901:0324/192953.042740:INFO:CONSOLE(1067)] "Uncaught SyntaxError: Invalid or unexpected token", source: file:///home/dhia/browser-fuzzer/Dissertation/logger/run_20250324_064826/round_079/mutations/mutated_0003.html (1067)
[211901:211901:0324/192953.067471:INFO:CONSOLE(1076)] "Uncaught SyntaxError: Invalid or unexpected token", source: file:///home/dhia/browser-fuzzer/Dissertation/logger/run_20250324_064826/round_079/mutations/mutated_0003.html (1076)
[211901:211901:0324/192953.239949:INFO:CONSOLE(1148)] "Uncaught SyntaxError: Invalid or unexpected token", source: file:///home/dhia/browser-fuzzer/Dissertation/logger/run_20250324_064826/round_079/mutations/mutated_0003.html (1148)
[211901:211901:0324/192953.245298:INFO:CONSOLE(1149)] "Uncaught SyntaxError: Invalid or unexpected token", source: file:///home/dhia/browser-fuzzer/Dissertation/logger/run_20250324_064826/round_079/mutations/mutated_0003.html (1149)
[211901:211901:0324/192953.249708:INFO:CONSOLE(1150)] "Uncaught SyntaxError: Invalid or unexpected token", source: file:///home/dhia/browser-fuzzer/Dissertation/logger/run_20250324_064826/round_079/mutations/mutated_0003.html (1150)
[211901:211901:0324/192953.389755:INFO:CONSOLE(1270)] "Uncaught SyntaxError: Invalid or unexpected token", source: file:///home/dhia/browser-fuzzer/Dissertation/logger/run_20250324_064826/round_079/mutations/mutated_0003.html (1270)
[211901:211901:0324/192953.405320:INFO:CONSOLE(1271)] "Uncaught SyntaxError: Invalid or unexpected token", source: file:///home/dhia/browser-fuzzer/Dissertation/logger/run_20250324_064826/round_079/mutations/mutated_0003.html (1271)
[211901:211901:0324/192953.416253:INFO:CONSOLE(1272)] "Uncaught SyntaxError: Invalid or unexpected token", source: file:///home/dhia/browser-fuzzer/Dissertation/logger/run_20250324_064826/round_079/mutations/mutated_0003.html (1272)
[211901:211901:0324/192953.788031:INFO:CONSOLE(1312)] "Uncaught SyntaxError: Invalid or unexpected token", source: file:///home/dhia/browser-fuzzer/Dissertation/logger/run_20250324_064826/round_079/mutations/mutated_0003.html (1312)
[211901:211901:0324/192954.036441:INFO:CONSOLE(1355)] "Uncaught SyntaxError: Invalid or unexpected token", source: file:///home/dhia/browser-fuzzer/Dissertation/logger/run_20250324_064826/round_079/mutations/mutated_0003.html (1355)
[211901:211901:0324/192954.309842:INFO:CONSOLE(1378)] "Uncaught SyntaxError: Invalid or unexpected token", source: file:///home/dhia/browser-fuzzer/Dissertation/logger/run_20250324_064826/round_079/mutations/mutated_0003.html (1378)
[211901:211901:0324/192954.520414:INFO:CONSOLE(1439)] "Uncaught SyntaxError: Invalid or unexpected token", source: file:///home/dhia/browser-fuzzer/Dissertation/logger/run_20250324_064826/round_079/mutations/mutated_0003.html (1439)
[211901:211901:0324/192954.527872:INFO:CONSOLE(1449)] "Uncaught SyntaxError: Invalid or unexpected token", source: file:///home/dhia/browser-fuzzer/Dissertation/logger/run_20250324_064826/round_079/mutations/mutated_0003.html (1449)
[211901:211901:0324/192954.712374:INFO:CONSOLE(1456)] "Uncaught SyntaxError: Invalid or unexpected token", source: file:///home/dhia/browser-fuzzer/Dissertation/logger/run_20250324_064826/round_079/mutations/mutated_0003.html (1456)
[211901:211901:0324/192954.722537:INFO:CONSOLE(1457)] "Uncaught SyntaxError: Invalid or unexpected token", source: file:///home/dhia/browser-fuzzer/Dissertation/logger/run_20250324_064826/round_079/mutations/mutated_0003.html (1457)
[211901:211901:0324/192954.908312:INFO:CONSOLE(1464)] "Uncaught SyntaxError: Invalid or unexpected token", source: file:///home/dhia/browser-fuzzer/Dissertation/logger/run_20250324_064826/round_079/mutations/mutated_0003.html (1464)
[211901:211901:0324/192954.916646:INFO:CONSOLE(1465)] "Uncaught SyntaxError: Invalid or unexpected token", source: file:///home/dhia/browser-fuzzer/Dissertation/logger/run_20250324_064826/round_079/mutations/mutated_0003.html (1465)
[211901:211901:0324/192954.924270:INFO:CONSOLE(1466)] "Uncaught SyntaxError: Invalid or unexpected token", source: file:///home/dhia/browser-fuzzer/Dissertation/logger/run_20250324_064826/round_079/mutations/mutated_0003.html (1466)
[211901:211901:0324/192955.105850:INFO:CONSOLE(1495)] "Uncaught SyntaxError: Invalid or unexpected token", source: file:///home/dhia/browser-fuzzer/Dissertation/logger/run_20250324_064826/round_079/mutations/mutated_0003.html (1495)
[211901:211901:0324/192955.112128:INFO:CONSOLE(1496)] "Uncaught SyntaxError: Invalid or unexpected token", source: file:///home/dhia/browser-fuzzer/Dissertation/logger/run_20250324_064826/round_079/mutations/mutated_0003.html (1496)
[211901:211901:0324/192955.124580:INFO:CONSOLE(1497)] "Uncaught SyntaxError: Invalid or unexpected token", source: file:///home/dhia/browser-fuzzer/Dissertation/logger/run_20250324_064826/round_079/mutations/mutated_0003.html (1497)
[211901:211901:0324/192955.292176:INFO:CONSOLE(1498)] "Uncaught SyntaxError: Invalid or unexpected token", source: file:///home/dhia/browser-fuzzer/Dissertation/logger/run_20250324_064826/round_079/mutations/mutated_0003.html (1498)
[211901:211901:0324/192955.304556:INFO:CONSOLE(1499)] "Uncaught SyntaxError: Invalid or unexpected token", source: file:///home/dhia/browser-fuzzer/Dissertation/logger/run_20250324_064826/round_079/mutations/mutated_0003.html (1499)
[211901:211901:0324/192955.455214:INFO:CONSOLE(1505)] "Uncaught SyntaxError: Invalid or unexpected token", source: file:///home/dhia/browser-fuzzer/Dissertation/logger/run_20250324_064826/round_079/mutations/mutated_0003.html (1505)
[211901:211901:0324/192955.467891:INFO:CONSOLE(1506)] "Uncaught SyntaxError: Invalid or unexpected token", source: file:///home/dhia/browser-fuzzer/Dissertation/logger/run_20250324_064826/round_079/mutations/mutated_0003.html (1506)
[211901:211901:0324/192955.478468:INFO:CONSOLE(1507)] "Uncaught SyntaxError: Invalid or unexpected token", source: file:///home/dhia/browser-fuzzer/Dissertation/logger/run_20250324_064826/round_079/mutations/mutated_0003.html (1507)
[211901:211901:0324/192955.672249:INFO:CONSOLE(1508)] "Uncaught SyntaxError: Invalid or unexpected token", source: file:///home/dhia/browser-fuzzer/Dissertation/logger/run_20250324_064826/round_079/mutations/mutated_0003.html (1508)
[211901:211901:0324/192955.678869:INFO:CONSOLE(1509)] "Uncaught SyntaxError: Invalid or unexpected token", source: file:///home/dhia/browser-fuzzer/Dissertation/logger/run_20250324_064826/round_079/mutations/mutated_0003.html (1509)
[211901:211901:0324/192955.842200:INFO:CONSOLE(1514)] "Uncaught SyntaxError: Invalid or unexpected token", source: file:///home/dhia/browser-fuzzer/Dissertation/logger/run_20250324_064826/round_079/mutations/mutated_0003.html (1514)
[211901:211901:0324/192955.862583:INFO:CONSOLE(1515)] "Uncaught SyntaxError: Invalid or unexpected token", source: file:///home/dhia/browser-fuzzer/Dissertation/logger/run_20250324_064826/round_079/mutations/mutated_0003.html (1515)
[211901:211901:0324/192955.868215:INFO:CONSOLE(1516)] "Uncaught SyntaxError: Invalid or unexpected token", source: file:///home/dhia/browser-fuzzer/Dissertation/logger/run_20250324_064826/round_079/mutations/mutated_0003.html (1516)
[211901:211901:0324/192956.032938:INFO:CONSOLE(1521)] "Uncaught SyntaxError: Invalid or unexpected token", source: file:///home/dhia/browser-fuzzer/Dissertation/logger/run_20250324_064826/round_079/mutations/mutated_0003.html (1521)
[211901:211901:0324/192956.046232:INFO:CONSOLE(1522)] "Uncaught SyntaxError: Invalid or unexpected token", source: file:///home/dhia/browser-fuzzer/Dissertation/logger/run_20250324_064826/round_079/mutations/mutated_0003.html (1522)
[211901:211901:0324/192956.197005:INFO:CONSOLE(1526)] "Uncaught SyntaxError: Invalid or unexpected token", source: file:///home/dhia/browser-fuzzer/Dissertation/logger/run_20250324_064826/round_079/mutations/mutated_0003.html (1526)
[211901:211901:0324/192956.205915:INFO:CONSOLE(1527)] "Uncaught SyntaxError: Invalid or unexpected token", source: file:///home/dhia/browser-fuzzer/Dissertation/logger/run_20250324_064826/round_079/mutations/mutated_0003.html (1527)
[211901:211901:0324/192956.383613:INFO:CONSOLE(1546)] "Uncaught SyntaxError: Invalid or unexpected token", source: file:///home/dhia/browser-fuzzer/Dissertation/logger/run_20250324_064826/round_079/mutations/mutated_0003.html (1546)
[211901:211901:0324/192956.403097:INFO:CONSOLE(1547)] "Uncaught SyntaxError: Invalid or unexpected token", source: file:///home/dhia/browser-fuzzer/Dissertation/logger/run_20250324_064826/round_079/mutations/mutated_0003.html (1547)
[211901:211901:0324/192956.415381:INFO:CONSOLE(1548)] "Uncaught SyntaxError: Invalid or unexpected token", source: file:///home/dhia/browser-fuzzer/Dissertation/logger/run_20250324_064826/round_079/mutations/mutated_0003.html (1548)
[211901:211901:0324/192956.577848:INFO:CONSOLE(1549)] "Uncaught SyntaxError: Invalid or unexpected token", source: file:///home/dhia/browser-fuzzer/Dissertation/logger/run_20250324_064826/round_079/mutations/mutated_0003.html (1549)
[211901:211901:0324/192956.582859:INFO:CONSOLE(1550)] "Uncaught SyntaxError: Invalid or unexpected token", source: file:///home/dhia/browser-fuzzer/Dissertation/logger/run_20250324_064826/round_079/mutations/mutated_0003.html (1550)
[211901:211901:0324/192956.588567:INFO:CONSOLE(1551)] "Uncaught SyntaxError: Invalid or unexpected token", source: file:///home/dhia/browser-fuzzer/Dissertation/logger/run_20250324_064826/round_079/mutations/mutated_0003.html (1551)
[211901:211901:0324/192956.751758:INFO:CONSOLE(1552)] "Uncaught SyntaxError: Invalid or unexpected token", source: file:///home/dhia/browser-fuzzer/Dissertation/logger/run_20250324_064826/round_079/mutations/mutated_0003.html (1552)
[211901:211901:0324/192956.757985:INFO:CONSOLE(1553)] "Uncaught SyntaxError: Invalid or unexpected token", source: file:///home/dhia/browser-fuzzer/Dissertation/logger/run_20250324_064826/round_079/mutations/mutated_0003.html (1553)
[211901:211901:0324/192956.761757:INFO:CONSOLE(1554)] "Uncaught SyntaxError: Invalid or unexpected token", source: file:///home/dhia/browser-fuzzer/Dissertation/logger/run_20250324_064826/round_079/mutations/mutated_0003.html (1554)
[211901:211901:0324/192956.954683:INFO:CONSOLE(1555)] "Uncaught SyntaxError: Invalid or unexpected token", source: file:///home/dhia/browser-fuzzer/Dissertation/logger/run_20250324_064826/round_079/mutations/mutated_0003.html (1555)
[211901:211901:0324/192956.961873:INFO:CONSOLE(1556)] "Uncaught SyntaxError: Invalid or unexpected token", source: file:///home/dhia/browser-fuzzer/Dissertation/logger/run_20250324_064826/round_079/mutations/mutated_0003.html (1556)
[211901:211901:0324/192956.971721:INFO:CONSOLE(1557)] "Uncaught SyntaxError: Invalid or unexpected token", source: file:///home/dhia/browser-fuzzer/Dissertation/logger/run_20250324_064826/round_079/mutations/mutated_0003.html (1557)
[211901:211901:0324/192957.137388:INFO:CONSOLE(1558)] "Uncaught SyntaxError: Invalid or unexpected token", source: file:///home/dhia/browser-fuzzer/Dissertation/logger/run_20250324_064826/round_079/mutations/mutated_0003.html (1558)
[211901:211901:0324/192957.141657:INFO:CONSOLE(1559)] "Uncaught SyntaxError: Invalid or unexpected token", source: file:///home/dhia/browser-fuzzer/Dissertation/logger/run_20250324_064826/round_079/mutations/mutated_0003.html (1559)
[211901:211901:0324/192957.148812:INFO:CONSOLE(1560)] "Uncaught SyntaxError: Invalid or unexpected token", source: file:///home/dhia/browser-fuzzer/Dissertation/logger/run_20250324_064826/round_079/mutations/mutated_0003.html (1560)
[211901:211901:0324/192957.330463:INFO:CONSOLE(1561)] "Uncaught SyntaxError: Invalid or unexpected token", source: file:///home/dhia/browser-fuzzer/Dissertation/logger/run_20250324_064826/round_079/mutations/mutated_0003.html (1561)
[211901:211901:0324/192957.336413:INFO:CONSOLE(1562)] "Uncaught SyntaxError: Invalid or unexpected token", source: file:///home/dhia/browser-fuzzer/Dissertation/logger/run_20250324_064826/round_079/mutations/mutated_0003.html (1562)
[211901:211901:0324/192957.349627:INFO:CONSOLE(1563)] "Uncaught SyntaxError: Invalid or unexpected token", source: file:///home/dhia/browser-fuzzer/Dissertation/logger/run_20250324_064826/round_079/mutations/mutated_0003.html (1563)
[211901:211901:0324/192957.510294:INFO:CONSOLE(1564)] "Uncaught SyntaxError: Invalid or unexpected token", source: file:///home/dhia/browser-fuzzer/Dissertation/logger/run_20250324_064826/round_079/mutations/mutated_0003.html (1564)
[211901:211901:0324/192957.515057:INFO:CONSOLE(1565)] "Uncaught SyntaxError: Invalid or unexpected token", source: file:///home/dhia/browser-fuzzer/Dissertation/logger/run_20250324_064826/round_079/mutations/mutated_0003.html (1565)
[211901:211901:0324/192957.545512:INFO:CONSOLE(1566)] "Uncaught SyntaxError: Invalid or unexpected token", source: file:///home/dhia/browser-fuzzer/Dissertation/logger/run_20250324_064826/round_079/mutations/mutated_0003.html (1566)
[211901:211901:0324/192957.671367:INFO:CONSOLE(1567)] "Uncaught SyntaxError: Invalid or unexpected token", source: file:///home/dhia/browser-fuzzer/Dissertation/logger/run_20250324_064826/round_079/mutations/mutated_0003.html (1567)
[211901:211901:0324/192957.676765:INFO:CONSOLE(1568)] "Uncaught SyntaxError: Invalid or unexpected token", source: file:///home/dhia/browser-fuzzer/Dissertation/logger/run_20250324_064826/round_079/mutations/mutated_0003.html (1568)
[211901:211901:0324/192957.680706:INFO:CONSOLE(1569)] "Uncaught SyntaxError: Invalid or unexpected token", source: file:///home/dhia/browser-fuzzer/Dissertation/logger/run_20250324_064826/round_079/mutations/mutated_0003.html (1569)
[211901:211901:0324/192957.871364:INFO:CONSOLE(1570)] "Uncaught SyntaxError: Invalid or unexpected token", source: file:///home/dhia/browser-fuzzer/Dissertation/logger/run_20250324_064826/round_079/mutations/mutated_0003.html (1570)
[211901:211901:0324/192957.889115:INFO:CONSOLE(1571)] "Uncaught SyntaxError: Invalid or unexpected token", source: file:///home/dhia/browser-fuzzer/Dissertation/logger/run_20250324_064826/round_079/mutations/mutated_0003.html (1571)
[211901:211901:0324/192958.062566:INFO:CONSOLE(1572)] "Uncaught SyntaxError: Invalid or unexpected token", source: file:///home/dhia/browser-fuzzer/Dissertation/logger/run_20250324_064826/round_079/mutations/mutated_0003.html (1572)
[211901:211901:0324/192958.072378:INFO:CONSOLE(1573)] "Uncaught SyntaxError: Invalid or unexpected token", source: file:///home/dhia/browser-fuzzer/Dissertation/logger/run_20250324_064826/round_079/mutations/mutated_0003.html (1573)
[211901:211901:0324/192958.089678:INFO:CONSOLE(1574)] "Uncaught SyntaxError: Invalid or unexpected token", source: file:///home/dhia/browser-fuzzer/Dissertation/logger/run_20250324_064826/round_079/mutations/mutated_0003.html (1574)
[211901:211901:0324/192958.245768:INFO:CONSOLE(1575)] "Uncaught SyntaxError: Invalid or unexpected token", source: file:///home/dhia/browser-fuzzer/Dissertation/logger/run_20250324_064826/round_079/mutations/mutated_0003.html (1575)
[211901:211901:0324/192958.258068:INFO:CONSOLE(1576)] "Uncaught SyntaxError: Invalid or unexpected token", source: file:///home/dhia/browser-fuzzer/Dissertation/logger/run_20250324_064826/round_079/mutations/mutated_0003.html (1576)
[211901:211901:0324/192958.263971:INFO:CONSOLE(1577)] "Uncaught SyntaxError: Invalid or unexpected token", source: file:///home/dhia/browser-fuzzer/Dissertation/logger/run_20250324_064826/round_079/mutations/mutated_0003.html (1577)
[211901:211901:0324/192958.444674:INFO:CONSOLE(1853)] "The Content Security Policy 'default-src 'self' 'unsafe-inline'' was delivered via a <meta> element outside the document's <head>, which is disallowed. The policy has been ignored.", source: file:///home/dhia/browser-fuzzer/Dissertation/logger/run_20250324_064826/round_079/mutations/mutated_0003.html (1853)
[211901:211901:0324/192958.517197:INFO:CONSOLE(2060)] "Uncaught SyntaxError: Invalid or unexpected token", source: file:///home/dhia/browser-fuzzer/Dissertation/logger/run_20250324_064826/round_079/mutations/mutated_0003.html (2060)
[211901:211901:0324/192958.537438:INFO:CONSOLE(2061)] "Uncaught SyntaxError: Invalid or unexpected token", source: file:///home/dhia/browser-fuzzer/Dissertation/logger/run_20250324_064826/round_079/mutations/mutated_0003.html (2061)
[211901:211901:0324/192959.296472:INFO:CONSOLE(2221)] "Uncaught SyntaxError: Invalid or unexpected token", source: file:///home/dhia/browser-fuzzer/Dissertation/logger/run_20250324_064826/round_079/mutations/mutated_0003.html (2221)
[211901:211901:0324/192959.317582:INFO:CONSOLE(2306)] "Uncaught SyntaxError: Invalid or unexpected token", source: file:///home/dhia/browser-fuzzer/Dissertation/logger/run_20250324_064826/round_079/mutations/mutated_0003.html (2306)
[211901:211901:0324/192959.989673:INFO:CONSOLE(2307)] "Uncaught SyntaxError: Invalid or unexpected token", source: file:///home/dhia/browser-fuzzer/Dissertation/logger/run_20250324_064826/round_079/mutations/mutated_0003.html (2307)
[211901:211901:0324/193000.025413:INFO:CONSOLE(2308)] "Uncaught SyntaxError: Invalid or unexpected token", source: file:///home/dhia/browser-fuzzer/Dissertation/logger/run_20250324_064826/round_079/mutations/mutated_0003.html (2308)
[211901:211901:0324/193000.224681:INFO:CONSOLE(2309)] "Uncaught SyntaxError: Invalid or unexpected token", source: file:///home/dhia/browser-fuzzer/Dissertation/logger/run_20250324_064826/round_079/mutations/mutated_0003.html (2309)
[211901:211901:0324/193000.231620:INFO:CONSOLE(2310)] "Uncaught SyntaxError: Invalid or unexpected token", source: file:///home/dhia/browser-fuzzer/Dissertation/logger/run_20250324_064826/round_079/mutations/mutated_0003.html (2310)
[211901:211901:0324/193000.237382:INFO:CONSOLE(2312)] "Uncaught SyntaxError: Invalid or unexpected token", source: file:///home/dhia/browser-fuzzer/Dissertation/logger/run_20250324_064826/round_079/mutations/mutated_0003.html (2312)
[211901:211901:0324/193000.431575:INFO:CONSOLE(2323)] "Uncaught SyntaxError: Invalid or unexpected token", source: file:///home/dhia/browser-fuzzer/Dissertation/logger/run_20250324_064826/round_079/mutations/mutated_0003.html (2323)
[211901:211901:0324/193000.442216:INFO:CONSOLE(2360)] "Uncaught SyntaxError: Invalid or unexpected token", source: file:///home/dhia/browser-fuzzer/Dissertation/logger/run_20250324_064826/round_079/mutations/mutated_0003.html (2360)
[211901:211901:0324/193000.714436:INFO:CONSOLE(2361)] "Uncaught SyntaxError: Invalid or unexpected token", source: file:///home/dhia/browser-fuzzer/Dissertation/logger/run_20250324_064826/round_079/mutations/mutated_0003.html (2361)
[211901:211901:0324/193000.725228:INFO:CONSOLE(2363)] "Uncaught SyntaxError: Invalid or unexpected token", source: file:///home/dhia/browser-fuzzer/Dissertation/logger/run_20250324_064826/round_079/mutations/mutated_0003.html (2363)
[211901:211901:0324/193000.730944:INFO:CONSOLE(2364)] "Uncaught SyntaxError: Invalid or unexpected token", source: file:///home/dhia/browser-fuzzer/Dissertation/logger/run_20250324_064826/round_079/mutations/mutated_0003.html (2364)
[211901:211901:0324/193000.946041:INFO:CONSOLE(2365)] "Uncaught SyntaxError: Invalid or unexpected token", source: file:///home/dhia/browser-fuzzer/Dissertation/logger/run_20250324_064826/round_079/mutations/mutated_0003.html (2365)
[211901:211901:0324/193000.955646:INFO:CONSOLE(2372)] "Uncaught SyntaxError: Invalid or unexpected token", source: file:///home/dhia/browser-fuzzer/Dissertation/logger/run_20250324_064826/round_079/mutations/mutated_0003.html (2372)
[211901:211901:0324/193001.166795:INFO:CONSOLE(2373)] "Uncaught SyntaxError: Invalid or unexpected token", source: file:///home/dhia/browser-fuzzer/Dissertation/logger/run_20250324_064826/round_079/mutations/mutated_0003.html (2373)
[211901:211901:0324/193001.184317:INFO:CONSOLE(2374)] "Uncaught SyntaxError: Invalid or unexpected token", source: file:///home/dhia/browser-fuzzer/Dissertation/logger/run_20250324_064826/round_079/mutations/mutated_0003.html (2374)
[211901:211901:0324/193001.345940:INFO:CONSOLE(2384)] "Uncaught SyntaxError: Invalid or unexpected token", source: file:///home/dhia/browser-fuzzer/Dissertation/logger/run_20250324_064826/round_079/mutations/mutated_0003.html (2384)
[211901:211901:0324/193001.357383:INFO:CONSOLE(2456)] "Uncaught SyntaxError: Invalid or unexpected token", source: file:///home/dhia/browser-fuzzer/Dissertation/logger/run_20250324_064826/round_079/mutations/mutated_0003.html (2456)
[211901:211901:0324/193001.375162:INFO:CONSOLE(2457)] "Uncaught SyntaxError: Invalid or unexpected token", source: file:///home/dhia/browser-fuzzer/Dissertation/logger/run_20250324_064826/round_079/mutations/mutated_0003.html (2457)
[211901:211901:0324/193001.965028:INFO:CONSOLE(2460)] "Uncaught SyntaxError: Invalid or unexpected token", source: file:///home/dhia/browser-fuzzer/Dissertation/logger/run_20250324_064826/round_079/mutations/mutated_0003.html (2460)
[211901:211901:0324/193001.975436:INFO:CONSOLE(2461)] "Uncaught SyntaxError: Invalid or unexpected token", source: file:///home/dhia/browser-fuzzer/Dissertation/logger/run_20250324_064826/round_079/mutations/mutated_0003.html (2461)
[211901:211901:0324/193002.245822:INFO:CONSOLE(2495)] "Uncaught SyntaxError: Invalid or unexpected token", source: file:///home/dhia/browser-fuzzer/Dissertation/logger/run_20250324_064826/round_079/mutations/mutated_0003.html (2495)
[211901:211901:0324/193002.258390:INFO:CONSOLE(2496)] "Uncaught SyntaxError: Invalid or unexpected token", source: file:///home/dhia/browser-fuzzer/Dissertation/logger/run_20250324_064826/round_079/mutations/mutated_0003.html (2496)
[211901:211901:0324/193002.264659:INFO:CONSOLE(2497)] "Uncaught SyntaxError: Invalid or unexpected token", source: file:///home/dhia/browser-fuzzer/Dissertation/logger/run_20250324_064826/round_079/mutations/mutated_0003.html (2497)
[211901:211901:0324/193002.455553:INFO:CONSOLE(2499)] "Uncaught SyntaxError: Invalid or unexpected token", source: file:///home/dhia/browser-fuzzer/Dissertation/logger/run_20250324_064826/round_079/mutations/mutated_0003.html (2499)
[211901:211901:0324/193002.476560:INFO:CONSOLE(2500)] "Uncaught SyntaxError: Invalid or unexpected token", source: file:///home/dhia/browser-fuzzer/Dissertation/logger/run_20250324_064826/round_079/mutations/mutated_0003.html (2500)
[211901:211901:0324/193002.484237:INFO:CONSOLE(2502)] "Uncaught SyntaxError: Invalid or unexpected token", source: file:///home/dhia/browser-fuzzer/Dissertation/logger/run_20250324_064826/round_079/mutations/mutated_0003.html (2502)
[211901:211901:0324/193002.641580:INFO:CONSOLE(2515)] "Uncaught SyntaxError: Invalid or unexpected token", source: file:///home/dhia/browser-fuzzer/Dissertation/logger/run_20250324_064826/round_079/mutations/mutated_0003.html (2515)
[211901:211901:0324/193002.649123:INFO:CONSOLE(2516)] "Uncaught SyntaxError: Invalid or unexpected token", source: file:///home/dhia/browser-fuzzer/Dissertation/logger/run_20250324_064826/round_079/mutations/mutated_0003.html (2516)
[211901:211901:0324/193002.861929:INFO:CONSOLE(2540)] "Uncaught SyntaxError: Invalid or unexpected token", source: file:///home/dhia/browser-fuzzer/Dissertation/logger/run_20250324_064826/round_079/mutations/mutated_0003.html (2540)
[211901:211901:0324/193002.872055:INFO:CONSOLE(2541)] "Uncaught SyntaxError: Invalid or unexpected token", source: file:///home/dhia/browser-fuzzer/Dissertation/logger/run_20250324_064826/round_079/mutations/mutated_0003.html (2541)
[211901:211901:0324/193003.119354:INFO:CONSOLE(2638)] "Uncaught SyntaxError: Invalid or unexpected token", source: file:///home/dhia/browser-fuzzer/Dissertation/logger/run_20250324_064826/round_079/mutations/mutated_0003.html (2638)
[211901:211901:0324/193003.125046:INFO:CONSOLE(2639)] "Uncaught SyntaxError: Invalid or unexpected token", source: file:///home/dhia/browser-fuzzer/Dissertation/logger/run_20250324_064826/round_079/mutations/mutated_0003.html (2639)
[211901:211901:0324/193003.134852:INFO:CONSOLE(2661)] "Uncaught SyntaxError: Invalid or unexpected token", source: file:///home/dhia/browser-fuzzer/Dissertation/logger/run_20250324_064826/round_079/mutations/mutated_0003.html (2661)
[211901:211901:0324/193003.433970:INFO:CONSOLE(2662)] "Uncaught SyntaxError: Invalid or unexpected token", source: file:///home/dhia/browser-fuzzer/Dissertation/logger/run_20250324_064826/round_079/mutations/mutated_0003.html (2662)
[211901:211901:0324/193003.455396:INFO:CONSOLE(2663)] "Uncaught SyntaxError: Invalid or unexpected token", source: file:///home/dhia/browser-fuzzer/Dissertation/logger/run_20250324_064826/round_079/mutations/mutated_0003.html (2663)
[211901:211901:0324/193003.649801:INFO:CONSOLE(2664)] "Uncaught SyntaxError: Invalid or unexpected token", source: file:///home/dhia/browser-fuzzer/Dissertation/logger/run_20250324_064826/round_079/mutations/mutated_0003.html (2664)
[211901:211901:0324/193003.672712:INFO:CONSOLE(2665)] "Uncaught SyntaxError: Invalid or unexpected token", source: file:///home/dhia/browser-fuzzer/Dissertation/logger/run_20250324_064826/round_079/mutations/mutated_0003.html (2665)
[211901:211901:0324/193003.677803:INFO:CONSOLE(2666)] "Uncaught SyntaxError: Invalid or unexpected token", source: file:///home/dhia/browser-fuzzer/Dissertation/logger/run_20250324_064826/round_079/mutations/mutated_0003.html (2666)
[211901:211901:0324/193003.840867:INFO:CONSOLE(2667)] "Uncaught SyntaxError: Invalid or unexpected token", source: file:///home/dhia/browser-fuzzer/Dissertation/logger/run_20250324_064826/round_079/mutations/mutated_0003.html (2667)
[211901:211901:0324/193003.847380:INFO:CONSOLE(2669)] "Uncaught SyntaxError: Invalid or unexpected token", source: file:///home/dhia/browser-fuzzer/Dissertation/logger/run_20250324_064826/round_079/mutations/mutated_0003.html (2669)
[211901:211901:0324/193004.109351:INFO:CONSOLE(2678)] "Uncaught SyntaxError: Invalid or unexpected token", source: file:///home/dhia/browser-fuzzer/Dissertation/logger/run_20250324_064826/round_079/mutations/mutated_0003.html (2678)
[211901:211901:0324/193004.125930:INFO:CONSOLE(2714)] "Uncaught SyntaxError: Invalid or unexpected token", source: file:///home/dhia/browser-fuzzer/Dissertation/logger/run_20250324_064826/round_079/mutations/mutated_0003.html (2714)
[211901:211901:0324/193004.491243:INFO:CONSOLE(2715)] "Uncaught SyntaxError: Invalid or unexpected token", source: file:///home/dhia/browser-fuzzer/Dissertation/logger/run_20250324_064826/round_079/mutations/mutated_0003.html (2715)
[211901:211901:0324/193004.497326:INFO:CONSOLE(2717)] "Uncaught SyntaxError: Invalid or unexpected token", source: file:///home/dhia/browser-fuzzer/Dissertation/logger/run_20250324_064826/round_079/mutations/mutated_0003.html (2717)
[211901:211901:0324/193004.509125:INFO:CONSOLE(2718)] "Uncaught SyntaxError: Invalid or unexpected token", source: file:///home/dhia/browser-fuzzer/Dissertation/logger/run_20250324_064826/round_079/mutations/mutated_0003.html (2718)
[211901:211901:0324/193004.743563:INFO:CONSOLE(2725)] "Uncaught SyntaxError: Invalid or unexpected token", source: file:///home/dhia/browser-fuzzer/Dissertation/logger/run_20250324_064826/round_079/mutations/mutated_0003.html (2725)
[211901:211901:0324/193004.751809:INFO:CONSOLE(2726)] "Uncaught SyntaxError: Invalid or unexpected token", source: file:///home/dhia/browser-fuzzer/Dissertation/logger/run_20250324_064826/round_079/mutations/mutated_0003.html (2726)
[211901:211901:0324/193004.771232:INFO:CONSOLE(2727)] "Uncaught SyntaxError: Invalid or unexpected token", source: file:///home/dhia/browser-fuzzer/Dissertation/logger/run_20250324_064826/round_079/mutations/mutated_0003.html (2727)
[211901:211901:0324/193004.950967:INFO:CONSOLE(2737)] "Uncaught SyntaxError: Invalid or unexpected token", source: file:///home/dhia/browser-fuzzer/Dissertation/logger/run_20250324_064826/round_079/mutations/mutated_0003.html (2737)
[211901:211901:0324/193004.966971:INFO:CONSOLE(2809)] "Uncaught SyntaxError: Invalid or unexpected token", source: file:///home/dhia/browser-fuzzer/Dissertation/logger/run_20250324_064826/round_079/mutations/mutated_0003.html (2809)
[211901:211901:0324/193004.977021:INFO:CONSOLE(2810)] "Uncaught SyntaxError: Invalid or unexpected token", source: file:///home/dhia/browser-fuzzer/Dissertation/logger/run_20250324_064826/round_079/mutations/mutated_0003.html (2810)
[211901:211901:0324/193005.692171:INFO:CONSOLE(2811)] "Uncaught SyntaxError: Invalid or unexpected token", source: file:///home/dhia/browser-fuzzer/Dissertation/logger/run_20250324_064826/round_079/mutations/mutated_0003.html (2811)
[211901:211901:0324/193005.705357:INFO:CONSOLE(2814)] "Uncaught SyntaxError: Invalid or unexpected token", source: file:///home/dhia/browser-fuzzer/Dissertation/logger/run_20250324_064826/round_079/mutations/mutated_0003.html (2814)
[211901:211901:0324/193005.947625:INFO:CONSOLE(2815)] "Uncaught SyntaxError: Invalid or unexpected token", source: file:///home/dhia/browser-fuzzer/Dissertation/logger/run_20250324_064826/round_079/mutations/mutated_0003.html (2815)
[211901:211901:0324/193007.058254:INFO:CONSOLE(2839)] "Uncaught SyntaxError: Invalid or unexpected token", source: file:///home/dhia/browser-fuzzer/Dissertation/logger/run_20250324_064826/round_079/mutations/mutated_0003.html (2839)
[211901:211901:0324/193007.072686:INFO:CONSOLE(2840)] "Uncaught SyntaxError: Invalid or unexpected token", source: file:///home/dhia/browser-fuzzer/Dissertation/logger/run_20250324_064826/round_079/mutations/mutated_0003.html (2840)
[211901:211901:0324/193007.143722:INFO:CONSOLE(2842)] "Uncaught SyntaxError: Invalid or unexpected token", source: file:///home/dhia/browser-fuzzer/Dissertation/logger/run_20250324_064826/round_079/mutations/mutated_0003.html (2842)
[211901:211901:0324/193007.157706:INFO:CONSOLE(2843)] "Uncaught SyntaxError: Invalid or unexpected token", source: file:///home/dhia/browser-fuzzer/Dissertation/logger/run_20250324_064826/round_079/mutations/mutated_0003.html (2843)
[211901:211901:0324/193007.215880:INFO:CONSOLE(2845)] "Uncaught SyntaxError: Invalid or unexpected token", source: file:///home/dhia/browser-fuzzer/Dissertation/logger/run_20250324_064826/round_079/mutations/mutated_0003.html (2845)
[211901:211901:0324/193007.223497:INFO:CONSOLE(2846)] "Uncaught SyntaxError: Invalid or unexpected token", source: file:///home/dhia/browser-fuzzer/Dissertation/logger/run_20250324_064826/round_079/mutations/mutated_0003.html (2846)
[211901:211901:0324/193007.295084:INFO:CONSOLE(2870)] "Uncaught SyntaxError: Invalid or unexpected token", source: file:///home/dhia/browser-fuzzer/Dissertation/logger/run_20250324_064826/round_079/mutations/mutated_0003.html (2870)
[211901:211901:0324/193007.310166:INFO:CONSOLE(2871)] "Uncaught SyntaxError: Invalid or unexpected token", source: file:///home/dhia/browser-fuzzer/Dissertation/logger/run_20250324_064826/round_079/mutations/mutated_0003.html (2871)
[211901:211901:0324/193007.399610:INFO:CONSOLE(2917)] "Uncaught SyntaxError: Invalid or unexpected token", source: file:///home/dhia/browser-fuzzer/Dissertation/logger/run_20250324_064826/round_079/mutations/mutated_0003.html (2917)
[211901:211901:0324/193007.407706:INFO:CONSOLE(2918)] "Uncaught SyntaxError: Invalid or unexpected token", source: file:///home/dhia/browser-fuzzer/Dissertation/logger/run_20250324_064826/round_079/mutations/mutated_0003.html (2918)
[211901:211901:0324/193007.415624:INFO:CONSOLE(2919)] "Uncaught SyntaxError: Invalid or unexpected token", source: file:///home/dhia/browser-fuzzer/Dissertation/logger/run_20250324_064826/round_079/mutations/mutated_0003.html (2919)
[211901:211901:0324/193007.726941:INFO:CONSOLE(2929)] "Uncaught SyntaxError: Invalid or unexpected token", source: file:///home/dhia/browser-fuzzer/Dissertation/logger/run_20250324_064826/round_079/mutations/mutated_0003.html (2929)
[211901:211901:0324/193007.743270:INFO:CONSOLE(2930)] "Uncaught SyntaxError: Invalid or unexpected token", source: file:///home/dhia/browser-fuzzer/Dissertation/logger/run_20250324_064826/round_079/mutations/mutated_0003.html (2930)
[211901:211901:0324/193007.983358:INFO:CONSOLE(2931)] "Uncaught SyntaxError: Invalid or unexpected token", source: file:///home/dhia/browser-fuzzer/Dissertation/logger/run_20250324_064826/round_079/mutations/mutated_0003.html (2931)
[211901:211901:0324/193007.994223:INFO:CONSOLE(2932)] "Uncaught SyntaxError: Invalid or unexpected token", source: file:///home/dhia/browser-fuzzer/Dissertation/logger/run_20250324_064826/round_079/mutations/mutated_0003.html (2932)
[211901:211901:0324/193008.207588:INFO:CONSOLE(2942)] "Uncaught SyntaxError: Invalid or unexpected token", source: file:///home/dhia/browser-fuzzer/Dissertation/logger/run_20250324_064826/round_079/mutations/mutated_0003.html (2942)
[211901:211901:0324/193008.211937:INFO:CONSOLE(3014)] "Uncaught SyntaxError: Invalid or unexpected token", source: file:///home/dhia/browser-fuzzer/Dissertation/logger/run_20250324_064826/round_079/mutations/mutated_0003.html (3014)
[211901:211901:0324/193008.215985:INFO:CONSOLE(3015)] "Uncaught SyntaxError: Invalid or unexpected token", source: file:///home/dhia/browser-fuzzer/Dissertation/logger/run_20250324_064826/round_079/mutations/mutated_0003.html (3015)
[211901:211901:0324/193009.075693:INFO:CONSOLE(3016)] "Uncaught SyntaxError: Invalid or unexpected token", source: file:///home/dhia/browser-fuzzer/Dissertation/logger/run_20250324_064826/round_079/mutations/mutated_0003.html (3016)
[211901:211901:0324/193009.080392:INFO:CONSOLE(3019)] "Uncaught SyntaxError: Invalid or unexpected token", source: file:///home/dhia/browser-fuzzer/Dissertation/logger/run_20250324_064826/round_079/mutations/mutated_0003.html (3019)
[211901:211901:0324/193009.087090:INFO:CONSOLE(3020)] "Uncaught SyntaxError: Invalid or unexpected token", source: file:///home/dhia/browser-fuzzer/Dissertation/logger/run_20250324_064826/round_079/mutations/mutated_0003.html (3020)
[211901:211901:0324/193009.299361:INFO:CONSOLE(3044)] "Uncaught SyntaxError: Invalid or unexpected token", source: file:///home/dhia/browser-fuzzer/Dissertation/logger/run_20250324_064826/round_079/mutations/mutated_0003.html (3044)
[211901:211901:0324/193009.318253:INFO:CONSOLE(3045)] "Uncaught SyntaxError: Invalid or unexpected token", source: file:///home/dhia/browser-fuzzer/Dissertation/logger/run_20250324_064826/round_079/mutations/mutated_0003.html (3045)
[211901:211901:0324/193009.325641:INFO:CONSOLE(3047)] "Uncaught SyntaxError: Invalid or unexpected token", source: file:///home/dhia/browser-fuzzer/Dissertation/logger/run_20250324_064826/round_079/mutations/mutated_0003.html (3047)
[211901:211901:0324/193009.542504:INFO:CONSOLE(3048)] "Uncaught SyntaxError: Invalid or unexpected token", source: file:///home/dhia/browser-fuzzer/Dissertation/logger/run_20250324_064826/round_079/mutations/mutated_0003.html (3048)
[211901:211901:0324/193009.561437:INFO:CONSOLE(3050)] "Uncaught SyntaxError: Invalid or unexpected token", source: file:///home/dhia/browser-fuzzer/Dissertation/logger/run_20250324_064826/round_079/mutations/mutated_0003.html (3050)
[211901:211901:0324/193009.571302:INFO:CONSOLE(3051)] "Uncaught SyntaxError: Invalid or unexpected token", source: file:///home/dhia/browser-fuzzer/Dissertation/logger/run_20250324_064826/round_079/mutations/mutated_0003.html (3051)
[211901:211901:0324/193009.793639:INFO:CONSOLE(3078)] "Uncaught SyntaxError: Invalid or unexpected token", source: file:///home/dhia/browser-fuzzer/Dissertation/logger/run_20250324_064826/round_079/mutations/mutated_0003.html (3078)
[211901:211901:0324/193009.798329:INFO:CONSOLE(3079)] "Uncaught SyntaxError: Invalid or unexpected token", source: file:///home/dhia/browser-fuzzer/Dissertation/logger/run_20250324_064826/round_079/mutations/mutated_0003.html (3079)
[211901:211901:0324/193009.804028:INFO:CONSOLE(3081)] "Uncaught SyntaxError: Invalid or unexpected token", source: file:///home/dhia/browser-fuzzer/Dissertation/logger/run_20250324_064826/round_079/mutations/mutated_0003.html (3081)
[211901:211901:0324/193010.036704:INFO:CONSOLE(3090)] "Uncaught SyntaxError: Invalid or unexpected token", source: file:///home/dhia/browser-fuzzer/Dissertation/logger/run_20250324_064826/round_079/mutations/mutated_0003.html (3090)
[211901:211901:0324/193010.045745:INFO:CONSOLE(3139)] "Uncaught SyntaxError: Invalid or unexpected token", source: file:///home/dhia/browser-fuzzer/Dissertation/logger/run_20250324_064826/round_079/mutations/mutated_0003.html (3139)
[211901:211901:0324/193010.383138:INFO:CONSOLE(3140)] "Uncaught SyntaxError: Invalid or unexpected token", source: file:///home/dhia/browser-fuzzer/Dissertation/logger/run_20250324_064826/round_079/mutations/mutated_0003.html (3140)
[211901:211901:0324/193010.410509:INFO:CONSOLE(3147)] "Uncaught SyntaxError: Invalid or unexpected token", source: file:///home/dhia/browser-fuzzer/Dissertation/logger/run_20250324_064826/round_079/mutations/mutated_0003.html (3147)
[211901:211901:0324/193010.637018:INFO:CONSOLE(3148)] "Uncaught SyntaxError: Invalid or unexpected token", source: file:///home/dhia/browser-fuzzer/Dissertation/logger/run_20250324_064826/round_079/mutations/mutated_0003.html (3148)
[211901:211901:0324/193010.661694:INFO:CONSOLE(3150)] "Uncaught SyntaxError: Invalid or unexpected token", source: file:///home/dhia/browser-fuzzer/Dissertation/logger/run_20250324_064826/round_079/mutations/mutated_0003.html (3150)
[211901:211901:0324/193010.673312:INFO:CONSOLE(3151)] "Uncaught SyntaxError: Invalid or unexpected token", source: file:///home/dhia/browser-fuzzer/Dissertation/logger/run_20250324_064826/round_079/mutations/mutated_0003.html (3151)
[211901:211901:0324/193010.876193:INFO:CONSOLE(3152)] "Uncaught SyntaxError: Invalid or unexpected token", source: file:///home/dhia/browser-fuzzer/Dissertation/logger/run_20250324_064826/round_079/mutations/mutated_0003.html (3152)
[211901:211901:0324/193010.888987:INFO:CONSOLE(3154)] "Uncaught SyntaxError: Invalid or unexpected token", source: file:///home/dhia/browser-fuzzer/Dissertation/logger/run_20250324_064826/round_079/mutations/mutated_0003.html (3154)
[211901:211901:0324/193011.097666:INFO:CONSOLE(3155)] "Uncaught SyntaxError: Invalid or unexpected token", source: file:///home/dhia/browser-fuzzer/Dissertation/logger/run_20250324_064826/round_079/mutations/mutated_0003.html (3155)
[211901:211901:0324/193011.345481:INFO:CONSOLE(3179)] "Uncaught SyntaxError: Invalid or unexpected token", source: file:///home/dhia/browser-fuzzer/Dissertation/logger/run_20250324_064826/round_079/mutations/mutated_0003.html (3179)
[211901:211901:0324/193011.357413:INFO:CONSOLE(3180)] "Uncaught SyntaxError: Invalid or unexpected token", source: file:///home/dhia/browser-fuzzer/Dissertation/logger/run_20250324_064826/round_079/mutations/mutated_0003.html (3180)
[211901:211901:0324/193011.448160:INFO:CONSOLE(3292)] "Uncaught SyntaxError: Invalid or unexpected token", source: file:///home/dhia/browser-fuzzer/Dissertation/logger/run_20250324_064826/round_079/mutations/mutated_0003.html (3292)
[211901:211901:0324/193011.454425:INFO:CONSOLE(3364)] "Uncaught SyntaxError: Invalid or unexpected token", source: file:///home/dhia/browser-fuzzer/Dissertation/logger/run_20250324_064826/round_079/mutations/mutated_0003.html (3364)
[211901:211901:0324/193011.463536:INFO:CONSOLE(3365)] "Uncaught SyntaxError: Invalid or unexpected token", source: file:///home/dhia/browser-fuzzer/Dissertation/logger/run_20250324_064826/round_079/mutations/mutated_0003.html (3365)
[211901:211901:0324/193012.608204:INFO:CONSOLE(3501)] "Uncaught SyntaxError: Invalid or unexpected token", source: file:///home/dhia/browser-fuzzer/Dissertation/logger/run_20250324_064826/round_079/mutations/mutated_0003.html (3501)
[211901:211901:0324/193012.613774:INFO:CONSOLE(3502)] "Uncaught SyntaxError: Invalid or unexpected token", source: file:///home/dhia/browser-fuzzer/Dissertation/logger/run_20250324_064826/round_079/mutations/mutated_0003.html (3502)
[211901:211901:0324/193014.273662:INFO:CONSOLE(3503)] "Uncaught SyntaxError: Invalid or unexpected token", source: file:///home/dhia/browser-fuzzer/Dissertation/logger/run_20250324_064826/round_079/mutations/mutated_0003.html (3503)
[211901:211901:0324/193014.665831:INFO:CONSOLE(3526)] "Uncaught SyntaxError: Invalid or unexpected token", source: file:///home/dhia/browser-fuzzer/Dissertation/logger/run_20250324_064826/round_079/mutations/mutated_0003.html (3526)
[211901:211901:0324/193015.140742:INFO:CONSOLE(3584)] "Uncaught SyntaxError: Invalid or unexpected token", source: file:///home/dhia/browser-fuzzer/Dissertation/logger/run_20250324_064826/round_079/mutations/mutated_0003.html (3584)
[211901:211901:0324/193015.573765:INFO:CONSOLE(3658)] "Uncaught SyntaxError: Invalid or unexpected token", source: file:///home/dhia/browser-fuzzer/Dissertation/logger/run_20250324_064826/round_079/mutations/mutated_0003.html (3658)
[211901:211901:0324/193015.593870:INFO:CONSOLE(3659)] "Uncaught SyntaxError: Invalid or unexpected token", source: file:///home/dhia/browser-fuzzer/Dissertation/logger/run_20250324_064826/round_079/mutations/mutated_0003.html (3659)
[211901:211901:0324/193015.866247:INFO:CONSOLE(3666)] "Uncaught SyntaxError: Invalid or unexpected token", source: file:///home/dhia/browser-fuzzer/Dissertation/logger/run_20250324_064826/round_079/mutations/mutated_0003.html (3666)
[211901:211901:0324/193015.880568:INFO:CONSOLE(3667)] "Uncaught SyntaxError: Invalid or unexpected token", source: file:///home/dhia/browser-fuzzer/Dissertation/logger/run_20250324_064826/round_079/mutations/mutated_0003.html (3667)
[211901:211901:0324/193016.141077:INFO:CONSOLE(3692)] "Uncaught SyntaxError: Invalid or unexpected token", source: file:///home/dhia/browser-fuzzer/Dissertation/logger/run_20250324_064826/round_079/mutations/mutated_0003.html (3692)
[211901:211901:0324/193016.152504:INFO:CONSOLE(3696)] "Uncaught SyntaxError: Invalid or unexpected token", source: file:///home/dhia/browser-fuzzer/Dissertation/logger/run_20250324_064826/round_079/mutations/mutated_0003.html (3696)
[211901:211901:0324/193016.378225:INFO:CONSOLE(3703)] "Uncaught SyntaxError: Invalid or unexpected token", source: file:///home/dhia/browser-fuzzer/Dissertation/logger/run_20250324_064826/round_079/mutations/mutated_0003.html (3703)
[211901:211901:0324/193016.395211:INFO:CONSOLE(3704)] "Uncaught SyntaxError: Invalid or unexpected token", source: file:///home/dhia/browser-fuzzer/Dissertation/logger/run_20250324_064826/round_079/mutations/mutated_0003.html (3704)
[211901:211901:0324/193016.711814:INFO:CONSOLE(3712)] "Uncaught SyntaxError: Invalid or unexpected token", source: file:///home/dhia/browser-fuzzer/Dissertation/logger/run_20250324_064826/round_079/mutations/mutated_0003.html (3712)
[211901:211901:0324/193016.717327:INFO:CONSOLE(3713)] "Uncaught SyntaxError: Invalid or unexpected token", source: file:///home/dhia/browser-fuzzer/Dissertation/logger/run_20250324_064826/round_079/mutations/mutated_0003.html (3713)
[211901:211901:0324/193016.969354:INFO:CONSOLE(3726)] "Uncaught SyntaxError: Invalid or unexpected token", source: file:///home/dhia/browser-fuzzer/Dissertation/logger/run_20250324_064826/round_079/mutations/mutated_0003.html (3726)
[211901:211901:0324/193016.979015:INFO:CONSOLE(3729)] "Uncaught SyntaxError: Invalid or unexpected token", source: file:///home/dhia/browser-fuzzer/Dissertation/logger/run_20250324_064826/round_079/mutations/mutated_0003.html (3729)
[211901:211901:0324/193016.988753:INFO:CONSOLE(3730)] "Uncaught SyntaxError: Invalid or unexpected token", source: file:///home/dhia/browser-fuzzer/Dissertation/logger/run_20250324_064826/round_079/mutations/mutated_0003.html (3730)
[211901:211901:0324/193017.322956:INFO:CONSOLE(3731)] "Uncaught SyntaxError: Invalid or unexpected token", source: file:///home/dhia/browser-fuzzer/Dissertation/logger/run_20250324_064826/round_079/mutations/mutated_0003.html (3731)
[211901:211901:0324/193017.332409:INFO:CONSOLE(3732)] "Uncaught SyntaxError: Invalid or unexpected token", source: file:///home/dhia/browser-fuzzer/Dissertation/logger/run_20250324_064826/round_079/mutations/mutated_0003.html (3732)
[211901:211901:0324/193017.571467:INFO:CONSOLE(3738)] "Uncaught SyntaxError: Invalid or unexpected token", source: file:///home/dhia/browser-fuzzer/Dissertation/logger/run_20250324_064826/round_079/mutations/mutated_0003.html (3738)
[211901:211901:0324/193017.584102:INFO:CONSOLE(3744)] "Uncaught SyntaxError: Invalid or unexpected token", source: file:///home/dhia/browser-fuzzer/Dissertation/logger/run_20250324_064826/round_079/mutations/mutated_0003.html (3744)
[211901:211901:0324/193017.593557:INFO:CONSOLE(3745)] "Uncaught SyntaxError: Invalid or unexpected token", source: file:///home/dhia/browser-fuzzer/Dissertation/logger/run_20250324_064826/round_079/mutations/mutated_0003.html (3745)
[211901:211901:0324/193017.623155:INFO:CONSOLE(3746)] "Uncaught SyntaxError: Invalid or unexpected token", source: file:///home/dhia/browser-fuzzer/Dissertation/logger/run_20250324_064826/round_079/mutations/mutated_0003.html (3746)
[211901:211901:0324/193017.630009:INFO:CONSOLE(3747)] "Uncaught SyntaxError: Invalid or unexpected token", source: file:///home/dhia/browser-fuzzer/Dissertation/logger/run_20250324_064826/round_079/mutations/mutated_0003.html (3747)
[211901:211901:0324/193017.929441:INFO:CONSOLE(3748)] "Uncaught SyntaxError: Invalid or unexpected token", source: file:///home/dhia/browser-fuzzer/Dissertation/logger/run_20250324_064826/round_079/mutations/mutated_0003.html (3748)
[211901:211901:0324/193017.944311:INFO:CONSOLE(3749)] "Uncaught SyntaxError: Invalid or unexpected token", source: file:///home/dhia/browser-fuzzer/Dissertation/logger/run_20250324_064826/round_079/mutations/mutated_0003.html (3749)
[211901:211901:0324/193017.955310:INFO:CONSOLE(3750)] "Uncaught SyntaxError: Invalid or unexpected token", source: file:///home/dhia/browser-fuzzer/Dissertation/logger/run_20250324_064826/round_079/mutations/mutated_0003.html (3750)
[211901:211901:0324/193018.189594:INFO:CONSOLE(3751)] "Uncaught SyntaxError: Invalid or unexpected token", source: file:///home/dhia/browser-fuzzer/Dissertation/logger/run_20250324_064826/round_079/mutations/mutated_0003.html (3751)
[211901:211901:0324/193018.203876:INFO:CONSOLE(3752)] "Uncaught SyntaxError: Invalid or unexpected token", source: file:///home/dhia/browser-fuzzer/Dissertation/logger/run_20250324_064826/round_079/mutations/mutated_0003.html (3752)
[211901:211901:0324/193018.495416:INFO:CONSOLE(3762)] "Uncaught SyntaxError: Invalid or unexpected token", source: file:///home/dhia/browser-fuzzer/Dissertation/logger/run_20250324_064826/round_079/mutations/mutated_0003.html (3762)
[211901:211901:0324/193018.851356:INFO:CONSOLE(3984)] "Uncaught SyntaxError: Invalid or unexpected token", source: file:///home/dhia/browser-fuzzer/Dissertation/logger/run_20250324_064826/round_079/mutations/mutated_0003.html (3984)
[211901:211901:0324/193020.222602:INFO:CONSOLE(4144)] "Uncaught SyntaxError: Invalid or unexpected token", source: file:///home/dhia/browser-fuzzer/Dissertation/logger/run_20250324_064826/round_079/mutations/mutated_0003.html (4144)
[211901:211901:0324/193020.237110:INFO:CONSOLE(4229)] "Uncaught SyntaxError: Invalid or unexpected token", source: file:///home/dhia/browser-fuzzer/Dissertation/logger/run_20250324_064826/round_079/mutations/mutated_0003.html (4229)
[211901:211901:0324/193021.701174:INFO:CONSOLE(4230)] "Uncaught SyntaxError: Invalid or unexpected token", source: file:///home/dhia/browser-fuzzer/Dissertation/logger/run_20250324_064826/round_079/mutations/mutated_0003.html (4230)
[211901:211901:0324/193021.713857:INFO:CONSOLE(4231)] "Uncaught SyntaxError: Invalid or unexpected token", source: file:///home/dhia/browser-fuzzer/Dissertation/logger/run_20250324_064826/round_079/mutations/mutated_0003.html (4231)
[211901:211901:0324/193021.718894:INFO:CONSOLE(4232)] "Uncaught SyntaxError: Invalid or unexpected token", source: file:///home/dhia/browser-fuzzer/Dissertation/logger/run_20250324_064826/round_079/mutations/mutated_0003.html (4232)
[211901:211901:0324/193021.896569:INFO:CONSOLE(4233)] "Uncaught SyntaxError: Invalid or unexpected token", source: file:///home/dhia/browser-fuzzer/Dissertation/logger/run_20250324_064826/round_079/mutations/mutated_0003.html (4233)
[211901:211901:0324/193021.911154:INFO:CONSOLE(4234)] "Uncaught SyntaxError: Invalid or unexpected token", source: file:///home/dhia/browser-fuzzer/Dissertation/logger/run_20250324_064826/round_079/mutations/mutated_0003.html (4234)
[211901:211901:0324/193021.929383:INFO:CONSOLE(4236)] "Uncaught SyntaxError: Invalid or unexpected token", source: file:///home/dhia/browser-fuzzer/Dissertation/logger/run_20250324_064826/round_079/mutations/mutated_0003.html (4236)
[211901:211901:0324/193022.152258:INFO:CONSOLE(4246)] "Uncaught SyntaxError: Invalid or unexpected token", source: file:///home/dhia/browser-fuzzer/Dissertation/logger/run_20250324_064826/round_079/mutations/mutated_0003.html (4246)
[211901:211901:0324/193022.159006:INFO:CONSOLE(4283)] "Uncaught SyntaxError: Invalid or unexpected token", source: file:///home/dhia/browser-fuzzer/Dissertation/logger/run_20250324_064826/round_079/mutations/mutated_0003.html (4283)
[211901:211901:0324/193022.463071:INFO:CONSOLE(4285)] "Uncaught SyntaxError: Invalid or unexpected token", source: file:///home/dhia/browser-fuzzer/Dissertation/logger/run_20250324_064826/round_079/mutations/mutated_0003.html (4285)
[211901:211901:0324/193022.480618:INFO:CONSOLE(4286)] "Uncaught SyntaxError: Invalid or unexpected token", source: file:///home/dhia/browser-fuzzer/Dissertation/logger/run_20250324_064826/round_079/mutations/mutated_0003.html (4286)
[211901:211901:0324/193022.492071:INFO:CONSOLE(4287)] "Uncaught SyntaxError: Invalid or unexpected token", source: file:///home/dhia/browser-fuzzer/Dissertation/logger/run_20250324_064826/round_079/mutations/mutated_0003.html (4287)
[211901:211901:0324/193022.711140:INFO:CONSOLE(4294)] "Uncaught SyntaxError: Invalid or unexpected token", source: file:///home/dhia/browser-fuzzer/Dissertation/logger/run_20250324_064826/round_079/mutations/mutated_0003.html (4294)
[211901:211901:0324/193022.724528:INFO:CONSOLE(4295)] "Uncaught SyntaxError: Invalid or unexpected token", source: file:///home/dhia/browser-fuzzer/Dissertation/logger/run_20250324_064826/round_079/mutations/mutated_0003.html (4295)
[211901:211901:0324/193022.732892:INFO:CONSOLE(4296)] "Uncaught SyntaxError: Invalid or unexpected token", source: file:///home/dhia/browser-fuzzer/Dissertation/logger/run_20250324_064826/round_079/mutations/mutated_0003.html (4296)
[211901:211901:0324/193022.992813:INFO:CONSOLE(4306)] "Uncaught SyntaxError: Invalid or unexpected token", source: file:///home/dhia/browser-fuzzer/Dissertation/logger/run_20250324_064826/round_079/mutations/mutated_0003.html (4306)
[211901:211901:0324/193023.007135:INFO:CONSOLE(4378)] "Uncaught SyntaxError: Invalid or unexpected token", source: file:///home/dhia/browser-fuzzer/Dissertation/logger/run_20250324_064826/round_079/mutations/mutated_0003.html (4378)
[211901:211901:0324/193024.658745:INFO:CONSOLE(4379)] "Uncaught SyntaxError: Invalid or unexpected token", source: file:///home/dhia/browser-fuzzer/Dissertation/logger/run_20250324_064826/round_079/mutations/mutated_0003.html (4379)
[211901:211901:0324/193024.680504:INFO:CONSOLE(4382)] "Uncaught SyntaxError: Invalid or unexpected token", source: file:///home/dhia/browser-fuzzer/Dissertation/logger/run_20250324_064826/round_079/mutations/mutated_0003.html (4382)
[211901:211901:0324/193024.996573:INFO:CONSOLE(4383)] "Uncaught SyntaxError: Invalid or unexpected token", source: file:///home/dhia/browser-fuzzer/Dissertation/logger/run_20250324_064826/round_079/mutations/mutated_0003.html (4383)
[211901:211901:0324/193025.310890:INFO:CONSOLE(4417)] "Uncaught SyntaxError: Invalid or unexpected token", source: file:///home/dhia/browser-fuzzer/Dissertation/logger/run_20250324_064826/round_079/mutations/mutated_0003.html (4417)
[211901:211901:0324/193025.320818:INFO:CONSOLE(4418)] "Uncaught SyntaxError: Invalid or unexpected token", source: file:///home/dhia/browser-fuzzer/Dissertation/logger/run_20250324_064826/round_079/mutations/mutated_0003.html (4418)
[211901:211901:0324/193025.330971:INFO:CONSOLE(4420)] "Uncaught SyntaxError: Invalid or unexpected token", source: file:///home/dhia/browser-fuzzer/Dissertation/logger/run_20250324_064826/round_079/mutations/mutated_0003.html (4420)
[211901:211901:0324/193025.671136:INFO:CONSOLE(4421)] "Uncaught SyntaxError: Invalid or unexpected token", source: file:///home/dhia/browser-fuzzer/Dissertation/logger/run_20250324_064826/round_079/mutations/mutated_0003.html (4421)
[211901:211901:0324/193025.695053:INFO:CONSOLE(4423)] "Uncaught SyntaxError: Invalid or unexpected token", source: file:///home/dhia/browser-fuzzer/Dissertation/logger/run_20250324_064826/round_079/mutations/mutated_0003.html (4423)
[211901:211901:0324/193025.706837:INFO:CONSOLE(4424)] "Uncaught SyntaxError: Invalid or unexpected token", source: file:///home/dhia/browser-fuzzer/Dissertation/logger/run_20250324_064826/round_079/mutations/mutated_0003.html (4424)
[211901:211901:0324/193025.993972:INFO:CONSOLE(4425)] "Uncaught SyntaxError: Invalid or unexpected token", source: file:///home/dhia/browser-fuzzer/Dissertation/logger/run_20250324_064826/round_079/mutations/mutated_0003.html (4425)
[211901:211901:0324/193026.291171:INFO:CONSOLE(4449)] "Uncaught SyntaxError: Invalid or unexpected token", source: file:///home/dhia/browser-fuzzer/Dissertation/logger/run_20250324_064826/round_079/mutations/mutated_0003.html (4449)
[211901:211901:0324/193026.296927:INFO:CONSOLE(4450)] "Uncaught SyntaxError: Invalid or unexpected token", source: file:///home/dhia/browser-fuzzer/Dissertation/logger/run_20250324_064826/round_079/mutations/mutated_0003.html (4450)
[211901:211901:0324/193026.643282:INFO:CONSOLE(4571)] "Uncaught SyntaxError: Invalid or unexpected token", source: file:///home/dhia/browser-fuzzer/Dissertation/logger/run_20250324_064826/round_079/mutations/mutated_0003.html (4571)
[211901:211901:0324/193026.651389:INFO:CONSOLE(4572)] "Uncaught SyntaxError: Invalid or unexpected token", source: file:///home/dhia/browser-fuzzer/Dissertation/logger/run_20250324_064826/round_079/mutations/mutated_0003.html (4572)
[211901:211901:0324/193027.151335:INFO:CONSOLE(4594)] "Uncaught SyntaxError: Invalid or unexpected token", source: file:///home/dhia/browser-fuzzer/Dissertation/logger/run_20250324_064826/round_079/mutations/mutated_0003.html (4594)
[211901:211901:0324/193027.157827:INFO:CONSOLE(4595)] "Uncaught SyntaxError: Invalid or unexpected token", source: file:///home/dhia/browser-fuzzer/Dissertation/logger/run_20250324_064826/round_079/mutations/mutated_0003.html (4595)
[211901:211901:0324/193027.163048:INFO:CONSOLE(4596)] "Uncaught SyntaxError: Invalid or unexpected token", source: file:///home/dhia/browser-fuzzer/Dissertation/logger/run_20250324_064826/round_079/mutations/mutated_0003.html (4596)
[211901:211901:0324/193027.333072:INFO:CONSOLE(4597)] "Uncaught SyntaxError: Invalid or unexpected token", source: file:///home/dhia/browser-fuzzer/Dissertation/logger/run_20250324_064826/round_079/mutations/mutated_0003.html (4597)
[211901:211901:0324/193027.339943:INFO:CONSOLE(4598)] "Uncaught SyntaxError: Invalid or unexpected token", source: file:///home/dhia/browser-fuzzer/Dissertation/logger/run_20250324_064826/round_079/mutations/mutated_0003.html (4598)
[211901:211901:0324/193027.345534:INFO:CONSOLE(4599)] "Uncaught SyntaxError: Invalid or unexpected token", source: file:///home/dhia/browser-fuzzer/Dissertation/logger/run_20250324_064826/round_079/mutations/mutated_0003.html (4599)
[211901:211901:0324/193027.654251:INFO:CONSOLE(4600)] "Uncaught SyntaxError: Invalid or unexpected token", source: file:///home/dhia/browser-fuzzer/Dissertation/logger/run_20250324_064826/round_079/mutations/mutated_0003.html (4600)
[211901:211901:0324/193027.666215:INFO:CONSOLE(4602)] "Uncaught SyntaxError: Invalid or unexpected token", source: file:///home/dhia/browser-fuzzer/Dissertation/logger/run_20250324_064826/round_079/mutations/mutated_0003.html (4602)
[211901:211901:0324/193027.933909:INFO:CONSOLE(4611)] "Uncaught SyntaxError: Invalid or unexpected token", source: file:///home/dhia/browser-fuzzer/Dissertation/logger/run_20250324_064826/round_079/mutations/mutated_0003.html (4611)
[211901:211901:0324/193027.952715:INFO:CONSOLE(4648)] "Uncaught SyntaxError: Invalid or unexpected token", source: file:///home/dhia/browser-fuzzer/Dissertation/logger/run_20250324_064826/round_079/mutations/mutated_0003.html (4648)
[211901:211901:0324/193028.311017:INFO:CONSOLE(4649)] "Uncaught SyntaxError: Invalid or unexpected token", source: file:///home/dhia/browser-fuzzer/Dissertation/logger/run_20250324_064826/round_079/mutations/mutated_0003.html (4649)
[211901:211901:0324/193028.325317:INFO:CONSOLE(4651)] "Uncaught SyntaxError: Invalid or unexpected token", source: file:///home/dhia/browser-fuzzer/Dissertation/logger/run_20250324_064826/round_079/mutations/mutated_0003.html (4651)
[211901:211901:0324/193028.574055:INFO:CONSOLE(4652)] "Uncaught SyntaxError: Invalid or unexpected token", source: file:///home/dhia/browser-fuzzer/Dissertation/logger/run_20250324_064826/round_079/mutations/mutated_0003.html (4652)
[211901:211901:0324/193028.581241:INFO:CONSOLE(4671)] "Uncaught SyntaxError: Invalid or unexpected token", source: file:///home/dhia/browser-fuzzer/Dissertation/logger/run_20250324_064826/round_079/mutations/mutated_0003.html (4671)
[211901:211901:0324/193028.822985:INFO:CONSOLE(4672)] "Uncaught SyntaxError: Invalid or unexpected token", source: file:///home/dhia/browser-fuzzer/Dissertation/logger/run_20250324_064826/round_079/mutations/mutated_0003.html (4672)
[211901:211901:0324/193028.833962:INFO:CONSOLE(4673)] "Uncaught SyntaxError: Invalid or unexpected token", source: file:///home/dhia/browser-fuzzer/Dissertation/logger/run_20250324_064826/round_079/mutations/mutated_0003.html (4673)
[211901:211901:0324/193029.157305:INFO:CONSOLE(4683)] "Uncaught SyntaxError: Invalid or unexpected token", source: file:///home/dhia/browser-fuzzer/Dissertation/logger/run_20250324_064826/round_079/mutations/mutated_0003.html (4683)
[211901:211901:0324/193029.165834:INFO:CONSOLE(4755)] "Uncaught SyntaxError: Invalid or unexpected token", source: file:///home/dhia/browser-fuzzer/Dissertation/logger/run_20250324_064826/round_079/mutations/mutated_0003.html (4755)
[211901:211901:0324/193029.174038:INFO:CONSOLE(4756)] "Uncaught SyntaxError: Invalid or unexpected token", source: file:///home/dhia/browser-fuzzer/Dissertation/logger/run_20250324_064826/round_079/mutations/mutated_0003.html (4756)
[211901:211901:0324/193030.644239:INFO:CONSOLE(4757)] "Uncaught SyntaxError: Invalid or unexpected token", source: file:///home/dhia/browser-fuzzer/Dissertation/logger/run_20250324_064826/round_079/mutations/mutated_0003.html (4757)
[211901:211901:0324/193030.659904:INFO:CONSOLE(4760)] "Uncaught SyntaxError: Invalid or unexpected token", source: file:///home/dhia/browser-fuzzer/Dissertation/logger/run_20250324_064826/round_079/mutations/mutated_0003.html (4760)
[211901:211901:0324/193030.677673:INFO:CONSOLE(4761)] "Uncaught SyntaxError: Invalid or unexpected token", source: file:///home/dhia/browser-fuzzer/Dissertation/logger/run_20250324_064826/round_079/mutations/mutated_0003.html (4761)
[211901:211901:0324/193030.962462:INFO:CONSOLE(4788)] "Uncaught SyntaxError: Invalid or unexpected token", source: file:///home/dhia/browser-fuzzer/Dissertation/logger/run_20250324_064826/round_079/mutations/mutated_0003.html (4788)
[211901:211901:0324/193030.969576:INFO:CONSOLE(4789)] "Uncaught SyntaxError: Invalid or unexpected token", source: file:///home/dhia/browser-fuzzer/Dissertation/logger/run_20250324_064826/round_079/mutations/mutated_0003.html (4789)
[211901:211901:0324/193030.983104:INFO:CONSOLE(4791)] "Uncaught SyntaxError: Invalid or unexpected token", source: file:///home/dhia/browser-fuzzer/Dissertation/logger/run_20250324_064826/round_079/mutations/mutated_0003.html (4791)
[211901:211901:0324/193031.340905:INFO:CONSOLE(4792)] "Uncaught SyntaxError: Invalid or unexpected token", source: file:///home/dhia/browser-fuzzer/Dissertation/logger/run_20250324_064826/round_079/mutations/mutated_0003.html (4792)
[211901:211901:0324/193031.345199:INFO:CONSOLE(4794)] "Uncaught SyntaxError: Invalid or unexpected token", source: file:///home/dhia/browser-fuzzer/Dissertation/logger/run_20250324_064826/round_079/mutations/mutated_0003.html (4794)
[211901:211901:0324/193031.352527:INFO:CONSOLE(4795)] "Uncaught SyntaxError: Invalid or unexpected token", source: file:///home/dhia/browser-fuzzer/Dissertation/logger/run_20250324_064826/round_079/mutations/mutated_0003.html (4795)
[211901:211901:0324/193031.625906:INFO:CONSOLE(4819)] "Uncaught SyntaxError: Invalid or unexpected token", source: file:///home/dhia/browser-fuzzer/Dissertation/logger/run_20250324_064826/round_079/mutations/mutated_0003.html (4819)
[211901:211901:0324/193031.631328:INFO:CONSOLE(4820)] "Uncaught SyntaxError: Invalid or unexpected token", source: file:///home/dhia/browser-fuzzer/Dissertation/logger/run_20250324_064826/round_079/mutations/mutated_0003.html (4820)
[211901:211901:0324/193031.964158:INFO:CONSOLE(4876)] "Uncaught SyntaxError: Invalid or unexpected token", source: file:///home/dhia/browser-fuzzer/Dissertation/logger/run_20250324_064826/round_079/mutations/mutated_0003.html (4876)
[211901:211901:0324/193031.977410:INFO:CONSOLE(4877)] "Uncaught SyntaxError: Invalid or unexpected token", source: file:///home/dhia/browser-fuzzer/Dissertation/logger/run_20250324_064826/round_079/mutations/mutated_0003.html (4877)
[211901:211901:0324/193031.985984:INFO:CONSOLE(4878)] "Uncaught SyntaxError: Invalid or unexpected token", source: file:///home/dhia/browser-fuzzer/Dissertation/logger/run_20250324_064826/round_079/mutations/mutated_0003.html (4878)
[211901:211901:0324/193032.345027:INFO:CONSOLE(4888)] "Uncaught SyntaxError: Invalid or unexpected token", source: file:///home/dhia/browser-fuzzer/Dissertation/logger/run_20250324_064826/round_079/mutations/mutated_0003.html (4888)
[211901:211901:0324/193032.359919:INFO:CONSOLE(4889)] "Uncaught SyntaxError: Invalid or unexpected token", source: file:///home/dhia/browser-fuzzer/Dissertation/logger/run_20250324_064826/round_079/mutations/mutated_0003.html (4889)
[211901:211901:0324/193032.370290:INFO:CONSOLE(4890)] "Uncaught SyntaxError: Invalid or unexpected token", source: file:///home/dhia/browser-fuzzer/Dissertation/logger/run_20250324_064826/round_079/mutations/mutated_0003.html (4890)
[211901:211901:0324/193032.619417:INFO:CONSOLE(4891)] "Uncaught SyntaxError: Invalid or unexpected token", source: file:///home/dhia/browser-fuzzer/Dissertation/logger/run_20250324_064826/round_079/mutations/mutated_0003.html (4891)
[211901:211901:0324/193032.626538:INFO:CONSOLE(4901)] "Uncaught SyntaxError: Invalid or unexpected token", source: file:///home/dhia/browser-fuzzer/Dissertation/logger/run_20250324_064826/round_079/mutations/mutated_0003.html (4901)
[211901:211901:0324/193032.860850:INFO:CONSOLE(4973)] "Uncaught SyntaxError: Invalid or unexpected token", source: file:///home/dhia/browser-fuzzer/Dissertation/logger/run_20250324_064826/round_079/mutations/mutated_0003.html (4973)
[211901:211901:0324/193032.891210:INFO:CONSOLE(4974)] "Uncaught SyntaxError: Invalid or unexpected token", source: file:///home/dhia/browser-fuzzer/Dissertation/logger/run_20250324_064826/round_079/mutations/mutated_0003.html (4974)
[211901:211901:0324/193034.342594:INFO:CONSOLE(4983)] "Uncaught SyntaxError: Invalid or unexpected token", source: file:///home/dhia/browser-fuzzer/Dissertation/logger/run_20250324_064826/round_079/mutations/mutated_0003.html (4983)
[211901:211901:0324/193034.346365:INFO:CONSOLE(5055)] "Uncaught SyntaxError: Invalid or unexpected token", source: file:///home/dhia/browser-fuzzer/Dissertation/logger/run_20250324_064826/round_079/mutations/mutated_0003.html (5055)
[211901:211901:0324/193034.359129:INFO:CONSOLE(5056)] "Uncaught SyntaxError: Invalid or unexpected token", source: file:///home/dhia/browser-fuzzer/Dissertation/logger/run_20250324_064826/round_079/mutations/mutated_0003.html (5056)
[211901:211901:0324/193036.013513:INFO:CONSOLE(5059)] "Uncaught SyntaxError: Invalid or unexpected token", source: file:///home/dhia/browser-fuzzer/Dissertation/logger/run_20250324_064826/round_079/mutations/mutated_0003.html (5059)
[211901:211901:0324/193036.031625:INFO:CONSOLE(5060)] "Uncaught SyntaxError: Invalid or unexpected token", source: file:///home/dhia/browser-fuzzer/Dissertation/logger/run_20250324_064826/round_079/mutations/mutated_0003.html (5060)
[211901:211901:0324/193036.041612:INFO:CONSOLE(5061)] "Uncaught SyntaxError: Invalid or unexpected token", source: file:///home/dhia/browser-fuzzer/Dissertation/logger/run_20250324_064826/round_079/mutations/mutated_0003.html (5061)
[211901:211901:0324/193036.400337:INFO:CONSOLE(5100)] "Uncaught SyntaxError: Invalid or unexpected token", source: file:///home/dhia/browser-fuzzer/Dissertation/logger/run_20250324_064826/round_079/mutations/mutated_0003.html (5100)
[211901:211901:0324/193036.407157:INFO:CONSOLE(5101)] "Uncaught SyntaxError: Invalid or unexpected token", source: file:///home/dhia/browser-fuzzer/Dissertation/logger/run_20250324_064826/round_079/mutations/mutated_0003.html (5101)
[211901:211901:0324/193036.414221:INFO:CONSOLE(5103)] "Uncaught SyntaxError: Invalid or unexpected token", source: file:///home/dhia/browser-fuzzer/Dissertation/logger/run_20250324_064826/round_079/mutations/mutated_0003.html (5103)
[211901:211901:0324/193036.739790:INFO:CONSOLE(5104)] "Uncaught SyntaxError: Invalid or unexpected token", source: file:///home/dhia/browser-fuzzer/Dissertation/logger/run_20250324_064826/round_079/mutations/mutated_0003.html (5104)
[211901:211901:0324/193036.745750:INFO:CONSOLE(5105)] "Uncaught SyntaxError: Invalid or unexpected token", source: file:///home/dhia/browser-fuzzer/Dissertation/logger/run_20250324_064826/round_079/mutations/mutated_0003.html (5105)
[211901:211901:0324/193036.752090:INFO:CONSOLE(5107)] "Uncaught SyntaxError: Invalid or unexpected token", source: file:///home/dhia/browser-fuzzer/Dissertation/logger/run_20250324_064826/round_079/mutations/mutated_0003.html (5107)
[211901:211901:0324/193037.105213:INFO:CONSOLE(5108)] "Uncaught SyntaxError: Invalid or unexpected token", source: file:///home/dhia/browser-fuzzer/Dissertation/logger/run_20250324_064826/round_079/mutations/mutated_0003.html (5108)
[211901:211901:0324/193037.392269:INFO:CONSOLE(5132)] "Uncaught SyntaxError: Invalid or unexpected token", source: file:///home/dhia/browser-fuzzer/Dissertation/logger/run_20250324_064826/round_079/mutations/mutated_0003.html (5132)
[211901:211901:0324/193037.397080:INFO:CONSOLE(5133)] "Uncaught SyntaxError: Invalid or unexpected token", source: file:///home/dhia/browser-fuzzer/Dissertation/logger/run_20250324_064826/round_079/mutations/mutated_0003.html (5133)
[211901:211901:0324/193037.658695:INFO:CONSOLE(5135)] "Uncaught SyntaxError: Invalid or unexpected token", source: file:///home/dhia/browser-fuzzer/Dissertation/logger/run_20250324_064826/round_079/mutations/mutated_0003.html (5135)
[211901:211901:0324/193037.663059:INFO:CONSOLE(5144)] "Uncaught SyntaxError: Invalid or unexpected token", source: file:///home/dhia/browser-fuzzer/Dissertation/logger/run_20250324_064826/round_079/mutations/mutated_0003.html (5144)
[211901:211901:0324/193037.926803:INFO:CONSOLE(5181)] "Uncaught SyntaxError: Invalid or unexpected token", source: file:///home/dhia/browser-fuzzer/Dissertation/logger/run_20250324_064826/round_079/mutations/mutated_0003.html (5181)
[211901:211901:0324/193037.937252:INFO:CONSOLE(5182)] "Uncaught SyntaxError: Invalid or unexpected token", source: file:///home/dhia/browser-fuzzer/Dissertation/logger/run_20250324_064826/round_079/mutations/mutated_0003.html (5182)
[211901:211901:0324/193037.945174:INFO:CONSOLE(5183)] "Uncaught SyntaxError: Invalid or unexpected token", source: file:///home/dhia/browser-fuzzer/Dissertation/logger/run_20250324_064826/round_079/mutations/mutated_0003.html (5183)
[211901:211901:0324/193038.467365:INFO:CONSOLE(5202)] "Uncaught SyntaxError: Invalid or unexpected token", source: file:///home/dhia/browser-fuzzer/Dissertation/logger/run_20250324_064826/round_079/mutations/mutated_0003.html (5202)
[211901:211901:0324/193038.478915:INFO:CONSOLE(5203)] "Uncaught SyntaxError: Invalid or unexpected token", source: file:///home/dhia/browser-fuzzer/Dissertation/logger/run_20250324_064826/round_079/mutations/mutated_0003.html (5203)
[211901:211901:0324/193038.484145:INFO:CONSOLE(5205)] "Uncaught SyntaxError: Invalid or unexpected token", source: file:///home/dhia/browser-fuzzer/Dissertation/logger/run_20250324_064826/round_079/mutations/mutated_0003.html (5205)
[211901:211901:0324/193038.745556:INFO:CONSOLE(5206)] "Uncaught SyntaxError: Invalid or unexpected token", source: file:///home/dhia/browser-fuzzer/Dissertation/logger/run_20250324_064826/round_079/mutations/mutated_0003.html (5206)
[211901:211901:0324/193038.749061:INFO:CONSOLE(5207)] "Uncaught SyntaxError: Invalid or unexpected token", source: file:///home/dhia/browser-fuzzer/Dissertation/logger/run_20250324_064826/round_079/mutations/mutated_0003.html (5207)
[211901:211901:0324/193038.759005:INFO:CONSOLE(5221)] "Uncaught SyntaxError: Invalid or unexpected token", source: file:///home/dhia/browser-fuzzer/Dissertation/logger/run_20250324_064826/round_079/mutations/mutated_0003.html (5221)
[211901:211901:0324/193039.043744:INFO:CONSOLE(5222)] "Uncaught SyntaxError: Invalid or unexpected token", source: file:///home/dhia/browser-fuzzer/Dissertation/logger/run_20250324_064826/round_079/mutations/mutated_0003.html (5222)
[211901:211901:0324/193039.052857:INFO:CONSOLE(5223)] "Uncaught SyntaxError: Invalid or unexpected token", source: file:///home/dhia/browser-fuzzer/Dissertation/logger/run_20250324_064826/round_079/mutations/mutated_0003.html (5223)
[211901:211901:0324/193039.347435:INFO:CONSOLE(5257)] "Uncaught SyntaxError: Invalid or unexpected token", source: file:///home/dhia/browser-fuzzer/Dissertation/logger/run_20250324_064826/round_079/mutations/mutated_0003.html (5257)
[211901:211901:0324/193039.359337:INFO:CONSOLE(5258)] "Uncaught SyntaxError: Invalid or unexpected token", source: file:///home/dhia/browser-fuzzer/Dissertation/logger/run_20250324_064826/round_079/mutations/mutated_0003.html (5258)
[211901:211901:0324/193039.710404:INFO:CONSOLE(5352)] "Uncaught SyntaxError: Invalid or unexpected token", source: file:///home/dhia/browser-fuzzer/Dissertation/logger/run_20250324_064826/round_079/mutations/mutated_0003.html (5352)
[211901:211901:0324/193039.730614:INFO:CONSOLE(5424)] "Uncaught SyntaxError: Invalid or unexpected token", source: file:///home/dhia/browser-fuzzer/Dissertation/logger/run_20250324_064826/round_079/mutations/mutated_0003.html (5424)
[211901:211901:0324/193039.740885:INFO:CONSOLE(5425)] "Uncaught SyntaxError: Invalid or unexpected token", source: file:///home/dhia/browser-fuzzer/Dissertation/logger/run_20250324_064826/round_079/mutations/mutated_0003.html (5425)
[211901:211901:0324/193042.147888:INFO:CONSOLE(5591)] "Uncaught SyntaxError: Invalid or unexpected token", source: file:///home/dhia/browser-fuzzer/Dissertation/logger/run_20250324_064826/round_079/mutations/mutated_0003.html (5591)
[211901:211901:0324/193042.160222:INFO:CONSOLE(5592)] "Uncaught SyntaxError: Invalid or unexpected token", source: file:///home/dhia/browser-fuzzer/Dissertation/logger/run_20250324_064826/round_079/mutations/mutated_0003.html (5592)
[211901:211901:0324/193042.170045:INFO:CONSOLE(5593)] "Uncaught SyntaxError: Invalid or unexpected token", source: file:///home/dhia/browser-fuzzer/Dissertation/logger/run_20250324_064826/round_079/mutations/mutated_0003.html (5593)
[211901:211901:0324/193044.112564:INFO:CONSOLE(5616)] "Uncaught SyntaxError: Invalid or unexpected token", source: file:///home/dhia/browser-fuzzer/Dissertation/logger/run_20250324_064826/round_079/mutations/mutated_0003.html (5616)
[211901:211901:0324/193044.508839:INFO:CONSOLE(5677)] "Uncaught SyntaxError: Invalid or unexpected token", source: file:///home/dhia/browser-fuzzer/Dissertation/logger/run_20250324_064826/round_079/mutations/mutated_0003.html (5677)
[211901:211901:0324/193044.987683:INFO:CONSOLE(5753)] "Uncaught SyntaxError: Invalid or unexpected token", source: file:///home/dhia/browser-fuzzer/Dissertation/logger/run_20250324_064826/round_079/mutations/mutated_0003.html (5753)
[211901:211901:0324/193044.997359:INFO:CONSOLE(5754)] "Uncaught SyntaxError: Invalid or unexpected token", source: file:///home/dhia/browser-fuzzer/Dissertation/logger/run_20250324_064826/round_079/mutations/mutated_0003.html (5754)
[211901:211901:0324/193045.345441:INFO:CONSOLE(5761)] "Uncaught SyntaxError: Invalid or unexpected token", source: file:///home/dhia/browser-fuzzer/Dissertation/logger/run_20250324_064826/round_079/mutations/mutated_0003.html (5761)
[211901:211901:0324/193045.357375:INFO:CONSOLE(5762)] "Uncaught SyntaxError: Invalid or unexpected token", source: file:///home/dhia/browser-fuzzer/Dissertation/logger/run_20250324_064826/round_079/mutations/mutated_0003.html (5762)
[211901:211901:0324/193045.640249:INFO:CONSOLE(5784)] "Uncaught SyntaxError: Invalid or unexpected token", source: file:///home/dhia/browser-fuzzer/Dissertation/logger/run_20250324_064826/round_079/mutations/mutated_0003.html (5784)
[211901:211901:0324/193045.651633:INFO:CONSOLE(5788)] "Uncaught SyntaxError: Invalid or unexpected token", source: file:///home/dhia/browser-fuzzer/Dissertation/logger/run_20250324_064826/round_079/mutations/mutated_0003.html (5788)
[211901:211901:0324/193045.968974:INFO:CONSOLE(5795)] "Uncaught SyntaxError: Invalid or unexpected token", source: file:///home/dhia/browser-fuzzer/Dissertation/logger/run_20250324_064826/round_079/mutations/mutated_0003.html (5795)
[211901:211901:0324/193046.370403:INFO:CONSOLE(5796)] "Uncaught SyntaxError: Invalid or unexpected token", source: file:///home/dhia/browser-fuzzer/Dissertation/logger/run_20250324_064826/round_079/mutations/mutated_0003.html (5796)
[211901:211901:0324/193046.751808:INFO:CONSOLE(5804)] "Uncaught SyntaxError: Invalid or unexpected token", source: file:///home/dhia/browser-fuzzer/Dissertation/logger/run_20250324_064826/round_079/mutations/mutated_0003.html (5804)
[211901:211901:0324/193046.760469:INFO:CONSOLE(5805)] "Uncaught SyntaxError: Invalid or unexpected token", source: file:///home/dhia/browser-fuzzer/Dissertation/logger/run_20250324_064826/round_079/mutations/mutated_0003.html (5805)
[211901:211901:0324/193047.114117:INFO:CONSOLE(5808)] "Uncaught SyntaxError: Invalid or unexpected token", source: file:///home/dhia/browser-fuzzer/Dissertation/logger/run_20250324_064826/round_079/mutations/mutated_0003.html (5808)
[211901:211901:0324/193047.138311:INFO:CONSOLE(5811)] "Uncaught SyntaxError: Invalid or unexpected token", source: file:///home/dhia/browser-fuzzer/Dissertation/logger/run_20250324_064826/round_079/mutations/mutated_0003.html (5811)
[211901:211901:0324/193047.912097:ERROR:background_mode_manager_aura.cc(12)] Not implemented reached in virtual void BackgroundModeManager::EnableLaunchOnStartup(bool)
[211901:211901:0324/193048.189058:ERROR:kill_posix.cc(33)] waitpid(211976): No child processes (10)
[211901:211931:0324/193048.211736:WARNING:discardable_shared_memory_manager.cc(452)] Some MojoDiscardableSharedMemoryManagerImpls are still alive. They will be leaked.
