[145669:145669:0324/151534.589689:ERROR:cursor_factory.cc(96)] Not implemented reached in virtual void ui::CursorFactory::ObserveThemeChanges()
[145669:145669:0324/151535.167368:WARNING:account_consistency_mode_manager.cc(72)] Desktop Identity Consistency cannot be enabled as no OAuth client ID and client secret have been configured.
[145726:145726:0324/151535.238673:WARNING:sandbox_linux.cc(415)] InitializeSandbox() called with multiple threads in process gpu-process.
[145726:145726:0324/151535.266699:WARNING:viz_main_impl.cc(85)] VizNullHypothesis is disabled (not a warning)
[145737:145737:0324/151535.382132:WARNING:sandbox_linux.cc(415)] InitializeSandbox() called with multiple threads in process gpu-process.
[145737:145737:0324/151535.402948:WARNING:viz_main_impl.cc(85)] VizNullHypothesis is disabled (not a warning)
[145669:145669:0324/151536.586357:ERROR:platform_screen.cc(45)] Not implemented reached in virtual bool ui::PlatformScreen::IsScreenSaverActive() const
[145669:145669:0324/151536.586479:ERROR:platform_screen.cc(50)] Not implemented reached in virtual base::TimeDelta ui::PlatformScreen::CalculateIdleTime() const
[145669:145669:0324/151536.590303:WARNING:compose_enabling.cc(64)] Couldn't get country info.
[145669:145669:0324/151549.639804:INFO:CONSOLE(67)] "Uncaught SyntaxError: Invalid or unexpected token", source: file:///home/dhia/browser-fuzzer/Dissertation/logger/run_20250324_064826/round_049/mutations/mutated_0003.html (67)
[145669:145669:0324/151549.644113:INFO:CONSOLE(68)] "Uncaught SyntaxError: Invalid or unexpected token", source: file:///home/dhia/browser-fuzzer/Dissertation/logger/run_20250324_064826/round_049/mutations/mutated_0003.html (68)
[145669:145669:0324/151549.650608:INFO:CONSOLE(69)] "Uncaught SyntaxError: Invalid or unexpected token", source: file:///home/dhia/browser-fuzzer/Dissertation/logger/run_20250324_064826/round_049/mutations/mutated_0003.html (69)
[145669:145669:0324/151549.654639:INFO:CONSOLE(70)] "Uncaught SyntaxError: Invalid or unexpected token", source: file:///home/dhia/browser-fuzzer/Dissertation/logger/run_20250324_064826/round_049/mutations/mutated_0003.html (70)
[145669:145669:0324/151549.657888:INFO:CONSOLE(71)] "Uncaught SyntaxError: Invalid or unexpected token", source: file:///home/dhia/browser-fuzzer/Dissertation/logger/run_20250324_064826/round_049/mutations/mutated_0003.html (71)
[145669:145669:0324/151549.708999:INFO:CONSOLE(73)] "Uncaught SyntaxError: Invalid or unexpected token", source: file:///home/dhia/browser-fuzzer/Dissertation/logger/run_20250324_064826/round_049/mutations/mutated_0003.html (73)
[145669:145669:0324/151549.723141:INFO:CONSOLE(74)] "Uncaught SyntaxError: Invalid or unexpected token", source: file:///home/dhia/browser-fuzzer/Dissertation/logger/run_20250324_064826/round_049/mutations/mutated_0003.html (74)
[145669:145669:0324/151549.741091:INFO:CONSOLE(79)] "Uncaught SyntaxError: Invalid or unexpected token", source: file:///home/dhia/browser-fuzzer/Dissertation/logger/run_20250324_064826/round_049/mutations/mutated_0003.html (79)
[145669:145669:0324/151549.746702:INFO:CONSOLE(92)] "Uncaught SyntaxError: Invalid or unexpected token", source: file:///home/dhia/browser-fuzzer/Dissertation/logger/run_20250324_064826/round_049/mutations/mutated_0003.html (92)
[145669:145669:0324/151549.758353:INFO:CONSOLE(94)] "Uncaught SyntaxError: Invalid or unexpected token", source: file:///home/dhia/browser-fuzzer/Dissertation/logger/run_20250324_064826/round_049/mutations/mutated_0003.html (94)
[145669:145669:0324/151549.766556:INFO:CONSOLE(95)] "Uncaught SyntaxError: Invalid or unexpected token", source: file:///home/dhia/browser-fuzzer/Dissertation/logger/run_20250324_064826/round_049/mutations/mutated_0003.html (95)
[145669:145669:0324/151549.771049:INFO:CONSOLE(97)] "Uncaught SyntaxError: Invalid or unexpected token", source: file:///home/dhia/browser-fuzzer/Dissertation/logger/run_20250324_064826/round_049/mutations/mutated_0003.html (97)
[145669:145669:0324/151549.774291:INFO:CONSOLE(98)] "Uncaught SyntaxError: Invalid or unexpected token", source: file:///home/dhia/browser-fuzzer/Dissertation/logger/run_20250324_064826/round_049/mutations/mutated_0003.html (98)
[145669:145669:0324/151549.778072:INFO:CONSOLE(100)] "Uncaught SyntaxError: Invalid or unexpected token", source: file:///home/dhia/browser-fuzzer/Dissertation/logger/run_20250324_064826/round_049/mutations/mutated_0003.html (100)
[145669:145669:0324/151549.781867:INFO:CONSOLE(101)] "Uncaught SyntaxError: Invalid or unexpected token", source: file:///home/dhia/browser-fuzzer/Dissertation/logger/run_20250324_064826/round_049/mutations/mutated_0003.html (101)
[145669:145669:0324/151549.785974:INFO:CONSOLE(103)] "Uncaught SyntaxError: Invalid or unexpected token", source: file:///home/dhia/browser-fuzzer/Dissertation/logger/run_20250324_064826/round_049/mutations/mutated_0003.html (103)
[145669:145669:0324/151549.794253:INFO:CONSOLE(104)] "Uncaught SyntaxError: Invalid or unexpected token", source: file:///home/dhia/browser-fuzzer/Dissertation/logger/run_20250324_064826/round_049/mutations/mutated_0003.html (104)
[145669:145669:0324/151549.798859:INFO:CONSOLE(141)] "Uncaught SyntaxError: Invalid or unexpected token", source: file:///home/dhia/browser-fuzzer/Dissertation/logger/run_20250324_064826/round_049/mutations/mutated_0003.html (141)
[145669:145669:0324/151549.802296:INFO:CONSOLE(142)] "Uncaught SyntaxError: Invalid or unexpected token", source: file:///home/dhia/browser-fuzzer/Dissertation/logger/run_20250324_064826/round_049/mutations/mutated_0003.html (142)
[145669:145669:0324/151549.806206:INFO:CONSOLE(144)] "Uncaught SyntaxError: Invalid or unexpected token", source: file:///home/dhia/browser-fuzzer/Dissertation/logger/run_20250324_064826/round_049/mutations/mutated_0003.html (144)
[145669:145669:0324/151549.809266:INFO:CONSOLE(145)] "Uncaught SyntaxError: Invalid or unexpected token", source: file:///home/dhia/browser-fuzzer/Dissertation/logger/run_20250324_064826/round_049/mutations/mutated_0003.html (145)
[145669:145669:0324/151549.812947:INFO:CONSOLE(146)] "Uncaught SyntaxError: Invalid or unexpected token", source: file:///home/dhia/browser-fuzzer/Dissertation/logger/run_20250324_064826/round_049/mutations/mutated_0003.html (146)
[145669:145669:0324/151549.816489:INFO:CONSOLE(153)] "Uncaught SyntaxError: Invalid or unexpected token", source: file:///home/dhia/browser-fuzzer/Dissertation/logger/run_20250324_064826/round_049/mutations/mutated_0003.html (153)
[145669:145669:0324/151549.820432:INFO:CONSOLE(154)] "Uncaught SyntaxError: Invalid or unexpected token", source: file:///home/dhia/browser-fuzzer/Dissertation/logger/run_20250324_064826/round_049/mutations/mutated_0003.html (154)
[145669:145669:0324/151549.823766:INFO:CONSOLE(155)] "Uncaught SyntaxError: Invalid or unexpected token", source: file:///home/dhia/browser-fuzzer/Dissertation/logger/run_20250324_064826/round_049/mutations/mutated_0003.html (155)
[145669:145669:0324/151549.826629:INFO:CONSOLE(156)] "Uncaught SyntaxError: Invalid or unexpected token", source: file:///home/dhia/browser-fuzzer/Dissertation/logger/run_20250324_064826/round_049/mutations/mutated_0003.html (156)
[145669:145669:0324/151549.830500:INFO:CONSOLE(157)] "Uncaught SyntaxError: Invalid or unexpected token", source: file:///home/dhia/browser-fuzzer/Dissertation/logger/run_20250324_064826/round_049/mutations/mutated_0003.html (157)
[145669:145669:0324/151549.834527:INFO:CONSOLE(194)] "Uncaught SyntaxError: Invalid or unexpected token", source: file:///home/dhia/browser-fuzzer/Dissertation/logger/run_20250324_064826/round_049/mutations/mutated_0003.html (194)
[145669:145669:0324/151549.838444:INFO:CONSOLE(195)] "Uncaught SyntaxError: Invalid or unexpected token", source: file:///home/dhia/browser-fuzzer/Dissertation/logger/run_20250324_064826/round_049/mutations/mutated_0003.html (195)
[145669:145669:0324/151549.842413:INFO:CONSOLE(196)] "Uncaught SyntaxError: Invalid or unexpected token", source: file:///home/dhia/browser-fuzzer/Dissertation/logger/run_20250324_064826/round_049/mutations/mutated_0003.html (196)
[145669:145669:0324/151549.846405:INFO:CONSOLE(197)] "Uncaught SyntaxError: Invalid or unexpected token", source: file:///home/dhia/browser-fuzzer/Dissertation/logger/run_20250324_064826/round_049/mutations/mutated_0003.html (197)
[145669:145669:0324/151549.850408:INFO:CONSOLE(198)] "Uncaught SyntaxError: Invalid or unexpected token", source: file:///home/dhia/browser-fuzzer/Dissertation/logger/run_20250324_064826/round_049/mutations/mutated_0003.html (198)
[145669:145669:0324/151549.853439:INFO:CONSOLE(200)] "Uncaught SyntaxError: Invalid or unexpected token", source: file:///home/dhia/browser-fuzzer/Dissertation/logger/run_20250324_064826/round_049/mutations/mutated_0003.html (200)
[145669:145669:0324/151549.864542:INFO:CONSOLE(201)] "Uncaught SyntaxError: Invalid or unexpected token", source: file:///home/dhia/browser-fuzzer/Dissertation/logger/run_20250324_064826/round_049/mutations/mutated_0003.html (201)
[145669:145669:0324/151549.871341:INFO:CONSOLE(230)] "Uncaught SyntaxError: Invalid or unexpected token", source: file:///home/dhia/browser-fuzzer/Dissertation/logger/run_20250324_064826/round_049/mutations/mutated_0003.html (230)
[145669:145669:0324/151549.918095:INFO:CONSOLE(243)] "Uncaught SyntaxError: Invalid or unexpected token", source: file:///home/dhia/browser-fuzzer/Dissertation/logger/run_20250324_064826/round_049/mutations/mutated_0003.html (243)
[145669:145669:0324/151549.930168:INFO:CONSOLE(245)] "Uncaught SyntaxError: Invalid or unexpected token", source: file:///home/dhia/browser-fuzzer/Dissertation/logger/run_20250324_064826/round_049/mutations/mutated_0003.html (245)
[145669:145669:0324/151549.951361:INFO:CONSOLE(246)] "Uncaught SyntaxError: Invalid or unexpected token", source: file:///home/dhia/browser-fuzzer/Dissertation/logger/run_20250324_064826/round_049/mutations/mutated_0003.html (246)
[145669:145669:0324/151549.956814:INFO:CONSOLE(248)] "Uncaught SyntaxError: Invalid or unexpected token", source: file:///home/dhia/browser-fuzzer/Dissertation/logger/run_20250324_064826/round_049/mutations/mutated_0003.html (248)
[145669:145669:0324/151549.962007:INFO:CONSOLE(249)] "Uncaught SyntaxError: Invalid or unexpected token", source: file:///home/dhia/browser-fuzzer/Dissertation/logger/run_20250324_064826/round_049/mutations/mutated_0003.html (249)
[145669:145669:0324/151549.971233:INFO:CONSOLE(251)] "Uncaught SyntaxError: Invalid or unexpected token", source: file:///home/dhia/browser-fuzzer/Dissertation/logger/run_20250324_064826/round_049/mutations/mutated_0003.html (251)
[145669:145669:0324/151549.974667:INFO:CONSOLE(252)] "Uncaught SyntaxError: Invalid or unexpected token", source: file:///home/dhia/browser-fuzzer/Dissertation/logger/run_20250324_064826/round_049/mutations/mutated_0003.html (252)
[145669:145669:0324/151549.982397:INFO:CONSOLE(254)] "Uncaught SyntaxError: Invalid or unexpected token", source: file:///home/dhia/browser-fuzzer/Dissertation/logger/run_20250324_064826/round_049/mutations/mutated_0003.html (254)
[145669:145669:0324/151549.988444:INFO:CONSOLE(255)] "Uncaught SyntaxError: Invalid or unexpected token", source: file:///home/dhia/browser-fuzzer/Dissertation/logger/run_20250324_064826/round_049/mutations/mutated_0003.html (255)
[145669:145669:0324/151549.992201:INFO:CONSOLE(292)] "Uncaught SyntaxError: Invalid or unexpected token", source: file:///home/dhia/browser-fuzzer/Dissertation/logger/run_20250324_064826/round_049/mutations/mutated_0003.html (292)
[145669:145669:0324/151550.178815:INFO:CONSOLE(293)] "Uncaught SyntaxError: Invalid or unexpected token", source: file:///home/dhia/browser-fuzzer/Dissertation/logger/run_20250324_064826/round_049/mutations/mutated_0003.html (293)
[145669:145669:0324/151550.184375:INFO:CONSOLE(295)] "Uncaught SyntaxError: Invalid or unexpected token", source: file:///home/dhia/browser-fuzzer/Dissertation/logger/run_20250324_064826/round_049/mutations/mutated_0003.html (295)
[145669:145669:0324/151550.210058:INFO:CONSOLE(296)] "Uncaught SyntaxError: Invalid or unexpected token", source: file:///home/dhia/browser-fuzzer/Dissertation/logger/run_20250324_064826/round_049/mutations/mutated_0003.html (296)
[145669:145669:0324/151550.216024:INFO:CONSOLE(297)] "Uncaught SyntaxError: Invalid or unexpected token", source: file:///home/dhia/browser-fuzzer/Dissertation/logger/run_20250324_064826/round_049/mutations/mutated_0003.html (297)
[145669:145669:0324/151550.237982:INFO:CONSOLE(304)] "Uncaught SyntaxError: Invalid or unexpected token", source: file:///home/dhia/browser-fuzzer/Dissertation/logger/run_20250324_064826/round_049/mutations/mutated_0003.html (304)
[145669:145669:0324/151550.247692:INFO:CONSOLE(305)] "Uncaught SyntaxError: Invalid or unexpected token", source: file:///home/dhia/browser-fuzzer/Dissertation/logger/run_20250324_064826/round_049/mutations/mutated_0003.html (305)
[145669:145669:0324/151550.306978:INFO:CONSOLE(306)] "Uncaught SyntaxError: Invalid or unexpected token", source: file:///home/dhia/browser-fuzzer/Dissertation/logger/run_20250324_064826/round_049/mutations/mutated_0003.html (306)
[145669:145669:0324/151550.314836:INFO:CONSOLE(307)] "Uncaught SyntaxError: Invalid or unexpected token", source: file:///home/dhia/browser-fuzzer/Dissertation/logger/run_20250324_064826/round_049/mutations/mutated_0003.html (307)
[145669:145669:0324/151550.318759:INFO:CONSOLE(308)] "Uncaught SyntaxError: Invalid or unexpected token", source: file:///home/dhia/browser-fuzzer/Dissertation/logger/run_20250324_064826/round_049/mutations/mutated_0003.html (308)
[145669:145669:0324/151550.379496:INFO:CONSOLE(345)] "Uncaught SyntaxError: Invalid or unexpected token", source: file:///home/dhia/browser-fuzzer/Dissertation/logger/run_20250324_064826/round_049/mutations/mutated_0003.html (345)
[145669:145669:0324/151550.389511:INFO:CONSOLE(346)] "Uncaught SyntaxError: Invalid or unexpected token", source: file:///home/dhia/browser-fuzzer/Dissertation/logger/run_20250324_064826/round_049/mutations/mutated_0003.html (346)
[145669:145669:0324/151550.396283:INFO:CONSOLE(348)] "Uncaught SyntaxError: Invalid or unexpected token", source: file:///home/dhia/browser-fuzzer/Dissertation/logger/run_20250324_064826/round_049/mutations/mutated_0003.html (348)
[145669:145669:0324/151550.474967:INFO:CONSOLE(349)] "Uncaught SyntaxError: Invalid or unexpected token", source: file:///home/dhia/browser-fuzzer/Dissertation/logger/run_20250324_064826/round_049/mutations/mutated_0003.html (349)
[145669:145669:0324/151550.486851:INFO:CONSOLE(354)] "Uncaught SyntaxError: Invalid or unexpected token", source: file:///home/dhia/browser-fuzzer/Dissertation/logger/run_20250324_064826/round_049/mutations/mutated_0003.html (354)
[145669:145669:0324/151550.543386:INFO:CONSOLE(367)] "Uncaught SyntaxError: Invalid or unexpected token", source: file:///home/dhia/browser-fuzzer/Dissertation/logger/run_20250324_064826/round_049/mutations/mutated_0003.html (367)
[145669:145669:0324/151550.555273:INFO:CONSOLE(369)] "Uncaught SyntaxError: Invalid or unexpected token", source: file:///home/dhia/browser-fuzzer/Dissertation/logger/run_20250324_064826/round_049/mutations/mutated_0003.html (369)
[145669:145669:0324/151550.564895:INFO:CONSOLE(370)] "Uncaught SyntaxError: Invalid or unexpected token", source: file:///home/dhia/browser-fuzzer/Dissertation/logger/run_20250324_064826/round_049/mutations/mutated_0003.html (370)
[145669:145669:0324/151550.620020:INFO:CONSOLE(372)] "Uncaught SyntaxError: Invalid or unexpected token", source: file:///home/dhia/browser-fuzzer/Dissertation/logger/run_20250324_064826/round_049/mutations/mutated_0003.html (372)
[145669:145669:0324/151550.634252:INFO:CONSOLE(373)] "Uncaught SyntaxError: Invalid or unexpected token", source: file:///home/dhia/browser-fuzzer/Dissertation/logger/run_20250324_064826/round_049/mutations/mutated_0003.html (373)
[145669:145669:0324/151550.646374:INFO:CONSOLE(375)] "Uncaught SyntaxError: Invalid or unexpected token", source: file:///home/dhia/browser-fuzzer/Dissertation/logger/run_20250324_064826/round_049/mutations/mutated_0003.html (375)
[145669:145669:0324/151550.684517:INFO:CONSOLE(376)] "Uncaught SyntaxError: Invalid or unexpected token", source: file:///home/dhia/browser-fuzzer/Dissertation/logger/run_20250324_064826/round_049/mutations/mutated_0003.html (376)
[145669:145669:0324/151550.694491:INFO:CONSOLE(378)] "Uncaught SyntaxError: Invalid or unexpected token", source: file:///home/dhia/browser-fuzzer/Dissertation/logger/run_20250324_064826/round_049/mutations/mutated_0003.html (378)
[145669:145669:0324/151550.747292:INFO:CONSOLE(379)] "Uncaught SyntaxError: Invalid or unexpected token", source: file:///home/dhia/browser-fuzzer/Dissertation/logger/run_20250324_064826/round_049/mutations/mutated_0003.html (379)
[145669:145669:0324/151550.766777:INFO:CONSOLE(416)] "Uncaught SyntaxError: Invalid or unexpected token", source: file:///home/dhia/browser-fuzzer/Dissertation/logger/run_20250324_064826/round_049/mutations/mutated_0003.html (416)
[145669:145669:0324/151550.851652:INFO:CONSOLE(417)] "Uncaught SyntaxError: Invalid or unexpected token", source: file:///home/dhia/browser-fuzzer/Dissertation/logger/run_20250324_064826/round_049/mutations/mutated_0003.html (417)
[145669:145669:0324/151550.865732:INFO:CONSOLE(419)] "Uncaught SyntaxError: Invalid or unexpected token", source: file:///home/dhia/browser-fuzzer/Dissertation/logger/run_20250324_064826/round_049/mutations/mutated_0003.html (419)
[145669:145669:0324/151550.932695:INFO:CONSOLE(420)] "Uncaught SyntaxError: Invalid or unexpected token", source: file:///home/dhia/browser-fuzzer/Dissertation/logger/run_20250324_064826/round_049/mutations/mutated_0003.html (420)
[145669:145669:0324/151550.937584:INFO:CONSOLE(421)] "Uncaught SyntaxError: Invalid or unexpected token", source: file:///home/dhia/browser-fuzzer/Dissertation/logger/run_20250324_064826/round_049/mutations/mutated_0003.html (421)
[145669:145669:0324/151550.948226:INFO:CONSOLE(422)] "Uncaught SyntaxError: Invalid or unexpected token", source: file:///home/dhia/browser-fuzzer/Dissertation/logger/run_20250324_064826/round_049/mutations/mutated_0003.html (422)
[145669:145669:0324/151550.987952:INFO:CONSOLE(423)] "Uncaught SyntaxError: Invalid or unexpected token", source: file:///home/dhia/browser-fuzzer/Dissertation/logger/run_20250324_064826/round_049/mutations/mutated_0003.html (423)
[145669:145669:0324/151550.992590:INFO:CONSOLE(424)] "Uncaught SyntaxError: Invalid or unexpected token", source: file:///home/dhia/browser-fuzzer/Dissertation/logger/run_20250324_064826/round_049/mutations/mutated_0003.html (424)
[145669:145669:0324/151551.038386:INFO:CONSOLE(425)] "Uncaught SyntaxError: Invalid or unexpected token", source: file:///home/dhia/browser-fuzzer/Dissertation/logger/run_20250324_064826/round_049/mutations/mutated_0003.html (425)
[145669:145669:0324/151551.066951:INFO:CONSOLE(442)] "Uncaught SyntaxError: Invalid or unexpected token", source: file:///home/dhia/browser-fuzzer/Dissertation/logger/run_20250324_064826/round_049/mutations/mutated_0003.html (442)
[145669:145669:0324/151551.138016:INFO:CONSOLE(443)] "Uncaught SyntaxError: Invalid or unexpected token", source: file:///home/dhia/browser-fuzzer/Dissertation/logger/run_20250324_064826/round_049/mutations/mutated_0003.html (443)
[145669:145669:0324/151551.156492:INFO:CONSOLE(450)] "Uncaught SyntaxError: Invalid or unexpected token", source: file:///home/dhia/browser-fuzzer/Dissertation/logger/run_20250324_064826/round_049/mutations/mutated_0003.html (450)
[145669:145669:0324/151551.228093:INFO:CONSOLE(451)] "Uncaught SyntaxError: Invalid or unexpected token", source: file:///home/dhia/browser-fuzzer/Dissertation/logger/run_20250324_064826/round_049/mutations/mutated_0003.html (451)
[145669:145669:0324/151551.235016:INFO:CONSOLE(452)] "Uncaught SyntaxError: Invalid or unexpected token", source: file:///home/dhia/browser-fuzzer/Dissertation/logger/run_20250324_064826/round_049/mutations/mutated_0003.html (452)
[145669:145669:0324/151551.238723:INFO:CONSOLE(453)] "Uncaught SyntaxError: Invalid or unexpected token", source: file:///home/dhia/browser-fuzzer/Dissertation/logger/run_20250324_064826/round_049/mutations/mutated_0003.html (453)
[145669:145669:0324/151551.317674:INFO:CONSOLE(454)] "Uncaught SyntaxError: Invalid or unexpected token", source: file:///home/dhia/browser-fuzzer/Dissertation/logger/run_20250324_064826/round_049/mutations/mutated_0003.html (454)
[145669:145669:0324/151551.326000:INFO:CONSOLE(455)] "Uncaught SyntaxError: Invalid or unexpected token", source: file:///home/dhia/browser-fuzzer/Dissertation/logger/run_20250324_064826/round_049/mutations/mutated_0003.html (455)
[145669:145669:0324/151551.408308:INFO:CONSOLE(456)] "Uncaught SyntaxError: Invalid or unexpected token", source: file:///home/dhia/browser-fuzzer/Dissertation/logger/run_20250324_064826/round_049/mutations/mutated_0003.html (456)
[145669:145669:0324/151551.436570:INFO:CONSOLE(464)] "Uncaught SyntaxError: Invalid or unexpected token", source: file:///home/dhia/browser-fuzzer/Dissertation/logger/run_20250324_064826/round_049/mutations/mutated_0003.html (464)
[145669:145669:0324/151551.516235:INFO:CONSOLE(468)] "Uncaught SyntaxError: Invalid or unexpected token", source: file:///home/dhia/browser-fuzzer/Dissertation/logger/run_20250324_064826/round_049/mutations/mutated_0003.html (468)
[145669:145669:0324/151551.531693:INFO:CONSOLE(469)] "Uncaught SyntaxError: Invalid or unexpected token", source: file:///home/dhia/browser-fuzzer/Dissertation/logger/run_20250324_064826/round_049/mutations/mutated_0003.html (469)
[145669:145669:0324/151551.542266:INFO:CONSOLE(473)] "Uncaught SyntaxError: Invalid or unexpected token", source: file:///home/dhia/browser-fuzzer/Dissertation/logger/run_20250324_064826/round_049/mutations/mutated_0003.html (473)
[145669:145669:0324/151551.551930:INFO:CONSOLE(474)] "Uncaught SyntaxError: Invalid or unexpected token", source: file:///home/dhia/browser-fuzzer/Dissertation/logger/run_20250324_064826/round_049/mutations/mutated_0003.html (474)
[145669:145669:0324/151551.559045:INFO:CONSOLE(475)] "Uncaught SyntaxError: Invalid or unexpected token", source: file:///home/dhia/browser-fuzzer/Dissertation/logger/run_20250324_064826/round_049/mutations/mutated_0003.html (475)
[145669:145669:0324/151551.576610:INFO:CONSOLE(476)] "Uncaught SyntaxError: Invalid or unexpected token", source: file:///home/dhia/browser-fuzzer/Dissertation/logger/run_20250324_064826/round_049/mutations/mutated_0003.html (476)
[145669:145669:0324/151551.585844:INFO:CONSOLE(477)] "Uncaught SyntaxError: Invalid or unexpected token", source: file:///home/dhia/browser-fuzzer/Dissertation/logger/run_20250324_064826/round_049/mutations/mutated_0003.html (477)
[145669:145669:0324/151551.594347:INFO:CONSOLE(478)] "Uncaught SyntaxError: Invalid or unexpected token", source: file:///home/dhia/browser-fuzzer/Dissertation/logger/run_20250324_064826/round_049/mutations/mutated_0003.html (478)
[145669:145669:0324/151551.647838:INFO:CONSOLE(479)] "Uncaught SyntaxError: Invalid or unexpected token", source: file:///home/dhia/browser-fuzzer/Dissertation/logger/run_20250324_064826/round_049/mutations/mutated_0003.html (479)
[145669:145669:0324/151551.653642:INFO:CONSOLE(480)] "Uncaught SyntaxError: Invalid or unexpected token", source: file:///home/dhia/browser-fuzzer/Dissertation/logger/run_20250324_064826/round_049/mutations/mutated_0003.html (480)
[145669:145669:0324/151551.674085:INFO:CONSOLE(481)] "Uncaught SyntaxError: Invalid or unexpected token", source: file:///home/dhia/browser-fuzzer/Dissertation/logger/run_20250324_064826/round_049/mutations/mutated_0003.html (481)
[145669:145669:0324/151551.719250:INFO:CONSOLE(494)] "Uncaught SyntaxError: Invalid or unexpected token", source: file:///home/dhia/browser-fuzzer/Dissertation/logger/run_20250324_064826/round_049/mutations/mutated_0003.html (494)
[145669:145669:0324/151551.726375:INFO:CONSOLE(495)] "Uncaught SyntaxError: Invalid or unexpected token", source: file:///home/dhia/browser-fuzzer/Dissertation/logger/run_20250324_064826/round_049/mutations/mutated_0003.html (495)
[145669:145669:0324/151551.734298:INFO:CONSOLE(496)] "Uncaught SyntaxError: Invalid or unexpected token", source: file:///home/dhia/browser-fuzzer/Dissertation/logger/run_20250324_064826/round_049/mutations/mutated_0003.html (496)
[145669:145669:0324/151551.801581:INFO:CONSOLE(497)] "Uncaught SyntaxError: Invalid or unexpected token", source: file:///home/dhia/browser-fuzzer/Dissertation/logger/run_20250324_064826/round_049/mutations/mutated_0003.html (497)
[145669:145669:0324/151551.805773:INFO:CONSOLE(498)] "Uncaught SyntaxError: Invalid or unexpected token", source: file:///home/dhia/browser-fuzzer/Dissertation/logger/run_20250324_064826/round_049/mutations/mutated_0003.html (498)
[145669:145669:0324/151551.815960:INFO:CONSOLE(511)] "Uncaught SyntaxError: Invalid or unexpected token", source: file:///home/dhia/browser-fuzzer/Dissertation/logger/run_20250324_064826/round_049/mutations/mutated_0003.html (511)
[145669:145669:0324/151551.854946:INFO:CONSOLE(512)] "Uncaught SyntaxError: Invalid or unexpected token", source: file:///home/dhia/browser-fuzzer/Dissertation/logger/run_20250324_064826/round_049/mutations/mutated_0003.html (512)
[145669:145669:0324/151551.869561:INFO:CONSOLE(513)] "Uncaught SyntaxError: Invalid or unexpected token", source: file:///home/dhia/browser-fuzzer/Dissertation/logger/run_20250324_064826/round_049/mutations/mutated_0003.html (513)
[145669:145669:0324/151551.923583:INFO:CONSOLE(514)] "Uncaught SyntaxError: Invalid or unexpected token", source: file:///home/dhia/browser-fuzzer/Dissertation/logger/run_20250324_064826/round_049/mutations/mutated_0003.html (514)
[145669:145669:0324/151551.932391:INFO:CONSOLE(515)] "Uncaught SyntaxError: Invalid or unexpected token", source: file:///home/dhia/browser-fuzzer/Dissertation/logger/run_20250324_064826/round_049/mutations/mutated_0003.html (515)
[145669:145669:0324/151551.987805:INFO:CONSOLE(516)] "Uncaught SyntaxError: Invalid or unexpected token", source: file:///home/dhia/browser-fuzzer/Dissertation/logger/run_20250324_064826/round_049/mutations/mutated_0003.html (516)
[145669:145669:0324/151551.998428:INFO:CONSOLE(517)] "Uncaught SyntaxError: Invalid or unexpected token", source: file:///home/dhia/browser-fuzzer/Dissertation/logger/run_20250324_064826/round_049/mutations/mutated_0003.html (517)
[145669:145669:0324/151552.006992:INFO:CONSOLE(518)] "Uncaught SyntaxError: Invalid or unexpected token", source: file:///home/dhia/browser-fuzzer/Dissertation/logger/run_20250324_064826/round_049/mutations/mutated_0003.html (518)
[145669:145669:0324/151552.064517:INFO:CONSOLE(519)] "Uncaught SyntaxError: Invalid or unexpected token", source: file:///home/dhia/browser-fuzzer/Dissertation/logger/run_20250324_064826/round_049/mutations/mutated_0003.html (519)
[145669:145669:0324/151552.068439:INFO:CONSOLE(520)] "Uncaught SyntaxError: Invalid or unexpected token", source: file:///home/dhia/browser-fuzzer/Dissertation/logger/run_20250324_064826/round_049/mutations/mutated_0003.html (520)
[145669:145669:0324/151552.085380:INFO:CONSOLE(521)] "Uncaught SyntaxError: Invalid or unexpected token", source: file:///home/dhia/browser-fuzzer/Dissertation/logger/run_20250324_064826/round_049/mutations/mutated_0003.html (521)
[145669:145669:0324/151552.153397:INFO:CONSOLE(522)] "Uncaught SyntaxError: Invalid or unexpected token", source: file:///home/dhia/browser-fuzzer/Dissertation/logger/run_20250324_064826/round_049/mutations/mutated_0003.html (522)
[145669:145669:0324/151552.157820:INFO:CONSOLE(523)] "Uncaught SyntaxError: Invalid or unexpected token", source: file:///home/dhia/browser-fuzzer/Dissertation/logger/run_20250324_064826/round_049/mutations/mutated_0003.html (523)
[145669:145669:0324/151552.163845:INFO:CONSOLE(524)] "Uncaught SyntaxError: Invalid or unexpected token", source: file:///home/dhia/browser-fuzzer/Dissertation/logger/run_20250324_064826/round_049/mutations/mutated_0003.html (524)
[145669:145669:0324/151552.242515:INFO:CONSOLE(525)] "Uncaught SyntaxError: Invalid or unexpected token", source: file:///home/dhia/browser-fuzzer/Dissertation/logger/run_20250324_064826/round_049/mutations/mutated_0003.html (525)
[145669:145669:0324/151552.247230:INFO:CONSOLE(526)] "Uncaught SyntaxError: Invalid or unexpected token", source: file:///home/dhia/browser-fuzzer/Dissertation/logger/run_20250324_064826/round_049/mutations/mutated_0003.html (526)
[145669:145669:0324/151552.266757:INFO:CONSOLE(527)] "Uncaught SyntaxError: Invalid or unexpected token", source: file:///home/dhia/browser-fuzzer/Dissertation/logger/run_20250324_064826/round_049/mutations/mutated_0003.html (527)
[145669:145669:0324/151552.312399:INFO:CONSOLE(528)] "Uncaught SyntaxError: Invalid or unexpected token", source: file:///home/dhia/browser-fuzzer/Dissertation/logger/run_20250324_064826/round_049/mutations/mutated_0003.html (528)
[145669:145669:0324/151552.322652:INFO:CONSOLE(529)] "Uncaught SyntaxError: Invalid or unexpected token", source: file:///home/dhia/browser-fuzzer/Dissertation/logger/run_20250324_064826/round_049/mutations/mutated_0003.html (529)
[145669:145669:0324/151552.400827:INFO:CONSOLE(530)] "Uncaught SyntaxError: Invalid or unexpected token", source: file:///home/dhia/browser-fuzzer/Dissertation/logger/run_20250324_064826/round_049/mutations/mutated_0003.html (530)
[145669:145669:0324/151552.422111:INFO:CONSOLE(531)] "Uncaught SyntaxError: Invalid or unexpected token", source: file:///home/dhia/browser-fuzzer/Dissertation/logger/run_20250324_064826/round_049/mutations/mutated_0003.html (531)
[145669:145669:0324/151552.443819:INFO:CONSOLE(532)] "Uncaught SyntaxError: Invalid or unexpected token", source: file:///home/dhia/browser-fuzzer/Dissertation/logger/run_20250324_064826/round_049/mutations/mutated_0003.html (532)
[145669:145669:0324/151552.478915:INFO:CONSOLE(533)] "Uncaught SyntaxError: Invalid or unexpected token", source: file:///home/dhia/browser-fuzzer/Dissertation/logger/run_20250324_064826/round_049/mutations/mutated_0003.html (533)
[145669:145669:0324/151552.492646:INFO:CONSOLE(534)] "Uncaught SyntaxError: Invalid or unexpected token", source: file:///home/dhia/browser-fuzzer/Dissertation/logger/run_20250324_064826/round_049/mutations/mutated_0003.html (534)
[145669:145669:0324/151552.551891:INFO:CONSOLE(535)] "Uncaught SyntaxError: Invalid or unexpected token", source: file:///home/dhia/browser-fuzzer/Dissertation/logger/run_20250324_064826/round_049/mutations/mutated_0003.html (535)
[145669:145669:0324/151552.555242:INFO:CONSOLE(536)] "Uncaught SyntaxError: Invalid or unexpected token", source: file:///home/dhia/browser-fuzzer/Dissertation/logger/run_20250324_064826/round_049/mutations/mutated_0003.html (536)
[145669:145669:0324/151552.578627:INFO:CONSOLE(537)] "Uncaught SyntaxError: Invalid or unexpected token", source: file:///home/dhia/browser-fuzzer/Dissertation/logger/run_20250324_064826/round_049/mutations/mutated_0003.html (537)
[145669:145669:0324/151552.655022:INFO:CONSOLE(538)] "Uncaught SyntaxError: Invalid or unexpected token", source: file:///home/dhia/browser-fuzzer/Dissertation/logger/run_20250324_064826/round_049/mutations/mutated_0003.html (538)
[145669:145669:0324/151552.667375:INFO:CONSOLE(539)] "Uncaught SyntaxError: Invalid or unexpected token", source: file:///home/dhia/browser-fuzzer/Dissertation/logger/run_20250324_064826/round_049/mutations/mutated_0003.html (539)
[145669:145669:0324/151552.701433:INFO:CONSOLE(540)] "Uncaught SyntaxError: Invalid or unexpected token", source: file:///home/dhia/browser-fuzzer/Dissertation/logger/run_20250324_064826/round_049/mutations/mutated_0003.html (540)
[145669:145669:0324/151552.743506:INFO:CONSOLE(546)] "Uncaught SyntaxError: Invalid or unexpected token", source: file:///home/dhia/browser-fuzzer/Dissertation/logger/run_20250324_064826/round_049/mutations/mutated_0003.html (546)
[145669:145669:0324/151552.756406:INFO:CONSOLE(553)] "Uncaught SyntaxError: Invalid or unexpected token", source: file:///home/dhia/browser-fuzzer/Dissertation/logger/run_20250324_064826/round_049/mutations/mutated_0003.html (553)
[145669:145669:0324/151552.834610:INFO:CONSOLE(554)] "Uncaught SyntaxError: Invalid or unexpected token", source: file:///home/dhia/browser-fuzzer/Dissertation/logger/run_20250324_064826/round_049/mutations/mutated_0003.html (554)
[145669:145669:0324/151552.840540:INFO:CONSOLE(555)] "Uncaught SyntaxError: Invalid or unexpected token", source: file:///home/dhia/browser-fuzzer/Dissertation/logger/run_20250324_064826/round_049/mutations/mutated_0003.html (555)
[145669:145669:0324/151552.847484:INFO:CONSOLE(556)] "Uncaught SyntaxError: Invalid or unexpected token", source: file:///home/dhia/browser-fuzzer/Dissertation/logger/run_20250324_064826/round_049/mutations/mutated_0003.html (556)
[145669:145669:0324/151552.951918:INFO:CONSOLE(557)] "Uncaught SyntaxError: Invalid or unexpected token", source: file:///home/dhia/browser-fuzzer/Dissertation/logger/run_20250324_064826/round_049/mutations/mutated_0003.html (557)
[145669:145669:0324/151552.971940:INFO:CONSOLE(558)] "Uncaught SyntaxError: Invalid or unexpected token", source: file:///home/dhia/browser-fuzzer/Dissertation/logger/run_20250324_064826/round_049/mutations/mutated_0003.html (558)
[145669:145669:0324/151552.981512:INFO:CONSOLE(559)] "Uncaught SyntaxError: Invalid or unexpected token", source: file:///home/dhia/browser-fuzzer/Dissertation/logger/run_20250324_064826/round_049/mutations/mutated_0003.html (559)
[145669:145669:0324/151553.056410:INFO:CONSOLE(560)] "Uncaught SyntaxError: Invalid or unexpected token", source: file:///home/dhia/browser-fuzzer/Dissertation/logger/run_20250324_064826/round_049/mutations/mutated_0003.html (560)
[145669:145669:0324/151553.083132:INFO:CONSOLE(561)] "Uncaught SyntaxError: Invalid or unexpected token", source: file:///home/dhia/browser-fuzzer/Dissertation/logger/run_20250324_064826/round_049/mutations/mutated_0003.html (561)
[145669:145669:0324/151553.096396:INFO:CONSOLE(562)] "Uncaught SyntaxError: Invalid or unexpected token", source: file:///home/dhia/browser-fuzzer/Dissertation/logger/run_20250324_064826/round_049/mutations/mutated_0003.html (562)
[145669:145669:0324/151553.167576:INFO:CONSOLE(563)] "Uncaught SyntaxError: Invalid or unexpected token", source: file:///home/dhia/browser-fuzzer/Dissertation/logger/run_20250324_064826/round_049/mutations/mutated_0003.html (563)
[145669:145669:0324/151553.173226:INFO:CONSOLE(564)] "Uncaught SyntaxError: Invalid or unexpected token", source: file:///home/dhia/browser-fuzzer/Dissertation/logger/run_20250324_064826/round_049/mutations/mutated_0003.html (564)
[145669:145669:0324/151553.180006:INFO:CONSOLE(565)] "Uncaught SyntaxError: Invalid or unexpected token", source: file:///home/dhia/browser-fuzzer/Dissertation/logger/run_20250324_064826/round_049/mutations/mutated_0003.html (565)
[145669:145669:0324/151553.236655:INFO:CONSOLE(566)] "Uncaught SyntaxError: Invalid or unexpected token", source: file:///home/dhia/browser-fuzzer/Dissertation/logger/run_20250324_064826/round_049/mutations/mutated_0003.html (566)
[145669:145669:0324/151553.247931:INFO:CONSOLE(567)] "Uncaught SyntaxError: Invalid or unexpected token", source: file:///home/dhia/browser-fuzzer/Dissertation/logger/run_20250324_064826/round_049/mutations/mutated_0003.html (567)
[145669:145669:0324/151553.257365:INFO:CONSOLE(568)] "Uncaught SyntaxError: Invalid or unexpected token", source: file:///home/dhia/browser-fuzzer/Dissertation/logger/run_20250324_064826/round_049/mutations/mutated_0003.html (568)
[145669:145669:0324/151553.315363:INFO:CONSOLE(569)] "Uncaught SyntaxError: Invalid or unexpected token", source: file:///home/dhia/browser-fuzzer/Dissertation/logger/run_20250324_064826/round_049/mutations/mutated_0003.html (569)
[145669:145669:0324/151553.321333:INFO:CONSOLE(570)] "Uncaught SyntaxError: Invalid or unexpected token", source: file:///home/dhia/browser-fuzzer/Dissertation/logger/run_20250324_064826/round_049/mutations/mutated_0003.html (570)
[145669:145669:0324/151553.326856:INFO:CONSOLE(571)] "Uncaught SyntaxError: Invalid or unexpected token", source: file:///home/dhia/browser-fuzzer/Dissertation/logger/run_20250324_064826/round_049/mutations/mutated_0003.html (571)
[145669:145669:0324/151553.416801:INFO:CONSOLE(572)] "Uncaught SyntaxError: Invalid or unexpected token", source: file:///home/dhia/browser-fuzzer/Dissertation/logger/run_20250324_064826/round_049/mutations/mutated_0003.html (572)
[145669:145669:0324/151553.425966:INFO:CONSOLE(573)] "Uncaught SyntaxError: Invalid or unexpected token", source: file:///home/dhia/browser-fuzzer/Dissertation/logger/run_20250324_064826/round_049/mutations/mutated_0003.html (573)
[145669:145669:0324/151553.431604:INFO:CONSOLE(574)] "Uncaught SyntaxError: Invalid or unexpected token", source: file:///home/dhia/browser-fuzzer/Dissertation/logger/run_20250324_064826/round_049/mutations/mutated_0003.html (574)
[145669:145669:0324/151553.473542:INFO:CONSOLE(575)] "Uncaught SyntaxError: Invalid or unexpected token", source: file:///home/dhia/browser-fuzzer/Dissertation/logger/run_20250324_064826/round_049/mutations/mutated_0003.html (575)
[145669:145669:0324/151553.477661:INFO:CONSOLE(576)] "Uncaught SyntaxError: Invalid or unexpected token", source: file:///home/dhia/browser-fuzzer/Dissertation/logger/run_20250324_064826/round_049/mutations/mutated_0003.html (576)
[145669:145669:0324/151553.488166:INFO:CONSOLE(577)] "Uncaught SyntaxError: Invalid or unexpected token", source: file:///home/dhia/browser-fuzzer/Dissertation/logger/run_20250324_064826/round_049/mutations/mutated_0003.html (577)
[145669:145669:0324/151553.553497:INFO:CONSOLE(594)] "Uncaught SyntaxError: Invalid or unexpected token", source: file:///home/dhia/browser-fuzzer/Dissertation/logger/run_20250324_064826/round_049/mutations/mutated_0003.html (594)
[145669:145669:0324/151553.558562:INFO:CONSOLE(595)] "Uncaught SyntaxError: Invalid or unexpected token", source: file:///home/dhia/browser-fuzzer/Dissertation/logger/run_20250324_064826/round_049/mutations/mutated_0003.html (595)
[145669:145669:0324/151553.567483:INFO:CONSOLE(596)] "Uncaught SyntaxError: Invalid or unexpected token", source: file:///home/dhia/browser-fuzzer/Dissertation/logger/run_20250324_064826/round_049/mutations/mutated_0003.html (596)
[145669:145669:0324/151553.713170:INFO:CONSOLE(597)] "Uncaught SyntaxError: Invalid or unexpected token", source: file:///home/dhia/browser-fuzzer/Dissertation/logger/run_20250324_064826/round_049/mutations/mutated_0003.html (597)
[145669:145669:0324/151553.731593:INFO:CONSOLE(598)] "Uncaught SyntaxError: Invalid or unexpected token", source: file:///home/dhia/browser-fuzzer/Dissertation/logger/run_20250324_064826/round_049/mutations/mutated_0003.html (598)
[145669:145669:0324/151553.739493:INFO:CONSOLE(599)] "Uncaught SyntaxError: Invalid or unexpected token", source: file:///home/dhia/browser-fuzzer/Dissertation/logger/run_20250324_064826/round_049/mutations/mutated_0003.html (599)
[145669:145669:0324/151553.816393:INFO:CONSOLE(600)] "Uncaught SyntaxError: Invalid or unexpected token", source: file:///home/dhia/browser-fuzzer/Dissertation/logger/run_20250324_064826/round_049/mutations/mutated_0003.html (600)
[145669:145669:0324/151553.840074:INFO:CONSOLE(601)] "Uncaught SyntaxError: Invalid or unexpected token", source: file:///home/dhia/browser-fuzzer/Dissertation/logger/run_20250324_064826/round_049/mutations/mutated_0003.html (601)
[145669:145669:0324/151553.849666:INFO:CONSOLE(602)] "Uncaught SyntaxError: Invalid or unexpected token", source: file:///home/dhia/browser-fuzzer/Dissertation/logger/run_20250324_064826/round_049/mutations/mutated_0003.html (602)
[145669:145669:0324/151553.942269:INFO:CONSOLE(603)] "Uncaught SyntaxError: Invalid or unexpected token", source: file:///home/dhia/browser-fuzzer/Dissertation/logger/run_20250324_064826/round_049/mutations/mutated_0003.html (603)
[145669:145669:0324/151553.966654:INFO:CONSOLE(605)] "Uncaught SyntaxError: Invalid or unexpected token", source: file:///home/dhia/browser-fuzzer/Dissertation/logger/run_20250324_064826/round_049/mutations/mutated_0003.html (605)
[145669:145669:0324/151554.056892:INFO:CONSOLE(606)] "Uncaught SyntaxError: Invalid or unexpected token", source: file:///home/dhia/browser-fuzzer/Dissertation/logger/run_20250324_064826/round_049/mutations/mutated_0003.html (606)
[145669:145669:0324/151554.069990:INFO:CONSOLE(607)] "Uncaught SyntaxError: Invalid or unexpected token", source: file:///home/dhia/browser-fuzzer/Dissertation/logger/run_20250324_064826/round_049/mutations/mutated_0003.html (607)
[145669:145669:0324/151554.083409:INFO:CONSOLE(617)] "Uncaught SyntaxError: Invalid or unexpected token", source: file:///home/dhia/browser-fuzzer/Dissertation/logger/run_20250324_064826/round_049/mutations/mutated_0003.html (617)
[145669:145669:0324/151554.144180:INFO:CONSOLE(618)] "Uncaught SyntaxError: Invalid or unexpected token", source: file:///home/dhia/browser-fuzzer/Dissertation/logger/run_20250324_064826/round_049/mutations/mutated_0003.html (618)
[145669:145669:0324/151554.155518:INFO:CONSOLE(631)] "Uncaught SyntaxError: Invalid or unexpected token", source: file:///home/dhia/browser-fuzzer/Dissertation/logger/run_20250324_064826/round_049/mutations/mutated_0003.html (631)
[145669:145669:0324/151554.175723:INFO:CONSOLE(633)] "Uncaught SyntaxError: Invalid or unexpected token", source: file:///home/dhia/browser-fuzzer/Dissertation/logger/run_20250324_064826/round_049/mutations/mutated_0003.html (633)
[145669:145669:0324/151554.209101:INFO:CONSOLE(634)] "Uncaught SyntaxError: Invalid or unexpected token", source: file:///home/dhia/browser-fuzzer/Dissertation/logger/run_20250324_064826/round_049/mutations/mutated_0003.html (634)
[145669:145669:0324/151554.218398:INFO:CONSOLE(636)] "Uncaught SyntaxError: Invalid or unexpected token", source: file:///home/dhia/browser-fuzzer/Dissertation/logger/run_20250324_064826/round_049/mutations/mutated_0003.html (636)
[145669:145669:0324/151554.243002:INFO:CONSOLE(637)] "Uncaught SyntaxError: Invalid or unexpected token", source: file:///home/dhia/browser-fuzzer/Dissertation/logger/run_20250324_064826/round_049/mutations/mutated_0003.html (637)
[145669:145669:0324/151554.255567:INFO:CONSOLE(639)] "Uncaught SyntaxError: Invalid or unexpected token", source: file:///home/dhia/browser-fuzzer/Dissertation/logger/run_20250324_064826/round_049/mutations/mutated_0003.html (639)
[145669:145669:0324/151554.274586:INFO:CONSOLE(640)] "Uncaught SyntaxError: Invalid or unexpected token", source: file:///home/dhia/browser-fuzzer/Dissertation/logger/run_20250324_064826/round_049/mutations/mutated_0003.html (640)
[145669:145669:0324/151554.332682:INFO:CONSOLE(642)] "Uncaught SyntaxError: Invalid or unexpected token", source: file:///home/dhia/browser-fuzzer/Dissertation/logger/run_20250324_064826/round_049/mutations/mutated_0003.html (642)
[145669:145669:0324/151554.337270:INFO:CONSOLE(643)] "Uncaught SyntaxError: Invalid or unexpected token", source: file:///home/dhia/browser-fuzzer/Dissertation/logger/run_20250324_064826/round_049/mutations/mutated_0003.html (643)
[145669:145669:0324/151554.457362:INFO:CONSOLE(690)] "Uncaught SyntaxError: Invalid or unexpected token", source: file:///home/dhia/browser-fuzzer/Dissertation/logger/run_20250324_064826/round_049/mutations/mutated_0003.html (690)
[145669:145669:0324/151554.472089:INFO:CONSOLE(691)] "Uncaught SyntaxError: Invalid or unexpected token", source: file:///home/dhia/browser-fuzzer/Dissertation/logger/run_20250324_064826/round_049/mutations/mutated_0003.html (691)
[145669:145669:0324/151554.498145:INFO:CONSOLE(693)] "Uncaught SyntaxError: Invalid or unexpected token", source: file:///home/dhia/browser-fuzzer/Dissertation/logger/run_20250324_064826/round_049/mutations/mutated_0003.html (693)
[145669:145669:0324/151554.584136:INFO:CONSOLE(694)] "Uncaught SyntaxError: Invalid or unexpected token", source: file:///home/dhia/browser-fuzzer/Dissertation/logger/run_20250324_064826/round_049/mutations/mutated_0003.html (694)
[145669:145669:0324/151554.682532:INFO:CONSOLE(695)] "Uncaught SyntaxError: Invalid or unexpected token", source: file:///home/dhia/browser-fuzzer/Dissertation/logger/run_20250324_064826/round_049/mutations/mutated_0003.html (695)
[145669:145669:0324/151554.705741:INFO:CONSOLE(702)] "Uncaught SyntaxError: Invalid or unexpected token", source: file:///home/dhia/browser-fuzzer/Dissertation/logger/run_20250324_064826/round_049/mutations/mutated_0003.html (702)
[145669:145669:0324/151554.733851:INFO:CONSOLE(703)] "Uncaught SyntaxError: Invalid or unexpected token", source: file:///home/dhia/browser-fuzzer/Dissertation/logger/run_20250324_064826/round_049/mutations/mutated_0003.html (703)
[145669:145669:0324/151554.811843:INFO:CONSOLE(704)] "Uncaught SyntaxError: Invalid or unexpected token", source: file:///home/dhia/browser-fuzzer/Dissertation/logger/run_20250324_064826/round_049/mutations/mutated_0003.html (704)
[145669:145669:0324/151554.818401:INFO:CONSOLE(705)] "Uncaught SyntaxError: Invalid or unexpected token", source: file:///home/dhia/browser-fuzzer/Dissertation/logger/run_20250324_064826/round_049/mutations/mutated_0003.html (705)
[145669:145669:0324/151554.829922:INFO:CONSOLE(718)] "Uncaught SyntaxError: Invalid or unexpected token", source: file:///home/dhia/browser-fuzzer/Dissertation/logger/run_20250324_064826/round_049/mutations/mutated_0003.html (718)
[145669:145669:0324/151554.902469:INFO:CONSOLE(755)] "Uncaught SyntaxError: Invalid or unexpected token", source: file:///home/dhia/browser-fuzzer/Dissertation/logger/run_20250324_064826/round_049/mutations/mutated_0003.html (755)
[145669:145669:0324/151554.909090:INFO:CONSOLE(756)] "Uncaught SyntaxError: Invalid or unexpected token", source: file:///home/dhia/browser-fuzzer/Dissertation/logger/run_20250324_064826/round_049/mutations/mutated_0003.html (756)
[145669:145669:0324/151554.924685:INFO:CONSOLE(757)] "Uncaught SyntaxError: Invalid or unexpected token", source: file:///home/dhia/browser-fuzzer/Dissertation/logger/run_20250324_064826/round_049/mutations/mutated_0003.html (757)
[145669:145669:0324/151555.055523:INFO:CONSOLE(758)] "Uncaught SyntaxError: Invalid or unexpected token", source: file:///home/dhia/browser-fuzzer/Dissertation/logger/run_20250324_064826/round_049/mutations/mutated_0003.html (758)
[145669:145669:0324/151555.061637:INFO:CONSOLE(759)] "Uncaught SyntaxError: Invalid or unexpected token", source: file:///home/dhia/browser-fuzzer/Dissertation/logger/run_20250324_064826/round_049/mutations/mutated_0003.html (759)
[145669:145669:0324/151555.066400:INFO:CONSOLE(760)] "Uncaught SyntaxError: Invalid or unexpected token", source: file:///home/dhia/browser-fuzzer/Dissertation/logger/run_20250324_064826/round_049/mutations/mutated_0003.html (760)
[145669:145669:0324/151555.143983:INFO:CONSOLE(761)] "Uncaught SyntaxError: Invalid or unexpected token", source: file:///home/dhia/browser-fuzzer/Dissertation/logger/run_20250324_064826/round_049/mutations/mutated_0003.html (761)
[145669:145669:0324/151555.153593:INFO:CONSOLE(762)] "Uncaught SyntaxError: Invalid or unexpected token", source: file:///home/dhia/browser-fuzzer/Dissertation/logger/run_20250324_064826/round_049/mutations/mutated_0003.html (762)
[145669:145669:0324/151555.175154:INFO:CONSOLE(763)] "Uncaught SyntaxError: Invalid or unexpected token", source: file:///home/dhia/browser-fuzzer/Dissertation/logger/run_20250324_064826/round_049/mutations/mutated_0003.html (763)
[145669:145669:0324/151555.245227:INFO:CONSOLE(765)] "Uncaught SyntaxError: Invalid or unexpected token", source: file:///home/dhia/browser-fuzzer/Dissertation/logger/run_20250324_064826/round_049/mutations/mutated_0003.html (765)
[145669:145669:0324/151555.258643:INFO:CONSOLE(766)] "Uncaught SyntaxError: Invalid or unexpected token", source: file:///home/dhia/browser-fuzzer/Dissertation/logger/run_20250324_064826/round_049/mutations/mutated_0003.html (766)
[145669:145669:0324/151555.273992:INFO:CONSOLE(775)] "Uncaught SyntaxError: Invalid or unexpected token", source: file:///home/dhia/browser-fuzzer/Dissertation/logger/run_20250324_064826/round_049/mutations/mutated_0003.html (775)
[145669:145669:0324/151555.350565:INFO:CONSOLE(788)] "Uncaught SyntaxError: Invalid or unexpected token", source: file:///home/dhia/browser-fuzzer/Dissertation/logger/run_20250324_064826/round_049/mutations/mutated_0003.html (788)
[145669:145669:0324/151555.357479:INFO:CONSOLE(790)] "Uncaught SyntaxError: Invalid or unexpected token", source: file:///home/dhia/browser-fuzzer/Dissertation/logger/run_20250324_064826/round_049/mutations/mutated_0003.html (790)
[145669:145669:0324/151555.368092:INFO:CONSOLE(791)] "Uncaught SyntaxError: Invalid or unexpected token", source: file:///home/dhia/browser-fuzzer/Dissertation/logger/run_20250324_064826/round_049/mutations/mutated_0003.html (791)
[145669:145669:0324/151555.439757:INFO:CONSOLE(793)] "Uncaught SyntaxError: Invalid or unexpected token", source: file:///home/dhia/browser-fuzzer/Dissertation/logger/run_20250324_064826/round_049/mutations/mutated_0003.html (793)
[145669:145669:0324/151555.451406:INFO:CONSOLE(794)] "Uncaught SyntaxError: Invalid or unexpected token", source: file:///home/dhia/browser-fuzzer/Dissertation/logger/run_20250324_064826/round_049/mutations/mutated_0003.html (794)
[145669:145669:0324/151555.461225:INFO:CONSOLE(796)] "Uncaught SyntaxError: Invalid or unexpected token", source: file:///home/dhia/browser-fuzzer/Dissertation/logger/run_20250324_064826/round_049/mutations/mutated_0003.html (796)
[145669:145669:0324/151555.530240:INFO:CONSOLE(797)] "Uncaught SyntaxError: Invalid or unexpected token", source: file:///home/dhia/browser-fuzzer/Dissertation/logger/run_20250324_064826/round_049/mutations/mutated_0003.html (797)
[145669:145669:0324/151555.536139:INFO:CONSOLE(799)] "Uncaught SyntaxError: Invalid or unexpected token", source: file:///home/dhia/browser-fuzzer/Dissertation/logger/run_20250324_064826/round_049/mutations/mutated_0003.html (799)
[145669:145669:0324/151555.552855:INFO:CONSOLE(800)] "Uncaught SyntaxError: Invalid or unexpected token", source: file:///home/dhia/browser-fuzzer/Dissertation/logger/run_20250324_064826/round_049/mutations/mutated_0003.html (800)
[145669:145669:0324/151555.620251:INFO:CONSOLE(837)] "Uncaught SyntaxError: Invalid or unexpected token", source: file:///home/dhia/browser-fuzzer/Dissertation/logger/run_20250324_064826/round_049/mutations/mutated_0003.html (837)
[145669:145669:0324/151555.641336:INFO:CONSOLE(838)] "Uncaught SyntaxError: Invalid or unexpected token", source: file:///home/dhia/browser-fuzzer/Dissertation/logger/run_20250324_064826/round_049/mutations/mutated_0003.html (838)
[145669:145669:0324/151555.646369:INFO:CONSOLE(840)] "Uncaught SyntaxError: Invalid or unexpected token", source: file:///home/dhia/browser-fuzzer/Dissertation/logger/run_20250324_064826/round_049/mutations/mutated_0003.html (840)
[145669:145669:0324/151555.794144:INFO:CONSOLE(841)] "Uncaught SyntaxError: Invalid or unexpected token", source: file:///home/dhia/browser-fuzzer/Dissertation/logger/run_20250324_064826/round_049/mutations/mutated_0003.html (841)
[145669:145669:0324/151555.801104:INFO:CONSOLE(842)] "Uncaught SyntaxError: Invalid or unexpected token", source: file:///home/dhia/browser-fuzzer/Dissertation/logger/run_20250324_064826/round_049/mutations/mutated_0003.html (842)
[145669:145669:0324/151555.918617:INFO:CONSOLE(849)] "Uncaught SyntaxError: Invalid or unexpected token", source: file:///home/dhia/browser-fuzzer/Dissertation/logger/run_20250324_064826/round_049/mutations/mutated_0003.html (849)
[145669:145669:0324/151555.934768:INFO:CONSOLE(850)] "Uncaught SyntaxError: Invalid or unexpected token", source: file:///home/dhia/browser-fuzzer/Dissertation/logger/run_20250324_064826/round_049/mutations/mutated_0003.html (850)
[145669:145669:0324/151555.953702:INFO:CONSOLE(851)] "Uncaught SyntaxError: Invalid or unexpected token", source: file:///home/dhia/browser-fuzzer/Dissertation/logger/run_20250324_064826/round_049/mutations/mutated_0003.html (851)
[145669:145669:0324/151556.031894:INFO:CONSOLE(852)] "Uncaught SyntaxError: Invalid or unexpected token", source: file:///home/dhia/browser-fuzzer/Dissertation/logger/run_20250324_064826/round_049/mutations/mutated_0003.html (852)
[145669:145669:0324/151556.040801:INFO:CONSOLE(853)] "Uncaught SyntaxError: Invalid or unexpected token", source: file:///home/dhia/browser-fuzzer/Dissertation/logger/run_20250324_064826/round_049/mutations/mutated_0003.html (853)
[145669:145669:0324/151556.170798:INFO:CONSOLE(890)] "Uncaught SyntaxError: Invalid or unexpected token", source: file:///home/dhia/browser-fuzzer/Dissertation/logger/run_20250324_064826/round_049/mutations/mutated_0003.html (890)
[145669:145669:0324/151556.198833:INFO:CONSOLE(891)] "Uncaught SyntaxError: Invalid or unexpected token", source: file:///home/dhia/browser-fuzzer/Dissertation/logger/run_20250324_064826/round_049/mutations/mutated_0003.html (891)
[145669:145669:0324/151556.327332:INFO:CONSOLE(892)] "Uncaught SyntaxError: Invalid or unexpected token", source: file:///home/dhia/browser-fuzzer/Dissertation/logger/run_20250324_064826/round_049/mutations/mutated_0003.html (892)
[145669:145669:0324/151556.338768:INFO:CONSOLE(893)] "Uncaught SyntaxError: Invalid or unexpected token", source: file:///home/dhia/browser-fuzzer/Dissertation/logger/run_20250324_064826/round_049/mutations/mutated_0003.html (893)
[145669:145669:0324/151556.450412:INFO:CONSOLE(894)] "Uncaught SyntaxError: Invalid or unexpected token", source: file:///home/dhia/browser-fuzzer/Dissertation/logger/run_20250324_064826/round_049/mutations/mutated_0003.html (894)
[145669:145669:0324/151556.455507:INFO:CONSOLE(895)] "Uncaught SyntaxError: Invalid or unexpected token", source: file:///home/dhia/browser-fuzzer/Dissertation/logger/run_20250324_064826/round_049/mutations/mutated_0003.html (895)
[145669:145669:0324/151556.550417:INFO:CONSOLE(897)] "Uncaught SyntaxError: Invalid or unexpected token", source: file:///home/dhia/browser-fuzzer/Dissertation/logger/run_20250324_064826/round_049/mutations/mutated_0003.html (897)
[145669:145669:0324/151556.563329:INFO:CONSOLE(898)] "Uncaught SyntaxError: Invalid or unexpected token", source: file:///home/dhia/browser-fuzzer/Dissertation/logger/run_20250324_064826/round_049/mutations/mutated_0003.html (898)
[145669:145669:0324/151556.571683:INFO:CONSOLE(907)] "Uncaught SyntaxError: Invalid or unexpected token", source: file:///home/dhia/browser-fuzzer/Dissertation/logger/run_20250324_064826/round_049/mutations/mutated_0003.html (907)
[145669:145669:0324/151556.637792:INFO:CONSOLE(920)] "Uncaught SyntaxError: Invalid or unexpected token", source: file:///home/dhia/browser-fuzzer/Dissertation/logger/run_20250324_064826/round_049/mutations/mutated_0003.html (920)
[145669:145669:0324/151556.650092:INFO:CONSOLE(922)] "Uncaught SyntaxError: Invalid or unexpected token", source: file:///home/dhia/browser-fuzzer/Dissertation/logger/run_20250324_064826/round_049/mutations/mutated_0003.html (922)
[145669:145669:0324/151556.661240:INFO:CONSOLE(923)] "Uncaught SyntaxError: Invalid or unexpected token", source: file:///home/dhia/browser-fuzzer/Dissertation/logger/run_20250324_064826/round_049/mutations/mutated_0003.html (923)
[145669:145669:0324/151556.734611:INFO:CONSOLE(925)] "Uncaught SyntaxError: Invalid or unexpected token", source: file:///home/dhia/browser-fuzzer/Dissertation/logger/run_20250324_064826/round_049/mutations/mutated_0003.html (925)
[145669:145669:0324/151556.744536:INFO:CONSOLE(926)] "Uncaught SyntaxError: Invalid or unexpected token", source: file:///home/dhia/browser-fuzzer/Dissertation/logger/run_20250324_064826/round_049/mutations/mutated_0003.html (926)
[145669:145669:0324/151556.871897:INFO:CONSOLE(928)] "Uncaught SyntaxError: Invalid or unexpected token", source: file:///home/dhia/browser-fuzzer/Dissertation/logger/run_20250324_064826/round_049/mutations/mutated_0003.html (928)
[145669:145669:0324/151556.883919:INFO:CONSOLE(941)] "Uncaught SyntaxError: Invalid or unexpected token", source: file:///home/dhia/browser-fuzzer/Dissertation/logger/run_20250324_064826/round_049/mutations/mutated_0003.html (941)
[145669:145669:0324/151556.893032:INFO:CONSOLE(943)] "Uncaught SyntaxError: Invalid or unexpected token", source: file:///home/dhia/browser-fuzzer/Dissertation/logger/run_20250324_064826/round_049/mutations/mutated_0003.html (943)
[145669:145669:0324/151556.943582:INFO:CONSOLE(944)] "Uncaught SyntaxError: Invalid or unexpected token", source: file:///home/dhia/browser-fuzzer/Dissertation/logger/run_20250324_064826/round_049/mutations/mutated_0003.html (944)
[145669:145669:0324/151556.968959:INFO:CONSOLE(981)] "Uncaught SyntaxError: Invalid or unexpected token", source: file:///home/dhia/browser-fuzzer/Dissertation/logger/run_20250324_064826/round_049/mutations/mutated_0003.html (981)
[145669:145669:0324/151557.106201:INFO:CONSOLE(982)] "Uncaught SyntaxError: Invalid or unexpected token", source: file:///home/dhia/browser-fuzzer/Dissertation/logger/run_20250324_064826/round_049/mutations/mutated_0003.html (982)
[145669:145669:0324/151557.109361:INFO:CONSOLE(984)] "Uncaught SyntaxError: Invalid or unexpected token", source: file:///home/dhia/browser-fuzzer/Dissertation/logger/run_20250324_064826/round_049/mutations/mutated_0003.html (984)
[145669:145669:0324/151557.113685:INFO:CONSOLE(985)] "Uncaught SyntaxError: Invalid or unexpected token", source: file:///home/dhia/browser-fuzzer/Dissertation/logger/run_20250324_064826/round_049/mutations/mutated_0003.html (985)
[145669:145669:0324/151557.237275:INFO:CONSOLE(986)] "Uncaught SyntaxError: Invalid or unexpected token", source: file:///home/dhia/browser-fuzzer/Dissertation/logger/run_20250324_064826/round_049/mutations/mutated_0003.html (986)
[145669:145669:0324/151557.240398:INFO:CONSOLE(987)] "Uncaught SyntaxError: Invalid or unexpected token", source: file:///home/dhia/browser-fuzzer/Dissertation/logger/run_20250324_064826/round_049/mutations/mutated_0003.html (987)
[145669:145669:0324/151557.244320:INFO:CONSOLE(988)] "Uncaught SyntaxError: Invalid or unexpected token", source: file:///home/dhia/browser-fuzzer/Dissertation/logger/run_20250324_064826/round_049/mutations/mutated_0003.html (988)
[145669:145669:0324/151557.359975:INFO:CONSOLE(989)] "Uncaught SyntaxError: Invalid or unexpected token", source: file:///home/dhia/browser-fuzzer/Dissertation/logger/run_20250324_064826/round_049/mutations/mutated_0003.html (989)
[145669:145669:0324/151557.375344:INFO:CONSOLE(990)] "Uncaught SyntaxError: Invalid or unexpected token", source: file:///home/dhia/browser-fuzzer/Dissertation/logger/run_20250324_064826/round_049/mutations/mutated_0003.html (990)
[145669:145669:0324/151557.473017:INFO:CONSOLE(991)] "Uncaught SyntaxError: Invalid or unexpected token", source: file:///home/dhia/browser-fuzzer/Dissertation/logger/run_20250324_064826/round_049/mutations/mutated_0003.html (991)
[145669:145669:0324/151557.477326:INFO:CONSOLE(992)] "Uncaught SyntaxError: Invalid or unexpected token", source: file:///home/dhia/browser-fuzzer/Dissertation/logger/run_20250324_064826/round_049/mutations/mutated_0003.html (992)
[145669:145669:0324/151557.491347:INFO:CONSOLE(993)] "Uncaught SyntaxError: Invalid or unexpected token", source: file:///home/dhia/browser-fuzzer/Dissertation/logger/run_20250324_064826/round_049/mutations/mutated_0003.html (993)
[145669:145669:0324/151557.579697:INFO:CONSOLE(994)] "Uncaught SyntaxError: Invalid or unexpected token", source: file:///home/dhia/browser-fuzzer/Dissertation/logger/run_20250324_064826/round_049/mutations/mutated_0003.html (994)
[145669:145669:0324/151557.592381:INFO:CONSOLE(1001)] "Uncaught SyntaxError: Invalid or unexpected token", source: file:///home/dhia/browser-fuzzer/Dissertation/logger/run_20250324_064826/round_049/mutations/mutated_0003.html (1001)
[145669:145669:0324/151557.702383:INFO:CONSOLE(1002)] "Uncaught SyntaxError: Invalid or unexpected token", source: file:///home/dhia/browser-fuzzer/Dissertation/logger/run_20250324_064826/round_049/mutations/mutated_0003.html (1002)
[145669:145669:0324/151557.706803:INFO:CONSOLE(1003)] "Uncaught SyntaxError: Invalid or unexpected token", source: file:///home/dhia/browser-fuzzer/Dissertation/logger/run_20250324_064826/round_049/mutations/mutated_0003.html (1003)
[145669:145669:0324/151649.015076:ERROR:background_mode_manager_aura.cc(12)] Not implemented reached in virtual void BackgroundModeManager::EnableLaunchOnStartup(bool)
[145669:145669:0324/151649.310101:ERROR:kill_posix.cc(33)] waitpid(145733): No child processes (10)
[145669:145693:0324/151649.359118:WARNING:discardable_shared_memory_manager.cc(452)] Some MojoDiscardableSharedMemoryManagerImpls are still alive. They will be leaked.
