[17340:17340:0324/063823.488955:ERROR:cursor_factory.cc(96)] Not implemented reached in virtual void ui::CursorFactory::ObserveThemeChanges()
[17413:17413:0324/063824.126199:WARNING:sandbox_linux.cc(415)] InitializeSandbox() called with multiple threads in process gpu-process.
[17413:17413:0324/063824.146383:WARNING:viz_main_impl.cc(85)] VizNullHypothesis is disabled (not a warning)
[17340:17340:0324/063824.174517:WARNING:account_consistency_mode_manager.cc(72)] Desktop Identity Consistency cannot be enabled as no OAuth client ID and client secret have been configured.
[17407:17407:0324/063824.228069:WARNING:sandbox_linux.cc(415)] InitializeSandbox() called with multiple threads in process gpu-process.
[17407:17407:0324/063824.243590:WARNING:viz_main_impl.cc(85)] VizNullHypothesis is disabled (not a warning)
[17340:17340:0324/063825.610839:ERROR:platform_screen.cc(45)] Not implemented reached in virtual bool ui::PlatformScreen::IsScreenSaverActive() const
[17340:17340:0324/063825.610959:ERROR:platform_screen.cc(50)] Not implemented reached in virtual base::TimeDelta ui::PlatformScreen::CalculateIdleTime() const
[17340:17340:0324/063825.615381:WARNING:compose_enabling.cc(64)] Couldn't get country info.
[17340:17340:0324/063908.044884:INFO:CONSOLE(305)] "Uncaught SyntaxError: Unexpected end of input", source: file:///home/dhia/browser-fuzzer/Dissertation/logger/run_20250324_061027/round_004/mutations/mutated_0004.html (305)
[17340:17340:0324/063908.277204:INFO:CONSOLE(388)] "Uncaught SyntaxError: Unexpected end of input", source: file:///home/dhia/browser-fuzzer/Dissertation/logger/run_20250324_061027/round_004/mutations/mutated_0004.html (388)
[17340:17340:0324/063916.528018:INFO:CONSOLE(483)] "Uncaught SyntaxError: Invalid or unexpected token", source: file:///home/dhia/browser-fuzzer/Dissertation/logger/run_20250324_061027/round_004/mutations/mutated_0004.html (483)
[17340:17340:0324/063916.532589:INFO:CONSOLE(484)] "Uncaught SyntaxError: Invalid or unexpected token", source: file:///home/dhia/browser-fuzzer/Dissertation/logger/run_20250324_061027/round_004/mutations/mutated_0004.html (484)
[17340:17340:0324/063916.547232:INFO:CONSOLE(485)] "Uncaught SyntaxError: Invalid or unexpected token", source: file:///home/dhia/browser-fuzzer/Dissertation/logger/run_20250324_061027/round_004/mutations/mutated_0004.html (485)
[17340:17340:0324/063916.815899:INFO:CONSOLE(486)] "Uncaught SyntaxError: Invalid or unexpected token", source: file:///home/dhia/browser-fuzzer/Dissertation/logger/run_20250324_061027/round_004/mutations/mutated_0004.html (486)
[17340:17340:0324/063916.825626:INFO:CONSOLE(487)] "Uncaught SyntaxError: Invalid or unexpected token", source: file:///home/dhia/browser-fuzzer/Dissertation/logger/run_20250324_061027/round_004/mutations/mutated_0004.html (487)
[17340:17340:0324/063916.830569:INFO:CONSOLE(488)] "Uncaught SyntaxError: Invalid or unexpected token", source: file:///home/dhia/browser-fuzzer/Dissertation/logger/run_20250324_061027/round_004/mutations/mutated_0004.html (488)
[17340:17340:0324/063917.085266:INFO:CONSOLE(496)] "Uncaught SyntaxError: Invalid or unexpected token", source: file:///home/dhia/browser-fuzzer/Dissertation/logger/run_20250324_061027/round_004/mutations/mutated_0004.html (496)
[17340:17340:0324/063917.101953:INFO:CONSOLE(497)] "Uncaught SyntaxError: Invalid or unexpected token", source: file:///home/dhia/browser-fuzzer/Dissertation/logger/run_20250324_061027/round_004/mutations/mutated_0004.html (497)
[17340:17340:0324/063918.207706:INFO:CONSOLE(569)] "Uncaught SyntaxError: Invalid or unexpected token", source: file:///home/dhia/browser-fuzzer/Dissertation/logger/run_20250324_061027/round_004/mutations/mutated_0004.html (569)
[17340:17340:0324/063918.215959:INFO:CONSOLE(570)] "Uncaught SyntaxError: Invalid or unexpected token", source: file:///home/dhia/browser-fuzzer/Dissertation/logger/run_20250324_061027/round_004/mutations/mutated_0004.html (570)
[17340:17340:0324/063918.366603:INFO:CONSOLE(597)] "Uncaught SyntaxError: Invalid or unexpected token", source: file:///home/dhia/browser-fuzzer/Dissertation/logger/run_20250324_061027/round_004/mutations/mutated_0004.html (597)
[17340:17340:0324/063918.385502:INFO:CONSOLE(598)] "Uncaught SyntaxError: Invalid or unexpected token", source: file:///home/dhia/browser-fuzzer/Dissertation/logger/run_20250324_061027/round_004/mutations/mutated_0004.html (598)
[17340:17340:0324/063918.598219:INFO:CONSOLE(656)] "Uncaught SyntaxError: Invalid or unexpected token", source: file:///home/dhia/browser-fuzzer/Dissertation/logger/run_20250324_061027/round_004/mutations/mutated_0004.html (656)
[17340:17340:0324/063918.767905:INFO:CONSOLE(681)] "Uncaught SyntaxError: Invalid or unexpected token", source: file:///home/dhia/browser-fuzzer/Dissertation/logger/run_20250324_061027/round_004/mutations/mutated_0004.html (681)
[17340:17340:0324/063922.210839:INFO:CONSOLE(711)] "Uncaught SyntaxError: Invalid or unexpected token", source: file:///home/dhia/browser-fuzzer/Dissertation/logger/run_20250324_061027/round_004/mutations/mutated_0004.html (711)
[17340:17340:0324/063922.294649:INFO:CONSOLE(712)] "Uncaught SyntaxError: Invalid or unexpected token", source: file:///home/dhia/browser-fuzzer/Dissertation/logger/run_20250324_061027/round_004/mutations/mutated_0004.html (712)
[17340:17340:0324/063922.511821:INFO:CONSOLE(792)] "Uncaught SyntaxError: Unexpected end of input", source: file:///home/dhia/browser-fuzzer/Dissertation/logger/run_20250324_061027/round_004/mutations/mutated_0004.html (792)
[17340:17340:0324/063922.521546:INFO:CONSOLE(795)] "Uncaught SyntaxError: Invalid or unexpected token", source: file:///home/dhia/browser-fuzzer/Dissertation/logger/run_20250324_061027/round_004/mutations/mutated_0004.html (795)
[17340:17340:0324/063922.551785:INFO:CONSOLE(796)] "Uncaught SyntaxError: Invalid or unexpected token", source: file:///home/dhia/browser-fuzzer/Dissertation/logger/run_20250324_061027/round_004/mutations/mutated_0004.html (796)
[17340:17340:0324/063922.683362:INFO:CONSOLE(865)] "Uncaught SyntaxError: Unexpected end of input", source: file:///home/dhia/browser-fuzzer/Dissertation/logger/run_20250324_061027/round_004/mutations/mutated_0004.html (865)
[17340:17340:0324/063922.885993:INFO:CONSOLE(957)] "Uncaught SyntaxError: Unexpected end of input", source: file:///home/dhia/browser-fuzzer/Dissertation/logger/run_20250324_061027/round_004/mutations/mutated_0004.html (957)
[17340:17340:0324/063923.064314:INFO:CONSOLE(976)] "Uncaught SyntaxError: Invalid or unexpected token", source: file:///home/dhia/browser-fuzzer/Dissertation/logger/run_20250324_061027/round_004/mutations/mutated_0004.html (976)
[17340:17340:0324/063923.258305:INFO:CONSOLE(984)] "Uncaught SyntaxError: Invalid or unexpected token", source: file:///home/dhia/browser-fuzzer/Dissertation/logger/run_20250324_061027/round_004/mutations/mutated_0004.html (984)
[17340:17340:0324/063923.262268:INFO:CONSOLE(985)] "Uncaught SyntaxError: Invalid or unexpected token", source: file:///home/dhia/browser-fuzzer/Dissertation/logger/run_20250324_061027/round_004/mutations/mutated_0004.html (985)
[17340:17340:0324/063923.382982:INFO:CONSOLE(986)] "Uncaught SyntaxError: Invalid or unexpected token", source: file:///home/dhia/browser-fuzzer/Dissertation/logger/run_20250324_061027/round_004/mutations/mutated_0004.html (986)
[17340:17340:0324/063923.396369:INFO:CONSOLE(987)] "Uncaught SyntaxError: Invalid or unexpected token", source: file:///home/dhia/browser-fuzzer/Dissertation/logger/run_20250324_061027/round_004/mutations/mutated_0004.html (987)
[17340:17340:0324/063923.403857:INFO:CONSOLE(988)] "Uncaught SyntaxError: Invalid or unexpected token", source: file:///home/dhia/browser-fuzzer/Dissertation/logger/run_20250324_061027/round_004/mutations/mutated_0004.html (988)
[17340:17340:0324/063923.413006:INFO:CONSOLE(989)] "Uncaught SyntaxError: Invalid or unexpected token", source: file:///home/dhia/browser-fuzzer/Dissertation/logger/run_20250324_061027/round_004/mutations/mutated_0004.html (989)
[17340:17340:0324/063923.420601:INFO:CONSOLE(990)] "Uncaught SyntaxError: Invalid or unexpected token", source: file:///home/dhia/browser-fuzzer/Dissertation/logger/run_20250324_061027/round_004/mutations/mutated_0004.html (990)
[17340:17340:0324/063923.547385:INFO:CONSOLE(998)] "Uncaught SyntaxError: Invalid or unexpected token", source: file:///home/dhia/browser-fuzzer/Dissertation/logger/run_20250324_061027/round_004/mutations/mutated_0004.html (998)
[17340:17340:0324/063923.550992:INFO:CONSOLE(999)] "Uncaught SyntaxError: Invalid or unexpected token", source: file:///home/dhia/browser-fuzzer/Dissertation/logger/run_20250324_061027/round_004/mutations/mutated_0004.html (999)
[17340:17340:0324/063923.560659:INFO:CONSOLE(1071)] "Uncaught SyntaxError: Invalid or unexpected token", source: file:///home/dhia/browser-fuzzer/Dissertation/logger/run_20250324_061027/round_004/mutations/mutated_0004.html (1071)
[17340:17340:0324/063923.691033:INFO:CONSOLE(1072)] "Uncaught SyntaxError: Invalid or unexpected token", source: file:///home/dhia/browser-fuzzer/Dissertation/logger/run_20250324_061027/round_004/mutations/mutated_0004.html (1072)
[17340:17340:0324/063923.839259:INFO:CONSOLE(1099)] "Uncaught SyntaxError: Invalid or unexpected token", source: file:///home/dhia/browser-fuzzer/Dissertation/logger/run_20250324_061027/round_004/mutations/mutated_0004.html (1099)
[17340:17340:0324/063923.866332:INFO:CONSOLE(1100)] "Uncaught SyntaxError: Invalid or unexpected token", source: file:///home/dhia/browser-fuzzer/Dissertation/logger/run_20250324_061027/round_004/mutations/mutated_0004.html (1100)
[17340:17340:0324/063924.052936:INFO:CONSOLE(1146)] "Uncaught SyntaxError: Invalid or unexpected token", source: file:///home/dhia/browser-fuzzer/Dissertation/logger/run_20250324_061027/round_004/mutations/mutated_0004.html (1146)
[17340:17340:0324/063924.297252:INFO:CONSOLE(1171)] "Uncaught SyntaxError: Invalid or unexpected token", source: file:///home/dhia/browser-fuzzer/Dissertation/logger/run_20250324_061027/round_004/mutations/mutated_0004.html (1171)
[17340:17340:0324/063924.590563:INFO:CONSOLE(1189)] "Uncaught SyntaxError: Invalid or unexpected token", source: file:///home/dhia/browser-fuzzer/Dissertation/logger/run_20250324_061027/round_004/mutations/mutated_0004.html (1189)
[17340:17340:0324/063924.610879:INFO:CONSOLE(1190)] "Uncaught SyntaxError: Invalid or unexpected token", source: file:///home/dhia/browser-fuzzer/Dissertation/logger/run_20250324_061027/round_004/mutations/mutated_0004.html (1190)
[17340:17340:0324/063924.779412:INFO:CONSOLE(1270)] "Uncaught SyntaxError: Unexpected end of input", source: file:///home/dhia/browser-fuzzer/Dissertation/logger/run_20250324_061027/round_004/mutations/mutated_0004.html (1270)
[17340:17340:0324/063924.793077:INFO:CONSOLE(1273)] "Uncaught SyntaxError: Invalid or unexpected token", source: file:///home/dhia/browser-fuzzer/Dissertation/logger/run_20250324_061027/round_004/mutations/mutated_0004.html (1273)
[17340:17340:0324/063924.808482:INFO:CONSOLE(1274)] "Uncaught SyntaxError: Invalid or unexpected token", source: file:///home/dhia/browser-fuzzer/Dissertation/logger/run_20250324_061027/round_004/mutations/mutated_0004.html (1274)
[17340:17340:0324/063924.998903:INFO:CONSOLE(1343)] "Uncaught SyntaxError: Unexpected end of input", source: file:///home/dhia/browser-fuzzer/Dissertation/logger/run_20250324_061027/round_004/mutations/mutated_0004.html (1343)
[17340:17340:0324/063925.247238:INFO:CONSOLE(1423)] "Uncaught SyntaxError: Unexpected end of input", source: file:///home/dhia/browser-fuzzer/Dissertation/logger/run_20250324_061027/round_004/mutations/mutated_0004.html (1423)
[17340:17340:0324/063925.452369:INFO:CONSOLE(1454)] "Uncaught SyntaxError: Invalid or unexpected token", source: file:///home/dhia/browser-fuzzer/Dissertation/logger/run_20250324_061027/round_004/mutations/mutated_0004.html (1454)
[17340:17340:0324/063925.761385:INFO:CONSOLE(1462)] "Uncaught SyntaxError: Invalid or unexpected token", source: file:///home/dhia/browser-fuzzer/Dissertation/logger/run_20250324_061027/round_004/mutations/mutated_0004.html (1462)
[17340:17340:0324/063925.765957:INFO:CONSOLE(1463)] "Uncaught SyntaxError: Invalid or unexpected token", source: file:///home/dhia/browser-fuzzer/Dissertation/logger/run_20250324_061027/round_004/mutations/mutated_0004.html (1463)
[17340:17340:0324/063925.892869:INFO:CONSOLE(1464)] "Uncaught SyntaxError: Invalid or unexpected token", source: file:///home/dhia/browser-fuzzer/Dissertation/logger/run_20250324_061027/round_004/mutations/mutated_0004.html (1464)
[17340:17340:0324/063925.901041:INFO:CONSOLE(1465)] "Uncaught SyntaxError: Invalid or unexpected token", source: file:///home/dhia/browser-fuzzer/Dissertation/logger/run_20250324_061027/round_004/mutations/mutated_0004.html (1465)
[17340:17340:0324/063925.911825:INFO:CONSOLE(1466)] "Uncaught SyntaxError: Invalid or unexpected token", source: file:///home/dhia/browser-fuzzer/Dissertation/logger/run_20250324_061027/round_004/mutations/mutated_0004.html (1466)
[17340:17340:0324/063926.014811:INFO:CONSOLE(1467)] "Uncaught SyntaxError: Invalid or unexpected token", source: file:///home/dhia/browser-fuzzer/Dissertation/logger/run_20250324_061027/round_004/mutations/mutated_0004.html (1467)
[17340:17340:0324/063926.319061:INFO:CONSOLE(1488)] "Uncaught SyntaxError: Invalid or unexpected token", source: file:///home/dhia/browser-fuzzer/Dissertation/logger/run_20250324_061027/round_004/mutations/mutated_0004.html (1488)
[17340:17340:0324/063926.323596:INFO:CONSOLE(1489)] "Uncaught SyntaxError: Invalid or unexpected token", source: file:///home/dhia/browser-fuzzer/Dissertation/logger/run_20250324_061027/round_004/mutations/mutated_0004.html (1489)
[17340:17340:0324/063926.552385:INFO:CONSOLE(1569)] "Uncaught SyntaxError: Unexpected end of input", source: file:///home/dhia/browser-fuzzer/Dissertation/logger/run_20250324_061027/round_004/mutations/mutated_0004.html (1569)
[17340:17340:0324/063926.556315:INFO:CONSOLE(1572)] "Uncaught SyntaxError: Invalid or unexpected token", source: file:///home/dhia/browser-fuzzer/Dissertation/logger/run_20250324_061027/round_004/mutations/mutated_0004.html (1572)
[17340:17340:0324/063926.743402:INFO:CONSOLE(1573)] "Uncaught SyntaxError: Invalid or unexpected token", source: file:///home/dhia/browser-fuzzer/Dissertation/logger/run_20250324_061027/round_004/mutations/mutated_0004.html (1573)
[17340:17340:0324/063926.776396:INFO:CONSOLE(1581)] "Uncaught SyntaxError: Invalid or unexpected token", source: file:///home/dhia/browser-fuzzer/Dissertation/logger/run_20250324_061027/round_004/mutations/mutated_0004.html (1581)
[17340:17340:0324/063926.873165:INFO:CONSOLE(1582)] "Uncaught SyntaxError: Invalid or unexpected token", source: file:///home/dhia/browser-fuzzer/Dissertation/logger/run_20250324_061027/round_004/mutations/mutated_0004.html (1582)
[17340:17340:0324/063926.884029:INFO:CONSOLE(1654)] "Uncaught SyntaxError: Invalid or unexpected token", source: file:///home/dhia/browser-fuzzer/Dissertation/logger/run_20250324_061027/round_004/mutations/mutated_0004.html (1654)
[17340:17340:0324/063926.898368:INFO:CONSOLE(1655)] "Uncaught SyntaxError: Invalid or unexpected token", source: file:///home/dhia/browser-fuzzer/Dissertation/logger/run_20250324_061027/round_004/mutations/mutated_0004.html (1655)
[17340:17340:0324/063927.109825:INFO:CONSOLE(1682)] "Uncaught SyntaxError: Invalid or unexpected token", source: file:///home/dhia/browser-fuzzer/Dissertation/logger/run_20250324_061027/round_004/mutations/mutated_0004.html (1682)
[17340:17340:0324/063927.120004:INFO:CONSOLE(1683)] "Uncaught SyntaxError: Invalid or unexpected token", source: file:///home/dhia/browser-fuzzer/Dissertation/logger/run_20250324_061027/round_004/mutations/mutated_0004.html (1683)
[17340:17340:0324/063927.403666:INFO:CONSOLE(1762)] "Uncaught SyntaxError: Unexpected end of input", source: file:///home/dhia/browser-fuzzer/Dissertation/logger/run_20250324_061027/round_004/mutations/mutated_0004.html (1762)
[17340:17340:0324/063927.797727:INFO:CONSOLE(1832)] "Uncaught SyntaxError: Unexpected end of input", source: file:///home/dhia/browser-fuzzer/Dissertation/logger/run_20250324_061027/round_004/mutations/mutated_0004.html (1832)
[17340:17340:0324/063928.013119:INFO:CONSOLE(1861)] "Uncaught SyntaxError: Invalid or unexpected token", source: file:///home/dhia/browser-fuzzer/Dissertation/logger/run_20250324_061027/round_004/mutations/mutated_0004.html (1861)
[17340:17340:0324/063928.353848:INFO:CONSOLE(1940)] "Uncaught SyntaxError: Unexpected end of input", source: file:///home/dhia/browser-fuzzer/Dissertation/logger/run_20250324_061027/round_004/mutations/mutated_0004.html (1940)
[17340:17340:0324/063928.646393:INFO:CONSOLE(2177)] "Uncaught SyntaxError: Invalid or unexpected token", source: file:///home/dhia/browser-fuzzer/Dissertation/logger/run_20250324_061027/round_004/mutations/mutated_0004.html (2177)
[17340:17340:0324/063928.659631:INFO:CONSOLE(2178)] "Uncaught SyntaxError: Invalid or unexpected token", source: file:///home/dhia/browser-fuzzer/Dissertation/logger/run_20250324_061027/round_004/mutations/mutated_0004.html (2178)
[17340:17340:0324/063928.666096:INFO:CONSOLE(2179)] "Uncaught SyntaxError: Invalid or unexpected token", source: file:///home/dhia/browser-fuzzer/Dissertation/logger/run_20250324_061027/round_004/mutations/mutated_0004.html (2179)
[17340:17340:0324/063929.245233:INFO:CONSOLE(2180)] "Uncaught SyntaxError: Invalid or unexpected token", source: file:///home/dhia/browser-fuzzer/Dissertation/logger/run_20250324_061027/round_004/mutations/mutated_0004.html (2180)
[17340:17340:0324/063929.253046:INFO:CONSOLE(2181)] "Uncaught SyntaxError: Invalid or unexpected token", source: file:///home/dhia/browser-fuzzer/Dissertation/logger/run_20250324_061027/round_004/mutations/mutated_0004.html (2181)
[17340:17340:0324/063929.257887:INFO:CONSOLE(2182)] "Uncaught SyntaxError: Invalid or unexpected token", source: file:///home/dhia/browser-fuzzer/Dissertation/logger/run_20250324_061027/round_004/mutations/mutated_0004.html (2182)
[17340:17340:0324/063929.370505:INFO:CONSOLE(2189)] "Uncaught SyntaxError: Invalid or unexpected token", source: file:///home/dhia/browser-fuzzer/Dissertation/logger/run_20250324_061027/round_004/mutations/mutated_0004.html (2189)
[17340:17340:0324/063929.377419:INFO:CONSOLE(2190)] "Uncaught SyntaxError: Invalid or unexpected token", source: file:///home/dhia/browser-fuzzer/Dissertation/logger/run_20250324_061027/round_004/mutations/mutated_0004.html (2190)
[17340:17340:0324/063929.388243:INFO:CONSOLE(2262)] "Uncaught SyntaxError: Invalid or unexpected token", source: file:///home/dhia/browser-fuzzer/Dissertation/logger/run_20250324_061027/round_004/mutations/mutated_0004.html (2262)
[17340:17340:0324/063929.636970:INFO:CONSOLE(2263)] "Uncaught SyntaxError: Invalid or unexpected token", source: file:///home/dhia/browser-fuzzer/Dissertation/logger/run_20250324_061027/round_004/mutations/mutated_0004.html (2263)
[17340:17340:0324/063929.652423:INFO:CONSOLE(2277)] "Uncaught SyntaxError: Invalid or unexpected token", source: file:///home/dhia/browser-fuzzer/Dissertation/logger/run_20250324_061027/round_004/mutations/mutated_0004.html (2277)
[17340:17340:0324/063929.843169:INFO:CONSOLE(2326)] "Uncaught SyntaxError: Invalid or unexpected token", source: file:///home/dhia/browser-fuzzer/Dissertation/logger/run_20250324_061027/round_004/mutations/mutated_0004.html (2326)
[17340:17340:0324/063930.114895:INFO:CONSOLE(2394)] "Uncaught SyntaxError: Invalid or unexpected token", source: file:///home/dhia/browser-fuzzer/Dissertation/logger/run_20250324_061027/round_004/mutations/mutated_0004.html (2394)
[17340:17340:0324/063930.738265:INFO:CONSOLE(2429)] "Uncaught SyntaxError: Invalid or unexpected token", source: file:///home/dhia/browser-fuzzer/Dissertation/logger/run_20250324_061027/round_004/mutations/mutated_0004.html (2429)
[17340:17340:0324/063930.756250:INFO:CONSOLE(2430)] "Uncaught SyntaxError: Invalid or unexpected token", source: file:///home/dhia/browser-fuzzer/Dissertation/logger/run_20250324_061027/round_004/mutations/mutated_0004.html (2430)
[17340:17340:0324/063931.189548:INFO:CONSOLE(2456)] "Uncaught SyntaxError: Invalid or unexpected token", source: file:///home/dhia/browser-fuzzer/Dissertation/logger/run_20250324_061027/round_004/mutations/mutated_0004.html (2456)
[17340:17340:0324/063931.197925:INFO:CONSOLE(2457)] "Uncaught SyntaxError: Invalid or unexpected token", source: file:///home/dhia/browser-fuzzer/Dissertation/logger/run_20250324_061027/round_004/mutations/mutated_0004.html (2457)
[17340:17340:0324/063931.329696:INFO:CONSOLE(2461)] "Uncaught SyntaxError: Invalid or unexpected token", source: file:///home/dhia/browser-fuzzer/Dissertation/logger/run_20250324_061027/round_004/mutations/mutated_0004.html (2461)
[17340:17340:0324/063931.477090:INFO:CONSOLE(2484)] "Uncaught SyntaxError: Invalid or unexpected token", source: file:///home/dhia/browser-fuzzer/Dissertation/logger/run_20250324_061027/round_004/mutations/mutated_0004.html (2484)
[17340:17340:0324/063931.502786:INFO:CONSOLE(2488)] "Uncaught SyntaxError: Invalid or unexpected token", source: file:///home/dhia/browser-fuzzer/Dissertation/logger/run_20250324_061027/round_004/mutations/mutated_0004.html (2488)
[17340:17340:0324/063931.628581:INFO:CONSOLE(2489)] "Uncaught SyntaxError: Invalid or unexpected token", source: file:///home/dhia/browser-fuzzer/Dissertation/logger/run_20250324_061027/round_004/mutations/mutated_0004.html (2489)
[17340:17340:0324/063931.637268:INFO:CONSOLE(2490)] "Uncaught SyntaxError: Invalid or unexpected token", source: file:///home/dhia/browser-fuzzer/Dissertation/logger/run_20250324_061027/round_004/mutations/mutated_0004.html (2490)
[17340:17340:0324/063931.794859:INFO:CONSOLE(2491)] "Uncaught SyntaxError: Invalid or unexpected token", source: file:///home/dhia/browser-fuzzer/Dissertation/logger/run_20250324_061027/round_004/mutations/mutated_0004.html (2491)
[17340:17340:0324/063932.003519:INFO:CONSOLE(2512)] "Uncaught SyntaxError: Invalid or unexpected token", source: file:///home/dhia/browser-fuzzer/Dissertation/logger/run_20250324_061027/round_004/mutations/mutated_0004.html (2512)
[17340:17340:0324/063932.016217:INFO:CONSOLE(2513)] "Uncaught SyntaxError: Invalid or unexpected token", source: file:///home/dhia/browser-fuzzer/Dissertation/logger/run_20250324_061027/round_004/mutations/mutated_0004.html (2513)
[17340:17340:0324/063932.202169:INFO:CONSOLE(2529)] "Uncaught SyntaxError: Invalid or unexpected token", source: file:///home/dhia/browser-fuzzer/Dissertation/logger/run_20250324_061027/round_004/mutations/mutated_0004.html (2529)
[17340:17340:0324/063932.207289:INFO:CONSOLE(2530)] "Uncaught SyntaxError: Invalid or unexpected token", source: file:///home/dhia/browser-fuzzer/Dissertation/logger/run_20250324_061027/round_004/mutations/mutated_0004.html (2530)
[17340:17340:0324/063932.402927:INFO:CONSOLE(2540)] "Uncaught SyntaxError: Invalid or unexpected token", source: file:///home/dhia/browser-fuzzer/Dissertation/logger/run_20250324_061027/round_004/mutations/mutated_0004.html (2540)
[17340:17340:0324/063932.411012:INFO:CONSOLE(2541)] "Uncaught SyntaxError: Invalid or unexpected token", source: file:///home/dhia/browser-fuzzer/Dissertation/logger/run_20250324_061027/round_004/mutations/mutated_0004.html (2541)
[17340:17340:0324/063932.630558:INFO:CONSOLE(2548)] "Uncaught SyntaxError: Invalid or unexpected token", source: file:///home/dhia/browser-fuzzer/Dissertation/logger/run_20250324_061027/round_004/mutations/mutated_0004.html (2548)
[17340:17340:0324/063932.648096:INFO:CONSOLE(2549)] "Uncaught SyntaxError: Invalid or unexpected token", source: file:///home/dhia/browser-fuzzer/Dissertation/logger/run_20250324_061027/round_004/mutations/mutated_0004.html (2549)
[17340:17340:0324/063932.831243:INFO:CONSOLE(2563)] "Uncaught SyntaxError: Invalid or unexpected token", source: file:///home/dhia/browser-fuzzer/Dissertation/logger/run_20250324_061027/round_004/mutations/mutated_0004.html (2563)
[17340:17340:0324/063932.852587:INFO:CONSOLE(2564)] "Uncaught SyntaxError: Invalid or unexpected token", source: file:///home/dhia/browser-fuzzer/Dissertation/logger/run_20250324_061027/round_004/mutations/mutated_0004.html (2564)
[17340:17340:0324/063932.856815:INFO:CONSOLE(2565)] "Uncaught SyntaxError: Invalid or unexpected token", source: file:///home/dhia/browser-fuzzer/Dissertation/logger/run_20250324_061027/round_004/mutations/mutated_0004.html (2565)
[17340:17340:0324/063933.018005:INFO:CONSOLE(2576)] "Uncaught SyntaxError: Invalid or unexpected token", source: file:///home/dhia/browser-fuzzer/Dissertation/logger/run_20250324_061027/round_004/mutations/mutated_0004.html (2576)
[17340:17340:0324/063933.023810:INFO:CONSOLE(2587)] "Uncaught SyntaxError: Invalid or unexpected token", source: file:///home/dhia/browser-fuzzer/Dissertation/logger/run_20250324_061027/round_004/mutations/mutated_0004.html (2587)
[17340:17340:0324/063933.226284:INFO:CONSOLE(2588)] "Uncaught SyntaxError: Invalid or unexpected token", source: file:///home/dhia/browser-fuzzer/Dissertation/logger/run_20250324_061027/round_004/mutations/mutated_0004.html (2588)
[17340:17340:0324/063933.231527:INFO:CONSOLE(2589)] "Uncaught SyntaxError: Invalid or unexpected token", source: file:///home/dhia/browser-fuzzer/Dissertation/logger/run_20250324_061027/round_004/mutations/mutated_0004.html (2589)
[17340:17340:0324/063933.239609:INFO:CONSOLE(2590)] "Uncaught SyntaxError: Invalid or unexpected token", source: file:///home/dhia/browser-fuzzer/Dissertation/logger/run_20250324_061027/round_004/mutations/mutated_0004.html (2590)
[17340:17340:0324/063933.394061:INFO:CONSOLE(2591)] "Uncaught SyntaxError: Invalid or unexpected token", source: file:///home/dhia/browser-fuzzer/Dissertation/logger/run_20250324_061027/round_004/mutations/mutated_0004.html (2591)
[17340:17340:0324/063933.410430:INFO:CONSOLE(2592)] "Uncaught SyntaxError: Invalid or unexpected token", source: file:///home/dhia/browser-fuzzer/Dissertation/logger/run_20250324_061027/round_004/mutations/mutated_0004.html (2592)
[17340:17340:0324/063933.415815:INFO:CONSOLE(2593)] "Uncaught SyntaxError: Invalid or unexpected token", source: file:///home/dhia/browser-fuzzer/Dissertation/logger/run_20250324_061027/round_004/mutations/mutated_0004.html (2593)
[17340:17340:0324/063933.585308:INFO:CONSOLE(2594)] "Uncaught SyntaxError: Invalid or unexpected token", source: file:///home/dhia/browser-fuzzer/Dissertation/logger/run_20250324_061027/round_004/mutations/mutated_0004.html (2594)
[17340:17340:0324/063933.599540:INFO:CONSOLE(2595)] "Uncaught SyntaxError: Invalid or unexpected token", source: file:///home/dhia/browser-fuzzer/Dissertation/logger/run_20250324_061027/round_004/mutations/mutated_0004.html (2595)
[17340:17340:0324/063933.796789:INFO:CONSOLE(2596)] "Uncaught SyntaxError: Invalid or unexpected token", source: file:///home/dhia/browser-fuzzer/Dissertation/logger/run_20250324_061027/round_004/mutations/mutated_0004.html (2596)
[17340:17340:0324/063933.818573:INFO:CONSOLE(2597)] "Uncaught SyntaxError: Invalid or unexpected token", source: file:///home/dhia/browser-fuzzer/Dissertation/logger/run_20250324_061027/round_004/mutations/mutated_0004.html (2597)
[17340:17340:0324/063934.025677:INFO:CONSOLE(2598)] "Uncaught SyntaxError: Invalid or unexpected token", source: file:///home/dhia/browser-fuzzer/Dissertation/logger/run_20250324_061027/round_004/mutations/mutated_0004.html (2598)
[17340:17340:0324/063934.031435:INFO:CONSOLE(2599)] "Uncaught SyntaxError: Invalid or unexpected token", source: file:///home/dhia/browser-fuzzer/Dissertation/logger/run_20250324_061027/round_004/mutations/mutated_0004.html (2599)
[17340:17340:0324/063934.537904:INFO:CONSOLE(2689)] "Uncaught SyntaxError: Unexpected end of input", source: file:///home/dhia/browser-fuzzer/Dissertation/logger/run_20250324_061027/round_004/mutations/mutated_0004.html (2689)
[17340:17340:0324/063935.037544:INFO:CONSOLE(2760)] "Uncaught SyntaxError: Unexpected end of input", source: file:///home/dhia/browser-fuzzer/Dissertation/logger/run_20250324_061027/round_004/mutations/mutated_0004.html (2760)
[17340:17340:0324/063935.869948:INFO:CONSOLE(2855)] "Uncaught SyntaxError: Invalid or unexpected token", source: file:///home/dhia/browser-fuzzer/Dissertation/logger/run_20250324_061027/round_004/mutations/mutated_0004.html (2855)
[17340:17340:0324/063935.883259:INFO:CONSOLE(2856)] "Uncaught SyntaxError: Invalid or unexpected token", source: file:///home/dhia/browser-fuzzer/Dissertation/logger/run_20250324_061027/round_004/mutations/mutated_0004.html (2856)
[17340:17340:0324/063936.266397:INFO:CONSOLE(2857)] "Uncaught SyntaxError: Invalid or unexpected token", source: file:///home/dhia/browser-fuzzer/Dissertation/logger/run_20250324_061027/round_004/mutations/mutated_0004.html (2857)
[17340:17340:0324/063936.288799:INFO:CONSOLE(2858)] "Uncaught SyntaxError: Invalid or unexpected token", source: file:///home/dhia/browser-fuzzer/Dissertation/logger/run_20250324_061027/round_004/mutations/mutated_0004.html (2858)
[17340:17340:0324/063936.292812:INFO:CONSOLE(2859)] "Uncaught SyntaxError: Invalid or unexpected token", source: file:///home/dhia/browser-fuzzer/Dissertation/logger/run_20250324_061027/round_004/mutations/mutated_0004.html (2859)
[17340:17340:0324/063936.468237:INFO:CONSOLE(2860)] "Uncaught SyntaxError: Invalid or unexpected token", source: file:///home/dhia/browser-fuzzer/Dissertation/logger/run_20250324_061027/round_004/mutations/mutated_0004.html (2860)
[17340:17340:0324/063936.488618:INFO:CONSOLE(2868)] "Uncaught SyntaxError: Invalid or unexpected token", source: file:///home/dhia/browser-fuzzer/Dissertation/logger/run_20250324_061027/round_004/mutations/mutated_0004.html (2868)
[17340:17340:0324/063936.651042:INFO:CONSOLE(2869)] "Uncaught SyntaxError: Invalid or unexpected token", source: file:///home/dhia/browser-fuzzer/Dissertation/logger/run_20250324_061027/round_004/mutations/mutated_0004.html (2869)
[17340:17340:0324/063936.659634:INFO:CONSOLE(2941)] "Uncaught SyntaxError: Invalid or unexpected token", source: file:///home/dhia/browser-fuzzer/Dissertation/logger/run_20250324_061027/round_004/mutations/mutated_0004.html (2941)
[17340:17340:0324/063937.047512:INFO:CONSOLE(2942)] "Uncaught SyntaxError: Invalid or unexpected token", source: file:///home/dhia/browser-fuzzer/Dissertation/logger/run_20250324_061027/round_004/mutations/mutated_0004.html (2942)
[17340:17340:0324/063937.283043:INFO:CONSOLE(2969)] "Uncaught SyntaxError: Invalid or unexpected token", source: file:///home/dhia/browser-fuzzer/Dissertation/logger/run_20250324_061027/round_004/mutations/mutated_0004.html (2969)
[17340:17340:0324/063937.289630:INFO:CONSOLE(2970)] "Uncaught SyntaxError: Invalid or unexpected token", source: file:///home/dhia/browser-fuzzer/Dissertation/logger/run_20250324_061027/round_004/mutations/mutated_0004.html (2970)
[17340:17340:0324/063937.514695:INFO:CONSOLE(3028)] "Uncaught SyntaxError: Invalid or unexpected token", source: file:///home/dhia/browser-fuzzer/Dissertation/logger/run_20250324_061027/round_004/mutations/mutated_0004.html (3028)
[17340:17340:0324/063937.812658:INFO:CONSOLE(3063)] "Uncaught SyntaxError: Invalid or unexpected token", source: file:///home/dhia/browser-fuzzer/Dissertation/logger/run_20250324_061027/round_004/mutations/mutated_0004.html (3063)
[17340:17340:0324/063938.274973:INFO:CONSOLE(3093)] "Uncaught SyntaxError: Invalid or unexpected token", source: file:///home/dhia/browser-fuzzer/Dissertation/logger/run_20250324_061027/round_004/mutations/mutated_0004.html (3093)
[17340:17340:0324/063938.289438:INFO:CONSOLE(3094)] "Uncaught SyntaxError: Invalid or unexpected token", source: file:///home/dhia/browser-fuzzer/Dissertation/logger/run_20250324_061027/round_004/mutations/mutated_0004.html (3094)
[17340:17340:0324/063938.478987:INFO:CONSOLE(3186)] "Uncaught SyntaxError: Unexpected end of input", source: file:///home/dhia/browser-fuzzer/Dissertation/logger/run_20250324_061027/round_004/mutations/mutated_0004.html (3186)
[17340:17340:0324/063938.485225:INFO:CONSOLE(3189)] "Uncaught SyntaxError: Invalid or unexpected token", source: file:///home/dhia/browser-fuzzer/Dissertation/logger/run_20250324_061027/round_004/mutations/mutated_0004.html (3189)
[17340:17340:0324/063938.507807:INFO:CONSOLE(3190)] "Uncaught SyntaxError: Invalid or unexpected token", source: file:///home/dhia/browser-fuzzer/Dissertation/logger/run_20250324_061027/round_004/mutations/mutated_0004.html (3190)
[17340:17340:0324/063938.984373:INFO:CONSOLE(3259)] "Uncaught SyntaxError: Unexpected end of input", source: file:///home/dhia/browser-fuzzer/Dissertation/logger/run_20250324_061027/round_004/mutations/mutated_0004.html (3259)
[17340:17340:0324/063939.570063:INFO:CONSOLE(3351)] "Uncaught SyntaxError: Unexpected end of input", source: file:///home/dhia/browser-fuzzer/Dissertation/logger/run_20250324_061027/round_004/mutations/mutated_0004.html (3351)
[17340:17340:0324/063939.854939:INFO:CONSOLE(3370)] "Uncaught SyntaxError: Invalid or unexpected token", source: file:///home/dhia/browser-fuzzer/Dissertation/logger/run_20250324_061027/round_004/mutations/mutated_0004.html (3370)
[17340:17340:0324/063940.234148:INFO:CONSOLE(3378)] "Uncaught SyntaxError: Invalid or unexpected token", source: file:///home/dhia/browser-fuzzer/Dissertation/logger/run_20250324_061027/round_004/mutations/mutated_0004.html (3378)
[17340:17340:0324/063940.248105:INFO:CONSOLE(3379)] "Uncaught SyntaxError: Invalid or unexpected token", source: file:///home/dhia/browser-fuzzer/Dissertation/logger/run_20250324_061027/round_004/mutations/mutated_0004.html (3379)
[17340:17340:0324/063940.423771:INFO:CONSOLE(3380)] "Uncaught SyntaxError: Invalid or unexpected token", source: file:///home/dhia/browser-fuzzer/Dissertation/logger/run_20250324_061027/round_004/mutations/mutated_0004.html (3380)
[17340:17340:0324/063940.431368:INFO:CONSOLE(3381)] "Uncaught SyntaxError: Invalid or unexpected token", source: file:///home/dhia/browser-fuzzer/Dissertation/logger/run_20250324_061027/round_004/mutations/mutated_0004.html (3381)
[17340:17340:0324/063940.443884:INFO:CONSOLE(3382)] "Uncaught SyntaxError: Invalid or unexpected token", source: file:///home/dhia/browser-fuzzer/Dissertation/logger/run_20250324_061027/round_004/mutations/mutated_0004.html (3382)
[17340:17340:0324/063940.637529:INFO:CONSOLE(3383)] "Uncaught SyntaxError: Invalid or unexpected token", source: file:///home/dhia/browser-fuzzer/Dissertation/logger/run_20250324_061027/round_004/mutations/mutated_0004.html (3383)
[17340:17340:0324/063940.647201:INFO:CONSOLE(3384)] "Uncaught SyntaxError: Invalid or unexpected token", source: file:///home/dhia/browser-fuzzer/Dissertation/logger/run_20250324_061027/round_004/mutations/mutated_0004.html (3384)
[17340:17340:0324/063940.668611:INFO:CONSOLE(3392)] "Uncaught SyntaxError: Invalid or unexpected token", source: file:///home/dhia/browser-fuzzer/Dissertation/logger/run_20250324_061027/round_004/mutations/mutated_0004.html (3392)
[17340:17340:0324/063940.679340:INFO:CONSOLE(3393)] "Uncaught SyntaxError: Invalid or unexpected token", source: file:///home/dhia/browser-fuzzer/Dissertation/logger/run_20250324_061027/round_004/mutations/mutated_0004.html (3393)
[17340:17340:0324/063940.858690:INFO:CONSOLE(3465)] "Uncaught SyntaxError: Invalid or unexpected token", source: file:///home/dhia/browser-fuzzer/Dissertation/logger/run_20250324_061027/round_004/mutations/mutated_0004.html (3465)
[17340:17340:0324/063940.866295:INFO:CONSOLE(3466)] "Uncaught SyntaxError: Invalid or unexpected token", source: file:///home/dhia/browser-fuzzer/Dissertation/logger/run_20250324_061027/round_004/mutations/mutated_0004.html (3466)
[17340:17340:0324/063941.418194:INFO:CONSOLE(3493)] "Uncaught SyntaxError: Invalid or unexpected token", source: file:///home/dhia/browser-fuzzer/Dissertation/logger/run_20250324_061027/round_004/mutations/mutated_0004.html (3493)
[17340:17340:0324/063941.425474:INFO:CONSOLE(3494)] "Uncaught SyntaxError: Invalid or unexpected token", source: file:///home/dhia/browser-fuzzer/Dissertation/logger/run_20250324_061027/round_004/mutations/mutated_0004.html (3494)
[17340:17340:0324/063941.668609:INFO:CONSOLE(3540)] "Uncaught SyntaxError: Invalid or unexpected token", source: file:///home/dhia/browser-fuzzer/Dissertation/logger/run_20250324_061027/round_004/mutations/mutated_0004.html (3540)
[17340:17340:0324/063942.001837:INFO:CONSOLE(3565)] "Uncaught SyntaxError: Invalid or unexpected token", source: file:///home/dhia/browser-fuzzer/Dissertation/logger/run_20250324_061027/round_004/mutations/mutated_0004.html (3565)
[17340:17340:0324/063942.534007:INFO:CONSOLE(3583)] "Uncaught SyntaxError: Invalid or unexpected token", source: file:///home/dhia/browser-fuzzer/Dissertation/logger/run_20250324_061027/round_004/mutations/mutated_0004.html (3583)
[17340:17340:0324/063942.542945:INFO:CONSOLE(3584)] "Uncaught SyntaxError: Invalid or unexpected token", source: file:///home/dhia/browser-fuzzer/Dissertation/logger/run_20250324_061027/round_004/mutations/mutated_0004.html (3584)
[17340:17340:0324/063943.069315:INFO:CONSOLE(3674)] "Uncaught SyntaxError: Unexpected end of input", source: file:///home/dhia/browser-fuzzer/Dissertation/logger/run_20250324_061027/round_004/mutations/mutated_0004.html (3674)
[17340:17340:0324/063943.089074:INFO:CONSOLE(3677)] "Uncaught SyntaxError: Invalid or unexpected token", source: file:///home/dhia/browser-fuzzer/Dissertation/logger/run_20250324_061027/round_004/mutations/mutated_0004.html (3677)
[17340:17340:0324/063943.404900:INFO:CONSOLE(3678)] "Uncaught SyntaxError: Invalid or unexpected token", source: file:///home/dhia/browser-fuzzer/Dissertation/logger/run_20250324_061027/round_004/mutations/mutated_0004.html (3678)
[17340:17340:0324/063943.988649:INFO:CONSOLE(3747)] "Uncaught SyntaxError: Unexpected end of input", source: file:///home/dhia/browser-fuzzer/Dissertation/logger/run_20250324_061027/round_004/mutations/mutated_0004.html (3747)
[17340:17340:0324/063944.658859:INFO:CONSOLE(3827)] "Uncaught SyntaxError: Unexpected end of input", source: file:///home/dhia/browser-fuzzer/Dissertation/logger/run_20250324_061027/round_004/mutations/mutated_0004.html (3827)
[17340:17340:0324/063944.946175:INFO:CONSOLE(3846)] "Uncaught SyntaxError: Invalid or unexpected token", source: file:///home/dhia/browser-fuzzer/Dissertation/logger/run_20250324_061027/round_004/mutations/mutated_0004.html (3846)
[17340:17340:0324/063945.399196:INFO:CONSOLE(3852)] "Uncaught ReferenceError: triggerFurz is not defined", source: file:///home/dhia/browser-fuzzer/Dissertation/logger/run_20250324_061027/round_004/mutations/mutated_0004.html (3852)
[17340:17340:0324/063945.423336:INFO:CONSOLE(3854)] "Uncaught SyntaxError: Invalid or unexpected token", source: file:///home/dhia/browser-fuzzer/Dissertation/logger/run_20250324_061027/round_004/mutations/mutated_0004.html (3854)
[17340:17340:0324/063945.436421:INFO:CONSOLE(3855)] "Uncaught SyntaxError: Invalid or unexpected token", source: file:///home/dhia/browser-fuzzer/Dissertation/logger/run_20250324_061027/round_004/mutations/mutated_0004.html (3855)
[17340:17340:0324/063945.655625:INFO:CONSOLE(3866)] "Uncaught SyntaxError: Invalid or unexpected token", source: file:///home/dhia/browser-fuzzer/Dissertation/logger/run_20250324_061027/round_004/mutations/mutated_0004.html (3866)
[17340:17340:0324/063945.662256:INFO:CONSOLE(3867)] "Uncaught SyntaxError: Invalid or unexpected token", source: file:///home/dhia/browser-fuzzer/Dissertation/logger/run_20250324_061027/round_004/mutations/mutated_0004.html (3867)
[17340:17340:0324/063945.689431:INFO:CONSOLE(3868)] "Uncaught SyntaxError: Invalid or unexpected token", source: file:///home/dhia/browser-fuzzer/Dissertation/logger/run_20250324_061027/round_004/mutations/mutated_0004.html (3868)
[17340:17340:0324/063945.892302:INFO:CONSOLE(3869)] "Uncaught SyntaxError: Invalid or unexpected token", source: file:///home/dhia/browser-fuzzer/Dissertation/logger/run_20250324_061027/round_004/mutations/mutated_0004.html (3869)
[17340:17340:0324/063946.337424:INFO:CONSOLE(3890)] "Uncaught SyntaxError: Invalid or unexpected token", source: file:///home/dhia/browser-fuzzer/Dissertation/logger/run_20250324_061027/round_004/mutations/mutated_0004.html (3890)
[17340:17340:0324/063946.343391:INFO:CONSOLE(3891)] "Uncaught SyntaxError: Invalid or unexpected token", source: file:///home/dhia/browser-fuzzer/Dissertation/logger/run_20250324_061027/round_004/mutations/mutated_0004.html (3891)
[17340:17340:0324/063946.922793:INFO:CONSOLE(3983)] "Uncaught SyntaxError: Unexpected end of input", source: file:///home/dhia/browser-fuzzer/Dissertation/logger/run_20250324_061027/round_004/mutations/mutated_0004.html (3983)
[17340:17340:0324/063946.930169:INFO:CONSOLE(3986)] "Uncaught SyntaxError: Invalid or unexpected token", source: file:///home/dhia/browser-fuzzer/Dissertation/logger/run_20250324_061027/round_004/mutations/mutated_0004.html (3986)
[17340:17340:0324/063946.941789:INFO:CONSOLE(3987)] "Uncaught SyntaxError: Invalid or unexpected token", source: file:///home/dhia/browser-fuzzer/Dissertation/logger/run_20250324_061027/round_004/mutations/mutated_0004.html (3987)
[17340:17340:0324/063947.207221:INFO:CONSOLE(3995)] "Uncaught SyntaxError: Invalid or unexpected token", source: file:///home/dhia/browser-fuzzer/Dissertation/logger/run_20250324_061027/round_004/mutations/mutated_0004.html (3995)
[17340:17340:0324/063947.215351:INFO:CONSOLE(3996)] "Uncaught SyntaxError: Invalid or unexpected token", source: file:///home/dhia/browser-fuzzer/Dissertation/logger/run_20250324_061027/round_004/mutations/mutated_0004.html (3996)
[17340:17340:0324/063947.226645:INFO:CONSOLE(4068)] "Uncaught SyntaxError: Invalid or unexpected token", source: file:///home/dhia/browser-fuzzer/Dissertation/logger/run_20250324_061027/round_004/mutations/mutated_0004.html (4068)
[17340:17340:0324/063947.812791:INFO:CONSOLE(4069)] "Uncaught SyntaxError: Invalid or unexpected token", source: file:///home/dhia/browser-fuzzer/Dissertation/logger/run_20250324_061027/round_004/mutations/mutated_0004.html (4069)
[17340:17340:0324/063948.059822:INFO:CONSOLE(4096)] "Uncaught SyntaxError: Invalid or unexpected token", source: file:///home/dhia/browser-fuzzer/Dissertation/logger/run_20250324_061027/round_004/mutations/mutated_0004.html (4096)
[17340:17340:0324/063948.070286:INFO:CONSOLE(4097)] "Uncaught SyntaxError: Invalid or unexpected token", source: file:///home/dhia/browser-fuzzer/Dissertation/logger/run_20250324_061027/round_004/mutations/mutated_0004.html (4097)
[17340:17340:0324/063948.331636:INFO:CONSOLE(4186)] "Uncaught SyntaxError: Unexpected end of input", source: file:///home/dhia/browser-fuzzer/Dissertation/logger/run_20250324_061027/round_004/mutations/mutated_0004.html (4186)
[17340:17340:0324/063948.976364:INFO:CONSOLE(4268)] "Uncaught SyntaxError: Unexpected end of input", source: file:///home/dhia/browser-fuzzer/Dissertation/logger/run_20250324_061027/round_004/mutations/mutated_0004.html (4268)
[17340:17340:0324/063949.359516:INFO:CONSOLE(4297)] "Uncaught SyntaxError: Invalid or unexpected token", source: file:///home/dhia/browser-fuzzer/Dissertation/logger/run_20250324_061027/round_004/mutations/mutated_0004.html (4297)
[17340:17340:0324/063950.325123:INFO:CONSOLE(4376)] "Uncaught SyntaxError: Unexpected end of input", source: file:///home/dhia/browser-fuzzer/Dissertation/logger/run_20250324_061027/round_004/mutations/mutated_0004.html (4376)
[17340:17340:0324/063950.771189:INFO:CONSOLE(4629)] "Uncaught SyntaxError: Invalid or unexpected token", source: file:///home/dhia/browser-fuzzer/Dissertation/logger/run_20250324_061027/round_004/mutations/mutated_0004.html (4629)
[17340:17340:0324/063950.780833:INFO:CONSOLE(4630)] "Uncaught SyntaxError: Invalid or unexpected token", source: file:///home/dhia/browser-fuzzer/Dissertation/logger/run_20250324_061027/round_004/mutations/mutated_0004.html (4630)
[17340:17340:0324/063950.790359:INFO:CONSOLE(4631)] "Uncaught SyntaxError: Invalid or unexpected token", source: file:///home/dhia/browser-fuzzer/Dissertation/logger/run_20250324_061027/round_004/mutations/mutated_0004.html (4631)
[17340:17340:0324/063951.675181:INFO:CONSOLE(4632)] "Uncaught SyntaxError: Invalid or unexpected token", source: file:///home/dhia/browser-fuzzer/Dissertation/logger/run_20250324_061027/round_004/mutations/mutated_0004.html (4632)
[17340:17340:0324/063951.683039:INFO:CONSOLE(4633)] "Uncaught SyntaxError: Invalid or unexpected token", source: file:///home/dhia/browser-fuzzer/Dissertation/logger/run_20250324_061027/round_004/mutations/mutated_0004.html (4633)
[17340:17340:0324/063951.692314:INFO:CONSOLE(4634)] "Uncaught SyntaxError: Invalid or unexpected token", source: file:///home/dhia/browser-fuzzer/Dissertation/logger/run_20250324_061027/round_004/mutations/mutated_0004.html (4634)
[17340:17340:0324/063951.906293:INFO:CONSOLE(4641)] "Uncaught SyntaxError: Invalid or unexpected token", source: file:///home/dhia/browser-fuzzer/Dissertation/logger/run_20250324_061027/round_004/mutations/mutated_0004.html (4641)
[17340:17340:0324/063951.910973:INFO:CONSOLE(4642)] "Uncaught SyntaxError: Invalid or unexpected token", source: file:///home/dhia/browser-fuzzer/Dissertation/logger/run_20250324_061027/round_004/mutations/mutated_0004.html (4642)
[17340:17340:0324/063951.918111:INFO:CONSOLE(4714)] "Uncaught SyntaxError: Invalid or unexpected token", source: file:///home/dhia/browser-fuzzer/Dissertation/logger/run_20250324_061027/round_004/mutations/mutated_0004.html (4714)
[17340:17340:0324/063952.594275:INFO:CONSOLE(4715)] "Uncaught SyntaxError: Invalid or unexpected token", source: file:///home/dhia/browser-fuzzer/Dissertation/logger/run_20250324_061027/round_004/mutations/mutated_0004.html (4715)
[17340:17340:0324/063952.618567:INFO:CONSOLE(4729)] "Uncaught SyntaxError: Invalid or unexpected token", source: file:///home/dhia/browser-fuzzer/Dissertation/logger/run_20250324_061027/round_004/mutations/mutated_0004.html (4729)
[17340:17340:0324/063952.900233:INFO:CONSOLE(4778)] "Uncaught SyntaxError: Invalid or unexpected token", source: file:///home/dhia/browser-fuzzer/Dissertation/logger/run_20250324_061027/round_004/mutations/mutated_0004.html (4778)
[17340:17340:0324/063953.298608:INFO:CONSOLE(4846)] "Uncaught SyntaxError: Invalid or unexpected token", source: file:///home/dhia/browser-fuzzer/Dissertation/logger/run_20250324_061027/round_004/mutations/mutated_0004.html (4846)
[17340:17340:0324/063954.190114:INFO:CONSOLE(4881)] "Uncaught SyntaxError: Invalid or unexpected token", source: file:///home/dhia/browser-fuzzer/Dissertation/logger/run_20250324_061027/round_004/mutations/mutated_0004.html (4881)
[17340:17340:0324/063954.207039:INFO:CONSOLE(4882)] "Uncaught SyntaxError: Invalid or unexpected token", source: file:///home/dhia/browser-fuzzer/Dissertation/logger/run_20250324_061027/round_004/mutations/mutated_0004.html (4882)
[17340:17340:0324/063954.863887:INFO:CONSOLE(4908)] "Uncaught SyntaxError: Invalid or unexpected token", source: file:///home/dhia/browser-fuzzer/Dissertation/logger/run_20250324_061027/round_004/mutations/mutated_0004.html (4908)
[17340:17340:0324/063954.867554:INFO:CONSOLE(4909)] "Uncaught SyntaxError: Invalid or unexpected token", source: file:///home/dhia/browser-fuzzer/Dissertation/logger/run_20250324_061027/round_004/mutations/mutated_0004.html (4909)
[17340:17340:0324/063955.081694:INFO:CONSOLE(4913)] "Uncaught SyntaxError: Invalid or unexpected token", source: file:///home/dhia/browser-fuzzer/Dissertation/logger/run_20250324_061027/round_004/mutations/mutated_0004.html (4913)
[17340:17340:0324/063955.374768:INFO:CONSOLE(4936)] "Uncaught SyntaxError: Invalid or unexpected token", source: file:///home/dhia/browser-fuzzer/Dissertation/logger/run_20250324_061027/round_004/mutations/mutated_0004.html (4936)
[17340:17340:0324/063955.382538:INFO:CONSOLE(4940)] "Uncaught SyntaxError: Invalid or unexpected token", source: file:///home/dhia/browser-fuzzer/Dissertation/logger/run_20250324_061027/round_004/mutations/mutated_0004.html (4940)
[17340:17340:0324/063955.638775:INFO:CONSOLE(4941)] "Uncaught SyntaxError: Invalid or unexpected token", source: file:///home/dhia/browser-fuzzer/Dissertation/logger/run_20250324_061027/round_004/mutations/mutated_0004.html (4941)
[17340:17340:0324/063955.652638:INFO:CONSOLE(4942)] "Uncaught SyntaxError: Invalid or unexpected token", source: file:///home/dhia/browser-fuzzer/Dissertation/logger/run_20250324_061027/round_004/mutations/mutated_0004.html (4942)
[17340:17340:0324/063955.921918:INFO:CONSOLE(4943)] "Uncaught SyntaxError: Invalid or unexpected token", source: file:///home/dhia/browser-fuzzer/Dissertation/logger/run_20250324_061027/round_004/mutations/mutated_0004.html (4943)
[17340:17340:0324/063956.162762:INFO:CONSOLE(4964)] "Uncaught SyntaxError: Invalid or unexpected token", source: file:///home/dhia/browser-fuzzer/Dissertation/logger/run_20250324_061027/round_004/mutations/mutated_0004.html (4964)
[17340:17340:0324/063956.173232:INFO:CONSOLE(4965)] "Uncaught SyntaxError: Invalid or unexpected token", source: file:///home/dhia/browser-fuzzer/Dissertation/logger/run_20250324_061027/round_004/mutations/mutated_0004.html (4965)
[17340:17340:0324/063956.216696:INFO:CONSOLE(4971)] "Uncaught SyntaxError: Invalid or unexpected token", source: file:///home/dhia/browser-fuzzer/Dissertation/logger/run_20250324_061027/round_004/mutations/mutated_0004.html (4971)
[17340:17340:0324/063956.221639:INFO:CONSOLE(4972)] "Uncaught SyntaxError: Invalid or unexpected token", source: file:///home/dhia/browser-fuzzer/Dissertation/logger/run_20250324_061027/round_004/mutations/mutated_0004.html (4972)
[17340:17340:0324/063956.509573:INFO:CONSOLE(4982)] "Uncaught SyntaxError: Invalid or unexpected token", source: file:///home/dhia/browser-fuzzer/Dissertation/logger/run_20250324_061027/round_004/mutations/mutated_0004.html (4982)
[17340:17340:0324/063956.524098:INFO:CONSOLE(4983)] "Uncaught SyntaxError: Invalid or unexpected token", source: file:///home/dhia/browser-fuzzer/Dissertation/logger/run_20250324_061027/round_004/mutations/mutated_0004.html (4983)
[17340:17340:0324/063956.765421:INFO:CONSOLE(4990)] "Uncaught SyntaxError: Invalid or unexpected token", source: file:///home/dhia/browser-fuzzer/Dissertation/logger/run_20250324_061027/round_004/mutations/mutated_0004.html (4990)
[17340:17340:0324/063956.773356:INFO:CONSOLE(4991)] "Uncaught SyntaxError: Invalid or unexpected token", source: file:///home/dhia/browser-fuzzer/Dissertation/logger/run_20250324_061027/round_004/mutations/mutated_0004.html (4991)
[17340:17340:0324/063956.778117:INFO:CONSOLE(5005)] "Uncaught SyntaxError: Invalid or unexpected token", source: file:///home/dhia/browser-fuzzer/Dissertation/logger/run_20250324_061027/round_004/mutations/mutated_0004.html (5005)
[17340:17340:0324/063957.056969:INFO:CONSOLE(5006)] "Uncaught SyntaxError: Invalid or unexpected token", source: file:///home/dhia/browser-fuzzer/Dissertation/logger/run_20250324_061027/round_004/mutations/mutated_0004.html (5006)
[17340:17340:0324/063957.075378:INFO:CONSOLE(5007)] "Uncaught SyntaxError: Invalid or unexpected token", source: file:///home/dhia/browser-fuzzer/Dissertation/logger/run_20250324_061027/round_004/mutations/mutated_0004.html (5007)
[17340:17340:0324/063957.336006:INFO:CONSOLE(5018)] "Uncaught SyntaxError: Invalid or unexpected token", source: file:///home/dhia/browser-fuzzer/Dissertation/logger/run_20250324_061027/round_004/mutations/mutated_0004.html (5018)
[17340:17340:0324/063957.346984:INFO:CONSOLE(5041)] "Uncaught SyntaxError: Invalid or unexpected token", source: file:///home/dhia/browser-fuzzer/Dissertation/logger/run_20250324_061027/round_004/mutations/mutated_0004.html (5041)
[17340:17340:0324/063957.612823:INFO:CONSOLE(5042)] "Uncaught SyntaxError: Invalid or unexpected token", source: file:///home/dhia/browser-fuzzer/Dissertation/logger/run_20250324_061027/round_004/mutations/mutated_0004.html (5042)
[17340:17340:0324/063957.627387:INFO:CONSOLE(5043)] "Uncaught SyntaxError: Invalid or unexpected token", source: file:///home/dhia/browser-fuzzer/Dissertation/logger/run_20250324_061027/round_004/mutations/mutated_0004.html (5043)
[17340:17340:0324/063957.643523:INFO:CONSOLE(5044)] "Uncaught SyntaxError: Invalid or unexpected token", source: file:///home/dhia/browser-fuzzer/Dissertation/logger/run_20250324_061027/round_004/mutations/mutated_0004.html (5044)
[17340:17340:0324/063957.882864:INFO:CONSOLE(5045)] "Uncaught SyntaxError: Invalid or unexpected token", source: file:///home/dhia/browser-fuzzer/Dissertation/logger/run_20250324_061027/round_004/mutations/mutated_0004.html (5045)
[17340:17340:0324/063957.917138:INFO:CONSOLE(5046)] "Uncaught SyntaxError: Invalid or unexpected token", source: file:///home/dhia/browser-fuzzer/Dissertation/logger/run_20250324_061027/round_004/mutations/mutated_0004.html (5046)
[17340:17340:0324/063958.156270:INFO:CONSOLE(5047)] "Uncaught SyntaxError: Invalid or unexpected token", source: file:///home/dhia/browser-fuzzer/Dissertation/logger/run_20250324_061027/round_004/mutations/mutated_0004.html (5047)
[17340:17340:0324/063958.161036:INFO:CONSOLE(5048)] "Uncaught SyntaxError: Invalid or unexpected token", source: file:///home/dhia/browser-fuzzer/Dissertation/logger/run_20250324_061027/round_004/mutations/mutated_0004.html (5048)
[17340:17340:0324/063958.167222:INFO:CONSOLE(5049)] "Uncaught SyntaxError: Invalid or unexpected token", source: file:///home/dhia/browser-fuzzer/Dissertation/logger/run_20250324_061027/round_004/mutations/mutated_0004.html (5049)
[17340:17340:0324/063958.451437:INFO:CONSOLE(5050)] "Uncaught SyntaxError: Invalid or unexpected token", source: file:///home/dhia/browser-fuzzer/Dissertation/logger/run_20250324_061027/round_004/mutations/mutated_0004.html (5050)
[17340:17340:0324/063958.473833:INFO:CONSOLE(5051)] "Uncaught SyntaxError: Invalid or unexpected token", source: file:///home/dhia/browser-fuzzer/Dissertation/logger/run_20250324_061027/round_004/mutations/mutated_0004.html (5051)
[17340:17340:0324/063958.719935:INFO:CONSOLE(5052)] "Uncaught SyntaxError: Invalid or unexpected token", source: file:///home/dhia/browser-fuzzer/Dissertation/logger/run_20250324_061027/round_004/mutations/mutated_0004.html (5052)
[17340:17340:0324/063958.725496:INFO:CONSOLE(5053)] "Uncaught SyntaxError: Invalid or unexpected token", source: file:///home/dhia/browser-fuzzer/Dissertation/logger/run_20250324_061027/round_004/mutations/mutated_0004.html (5053)
[17340:17340:0324/063958.957978:INFO:CONSOLE(5123)] "Uncaught SyntaxError: Invalid or unexpected token", source: file:///home/dhia/browser-fuzzer/Dissertation/logger/run_20250324_061027/round_004/mutations/mutated_0004.html (5123)
[17340:17340:0324/063958.969359:INFO:CONSOLE(5124)] "Uncaught SyntaxError: Invalid or unexpected token", source: file:///home/dhia/browser-fuzzer/Dissertation/logger/run_20250324_061027/round_004/mutations/mutated_0004.html (5124)
[17340:17340:0324/063958.973673:INFO:CONSOLE(5125)] "Uncaught SyntaxError: Invalid or unexpected token", source: file:///home/dhia/browser-fuzzer/Dissertation/logger/run_20250324_061027/round_004/mutations/mutated_0004.html (5125)
[17340:17340:0324/063959.680130:INFO:CONSOLE(5126)] "Uncaught SyntaxError: Invalid or unexpected token", source: file:///home/dhia/browser-fuzzer/Dissertation/logger/run_20250324_061027/round_004/mutations/mutated_0004.html (5126)
[17340:17340:0324/063959.693171:INFO:CONSOLE(5127)] "Uncaught SyntaxError: Invalid or unexpected token", source: file:///home/dhia/browser-fuzzer/Dissertation/logger/run_20250324_061027/round_004/mutations/mutated_0004.html (5127)
[17340:17340:0324/063959.704333:INFO:CONSOLE(5128)] "Uncaught SyntaxError: Invalid or unexpected token", source: file:///home/dhia/browser-fuzzer/Dissertation/logger/run_20250324_061027/round_004/mutations/mutated_0004.html (5128)
[17340:17340:0324/063959.958430:INFO:CONSOLE(5136)] "Uncaught SyntaxError: Invalid or unexpected token", source: file:///home/dhia/browser-fuzzer/Dissertation/logger/run_20250324_061027/round_004/mutations/mutated_0004.html (5136)
[17340:17340:0324/063959.972515:INFO:CONSOLE(5137)] "Uncaught SyntaxError: Invalid or unexpected token", source: file:///home/dhia/browser-fuzzer/Dissertation/logger/run_20250324_061027/round_004/mutations/mutated_0004.html (5137)
[17340:17340:0324/063959.980641:INFO:CONSOLE(5209)] "Uncaught SyntaxError: Invalid or unexpected token", source: file:///home/dhia/browser-fuzzer/Dissertation/logger/run_20250324_061027/round_004/mutations/mutated_0004.html (5209)
[17340:17340:0324/064000.795022:INFO:CONSOLE(5210)] "Uncaught SyntaxError: Invalid or unexpected token", source: file:///home/dhia/browser-fuzzer/Dissertation/logger/run_20250324_061027/round_004/mutations/mutated_0004.html (5210)
[17340:17340:0324/064001.046937:INFO:CONSOLE(5237)] "Uncaught SyntaxError: Invalid or unexpected token", source: file:///home/dhia/browser-fuzzer/Dissertation/logger/run_20250324_061027/round_004/mutations/mutated_0004.html (5237)
[17340:17340:0324/064001.053866:INFO:CONSOLE(5238)] "Uncaught SyntaxError: Invalid or unexpected token", source: file:///home/dhia/browser-fuzzer/Dissertation/logger/run_20250324_061027/round_004/mutations/mutated_0004.html (5238)
[17340:17340:0324/064001.328103:INFO:CONSOLE(5306)] "Uncaught SyntaxError: Invalid or unexpected token", source: file:///home/dhia/browser-fuzzer/Dissertation/logger/run_20250324_061027/round_004/mutations/mutated_0004.html (5306)
[17340:17340:0324/064001.711633:INFO:CONSOLE(5327)] "Uncaught SyntaxError: Invalid or unexpected token", source: file:///home/dhia/browser-fuzzer/Dissertation/logger/run_20250324_061027/round_004/mutations/mutated_0004.html (5327)
[17340:17340:0324/064002.930641:ERROR:background_mode_manager_aura.cc(12)] Not implemented reached in virtual void BackgroundModeManager::EnableLaunchOnStartup(bool)
[17340:17340:0324/064003.144859:ERROR:kill_posix.cc(33)] waitpid(17412): No child processes (10)
[17340:17370:0324/064003.154683:WARNING:discardable_shared_memory_manager.cc(452)] Some MojoDiscardableSharedMemoryManagerImpls are still alive. They will be leaked.
