[152059:152059:0324/153936.742405:ERROR:cursor_factory.cc(96)] Not implemented reached in virtual void ui::CursorFactory::ObserveThemeChanges()
[152059:152059:0324/153937.279276:WARNING:account_consistency_mode_manager.cc(72)] Desktop Identity Consistency cannot be enabled as no OAuth client ID and client secret have been configured.
[152125:152125:0324/153937.297952:WARNING:sandbox_linux.cc(415)] InitializeSandbox() called with multiple threads in process gpu-process.
[152125:152125:0324/153937.311524:WARNING:viz_main_impl.cc(85)] VizNullHypothesis is disabled (not a warning)
[152124:152124:0324/153937.494761:WARNING:sandbox_linux.cc(415)] InitializeSandbox() called with multiple threads in process gpu-process.
[152124:152124:0324/153937.530332:WARNING:viz_main_impl.cc(85)] VizNullHypothesis is disabled (not a warning)
[152059:152059:0324/153938.646802:ERROR:platform_screen.cc(45)] Not implemented reached in virtual bool ui::PlatformScreen::IsScreenSaverActive() const
[152059:152059:0324/153938.646883:ERROR:platform_screen.cc(50)] Not implemented reached in virtual base::TimeDelta ui::PlatformScreen::CalculateIdleTime() const
[152059:152059:0324/153938.650507:WARNING:compose_enabling.cc(64)] Couldn't get country info.
[152059:152059:0324/153951.055577:INFO:CONSOLE(293)] "Uncaught SyntaxError: Invalid or unexpected token", source: file:///home/dhia/browser-fuzzer/Dissertation/logger/run_20250324_064826/round_052/mutations/mutated_0004.html (293)
[152059:152059:0324/153951.436729:INFO:CONSOLE(294)] "Uncaught SyntaxError: Invalid or unexpected token", source: file:///home/dhia/browser-fuzzer/Dissertation/logger/run_20250324_064826/round_052/mutations/mutated_0004.html (294)
[152059:152059:0324/153951.453229:INFO:CONSOLE(295)] "Uncaught SyntaxError: Invalid or unexpected token", source: file:///home/dhia/browser-fuzzer/Dissertation/logger/run_20250324_064826/round_052/mutations/mutated_0004.html (295)
[152059:152059:0324/153951.733088:INFO:CONSOLE(296)] "Uncaught SyntaxError: Invalid or unexpected token", source: file:///home/dhia/browser-fuzzer/Dissertation/logger/run_20250324_064826/round_052/mutations/mutated_0004.html (296)
[152059:152059:0324/153951.955423:INFO:CONSOLE(297)] "Uncaught SyntaxError: Invalid or unexpected token", source: file:///home/dhia/browser-fuzzer/Dissertation/logger/run_20250324_064826/round_052/mutations/mutated_0004.html (297)
[152059:152059:0324/153951.965002:INFO:CONSOLE(298)] "Uncaught SyntaxError: Invalid or unexpected token", source: file:///home/dhia/browser-fuzzer/Dissertation/logger/run_20250324_064826/round_052/mutations/mutated_0004.html (298)
[152059:152059:0324/153952.197988:INFO:CONSOLE(299)] "Uncaught SyntaxError: Invalid or unexpected token", source: file:///home/dhia/browser-fuzzer/Dissertation/logger/run_20250324_064826/round_052/mutations/mutated_0004.html (299)
[152059:152059:0324/153952.214431:INFO:CONSOLE(300)] "Uncaught SyntaxError: Invalid or unexpected token", source: file:///home/dhia/browser-fuzzer/Dissertation/logger/run_20250324_064826/round_052/mutations/mutated_0004.html (300)
[152059:152059:0324/153952.415327:INFO:CONSOLE(373)] "Uncaught SyntaxError: Invalid or unexpected token", source: file:///home/dhia/browser-fuzzer/Dissertation/logger/run_20250324_064826/round_052/mutations/mutated_0004.html (373)
[152059:152059:0324/153952.418923:INFO:CONSOLE(374)] "Uncaught SyntaxError: Invalid or unexpected token", source: file:///home/dhia/browser-fuzzer/Dissertation/logger/run_20250324_064826/round_052/mutations/mutated_0004.html (374)
[152059:152059:0324/153952.623917:INFO:CONSOLE(375)] "Uncaught SyntaxError: Invalid or unexpected token", source: file:///home/dhia/browser-fuzzer/Dissertation/logger/run_20250324_064826/round_052/mutations/mutated_0004.html (375)
[152059:152059:0324/153952.635228:INFO:CONSOLE(376)] "Uncaught SyntaxError: Invalid or unexpected token", source: file:///home/dhia/browser-fuzzer/Dissertation/logger/run_20250324_064826/round_052/mutations/mutated_0004.html (376)
[152059:152059:0324/153952.653314:INFO:CONSOLE(377)] "Uncaught SyntaxError: Invalid or unexpected token", source: file:///home/dhia/browser-fuzzer/Dissertation/logger/run_20250324_064826/round_052/mutations/mutated_0004.html (377)
[152059:152059:0324/153952.851845:INFO:CONSOLE(378)] "Uncaught SyntaxError: Invalid or unexpected token", source: file:///home/dhia/browser-fuzzer/Dissertation/logger/run_20250324_064826/round_052/mutations/mutated_0004.html (378)
[152059:152059:0324/153952.858378:INFO:CONSOLE(379)] "Uncaught SyntaxError: Invalid or unexpected token", source: file:///home/dhia/browser-fuzzer/Dissertation/logger/run_20250324_064826/round_052/mutations/mutated_0004.html (379)
[152059:152059:0324/153953.047246:INFO:CONSOLE(398)] "Uncaught SyntaxError: Invalid or unexpected token", source: file:///home/dhia/browser-fuzzer/Dissertation/logger/run_20250324_064826/round_052/mutations/mutated_0004.html (398)
[152059:152059:0324/153953.062274:INFO:CONSOLE(399)] "Uncaught SyntaxError: Invalid or unexpected token", source: file:///home/dhia/browser-fuzzer/Dissertation/logger/run_20250324_064826/round_052/mutations/mutated_0004.html (399)
[152059:152059:0324/153953.258577:INFO:CONSOLE(400)] "Uncaught SyntaxError: Invalid or unexpected token", source: file:///home/dhia/browser-fuzzer/Dissertation/logger/run_20250324_064826/round_052/mutations/mutated_0004.html (400)
[152059:152059:0324/153953.278261:INFO:CONSOLE(403)] "Uncaught SyntaxError: Invalid or unexpected token", source: file:///home/dhia/browser-fuzzer/Dissertation/logger/run_20250324_064826/round_052/mutations/mutated_0004.html (403)
[152059:152059:0324/153953.496336:INFO:CONSOLE(406)] "Uncaught SyntaxError: Invalid or unexpected token", source: file:///home/dhia/browser-fuzzer/Dissertation/logger/run_20250324_064826/round_052/mutations/mutated_0004.html (406)
[152059:152059:0324/153953.500324:INFO:CONSOLE(407)] "Uncaught SyntaxError: Invalid or unexpected token", source: file:///home/dhia/browser-fuzzer/Dissertation/logger/run_20250324_064826/round_052/mutations/mutated_0004.html (407)
[152059:152059:0324/153953.512621:INFO:CONSOLE(408)] "Uncaught SyntaxError: Invalid or unexpected token", source: file:///home/dhia/browser-fuzzer/Dissertation/logger/run_20250324_064826/round_052/mutations/mutated_0004.html (408)
[152059:152059:0324/153953.708329:INFO:CONSOLE(480)] "Uncaught SyntaxError: Invalid or unexpected token", source: file:///home/dhia/browser-fuzzer/Dissertation/logger/run_20250324_064826/round_052/mutations/mutated_0004.html (480)
[152059:152059:0324/153953.721873:INFO:CONSOLE(481)] "Uncaught SyntaxError: Invalid or unexpected token", source: file:///home/dhia/browser-fuzzer/Dissertation/logger/run_20250324_064826/round_052/mutations/mutated_0004.html (481)
[152059:152059:0324/153953.741185:INFO:CONSOLE(484)] "Uncaught SyntaxError: Invalid or unexpected token", source: file:///home/dhia/browser-fuzzer/Dissertation/logger/run_20250324_064826/round_052/mutations/mutated_0004.html (484)
[152059:152059:0324/153953.944323:INFO:CONSOLE(485)] "Uncaught SyntaxError: Invalid or unexpected token", source: file:///home/dhia/browser-fuzzer/Dissertation/logger/run_20250324_064826/round_052/mutations/mutated_0004.html (485)
[152059:152059:0324/153954.238755:INFO:CONSOLE(524)] "Uncaught SyntaxError: Invalid or unexpected token", source: file:///home/dhia/browser-fuzzer/Dissertation/logger/run_20250324_064826/round_052/mutations/mutated_0004.html (524)
[152059:152059:0324/153954.250061:INFO:CONSOLE(525)] "Uncaught SyntaxError: Invalid or unexpected token", source: file:///home/dhia/browser-fuzzer/Dissertation/logger/run_20250324_064826/round_052/mutations/mutated_0004.html (525)
[152059:152059:0324/153954.260494:INFO:CONSOLE(527)] "Uncaught SyntaxError: Invalid or unexpected token", source: file:///home/dhia/browser-fuzzer/Dissertation/logger/run_20250324_064826/round_052/mutations/mutated_0004.html (527)
[152059:152059:0324/153954.479427:INFO:CONSOLE(528)] "Uncaught SyntaxError: Invalid or unexpected token", source: file:///home/dhia/browser-fuzzer/Dissertation/logger/run_20250324_064826/round_052/mutations/mutated_0004.html (528)
[152059:152059:0324/153954.484549:INFO:CONSOLE(529)] "Uncaught SyntaxError: Invalid or unexpected token", source: file:///home/dhia/browser-fuzzer/Dissertation/logger/run_20250324_064826/round_052/mutations/mutated_0004.html (529)
[152059:152059:0324/153954.501421:INFO:CONSOLE(531)] "Uncaught SyntaxError: Invalid or unexpected token", source: file:///home/dhia/browser-fuzzer/Dissertation/logger/run_20250324_064826/round_052/mutations/mutated_0004.html (531)
[152059:152059:0324/153954.739434:INFO:CONSOLE(532)] "Uncaught SyntaxError: Invalid or unexpected token", source: file:///home/dhia/browser-fuzzer/Dissertation/logger/run_20250324_064826/round_052/mutations/mutated_0004.html (532)
[152059:152059:0324/153954.758091:INFO:CONSOLE(533)] "Uncaught SyntaxError: Invalid or unexpected token", source: file:///home/dhia/browser-fuzzer/Dissertation/logger/run_20250324_064826/round_052/mutations/mutated_0004.html (533)
[152059:152059:0324/153955.020534:INFO:CONSOLE(566)] "Uncaught SyntaxError: Invalid or unexpected token", source: file:///home/dhia/browser-fuzzer/Dissertation/logger/run_20250324_064826/round_052/mutations/mutated_0004.html (566)
[152059:152059:0324/153955.029393:INFO:CONSOLE(567)] "Uncaught SyntaxError: Invalid or unexpected token", source: file:///home/dhia/browser-fuzzer/Dissertation/logger/run_20250324_064826/round_052/mutations/mutated_0004.html (567)
[152059:152059:0324/153955.400312:INFO:CONSOLE(637)] "Uncaught SyntaxError: Invalid or unexpected token", source: file:///home/dhia/browser-fuzzer/Dissertation/logger/run_20250324_064826/round_052/mutations/mutated_0004.html (637)
[152059:152059:0324/153955.708295:INFO:CONSOLE(658)] "Uncaught SyntaxError: Invalid or unexpected token", source: file:///home/dhia/browser-fuzzer/Dissertation/logger/run_20250324_064826/round_052/mutations/mutated_0004.html (658)
[152059:152059:0324/153955.718150:INFO:CONSOLE(659)] "Uncaught SyntaxError: Invalid or unexpected token", source: file:///home/dhia/browser-fuzzer/Dissertation/logger/run_20250324_064826/round_052/mutations/mutated_0004.html (659)
[152059:152059:0324/153955.725728:INFO:CONSOLE(670)] "Uncaught SyntaxError: Invalid or unexpected token", source: file:///home/dhia/browser-fuzzer/Dissertation/logger/run_20250324_064826/round_052/mutations/mutated_0004.html (670)
[152059:152059:0324/153955.888019:INFO:CONSOLE(671)] "Uncaught SyntaxError: Invalid or unexpected token", source: file:///home/dhia/browser-fuzzer/Dissertation/logger/run_20250324_064826/round_052/mutations/mutated_0004.html (671)
[152059:152059:0324/153955.906168:INFO:CONSOLE(672)] "Uncaught SyntaxError: Invalid or unexpected token", source: file:///home/dhia/browser-fuzzer/Dissertation/logger/run_20250324_064826/round_052/mutations/mutated_0004.html (672)
[152059:152059:0324/153956.016969:INFO:CONSOLE(683)] "Uncaught SyntaxError: Invalid or unexpected token", source: file:///home/dhia/browser-fuzzer/Dissertation/logger/run_20250324_064826/round_052/mutations/mutated_0004.html (683)
[152059:152059:0324/153956.031640:INFO:CONSOLE(684)] "Uncaught SyntaxError: Invalid or unexpected token", source: file:///home/dhia/browser-fuzzer/Dissertation/logger/run_20250324_064826/round_052/mutations/mutated_0004.html (684)
[152059:152059:0324/153956.150463:INFO:CONSOLE(693)] "Uncaught SyntaxError: Invalid or unexpected token", source: file:///home/dhia/browser-fuzzer/Dissertation/logger/run_20250324_064826/round_052/mutations/mutated_0004.html (693)
[152059:152059:0324/153956.181681:INFO:CONSOLE(694)] "Uncaught SyntaxError: Invalid or unexpected token", source: file:///home/dhia/browser-fuzzer/Dissertation/logger/run_20250324_064826/round_052/mutations/mutated_0004.html (694)
[152059:152059:0324/153956.294387:INFO:CONSOLE(695)] "Uncaught SyntaxError: Invalid or unexpected token", source: file:///home/dhia/browser-fuzzer/Dissertation/logger/run_20250324_064826/round_052/mutations/mutated_0004.html (695)
[152059:152059:0324/153956.298350:INFO:CONSOLE(696)] "Uncaught SyntaxError: Invalid or unexpected token", source: file:///home/dhia/browser-fuzzer/Dissertation/logger/run_20250324_064826/round_052/mutations/mutated_0004.html (696)
[152059:152059:0324/153956.302624:INFO:CONSOLE(697)] "Uncaught SyntaxError: Invalid or unexpected token", source: file:///home/dhia/browser-fuzzer/Dissertation/logger/run_20250324_064826/round_052/mutations/mutated_0004.html (697)
[152059:152059:0324/153956.409188:INFO:CONSOLE(710)] "Uncaught SyntaxError: Invalid or unexpected token", source: file:///home/dhia/browser-fuzzer/Dissertation/logger/run_20250324_064826/round_052/mutations/mutated_0004.html (710)
[152059:152059:0324/153956.416831:INFO:CONSOLE(716)] "Uncaught SyntaxError: Invalid or unexpected token", source: file:///home/dhia/browser-fuzzer/Dissertation/logger/run_20250324_064826/round_052/mutations/mutated_0004.html (716)
[152059:152059:0324/153956.525375:INFO:CONSOLE(717)] "Uncaught SyntaxError: Invalid or unexpected token", source: file:///home/dhia/browser-fuzzer/Dissertation/logger/run_20250324_064826/round_052/mutations/mutated_0004.html (717)
[152059:152059:0324/153956.541407:INFO:CONSOLE(720)] "Uncaught SyntaxError: Invalid or unexpected token", source: file:///home/dhia/browser-fuzzer/Dissertation/logger/run_20250324_064826/round_052/mutations/mutated_0004.html (720)
[152059:152059:0324/153956.632292:INFO:CONSOLE(721)] "Uncaught SyntaxError: Invalid or unexpected token", source: file:///home/dhia/browser-fuzzer/Dissertation/logger/run_20250324_064826/round_052/mutations/mutated_0004.html (721)
[152059:152059:0324/153956.665491:INFO:CONSOLE(724)] "Uncaught SyntaxError: Invalid or unexpected token", source: file:///home/dhia/browser-fuzzer/Dissertation/logger/run_20250324_064826/round_052/mutations/mutated_0004.html (724)
[152059:152059:0324/153956.693582:INFO:CONSOLE(725)] "Uncaught SyntaxError: Invalid or unexpected token", source: file:///home/dhia/browser-fuzzer/Dissertation/logger/run_20250324_064826/round_052/mutations/mutated_0004.html (725)
[152059:152059:0324/153956.703781:INFO:CONSOLE(726)] "Uncaught SyntaxError: Invalid or unexpected token", source: file:///home/dhia/browser-fuzzer/Dissertation/logger/run_20250324_064826/round_052/mutations/mutated_0004.html (726)
[152059:152059:0324/153956.708940:INFO:CONSOLE(727)] "Uncaught SyntaxError: Invalid or unexpected token", source: file:///home/dhia/browser-fuzzer/Dissertation/logger/run_20250324_064826/round_052/mutations/mutated_0004.html (727)
[152059:152059:0324/153956.803891:INFO:CONSOLE(799)] "Uncaught SyntaxError: Invalid or unexpected token", source: file:///home/dhia/browser-fuzzer/Dissertation/logger/run_20250324_064826/round_052/mutations/mutated_0004.html (799)
[152059:152059:0324/153956.812434:INFO:CONSOLE(800)] "Uncaught SyntaxError: Invalid or unexpected token", source: file:///home/dhia/browser-fuzzer/Dissertation/logger/run_20250324_064826/round_052/mutations/mutated_0004.html (800)
[152059:152059:0324/153957.002596:INFO:CONSOLE(803)] "Uncaught SyntaxError: Invalid or unexpected token", source: file:///home/dhia/browser-fuzzer/Dissertation/logger/run_20250324_064826/round_052/mutations/mutated_0004.html (803)
[152059:152059:0324/153957.010076:INFO:CONSOLE(804)] "Uncaught SyntaxError: Invalid or unexpected token", source: file:///home/dhia/browser-fuzzer/Dissertation/logger/run_20250324_064826/round_052/mutations/mutated_0004.html (804)
[152059:152059:0324/153957.126443:INFO:CONSOLE(833)] "Uncaught SyntaxError: Invalid or unexpected token", source: file:///home/dhia/browser-fuzzer/Dissertation/logger/run_20250324_064826/round_052/mutations/mutated_0004.html (833)
[152059:152059:0324/153957.131811:INFO:CONSOLE(834)] "Uncaught SyntaxError: Invalid or unexpected token", source: file:///home/dhia/browser-fuzzer/Dissertation/logger/run_20250324_064826/round_052/mutations/mutated_0004.html (834)
[152059:152059:0324/153957.142744:INFO:CONSOLE(836)] "Uncaught SyntaxError: Invalid or unexpected token", source: file:///home/dhia/browser-fuzzer/Dissertation/logger/run_20250324_064826/round_052/mutations/mutated_0004.html (836)
[152059:152059:0324/153957.299464:INFO:CONSOLE(837)] "Uncaught SyntaxError: Invalid or unexpected token", source: file:///home/dhia/browser-fuzzer/Dissertation/logger/run_20250324_064826/round_052/mutations/mutated_0004.html (837)
[152059:152059:0324/153957.313573:INFO:CONSOLE(839)] "Uncaught SyntaxError: Invalid or unexpected token", source: file:///home/dhia/browser-fuzzer/Dissertation/logger/run_20250324_064826/round_052/mutations/mutated_0004.html (839)
[152059:152059:0324/153957.431841:INFO:CONSOLE(840)] "Uncaught SyntaxError: Invalid or unexpected token", source: file:///home/dhia/browser-fuzzer/Dissertation/logger/run_20250324_064826/round_052/mutations/mutated_0004.html (840)
[152059:152059:0324/153957.589373:INFO:CONSOLE(884)] "Uncaught SyntaxError: Invalid or unexpected token", source: file:///home/dhia/browser-fuzzer/Dissertation/logger/run_20250324_064826/round_052/mutations/mutated_0004.html (884)
[152059:152059:0324/153957.618791:INFO:CONSOLE(885)] "Uncaught SyntaxError: Invalid or unexpected token", source: file:///home/dhia/browser-fuzzer/Dissertation/logger/run_20250324_064826/round_052/mutations/mutated_0004.html (885)
[152059:152059:0324/153957.813429:INFO:CONSOLE(920)] "Uncaught SyntaxError: Invalid or unexpected token", source: file:///home/dhia/browser-fuzzer/Dissertation/logger/run_20250324_064826/round_052/mutations/mutated_0004.html (920)
[152059:152059:0324/153958.042282:INFO:CONSOLE(941)] "Uncaught SyntaxError: Invalid or unexpected token", source: file:///home/dhia/browser-fuzzer/Dissertation/logger/run_20250324_064826/round_052/mutations/mutated_0004.html (941)
[152059:152059:0324/153958.052847:INFO:CONSOLE(942)] "Uncaught SyntaxError: Invalid or unexpected token", source: file:///home/dhia/browser-fuzzer/Dissertation/logger/run_20250324_064826/round_052/mutations/mutated_0004.html (942)
[152059:152059:0324/153958.214264:INFO:CONSOLE(953)] "Uncaught SyntaxError: Invalid or unexpected token", source: file:///home/dhia/browser-fuzzer/Dissertation/logger/run_20250324_064826/round_052/mutations/mutated_0004.html (953)
[152059:152059:0324/153958.224534:INFO:CONSOLE(954)] "Uncaught SyntaxError: Invalid or unexpected token", source: file:///home/dhia/browser-fuzzer/Dissertation/logger/run_20250324_064826/round_052/mutations/mutated_0004.html (954)
[152059:152059:0324/153958.251827:INFO:CONSOLE(955)] "Uncaught SyntaxError: Invalid or unexpected token", source: file:///home/dhia/browser-fuzzer/Dissertation/logger/run_20250324_064826/round_052/mutations/mutated_0004.html (955)
[152059:152059:0324/153958.378436:INFO:CONSOLE(956)] "Uncaught SyntaxError: Invalid or unexpected token", source: file:///home/dhia/browser-fuzzer/Dissertation/logger/run_20250324_064826/round_052/mutations/mutated_0004.html (956)
[152059:152059:0324/153958.398880:INFO:CONSOLE(957)] "Uncaught SyntaxError: Invalid or unexpected token", source: file:///home/dhia/browser-fuzzer/Dissertation/logger/run_20250324_064826/round_052/mutations/mutated_0004.html (957)
[152059:152059:0324/153958.409407:INFO:CONSOLE(966)] "Uncaught SyntaxError: Invalid or unexpected token", source: file:///home/dhia/browser-fuzzer/Dissertation/logger/run_20250324_064826/round_052/mutations/mutated_0004.html (966)
[152059:152059:0324/153958.557300:INFO:CONSOLE(967)] "Uncaught SyntaxError: Invalid or unexpected token", source: file:///home/dhia/browser-fuzzer/Dissertation/logger/run_20250324_064826/round_052/mutations/mutated_0004.html (967)
[152059:152059:0324/153958.562995:INFO:CONSOLE(968)] "Uncaught SyntaxError: Invalid or unexpected token", source: file:///home/dhia/browser-fuzzer/Dissertation/logger/run_20250324_064826/round_052/mutations/mutated_0004.html (968)
[152059:152059:0324/153958.590281:INFO:CONSOLE(985)] "Uncaught SyntaxError: Invalid or unexpected token", source: file:///home/dhia/browser-fuzzer/Dissertation/logger/run_20250324_064826/round_052/mutations/mutated_0004.html (985)
[152059:152059:0324/153958.596884:INFO:CONSOLE(986)] "Uncaught SyntaxError: Invalid or unexpected token", source: file:///home/dhia/browser-fuzzer/Dissertation/logger/run_20250324_064826/round_052/mutations/mutated_0004.html (986)
[152059:152059:0324/153958.726361:INFO:CONSOLE(989)] "Uncaught SyntaxError: Invalid or unexpected token", source: file:///home/dhia/browser-fuzzer/Dissertation/logger/run_20250324_064826/round_052/mutations/mutated_0004.html (989)
[152059:152059:0324/153958.732068:INFO:CONSOLE(992)] "Uncaught SyntaxError: Invalid or unexpected token", source: file:///home/dhia/browser-fuzzer/Dissertation/logger/run_20250324_064826/round_052/mutations/mutated_0004.html (992)
[152059:152059:0324/153958.853733:INFO:CONSOLE(993)] "Uncaught SyntaxError: Invalid or unexpected token", source: file:///home/dhia/browser-fuzzer/Dissertation/logger/run_20250324_064826/round_052/mutations/mutated_0004.html (993)
[152059:152059:0324/153958.868074:INFO:CONSOLE(994)] "Uncaught SyntaxError: Invalid or unexpected token", source: file:///home/dhia/browser-fuzzer/Dissertation/logger/run_20250324_064826/round_052/mutations/mutated_0004.html (994)
[152059:152059:0324/153958.882208:INFO:CONSOLE(1066)] "Uncaught SyntaxError: Invalid or unexpected token", source: file:///home/dhia/browser-fuzzer/Dissertation/logger/run_20250324_064826/round_052/mutations/mutated_0004.html (1066)
[152059:152059:0324/153959.107155:INFO:CONSOLE(1067)] "Uncaught SyntaxError: Invalid or unexpected token", source: file:///home/dhia/browser-fuzzer/Dissertation/logger/run_20250324_064826/round_052/mutations/mutated_0004.html (1067)
[152059:152059:0324/153959.111172:INFO:CONSOLE(1070)] "Uncaught SyntaxError: Invalid or unexpected token", source: file:///home/dhia/browser-fuzzer/Dissertation/logger/run_20250324_064826/round_052/mutations/mutated_0004.html (1070)
[152059:152059:0324/153959.118025:INFO:CONSOLE(1071)] "Uncaught SyntaxError: Invalid or unexpected token", source: file:///home/dhia/browser-fuzzer/Dissertation/logger/run_20250324_064826/round_052/mutations/mutated_0004.html (1071)
[152059:152059:0324/153959.285613:INFO:CONSOLE(1103)] "Uncaught SyntaxError: Invalid or unexpected token", source: file:///home/dhia/browser-fuzzer/Dissertation/logger/run_20250324_064826/round_052/mutations/mutated_0004.html (1103)
[152059:152059:0324/153959.303262:INFO:CONSOLE(1104)] "Uncaught SyntaxError: Invalid or unexpected token", source: file:///home/dhia/browser-fuzzer/Dissertation/logger/run_20250324_064826/round_052/mutations/mutated_0004.html (1104)
[152059:152059:0324/153959.561186:INFO:CONSOLE(1106)] "Uncaught SyntaxError: Invalid or unexpected token", source: file:///home/dhia/browser-fuzzer/Dissertation/logger/run_20250324_064826/round_052/mutations/mutated_0004.html (1106)
[152059:152059:0324/153959.569003:INFO:CONSOLE(1107)] "Uncaught SyntaxError: Invalid or unexpected token", source: file:///home/dhia/browser-fuzzer/Dissertation/logger/run_20250324_064826/round_052/mutations/mutated_0004.html (1107)
[152059:152059:0324/153959.577690:INFO:CONSOLE(1108)] "Uncaught SyntaxError: Invalid or unexpected token", source: file:///home/dhia/browser-fuzzer/Dissertation/logger/run_20250324_064826/round_052/mutations/mutated_0004.html (1108)
[152059:152059:0324/153959.711953:INFO:CONSOLE(1110)] "Uncaught SyntaxError: Invalid or unexpected token", source: file:///home/dhia/browser-fuzzer/Dissertation/logger/run_20250324_064826/round_052/mutations/mutated_0004.html (1110)
[152059:152059:0324/153959.742954:INFO:CONSOLE(1111)] "Uncaught SyntaxError: Invalid or unexpected token", source: file:///home/dhia/browser-fuzzer/Dissertation/logger/run_20250324_064826/round_052/mutations/mutated_0004.html (1111)
[152059:152059:0324/153959.898030:INFO:CONSOLE(1236)] "Uncaught SyntaxError: Invalid or unexpected token", source: file:///home/dhia/browser-fuzzer/Dissertation/logger/run_20250324_064826/round_052/mutations/mutated_0004.html (1236)
[152059:152059:0324/153959.913302:INFO:CONSOLE(1237)] "Uncaught SyntaxError: Invalid or unexpected token", source: file:///home/dhia/browser-fuzzer/Dissertation/logger/run_20250324_064826/round_052/mutations/mutated_0004.html (1237)
[152059:152059:0324/153959.927080:INFO:CONSOLE(1239)] "Uncaught SyntaxError: Invalid or unexpected token", source: file:///home/dhia/browser-fuzzer/Dissertation/logger/run_20250324_064826/round_052/mutations/mutated_0004.html (1239)
[152059:152059:0324/154000.142530:INFO:CONSOLE(1240)] "Uncaught SyntaxError: Invalid or unexpected token", source: file:///home/dhia/browser-fuzzer/Dissertation/logger/run_20250324_064826/round_052/mutations/mutated_0004.html (1240)
[152059:152059:0324/154000.420692:INFO:CONSOLE(1301)] "Uncaught SyntaxError: Invalid or unexpected token", source: file:///home/dhia/browser-fuzzer/Dissertation/logger/run_20250324_064826/round_052/mutations/mutated_0004.html (1301)
[152059:152059:0324/154000.429603:INFO:CONSOLE(1302)] "Uncaught SyntaxError: Invalid or unexpected token", source: file:///home/dhia/browser-fuzzer/Dissertation/logger/run_20250324_064826/round_052/mutations/mutated_0004.html (1302)
[152059:152059:0324/154000.444735:INFO:CONSOLE(1303)] "Uncaught SyntaxError: Invalid or unexpected token", source: file:///home/dhia/browser-fuzzer/Dissertation/logger/run_20250324_064826/round_052/mutations/mutated_0004.html (1303)
[152059:152059:0324/154000.690099:INFO:CONSOLE(1309)] "Uncaught SyntaxError: Invalid or unexpected token", source: file:///home/dhia/browser-fuzzer/Dissertation/logger/run_20250324_064826/round_052/mutations/mutated_0004.html (1309)
[152059:152059:0324/154000.696614:INFO:CONSOLE(1310)] "Uncaught SyntaxError: Invalid or unexpected token", source: file:///home/dhia/browser-fuzzer/Dissertation/logger/run_20250324_064826/round_052/mutations/mutated_0004.html (1310)
[152059:152059:0324/154000.857340:INFO:CONSOLE(1313)] "Uncaught SyntaxError: Invalid or unexpected token", source: file:///home/dhia/browser-fuzzer/Dissertation/logger/run_20250324_064826/round_052/mutations/mutated_0004.html (1313)
[152059:152059:0324/154000.866594:INFO:CONSOLE(1316)] "Uncaught SyntaxError: Invalid or unexpected token", source: file:///home/dhia/browser-fuzzer/Dissertation/logger/run_20250324_064826/round_052/mutations/mutated_0004.html (1316)
[152059:152059:0324/154000.879500:INFO:CONSOLE(1317)] "Uncaught SyntaxError: Invalid or unexpected token", source: file:///home/dhia/browser-fuzzer/Dissertation/logger/run_20250324_064826/round_052/mutations/mutated_0004.html (1317)
[152059:152059:0324/154001.062314:INFO:CONSOLE(1318)] "Uncaught SyntaxError: Invalid or unexpected token", source: file:///home/dhia/browser-fuzzer/Dissertation/logger/run_20250324_064826/round_052/mutations/mutated_0004.html (1318)
[152059:152059:0324/154001.067245:INFO:CONSOLE(1390)] "Uncaught SyntaxError: Invalid or unexpected token", source: file:///home/dhia/browser-fuzzer/Dissertation/logger/run_20250324_064826/round_052/mutations/mutated_0004.html (1390)
[152059:152059:0324/154001.230419:INFO:CONSOLE(1391)] "Uncaught SyntaxError: Invalid or unexpected token", source: file:///home/dhia/browser-fuzzer/Dissertation/logger/run_20250324_064826/round_052/mutations/mutated_0004.html (1391)
[152059:152059:0324/154001.437636:INFO:CONSOLE(1424)] "Uncaught SyntaxError: Invalid or unexpected token", source: file:///home/dhia/browser-fuzzer/Dissertation/logger/run_20250324_064826/round_052/mutations/mutated_0004.html (1424)
[152059:152059:0324/154001.442785:INFO:CONSOLE(1425)] "Uncaught SyntaxError: Invalid or unexpected token", source: file:///home/dhia/browser-fuzzer/Dissertation/logger/run_20250324_064826/round_052/mutations/mutated_0004.html (1425)
[152059:152059:0324/154001.762908:INFO:CONSOLE(1572)] "Uncaught SyntaxError: Invalid or unexpected token", source: file:///home/dhia/browser-fuzzer/Dissertation/logger/run_20250324_064826/round_052/mutations/mutated_0004.html (1572)
[152059:152059:0324/154001.768684:INFO:CONSOLE(1573)] "Uncaught SyntaxError: Invalid or unexpected token", source: file:///home/dhia/browser-fuzzer/Dissertation/logger/run_20250324_064826/round_052/mutations/mutated_0004.html (1573)
[152059:152059:0324/154001.779099:INFO:CONSOLE(1574)] "Uncaught SyntaxError: Invalid or unexpected token", source: file:///home/dhia/browser-fuzzer/Dissertation/logger/run_20250324_064826/round_052/mutations/mutated_0004.html (1574)
[152059:152059:0324/154002.250716:INFO:CONSOLE(1575)] "Uncaught SyntaxError: Invalid or unexpected token", source: file:///home/dhia/browser-fuzzer/Dissertation/logger/run_20250324_064826/round_052/mutations/mutated_0004.html (1575)
[152059:152059:0324/154002.273855:INFO:CONSOLE(1576)] "Uncaught SyntaxError: Invalid or unexpected token", source: file:///home/dhia/browser-fuzzer/Dissertation/logger/run_20250324_064826/round_052/mutations/mutated_0004.html (1576)
[152059:152059:0324/154002.496388:INFO:CONSOLE(1577)] "Uncaught SyntaxError: Invalid or unexpected token", source: file:///home/dhia/browser-fuzzer/Dissertation/logger/run_20250324_064826/round_052/mutations/mutated_0004.html (1577)
[152059:152059:0324/154002.524019:INFO:CONSOLE(1578)] "Uncaught SyntaxError: Invalid or unexpected token", source: file:///home/dhia/browser-fuzzer/Dissertation/logger/run_20250324_064826/round_052/mutations/mutated_0004.html (1578)
[152059:152059:0324/154002.779591:INFO:CONSOLE(1722)] "Uncaught SyntaxError: Invalid or unexpected token", source: file:///home/dhia/browser-fuzzer/Dissertation/logger/run_20250324_064826/round_052/mutations/mutated_0004.html (1722)
[152059:152059:0324/154003.219099:INFO:CONSOLE(1864)] "Uncaught SyntaxError: Invalid or unexpected token", source: file:///home/dhia/browser-fuzzer/Dissertation/logger/run_20250324_064826/round_052/mutations/mutated_0004.html (1864)
[152059:152059:0324/154003.226955:INFO:CONSOLE(1874)] "Uncaught SyntaxError: Invalid or unexpected token", source: file:///home/dhia/browser-fuzzer/Dissertation/logger/run_20250324_064826/round_052/mutations/mutated_0004.html (1874)
[152059:152059:0324/154003.604183:INFO:CONSOLE(1875)] "Uncaught SyntaxError: Invalid or unexpected token", source: file:///home/dhia/browser-fuzzer/Dissertation/logger/run_20250324_064826/round_052/mutations/mutated_0004.html (1875)
[152059:152059:0324/154003.610491:INFO:CONSOLE(1876)] "Uncaught SyntaxError: Invalid or unexpected token", source: file:///home/dhia/browser-fuzzer/Dissertation/logger/run_20250324_064826/round_052/mutations/mutated_0004.html (1876)
[152059:152059:0324/154003.690080:INFO:CONSOLE(1901)] "Uncaught SyntaxError: Invalid or unexpected token", source: file:///home/dhia/browser-fuzzer/Dissertation/logger/run_20250324_064826/round_052/mutations/mutated_0004.html (1901)
[152059:152059:0324/154003.697321:INFO:CONSOLE(1911)] "Uncaught SyntaxError: Invalid or unexpected token", source: file:///home/dhia/browser-fuzzer/Dissertation/logger/run_20250324_064826/round_052/mutations/mutated_0004.html (1911)
[152059:152059:0324/154003.979612:INFO:CONSOLE(1924)] "Uncaught SyntaxError: Invalid or unexpected token", source: file:///home/dhia/browser-fuzzer/Dissertation/logger/run_20250324_064826/round_052/mutations/mutated_0004.html (1924)
[152059:152059:0324/154003.993590:INFO:CONSOLE(1925)] "Uncaught SyntaxError: Invalid or unexpected token", source: file:///home/dhia/browser-fuzzer/Dissertation/logger/run_20250324_064826/round_052/mutations/mutated_0004.html (1925)
[152059:152059:0324/154004.306285:INFO:CONSOLE(1953)] "Uncaught SyntaxError: Invalid or unexpected token", source: file:///home/dhia/browser-fuzzer/Dissertation/logger/run_20250324_064826/round_052/mutations/mutated_0004.html (1953)
[152059:152059:0324/154004.314983:INFO:CONSOLE(1964)] "Uncaught SyntaxError: Invalid or unexpected token", source: file:///home/dhia/browser-fuzzer/Dissertation/logger/run_20250324_064826/round_052/mutations/mutated_0004.html (1964)
[152059:152059:0324/154004.642647:INFO:CONSOLE(1965)] "Uncaught SyntaxError: Invalid or unexpected token", source: file:///home/dhia/browser-fuzzer/Dissertation/logger/run_20250324_064826/round_052/mutations/mutated_0004.html (1965)
[152059:152059:0324/154004.662323:INFO:CONSOLE(1966)] "Uncaught SyntaxError: Invalid or unexpected token", source: file:///home/dhia/browser-fuzzer/Dissertation/logger/run_20250324_064826/round_052/mutations/mutated_0004.html (1966)
[152059:152059:0324/154004.952787:INFO:CONSOLE(1977)] "Uncaught SyntaxError: Invalid or unexpected token", source: file:///home/dhia/browser-fuzzer/Dissertation/logger/run_20250324_064826/round_052/mutations/mutated_0004.html (1977)
[152059:152059:0324/154004.976956:INFO:CONSOLE(1983)] "Uncaught SyntaxError: Invalid or unexpected token", source: file:///home/dhia/browser-fuzzer/Dissertation/logger/run_20250324_064826/round_052/mutations/mutated_0004.html (1983)
[152059:152059:0324/154005.268344:INFO:CONSOLE(1994)] "Uncaught SyntaxError: Invalid or unexpected token", source: file:///home/dhia/browser-fuzzer/Dissertation/logger/run_20250324_064826/round_052/mutations/mutated_0004.html (1994)
[152059:152059:0324/154005.281109:INFO:CONSOLE(2000)] "Uncaught SyntaxError: Invalid or unexpected token", source: file:///home/dhia/browser-fuzzer/Dissertation/logger/run_20250324_064826/round_052/mutations/mutated_0004.html (2000)
[152059:152059:0324/154005.594372:INFO:CONSOLE(2018)] "Uncaught SyntaxError: Invalid or unexpected token", source: file:///home/dhia/browser-fuzzer/Dissertation/logger/run_20250324_064826/round_052/mutations/mutated_0004.html (2018)
[152059:152059:0324/154005.893147:INFO:CONSOLE(2022)] "Uncaught SyntaxError: Invalid or unexpected token", source: file:///home/dhia/browser-fuzzer/Dissertation/logger/run_20250324_064826/round_052/mutations/mutated_0004.html (2022)
[152059:152059:0324/154005.914840:INFO:CONSOLE(2023)] "Uncaught SyntaxError: Invalid or unexpected token", source: file:///home/dhia/browser-fuzzer/Dissertation/logger/run_20250324_064826/round_052/mutations/mutated_0004.html (2023)
[152059:152059:0324/154005.919996:INFO:CONSOLE(2024)] "Uncaught SyntaxError: Invalid or unexpected token", source: file:///home/dhia/browser-fuzzer/Dissertation/logger/run_20250324_064826/round_052/mutations/mutated_0004.html (2024)
[152059:152059:0324/154006.214278:INFO:CONSOLE(2027)] "Uncaught SyntaxError: Invalid or unexpected token", source: file:///home/dhia/browser-fuzzer/Dissertation/logger/run_20250324_064826/round_052/mutations/mutated_0004.html (2027)
[152059:152059:0324/154006.230050:INFO:CONSOLE(2028)] "Uncaught SyntaxError: Invalid or unexpected token", source: file:///home/dhia/browser-fuzzer/Dissertation/logger/run_20250324_064826/round_052/mutations/mutated_0004.html (2028)
[152059:152059:0324/154006.498672:INFO:CONSOLE(2041)] "Uncaught SyntaxError: Invalid or unexpected token", source: file:///home/dhia/browser-fuzzer/Dissertation/logger/run_20250324_064826/round_052/mutations/mutated_0004.html (2041)
[152059:152059:0324/154006.806351:INFO:CONSOLE(2047)] "Uncaught SyntaxError: Invalid or unexpected token", source: file:///home/dhia/browser-fuzzer/Dissertation/logger/run_20250324_064826/round_052/mutations/mutated_0004.html (2047)
[152059:152059:0324/154006.815947:INFO:CONSOLE(2048)] "Uncaught SyntaxError: Invalid or unexpected token", source: file:///home/dhia/browser-fuzzer/Dissertation/logger/run_20250324_064826/round_052/mutations/mutated_0004.html (2048)
[152059:152059:0324/154007.120734:INFO:CONSOLE(2049)] "Uncaught SyntaxError: Invalid or unexpected token", source: file:///home/dhia/browser-fuzzer/Dissertation/logger/run_20250324_064826/round_052/mutations/mutated_0004.html (2049)
[152059:152059:0324/154007.137064:INFO:CONSOLE(2050)] "Uncaught SyntaxError: Invalid or unexpected token", source: file:///home/dhia/browser-fuzzer/Dissertation/logger/run_20250324_064826/round_052/mutations/mutated_0004.html (2050)
[152059:152059:0324/154007.426606:INFO:CONSOLE(2051)] "Uncaught SyntaxError: Invalid or unexpected token", source: file:///home/dhia/browser-fuzzer/Dissertation/logger/run_20250324_064826/round_052/mutations/mutated_0004.html (2051)
[152059:152059:0324/154007.449065:INFO:CONSOLE(2055)] "Uncaught SyntaxError: Invalid or unexpected token", source: file:///home/dhia/browser-fuzzer/Dissertation/logger/run_20250324_064826/round_052/mutations/mutated_0004.html (2055)
[152059:152059:0324/154007.749959:INFO:CONSOLE(2056)] "Uncaught SyntaxError: Invalid or unexpected token", source: file:///home/dhia/browser-fuzzer/Dissertation/logger/run_20250324_064826/round_052/mutations/mutated_0004.html (2056)
[152059:152059:0324/154007.770133:INFO:CONSOLE(2057)] "Uncaught SyntaxError: Invalid or unexpected token", source: file:///home/dhia/browser-fuzzer/Dissertation/logger/run_20250324_064826/round_052/mutations/mutated_0004.html (2057)
[152059:152059:0324/154007.779234:INFO:CONSOLE(2058)] "Uncaught SyntaxError: Invalid or unexpected token", source: file:///home/dhia/browser-fuzzer/Dissertation/logger/run_20250324_064826/round_052/mutations/mutated_0004.html (2058)
[152059:152059:0324/154008.038292:INFO:CONSOLE(2059)] "Uncaught SyntaxError: Invalid or unexpected token", source: file:///home/dhia/browser-fuzzer/Dissertation/logger/run_20250324_064826/round_052/mutations/mutated_0004.html (2059)
[152059:152059:0324/154008.061113:INFO:CONSOLE(2060)] "Uncaught SyntaxError: Invalid or unexpected token", source: file:///home/dhia/browser-fuzzer/Dissertation/logger/run_20250324_064826/round_052/mutations/mutated_0004.html (2060)
[152059:152059:0324/154008.375483:INFO:CONSOLE(2061)] "Uncaught SyntaxError: Invalid or unexpected token", source: file:///home/dhia/browser-fuzzer/Dissertation/logger/run_20250324_064826/round_052/mutations/mutated_0004.html (2061)
[152059:152059:0324/154008.382201:INFO:CONSOLE(2070)] "Uncaught SyntaxError: Invalid or unexpected token", source: file:///home/dhia/browser-fuzzer/Dissertation/logger/run_20250324_064826/round_052/mutations/mutated_0004.html (2070)
[152059:152059:0324/154008.411483:INFO:CONSOLE(2071)] "Uncaught SyntaxError: Invalid or unexpected token", source: file:///home/dhia/browser-fuzzer/Dissertation/logger/run_20250324_064826/round_052/mutations/mutated_0004.html (2071)
[152059:152059:0324/154008.424422:INFO:CONSOLE(2075)] "Uncaught SyntaxError: Invalid or unexpected token", source: file:///home/dhia/browser-fuzzer/Dissertation/logger/run_20250324_064826/round_052/mutations/mutated_0004.html (2075)
[152059:152059:0324/154008.797940:INFO:CONSOLE(2076)] "Uncaught SyntaxError: Invalid or unexpected token", source: file:///home/dhia/browser-fuzzer/Dissertation/logger/run_20250324_064826/round_052/mutations/mutated_0004.html (2076)
[152059:152059:0324/154008.811945:INFO:CONSOLE(2077)] "Uncaught SyntaxError: Invalid or unexpected token", source: file:///home/dhia/browser-fuzzer/Dissertation/logger/run_20250324_064826/round_052/mutations/mutated_0004.html (2077)
[152059:152059:0324/154009.127382:INFO:CONSOLE(2155)] "Uncaught SyntaxError: Invalid or unexpected token", source: file:///home/dhia/browser-fuzzer/Dissertation/logger/run_20250324_064826/round_052/mutations/mutated_0004.html (2155)
[152059:152059:0324/154009.132440:INFO:CONSOLE(2156)] "Uncaught SyntaxError: Invalid or unexpected token", source: file:///home/dhia/browser-fuzzer/Dissertation/logger/run_20250324_064826/round_052/mutations/mutated_0004.html (2156)
[152059:152059:0324/154009.148291:INFO:CONSOLE(2157)] "Uncaught SyntaxError: Invalid or unexpected token", source: file:///home/dhia/browser-fuzzer/Dissertation/logger/run_20250324_064826/round_052/mutations/mutated_0004.html (2157)
[152059:152059:0324/154009.740559:INFO:CONSOLE(2158)] "Uncaught SyntaxError: Invalid or unexpected token", source: file:///home/dhia/browser-fuzzer/Dissertation/logger/run_20250324_064826/round_052/mutations/mutated_0004.html (2158)
[152059:152059:0324/154009.755668:INFO:CONSOLE(2159)] "Uncaught SyntaxError: Invalid or unexpected token", source: file:///home/dhia/browser-fuzzer/Dissertation/logger/run_20250324_064826/round_052/mutations/mutated_0004.html (2159)
[152059:152059:0324/154009.764692:INFO:CONSOLE(2160)] "Uncaught SyntaxError: Invalid or unexpected token", source: file:///home/dhia/browser-fuzzer/Dissertation/logger/run_20250324_064826/round_052/mutations/mutated_0004.html (2160)
[152059:152059:0324/154010.052029:INFO:CONSOLE(2161)] "Uncaught SyntaxError: Invalid or unexpected token", source: file:///home/dhia/browser-fuzzer/Dissertation/logger/run_20250324_064826/round_052/mutations/mutated_0004.html (2161)
[152059:152059:0324/154011.015377:INFO:CONSOLE(2162)] "Uncaught SyntaxError: Invalid or unexpected token", source: file:///home/dhia/browser-fuzzer/Dissertation/logger/run_20250324_064826/round_052/mutations/mutated_0004.html (2162)
[152059:152059:0324/154011.126929:INFO:CONSOLE(2244)] "Uncaught SyntaxError: Invalid or unexpected token", source: file:///home/dhia/browser-fuzzer/Dissertation/logger/run_20250324_064826/round_052/mutations/mutated_0004.html (2244)
[152059:152059:0324/154011.151234:INFO:CONSOLE(2245)] "Uncaught SyntaxError: Invalid or unexpected token", source: file:///home/dhia/browser-fuzzer/Dissertation/logger/run_20250324_064826/round_052/mutations/mutated_0004.html (2245)
[152059:152059:0324/154011.298527:INFO:CONSOLE(2246)] "Uncaught SyntaxError: Invalid or unexpected token", source: file:///home/dhia/browser-fuzzer/Dissertation/logger/run_20250324_064826/round_052/mutations/mutated_0004.html (2246)
[152059:152059:0324/154011.310700:INFO:CONSOLE(2247)] "Uncaught SyntaxError: Invalid or unexpected token", source: file:///home/dhia/browser-fuzzer/Dissertation/logger/run_20250324_064826/round_052/mutations/mutated_0004.html (2247)
[152059:152059:0324/154011.599822:INFO:CONSOLE(2248)] "Uncaught SyntaxError: Invalid or unexpected token", source: file:///home/dhia/browser-fuzzer/Dissertation/logger/run_20250324_064826/round_052/mutations/mutated_0004.html (2248)
[152059:152059:0324/154011.606907:INFO:CONSOLE(2249)] "Uncaught SyntaxError: Invalid or unexpected token", source: file:///home/dhia/browser-fuzzer/Dissertation/logger/run_20250324_064826/round_052/mutations/mutated_0004.html (2249)
[152059:152059:0324/154011.613864:INFO:CONSOLE(2250)] "Uncaught SyntaxError: Invalid or unexpected token", source: file:///home/dhia/browser-fuzzer/Dissertation/logger/run_20250324_064826/round_052/mutations/mutated_0004.html (2250)
[152059:152059:0324/154011.882386:INFO:CONSOLE(2256)] "Uncaught SyntaxError: Invalid or unexpected token", source: file:///home/dhia/browser-fuzzer/Dissertation/logger/run_20250324_064826/round_052/mutations/mutated_0004.html (2256)
[152059:152059:0324/154011.898492:INFO:CONSOLE(2257)] "Uncaught SyntaxError: Invalid or unexpected token", source: file:///home/dhia/browser-fuzzer/Dissertation/logger/run_20250324_064826/round_052/mutations/mutated_0004.html (2257)
[152059:152059:0324/154011.907960:INFO:CONSOLE(2258)] "Uncaught SyntaxError: Invalid or unexpected token", source: file:///home/dhia/browser-fuzzer/Dissertation/logger/run_20250324_064826/round_052/mutations/mutated_0004.html (2258)
[152059:152059:0324/154012.258520:INFO:CONSOLE(2261)] "Uncaught SyntaxError: Invalid or unexpected token", source: file:///home/dhia/browser-fuzzer/Dissertation/logger/run_20250324_064826/round_052/mutations/mutated_0004.html (2261)
[152059:152059:0324/154012.264230:INFO:CONSOLE(2264)] "Uncaught SyntaxError: Invalid or unexpected token", source: file:///home/dhia/browser-fuzzer/Dissertation/logger/run_20250324_064826/round_052/mutations/mutated_0004.html (2264)
[152059:152059:0324/154012.268642:INFO:CONSOLE(2265)] "Uncaught SyntaxError: Invalid or unexpected token", source: file:///home/dhia/browser-fuzzer/Dissertation/logger/run_20250324_064826/round_052/mutations/mutated_0004.html (2265)
[152059:152059:0324/154012.595300:INFO:CONSOLE(2266)] "Uncaught SyntaxError: Invalid or unexpected token", source: file:///home/dhia/browser-fuzzer/Dissertation/logger/run_20250324_064826/round_052/mutations/mutated_0004.html (2266)
[152059:152059:0324/154012.607697:INFO:CONSOLE(2338)] "Uncaught SyntaxError: Invalid or unexpected token", source: file:///home/dhia/browser-fuzzer/Dissertation/logger/run_20250324_064826/round_052/mutations/mutated_0004.html (2338)
[152059:152059:0324/154012.614014:INFO:CONSOLE(2339)] "Uncaught SyntaxError: Invalid or unexpected token", source: file:///home/dhia/browser-fuzzer/Dissertation/logger/run_20250324_064826/round_052/mutations/mutated_0004.html (2339)
[152059:152059:0324/154013.297887:INFO:CONSOLE(2340)] "Uncaught SyntaxError: Invalid or unexpected token", source: file:///home/dhia/browser-fuzzer/Dissertation/logger/run_20250324_064826/round_052/mutations/mutated_0004.html (2340)
[152059:152059:0324/154013.313203:INFO:CONSOLE(2343)] "Uncaught SyntaxError: Invalid or unexpected token", source: file:///home/dhia/browser-fuzzer/Dissertation/logger/run_20250324_064826/round_052/mutations/mutated_0004.html (2343)
[152059:152059:0324/154013.666318:INFO:CONSOLE(2344)] "Uncaught SyntaxError: Invalid or unexpected token", source: file:///home/dhia/browser-fuzzer/Dissertation/logger/run_20250324_064826/round_052/mutations/mutated_0004.html (2344)
[152059:152059:0324/154013.678932:INFO:CONSOLE(2345)] "Uncaught SyntaxError: Invalid or unexpected token", source: file:///home/dhia/browser-fuzzer/Dissertation/logger/run_20250324_064826/round_052/mutations/mutated_0004.html (2345)
[152059:152059:0324/154014.052488:INFO:CONSOLE(2395)] "Uncaught SyntaxError: Invalid or unexpected token", source: file:///home/dhia/browser-fuzzer/Dissertation/logger/run_20250324_064826/round_052/mutations/mutated_0004.html (2395)
[152059:152059:0324/154014.067303:INFO:CONSOLE(2396)] "Uncaught SyntaxError: Invalid or unexpected token", source: file:///home/dhia/browser-fuzzer/Dissertation/logger/run_20250324_064826/round_052/mutations/mutated_0004.html (2396)
[152059:152059:0324/154014.506144:INFO:CONSOLE(2398)] "Uncaught SyntaxError: Invalid or unexpected token", source: file:///home/dhia/browser-fuzzer/Dissertation/logger/run_20250324_064826/round_052/mutations/mutated_0004.html (2398)
[152059:152059:0324/154014.514262:INFO:CONSOLE(2399)] "Uncaught SyntaxError: Invalid or unexpected token", source: file:///home/dhia/browser-fuzzer/Dissertation/logger/run_20250324_064826/round_052/mutations/mutated_0004.html (2399)
[152059:152059:0324/154014.518329:INFO:CONSOLE(2401)] "Uncaught SyntaxError: Invalid or unexpected token", source: file:///home/dhia/browser-fuzzer/Dissertation/logger/run_20250324_064826/round_052/mutations/mutated_0004.html (2401)
[152059:152059:0324/154014.899982:INFO:CONSOLE(2402)] "Uncaught SyntaxError: Invalid or unexpected token", source: file:///home/dhia/browser-fuzzer/Dissertation/logger/run_20250324_064826/round_052/mutations/mutated_0004.html (2402)
[152059:152059:0324/154014.912042:INFO:CONSOLE(2403)] "Uncaught SyntaxError: Invalid or unexpected token", source: file:///home/dhia/browser-fuzzer/Dissertation/logger/run_20250324_064826/round_052/mutations/mutated_0004.html (2403)
[152059:152059:0324/154015.328428:INFO:CONSOLE(2436)] "Uncaught SyntaxError: Invalid or unexpected token", source: file:///home/dhia/browser-fuzzer/Dissertation/logger/run_20250324_064826/round_052/mutations/mutated_0004.html (2436)
[152059:152059:0324/154015.334405:INFO:CONSOLE(2437)] "Uncaught SyntaxError: Invalid or unexpected token", source: file:///home/dhia/browser-fuzzer/Dissertation/logger/run_20250324_064826/round_052/mutations/mutated_0004.html (2437)
[152059:152059:0324/154015.777065:INFO:CONSOLE(2488)] "Uncaught SyntaxError: Invalid or unexpected token", source: file:///home/dhia/browser-fuzzer/Dissertation/logger/run_20250324_064826/round_052/mutations/mutated_0004.html (2488)
[152059:152059:0324/154016.544124:INFO:CONSOLE(2522)] "Uncaught SyntaxError: Invalid or unexpected token", source: file:///home/dhia/browser-fuzzer/Dissertation/logger/run_20250324_064826/round_052/mutations/mutated_0004.html (2522)
[152059:152059:0324/154016.564668:INFO:CONSOLE(2523)] "Uncaught SyntaxError: Invalid or unexpected token", source: file:///home/dhia/browser-fuzzer/Dissertation/logger/run_20250324_064826/round_052/mutations/mutated_0004.html (2523)
[152059:152059:0324/154017.066333:INFO:CONSOLE(2534)] "Uncaught SyntaxError: Invalid or unexpected token", source: file:///home/dhia/browser-fuzzer/Dissertation/logger/run_20250324_064826/round_052/mutations/mutated_0004.html (2534)
[152059:152059:0324/154017.089158:INFO:CONSOLE(2535)] "Uncaught SyntaxError: Invalid or unexpected token", source: file:///home/dhia/browser-fuzzer/Dissertation/logger/run_20250324_064826/round_052/mutations/mutated_0004.html (2535)
[152059:152059:0324/154017.100474:INFO:CONSOLE(2536)] "Uncaught SyntaxError: Invalid or unexpected token", source: file:///home/dhia/browser-fuzzer/Dissertation/logger/run_20250324_064826/round_052/mutations/mutated_0004.html (2536)
[152059:152059:0324/154017.445127:INFO:CONSOLE(2537)] "Uncaught SyntaxError: Invalid or unexpected token", source: file:///home/dhia/browser-fuzzer/Dissertation/logger/run_20250324_064826/round_052/mutations/mutated_0004.html (2537)
[152059:152059:0324/154017.451382:INFO:CONSOLE(2538)] "Uncaught SyntaxError: Invalid or unexpected token", source: file:///home/dhia/browser-fuzzer/Dissertation/logger/run_20250324_064826/round_052/mutations/mutated_0004.html (2538)
[152059:152059:0324/154017.464465:INFO:CONSOLE(2547)] "Uncaught SyntaxError: Invalid or unexpected token", source: file:///home/dhia/browser-fuzzer/Dissertation/logger/run_20250324_064826/round_052/mutations/mutated_0004.html (2547)
[152059:152059:0324/154017.481284:INFO:CONSOLE(2548)] "Uncaught SyntaxError: Invalid or unexpected token", source: file:///home/dhia/browser-fuzzer/Dissertation/logger/run_20250324_064826/round_052/mutations/mutated_0004.html (2548)
[152059:152059:0324/154017.494126:INFO:CONSOLE(2549)] "Uncaught SyntaxError: Invalid or unexpected token", source: file:///home/dhia/browser-fuzzer/Dissertation/logger/run_20250324_064826/round_052/mutations/mutated_0004.html (2549)
[152059:152059:0324/154017.900509:INFO:CONSOLE(2550)] "Uncaught SyntaxError: Invalid or unexpected token", source: file:///home/dhia/browser-fuzzer/Dissertation/logger/run_20250324_064826/round_052/mutations/mutated_0004.html (2550)
[152059:152059:0324/154017.908231:INFO:CONSOLE(2551)] "Uncaught SyntaxError: Invalid or unexpected token", source: file:///home/dhia/browser-fuzzer/Dissertation/logger/run_20250324_064826/round_052/mutations/mutated_0004.html (2551)
[152059:152059:0324/154018.305527:INFO:CONSOLE(2552)] "Uncaught SyntaxError: Invalid or unexpected token", source: file:///home/dhia/browser-fuzzer/Dissertation/logger/run_20250324_064826/round_052/mutations/mutated_0004.html (2552)
[152059:152059:0324/154018.319367:INFO:CONSOLE(2558)] "Uncaught SyntaxError: Invalid or unexpected token", source: file:///home/dhia/browser-fuzzer/Dissertation/logger/run_20250324_064826/round_052/mutations/mutated_0004.html (2558)
[152059:152059:0324/154018.703614:INFO:CONSOLE(2559)] "Uncaught SyntaxError: Invalid or unexpected token", source: file:///home/dhia/browser-fuzzer/Dissertation/logger/run_20250324_064826/round_052/mutations/mutated_0004.html (2559)
[152059:152059:0324/154018.722233:INFO:CONSOLE(2562)] "Uncaught SyntaxError: Invalid or unexpected token", source: file:///home/dhia/browser-fuzzer/Dissertation/logger/run_20250324_064826/round_052/mutations/mutated_0004.html (2562)
[152059:152059:0324/154019.088719:INFO:CONSOLE(2563)] "Uncaught SyntaxError: Invalid or unexpected token", source: file:///home/dhia/browser-fuzzer/Dissertation/logger/run_20250324_064826/round_052/mutations/mutated_0004.html (2563)
[152059:152059:0324/154019.112290:INFO:CONSOLE(2566)] "Uncaught SyntaxError: Invalid or unexpected token", source: file:///home/dhia/browser-fuzzer/Dissertation/logger/run_20250324_064826/round_052/mutations/mutated_0004.html (2566)
[152059:152059:0324/154019.120648:INFO:CONSOLE(2567)] "Uncaught SyntaxError: Invalid or unexpected token", source: file:///home/dhia/browser-fuzzer/Dissertation/logger/run_20250324_064826/round_052/mutations/mutated_0004.html (2567)
[152059:152059:0324/154019.137707:INFO:CONSOLE(2568)] "Uncaught SyntaxError: Invalid or unexpected token", source: file:///home/dhia/browser-fuzzer/Dissertation/logger/run_20250324_064826/round_052/mutations/mutated_0004.html (2568)
[152059:152059:0324/154019.534412:INFO:CONSOLE(2640)] "Uncaught SyntaxError: Invalid or unexpected token", source: file:///home/dhia/browser-fuzzer/Dissertation/logger/run_20250324_064826/round_052/mutations/mutated_0004.html (2640)
[152059:152059:0324/154019.540435:INFO:CONSOLE(2641)] "Uncaught SyntaxError: Invalid or unexpected token", source: file:///home/dhia/browser-fuzzer/Dissertation/logger/run_20250324_064826/round_052/mutations/mutated_0004.html (2641)
[152059:152059:0324/154020.279113:INFO:CONSOLE(2644)] "Uncaught SyntaxError: Invalid or unexpected token", source: file:///home/dhia/browser-fuzzer/Dissertation/logger/run_20250324_064826/round_052/mutations/mutated_0004.html (2644)
[152059:152059:0324/154020.294004:INFO:CONSOLE(2645)] "Uncaught SyntaxError: Invalid or unexpected token", source: file:///home/dhia/browser-fuzzer/Dissertation/logger/run_20250324_064826/round_052/mutations/mutated_0004.html (2645)
[152059:152059:0324/154020.697375:INFO:CONSOLE(2674)] "Uncaught SyntaxError: Invalid or unexpected token", source: file:///home/dhia/browser-fuzzer/Dissertation/logger/run_20250324_064826/round_052/mutations/mutated_0004.html (2674)
[152059:152059:0324/154020.708928:INFO:CONSOLE(2687)] "Uncaught SyntaxError: Invalid or unexpected token", source: file:///home/dhia/browser-fuzzer/Dissertation/logger/run_20250324_064826/round_052/mutations/mutated_0004.html (2687)
[152059:152059:0324/154020.731927:INFO:CONSOLE(2689)] "Uncaught SyntaxError: Invalid or unexpected token", source: file:///home/dhia/browser-fuzzer/Dissertation/logger/run_20250324_064826/round_052/mutations/mutated_0004.html (2689)
[152059:152059:0324/154021.131317:INFO:CONSOLE(2690)] "Uncaught SyntaxError: Invalid or unexpected token", source: file:///home/dhia/browser-fuzzer/Dissertation/logger/run_20250324_064826/round_052/mutations/mutated_0004.html (2690)
[152059:152059:0324/154021.146962:INFO:CONSOLE(2691)] "Uncaught SyntaxError: Invalid or unexpected token", source: file:///home/dhia/browser-fuzzer/Dissertation/logger/run_20250324_064826/round_052/mutations/mutated_0004.html (2691)
[152059:152059:0324/154021.161378:INFO:CONSOLE(2693)] "Uncaught SyntaxError: Invalid or unexpected token", source: file:///home/dhia/browser-fuzzer/Dissertation/logger/run_20250324_064826/round_052/mutations/mutated_0004.html (2693)
[152059:152059:0324/154021.581654:INFO:CONSOLE(2694)] "Uncaught SyntaxError: Invalid or unexpected token", source: file:///home/dhia/browser-fuzzer/Dissertation/logger/run_20250324_064826/round_052/mutations/mutated_0004.html (2694)
[152059:152059:0324/154022.324201:INFO:CONSOLE(2774)] "Uncaught SyntaxError: Invalid or unexpected token", source: file:///home/dhia/browser-fuzzer/Dissertation/logger/run_20250324_064826/round_052/mutations/mutated_0004.html (2774)
[152059:152059:0324/154022.330728:INFO:CONSOLE(2775)] "Uncaught SyntaxError: Invalid or unexpected token", source: file:///home/dhia/browser-fuzzer/Dissertation/logger/run_20250324_064826/round_052/mutations/mutated_0004.html (2775)
[152059:152059:0324/154022.807955:INFO:CONSOLE(2810)] "Uncaught SyntaxError: Invalid or unexpected token", source: file:///home/dhia/browser-fuzzer/Dissertation/logger/run_20250324_064826/round_052/mutations/mutated_0004.html (2810)
[152059:152059:0324/154023.386979:INFO:CONSOLE(2831)] "Uncaught SyntaxError: Invalid or unexpected token", source: file:///home/dhia/browser-fuzzer/Dissertation/logger/run_20250324_064826/round_052/mutations/mutated_0004.html (2831)
[152059:152059:0324/154023.400655:INFO:CONSOLE(2832)] "Uncaught SyntaxError: Invalid or unexpected token", source: file:///home/dhia/browser-fuzzer/Dissertation/logger/run_20250324_064826/round_052/mutations/mutated_0004.html (2832)
[152059:152059:0324/154023.413279:INFO:CONSOLE(2843)] "Uncaught SyntaxError: Invalid or unexpected token", source: file:///home/dhia/browser-fuzzer/Dissertation/logger/run_20250324_064826/round_052/mutations/mutated_0004.html (2843)
[152059:152059:0324/154023.813023:INFO:CONSOLE(2844)] "Uncaught SyntaxError: Invalid or unexpected token", source: file:///home/dhia/browser-fuzzer/Dissertation/logger/run_20250324_064826/round_052/mutations/mutated_0004.html (2844)
[152059:152059:0324/154023.824166:INFO:CONSOLE(2845)] "Uncaught SyntaxError: Invalid or unexpected token", source: file:///home/dhia/browser-fuzzer/Dissertation/logger/run_20250324_064826/round_052/mutations/mutated_0004.html (2845)
[152059:152059:0324/154024.205885:INFO:CONSOLE(2846)] "Uncaught SyntaxError: Invalid or unexpected token", source: file:///home/dhia/browser-fuzzer/Dissertation/logger/run_20250324_064826/round_052/mutations/mutated_0004.html (2846)
[152059:152059:0324/154024.217216:INFO:CONSOLE(2847)] "Uncaught SyntaxError: Invalid or unexpected token", source: file:///home/dhia/browser-fuzzer/Dissertation/logger/run_20250324_064826/round_052/mutations/mutated_0004.html (2847)
[152059:152059:0324/154024.262129:INFO:CONSOLE(2864)] "Uncaught SyntaxError: Invalid or unexpected token", source: file:///home/dhia/browser-fuzzer/Dissertation/logger/run_20250324_064826/round_052/mutations/mutated_0004.html (2864)
[152059:152059:0324/154024.267152:INFO:CONSOLE(2865)] "Uncaught SyntaxError: Invalid or unexpected token", source: file:///home/dhia/browser-fuzzer/Dissertation/logger/run_20250324_064826/round_052/mutations/mutated_0004.html (2865)
[152059:152059:0324/154024.277742:INFO:CONSOLE(2866)] "Uncaught SyntaxError: Invalid or unexpected token", source: file:///home/dhia/browser-fuzzer/Dissertation/logger/run_20250324_064826/round_052/mutations/mutated_0004.html (2866)
[152059:152059:0324/154024.727714:INFO:CONSOLE(2883)] "Uncaught SyntaxError: Invalid or unexpected token", source: file:///home/dhia/browser-fuzzer/Dissertation/logger/run_20250324_064826/round_052/mutations/mutated_0004.html (2883)
[152059:152059:0324/154024.746838:INFO:CONSOLE(2884)] "Uncaught SyntaxError: Invalid or unexpected token", source: file:///home/dhia/browser-fuzzer/Dissertation/logger/run_20250324_064826/round_052/mutations/mutated_0004.html (2884)
[152059:152059:0324/154025.165287:INFO:CONSOLE(2887)] "Uncaught SyntaxError: Invalid or unexpected token", source: file:///home/dhia/browser-fuzzer/Dissertation/logger/run_20250324_064826/round_052/mutations/mutated_0004.html (2887)
[152059:152059:0324/154025.193263:INFO:CONSOLE(2890)] "Uncaught SyntaxError: Invalid or unexpected token", source: file:///home/dhia/browser-fuzzer/Dissertation/logger/run_20250324_064826/round_052/mutations/mutated_0004.html (2890)
[152059:152059:0324/154025.196400:INFO:CONSOLE(2891)] "Uncaught SyntaxError: Invalid or unexpected token", source: file:///home/dhia/browser-fuzzer/Dissertation/logger/run_20250324_064826/round_052/mutations/mutated_0004.html (2891)
[152059:152059:0324/154025.611211:INFO:CONSOLE(2892)] "Uncaught SyntaxError: Invalid or unexpected token", source: file:///home/dhia/browser-fuzzer/Dissertation/logger/run_20250324_064826/round_052/mutations/mutated_0004.html (2892)
[152059:152059:0324/154025.626625:INFO:CONSOLE(2964)] "Uncaught SyntaxError: Invalid or unexpected token", source: file:///home/dhia/browser-fuzzer/Dissertation/logger/run_20250324_064826/round_052/mutations/mutated_0004.html (2964)
[152059:152059:0324/154026.459114:INFO:CONSOLE(2965)] "Uncaught SyntaxError: Invalid or unexpected token", source: file:///home/dhia/browser-fuzzer/Dissertation/logger/run_20250324_064826/round_052/mutations/mutated_0004.html (2965)
[152059:152059:0324/154026.466300:INFO:CONSOLE(2966)] "Uncaught SyntaxError: Invalid or unexpected token", source: file:///home/dhia/browser-fuzzer/Dissertation/logger/run_20250324_064826/round_052/mutations/mutated_0004.html (2966)
[152059:152059:0324/154026.471396:INFO:CONSOLE(2969)] "Uncaught SyntaxError: Invalid or unexpected token", source: file:///home/dhia/browser-fuzzer/Dissertation/logger/run_20250324_064826/round_052/mutations/mutated_0004.html (2969)
[152059:152059:0324/154026.912596:INFO:CONSOLE(2970)] "Uncaught SyntaxError: Invalid or unexpected token", source: file:///home/dhia/browser-fuzzer/Dissertation/logger/run_20250324_064826/round_052/mutations/mutated_0004.html (2970)
[152059:152059:0324/154026.956301:INFO:CONSOLE(3002)] "Uncaught SyntaxError: Invalid or unexpected token", source: file:///home/dhia/browser-fuzzer/Dissertation/logger/run_20250324_064826/round_052/mutations/mutated_0004.html (3002)
[152059:152059:0324/154026.962581:INFO:CONSOLE(3003)] "Uncaught SyntaxError: Invalid or unexpected token", source: file:///home/dhia/browser-fuzzer/Dissertation/logger/run_20250324_064826/round_052/mutations/mutated_0004.html (3003)
[152059:152059:0324/154027.477926:INFO:CONSOLE(3005)] "Uncaught SyntaxError: Invalid or unexpected token", source: file:///home/dhia/browser-fuzzer/Dissertation/logger/run_20250324_064826/round_052/mutations/mutated_0004.html (3005)
[152059:152059:0324/154027.485176:INFO:CONSOLE(3006)] "Uncaught SyntaxError: Invalid or unexpected token", source: file:///home/dhia/browser-fuzzer/Dissertation/logger/run_20250324_064826/round_052/mutations/mutated_0004.html (3006)
[152059:152059:0324/154027.506947:INFO:CONSOLE(3007)] "Uncaught SyntaxError: Invalid or unexpected token", source: file:///home/dhia/browser-fuzzer/Dissertation/logger/run_20250324_064826/round_052/mutations/mutated_0004.html (3007)
[152059:152059:0324/154027.515477:INFO:CONSOLE(3009)] "Uncaught SyntaxError: Invalid or unexpected token", source: file:///home/dhia/browser-fuzzer/Dissertation/logger/run_20250324_064826/round_052/mutations/mutated_0004.html (3009)
[152059:152059:0324/154027.982441:INFO:CONSOLE(3010)] "Uncaught SyntaxError: Invalid or unexpected token", source: file:///home/dhia/browser-fuzzer/Dissertation/logger/run_20250324_064826/round_052/mutations/mutated_0004.html (3010)
[152059:152059:0324/154028.476367:INFO:CONSOLE(3086)] "Uncaught SyntaxError: Invalid or unexpected token", source: file:///home/dhia/browser-fuzzer/Dissertation/logger/run_20250324_064826/round_052/mutations/mutated_0004.html (3086)
[152059:152059:0324/154028.492480:INFO:CONSOLE(3087)] "Uncaught SyntaxError: Invalid or unexpected token", source: file:///home/dhia/browser-fuzzer/Dissertation/logger/run_20250324_064826/round_052/mutations/mutated_0004.html (3087)
[152059:152059:0324/154028.499346:INFO:CONSOLE(3089)] "Uncaught SyntaxError: Invalid or unexpected token", source: file:///home/dhia/browser-fuzzer/Dissertation/logger/run_20250324_064826/round_052/mutations/mutated_0004.html (3089)
[152059:152059:0324/154029.007203:INFO:CONSOLE(3090)] "Uncaught SyntaxError: Invalid or unexpected token", source: file:///home/dhia/browser-fuzzer/Dissertation/logger/run_20250324_064826/round_052/mutations/mutated_0004.html (3090)
[152059:152059:0324/154029.446365:INFO:CONSOLE(3146)] "Uncaught SyntaxError: Invalid or unexpected token", source: file:///home/dhia/browser-fuzzer/Dissertation/logger/run_20250324_064826/round_052/mutations/mutated_0004.html (3146)
[152059:152059:0324/154029.450722:INFO:CONSOLE(3147)] "Uncaught SyntaxError: Invalid or unexpected token", source: file:///home/dhia/browser-fuzzer/Dissertation/logger/run_20250324_064826/round_052/mutations/mutated_0004.html (3147)
[152059:152059:0324/154029.463554:INFO:CONSOLE(3148)] "Uncaught SyntaxError: Invalid or unexpected token", source: file:///home/dhia/browser-fuzzer/Dissertation/logger/run_20250324_064826/round_052/mutations/mutated_0004.html (3148)
[152059:152059:0324/154030.011202:INFO:CONSOLE(3149)] "Uncaught SyntaxError: Invalid or unexpected token", source: file:///home/dhia/browser-fuzzer/Dissertation/logger/run_20250324_064826/round_052/mutations/mutated_0004.html (3149)
[152059:152059:0324/154030.020788:INFO:CONSOLE(3164)] "Uncaught SyntaxError: Invalid or unexpected token", source: file:///home/dhia/browser-fuzzer/Dissertation/logger/run_20250324_064826/round_052/mutations/mutated_0004.html (3164)
[152059:152059:0324/154030.034203:INFO:CONSOLE(3165)] "Uncaught SyntaxError: Invalid or unexpected token", source: file:///home/dhia/browser-fuzzer/Dissertation/logger/run_20250324_064826/round_052/mutations/mutated_0004.html (3165)
[152059:152059:0324/154030.461694:INFO:CONSOLE(3168)] "Uncaught SyntaxError: Invalid or unexpected token", source: file:///home/dhia/browser-fuzzer/Dissertation/logger/run_20250324_064826/round_052/mutations/mutated_0004.html (3168)
[152059:152059:0324/154030.475885:INFO:CONSOLE(3171)] "Uncaught SyntaxError: Invalid or unexpected token", source: file:///home/dhia/browser-fuzzer/Dissertation/logger/run_20250324_064826/round_052/mutations/mutated_0004.html (3171)
[152059:152059:0324/154030.908761:INFO:CONSOLE(3172)] "Uncaught SyntaxError: Invalid or unexpected token", source: file:///home/dhia/browser-fuzzer/Dissertation/logger/run_20250324_064826/round_052/mutations/mutated_0004.html (3172)
[152059:152059:0324/154030.933134:INFO:CONSOLE(3173)] "Uncaught SyntaxError: Invalid or unexpected token", source: file:///home/dhia/browser-fuzzer/Dissertation/logger/run_20250324_064826/round_052/mutations/mutated_0004.html (3173)
[152059:152059:0324/154030.945611:INFO:CONSOLE(3174)] "Uncaught SyntaxError: Invalid or unexpected token", source: file:///home/dhia/browser-fuzzer/Dissertation/logger/run_20250324_064826/round_052/mutations/mutated_0004.html (3174)
[152059:152059:0324/154031.342635:INFO:CONSOLE(3246)] "Uncaught SyntaxError: Invalid or unexpected token", source: file:///home/dhia/browser-fuzzer/Dissertation/logger/run_20250324_064826/round_052/mutations/mutated_0004.html (3246)
[152059:152059:0324/154031.353439:INFO:CONSOLE(3247)] "Uncaught SyntaxError: Invalid or unexpected token", source: file:///home/dhia/browser-fuzzer/Dissertation/logger/run_20250324_064826/round_052/mutations/mutated_0004.html (3247)
[152059:152059:0324/154032.339666:INFO:CONSOLE(3269)] "Uncaught SyntaxError: Invalid or unexpected token", source: file:///home/dhia/browser-fuzzer/Dissertation/logger/run_20250324_064826/round_052/mutations/mutated_0004.html (3269)
[152059:152059:0324/154032.359245:INFO:CONSOLE(3270)] "Uncaught SyntaxError: Invalid or unexpected token", source: file:///home/dhia/browser-fuzzer/Dissertation/logger/run_20250324_064826/round_052/mutations/mutated_0004.html (3270)
[152059:152059:0324/154032.935842:INFO:CONSOLE(3391)] "Uncaught SyntaxError: Invalid or unexpected token", source: file:///home/dhia/browser-fuzzer/Dissertation/logger/run_20250324_064826/round_052/mutations/mutated_0004.html (3391)
[152059:152059:0324/154032.944284:INFO:CONSOLE(3392)] "Uncaught SyntaxError: Invalid or unexpected token", source: file:///home/dhia/browser-fuzzer/Dissertation/logger/run_20250324_064826/round_052/mutations/mutated_0004.html (3392)
[152059:152059:0324/154032.949181:INFO:CONSOLE(3393)] "Uncaught SyntaxError: Invalid or unexpected token", source: file:///home/dhia/browser-fuzzer/Dissertation/logger/run_20250324_064826/round_052/mutations/mutated_0004.html (3393)
[152059:152059:0324/154034.199880:INFO:CONSOLE(3394)] "Uncaught SyntaxError: Invalid or unexpected token", source: file:///home/dhia/browser-fuzzer/Dissertation/logger/run_20250324_064826/round_052/mutations/mutated_0004.html (3394)
[152059:152059:0324/154034.206971:INFO:CONSOLE(3395)] "Uncaught SyntaxError: Invalid or unexpected token", source: file:///home/dhia/browser-fuzzer/Dissertation/logger/run_20250324_064826/round_052/mutations/mutated_0004.html (3395)
[152059:152059:0324/154034.215331:INFO:CONSOLE(3396)] "Uncaught SyntaxError: Invalid or unexpected token", source: file:///home/dhia/browser-fuzzer/Dissertation/logger/run_20250324_064826/round_052/mutations/mutated_0004.html (3396)
[152059:152059:0324/154034.813881:INFO:CONSOLE(3397)] "Uncaught SyntaxError: Invalid or unexpected token", source: file:///home/dhia/browser-fuzzer/Dissertation/logger/run_20250324_064826/round_052/mutations/mutated_0004.html (3397)
[152059:152059:0324/154035.389212:INFO:CONSOLE(3492)] "Uncaught SyntaxError: Invalid or unexpected token", source: file:///home/dhia/browser-fuzzer/Dissertation/logger/run_20250324_064826/round_052/mutations/mutated_0004.html (3492)
[152059:152059:0324/154036.030000:INFO:CONSOLE(3640)] "Uncaught SyntaxError: Invalid or unexpected token", source: file:///home/dhia/browser-fuzzer/Dissertation/logger/run_20250324_064826/round_052/mutations/mutated_0004.html (3640)
[152059:152059:0324/154036.051274:INFO:CONSOLE(3650)] "Uncaught SyntaxError: Invalid or unexpected token", source: file:///home/dhia/browser-fuzzer/Dissertation/logger/run_20250324_064826/round_052/mutations/mutated_0004.html (3650)
[152059:152059:0324/154036.755021:INFO:CONSOLE(3651)] "Uncaught SyntaxError: Invalid or unexpected token", source: file:///home/dhia/browser-fuzzer/Dissertation/logger/run_20250324_064826/round_052/mutations/mutated_0004.html (3651)
[152059:152059:0324/154036.770128:INFO:CONSOLE(3652)] "Uncaught SyntaxError: Invalid or unexpected token", source: file:///home/dhia/browser-fuzzer/Dissertation/logger/run_20250324_064826/round_052/mutations/mutated_0004.html (3652)
[152059:152059:0324/154037.377692:INFO:CONSOLE(3677)] "Uncaught SyntaxError: Invalid or unexpected token", source: file:///home/dhia/browser-fuzzer/Dissertation/logger/run_20250324_064826/round_052/mutations/mutated_0004.html (3677)
[152059:152059:0324/154037.847722:INFO:CONSOLE(3687)] "Uncaught SyntaxError: Invalid or unexpected token", source: file:///home/dhia/browser-fuzzer/Dissertation/logger/run_20250324_064826/round_052/mutations/mutated_0004.html (3687)
[152059:152059:0324/154037.861592:INFO:CONSOLE(3688)] "Uncaught SyntaxError: Invalid or unexpected token", source: file:///home/dhia/browser-fuzzer/Dissertation/logger/run_20250324_064826/round_052/mutations/mutated_0004.html (3688)
[152059:152059:0324/154038.383165:INFO:CONSOLE(3689)] "Uncaught SyntaxError: Invalid or unexpected token", source: file:///home/dhia/browser-fuzzer/Dissertation/logger/run_20250324_064826/round_052/mutations/mutated_0004.html (3689)
[152059:152059:0324/154039.031269:INFO:CONSOLE(3717)] "Uncaught SyntaxError: Invalid or unexpected token", source: file:///home/dhia/browser-fuzzer/Dissertation/logger/run_20250324_064826/round_052/mutations/mutated_0004.html (3717)
[152059:152059:0324/154039.045932:INFO:CONSOLE(3718)] "Uncaught SyntaxError: Invalid or unexpected token", source: file:///home/dhia/browser-fuzzer/Dissertation/logger/run_20250324_064826/round_052/mutations/mutated_0004.html (3718)
[152059:152059:0324/154039.555086:INFO:CONSOLE(3719)] "Uncaught SyntaxError: Invalid or unexpected token", source: file:///home/dhia/browser-fuzzer/Dissertation/logger/run_20250324_064826/round_052/mutations/mutated_0004.html (3719)
[152059:152059:0324/154039.559546:INFO:CONSOLE(3730)] "Uncaught SyntaxError: Invalid or unexpected token", source: file:///home/dhia/browser-fuzzer/Dissertation/logger/run_20250324_064826/round_052/mutations/mutated_0004.html (3730)
[152059:152059:0324/154039.563407:INFO:CONSOLE(3736)] "Uncaught SyntaxError: Invalid or unexpected token", source: file:///home/dhia/browser-fuzzer/Dissertation/logger/run_20250324_064826/round_052/mutations/mutated_0004.html (3736)
[152059:152059:0324/154040.223935:INFO:CONSOLE(3737)] "Uncaught SyntaxError: Invalid or unexpected token", source: file:///home/dhia/browser-fuzzer/Dissertation/logger/run_20250324_064826/round_052/mutations/mutated_0004.html (3737)
[152059:152059:0324/154040.236507:INFO:CONSOLE(3743)] "Uncaught SyntaxError: Invalid or unexpected token", source: file:///home/dhia/browser-fuzzer/Dissertation/logger/run_20250324_064826/round_052/mutations/mutated_0004.html (3743)
[152059:152059:0324/154040.780078:INFO:CONSOLE(3761)] "Uncaught SyntaxError: Invalid or unexpected token", source: file:///home/dhia/browser-fuzzer/Dissertation/logger/run_20250324_064826/round_052/mutations/mutated_0004.html (3761)
[152059:152059:0324/154040.795254:INFO:CONSOLE(3764)] "Uncaught SyntaxError: Invalid or unexpected token", source: file:///home/dhia/browser-fuzzer/Dissertation/logger/run_20250324_064826/round_052/mutations/mutated_0004.html (3764)
[152059:152059:0324/154041.353234:INFO:CONSOLE(3765)] "Uncaught SyntaxError: Invalid or unexpected token", source: file:///home/dhia/browser-fuzzer/Dissertation/logger/run_20250324_064826/round_052/mutations/mutated_0004.html (3765)
[152059:152059:0324/154041.368236:INFO:CONSOLE(3766)] "Uncaught SyntaxError: Invalid or unexpected token", source: file:///home/dhia/browser-fuzzer/Dissertation/logger/run_20250324_064826/round_052/mutations/mutated_0004.html (3766)
[152059:152059:0324/154041.385961:INFO:CONSOLE(3769)] "Uncaught SyntaxError: Invalid or unexpected token", source: file:///home/dhia/browser-fuzzer/Dissertation/logger/run_20250324_064826/round_052/mutations/mutated_0004.html (3769)
[152059:152059:0324/154041.902829:INFO:CONSOLE(3770)] "Uncaught SyntaxError: Invalid or unexpected token", source: file:///home/dhia/browser-fuzzer/Dissertation/logger/run_20250324_064826/round_052/mutations/mutated_0004.html (3770)
[152059:152059:0324/154041.916680:INFO:CONSOLE(3771)] "Uncaught SyntaxError: Invalid or unexpected token", source: file:///home/dhia/browser-fuzzer/Dissertation/logger/run_20250324_064826/round_052/mutations/mutated_0004.html (3771)
[152059:152059:0324/154042.435431:INFO:CONSOLE(3777)] "Uncaught SyntaxError: Invalid or unexpected token", source: file:///home/dhia/browser-fuzzer/Dissertation/logger/run_20250324_064826/round_052/mutations/mutated_0004.html (3777)
[152059:152059:0324/154042.446466:INFO:CONSOLE(3778)] "Uncaught SyntaxError: Invalid or unexpected token", source: file:///home/dhia/browser-fuzzer/Dissertation/logger/run_20250324_064826/round_052/mutations/mutated_0004.html (3778)
[152059:152059:0324/154042.452431:INFO:CONSOLE(3779)] "Uncaught SyntaxError: Invalid or unexpected token", source: file:///home/dhia/browser-fuzzer/Dissertation/logger/run_20250324_064826/round_052/mutations/mutated_0004.html (3779)
[152059:152059:0324/154042.972902:INFO:CONSOLE(3780)] "Uncaught SyntaxError: Invalid or unexpected token", source: file:///home/dhia/browser-fuzzer/Dissertation/logger/run_20250324_064826/round_052/mutations/mutated_0004.html (3780)
[152059:152059:0324/154042.982033:INFO:CONSOLE(3781)] "Uncaught SyntaxError: Invalid or unexpected token", source: file:///home/dhia/browser-fuzzer/Dissertation/logger/run_20250324_064826/round_052/mutations/mutated_0004.html (3781)
[152059:152059:0324/154043.559442:INFO:CONSOLE(3785)] "Uncaught SyntaxError: Invalid or unexpected token", source: file:///home/dhia/browser-fuzzer/Dissertation/logger/run_20250324_064826/round_052/mutations/mutated_0004.html (3785)
[152059:152059:0324/154043.565929:INFO:CONSOLE(3786)] "Uncaught SyntaxError: Invalid or unexpected token", source: file:///home/dhia/browser-fuzzer/Dissertation/logger/run_20250324_064826/round_052/mutations/mutated_0004.html (3786)
[152059:152059:0324/154043.578816:INFO:CONSOLE(3787)] "Uncaught SyntaxError: Invalid or unexpected token", source: file:///home/dhia/browser-fuzzer/Dissertation/logger/run_20250324_064826/round_052/mutations/mutated_0004.html (3787)
[152059:152059:0324/154044.194006:INFO:CONSOLE(3788)] "Uncaught SyntaxError: Invalid or unexpected token", source: file:///home/dhia/browser-fuzzer/Dissertation/logger/run_20250324_064826/round_052/mutations/mutated_0004.html (3788)
[152059:152059:0324/154044.199195:INFO:CONSOLE(3789)] "Uncaught SyntaxError: Invalid or unexpected token", source: file:///home/dhia/browser-fuzzer/Dissertation/logger/run_20250324_064826/round_052/mutations/mutated_0004.html (3789)
[152059:152059:0324/154044.207933:INFO:CONSOLE(3790)] "Uncaught SyntaxError: Invalid or unexpected token", source: file:///home/dhia/browser-fuzzer/Dissertation/logger/run_20250324_064826/round_052/mutations/mutated_0004.html (3790)
[152059:152059:0324/154044.771771:INFO:CONSOLE(3791)] "Uncaught SyntaxError: Invalid or unexpected token", source: file:///home/dhia/browser-fuzzer/Dissertation/logger/run_20250324_064826/round_052/mutations/mutated_0004.html (3791)
[152059:152059:0324/154044.781327:INFO:CONSOLE(3800)] "Uncaught SyntaxError: Invalid or unexpected token", source: file:///home/dhia/browser-fuzzer/Dissertation/logger/run_20250324_064826/round_052/mutations/mutated_0004.html (3800)
[152059:152059:0324/154045.347939:INFO:CONSOLE(3801)] "Uncaught SyntaxError: Invalid or unexpected token", source: file:///home/dhia/browser-fuzzer/Dissertation/logger/run_20250324_064826/round_052/mutations/mutated_0004.html (3801)
[152059:152059:0324/154045.366598:INFO:CONSOLE(3805)] "Uncaught SyntaxError: Invalid or unexpected token", source: file:///home/dhia/browser-fuzzer/Dissertation/logger/run_20250324_064826/round_052/mutations/mutated_0004.html (3805)
[152059:152059:0324/154045.909304:INFO:CONSOLE(3806)] "Uncaught SyntaxError: Invalid or unexpected token", source: file:///home/dhia/browser-fuzzer/Dissertation/logger/run_20250324_064826/round_052/mutations/mutated_0004.html (3806)
[152059:152059:0324/154045.927795:INFO:CONSOLE(3878)] "Uncaught SyntaxError: Invalid or unexpected token", source: file:///home/dhia/browser-fuzzer/Dissertation/logger/run_20250324_064826/round_052/mutations/mutated_0004.html (3878)
[152059:152059:0324/154045.931373:INFO:CONSOLE(3879)] "Uncaught SyntaxError: Invalid or unexpected token", source: file:///home/dhia/browser-fuzzer/Dissertation/logger/run_20250324_064826/round_052/mutations/mutated_0004.html (3879)
[152059:152059:0324/154047.142712:INFO:CONSOLE(3880)] "Uncaught SyntaxError: Invalid or unexpected token", source: file:///home/dhia/browser-fuzzer/Dissertation/logger/run_20250324_064826/round_052/mutations/mutated_0004.html (3880)
[152059:152059:0324/154047.147098:INFO:CONSOLE(3881)] "Uncaught SyntaxError: Invalid or unexpected token", source: file:///home/dhia/browser-fuzzer/Dissertation/logger/run_20250324_064826/round_052/mutations/mutated_0004.html (3881)
[152059:152059:0324/154047.154921:INFO:CONSOLE(3882)] "Uncaught SyntaxError: Invalid or unexpected token", source: file:///home/dhia/browser-fuzzer/Dissertation/logger/run_20250324_064826/round_052/mutations/mutated_0004.html (3882)
[152059:152059:0324/154047.180667:INFO:CONSOLE(3883)] "Uncaught SyntaxError: Invalid or unexpected token", source: file:///home/dhia/browser-fuzzer/Dissertation/logger/run_20250324_064826/round_052/mutations/mutated_0004.html (3883)
[152059:152059:0324/154047.190942:INFO:CONSOLE(3884)] "Uncaught SyntaxError: Invalid or unexpected token", source: file:///home/dhia/browser-fuzzer/Dissertation/logger/run_20250324_064826/round_052/mutations/mutated_0004.html (3884)
[152059:152059:0324/154047.195232:INFO:CONSOLE(3885)] "Uncaught SyntaxError: Invalid or unexpected token", source: file:///home/dhia/browser-fuzzer/Dissertation/logger/run_20250324_064826/round_052/mutations/mutated_0004.html (3885)
[152059:152059:0324/154047.740301:INFO:CONSOLE(3957)] "Uncaught SyntaxError: Invalid or unexpected token", source: file:///home/dhia/browser-fuzzer/Dissertation/logger/run_20250324_064826/round_052/mutations/mutated_0004.html (3957)
[152059:152059:0324/154047.750372:INFO:CONSOLE(3958)] "Uncaught SyntaxError: Invalid or unexpected token", source: file:///home/dhia/browser-fuzzer/Dissertation/logger/run_20250324_064826/round_052/mutations/mutated_0004.html (3958)
[152059:152059:0324/154047.758388:INFO:CONSOLE(3959)] "Uncaught SyntaxError: Invalid or unexpected token", source: file:///home/dhia/browser-fuzzer/Dissertation/logger/run_20250324_064826/round_052/mutations/mutated_0004.html (3959)
[152059:152059:0324/154049.338646:INFO:CONSOLE(3960)] "Uncaught SyntaxError: Invalid or unexpected token", source: file:///home/dhia/browser-fuzzer/Dissertation/logger/run_20250324_064826/round_052/mutations/mutated_0004.html (3960)
[152059:152059:0324/154049.350589:INFO:CONSOLE(3961)] "Uncaught SyntaxError: Invalid or unexpected token", source: file:///home/dhia/browser-fuzzer/Dissertation/logger/run_20250324_064826/round_052/mutations/mutated_0004.html (3961)
[152059:152059:0324/154049.367822:INFO:CONSOLE(3962)] "Uncaught SyntaxError: Invalid or unexpected token", source: file:///home/dhia/browser-fuzzer/Dissertation/logger/run_20250324_064826/round_052/mutations/mutated_0004.html (3962)
[152059:152059:0324/154049.937888:INFO:CONSOLE(3963)] "Uncaught SyntaxError: Invalid or unexpected token", source: file:///home/dhia/browser-fuzzer/Dissertation/logger/run_20250324_064826/round_052/mutations/mutated_0004.html (3963)
[152059:152059:0324/154049.951609:INFO:CONSOLE(3979)] "Uncaught SyntaxError: Invalid or unexpected token", source: file:///home/dhia/browser-fuzzer/Dissertation/logger/run_20250324_064826/round_052/mutations/mutated_0004.html (3979)
[152059:152059:0324/154051.038233:ERROR:background_mode_manager_aura.cc(12)] Not implemented reached in virtual void BackgroundModeManager::EnableLaunchOnStartup(bool)
[152059:152059:0324/154051.326571:ERROR:kill_posix.cc(33)] waitpid(152126): No child processes (10)
[152059:152093:0324/154051.356837:WARNING:discardable_shared_memory_manager.cc(452)] Some MojoDiscardableSharedMemoryManagerImpls are still alive. They will be leaked.
