[02:17:22][INFO] detection-advanced: [DETECTION] Deep & Detailed Reporting.
[02:17:22][INFO] detection-advanced: Processing batch 1 (2 files)
[02:17:22][INFO] detection-advanced: [DETECTION] Start => mutated_0002.html
[02:17:22][INFO] detection-advanced: [DETECTION] Start => mutated_0001.html
/home/dhia/browser-fuzzer/Dissertation/logger/fuzzing/detection.py:418: DeprecationWarning: set_timeout() in RemoteConnection is deprecated, set timeout to ClientConfig instance in constructor instead
  RemoteConnection.set_timeout(1800)
[02:17:51][INFO] detection-advanced: Testing file: file:///home/dhia/browser-fuzzer/Dissertation/logger/run_20250318_012252/round_002/mutations/mutated_0002.html
[02:17:52][INFO] detection-advanced: Testing file: file:///home/dhia/browser-fuzzer/Dissertation/logger/run_20250318_012252/round_002/mutations/mutated_0001.html
[02:19:51][ERROR] detection-advanced: Test mutated_0002.html => Exception: HTTPConnectionPool(host='localhost', port=35969): Read timed out. (read timeout=120)
[02:19:56][INFO] detection-advanced: Document readyState: complete
[02:19:58][INFO] detection-advanced: [REPORT] Updated => mutated_0001.html
[02:19:59][INFO] detection-advanced: [REPORT] Updated => mutated_0001.html
[02:20:00][INFO] detection-advanced: [REPORT] Updated => mutated_0001.html
[02:20:00][WARNING] detection-advanced: Skipping extended checks due to resource constraints
[02:20:01][INFO] detection-advanced: [REPORT] Updated => mutated_0001.html
[02:20:01][INFO] detection-advanced: [REPORT] Updated => mutated_0001.html
[02:20:01][INFO] detection-advanced: [REPORT] Updated => mutated_0001.html
[02:20:01][INFO] detection-advanced: [REPORT] Updated => mutated_0001.html
[02:20:01][INFO] detection-advanced: [REPORT] Updated => mutated_0001.html
[02:20:01][INFO] detection-advanced: [REPORT] Updated => mutated_0001.html
[02:20:01][INFO] detection-advanced: [REPORT] Updated => mutated_0001.html
[02:20:02][INFO] detection-advanced: [REPORT] Updated => mutated_0001.html
[02:20:04][INFO] detection-advanced: [REPORT] Updated => mutated_0001.html
[02:20:05][INFO] detection-advanced: [REPORT] Updated => mutated_0001.html
[02:20:05][INFO] detection-advanced: [REPORT] Updated => mutated_0001.html
/home/dhia/browser-fuzzer/Dissertation/logger/fuzzing/detection.py:898: DeprecationWarning: __array__ implementation doesn't accept a copy keyword, so passing copy=False failed. __array__ must implement 'dtype' and 'copy' keyword arguments. To learn more, see the migration guide https://numpy.org/devdocs/numpy_2_0_migration_guide.html#adapting-to-changes-in-the-copy-keyword
  diffs.append(float(np.mean(np.array(d))))
[02:20:12][INFO] detection-advanced: [REPORT] Updated => mutated_0001.html
[02:20:12][WARNING] detection-advanced:  => anomaly => console_errors => {'count': 15, 'messages': ["file:///home/dhia/browser-fuzzer/Dissertation/logger/run_20250318_012252/round_002/mutations/mutated_0001.html 47 The Content Security Policy 'default-src 'self' 'unsafe-inline'' was delivered via a <meta> element outside the document's <head>, which is disallowed. The policy has been ignored.", "file:///home/dhia/browser-fuzzer/Dissertation/logger/run_20250318_012252/round_002/mutations/mutated_0001.html 56 The Content Security Policy 'default-src 'self' 'unsafe-inline'' was delivered via a <meta> element outside the document's <head>, which is disallowed. The policy has been ignored.", "file:///home/dhia/browser-fuzzer/Dissertation/logger/run_20250318_012252/round_002/mutations/mutated_0001.html 126 The Content Security Policy 'default-src 'self' 'unsafe-inline'' was delivered via a <meta> element outside the document's <head>, which is disallowed. The policy has been ignored.", 'file:///home/dhia/browser-fuzzer/Dissertation/logger/run_20250318_012252/round_002/mutations/mutated_0001.html 172:12 "Simulated console error on Page 1."', "file:///home/dhia/browser-fuzzer/Dissertation/logger/run_20250318_012252/round_002/mutations/mutated_0001.html 394:2 Uncaught SyntaxError: Unexpected token '<'", 'file:///home/dhia/browser-fuzzer/Dissertation/logger/run_20250318_012252/round_002/mutations/missing_image%0Epng - Failed to load resource: net::ERR_FILE_NOT_FOUND', "file:///home/dhia/browser-fuzzer/Dissertation/logger/run_20250318_012252/round_002/mutations/mutated_0001.html 527:2 Uncaught SyntaxError: Unexpected token '<'", 'file:///home/dhia/browser-fuzzer/Dissertation/logger/run_20250318_012252/round_002/mutations/missing_image%0Epng - Failed to load resource: net::ERR_FILE_NOT_FOUND', 'file:///home/dhia/browser-fuzzer/Dissertation/logger/run_20250318_012252/round_002/mutations/mutated_0001.html 618:12 "Simulated error on Page 2."', 'file:///home/dhia/browser-fuzzer/Dissertation/logger/run_20250318_012252/round_002/mutations/mutated_0001.html 662:12 "Simulated error on Page 2."', 'file:///home/dhia/browser-fuzzer/Dissertation/logger/run_20250318_012252/round_002/mutations/mutated_0001.html 733:12 "Simulated error on Page 2."', 'file:///home/dhia/browser-fuzzer/Dissertation/logger/run_20250318_012252/round_002/mutations/mutated_0001.html 777:12 "Simulated error on Page 2."', 'file:///home/dhia/browser-fuzzer/Dissertation/logger/run_20250318_012252/round_002/mutations/mutated_0001.html 848:12 "Simulated error on Page 2."', 'file:///home/dhia/browser-fuzzer/Dissertation/logger/run_20250318_012252/round_002/mutations/mutated_0001.html 892:12 "Simulated error on Page 2."', 'file:///home/dhia/browser-fuzzer/Dissertation/logger/run_20250318_012252/round_002/mutations/mutated_0001.html 936:12 "Simulated error on Page 2."']}
[02:20:12][WARNING] detection-advanced:  => anomaly => mixed_content => {'count': 7}
[02:20:12][WARNING] detection-advanced:  => anomaly => security_header => {'missing': ['x-content-type-options', 'x-frame-options', 'permissions-policy']}
[02:20:12][WARNING] detection-advanced:  => anomaly => media_playback => {'error': {'MEDIA_ERR_ABORTED': 1, 'MEDIA_ERR_DECODE': 3, 'MEDIA_ERR_NETWORK': 2, 'MEDIA_ERR_SRC_NOT_SUPPORTED': 4, 'code': 4, 'message': 'MEDIA_ELEMENT_ERROR: Format error'}, 'paused': True, 'readyState': 0}
[02:20:12][WARNING] detection-advanced:  => anomaly => media_playback => {'error': {'MEDIA_ERR_ABORTED': 1, 'MEDIA_ERR_DECODE': 3, 'MEDIA_ERR_NETWORK': 2, 'MEDIA_ERR_SRC_NOT_SUPPORTED': 4, 'code': 4, 'message': 'MEDIA_ELEMENT_ERROR: Format error'}, 'paused': True, 'readyState': 0}
[02:20:12][WARNING] detection-advanced:  => anomaly => media_playback => {'error': {'MEDIA_ERR_ABORTED': 1, 'MEDIA_ERR_DECODE': 3, 'MEDIA_ERR_NETWORK': 2, 'MEDIA_ERR_SRC_NOT_SUPPORTED': 4, 'code': 4, 'message': 'MEDIA_ELEMENT_ERROR: Format error'}, 'paused': True, 'readyState': 0}
[02:20:12][WARNING] detection-advanced:  => anomaly => media_playback => {'error': {'MEDIA_ERR_ABORTED': 1, 'MEDIA_ERR_DECODE': 3, 'MEDIA_ERR_NETWORK': 2, 'MEDIA_ERR_SRC_NOT_SUPPORTED': 4, 'code': 4, 'message': 'MEDIA_ELEMENT_ERROR: Format error'}, 'paused': True, 'readyState': 0}
[02:20:12][WARNING] detection-advanced:  => anomaly => media_playback => {'error': {'MEDIA_ERR_ABORTED': 1, 'MEDIA_ERR_DECODE': 3, 'MEDIA_ERR_NETWORK': 2, 'MEDIA_ERR_SRC_NOT_SUPPORTED': 4, 'code': 4, 'message': 'MEDIA_ELEMENT_ERROR: Format error'}, 'paused': True, 'readyState': 0}
[02:20:12][WARNING] detection-advanced:  => anomaly => media_playback => {'error': {'MEDIA_ERR_ABORTED': 1, 'MEDIA_ERR_DECODE': 3, 'MEDIA_ERR_NETWORK': 2, 'MEDIA_ERR_SRC_NOT_SUPPORTED': 4, 'code': 4, 'message': 'MEDIA_ELEMENT_ERROR: Format error'}, 'paused': True, 'readyState': 0}
[02:20:12][WARNING] detection-advanced:  => anomaly => media_playback => {'error': {'MEDIA_ERR_ABORTED': 1, 'MEDIA_ERR_DECODE': 3, 'MEDIA_ERR_NETWORK': 2, 'MEDIA_ERR_SRC_NOT_SUPPORTED': 4, 'code': 4, 'message': 'MEDIA_ELEMENT_ERROR: Format error'}, 'paused': True, 'readyState': 0}
[02:20:12][WARNING] detection-advanced:  => anomaly => storage_anomaly => {'expected': 'testValue', 'got': 'incorrect_result'}
[02:20:12][WARNING] detection-advanced:  => anomaly => event_failure => No click event on body
[02:20:12][WARNING] detection-advanced:  => anomaly => i18n_issue => missing lang
[02:20:12][WARNING] detection-advanced:  => anomaly => slow_execution => Load time=122386
[02:20:12][INFO] detection-advanced: Finished => mutated_0001.html, took 169.55s
[02:21:51][WARNING] detection-advanced: Failed to capture crash artifacts: HTTPConnectionPool(host='localhost', port=35969): Read timed out. (read timeout=120)
[02:23:51][INFO] detection-advanced: [REPORT] Updated => mutated_0002.html
[02:25:52][INFO] detection-advanced: [REPORT] Updated => mutated_0002.html
[02:27:52][WARNING] urllib3.connectionpool: Retrying (Retry(total=2, connect=None, read=None, redirect=None, status=None)) after connection broken by 'ReadTimeoutError("HTTPConnectionPool(host='localhost', port=35969): Read timed out. (read timeout=120)")': /session/b7306b1e7b7d686f38abf314d4639659
[02:29:52][WARNING] urllib3.connectionpool: Retrying (Retry(total=1, connect=None, read=None, redirect=None, status=None)) after connection broken by 'ReadTimeoutError("HTTPConnectionPool(host='localhost', port=35969): Read timed out. (read timeout=120)")': /session/b7306b1e7b7d686f38abf314d4639659
[02:31:52][WARNING] urllib3.connectionpool: Retrying (Retry(total=0, connect=None, read=None, redirect=None, status=None)) after connection broken by 'ReadTimeoutError("HTTPConnectionPool(host='localhost', port=35969): Read timed out. (read timeout=120)")': /session/b7306b1e7b7d686f38abf314d4639659
[02:34:02][INFO] detection-advanced: [REPORT] Updated => mutated_0002.html
[02:34:02][WARNING] detection-advanced:  => anomaly => console_error => HTTPConnectionPool(host='localhost', port=35969): Read timed out. (read timeout=120)
[02:34:02][WARNING] detection-advanced:  => anomaly => security_check_error => HTTPConnectionPool(host='localhost', port=35969): Read timed out. (read timeout=120)
[02:34:02][INFO] detection-advanced: Finished => mutated_0002.html, took 999.80s
[02:34:02][INFO] detection-advanced: [COVERAGE] coverage_summary => /home/dhia/browser-fuzzer/Dissertation/logger/run_20250318_012252/round_002/crash_results/coverage_summary.json
libEGL warning: DRI2: failed to authenticate
[02:34:03][INFO] detection-advanced: [COVERAGE] Chart => /home/dhia/browser-fuzzer/Dissertation/logger/run_20250318_012252/round_002/crash_results/coverage_chart.png
[02:34:03][INFO] detection-advanced: [REPORT] Interactive HTML report generated: /home/dhia/browser-fuzzer/Dissertation/logger/run_20250318_012252/round_002/crash_results/reports/interactive_report.html

+-----------------+---------+
| Metric          |   Value |
|-----------------+---------|
| Total Tests     |       2 |
| Passed          |       0 |
| Failed          |       2 |
| Critical Issues |       0 |
| High Severity   |       1 |
| Medium Severity |       0 |
| Low Severity    |       0 |
| Info            |       1 |
+-----------------+---------+
[02:34:03][INFO] detection-advanced: Cleaning up 0 temporary files
[02:34:03][INFO] detection-advanced: System cleanup completed
