[09:36:37][INFO] detection-advanced: [DETECTION] Deep & Detailed Reporting.
[09:36:37][INFO] detection-advanced: Processing batch 1 (2 files)
[09:36:37][INFO] detection-advanced: [DETECTION] Start => mutated_0002.html
[09:36:37][INFO] detection-advanced: [DETECTION] Start => mutated_0001.html
/home/dhia/browser-fuzzer/Dissertation/logger/fuzzing/detection.py:411: DeprecationWarning: set_timeout() in RemoteConnection is deprecated, set timeout to ClientConfig instance in constructor instead
  RemoteConnection.set_timeout(180)
[09:36:59][INFO] detection-advanced: Testing file: file:///home/dhia/browser-fuzzer/Dissertation/logger/run_20250324_064826/round_019/mutations/mutated_0001.html
[09:36:59][INFO] detection-advanced: Testing file: file:///home/dhia/browser-fuzzer/Dissertation/logger/run_20250324_064826/round_019/mutations/mutated_0002.html
[09:37:01][INFO] detection-advanced: Document readyState: complete
[09:37:01][WARNING] detection-advanced: Skipping extended checks due to resource constraints
[09:37:33][INFO] detection-advanced: Resource Usage: CPU=-23.20%, Memory=0.00 MB, Disk Read=0.00 MB, Disk Write=5.69 MB
/home/dhia/browser-fuzzer/Dissertation/logger/fuzzing/detection.py:1230: DeprecationWarning: __array__ implementation doesn't accept a copy keyword, so passing copy=False failed. __array__ must implement 'dtype' and 'copy' keyword arguments. To learn more, see the migration guide https://numpy.org/devdocs/numpy_2_0_migration_guide.html#adapting-to-changes-in-the-copy-keyword
  diffs.append(float(np.mean(np.array(d))))
[09:37:43][WARNING] detection-advanced:  => anomaly => console_errors_warnings => {'errors_warnings': [{'level': 'SEVERE', 'type': 'general', 'message': "file:///home/dhia/browser-fuzzer/Dissertation/logger/run_20250324_064826/round_019/mutations/mutated_0001.html 8 The Content Security Policy 'default-src 'self' 'unsafe-inline'' was delivered via a <meta> element outside the document's <head>, which is disallowed. The policy has been ignored.", 'source': 'security', 'url': ''}, {'level': 'SEVERE', 'type': 'javascript_error', 'message': 'file:///home/dhia/browser-fuzzer/Dissertation/logger/run_20250324_064826/round_019/mutations/mutated_0001.html 9:12 Uncaught SyntaxError: Invalid or unexpected token', 'source': 'javascript', 'url': ''}, {'level': 'SEVERE', 'type': 'javascript_error', 'message': 'file:///home/dhia/browser-fuzzer/Dissertation/logger/run_20250324_064826/round_019/mutations/mutated_0001.html 10:12 Uncaught SyntaxError: Invalid or unexpected token', 'source': 'javascript', 'url': ''}, {'level': 'SEVERE', 'type': 'javascript_error', 'message': 'file:///home/dhia/browser-fuzzer/Dissertation/logger/run_20250324_064826/round_019/mutations/mutated_0001.html 11:12 Uncaught SyntaxError: Invalid or unexpected token', 'source': 'javascript', 'url': ''}, {'level': 'SEVERE', 'type': 'javascript_error', 'message': 'file:///home/dhia/browser-fuzzer/Dissertation/logger/run_20250324_064826/round_019/mutations/mutated_0001.html 12:12 Uncaught SyntaxError: Invalid or unexpected token', 'source': 'javascript', 'url': ''}, {'level': 'SEVERE', 'type': 'javascript_error', 'message': 'file:///home/dhia/browser-fuzzer/Dissertation/logger/run_20250324_064826/round_019/mutations/mutated_0001.html 13:12 Uncaught SyntaxError: Invalid or unexpected token', 'source': 'javascript', 'url': ''}, {'level': 'SEVERE', 'type': 'javascript_error', 'message': 'file:///home/dhia/browser-fuzzer/Dissertation/logger/run_20250324_064826/round_019/mutations/mutated_0001.html 23:12 Uncaught SyntaxError: Invalid or unexpected token', 'source': 'javascript', 'url': ''}, {'level': 'SEVERE', 'type': 'javascript_error', 'message': 'file:///home/dhia/browser-fuzzer/Dissertation/logger/run_20250324_064826/round_019/mutations/mutated_0001.html 24:12 Uncaught SyntaxError: Invalid or unexpected token', 'source': 'javascript', 'url': ''}, {'level': 'SEVERE', 'type': 'javascript_error', 'message': 'file:///home/dhia/browser-fuzzer/Dissertation/logger/run_20250324_064826/round_019/mutations/mutated_0001.html 29:12 Uncaught SyntaxError: Invalid or unexpected token', 'source': 'javascript', 'url': ''}, {'level': 'SEVERE', 'type': 'javascript_error', 'message': 'file:///home/dhia/browser-fuzzer/Dissertation/logger/run_20250324_064826/round_019/mutations/mutated_0001.html 30:12 Uncaught SyntaxError: Invalid or unexpected token', 'source': 'javascript', 'url': ''}, {'level': 'SEVERE', 'type': 'javascript_error', 'message': 'file:///home/dhia/browser-fuzzer/Dissertation/logger/run_20250324_064826/round_019/mutations/mutated_0001.html 32:12 Uncaught SyntaxError: Invalid or unexpected token', 'source': 'javascript', 'url': ''}, {'level': 'SEVERE', 'type': 'javascript_error', 'message': 'file:///home/dhia/browser-fuzzer/Dissertation/logger/run_20250324_064826/round_019/mutations/mutated_0001.html 33:12 Uncaught SyntaxError: Invalid or unexpected token', 'source': 'javascript', 'url': ''}, {'level': 'SEVERE', 'type': 'javascript_error', 'message': 'file:///home/dhia/browser-fuzzer/Dissertation/logger/run_20250324_064826/round_019/mutations/mutated_0001.html 47:12 Uncaught SyntaxError: Invalid or unexpected token', 'source': 'javascript', 'url': ''}, {'level': 'SEVERE', 'type': 'javascript_error', 'message': 'file:///home/dhia/browser-fuzzer/Dissertation/logger/run_20250324_064826/round_019/mutations/mutated_0001.html 48:12 Uncaught SyntaxError: Invalid or unexpected token', 'source': 'javascript', 'url': ''}, {'level': 'SEVERE', 'type': 'javascript_error', 'message': 'file:///home/dhia/browser-fuzzer/Dissertation/logger/run_20250324_064826/round_019/mutations/mutated_0001.html 50:12 Uncaught SyntaxError: Invalid or unexpected token', 'source': 'javascript', 'url': ''}, {'level': 'SEVERE', 'type': 'javascript_error', 'message': 'file:///home/dhia/browser-fuzzer/Dissertation/logger/run_20250324_064826/round_019/mutations/mutated_0001.html 51:12 Uncaught SyntaxError: Invalid or unexpected token', 'source': 'javascript', 'url': ''}, {'level': 'SEVERE', 'type': 'javascript_error', 'message': 'file:///home/dhia/browser-fuzzer/Dissertation/logger/run_20250324_064826/round_019/mutations/mutated_0001.html 53:12 Uncaught SyntaxError: Invalid or unexpected token', 'source': 'javascript', 'url': ''}, {'level': 'SEVERE', 'type': 'javascript_error', 'message': 'file:///home/dhia/browser-fuzzer/Dissertation/logger/run_20250324_064826/round_019/mutations/mutated_0001.html 54:12 Uncaught SyntaxError: Invalid or unexpected token', 'source': 'javascript', 'url': ''}, {'level': 'SEVERE', 'type': 'javascript_error', 'message': 'file:///home/dhia/browser-fuzzer/Dissertation/logger/run_20250324_064826/round_019/mutations/mutated_0001.html 91:12 Uncaught SyntaxError: Invalid or unexpected token', 'source': 'javascript', 'url': ''}, {'level': 'SEVERE', 'type': 'javascript_error', 'message': 'file:///home/dhia/browser-fuzzer/Dissertation/logger/run_20250324_064826/round_019/mutations/mutated_0001.html 92:12 Uncaught SyntaxError: Invalid or unexpected token', 'source': 'javascript', 'url': ''}, {'level': 'SEVERE', 'type': 'javascript_error', 'message': 'file:///home/dhia/browser-fuzzer/Dissertation/logger/run_20250324_064826/round_019/mutations/mutated_0001.html 94:12 Uncaught SyntaxError: Invalid or unexpected token', 'source': 'javascript', 'url': ''}, {'level': 'SEVERE', 'type': 'javascript_error', 'message': 'file:///home/dhia/browser-fuzzer/Dissertation/logger/run_20250324_064826/round_019/mutations/mutated_0001.html 95:12 Uncaught SyntaxError: Invalid or unexpected token', 'source': 'javascript', 'url': ''}, {'level': 'SEVERE', 'type': 'javascript_error', 'message': 'file:///home/dhia/browser-fuzzer/Dissertation/logger/run_20250324_064826/round_019/mutations/mutated_0001.html 96:12 Uncaught SyntaxError: Invalid or unexpected token', 'source': 'javascript', 'url': ''}, {'level': 'SEVERE', 'type': 'javascript_error', 'message': 'file:///home/dhia/browser-fuzzer/Dissertation/logger/run_20250324_064826/round_019/mutations/mutated_0001.html 97:12 Uncaught SyntaxError: Invalid or unexpected token', 'source': 'javascript', 'url': ''}, {'level': 'SEVERE', 'type': 'javascript_error', 'message': 'file:///home/dhia/browser-fuzzer/Dissertation/logger/run_20250324_064826/round_019/mutations/mutated_0001.html 104:12 Uncaught SyntaxError: Invalid or unexpected token', 'source': 'javascript', 'url': ''}, {'level': 'SEVERE', 'type': 'javascript_error', 'message': 'file:///home/dhia/browser-fuzzer/Dissertation/logger/run_20250324_064826/round_019/mutations/mutated_0001.html 105:12 Uncaught SyntaxError: Invalid or unexpected token', 'source': 'javascript', 'url': ''}, {'level': 'SEVERE', 'type': 'javascript_error', 'message': 'file:///home/dhia/browser-fuzzer/Dissertation/logger/run_20250324_064826/round_019/mutations/mutated_0001.html 106:12 Uncaught SyntaxError: Invalid or unexpected token', 'source': 'javascript', 'url': ''}, {'level': 'SEVERE', 'type': 'javascript_error', 'message': 'file:///home/dhia/browser-fuzzer/Dissertation/logger/run_20250324_064826/round_019/mutations/mutated_0001.html 107:12 Uncaught SyntaxError: Invalid or unexpected token', 'source': 'javascript', 'url': ''}, {'level': 'SEVERE', 'type': 'javascript_error', 'message': 'file:///home/dhia/browser-fuzzer/Dissertation/logger/run_20250324_064826/round_019/mutations/mutated_0001.html 108:12 Uncaught SyntaxError: Invalid or unexpected token', 'source': 'javascript', 'url': ''}, {'level': 'SEVERE', 'type': 'javascript_error', 'message': 'file:///home/dhia/browser-fuzzer/Dissertation/logger/run_20250324_064826/round_019/mutations/mutated_0001.html 109:12 Uncaught SyntaxError: Invalid or unexpected token', 'source': 'javascript', 'url': ''}, {'level': 'SEVERE', 'type': 'javascript_error', 'message': 'file:///home/dhia/browser-fuzzer/Dissertation/logger/run_20250324_064826/round_019/mutations/mutated_0001.html 110:12 Uncaught SyntaxError: Invalid or unexpected token', 'source': 'javascript', 'url': ''}, {'level': 'SEVERE', 'type': 'javascript_error', 'message': 'file:///home/dhia/browser-fuzzer/Dissertation/logger/run_20250324_064826/round_019/mutations/mutated_0001.html 111:53 Uncaught SyntaxError: Invalid or unexpected token', 'source': 'javascript', 'url': ''}, {'level': 'SEVERE', 'type': 'javascript_error', 'message': 'file:///home/dhia/browser-fuzzer/Dissertation/logger/run_20250324_064826/round_019/mutations/mutated_0001.html 112:12 Uncaught SyntaxError: Invalid or unexpected token', 'source': 'javascript', 'url': ''}, {'level': 'SEVERE', 'type': 'javascript_error', 'message': 'file:///home/dhia/browser-fuzzer/Dissertation/logger/run_20250324_064826/round_019/mutations/mutated_0001.html 113:12 Uncaught SyntaxError: Invalid or unexpected token', 'source': 'javascript', 'url': ''}, {'level': 'SEVERE', 'type': 'javascript_error', 'message': 'file:///home/dhia/browser-fuzzer/Dissertation/logger/run_20250324_064826/round_019/mutations/mutated_0001.html 114:12 Uncaught SyntaxError: Invalid or unexpected token', 'source': 'javascript', 'url': ''}, {'level': 'SEVERE', 'type': 'javascript_error', 'message': 'file:///home/dhia/browser-fuzzer/Dissertation/logger/run_20250324_064826/round_019/mutations/mutated_0001.html 115:12 Uncaught SyntaxError: Invalid or unexpected token', 'source': 'javascript', 'url': ''}], 'error_counts': {'general': 1, 'javascript_error': 35}}
[09:37:43][WARNING] detection-advanced:  => anomaly => security_check_error => Message: invalid argument: log type 'performance' not found
  (Session info: chrome=135.0.7019.0)
Stacktrace:
#0 0x5c9dc796e0b6 <unknown>
#1 0x5c9dcabf6ce8 <unknown>
#2 0x5c9dcabbb7c9 <unknown>
#3 0x5c9dc7a7b265 <unknown>
#4 0x5c9dc7bbfe58 <unknown>
#5 0x5c9dc7b81649 <unknown>
#6 0x5c9dc7b1efc9 <unknown>
#7 0x5c9dc7b1bb21 <unknown>
#8 0x5c9dc7b1e66d <unknown>
#9 0x5c9dc7a3ad67 <unknown>
#10 0x5c9dca9efbac <unknown>
#11 0x5c9dcaab1dd2 <unknown>
#12 0x5c9dcaab01bc <unknown>
#13 0x5c9dcaab30eb <unknown>
#14 0x5c9dcaa31459 <unknown>
#15 0x5c9dcaab43f0 <unknown>
#16 0x5c9dca9b0a31 <unknown>
#17 0x5c9dcab6395c <unknown>
#18 0x5c9dcab641e0 <unknown>
#19 0x5c9dcaba9ada <unknown>
#20 0x5c9dc79c4b87 <unknown>
#21 0x732b5dc94ac3 <unknown>
#22 0x732b5dd26850 <unknown>

[09:37:43][WARNING] detection-advanced:  => anomaly => duplicate_ids => {'ids': ['fixed-height-item', 'percent-height-item'], 'elements': ['<div data-mutated="true" data-uncovered-attr="fuzz" id="fixed-height-item" onabort="triggerFuzz()"></div>', '<div data-mutated="true" data-uncovered-attr="fuzz" id="fixed-height-item" onblur="triggerFuzz()"></div>', '<div data-mutated="true" data-uncovered-attr="fuzz" id="percent-height-item" onblur="triggerFuzz()" onerror="triggerFuzz()"></div>', '<div data-mutated="true" data-uncovered-attr="fuzz" id="percent-height-item" onerror="triggerFuzz()"></div>']}
[09:37:43][WARNING] detection-advanced:  => anomaly => blocking_scripts_in_body => {'scripts': ['<script>\n        window.__jsCoverage = new Proxy({}, {\n            get(t, p) { return t[p] || 0 },\n            set(t, p, v) { t[p] = (t[p] || 0) + 1; return true }\n        });\n        </script>', "<script>// JS Validation Error\nconsole.log(\\'recursive script at step 0\\');</script>", '<script data-mutated="true" data-uncovered-attr="fuzz" onabort="triggerFuzz()">// JS Validation Error\nconsole.log(\\\'recursive script at step 0\\\');console.log(\\\'recursive script at step 0\\\');</script>', '<script data-mutated="true" data-uncovered-attr="fuzz" onblur="triggerFuzz()">// JS Validation Error\nconsole.log(\\\'recursive script at step 0\\\');console.log(\\\'recursive script at step 0\\\');</script>', "<script>// JS Validation Error\nconsole.log(\\'recursive script at step 0\\');</script>", "<script>// JS Validation Error\nconsole.log(\\'recursive script at step 0\\');</script>", '<script>function triggerFuzz() {}</script>', "<script>// JS Validation Error\nconsole.log(\\'recursive script at step 0\\');</script>", '<script data-mutated="true" data-uncovered-attr="fuzz" onblur="triggerFuzz()">// JS Validation Error\nconsole.log(\\\'recursive script at step 0\\\');console.log(\\\'recursive script at step 0\\\');</script>', "<script>// JS Validation Error\nconsole.log(\\'recursive script at step 0\\');</script>", '<script data-mutated="true" data-uncovered-attr="fuzz" onabort="triggerFuzz()">// JS Validation Error\nconsole.log(\\\'recursive script at step 0\\\');&lt;!--[if lt IE 9]&gt; &lt;script&gt;alert(\\\'old IE\\\')&lt;![endif]--&gt;console.log(\\\'recursive script at step 0\\\');</script>', "<script>// JS Validation Error\nconsole.log(\\'recursive script at step 0\\');</script>", '<script data-mutated="true" data-uncovered-attr="fuzz" onerror="triggerFuzz()">// JS Validation Error\nconsole.log(\\\'recursive script at step 0\\\');console.log(\\\'recursive script at step 0\\\');</script>', "<script>// JS Validation Error\nconsole.log(\\'recursive script at step 0\\');</script>", '<script data-mutated="true" data-uncovered-attr="fuzz" onerror="triggerFuzz()">// JS Validation Error\nconsole.log(\\\'recursive script at step 0\\\');console.log(\\\'recursive script at step 0\\\');</script>', "<script>// JS Validation Error\nconsole.log(\\'recursive script at step 0\\');</script>", '<script data-mutated="true" data-uncovered-attr="fuzz" onabort="triggerFuzz()">// JS Validation Error\nconsole.log(\\\'recursive script at step 0\\\');console.log(\\\'recursive script at step 0\\\');</script>', "<script>// JS Validation Error\nconsole.log(\\'recursive script at step 0\\');</script>", '<script data-mutated="true" data-uncovered-attr="fuzz" onerror="triggerFuzz()">// JS Validation Error\nconsole.log(\\\'recursive script at step 0\\\');&lt;!--[if lt IE 9]&gt; &lt;script&gt;alert(\\\'old IE\\\')&lt;![endif]--&gt;console.log(\\\'recursive script at step 0\\\');</script>', '<script data-mutated="true" data-uncovered-attr="fuzz" onerror="triggerFuzz()">// JS Validation Error\nconsole.log(\\\'recursive script at step 0\\\');console.log(\\\'recursive script at step 0\\\');</script>', "<script>// JS Validation Error\nconsole.log(\\'recursive script at step 0\\');</script>", '<script data-mutated="true" data-uncovered-attr="fuzz" onerror="triggerFuzz()">// JS Validation Error\nconsole.log(\\\'recursive script at step 0\\\');console.log(\\\'recursive script at step 0\\\');</script>', "<script>// JS Validation Error\nconsole.log(\\'recursive script at step 0\\');</script>", '<script data-mutated="truu" data-uncovered-attr="fuzz" onblur="triggerFuzz()">// JS Validation Error\nconsole.log(\\\'recursive script at step 0\\\');console.log(\\\'recursive script at step 0\\\');</script>', "<script>// JS Validation Error\nconsole.log(\\'recursive script at step 0\\');</script>", '<script data-mutated="true" data-uncovered-attr="fuzz" onabort="triggerFuzz()">// JS Validation Error\nconsole.log(\\\'recursive script at step 0\\\');console.log(\\\'recursive script at step 0\\\');</script>', "<script>// JS Validation Error\nconsole.log(\\'recursive script at step 0\\');</script>", '<script data-uncovered-attr="fuzz" onblur="triggerFuzz()">// JS Validation Error\nconsole.log(\\\'Mutation: \\\');</script>', "<script>// JS Validation Error\nconsole.log(\\'recursive script at step 0\\');</script>", '<script data-mutated="true" data-uncovered-attr="fuzz" onabort="triggerFuzz()">// JS Validation Error\nconsole.log(\\\'Mutation: \\\');console.log(\\\'recursive script at step 0\\\');</script>', '<script data-mutated="true" data-uncovered-attr="fuzz" onerror="triggerFuzz()">// JS Validation Error\nconsole.log(\\\'recursive script at step 0\\\');console.log(\\\'recursive script at step 0\\\');</script>', "<script>// JS Validation Error\nconsole.log(\\'recursive script at step 0\\');</script>", '<script data-mutated="true" data-uncovered-attr="fuzz" onblur="triggerFuzz()" onerror="triggerFuzz()">// JS Validation Error\ntry { document.currentScript.parentNode.setAttribute(\\\'data-adv-entangle-0\\\', performance.now().toString()); } catch(e) {}console.log(\\\'recursive script at step 0\\\');</script>', '<script data-mutated="true" data-uncovered-attr="fuzz" onblur="triggerFuzz()">// JS Validation Error\nconsole.log(\\\'recursive script at step 0\\\');console.log(\\\'recursive script at step 0\\\');</script>', "<script>// JS Validation Error\nconsole.log(\\'recursive script at step 0\\');</script>", '<script data-mutated="true" data-uncovered-attr="fuzz" onerror="triggerFuzz()">// JS Validation Error\nconsole.log(\\\'recursive script at step 0\\\');console.log(\\\'recursive script at step 0\\\');</script>', "<script>// JS Validation Error\nconsole.log(\\'recursive script at step 0\\');</script>"]}
[09:37:43][WARNING] detection-advanced:  => anomaly => storage_error => Message: invalid cookie domain
  (Session info: chrome=135.0.7019.0)
Stacktrace:
#0 0x5c9dc796e0b6 <unknown>
#1 0x5c9dcabf6ce8 <unknown>
#2 0x5c9dcabbb7c9 <unknown>
#3 0x5c9dc7a7ae80 <unknown>
#4 0x5c9dc7bf1b90 <unknown>
#5 0x5c9dc7b81a25 <unknown>
#6 0x5c9dc7bd658e <unknown>
#7 0x5c9dc7bd55d9 <unknown>
#8 0x5c9dc7b84b62 <unknown>
#9 0x5c9dc7b1efc9 <unknown>
#10 0x5c9dc7b1bb21 <unknown>
#11 0x5c9dc7b1e66d <unknown>
#12 0x5c9dc7a3ad67 <unknown>
#13 0x5c9dca9efbac <unknown>
#14 0x5c9dcaab1dd2 <unknown>
#15 0x5c9dcaab01bc <unknown>
#16 0x5c9dcaab30eb <unknown>
#17 0x5c9dcaa31459 <unknown>
#18 0x5c9dcaab43f0 <unknown>
#19 0x5c9dca9b0a31 <unknown>
#20 0x5c9dcab6395c <unknown>
#21 0x5c9dcab641e0 <unknown>
#22 0x5c9dcaba9ada <unknown>
#23 0x5c9dc79c4b87 <unknown>
#24 0x732b5dc94ac3 <unknown>
#25 0x732b5dd26850 <unknown>

[09:37:43][WARNING] detection-advanced:  => anomaly => mouseover_event_failed => Mouseover event handler not executed on element
[09:37:43][WARNING] detection-advanced:  => anomaly => missing_lang_attribute => The 'lang' attribute is missing from the <html> tag.
[09:37:43][WARNING] detection-advanced:  => anomaly => potential_xss_in_html => [{'pattern': '<script[^>]*>[^<]*</script>', 'match': '<script>\n        window.__jsCoverage = new Proxy({}, {\n            get(t, p) { return t[p] || 0 },\n            set(t, p, v) { t[p] = (t[p] || 0) + 1; return true }\n        });\n        </script>'}, {'pattern': '<script[^>]*>[^<]*</script>', 'match': "<script>// JS Validation Error\nconsole.log(\\'recursive script at step 0\\');</script>"}, {'pattern': '<script[^>]*>[^<]*</script>', 'match': '<script data-mutated="true" data-uncovered-attr="fuzz" onabort="triggerFuzz()">// JS Validation Error\nconsole.log(\\\'recursive script at step 0\\\');console.log(\\\'recursive script at step 0\\\');</script>'}, {'pattern': '<script[^>]*>[^<]*</script>', 'match': '<script data-mutated="true" data-uncovered-attr="fuzz" onblur="triggerFuzz()">// JS Validation Error\nconsole.log(\\\'recursive script at step 0\\\');console.log(\\\'recursive script at step 0\\\');</script>'}, {'pattern': '<script[^>]*>[^<]*</script>', 'match': "<script>// JS Validation Error\nconsole.log(\\'recursive script at step 0\\');</script>"}, {'pattern': '<script[^>]*>[^<]*</script>', 'match': "<script>// JS Validation Error\nconsole.log(\\'recursive script at step 0\\');</script>"}, {'pattern': '<script[^>]*>[^<]*</script>', 'match': '<script>function triggerFuzz() {}</script>'}, {'pattern': '<script[^>]*>[^<]*</script>', 'match': "<script>// JS Validation Error\nconsole.log(\\'recursive script at step 0\\');</script>"}, {'pattern': '<script[^>]*>[^<]*</script>', 'match': '<script data-mutated="true" data-uncovered-attr="fuzz" onblur="triggerFuzz()">// JS Validation Error\nconsole.log(\\\'recursive script at step 0\\\');console.log(\\\'recursive script at step 0\\\');</script>'}, {'pattern': '<script[^>]*>[^<]*</script>', 'match': "<script>// JS Validation Error\nconsole.log(\\'recursive script at step 0\\');</script>"}, {'pattern': '<script[^>]*>[^<]*</script>', 'match': '<script data-mutated="true" data-uncovered-attr="fuzz" onabort="triggerFuzz()">// JS Validation Error\nconsole.log(\\\'recursive script at step 0\\\');&lt;!--[if lt IE 9]&gt; &lt;script&gt;alert(\\\'old IE\\\')&lt;![endif]--&gt;console.log(\\\'recursive script at step 0\\\');</script>'}, {'pattern': '<script[^>]*>[^<]*</script>', 'match': "<script>// JS Validation Error\nconsole.log(\\'recursive script at step 0\\');</script>"}, {'pattern': '<script[^>]*>[^<]*</script>', 'match': '<script data-mutated="true" data-uncovered-attr="fuzz" onerror="triggerFuzz()">// JS Validation Error\nconsole.log(\\\'recursive script at step 0\\\');console.log(\\\'recursive script at step 0\\\');</script>'}, {'pattern': '<script[^>]*>[^<]*</script>', 'match': "<script>// JS Validation Error\nconsole.log(\\'recursive script at step 0\\');</script>"}, {'pattern': '<script[^>]*>[^<]*</script>', 'match': '<script data-mutated="true" data-uncovered-attr="fuzz" onerror="triggerFuzz()">// JS Validation Error\nconsole.log(\\\'recursive script at step 0\\\');console.log(\\\'recursive script at step 0\\\');</script>'}, {'pattern': '<script[^>]*>[^<]*</script>', 'match': "<script>// JS Validation Error\nconsole.log(\\'recursive script at step 0\\');</script>"}, {'pattern': '<script[^>]*>[^<]*</script>', 'match': '<script data-mutated="true" data-uncovered-attr="fuzz" onabort="triggerFuzz()">// JS Validation Error\nconsole.log(\\\'recursive script at step 0\\\');console.log(\\\'recursive script at step 0\\\');</script>'}, {'pattern': '<script[^>]*>[^<]*</script>', 'match': "<script>// JS Validation Error\nconsole.log(\\'recursive script at step 0\\');</script>"}, {'pattern': '<script[^>]*>[^<]*</script>', 'match': '<script data-mutated="true" data-uncovered-attr="fuzz" onerror="triggerFuzz()">// JS Validation Error\nconsole.log(\\\'recursive script at step 0\\\');&lt;!--[if lt IE 9]&gt; &lt;script&gt;alert(\\\'old IE\\\')&lt;![endif]--&gt;console.log(\\\'recursive script at step 0\\\');</script>'}, {'pattern': '<script[^>]*>[^<]*</script>', 'match': "<script>console.log('recursive script at step 0');</script>"}, {'pattern': '<script[^>]*>[^<]*</script>', 'match': "<script>console.log('recursive script at step 0');</script>"}, {'pattern': '<script[^>]*>[^<]*</script>', 'match': '<script data-mutated="true" data-uncovered-attr="fuzz" onerror="triggerFuzz()">// JS Validation Error\nconsole.log(\\\'recursive script at step 0\\\');console.log(\\\'recursive script at step 0\\\');</script>'}, {'pattern': '<script[^>]*>[^<]*</script>', 'match': "<script>// JS Validation Error\nconsole.log(\\'recursive script at step 0\\');</script>"}, {'pattern': '<script[^>]*>[^<]*</script>', 'match': '<script data-mutated="true" data-uncovered-attr="fuzz" onerror="triggerFuzz()">// JS Validation Error\nconsole.log(\\\'recursive script at step 0\\\');console.log(\\\'recursive script at step 0\\\');</script>'}, {'pattern': '<script[^>]*>[^<]*</script>', 'match': "<script>// JS Validation Error\nconsole.log(\\'recursive script at step 0\\');</script>"}, {'pattern': '<script[^>]*>[^<]*</script>', 'match': '<script data-mutated="truu" data-uncovered-attr="fuzz" onblur="triggerFuzz()">// JS Validation Error\nconsole.log(\\\'recursive script at step 0\\\');console.log(\\\'recursive script at step 0\\\');</script>'}, {'pattern': '<script[^>]*>[^<]*</script>', 'match': "<script>// JS Validation Error\nconsole.log(\\'recursive script at step 0\\');</script>"}, {'pattern': '<script[^>]*>[^<]*</script>', 'match': '<script data-mutated="true" data-uncovered-attr="fuzz" onabort="triggerFuzz()">// JS Validation Error\nconsole.log(\\\'recursive script at step 0\\\');console.log(\\\'recursive script at step 0\\\');</script>'}, {'pattern': '<script[^>]*>[^<]*</script>', 'match': "<script>// JS Validation Error\nconsole.log(\\'recursive script at step 0\\');</script>"}, {'pattern': '<script[^>]*>[^<]*</script>', 'match': '<script data-uncovered-attr="fuzz" onblur="triggerFuzz()">// JS Validation Error\nconsole.log(\\\'Mutation: \\\');</script>'}, {'pattern': '<script[^>]*>[^<]*</script>', 'match': "<script>// JS Validation Error\nconsole.log(\\'recursive script at step 0\\');</script>"}, {'pattern': '<script[^>]*>[^<]*</script>', 'match': '<script data-mutated="true" data-uncovered-attr="fuzz" onabort="triggerFuzz()">// JS Validation Error\nconsole.log(\\\'Mutation: \\\');console.log(\\\'recursive script at step 0\\\');</script>'}, {'pattern': '<script[^>]*>[^<]*</script>', 'match': '<script data-mutated="true" data-uncovered-attr="fuzz" onerror="triggerFuzz()">// JS Validation Error\nconsole.log(\\\'recursive script at step 0\\\');console.log(\\\'recursive script at step 0\\\');</script>'}, {'pattern': '<script[^>]*>[^<]*</script>', 'match': "<script>// JS Validation Error\nconsole.log(\\'recursive script at step 0\\');</script>"}, {'pattern': '<script[^>]*>[^<]*</script>', 'match': '<script data-mutated="true" data-uncovered-attr="fuzz" onblur="triggerFuzz()" onerror="triggerFuzz()">// JS Validation Error\ntry { document.currentScript.parentNode.setAttribute(\\\'data-adv-entangle-0\\\', performance.now().toString()); } catch(e) {}console.log(\\\'recursive script at step 0\\\');</script>'}, {'pattern': '<script[^>]*>[^<]*</script>', 'match': '<script data-mutated="true" data-uncovered-attr="fuzz" onblur="triggerFuzz()">// JS Validation Error\nconsole.log(\\\'recursive script at step 0\\\');console.log(\\\'recursive script at step 0\\\');</script>'}, {'pattern': '<script[^>]*>[^<]*</script>', 'match': "<script>// JS Validation Error\nconsole.log(\\'recursive script at step 0\\');</script>"}, {'pattern': '<script[^>]*>[^<]*</script>', 'match': '<script data-mutated="true" data-uncovered-attr="fuzz" onerror="triggerFuzz()">// JS Validation Error\nconsole.log(\\\'recursive script at step 0\\\');console.log(\\\'recursive script at step 0\\\');</script>'}, {'pattern': '<script[^>]*>[^<]*</script>', 'match': "<script>// JS Validation Error\nconsole.log(\\'recursive script at step 0\\');</script>"}]
[09:37:43][INFO] detection-advanced: Finished => mutated_0001.html, took 66.22s
[09:37:59][WARNING] detection-advanced: Timeout loading file:///home/dhia/browser-fuzzer/Dissertation/logger/run_20250324_064826/round_019/mutations/mutated_0002.html
[09:38:01][WARNING] detection-advanced:  => anomaly => timeout_error => Timeout loading URL
[09:38:01][INFO] detection-advanced: Finished => mutated_0002.html, took 83.69s
[09:38:01][INFO] detection-advanced: Processing batch 2 (2 files)
[09:38:31][INFO] detection-advanced: [DETECTION] Start => mutated_0003.html
[09:38:31][INFO] detection-advanced: [DETECTION] Start => mutated_0004.html
[09:38:52][INFO] detection-advanced: Testing file: file:///home/dhia/browser-fuzzer/Dissertation/logger/run_20250324_064826/round_019/mutations/mutated_0003.html
[09:38:52][INFO] detection-advanced: Testing file: file:///home/dhia/browser-fuzzer/Dissertation/logger/run_20250324_064826/round_019/mutations/mutated_0004.html
[09:39:52][WARNING] detection-advanced: Timeout loading file:///home/dhia/browser-fuzzer/Dissertation/logger/run_20250324_064826/round_019/mutations/mutated_0003.html
[09:39:52][WARNING] detection-advanced: Timeout loading file:///home/dhia/browser-fuzzer/Dissertation/logger/run_20250324_064826/round_019/mutations/mutated_0004.html
[09:39:54][WARNING] detection-advanced:  => anomaly => timeout_error => Timeout loading URL
[09:39:54][INFO] detection-advanced: Finished => mutated_0003.html, took 83.34s
[09:39:54][WARNING] detection-advanced:  => anomaly => timeout_error => Timeout loading URL
[09:39:54][INFO] detection-advanced: Finished => mutated_0004.html, took 83.77s
[09:39:54][INFO] detection-advanced: [COVERAGE] coverage_summary => /home/dhia/browser-fuzzer/Dissertation/logger/run_20250324_064826/round_019/crash_results/coverage_summary.json
[09:39:54][INFO] detection-advanced: [REPORT] Text report generated: /home/dhia/browser-fuzzer/Dissertation/logger/run_20250324_064826/round_019/crash_results/reports/full_report.txt
[09:39:55][INFO] detection-advanced: [REPORT] JSON report generated: /home/dhia/browser-fuzzer/Dissertation/logger/run_20250324_064826/round_019/crash_results/reports/detailed_report.json

+-----------------+---------+
| Metric          |   Value |
|-----------------+---------|
| Total Tests     |       4 |
| Passed          |       0 |
| Failed          |       4 |
| Critical Issues |       0 |
| High Severity   |       0 |
| Medium Severity |       0 |
| Low Severity    |       0 |
| Info            |       4 |
+-----------------+---------+
[09:39:55][INFO] detection-advanced: Cleaning up 0 temporary files
[09:39:55][INFO] detection-advanced: System cleanup completed
