[167917:167917:0324/164056.086946:ERROR:cursor_factory.cc(96)] Not implemented reached in virtual void ui::CursorFactory::ObserveThemeChanges()
[167917:167917:0324/164056.634614:WARNING:account_consistency_mode_manager.cc(72)] Desktop Identity Consistency cannot be enabled as no OAuth client ID and client secret have been configured.
[167988:167988:0324/164056.916557:WARNING:sandbox_linux.cc(415)] InitializeSandbox() called with multiple threads in process gpu-process.
[167988:167988:0324/164056.939864:WARNING:viz_main_impl.cc(85)] VizNullHypothesis is disabled (not a warning)
[167987:167987:0324/164056.979904:WARNING:sandbox_linux.cc(415)] InitializeSandbox() called with multiple threads in process gpu-process.
[167987:167987:0324/164057.011044:WARNING:viz_main_impl.cc(85)] VizNullHypothesis is disabled (not a warning)
[167917:167917:0324/164058.125782:ERROR:platform_screen.cc(45)] Not implemented reached in virtual bool ui::PlatformScreen::IsScreenSaverActive() const
[167917:167917:0324/164058.125884:ERROR:platform_screen.cc(50)] Not implemented reached in virtual base::TimeDelta ui::PlatformScreen::CalculateIdleTime() const
[167917:167917:0324/164058.130386:WARNING:compose_enabling.cc(64)] Couldn't get country info.
[167917:167917:0324/164111.324422:INFO:CONSOLE(285)] "Uncaught SyntaxError: Invalid or unexpected token", source: file:///home/dhia/browser-fuzzer/Dissertation/logger/run_20250324_064826/round_059/mutations/mutated_0004.html (285)
[167917:167917:0324/164112.823838:INFO:CONSOLE(499)] "Uncaught SyntaxError: Invalid or unexpected token", source: file:///home/dhia/browser-fuzzer/Dissertation/logger/run_20250324_064826/round_059/mutations/mutated_0004.html (499)
[167917:167917:0324/164113.280368:INFO:CONSOLE(589)] "Uncaught SyntaxError: Invalid or unexpected token", source: file:///home/dhia/browser-fuzzer/Dissertation/logger/run_20250324_064826/round_059/mutations/mutated_0004.html (589)
[167917:167917:0324/164113.298657:INFO:CONSOLE(590)] "Uncaught SyntaxError: Invalid or unexpected token", source: file:///home/dhia/browser-fuzzer/Dissertation/logger/run_20250324_064826/round_059/mutations/mutated_0004.html (590)
[167917:167917:0324/164113.566817:INFO:CONSOLE(591)] "Uncaught SyntaxError: Invalid or unexpected token", source: file:///home/dhia/browser-fuzzer/Dissertation/logger/run_20250324_064826/round_059/mutations/mutated_0004.html (591)
[167917:167917:0324/164113.573074:INFO:CONSOLE(675)] "Uncaught SyntaxError: Invalid or unexpected token", source: file:///home/dhia/browser-fuzzer/Dissertation/logger/run_20250324_064826/round_059/mutations/mutated_0004.html (675)
[167917:167917:0324/164113.878688:INFO:CONSOLE(676)] "Uncaught SyntaxError: Invalid or unexpected token", source: file:///home/dhia/browser-fuzzer/Dissertation/logger/run_20250324_064826/round_059/mutations/mutated_0004.html (676)
[167917:167917:0324/164113.892093:INFO:CONSOLE(677)] "Uncaught SyntaxError: Invalid or unexpected token", source: file:///home/dhia/browser-fuzzer/Dissertation/logger/run_20250324_064826/round_059/mutations/mutated_0004.html (677)
[167917:167917:0324/164114.128961:INFO:CONSOLE(678)] "Uncaught SyntaxError: Invalid or unexpected token", source: file:///home/dhia/browser-fuzzer/Dissertation/logger/run_20250324_064826/round_059/mutations/mutated_0004.html (678)
[167917:167917:0324/164114.144744:INFO:CONSOLE(679)] "Uncaught SyntaxError: Invalid or unexpected token", source: file:///home/dhia/browser-fuzzer/Dissertation/logger/run_20250324_064826/round_059/mutations/mutated_0004.html (679)
[167917:167917:0324/164114.366779:INFO:CONSOLE(708)] "Uncaught SyntaxError: Invalid or unexpected token", source: file:///home/dhia/browser-fuzzer/Dissertation/logger/run_20250324_064826/round_059/mutations/mutated_0004.html (708)
[167917:167917:0324/164114.381121:INFO:CONSOLE(709)] "Uncaught SyntaxError: Invalid or unexpected token", source: file:///home/dhia/browser-fuzzer/Dissertation/logger/run_20250324_064826/round_059/mutations/mutated_0004.html (709)
[167917:167917:0324/164114.639369:INFO:CONSOLE(721)] "Uncaught SyntaxError: Invalid or unexpected token", source: file:///home/dhia/browser-fuzzer/Dissertation/logger/run_20250324_064826/round_059/mutations/mutated_0004.html (721)
[167917:167917:0324/164114.649696:INFO:CONSOLE(722)] "Uncaught SyntaxError: Invalid or unexpected token", source: file:///home/dhia/browser-fuzzer/Dissertation/logger/run_20250324_064826/round_059/mutations/mutated_0004.html (722)
[167917:167917:0324/164114.657971:INFO:CONSOLE(724)] "Uncaught SyntaxError: Invalid or unexpected token", source: file:///home/dhia/browser-fuzzer/Dissertation/logger/run_20250324_064826/round_059/mutations/mutated_0004.html (724)
[167917:167917:0324/164114.888067:INFO:CONSOLE(725)] "Uncaught SyntaxError: Invalid or unexpected token", source: file:///home/dhia/browser-fuzzer/Dissertation/logger/run_20250324_064826/round_059/mutations/mutated_0004.html (725)
[167917:167917:0324/164114.922544:INFO:CONSOLE(727)] "Uncaught SyntaxError: Invalid or unexpected token", source: file:///home/dhia/browser-fuzzer/Dissertation/logger/run_20250324_064826/round_059/mutations/mutated_0004.html (727)
[167917:167917:0324/164114.939513:INFO:CONSOLE(728)] "Uncaught SyntaxError: Invalid or unexpected token", source: file:///home/dhia/browser-fuzzer/Dissertation/logger/run_20250324_064826/round_059/mutations/mutated_0004.html (728)
[167917:167917:0324/164115.143944:INFO:CONSOLE(730)] "Uncaught SyntaxError: Invalid or unexpected token", source: file:///home/dhia/browser-fuzzer/Dissertation/logger/run_20250324_064826/round_059/mutations/mutated_0004.html (730)
[167917:167917:0324/164115.161397:INFO:CONSOLE(731)] "Uncaught SyntaxError: Invalid or unexpected token", source: file:///home/dhia/browser-fuzzer/Dissertation/logger/run_20250324_064826/round_059/mutations/mutated_0004.html (731)
[167917:167917:0324/164115.396480:INFO:CONSOLE(732)] "Uncaught SyntaxError: Invalid or unexpected token", source: file:///home/dhia/browser-fuzzer/Dissertation/logger/run_20250324_064826/round_059/mutations/mutated_0004.html (732)
[167917:167917:0324/164115.409365:INFO:CONSOLE(804)] "Uncaught SyntaxError: Invalid or unexpected token", source: file:///home/dhia/browser-fuzzer/Dissertation/logger/run_20250324_064826/round_059/mutations/mutated_0004.html (804)
[167917:167917:0324/164115.681111:INFO:CONSOLE(805)] "Uncaught SyntaxError: Invalid or unexpected token", source: file:///home/dhia/browser-fuzzer/Dissertation/logger/run_20250324_064826/round_059/mutations/mutated_0004.html (805)
[167917:167917:0324/164115.685284:INFO:CONSOLE(808)] "Uncaught SyntaxError: Invalid or unexpected token", source: file:///home/dhia/browser-fuzzer/Dissertation/logger/run_20250324_064826/round_059/mutations/mutated_0004.html (808)
[167917:167917:0324/164115.920776:INFO:CONSOLE(809)] "Uncaught SyntaxError: Invalid or unexpected token", source: file:///home/dhia/browser-fuzzer/Dissertation/logger/run_20250324_064826/round_059/mutations/mutated_0004.html (809)
[167917:167917:0324/164115.933429:INFO:CONSOLE(810)] "Uncaught SyntaxError: Invalid or unexpected token", source: file:///home/dhia/browser-fuzzer/Dissertation/logger/run_20250324_064826/round_059/mutations/mutated_0004.html (810)
[167917:167917:0324/164116.057352:INFO:CONSOLE(834)] "Uncaught SyntaxError: Invalid or unexpected token", source: file:///home/dhia/browser-fuzzer/Dissertation/logger/run_20250324_064826/round_059/mutations/mutated_0004.html (834)
[167917:167917:0324/164116.065173:INFO:CONSOLE(835)] "Uncaught SyntaxError: Invalid or unexpected token", source: file:///home/dhia/browser-fuzzer/Dissertation/logger/run_20250324_064826/round_059/mutations/mutated_0004.html (835)
[167917:167917:0324/164116.071221:INFO:CONSOLE(837)] "Uncaught SyntaxError: Invalid or unexpected token", source: file:///home/dhia/browser-fuzzer/Dissertation/logger/run_20250324_064826/round_059/mutations/mutated_0004.html (837)
[167917:167917:0324/164116.214852:INFO:CONSOLE(838)] "Uncaught SyntaxError: Invalid or unexpected token", source: file:///home/dhia/browser-fuzzer/Dissertation/logger/run_20250324_064826/round_059/mutations/mutated_0004.html (838)
[167917:167917:0324/164116.231702:INFO:CONSOLE(840)] "Uncaught SyntaxError: Invalid or unexpected token", source: file:///home/dhia/browser-fuzzer/Dissertation/logger/run_20250324_064826/round_059/mutations/mutated_0004.html (840)
[167917:167917:0324/164116.356856:INFO:CONSOLE(841)] "Uncaught SyntaxError: Invalid or unexpected token", source: file:///home/dhia/browser-fuzzer/Dissertation/logger/run_20250324_064826/round_059/mutations/mutated_0004.html (841)
[167917:167917:0324/164116.365836:INFO:CONSOLE(842)] "Uncaught SyntaxError: Invalid or unexpected token", source: file:///home/dhia/browser-fuzzer/Dissertation/logger/run_20250324_064826/round_059/mutations/mutated_0004.html (842)
[167917:167917:0324/164116.371820:INFO:CONSOLE(843)] "Uncaught SyntaxError: Invalid or unexpected token", source: file:///home/dhia/browser-fuzzer/Dissertation/logger/run_20250324_064826/round_059/mutations/mutated_0004.html (843)
[167917:167917:0324/164116.468672:INFO:CONSOLE(844)] "Uncaught SyntaxError: Invalid or unexpected token", source: file:///home/dhia/browser-fuzzer/Dissertation/logger/run_20250324_064826/round_059/mutations/mutated_0004.html (844)
[167917:167917:0324/164116.478976:INFO:CONSOLE(845)] "Uncaught SyntaxError: Invalid or unexpected token", source: file:///home/dhia/browser-fuzzer/Dissertation/logger/run_20250324_064826/round_059/mutations/mutated_0004.html (845)
[167917:167917:0324/164116.593475:INFO:CONSOLE(846)] "Uncaught SyntaxError: Invalid or unexpected token", source: file:///home/dhia/browser-fuzzer/Dissertation/logger/run_20250324_064826/round_059/mutations/mutated_0004.html (846)
[167917:167917:0324/164116.599714:INFO:CONSOLE(847)] "Uncaught SyntaxError: Invalid or unexpected token", source: file:///home/dhia/browser-fuzzer/Dissertation/logger/run_20250324_064826/round_059/mutations/mutated_0004.html (847)
[167917:167917:0324/164116.746721:INFO:CONSOLE(980)] "Uncaught SyntaxError: Invalid or unexpected token", source: file:///home/dhia/browser-fuzzer/Dissertation/logger/run_20250324_064826/round_059/mutations/mutated_0004.html (980)
[167917:167917:0324/164116.752486:INFO:CONSOLE(981)] "Uncaught SyntaxError: Invalid or unexpected token", source: file:///home/dhia/browser-fuzzer/Dissertation/logger/run_20250324_064826/round_059/mutations/mutated_0004.html (981)
[167917:167917:0324/164116.769910:INFO:CONSOLE(983)] "Uncaught SyntaxError: Invalid or unexpected token", source: file:///home/dhia/browser-fuzzer/Dissertation/logger/run_20250324_064826/round_059/mutations/mutated_0004.html (983)
[167917:167917:0324/164117.028392:INFO:CONSOLE(984)] "Uncaught SyntaxError: Invalid or unexpected token", source: file:///home/dhia/browser-fuzzer/Dissertation/logger/run_20250324_064826/round_059/mutations/mutated_0004.html (984)
[167917:167917:0324/164117.045236:INFO:CONSOLE(985)] "Uncaught SyntaxError: Invalid or unexpected token", source: file:///home/dhia/browser-fuzzer/Dissertation/logger/run_20250324_064826/round_059/mutations/mutated_0004.html (985)
[167917:167917:0324/164117.167624:INFO:CONSOLE(986)] "Uncaught SyntaxError: Invalid or unexpected token", source: file:///home/dhia/browser-fuzzer/Dissertation/logger/run_20250324_064826/round_059/mutations/mutated_0004.html (986)
[167917:167917:0324/164117.353400:INFO:CONSOLE(1059)] "Uncaught SyntaxError: Invalid or unexpected token", source: file:///home/dhia/browser-fuzzer/Dissertation/logger/run_20250324_064826/round_059/mutations/mutated_0004.html (1059)
[167917:167917:0324/164117.372309:INFO:CONSOLE(1060)] "Uncaught SyntaxError: Invalid or unexpected token", source: file:///home/dhia/browser-fuzzer/Dissertation/logger/run_20250324_064826/round_059/mutations/mutated_0004.html (1060)
[167917:167917:0324/164117.632763:INFO:CONSOLE(1121)] "Uncaught SyntaxError: Invalid or unexpected token", source: file:///home/dhia/browser-fuzzer/Dissertation/logger/run_20250324_064826/round_059/mutations/mutated_0004.html (1121)
[167917:167917:0324/164117.642897:INFO:CONSOLE(1122)] "Uncaught SyntaxError: Invalid or unexpected token", source: file:///home/dhia/browser-fuzzer/Dissertation/logger/run_20250324_064826/round_059/mutations/mutated_0004.html (1122)
[167917:167917:0324/164117.659581:INFO:CONSOLE(1123)] "Uncaught SyntaxError: Invalid or unexpected token", source: file:///home/dhia/browser-fuzzer/Dissertation/logger/run_20250324_064826/round_059/mutations/mutated_0004.html (1123)
[167917:167917:0324/164117.910722:INFO:CONSOLE(1124)] "Uncaught SyntaxError: Invalid or unexpected token", source: file:///home/dhia/browser-fuzzer/Dissertation/logger/run_20250324_064826/round_059/mutations/mutated_0004.html (1124)
[167917:167917:0324/164117.931286:INFO:CONSOLE(1134)] "Uncaught SyntaxError: Invalid or unexpected token", source: file:///home/dhia/browser-fuzzer/Dissertation/logger/run_20250324_064826/round_059/mutations/mutated_0004.html (1134)
[167917:167917:0324/164118.066136:INFO:CONSOLE(1135)] "Uncaught SyntaxError: Invalid or unexpected token", source: file:///home/dhia/browser-fuzzer/Dissertation/logger/run_20250324_064826/round_059/mutations/mutated_0004.html (1135)
[167917:167917:0324/164118.076550:INFO:CONSOLE(1136)] "Uncaught SyntaxError: Invalid or unexpected token", source: file:///home/dhia/browser-fuzzer/Dissertation/logger/run_20250324_064826/round_059/mutations/mutated_0004.html (1136)
[167917:167917:0324/164118.242232:INFO:CONSOLE(1137)] "Uncaught SyntaxError: Invalid or unexpected token", source: file:///home/dhia/browser-fuzzer/Dissertation/logger/run_20250324_064826/round_059/mutations/mutated_0004.html (1137)
[167917:167917:0324/164118.251415:INFO:CONSOLE(1138)] "Uncaught SyntaxError: Invalid or unexpected token", source: file:///home/dhia/browser-fuzzer/Dissertation/logger/run_20250324_064826/round_059/mutations/mutated_0004.html (1138)
[167917:167917:0324/164118.264437:INFO:CONSOLE(1139)] "Uncaught SyntaxError: Invalid or unexpected token", source: file:///home/dhia/browser-fuzzer/Dissertation/logger/run_20250324_064826/round_059/mutations/mutated_0004.html (1139)
[167917:167917:0324/164118.397297:INFO:CONSOLE(1140)] "Uncaught SyntaxError: Invalid or unexpected token", source: file:///home/dhia/browser-fuzzer/Dissertation/logger/run_20250324_064826/round_059/mutations/mutated_0004.html (1140)
[167917:167917:0324/164118.418194:INFO:CONSOLE(1156)] "Uncaught SyntaxError: Invalid or unexpected token", source: file:///home/dhia/browser-fuzzer/Dissertation/logger/run_20250324_064826/round_059/mutations/mutated_0004.html (1156)
[167917:167917:0324/164118.541208:INFO:CONSOLE(1157)] "Uncaught SyntaxError: Invalid or unexpected token", source: file:///home/dhia/browser-fuzzer/Dissertation/logger/run_20250324_064826/round_059/mutations/mutated_0004.html (1157)
[167917:167917:0324/164118.555658:INFO:CONSOLE(1159)] "Uncaught SyntaxError: Invalid or unexpected token", source: file:///home/dhia/browser-fuzzer/Dissertation/logger/run_20250324_064826/round_059/mutations/mutated_0004.html (1159)
[167917:167917:0324/164118.564465:INFO:CONSOLE(1160)] "Uncaught SyntaxError: Invalid or unexpected token", source: file:///home/dhia/browser-fuzzer/Dissertation/logger/run_20250324_064826/round_059/mutations/mutated_0004.html (1160)
[167917:167917:0324/164118.703467:INFO:CONSOLE(1161)] "Uncaught SyntaxError: Invalid or unexpected token", source: file:///home/dhia/browser-fuzzer/Dissertation/logger/run_20250324_064826/round_059/mutations/mutated_0004.html (1161)
[167917:167917:0324/164118.725693:INFO:CONSOLE(1162)] "Uncaught SyntaxError: Invalid or unexpected token", source: file:///home/dhia/browser-fuzzer/Dissertation/logger/run_20250324_064826/round_059/mutations/mutated_0004.html (1162)
[167917:167917:0324/164118.863889:INFO:CONSOLE(1164)] "Uncaught SyntaxError: Invalid or unexpected token", source: file:///home/dhia/browser-fuzzer/Dissertation/logger/run_20250324_064826/round_059/mutations/mutated_0004.html (1164)
[167917:167917:0324/164118.873393:INFO:CONSOLE(1165)] "Uncaught SyntaxError: Invalid or unexpected token", source: file:///home/dhia/browser-fuzzer/Dissertation/logger/run_20250324_064826/round_059/mutations/mutated_0004.html (1165)
[167917:167917:0324/164119.018867:INFO:CONSOLE(1166)] "Uncaught SyntaxError: Invalid or unexpected token", source: file:///home/dhia/browser-fuzzer/Dissertation/logger/run_20250324_064826/round_059/mutations/mutated_0004.html (1166)
[167917:167917:0324/164119.033777:INFO:CONSOLE(1168)] "Uncaught SyntaxError: Invalid or unexpected token", source: file:///home/dhia/browser-fuzzer/Dissertation/logger/run_20250324_064826/round_059/mutations/mutated_0004.html (1168)
[167917:167917:0324/164119.047952:INFO:CONSOLE(1169)] "Uncaught SyntaxError: Invalid or unexpected token", source: file:///home/dhia/browser-fuzzer/Dissertation/logger/run_20250324_064826/round_059/mutations/mutated_0004.html (1169)
[167917:167917:0324/164119.197715:INFO:CONSOLE(1171)] "Uncaught SyntaxError: Invalid or unexpected token", source: file:///home/dhia/browser-fuzzer/Dissertation/logger/run_20250324_064826/round_059/mutations/mutated_0004.html (1171)
[167917:167917:0324/164119.206007:INFO:CONSOLE(1172)] "Uncaught SyntaxError: Invalid or unexpected token", source: file:///home/dhia/browser-fuzzer/Dissertation/logger/run_20250324_064826/round_059/mutations/mutated_0004.html (1172)
[167917:167917:0324/164119.505986:INFO:CONSOLE(1244)] "Uncaught SyntaxError: Invalid or unexpected token", source: file:///home/dhia/browser-fuzzer/Dissertation/logger/run_20250324_064826/round_059/mutations/mutated_0004.html (1244)
[167917:167917:0324/164119.515308:INFO:CONSOLE(1245)] "Uncaught SyntaxError: Invalid or unexpected token", source: file:///home/dhia/browser-fuzzer/Dissertation/logger/run_20250324_064826/round_059/mutations/mutated_0004.html (1245)
[167917:167917:0324/164119.519813:INFO:CONSOLE(1246)] "Uncaught SyntaxError: Invalid or unexpected token", source: file:///home/dhia/browser-fuzzer/Dissertation/logger/run_20250324_064826/round_059/mutations/mutated_0004.html (1246)
[167917:167917:0324/164119.643431:INFO:CONSOLE(1261)] "Uncaught SyntaxError: Invalid or unexpected token", source: file:///home/dhia/browser-fuzzer/Dissertation/logger/run_20250324_064826/round_059/mutations/mutated_0004.html (1261)
[167917:167917:0324/164119.661399:INFO:CONSOLE(1262)] "Uncaught SyntaxError: Invalid or unexpected token", source: file:///home/dhia/browser-fuzzer/Dissertation/logger/run_20250324_064826/round_059/mutations/mutated_0004.html (1262)
[167917:167917:0324/164119.666145:INFO:CONSOLE(1263)] "Uncaught SyntaxError: Invalid or unexpected token", source: file:///home/dhia/browser-fuzzer/Dissertation/logger/run_20250324_064826/round_059/mutations/mutated_0004.html (1263)
[167917:167917:0324/164119.818197:INFO:CONSOLE(1264)] "Uncaught SyntaxError: Invalid or unexpected token", source: file:///home/dhia/browser-fuzzer/Dissertation/logger/run_20250324_064826/round_059/mutations/mutated_0004.html (1264)
[167917:167917:0324/164120.024215:INFO:CONSOLE(1288)] "Uncaught SyntaxError: Invalid or unexpected token", source: file:///home/dhia/browser-fuzzer/Dissertation/logger/run_20250324_064826/round_059/mutations/mutated_0004.html (1288)
[167917:167917:0324/164120.033338:INFO:CONSOLE(1289)] "Uncaught SyntaxError: Invalid or unexpected token", source: file:///home/dhia/browser-fuzzer/Dissertation/logger/run_20250324_064826/round_059/mutations/mutated_0004.html (1289)
[167917:167917:0324/164120.039712:INFO:CONSOLE(1290)] "Uncaught SyntaxError: Invalid or unexpected token", source: file:///home/dhia/browser-fuzzer/Dissertation/logger/run_20250324_064826/round_059/mutations/mutated_0004.html (1290)
[167917:167917:0324/164120.202655:INFO:CONSOLE(1292)] "Uncaught SyntaxError: Invalid or unexpected token", source: file:///home/dhia/browser-fuzzer/Dissertation/logger/run_20250324_064826/round_059/mutations/mutated_0004.html (1292)
[167917:167917:0324/164120.217534:INFO:CONSOLE(1293)] "Uncaught SyntaxError: Invalid or unexpected token", source: file:///home/dhia/browser-fuzzer/Dissertation/logger/run_20250324_064826/round_059/mutations/mutated_0004.html (1293)
[167917:167917:0324/164120.227885:INFO:CONSOLE(1295)] "Uncaught SyntaxError: Invalid or unexpected token", source: file:///home/dhia/browser-fuzzer/Dissertation/logger/run_20250324_064826/round_059/mutations/mutated_0004.html (1295)
[167917:167917:0324/164120.368421:INFO:CONSOLE(1296)] "Uncaught SyntaxError: Invalid or unexpected token", source: file:///home/dhia/browser-fuzzer/Dissertation/logger/run_20250324_064826/round_059/mutations/mutated_0004.html (1296)
[167917:167917:0324/164120.382496:INFO:CONSOLE(1297)] "Uncaught SyntaxError: Invalid or unexpected token", source: file:///home/dhia/browser-fuzzer/Dissertation/logger/run_20250324_064826/round_059/mutations/mutated_0004.html (1297)
[167917:167917:0324/164120.538053:INFO:CONSOLE(1298)] "Uncaught SyntaxError: Invalid or unexpected token", source: file:///home/dhia/browser-fuzzer/Dissertation/logger/run_20250324_064826/round_059/mutations/mutated_0004.html (1298)
[167917:167917:0324/164120.552089:INFO:CONSOLE(1299)] "Uncaught SyntaxError: Invalid or unexpected token", source: file:///home/dhia/browser-fuzzer/Dissertation/logger/run_20250324_064826/round_059/mutations/mutated_0004.html (1299)
[167917:167917:0324/164120.743186:INFO:CONSOLE(1350)] "Uncaught SyntaxError: Invalid or unexpected token", source: file:///home/dhia/browser-fuzzer/Dissertation/logger/run_20250324_064826/round_059/mutations/mutated_0004.html (1350)
[167917:167917:0324/164120.748021:INFO:CONSOLE(1351)] "Uncaught SyntaxError: Invalid or unexpected token", source: file:///home/dhia/browser-fuzzer/Dissertation/logger/run_20250324_064826/round_059/mutations/mutated_0004.html (1351)
[167917:167917:0324/164121.025625:INFO:CONSOLE(1448)] "Uncaught SyntaxError: Invalid or unexpected token", source: file:///home/dhia/browser-fuzzer/Dissertation/logger/run_20250324_064826/round_059/mutations/mutated_0004.html (1448)
[167917:167917:0324/164121.034348:INFO:CONSOLE(1449)] "Uncaught SyntaxError: Invalid or unexpected token", source: file:///home/dhia/browser-fuzzer/Dissertation/logger/run_20250324_064826/round_059/mutations/mutated_0004.html (1449)
[167917:167917:0324/164121.406206:INFO:CONSOLE(1450)] "Uncaught SyntaxError: Invalid or unexpected token", source: file:///home/dhia/browser-fuzzer/Dissertation/logger/run_20250324_064826/round_059/mutations/mutated_0004.html (1450)
[167917:167917:0324/164121.419593:INFO:CONSOLE(1451)] "Uncaught SyntaxError: Invalid or unexpected token", source: file:///home/dhia/browser-fuzzer/Dissertation/logger/run_20250324_064826/round_059/mutations/mutated_0004.html (1451)
[167917:167917:0324/164121.440903:INFO:CONSOLE(1452)] "Uncaught SyntaxError: Invalid or unexpected token", source: file:///home/dhia/browser-fuzzer/Dissertation/logger/run_20250324_064826/round_059/mutations/mutated_0004.html (1452)
[167917:167917:0324/164121.585532:INFO:CONSOLE(1453)] "Uncaught SyntaxError: Invalid or unexpected token", source: file:///home/dhia/browser-fuzzer/Dissertation/logger/run_20250324_064826/round_059/mutations/mutated_0004.html (1453)
[167917:167917:0324/164121.606204:INFO:CONSOLE(1454)] "Uncaught SyntaxError: Invalid or unexpected token", source: file:///home/dhia/browser-fuzzer/Dissertation/logger/run_20250324_064826/round_059/mutations/mutated_0004.html (1454)
[167917:167917:0324/164121.826801:INFO:CONSOLE(1464)] "Uncaught SyntaxError: Invalid or unexpected token", source: file:///home/dhia/browser-fuzzer/Dissertation/logger/run_20250324_064826/round_059/mutations/mutated_0004.html (1464)
[167917:167917:0324/164121.842719:INFO:CONSOLE(1465)] "Uncaught SyntaxError: Invalid or unexpected token", source: file:///home/dhia/browser-fuzzer/Dissertation/logger/run_20250324_064826/round_059/mutations/mutated_0004.html (1465)
[167917:167917:0324/164121.846523:INFO:CONSOLE(1466)] "Uncaught SyntaxError: Invalid or unexpected token", source: file:///home/dhia/browser-fuzzer/Dissertation/logger/run_20250324_064826/round_059/mutations/mutated_0004.html (1466)
[167917:167917:0324/164122.035733:INFO:CONSOLE(1467)] "Uncaught SyntaxError: Invalid or unexpected token", source: file:///home/dhia/browser-fuzzer/Dissertation/logger/run_20250324_064826/round_059/mutations/mutated_0004.html (1467)
[167917:167917:0324/164122.040609:INFO:CONSOLE(1468)] "Uncaught SyntaxError: Invalid or unexpected token", source: file:///home/dhia/browser-fuzzer/Dissertation/logger/run_20250324_064826/round_059/mutations/mutated_0004.html (1468)
[167917:167917:0324/164122.225858:INFO:CONSOLE(1484)] "Uncaught SyntaxError: Invalid or unexpected token", source: file:///home/dhia/browser-fuzzer/Dissertation/logger/run_20250324_064826/round_059/mutations/mutated_0004.html (1484)
[167917:167917:0324/164122.238290:INFO:CONSOLE(1485)] "Uncaught SyntaxError: Invalid or unexpected token", source: file:///home/dhia/browser-fuzzer/Dissertation/logger/run_20250324_064826/round_059/mutations/mutated_0004.html (1485)
[167917:167917:0324/164122.250112:INFO:CONSOLE(1487)] "Uncaught SyntaxError: Invalid or unexpected token", source: file:///home/dhia/browser-fuzzer/Dissertation/logger/run_20250324_064826/round_059/mutations/mutated_0004.html (1487)
[167917:167917:0324/164122.452280:INFO:CONSOLE(1488)] "Uncaught SyntaxError: Invalid or unexpected token", source: file:///home/dhia/browser-fuzzer/Dissertation/logger/run_20250324_064826/round_059/mutations/mutated_0004.html (1488)
[167917:167917:0324/164122.458092:INFO:CONSOLE(1490)] "Uncaught SyntaxError: Invalid or unexpected token", source: file:///home/dhia/browser-fuzzer/Dissertation/logger/run_20250324_064826/round_059/mutations/mutated_0004.html (1490)
[167917:167917:0324/164122.624600:INFO:CONSOLE(1491)] "Uncaught SyntaxError: Invalid or unexpected token", source: file:///home/dhia/browser-fuzzer/Dissertation/logger/run_20250324_064826/round_059/mutations/mutated_0004.html (1491)
[167917:167917:0324/164122.633766:INFO:CONSOLE(1492)] "Uncaught SyntaxError: Invalid or unexpected token", source: file:///home/dhia/browser-fuzzer/Dissertation/logger/run_20250324_064826/round_059/mutations/mutated_0004.html (1492)
[167917:167917:0324/164122.819644:INFO:CONSOLE(1494)] "Uncaught SyntaxError: Invalid or unexpected token", source: file:///home/dhia/browser-fuzzer/Dissertation/logger/run_20250324_064826/round_059/mutations/mutated_0004.html (1494)
[167917:167917:0324/164122.824021:INFO:CONSOLE(1495)] "Uncaught SyntaxError: Invalid or unexpected token", source: file:///home/dhia/browser-fuzzer/Dissertation/logger/run_20250324_064826/round_059/mutations/mutated_0004.html (1495)
[167917:167917:0324/164122.999171:INFO:CONSOLE(1497)] "Uncaught SyntaxError: Invalid or unexpected token", source: file:///home/dhia/browser-fuzzer/Dissertation/logger/run_20250324_064826/round_059/mutations/mutated_0004.html (1497)
[167917:167917:0324/164123.010004:INFO:CONSOLE(1498)] "Uncaught SyntaxError: Invalid or unexpected token", source: file:///home/dhia/browser-fuzzer/Dissertation/logger/run_20250324_064826/round_059/mutations/mutated_0004.html (1498)
[167917:167917:0324/164123.015517:INFO:CONSOLE(1570)] "Uncaught SyntaxError: Invalid or unexpected token", source: file:///home/dhia/browser-fuzzer/Dissertation/logger/run_20250324_064826/round_059/mutations/mutated_0004.html (1570)
[167917:167917:0324/164123.462115:INFO:CONSOLE(1571)] "Uncaught SyntaxError: Invalid or unexpected token", source: file:///home/dhia/browser-fuzzer/Dissertation/logger/run_20250324_064826/round_059/mutations/mutated_0004.html (1571)
[167917:167917:0324/164123.468372:INFO:CONSOLE(1574)] "Uncaught SyntaxError: Invalid or unexpected token", source: file:///home/dhia/browser-fuzzer/Dissertation/logger/run_20250324_064826/round_059/mutations/mutated_0004.html (1574)
[167917:167917:0324/164123.682711:INFO:CONSOLE(1575)] "Uncaught SyntaxError: Invalid or unexpected token", source: file:///home/dhia/browser-fuzzer/Dissertation/logger/run_20250324_064826/round_059/mutations/mutated_0004.html (1575)
[167917:167917:0324/164123.700016:INFO:CONSOLE(1576)] "Uncaught SyntaxError: Invalid or unexpected token", source: file:///home/dhia/browser-fuzzer/Dissertation/logger/run_20250324_064826/round_059/mutations/mutated_0004.html (1576)
[167917:167917:0324/164123.704209:INFO:CONSOLE(1577)] "Uncaught SyntaxError: Invalid or unexpected token", source: file:///home/dhia/browser-fuzzer/Dissertation/logger/run_20250324_064826/round_059/mutations/mutated_0004.html (1577)
[167917:167917:0324/164123.873548:INFO:CONSOLE(1613)] "Uncaught SyntaxError: Invalid or unexpected token", source: file:///home/dhia/browser-fuzzer/Dissertation/logger/run_20250324_064826/round_059/mutations/mutated_0004.html (1613)
[167917:167917:0324/164123.884501:INFO:CONSOLE(1614)] "Uncaught SyntaxError: Invalid or unexpected token", source: file:///home/dhia/browser-fuzzer/Dissertation/logger/run_20250324_064826/round_059/mutations/mutated_0004.html (1614)
[167917:167917:0324/164123.893030:INFO:CONSOLE(1616)] "Uncaught SyntaxError: Invalid or unexpected token", source: file:///home/dhia/browser-fuzzer/Dissertation/logger/run_20250324_064826/round_059/mutations/mutated_0004.html (1616)
[167917:167917:0324/164124.102336:INFO:CONSOLE(1617)] "Uncaught SyntaxError: Invalid or unexpected token", source: file:///home/dhia/browser-fuzzer/Dissertation/logger/run_20250324_064826/round_059/mutations/mutated_0004.html (1617)
[167917:167917:0324/164124.119748:INFO:CONSOLE(1619)] "Uncaught SyntaxError: Invalid or unexpected token", source: file:///home/dhia/browser-fuzzer/Dissertation/logger/run_20250324_064826/round_059/mutations/mutated_0004.html (1619)
[167917:167917:0324/164124.129017:INFO:CONSOLE(1620)] "Uncaught SyntaxError: Invalid or unexpected token", source: file:///home/dhia/browser-fuzzer/Dissertation/logger/run_20250324_064826/round_059/mutations/mutated_0004.html (1620)
[167917:167917:0324/164124.321947:INFO:CONSOLE(1621)] "Uncaught SyntaxError: Invalid or unexpected token", source: file:///home/dhia/browser-fuzzer/Dissertation/logger/run_20250324_064826/round_059/mutations/mutated_0004.html (1621)
[167917:167917:0324/164124.334483:INFO:CONSOLE(1622)] "Uncaught SyntaxError: Invalid or unexpected token", source: file:///home/dhia/browser-fuzzer/Dissertation/logger/run_20250324_064826/round_059/mutations/mutated_0004.html (1622)
[167917:167917:0324/164124.570536:INFO:CONSOLE(1673)] "Uncaught SyntaxError: Invalid or unexpected token", source: file:///home/dhia/browser-fuzzer/Dissertation/logger/run_20250324_064826/round_059/mutations/mutated_0004.html (1673)
[167917:167917:0324/164124.576953:INFO:CONSOLE(1674)] "Uncaught SyntaxError: Invalid or unexpected token", source: file:///home/dhia/browser-fuzzer/Dissertation/logger/run_20250324_064826/round_059/mutations/mutated_0004.html (1674)
[167917:167917:0324/164124.875384:INFO:CONSOLE(1735)] "Uncaught SyntaxError: Invalid or unexpected token", source: file:///home/dhia/browser-fuzzer/Dissertation/logger/run_20250324_064826/round_059/mutations/mutated_0004.html (1735)
[167917:167917:0324/164124.883275:INFO:CONSOLE(1736)] "Uncaught SyntaxError: Invalid or unexpected token", source: file:///home/dhia/browser-fuzzer/Dissertation/logger/run_20250324_064826/round_059/mutations/mutated_0004.html (1736)
[167917:167917:0324/164124.900353:INFO:CONSOLE(1737)] "Uncaught SyntaxError: Invalid or unexpected token", source: file:///home/dhia/browser-fuzzer/Dissertation/logger/run_20250324_064826/round_059/mutations/mutated_0004.html (1737)
[167917:167917:0324/164125.228602:INFO:CONSOLE(1738)] "Uncaught SyntaxError: Invalid or unexpected token", source: file:///home/dhia/browser-fuzzer/Dissertation/logger/run_20250324_064826/round_059/mutations/mutated_0004.html (1738)
[167917:167917:0324/164125.234929:INFO:CONSOLE(1739)] "Uncaught SyntaxError: Invalid or unexpected token", source: file:///home/dhia/browser-fuzzer/Dissertation/logger/run_20250324_064826/round_059/mutations/mutated_0004.html (1739)
[167917:167917:0324/164125.434005:INFO:CONSOLE(1740)] "Uncaught SyntaxError: Invalid or unexpected token", source: file:///home/dhia/browser-fuzzer/Dissertation/logger/run_20250324_064826/round_059/mutations/mutated_0004.html (1740)
[167917:167917:0324/164125.442572:INFO:CONSOLE(1741)] "Uncaught SyntaxError: Invalid or unexpected token", source: file:///home/dhia/browser-fuzzer/Dissertation/logger/run_20250324_064826/round_059/mutations/mutated_0004.html (1741)
[167917:167917:0324/164125.697420:INFO:CONSOLE(1763)] "Uncaught SyntaxError: Invalid or unexpected token", source: file:///home/dhia/browser-fuzzer/Dissertation/logger/run_20250324_064826/round_059/mutations/mutated_0004.html (1763)
[167917:167917:0324/164125.703707:INFO:CONSOLE(1764)] "Uncaught SyntaxError: Invalid or unexpected token", source: file:///home/dhia/browser-fuzzer/Dissertation/logger/run_20250324_064826/round_059/mutations/mutated_0004.html (1764)
[167917:167917:0324/164125.943111:INFO:CONSOLE(1765)] "Uncaught SyntaxError: Invalid or unexpected token", source: file:///home/dhia/browser-fuzzer/Dissertation/logger/run_20250324_064826/round_059/mutations/mutated_0004.html (1765)
[167917:167917:0324/164125.948494:INFO:CONSOLE(1766)] "Uncaught SyntaxError: Invalid or unexpected token", source: file:///home/dhia/browser-fuzzer/Dissertation/logger/run_20250324_064826/round_059/mutations/mutated_0004.html (1766)
[167917:167917:0324/164125.963125:INFO:CONSOLE(1767)] "Uncaught SyntaxError: Invalid or unexpected token", source: file:///home/dhia/browser-fuzzer/Dissertation/logger/run_20250324_064826/round_059/mutations/mutated_0004.html (1767)
[167917:167917:0324/164126.177011:INFO:CONSOLE(1776)] "Uncaught SyntaxError: Invalid or unexpected token", source: file:///home/dhia/browser-fuzzer/Dissertation/logger/run_20250324_064826/round_059/mutations/mutated_0004.html (1776)
[167917:167917:0324/164126.183776:INFO:CONSOLE(1777)] "Uncaught SyntaxError: Invalid or unexpected token", source: file:///home/dhia/browser-fuzzer/Dissertation/logger/run_20250324_064826/round_059/mutations/mutated_0004.html (1777)
[167917:167917:0324/164126.191314:INFO:CONSOLE(1779)] "Uncaught SyntaxError: Invalid or unexpected token", source: file:///home/dhia/browser-fuzzer/Dissertation/logger/run_20250324_064826/round_059/mutations/mutated_0004.html (1779)
[167917:167917:0324/164126.381526:INFO:CONSOLE(1780)] "Uncaught SyntaxError: Invalid or unexpected token", source: file:///home/dhia/browser-fuzzer/Dissertation/logger/run_20250324_064826/round_059/mutations/mutated_0004.html (1780)
[167917:167917:0324/164126.396319:INFO:CONSOLE(1782)] "Uncaught SyntaxError: Invalid or unexpected token", source: file:///home/dhia/browser-fuzzer/Dissertation/logger/run_20250324_064826/round_059/mutations/mutated_0004.html (1782)
[167917:167917:0324/164126.670431:INFO:CONSOLE(1783)] "Uncaught SyntaxError: Invalid or unexpected token", source: file:///home/dhia/browser-fuzzer/Dissertation/logger/run_20250324_064826/round_059/mutations/mutated_0004.html (1783)
[167917:167917:0324/164126.675933:INFO:CONSOLE(1785)] "Uncaught SyntaxError: Invalid or unexpected token", source: file:///home/dhia/browser-fuzzer/Dissertation/logger/run_20250324_064826/round_059/mutations/mutated_0004.html (1785)
[167917:167917:0324/164126.899987:INFO:CONSOLE(1786)] "Uncaught SyntaxError: Invalid or unexpected token", source: file:///home/dhia/browser-fuzzer/Dissertation/logger/run_20250324_064826/round_059/mutations/mutated_0004.html (1786)
[167917:167917:0324/164126.907812:INFO:CONSOLE(1787)] "Uncaught SyntaxError: Invalid or unexpected token", source: file:///home/dhia/browser-fuzzer/Dissertation/logger/run_20250324_064826/round_059/mutations/mutated_0004.html (1787)
[167917:167917:0324/164126.914237:INFO:CONSOLE(1789)] "Uncaught SyntaxError: Invalid or unexpected token", source: file:///home/dhia/browser-fuzzer/Dissertation/logger/run_20250324_064826/round_059/mutations/mutated_0004.html (1789)
[167917:167917:0324/164127.144258:INFO:CONSOLE(1790)] "Uncaught SyntaxError: Invalid or unexpected token", source: file:///home/dhia/browser-fuzzer/Dissertation/logger/run_20250324_064826/round_059/mutations/mutated_0004.html (1790)
[167917:167917:0324/164127.162849:INFO:CONSOLE(1862)] "Uncaught SyntaxError: Invalid or unexpected token", source: file:///home/dhia/browser-fuzzer/Dissertation/logger/run_20250324_064826/round_059/mutations/mutated_0004.html (1862)
[167917:167917:0324/164127.709064:INFO:CONSOLE(1863)] "Uncaught SyntaxError: Invalid or unexpected token", source: file:///home/dhia/browser-fuzzer/Dissertation/logger/run_20250324_064826/round_059/mutations/mutated_0004.html (1863)
[167917:167917:0324/164127.719811:INFO:CONSOLE(1866)] "Uncaught SyntaxError: Invalid or unexpected token", source: file:///home/dhia/browser-fuzzer/Dissertation/logger/run_20250324_064826/round_059/mutations/mutated_0004.html (1866)
[167917:167917:0324/164127.976484:INFO:CONSOLE(1877)] "Uncaught SyntaxError: Invalid or unexpected token", source: file:///home/dhia/browser-fuzzer/Dissertation/logger/run_20250324_064826/round_059/mutations/mutated_0004.html (1877)
[167917:167917:0324/164127.987534:INFO:CONSOLE(1878)] "Uncaught SyntaxError: Invalid or unexpected token", source: file:///home/dhia/browser-fuzzer/Dissertation/logger/run_20250324_064826/round_059/mutations/mutated_0004.html (1878)
[167917:167917:0324/164128.048477:INFO:CONSOLE(1926)] "Uncaught SyntaxError: Invalid or unexpected token", source: file:///home/dhia/browser-fuzzer/Dissertation/logger/run_20250324_064826/round_059/mutations/mutated_0004.html (1926)
[167917:167917:0324/164128.056024:INFO:CONSOLE(1927)] "Uncaught SyntaxError: Invalid or unexpected token", source: file:///home/dhia/browser-fuzzer/Dissertation/logger/run_20250324_064826/round_059/mutations/mutated_0004.html (1927)
[167917:167917:0324/164128.063263:INFO:CONSOLE(1929)] "Uncaught SyntaxError: Invalid or unexpected token", source: file:///home/dhia/browser-fuzzer/Dissertation/logger/run_20250324_064826/round_059/mutations/mutated_0004.html (1929)
[167917:167917:0324/164128.421965:INFO:CONSOLE(1930)] "Uncaught SyntaxError: Invalid or unexpected token", source: file:///home/dhia/browser-fuzzer/Dissertation/logger/run_20250324_064826/round_059/mutations/mutated_0004.html (1930)
[167917:167917:0324/164128.431339:INFO:CONSOLE(1932)] "Uncaught SyntaxError: Invalid or unexpected token", source: file:///home/dhia/browser-fuzzer/Dissertation/logger/run_20250324_064826/round_059/mutations/mutated_0004.html (1932)
[167917:167917:0324/164128.436337:INFO:CONSOLE(1933)] "Uncaught SyntaxError: Invalid or unexpected token", source: file:///home/dhia/browser-fuzzer/Dissertation/logger/run_20250324_064826/round_059/mutations/mutated_0004.html (1933)
[167917:167917:0324/164128.627410:INFO:CONSOLE(1934)] "Uncaught SyntaxError: Invalid or unexpected token", source: file:///home/dhia/browser-fuzzer/Dissertation/logger/run_20250324_064826/round_059/mutations/mutated_0004.html (1934)
[167917:167917:0324/164128.645972:INFO:CONSOLE(1935)] "Uncaught SyntaxError: Invalid or unexpected token", source: file:///home/dhia/browser-fuzzer/Dissertation/logger/run_20250324_064826/round_059/mutations/mutated_0004.html (1935)
[167917:167917:0324/164128.928602:INFO:CONSOLE(1979)] "Uncaught SyntaxError: Invalid or unexpected token", source: file:///home/dhia/browser-fuzzer/Dissertation/logger/run_20250324_064826/round_059/mutations/mutated_0004.html (1979)
[167917:167917:0324/164128.937706:INFO:CONSOLE(1980)] "Uncaught SyntaxError: Invalid or unexpected token", source: file:///home/dhia/browser-fuzzer/Dissertation/logger/run_20250324_064826/round_059/mutations/mutated_0004.html (1980)
[167917:167917:0324/164128.960803:INFO:CONSOLE(1981)] "Uncaught SyntaxError: Invalid or unexpected token", source: file:///home/dhia/browser-fuzzer/Dissertation/logger/run_20250324_064826/round_059/mutations/mutated_0004.html (1981)
[167917:167917:0324/164129.328369:INFO:CONSOLE(1982)] "Uncaught SyntaxError: Invalid or unexpected token", source: file:///home/dhia/browser-fuzzer/Dissertation/logger/run_20250324_064826/round_059/mutations/mutated_0004.html (1982)
[167917:167917:0324/164129.346399:INFO:CONSOLE(1983)] "Uncaught SyntaxError: Invalid or unexpected token", source: file:///home/dhia/browser-fuzzer/Dissertation/logger/run_20250324_064826/round_059/mutations/mutated_0004.html (1983)
[167917:167917:0324/164129.356495:INFO:CONSOLE(1984)] "Uncaught SyntaxError: Invalid or unexpected token", source: file:///home/dhia/browser-fuzzer/Dissertation/logger/run_20250324_064826/round_059/mutations/mutated_0004.html (1984)
[167917:167917:0324/164130.632322:INFO:CONSOLE(2037)] "Uncaught SyntaxError: Invalid or unexpected token", source: file:///home/dhia/browser-fuzzer/Dissertation/logger/run_20250324_064826/round_059/mutations/mutated_0004.html (2037)
[167917:167917:0324/164130.642316:INFO:CONSOLE(2038)] "Uncaught SyntaxError: Invalid or unexpected token", source: file:///home/dhia/browser-fuzzer/Dissertation/logger/run_20250324_064826/round_059/mutations/mutated_0004.html (2038)
[167917:167917:0324/164130.738321:INFO:CONSOLE(2040)] "Uncaught SyntaxError: Invalid or unexpected token", source: file:///home/dhia/browser-fuzzer/Dissertation/logger/run_20250324_064826/round_059/mutations/mutated_0004.html (2040)
[167917:167917:0324/164130.746641:INFO:CONSOLE(2041)] "Uncaught SyntaxError: Invalid or unexpected token", source: file:///home/dhia/browser-fuzzer/Dissertation/logger/run_20250324_064826/round_059/mutations/mutated_0004.html (2041)
[167917:167917:0324/164130.832526:INFO:CONSOLE(2043)] "Uncaught SyntaxError: Invalid or unexpected token", source: file:///home/dhia/browser-fuzzer/Dissertation/logger/run_20250324_064826/round_059/mutations/mutated_0004.html (2043)
[167917:167917:0324/164130.838340:INFO:CONSOLE(2044)] "Uncaught SyntaxError: Invalid or unexpected token", source: file:///home/dhia/browser-fuzzer/Dissertation/logger/run_20250324_064826/round_059/mutations/mutated_0004.html (2044)
[167917:167917:0324/164130.846990:INFO:CONSOLE(2046)] "Uncaught SyntaxError: Invalid or unexpected token", source: file:///home/dhia/browser-fuzzer/Dissertation/logger/run_20250324_064826/round_059/mutations/mutated_0004.html (2046)
[167917:167917:0324/164130.903308:INFO:CONSOLE(2047)] "Uncaught SyntaxError: Invalid or unexpected token", source: file:///home/dhia/browser-fuzzer/Dissertation/logger/run_20250324_064826/round_059/mutations/mutated_0004.html (2047)
[167917:167917:0324/164130.914336:INFO:CONSOLE(2048)] "Uncaught SyntaxError: Invalid or unexpected token", source: file:///home/dhia/browser-fuzzer/Dissertation/logger/run_20250324_064826/round_059/mutations/mutated_0004.html (2048)
[167917:167917:0324/164131.038933:INFO:CONSOLE(2050)] "Uncaught SyntaxError: Invalid or unexpected token", source: file:///home/dhia/browser-fuzzer/Dissertation/logger/run_20250324_064826/round_059/mutations/mutated_0004.html (2050)
[167917:167917:0324/164131.047396:INFO:CONSOLE(2051)] "Uncaught SyntaxError: Invalid or unexpected token", source: file:///home/dhia/browser-fuzzer/Dissertation/logger/run_20250324_064826/round_059/mutations/mutated_0004.html (2051)
[167917:167917:0324/164131.056732:INFO:CONSOLE(2052)] "Uncaught SyntaxError: Invalid or unexpected token", source: file:///home/dhia/browser-fuzzer/Dissertation/logger/run_20250324_064826/round_059/mutations/mutated_0004.html (2052)
[167917:167917:0324/164131.293338:INFO:CONSOLE(2053)] "Uncaught SyntaxError: Invalid or unexpected token", source: file:///home/dhia/browser-fuzzer/Dissertation/logger/run_20250324_064826/round_059/mutations/mutated_0004.html (2053)
[167917:167917:0324/164131.309514:INFO:CONSOLE(2125)] "Uncaught SyntaxError: Invalid or unexpected token", source: file:///home/dhia/browser-fuzzer/Dissertation/logger/run_20250324_064826/round_059/mutations/mutated_0004.html (2125)
[167917:167917:0324/164131.314872:INFO:CONSOLE(2126)] "Uncaught SyntaxError: Invalid or unexpected token", source: file:///home/dhia/browser-fuzzer/Dissertation/logger/run_20250324_064826/round_059/mutations/mutated_0004.html (2126)
[167917:167917:0324/164131.885009:INFO:CONSOLE(2158)] "Uncaught SyntaxError: Invalid or unexpected token", source: file:///home/dhia/browser-fuzzer/Dissertation/logger/run_20250324_064826/round_059/mutations/mutated_0004.html (2158)
[167917:167917:0324/164131.893281:INFO:CONSOLE(2159)] "Uncaught SyntaxError: Invalid or unexpected token", source: file:///home/dhia/browser-fuzzer/Dissertation/logger/run_20250324_064826/round_059/mutations/mutated_0004.html (2159)
[167917:167917:0324/164132.236353:INFO:CONSOLE(2160)] "Uncaught SyntaxError: Invalid or unexpected token", source: file:///home/dhia/browser-fuzzer/Dissertation/logger/run_20250324_064826/round_059/mutations/mutated_0004.html (2160)
[167917:167917:0324/164132.534390:INFO:CONSOLE(2195)] "Uncaught SyntaxError: Invalid or unexpected token", source: file:///home/dhia/browser-fuzzer/Dissertation/logger/run_20250324_064826/round_059/mutations/mutated_0004.html (2195)
[167917:167917:0324/164132.540876:INFO:CONSOLE(2196)] "Uncaught SyntaxError: Invalid or unexpected token", source: file:///home/dhia/browser-fuzzer/Dissertation/logger/run_20250324_064826/round_059/mutations/mutated_0004.html (2196)
[167917:167917:0324/164132.886066:INFO:CONSOLE(2197)] "Uncaught SyntaxError: Invalid or unexpected token", source: file:///home/dhia/browser-fuzzer/Dissertation/logger/run_20250324_064826/round_059/mutations/mutated_0004.html (2197)
[167917:167917:0324/164132.915423:INFO:CONSOLE(2198)] "Uncaught SyntaxError: Invalid or unexpected token", source: file:///home/dhia/browser-fuzzer/Dissertation/logger/run_20250324_064826/round_059/mutations/mutated_0004.html (2198)
[167917:167917:0324/164132.931276:INFO:CONSOLE(2199)] "Uncaught SyntaxError: Invalid or unexpected token", source: file:///home/dhia/browser-fuzzer/Dissertation/logger/run_20250324_064826/round_059/mutations/mutated_0004.html (2199)
[167917:167917:0324/164133.201335:INFO:CONSOLE(2332)] "Uncaught SyntaxError: Invalid or unexpected token", source: file:///home/dhia/browser-fuzzer/Dissertation/logger/run_20250324_064826/round_059/mutations/mutated_0004.html (2332)
[167917:167917:0324/164133.214479:INFO:CONSOLE(2333)] "Uncaught SyntaxError: Invalid or unexpected token", source: file:///home/dhia/browser-fuzzer/Dissertation/logger/run_20250324_064826/round_059/mutations/mutated_0004.html (2333)
[167917:167917:0324/164133.222549:INFO:CONSOLE(2334)] "Uncaught SyntaxError: Invalid or unexpected token", source: file:///home/dhia/browser-fuzzer/Dissertation/logger/run_20250324_064826/round_059/mutations/mutated_0004.html (2334)
[167917:167917:0324/164134.025098:INFO:CONSOLE(2335)] "Uncaught SyntaxError: Invalid or unexpected token", source: file:///home/dhia/browser-fuzzer/Dissertation/logger/run_20250324_064826/round_059/mutations/mutated_0004.html (2335)
[167917:167917:0324/164134.031188:INFO:CONSOLE(2336)] "Uncaught SyntaxError: Invalid or unexpected token", source: file:///home/dhia/browser-fuzzer/Dissertation/logger/run_20250324_064826/round_059/mutations/mutated_0004.html (2336)
[167917:167917:0324/164134.037768:INFO:CONSOLE(2337)] "Uncaught SyntaxError: Invalid or unexpected token", source: file:///home/dhia/browser-fuzzer/Dissertation/logger/run_20250324_064826/round_059/mutations/mutated_0004.html (2337)
[167917:167917:0324/164134.306388:INFO:CONSOLE(2338)] "Uncaught SyntaxError: Invalid or unexpected token", source: file:///home/dhia/browser-fuzzer/Dissertation/logger/run_20250324_064826/round_059/mutations/mutated_0004.html (2338)
[167917:167917:0324/164134.615392:INFO:CONSOLE(2387)] "Uncaught SyntaxError: Invalid or unexpected token", source: file:///home/dhia/browser-fuzzer/Dissertation/logger/run_20250324_064826/round_059/mutations/mutated_0004.html (2387)
[167917:167917:0324/164134.988329:INFO:CONSOLE(2421)] "Uncaught SyntaxError: Invalid or unexpected token", source: file:///home/dhia/browser-fuzzer/Dissertation/logger/run_20250324_064826/round_059/mutations/mutated_0004.html (2421)
[167917:167917:0324/164135.437960:INFO:CONSOLE(2489)] "Uncaught SyntaxError: Invalid or unexpected token", source: file:///home/dhia/browser-fuzzer/Dissertation/logger/run_20250324_064826/round_059/mutations/mutated_0004.html (2489)
[167917:167917:0324/164135.914353:INFO:CONSOLE(2563)] "Uncaught SyntaxError: Invalid or unexpected token", source: file:///home/dhia/browser-fuzzer/Dissertation/logger/run_20250324_064826/round_059/mutations/mutated_0004.html (2563)
[167917:167917:0324/164136.675298:INFO:CONSOLE(2601)] "Uncaught SyntaxError: Invalid or unexpected token", source: file:///home/dhia/browser-fuzzer/Dissertation/logger/run_20250324_064826/round_059/mutations/mutated_0004.html (2601)
[167917:167917:0324/164136.687933:INFO:CONSOLE(2602)] "Uncaught SyntaxError: Invalid or unexpected token", source: file:///home/dhia/browser-fuzzer/Dissertation/logger/run_20250324_064826/round_059/mutations/mutated_0004.html (2602)
[167917:167917:0324/164136.722494:INFO:CONSOLE(2603)] "Uncaught SyntaxError: Invalid or unexpected token", source: file:///home/dhia/browser-fuzzer/Dissertation/logger/run_20250324_064826/round_059/mutations/mutated_0004.html (2603)
[167917:167917:0324/164137.132785:INFO:CONSOLE(2604)] "Uncaught SyntaxError: Invalid or unexpected token", source: file:///home/dhia/browser-fuzzer/Dissertation/logger/run_20250324_064826/round_059/mutations/mutated_0004.html (2604)
[167917:167917:0324/164137.149658:INFO:CONSOLE(2615)] "Uncaught SyntaxError: Invalid or unexpected token", source: file:///home/dhia/browser-fuzzer/Dissertation/logger/run_20250324_064826/round_059/mutations/mutated_0004.html (2615)
[167917:167917:0324/164137.158758:INFO:CONSOLE(2616)] "Uncaught SyntaxError: Invalid or unexpected token", source: file:///home/dhia/browser-fuzzer/Dissertation/logger/run_20250324_064826/round_059/mutations/mutated_0004.html (2616)
[167917:167917:0324/164137.537689:INFO:CONSOLE(2620)] "Uncaught SyntaxError: Invalid or unexpected token", source: file:///home/dhia/browser-fuzzer/Dissertation/logger/run_20250324_064826/round_059/mutations/mutated_0004.html (2620)
[167917:167917:0324/164137.554301:INFO:CONSOLE(2621)] "Uncaught SyntaxError: Invalid or unexpected token", source: file:///home/dhia/browser-fuzzer/Dissertation/logger/run_20250324_064826/round_059/mutations/mutated_0004.html (2621)
[167917:167917:0324/164137.937615:INFO:CONSOLE(2634)] "Uncaught SyntaxError: Invalid or unexpected token", source: file:///home/dhia/browser-fuzzer/Dissertation/logger/run_20250324_064826/round_059/mutations/mutated_0004.html (2634)
[167917:167917:0324/164138.421733:INFO:CONSOLE(2635)] "Uncaught SyntaxError: Invalid or unexpected token", source: file:///home/dhia/browser-fuzzer/Dissertation/logger/run_20250324_064826/round_059/mutations/mutated_0004.html (2635)
[167917:167917:0324/164138.433682:INFO:CONSOLE(2636)] "Uncaught SyntaxError: Invalid or unexpected token", source: file:///home/dhia/browser-fuzzer/Dissertation/logger/run_20250324_064826/round_059/mutations/mutated_0004.html (2636)
[167917:167917:0324/164138.445712:INFO:CONSOLE(2637)] "Uncaught SyntaxError: Invalid or unexpected token", source: file:///home/dhia/browser-fuzzer/Dissertation/logger/run_20250324_064826/round_059/mutations/mutated_0004.html (2637)
[167917:167917:0324/164138.828004:INFO:CONSOLE(2638)] "Uncaught SyntaxError: Invalid or unexpected token", source: file:///home/dhia/browser-fuzzer/Dissertation/logger/run_20250324_064826/round_059/mutations/mutated_0004.html (2638)
[167917:167917:0324/164138.845306:INFO:CONSOLE(2639)] "Uncaught SyntaxError: Invalid or unexpected token", source: file:///home/dhia/browser-fuzzer/Dissertation/logger/run_20250324_064826/round_059/mutations/mutated_0004.html (2639)
[167917:167917:0324/164139.262027:INFO:CONSOLE(2640)] "Uncaught SyntaxError: Invalid or unexpected token", source: file:///home/dhia/browser-fuzzer/Dissertation/logger/run_20250324_064826/round_059/mutations/mutated_0004.html (2640)
[167917:167917:0324/164139.269606:INFO:CONSOLE(2641)] "Uncaught SyntaxError: Invalid or unexpected token", source: file:///home/dhia/browser-fuzzer/Dissertation/logger/run_20250324_064826/round_059/mutations/mutated_0004.html (2641)
[167917:167917:0324/164139.645974:INFO:CONSOLE(2642)] "Uncaught SyntaxError: Invalid or unexpected token", source: file:///home/dhia/browser-fuzzer/Dissertation/logger/run_20250324_064826/round_059/mutations/mutated_0004.html (2642)
[167917:167917:0324/164140.044804:INFO:CONSOLE(2643)] "Uncaught SyntaxError: Invalid or unexpected token", source: file:///home/dhia/browser-fuzzer/Dissertation/logger/run_20250324_064826/round_059/mutations/mutated_0004.html (2643)
[167917:167917:0324/164140.051041:INFO:CONSOLE(2644)] "Uncaught SyntaxError: Invalid or unexpected token", source: file:///home/dhia/browser-fuzzer/Dissertation/logger/run_20250324_064826/round_059/mutations/mutated_0004.html (2644)
[167917:167917:0324/164140.464228:INFO:CONSOLE(2645)] "Uncaught SyntaxError: Invalid or unexpected token", source: file:///home/dhia/browser-fuzzer/Dissertation/logger/run_20250324_064826/round_059/mutations/mutated_0004.html (2645)
[167917:167917:0324/164140.494294:INFO:CONSOLE(2646)] "Uncaught SyntaxError: Invalid or unexpected token", source: file:///home/dhia/browser-fuzzer/Dissertation/logger/run_20250324_064826/round_059/mutations/mutated_0004.html (2646)
[167917:167917:0324/164140.505186:INFO:CONSOLE(2647)] "Uncaught SyntaxError: Invalid or unexpected token", source: file:///home/dhia/browser-fuzzer/Dissertation/logger/run_20250324_064826/round_059/mutations/mutated_0004.html (2647)
[167917:167917:0324/164140.918408:INFO:CONSOLE(2652)] "Uncaught SyntaxError: Invalid or unexpected token", source: file:///home/dhia/browser-fuzzer/Dissertation/logger/run_20250324_064826/round_059/mutations/mutated_0004.html (2652)
[167917:167917:0324/164140.938197:INFO:CONSOLE(2658)] "Uncaught SyntaxError: Invalid or unexpected token", source: file:///home/dhia/browser-fuzzer/Dissertation/logger/run_20250324_064826/round_059/mutations/mutated_0004.html (2658)
[167917:167917:0324/164141.514016:INFO:CONSOLE(2659)] "Uncaught SyntaxError: Invalid or unexpected token", source: file:///home/dhia/browser-fuzzer/Dissertation/logger/run_20250324_064826/round_059/mutations/mutated_0004.html (2659)
[167917:167917:0324/164141.530536:INFO:CONSOLE(2662)] "Uncaught SyntaxError: Invalid or unexpected token", source: file:///home/dhia/browser-fuzzer/Dissertation/logger/run_20250324_064826/round_059/mutations/mutated_0004.html (2662)
[167917:167917:0324/164141.546292:INFO:CONSOLE(2663)] "Uncaught SyntaxError: Invalid or unexpected token", source: file:///home/dhia/browser-fuzzer/Dissertation/logger/run_20250324_064826/round_059/mutations/mutated_0004.html (2663)
[167917:167917:0324/164141.933690:INFO:CONSOLE(2669)] "Uncaught SyntaxError: Invalid or unexpected token", source: file:///home/dhia/browser-fuzzer/Dissertation/logger/run_20250324_064826/round_059/mutations/mutated_0004.html (2669)
[167917:167917:0324/164141.949627:INFO:CONSOLE(2675)] "Uncaught SyntaxError: Invalid or unexpected token", source: file:///home/dhia/browser-fuzzer/Dissertation/logger/run_20250324_064826/round_059/mutations/mutated_0004.html (2675)
[167917:167917:0324/164142.450943:INFO:CONSOLE(2676)] "Uncaught SyntaxError: Invalid or unexpected token", source: file:///home/dhia/browser-fuzzer/Dissertation/logger/run_20250324_064826/round_059/mutations/mutated_0004.html (2676)
[167917:167917:0324/164142.464189:INFO:CONSOLE(2677)] "Uncaught SyntaxError: Invalid or unexpected token", source: file:///home/dhia/browser-fuzzer/Dissertation/logger/run_20250324_064826/round_059/mutations/mutated_0004.html (2677)
[167917:167917:0324/164142.470668:INFO:CONSOLE(2678)] "Uncaught SyntaxError: Invalid or unexpected token", source: file:///home/dhia/browser-fuzzer/Dissertation/logger/run_20250324_064826/round_059/mutations/mutated_0004.html (2678)
[167917:167917:0324/164142.923080:INFO:CONSOLE(2679)] "Uncaught SyntaxError: Invalid or unexpected token", source: file:///home/dhia/browser-fuzzer/Dissertation/logger/run_20250324_064826/round_059/mutations/mutated_0004.html (2679)
[167917:167917:0324/164142.932709:INFO:CONSOLE(2683)] "Uncaught SyntaxError: Invalid or unexpected token", source: file:///home/dhia/browser-fuzzer/Dissertation/logger/run_20250324_064826/round_059/mutations/mutated_0004.html (2683)
[167917:167917:0324/164143.565331:INFO:CONSOLE(2704)] "Uncaught SyntaxError: Invalid or unexpected token", source: file:///home/dhia/browser-fuzzer/Dissertation/logger/run_20250324_064826/round_059/mutations/mutated_0004.html (2704)
[167917:167917:0324/164143.587703:INFO:CONSOLE(2717)] "Uncaught SyntaxError: Invalid or unexpected token", source: file:///home/dhia/browser-fuzzer/Dissertation/logger/run_20250324_064826/round_059/mutations/mutated_0004.html (2717)
[167917:167917:0324/164143.594654:INFO:CONSOLE(2718)] "Uncaught SyntaxError: Invalid or unexpected token", source: file:///home/dhia/browser-fuzzer/Dissertation/logger/run_20250324_064826/round_059/mutations/mutated_0004.html (2718)
[167917:167917:0324/164144.272745:INFO:CONSOLE(2722)] "Uncaught SyntaxError: Invalid or unexpected token", source: file:///home/dhia/browser-fuzzer/Dissertation/logger/run_20250324_064826/round_059/mutations/mutated_0004.html (2722)
[167917:167917:0324/164144.834683:INFO:CONSOLE(2748)] "Uncaught SyntaxError: Invalid or unexpected token", source: file:///home/dhia/browser-fuzzer/Dissertation/logger/run_20250324_064826/round_059/mutations/mutated_0004.html (2748)
[167917:167917:0324/164144.838184:INFO:CONSOLE(2749)] "Uncaught SyntaxError: Invalid or unexpected token", source: file:///home/dhia/browser-fuzzer/Dissertation/logger/run_20250324_064826/round_059/mutations/mutated_0004.html (2749)
[167917:167917:0324/164144.843958:INFO:CONSOLE(2750)] "Uncaught SyntaxError: Invalid or unexpected token", source: file:///home/dhia/browser-fuzzer/Dissertation/logger/run_20250324_064826/round_059/mutations/mutated_0004.html (2750)
[167917:167917:0324/164145.465558:INFO:CONSOLE(2999)] "Uncaught SyntaxError: Invalid or unexpected token", source: file:///home/dhia/browser-fuzzer/Dissertation/logger/run_20250324_064826/round_059/mutations/mutated_0004.html (2999)
[167917:167917:0324/164146.993484:INFO:CONSOLE(3089)] "Uncaught SyntaxError: Invalid or unexpected token", source: file:///home/dhia/browser-fuzzer/Dissertation/logger/run_20250324_064826/round_059/mutations/mutated_0004.html (3089)
[167917:167917:0324/164147.015762:INFO:CONSOLE(3090)] "Uncaught SyntaxError: Invalid or unexpected token", source: file:///home/dhia/browser-fuzzer/Dissertation/logger/run_20250324_064826/round_059/mutations/mutated_0004.html (3090)
[167917:167917:0324/164147.827247:INFO:CONSOLE(3091)] "Uncaught SyntaxError: Invalid or unexpected token", source: file:///home/dhia/browser-fuzzer/Dissertation/logger/run_20250324_064826/round_059/mutations/mutated_0004.html (3091)
[167917:167917:0324/164147.839164:INFO:CONSOLE(3176)] "Uncaught SyntaxError: Invalid or unexpected token", source: file:///home/dhia/browser-fuzzer/Dissertation/logger/run_20250324_064826/round_059/mutations/mutated_0004.html (3176)
[167917:167917:0324/164147.852062:INFO:CONSOLE(3177)] "Uncaught SyntaxError: Invalid or unexpected token", source: file:///home/dhia/browser-fuzzer/Dissertation/logger/run_20250324_064826/round_059/mutations/mutated_0004.html (3177)
[167917:167917:0324/164149.192013:INFO:CONSOLE(3178)] "Uncaught SyntaxError: Invalid or unexpected token", source: file:///home/dhia/browser-fuzzer/Dissertation/logger/run_20250324_064826/round_059/mutations/mutated_0004.html (3178)
[167917:167917:0324/164149.211436:INFO:CONSOLE(3179)] "Uncaught SyntaxError: Invalid or unexpected token", source: file:///home/dhia/browser-fuzzer/Dissertation/logger/run_20250324_064826/round_059/mutations/mutated_0004.html (3179)
[167917:167917:0324/164149.229102:INFO:CONSOLE(3180)] "Uncaught SyntaxError: Invalid or unexpected token", source: file:///home/dhia/browser-fuzzer/Dissertation/logger/run_20250324_064826/round_059/mutations/mutated_0004.html (3180)
[167917:167917:0324/164149.515520:INFO:CONSOLE(3209)] "Uncaught SyntaxError: Invalid or unexpected token", source: file:///home/dhia/browser-fuzzer/Dissertation/logger/run_20250324_064826/round_059/mutations/mutated_0004.html (3209)
[167917:167917:0324/164149.521044:INFO:CONSOLE(3210)] "Uncaught SyntaxError: Invalid or unexpected token", source: file:///home/dhia/browser-fuzzer/Dissertation/logger/run_20250324_064826/round_059/mutations/mutated_0004.html (3210)
[167917:167917:0324/164149.531659:INFO:CONSOLE(3222)] "Uncaught SyntaxError: Invalid or unexpected token", source: file:///home/dhia/browser-fuzzer/Dissertation/logger/run_20250324_064826/round_059/mutations/mutated_0004.html (3222)
[167917:167917:0324/164149.873993:INFO:CONSOLE(3223)] "Uncaught SyntaxError: Invalid or unexpected token", source: file:///home/dhia/browser-fuzzer/Dissertation/logger/run_20250324_064826/round_059/mutations/mutated_0004.html (3223)
[167917:167917:0324/164149.883248:INFO:CONSOLE(3225)] "Uncaught SyntaxError: Invalid or unexpected token", source: file:///home/dhia/browser-fuzzer/Dissertation/logger/run_20250324_064826/round_059/mutations/mutated_0004.html (3225)
[167917:167917:0324/164149.889262:INFO:CONSOLE(3226)] "Uncaught SyntaxError: Invalid or unexpected token", source: file:///home/dhia/browser-fuzzer/Dissertation/logger/run_20250324_064826/round_059/mutations/mutated_0004.html (3226)
[167917:167917:0324/164150.197436:INFO:CONSOLE(3228)] "Uncaught SyntaxError: Invalid or unexpected token", source: file:///home/dhia/browser-fuzzer/Dissertation/logger/run_20250324_064826/round_059/mutations/mutated_0004.html (3228)
[167917:167917:0324/164150.209691:INFO:CONSOLE(3229)] "Uncaught SyntaxError: Invalid or unexpected token", source: file:///home/dhia/browser-fuzzer/Dissertation/logger/run_20250324_064826/round_059/mutations/mutated_0004.html (3229)
[167917:167917:0324/164150.221098:INFO:CONSOLE(3231)] "Uncaught SyntaxError: Invalid or unexpected token", source: file:///home/dhia/browser-fuzzer/Dissertation/logger/run_20250324_064826/round_059/mutations/mutated_0004.html (3231)
[167917:167917:0324/164150.525908:INFO:CONSOLE(3232)] "Uncaught SyntaxError: Invalid or unexpected token", source: file:///home/dhia/browser-fuzzer/Dissertation/logger/run_20250324_064826/round_059/mutations/mutated_0004.html (3232)
[167917:167917:0324/164150.536274:INFO:CONSOLE(3233)] "Uncaught SyntaxError: Invalid or unexpected token", source: file:///home/dhia/browser-fuzzer/Dissertation/logger/run_20250324_064826/round_059/mutations/mutated_0004.html (3233)
[167917:167917:0324/164150.548812:INFO:CONSOLE(3305)] "Uncaught SyntaxError: Invalid or unexpected token", source: file:///home/dhia/browser-fuzzer/Dissertation/logger/run_20250324_064826/round_059/mutations/mutated_0004.html (3305)
[167917:167917:0324/164151.420780:INFO:CONSOLE(3306)] "Uncaught SyntaxError: Invalid or unexpected token", source: file:///home/dhia/browser-fuzzer/Dissertation/logger/run_20250324_064826/round_059/mutations/mutated_0004.html (3306)
[167917:167917:0324/164151.432109:INFO:CONSOLE(3309)] "Uncaught SyntaxError: Invalid or unexpected token", source: file:///home/dhia/browser-fuzzer/Dissertation/logger/run_20250324_064826/round_059/mutations/mutated_0004.html (3309)
[167917:167917:0324/164151.739542:INFO:CONSOLE(3310)] "Uncaught SyntaxError: Invalid or unexpected token", source: file:///home/dhia/browser-fuzzer/Dissertation/logger/run_20250324_064826/round_059/mutations/mutated_0004.html (3310)
[167917:167917:0324/164151.749787:INFO:CONSOLE(3311)] "Uncaught SyntaxError: Invalid or unexpected token", source: file:///home/dhia/browser-fuzzer/Dissertation/logger/run_20250324_064826/round_059/mutations/mutated_0004.html (3311)
[167917:167917:0324/164152.036780:INFO:CONSOLE(3335)] "Uncaught SyntaxError: Invalid or unexpected token", source: file:///home/dhia/browser-fuzzer/Dissertation/logger/run_20250324_064826/round_059/mutations/mutated_0004.html (3335)
[167917:167917:0324/164152.053150:INFO:CONSOLE(3336)] "Uncaught SyntaxError: Invalid or unexpected token", source: file:///home/dhia/browser-fuzzer/Dissertation/logger/run_20250324_064826/round_059/mutations/mutated_0004.html (3336)
[167917:167917:0324/164152.317877:INFO:CONSOLE(3338)] "Uncaught SyntaxError: Invalid or unexpected token", source: file:///home/dhia/browser-fuzzer/Dissertation/logger/run_20250324_064826/round_059/mutations/mutated_0004.html (3338)
[167917:167917:0324/164152.325346:INFO:CONSOLE(3339)] "Uncaught SyntaxError: Invalid or unexpected token", source: file:///home/dhia/browser-fuzzer/Dissertation/logger/run_20250324_064826/round_059/mutations/mutated_0004.html (3339)
[167917:167917:0324/164152.334669:INFO:CONSOLE(3340)] "Uncaught SyntaxError: Invalid or unexpected token", source: file:///home/dhia/browser-fuzzer/Dissertation/logger/run_20250324_064826/round_059/mutations/mutated_0004.html (3340)
[167917:167917:0324/164152.556024:INFO:CONSOLE(3346)] "Uncaught SyntaxError: Invalid or unexpected token", source: file:///home/dhia/browser-fuzzer/Dissertation/logger/run_20250324_064826/round_059/mutations/mutated_0004.html (3346)
[167917:167917:0324/164152.562145:INFO:CONSOLE(3347)] "Uncaught SyntaxError: Invalid or unexpected token", source: file:///home/dhia/browser-fuzzer/Dissertation/logger/run_20250324_064826/round_059/mutations/mutated_0004.html (3347)
[167917:167917:0324/164152.852811:INFO:CONSOLE(3359)] "Uncaught SyntaxError: Invalid or unexpected token", source: file:///home/dhia/browser-fuzzer/Dissertation/logger/run_20250324_064826/round_059/mutations/mutated_0004.html (3359)
[167917:167917:0324/164152.865417:INFO:CONSOLE(3360)] "Uncaught SyntaxError: Invalid or unexpected token", source: file:///home/dhia/browser-fuzzer/Dissertation/logger/run_20250324_064826/round_059/mutations/mutated_0004.html (3360)
[167917:167917:0324/164153.140809:INFO:CONSOLE(3362)] "Uncaught SyntaxError: Invalid or unexpected token", source: file:///home/dhia/browser-fuzzer/Dissertation/logger/run_20250324_064826/round_059/mutations/mutated_0004.html (3362)
[167917:167917:0324/164153.158732:INFO:CONSOLE(3363)] "Uncaught SyntaxError: Invalid or unexpected token", source: file:///home/dhia/browser-fuzzer/Dissertation/logger/run_20250324_064826/round_059/mutations/mutated_0004.html (3363)
[167917:167917:0324/164153.165743:INFO:CONSOLE(3365)] "Uncaught SyntaxError: Invalid or unexpected token", source: file:///home/dhia/browser-fuzzer/Dissertation/logger/run_20250324_064826/round_059/mutations/mutated_0004.html (3365)
[167917:167917:0324/164153.429065:INFO:CONSOLE(3366)] "Uncaught SyntaxError: Invalid or unexpected token", source: file:///home/dhia/browser-fuzzer/Dissertation/logger/run_20250324_064826/round_059/mutations/mutated_0004.html (3366)
[167917:167917:0324/164153.441536:INFO:CONSOLE(3368)] "Uncaught SyntaxError: Invalid or unexpected token", source: file:///home/dhia/browser-fuzzer/Dissertation/logger/run_20250324_064826/round_059/mutations/mutated_0004.html (3368)
[167917:167917:0324/164153.450178:INFO:CONSOLE(3369)] "Uncaught SyntaxError: Invalid or unexpected token", source: file:///home/dhia/browser-fuzzer/Dissertation/logger/run_20250324_064826/round_059/mutations/mutated_0004.html (3369)
[167917:167917:0324/164153.708577:INFO:CONSOLE(3370)] "Uncaught SyntaxError: Invalid or unexpected token", source: file:///home/dhia/browser-fuzzer/Dissertation/logger/run_20250324_064826/round_059/mutations/mutated_0004.html (3370)
[167917:167917:0324/164153.717379:INFO:CONSOLE(3442)] "Uncaught SyntaxError: Invalid or unexpected token", source: file:///home/dhia/browser-fuzzer/Dissertation/logger/run_20250324_064826/round_059/mutations/mutated_0004.html (3442)
[167917:167917:0324/164153.721061:INFO:CONSOLE(3443)] "Uncaught SyntaxError: Invalid or unexpected token", source: file:///home/dhia/browser-fuzzer/Dissertation/logger/run_20250324_064826/round_059/mutations/mutated_0004.html (3443)
[167917:167917:0324/164154.619916:INFO:CONSOLE(3446)] "Uncaught SyntaxError: Invalid or unexpected token", source: file:///home/dhia/browser-fuzzer/Dissertation/logger/run_20250324_064826/round_059/mutations/mutated_0004.html (3446)
[167917:167917:0324/164154.634237:INFO:CONSOLE(3447)] "Uncaught SyntaxError: Invalid or unexpected token", source: file:///home/dhia/browser-fuzzer/Dissertation/logger/run_20250324_064826/round_059/mutations/mutated_0004.html (3447)
[167917:167917:0324/164154.649818:INFO:CONSOLE(3448)] "Uncaught SyntaxError: Invalid or unexpected token", source: file:///home/dhia/browser-fuzzer/Dissertation/logger/run_20250324_064826/round_059/mutations/mutated_0004.html (3448)
[167917:167917:0324/164154.895490:INFO:CONSOLE(3472)] "Uncaught SyntaxError: Invalid or unexpected token", source: file:///home/dhia/browser-fuzzer/Dissertation/logger/run_20250324_064826/round_059/mutations/mutated_0004.html (3472)
[167917:167917:0324/164154.900582:INFO:CONSOLE(3473)] "Uncaught SyntaxError: Invalid or unexpected token", source: file:///home/dhia/browser-fuzzer/Dissertation/logger/run_20250324_064826/round_059/mutations/mutated_0004.html (3473)
[167917:167917:0324/164154.914334:INFO:CONSOLE(3475)] "Uncaught SyntaxError: Invalid or unexpected token", source: file:///home/dhia/browser-fuzzer/Dissertation/logger/run_20250324_064826/round_059/mutations/mutated_0004.html (3475)
[167917:167917:0324/164155.213845:INFO:CONSOLE(3476)] "Uncaught SyntaxError: Invalid or unexpected token", source: file:///home/dhia/browser-fuzzer/Dissertation/logger/run_20250324_064826/round_059/mutations/mutated_0004.html (3476)
[167917:167917:0324/164155.221285:INFO:CONSOLE(3477)] "Uncaught SyntaxError: Invalid or unexpected token", source: file:///home/dhia/browser-fuzzer/Dissertation/logger/run_20250324_064826/round_059/mutations/mutated_0004.html (3477)
[167917:167917:0324/164155.229657:INFO:CONSOLE(3479)] "Uncaught SyntaxError: Invalid or unexpected token", source: file:///home/dhia/browser-fuzzer/Dissertation/logger/run_20250324_064826/round_059/mutations/mutated_0004.html (3479)
[167917:167917:0324/164155.460868:INFO:CONSOLE(3480)] "Uncaught SyntaxError: Invalid or unexpected token", source: file:///home/dhia/browser-fuzzer/Dissertation/logger/run_20250324_064826/round_059/mutations/mutated_0004.html (3480)
[167917:167917:0324/164155.471159:INFO:CONSOLE(3481)] "Uncaught SyntaxError: Invalid or unexpected token", source: file:///home/dhia/browser-fuzzer/Dissertation/logger/run_20250324_064826/round_059/mutations/mutated_0004.html (3481)
[167917:167917:0324/164155.478340:INFO:CONSOLE(3482)] "Uncaught SyntaxError: Invalid or unexpected token", source: file:///home/dhia/browser-fuzzer/Dissertation/logger/run_20250324_064826/round_059/mutations/mutated_0004.html (3482)
[167917:167917:0324/164155.491566:INFO:CONSOLE(3483)] "Uncaught SyntaxError: Invalid or unexpected token", source: file:///home/dhia/browser-fuzzer/Dissertation/logger/run_20250324_064826/round_059/mutations/mutated_0004.html (3483)
[167917:167917:0324/164155.495165:INFO:CONSOLE(3484)] "Uncaught SyntaxError: Invalid or unexpected token", source: file:///home/dhia/browser-fuzzer/Dissertation/logger/run_20250324_064826/round_059/mutations/mutated_0004.html (3484)
[167917:167917:0324/164155.773305:INFO:CONSOLE(3550)] "Uncaught SyntaxError: Invalid or unexpected token", source: file:///home/dhia/browser-fuzzer/Dissertation/logger/run_20250324_064826/round_059/mutations/mutated_0004.html (3550)
[167917:167917:0324/164155.782294:INFO:CONSOLE(3551)] "Uncaught SyntaxError: Invalid or unexpected token", source: file:///home/dhia/browser-fuzzer/Dissertation/logger/run_20250324_064826/round_059/mutations/mutated_0004.html (3551)
[167917:167917:0324/164155.786737:INFO:CONSOLE(3553)] "Uncaught SyntaxError: Invalid or unexpected token", source: file:///home/dhia/browser-fuzzer/Dissertation/logger/run_20250324_064826/round_059/mutations/mutated_0004.html (3553)
[167917:167917:0324/164156.167665:INFO:CONSOLE(3554)] "Uncaught SyntaxError: Invalid or unexpected token", source: file:///home/dhia/browser-fuzzer/Dissertation/logger/run_20250324_064826/round_059/mutations/mutated_0004.html (3554)
[167917:167917:0324/164156.174209:INFO:CONSOLE(3555)] "Uncaught SyntaxError: Invalid or unexpected token", source: file:///home/dhia/browser-fuzzer/Dissertation/logger/run_20250324_064826/round_059/mutations/mutated_0004.html (3555)
[167917:167917:0324/164156.397015:INFO:CONSOLE(3556)] "Uncaught SyntaxError: Invalid or unexpected token", source: file:///home/dhia/browser-fuzzer/Dissertation/logger/run_20250324_064826/round_059/mutations/mutated_0004.html (3556)
[167917:167917:0324/164156.685673:INFO:CONSOLE(3597)] "Uncaught SyntaxError: Invalid or unexpected token", source: file:///home/dhia/browser-fuzzer/Dissertation/logger/run_20250324_064826/round_059/mutations/mutated_0004.html (3597)
[167917:167917:0324/164156.697366:INFO:CONSOLE(3598)] "Uncaught SyntaxError: Invalid or unexpected token", source: file:///home/dhia/browser-fuzzer/Dissertation/logger/run_20250324_064826/round_059/mutations/mutated_0004.html (3598)
[167917:167917:0324/164156.701765:INFO:CONSOLE(3599)] "Uncaught SyntaxError: Invalid or unexpected token", source: file:///home/dhia/browser-fuzzer/Dissertation/logger/run_20250324_064826/round_059/mutations/mutated_0004.html (3599)
[167917:167917:0324/164157.039733:INFO:CONSOLE(3660)] "Uncaught SyntaxError: Invalid or unexpected token", source: file:///home/dhia/browser-fuzzer/Dissertation/logger/run_20250324_064826/round_059/mutations/mutated_0004.html (3660)
[167917:167917:0324/164157.045106:INFO:CONSOLE(3661)] "Uncaught SyntaxError: Invalid or unexpected token", source: file:///home/dhia/browser-fuzzer/Dissertation/logger/run_20250324_064826/round_059/mutations/mutated_0004.html (3661)
[167917:167917:0324/164157.049575:INFO:CONSOLE(3662)] "Uncaught SyntaxError: Invalid or unexpected token", source: file:///home/dhia/browser-fuzzer/Dissertation/logger/run_20250324_064826/round_059/mutations/mutated_0004.html (3662)
[167917:167917:0324/164157.450282:INFO:CONSOLE(3663)] "Uncaught SyntaxError: Invalid or unexpected token", source: file:///home/dhia/browser-fuzzer/Dissertation/logger/run_20250324_064826/round_059/mutations/mutated_0004.html (3663)
[167917:167917:0324/164157.457524:INFO:CONSOLE(3664)] "Uncaught SyntaxError: Invalid or unexpected token", source: file:///home/dhia/browser-fuzzer/Dissertation/logger/run_20250324_064826/round_059/mutations/mutated_0004.html (3664)
[167917:167917:0324/164157.462592:INFO:CONSOLE(3665)] "Uncaught SyntaxError: Invalid or unexpected token", source: file:///home/dhia/browser-fuzzer/Dissertation/logger/run_20250324_064826/round_059/mutations/mutated_0004.html (3665)
[167917:167917:0324/164157.687704:INFO:CONSOLE(3675)] "Uncaught SyntaxError: Invalid or unexpected token", source: file:///home/dhia/browser-fuzzer/Dissertation/logger/run_20250324_064826/round_059/mutations/mutated_0004.html (3675)
[167917:167917:0324/164157.697480:INFO:CONSOLE(3676)] "Uncaught SyntaxError: Invalid or unexpected token", source: file:///home/dhia/browser-fuzzer/Dissertation/logger/run_20250324_064826/round_059/mutations/mutated_0004.html (3676)
[167917:167917:0324/164157.701923:INFO:CONSOLE(3677)] "Uncaught SyntaxError: Invalid or unexpected token", source: file:///home/dhia/browser-fuzzer/Dissertation/logger/run_20250324_064826/round_059/mutations/mutated_0004.html (3677)
[167917:167917:0324/164157.945500:INFO:CONSOLE(3678)] "Uncaught SyntaxError: Invalid or unexpected token", source: file:///home/dhia/browser-fuzzer/Dissertation/logger/run_20250324_064826/round_059/mutations/mutated_0004.html (3678)
[167917:167917:0324/164157.951599:INFO:CONSOLE(3679)] "Uncaught SyntaxError: Invalid or unexpected token", source: file:///home/dhia/browser-fuzzer/Dissertation/logger/run_20250324_064826/round_059/mutations/mutated_0004.html (3679)
[167917:167917:0324/164157.965559:INFO:CONSOLE(3680)] "Uncaught SyntaxError: Invalid or unexpected token", source: file:///home/dhia/browser-fuzzer/Dissertation/logger/run_20250324_064826/round_059/mutations/mutated_0004.html (3680)
[167917:167917:0324/164158.230831:INFO:CONSOLE(3681)] "Uncaught SyntaxError: Invalid or unexpected token", source: file:///home/dhia/browser-fuzzer/Dissertation/logger/run_20250324_064826/round_059/mutations/mutated_0004.html (3681)
[167917:167917:0324/164158.244025:INFO:CONSOLE(3682)] "Uncaught SyntaxError: Invalid or unexpected token", source: file:///home/dhia/browser-fuzzer/Dissertation/logger/run_20250324_064826/round_059/mutations/mutated_0004.html (3682)
[167917:167917:0324/164158.249813:INFO:CONSOLE(3767)] "Uncaught SyntaxError: Invalid or unexpected token", source: file:///home/dhia/browser-fuzzer/Dissertation/logger/run_20250324_064826/round_059/mutations/mutated_0004.html (3767)
[167917:167917:0324/164159.411182:INFO:CONSOLE(3768)] "Uncaught SyntaxError: Invalid or unexpected token", source: file:///home/dhia/browser-fuzzer/Dissertation/logger/run_20250324_064826/round_059/mutations/mutated_0004.html (3768)
[167917:167917:0324/164159.415873:INFO:CONSOLE(3769)] "Uncaught SyntaxError: Invalid or unexpected token", source: file:///home/dhia/browser-fuzzer/Dissertation/logger/run_20250324_064826/round_059/mutations/mutated_0004.html (3769)
[167917:167917:0324/164159.421023:INFO:CONSOLE(3770)] "Uncaught SyntaxError: Invalid or unexpected token", source: file:///home/dhia/browser-fuzzer/Dissertation/logger/run_20250324_064826/round_059/mutations/mutated_0004.html (3770)
[167917:167917:0324/164159.669628:INFO:CONSOLE(3771)] "Uncaught SyntaxError: Invalid or unexpected token", source: file:///home/dhia/browser-fuzzer/Dissertation/logger/run_20250324_064826/round_059/mutations/mutated_0004.html (3771)
[167917:167917:0324/164159.683108:INFO:CONSOLE(3800)] "Uncaught SyntaxError: Invalid or unexpected token", source: file:///home/dhia/browser-fuzzer/Dissertation/logger/run_20250324_064826/round_059/mutations/mutated_0004.html (3800)
[167917:167917:0324/164159.940006:INFO:CONSOLE(3801)] "Uncaught SyntaxError: Invalid or unexpected token", source: file:///home/dhia/browser-fuzzer/Dissertation/logger/run_20250324_064826/round_059/mutations/mutated_0004.html (3801)
[167917:167917:0324/164159.951081:INFO:CONSOLE(3813)] "Uncaught SyntaxError: Invalid or unexpected token", source: file:///home/dhia/browser-fuzzer/Dissertation/logger/run_20250324_064826/round_059/mutations/mutated_0004.html (3813)
[167917:167917:0324/164159.963331:INFO:CONSOLE(3814)] "Uncaught SyntaxError: Invalid or unexpected token", source: file:///home/dhia/browser-fuzzer/Dissertation/logger/run_20250324_064826/round_059/mutations/mutated_0004.html (3814)
[167917:167917:0324/164200.222044:INFO:CONSOLE(3816)] "Uncaught SyntaxError: Invalid or unexpected token", source: file:///home/dhia/browser-fuzzer/Dissertation/logger/run_20250324_064826/round_059/mutations/mutated_0004.html (3816)
[167917:167917:0324/164200.230953:INFO:CONSOLE(3817)] "Uncaught SyntaxError: Invalid or unexpected token", source: file:///home/dhia/browser-fuzzer/Dissertation/logger/run_20250324_064826/round_059/mutations/mutated_0004.html (3817)
[167917:167917:0324/164200.249233:INFO:CONSOLE(3819)] "Uncaught SyntaxError: Invalid or unexpected token", source: file:///home/dhia/browser-fuzzer/Dissertation/logger/run_20250324_064826/round_059/mutations/mutated_0004.html (3819)
[167917:167917:0324/164200.500728:INFO:CONSOLE(3820)] "Uncaught SyntaxError: Invalid or unexpected token", source: file:///home/dhia/browser-fuzzer/Dissertation/logger/run_20250324_064826/round_059/mutations/mutated_0004.html (3820)
[167917:167917:0324/164200.504860:INFO:CONSOLE(3822)] "Uncaught SyntaxError: Invalid or unexpected token", source: file:///home/dhia/browser-fuzzer/Dissertation/logger/run_20250324_064826/round_059/mutations/mutated_0004.html (3822)
[167917:167917:0324/164200.512516:INFO:CONSOLE(3823)] "Uncaught SyntaxError: Invalid or unexpected token", source: file:///home/dhia/browser-fuzzer/Dissertation/logger/run_20250324_064826/round_059/mutations/mutated_0004.html (3823)
[167917:167917:0324/164200.779051:INFO:CONSOLE(3824)] "Uncaught SyntaxError: Invalid or unexpected token", source: file:///home/dhia/browser-fuzzer/Dissertation/logger/run_20250324_064826/round_059/mutations/mutated_0004.html (3824)
[167917:167917:0324/164200.788814:INFO:CONSOLE(3896)] "Uncaught SyntaxError: Invalid or unexpected token", source: file:///home/dhia/browser-fuzzer/Dissertation/logger/run_20250324_064826/round_059/mutations/mutated_0004.html (3896)
[167917:167917:0324/164200.796289:INFO:CONSOLE(3897)] "Uncaught SyntaxError: Invalid or unexpected token", source: file:///home/dhia/browser-fuzzer/Dissertation/logger/run_20250324_064826/round_059/mutations/mutated_0004.html (3897)
[167917:167917:0324/164201.889800:INFO:CONSOLE(3900)] "Uncaught SyntaxError: Invalid or unexpected token", source: file:///home/dhia/browser-fuzzer/Dissertation/logger/run_20250324_064826/round_059/mutations/mutated_0004.html (3900)
[167917:167917:0324/164201.898753:INFO:CONSOLE(3901)] "Uncaught SyntaxError: Invalid or unexpected token", source: file:///home/dhia/browser-fuzzer/Dissertation/logger/run_20250324_064826/round_059/mutations/mutated_0004.html (3901)
[167917:167917:0324/164201.923315:INFO:CONSOLE(3902)] "Uncaught SyntaxError: Invalid or unexpected token", source: file:///home/dhia/browser-fuzzer/Dissertation/logger/run_20250324_064826/round_059/mutations/mutated_0004.html (3902)
[167917:167917:0324/164202.187084:INFO:CONSOLE(3926)] "Uncaught SyntaxError: Invalid or unexpected token", source: file:///home/dhia/browser-fuzzer/Dissertation/logger/run_20250324_064826/round_059/mutations/mutated_0004.html (3926)
[167917:167917:0324/164202.197968:INFO:CONSOLE(3927)] "Uncaught SyntaxError: Invalid or unexpected token", source: file:///home/dhia/browser-fuzzer/Dissertation/logger/run_20250324_064826/round_059/mutations/mutated_0004.html (3927)
[167917:167917:0324/164202.203192:INFO:CONSOLE(3929)] "Uncaught SyntaxError: Invalid or unexpected token", source: file:///home/dhia/browser-fuzzer/Dissertation/logger/run_20250324_064826/round_059/mutations/mutated_0004.html (3929)
[167917:167917:0324/164202.535155:INFO:CONSOLE(3930)] "Uncaught SyntaxError: Invalid or unexpected token", source: file:///home/dhia/browser-fuzzer/Dissertation/logger/run_20250324_064826/round_059/mutations/mutated_0004.html (3930)
[167917:167917:0324/164202.546124:INFO:CONSOLE(3931)] "Uncaught SyntaxError: Invalid or unexpected token", source: file:///home/dhia/browser-fuzzer/Dissertation/logger/run_20250324_064826/round_059/mutations/mutated_0004.html (3931)
[167917:167917:0324/164202.562979:INFO:CONSOLE(3937)] "Uncaught SyntaxError: Invalid or unexpected token", source: file:///home/dhia/browser-fuzzer/Dissertation/logger/run_20250324_064826/round_059/mutations/mutated_0004.html (3937)
[167917:167917:0324/164202.574210:INFO:CONSOLE(3938)] "Uncaught SyntaxError: Invalid or unexpected token", source: file:///home/dhia/browser-fuzzer/Dissertation/logger/run_20250324_064826/round_059/mutations/mutated_0004.html (3938)
[167917:167917:0324/164202.867953:INFO:CONSOLE(3950)] "Uncaught SyntaxError: Invalid or unexpected token", source: file:///home/dhia/browser-fuzzer/Dissertation/logger/run_20250324_064826/round_059/mutations/mutated_0004.html (3950)
[167917:167917:0324/164202.873987:INFO:CONSOLE(3951)] "Uncaught SyntaxError: Invalid or unexpected token", source: file:///home/dhia/browser-fuzzer/Dissertation/logger/run_20250324_064826/round_059/mutations/mutated_0004.html (3951)
[167917:167917:0324/164203.122775:INFO:CONSOLE(3953)] "Uncaught SyntaxError: Invalid or unexpected token", source: file:///home/dhia/browser-fuzzer/Dissertation/logger/run_20250324_064826/round_059/mutations/mutated_0004.html (3953)
[167917:167917:0324/164203.132230:INFO:CONSOLE(3954)] "Uncaught SyntaxError: Invalid or unexpected token", source: file:///home/dhia/browser-fuzzer/Dissertation/logger/run_20250324_064826/round_059/mutations/mutated_0004.html (3954)
[167917:167917:0324/164203.142092:INFO:CONSOLE(3956)] "Uncaught SyntaxError: Invalid or unexpected token", source: file:///home/dhia/browser-fuzzer/Dissertation/logger/run_20250324_064826/round_059/mutations/mutated_0004.html (3956)
[167917:167917:0324/164203.408155:INFO:CONSOLE(3957)] "Uncaught SyntaxError: Invalid or unexpected token", source: file:///home/dhia/browser-fuzzer/Dissertation/logger/run_20250324_064826/round_059/mutations/mutated_0004.html (3957)
[167917:167917:0324/164203.416413:INFO:CONSOLE(3959)] "Uncaught SyntaxError: Invalid or unexpected token", source: file:///home/dhia/browser-fuzzer/Dissertation/logger/run_20250324_064826/round_059/mutations/mutated_0004.html (3959)
[167917:167917:0324/164203.427436:INFO:CONSOLE(3960)] "Uncaught SyntaxError: Invalid or unexpected token", source: file:///home/dhia/browser-fuzzer/Dissertation/logger/run_20250324_064826/round_059/mutations/mutated_0004.html (3960)
[167917:167917:0324/164203.741361:INFO:CONSOLE(3961)] "Uncaught SyntaxError: Invalid or unexpected token", source: file:///home/dhia/browser-fuzzer/Dissertation/logger/run_20250324_064826/round_059/mutations/mutated_0004.html (3961)
[167917:167917:0324/164203.747102:INFO:CONSOLE(4033)] "Uncaught SyntaxError: Invalid or unexpected token", source: file:///home/dhia/browser-fuzzer/Dissertation/logger/run_20250324_064826/round_059/mutations/mutated_0004.html (4033)
[167917:167917:0324/164203.752305:INFO:CONSOLE(4034)] "Uncaught SyntaxError: Invalid or unexpected token", source: file:///home/dhia/browser-fuzzer/Dissertation/logger/run_20250324_064826/round_059/mutations/mutated_0004.html (4034)
[167917:167917:0324/164204.875749:INFO:CONSOLE(4037)] "Uncaught SyntaxError: Invalid or unexpected token", source: file:///home/dhia/browser-fuzzer/Dissertation/logger/run_20250324_064826/round_059/mutations/mutated_0004.html (4037)
[167917:167917:0324/164204.880992:INFO:CONSOLE(4038)] "Uncaught SyntaxError: Invalid or unexpected token", source: file:///home/dhia/browser-fuzzer/Dissertation/logger/run_20250324_064826/round_059/mutations/mutated_0004.html (4038)
[167917:167917:0324/164204.883339:INFO:CONSOLE(4039)] "Uncaught SyntaxError: Invalid or unexpected token", source: file:///home/dhia/browser-fuzzer/Dissertation/logger/run_20250324_064826/round_059/mutations/mutated_0004.html (4039)
[167917:167917:0324/164205.150536:INFO:CONSOLE(4075)] "Uncaught SyntaxError: Invalid or unexpected token", source: file:///home/dhia/browser-fuzzer/Dissertation/logger/run_20250324_064826/round_059/mutations/mutated_0004.html (4075)
[167917:167917:0324/164205.163360:INFO:CONSOLE(4076)] "Uncaught SyntaxError: Invalid or unexpected token", source: file:///home/dhia/browser-fuzzer/Dissertation/logger/run_20250324_064826/round_059/mutations/mutated_0004.html (4076)
[167917:167917:0324/164205.177104:INFO:CONSOLE(4078)] "Uncaught SyntaxError: Invalid or unexpected token", source: file:///home/dhia/browser-fuzzer/Dissertation/logger/run_20250324_064826/round_059/mutations/mutated_0004.html (4078)
[167917:167917:0324/164205.607861:INFO:CONSOLE(4079)] "Uncaught SyntaxError: Invalid or unexpected token", source: file:///home/dhia/browser-fuzzer/Dissertation/logger/run_20250324_064826/round_059/mutations/mutated_0004.html (4079)
[167917:167917:0324/164205.630158:INFO:CONSOLE(4080)] "Uncaught SyntaxError: Invalid or unexpected token", source: file:///home/dhia/browser-fuzzer/Dissertation/logger/run_20250324_064826/round_059/mutations/mutated_0004.html (4080)
[167917:167917:0324/164205.892664:INFO:CONSOLE(4082)] "Uncaught SyntaxError: Invalid or unexpected token", source: file:///home/dhia/browser-fuzzer/Dissertation/logger/run_20250324_064826/round_059/mutations/mutated_0004.html (4082)
[167917:167917:0324/164205.904981:INFO:CONSOLE(4083)] "Uncaught SyntaxError: Invalid or unexpected token", source: file:///home/dhia/browser-fuzzer/Dissertation/logger/run_20250324_064826/round_059/mutations/mutated_0004.html (4083)
[167917:167917:0324/164205.911286:INFO:CONSOLE(4084)] "Uncaught SyntaxError: Invalid or unexpected token", source: file:///home/dhia/browser-fuzzer/Dissertation/logger/run_20250324_064826/round_059/mutations/mutated_0004.html (4084)
[167917:167917:0324/164206.146359:INFO:CONSOLE(4085)] "Uncaught SyntaxError: Invalid or unexpected token", source: file:///home/dhia/browser-fuzzer/Dissertation/logger/run_20250324_064826/round_059/mutations/mutated_0004.html (4085)
[167917:167917:0324/164206.155758:INFO:CONSOLE(4086)] "Uncaught SyntaxError: Invalid or unexpected token", source: file:///home/dhia/browser-fuzzer/Dissertation/logger/run_20250324_064826/round_059/mutations/mutated_0004.html (4086)
[167917:167917:0324/164206.166848:INFO:CONSOLE(4087)] "Uncaught SyntaxError: Invalid or unexpected token", source: file:///home/dhia/browser-fuzzer/Dissertation/logger/run_20250324_064826/round_059/mutations/mutated_0004.html (4087)
[167917:167917:0324/164206.420736:INFO:CONSOLE(4153)] "Uncaught SyntaxError: Invalid or unexpected token", source: file:///home/dhia/browser-fuzzer/Dissertation/logger/run_20250324_064826/round_059/mutations/mutated_0004.html (4153)
[167917:167917:0324/164206.432528:INFO:CONSOLE(4154)] "Uncaught SyntaxError: Invalid or unexpected token", source: file:///home/dhia/browser-fuzzer/Dissertation/logger/run_20250324_064826/round_059/mutations/mutated_0004.html (4154)
[167917:167917:0324/164206.440642:INFO:CONSOLE(4156)] "Uncaught SyntaxError: Invalid or unexpected token", source: file:///home/dhia/browser-fuzzer/Dissertation/logger/run_20250324_064826/round_059/mutations/mutated_0004.html (4156)
[167917:167917:0324/164206.919540:INFO:CONSOLE(4157)] "Uncaught SyntaxError: Invalid or unexpected token", source: file:///home/dhia/browser-fuzzer/Dissertation/logger/run_20250324_064826/round_059/mutations/mutated_0004.html (4157)
[167917:167917:0324/164206.933090:INFO:CONSOLE(4158)] "Uncaught SyntaxError: Invalid or unexpected token", source: file:///home/dhia/browser-fuzzer/Dissertation/logger/run_20250324_064826/round_059/mutations/mutated_0004.html (4158)
[167917:167917:0324/164206.954378:INFO:CONSOLE(4159)] "Uncaught SyntaxError: Invalid or unexpected token", source: file:///home/dhia/browser-fuzzer/Dissertation/logger/run_20250324_064826/round_059/mutations/mutated_0004.html (4159)
[167917:167917:0324/164207.249338:INFO:CONSOLE(4200)] "Uncaught SyntaxError: Invalid or unexpected token", source: file:///home/dhia/browser-fuzzer/Dissertation/logger/run_20250324_064826/round_059/mutations/mutated_0004.html (4200)
[167917:167917:0324/164207.261432:INFO:CONSOLE(4201)] "Uncaught SyntaxError: Invalid or unexpected token", source: file:///home/dhia/browser-fuzzer/Dissertation/logger/run_20250324_064826/round_059/mutations/mutated_0004.html (4201)
[167917:167917:0324/164207.277912:INFO:CONSOLE(4202)] "Uncaught SyntaxError: Invalid or unexpected token", source: file:///home/dhia/browser-fuzzer/Dissertation/logger/run_20250324_064826/round_059/mutations/mutated_0004.html (4202)
[167917:167917:0324/164207.615499:INFO:CONSOLE(4273)] "Uncaught SyntaxError: Invalid or unexpected token", source: file:///home/dhia/browser-fuzzer/Dissertation/logger/run_20250324_064826/round_059/mutations/mutated_0004.html (4273)
[167917:167917:0324/164207.632030:INFO:CONSOLE(4274)] "Uncaught SyntaxError: Invalid or unexpected token", source: file:///home/dhia/browser-fuzzer/Dissertation/logger/run_20250324_064826/round_059/mutations/mutated_0004.html (4274)
[167917:167917:0324/164207.637284:INFO:CONSOLE(4275)] "Uncaught SyntaxError: Invalid or unexpected token", source: file:///home/dhia/browser-fuzzer/Dissertation/logger/run_20250324_064826/round_059/mutations/mutated_0004.html (4275)
[167917:167917:0324/164208.097598:INFO:CONSOLE(4276)] "Uncaught SyntaxError: Invalid or unexpected token", source: file:///home/dhia/browser-fuzzer/Dissertation/logger/run_20250324_064826/round_059/mutations/mutated_0004.html (4276)
[167917:167917:0324/164208.112658:INFO:CONSOLE(4286)] "Uncaught SyntaxError: Invalid or unexpected token", source: file:///home/dhia/browser-fuzzer/Dissertation/logger/run_20250324_064826/round_059/mutations/mutated_0004.html (4286)
[167917:167917:0324/164208.354669:INFO:CONSOLE(4287)] "Uncaught SyntaxError: Invalid or unexpected token", source: file:///home/dhia/browser-fuzzer/Dissertation/logger/run_20250324_064826/round_059/mutations/mutated_0004.html (4287)
[167917:167917:0324/164208.360553:INFO:CONSOLE(4288)] "Uncaught SyntaxError: Invalid or unexpected token", source: file:///home/dhia/browser-fuzzer/Dissertation/logger/run_20250324_064826/round_059/mutations/mutated_0004.html (4288)
[167917:167917:0324/164208.368089:INFO:CONSOLE(4289)] "Uncaught SyntaxError: Invalid or unexpected token", source: file:///home/dhia/browser-fuzzer/Dissertation/logger/run_20250324_064826/round_059/mutations/mutated_0004.html (4289)
[167917:167917:0324/164208.610364:INFO:CONSOLE(4290)] "Uncaught SyntaxError: Invalid or unexpected token", source: file:///home/dhia/browser-fuzzer/Dissertation/logger/run_20250324_064826/round_059/mutations/mutated_0004.html (4290)
[167917:167917:0324/164208.622964:INFO:CONSOLE(4291)] "Uncaught SyntaxError: Invalid or unexpected token", source: file:///home/dhia/browser-fuzzer/Dissertation/logger/run_20250324_064826/round_059/mutations/mutated_0004.html (4291)
[167917:167917:0324/164208.639254:INFO:CONSOLE(4292)] "Uncaught SyntaxError: Invalid or unexpected token", source: file:///home/dhia/browser-fuzzer/Dissertation/logger/run_20250324_064826/round_059/mutations/mutated_0004.html (4292)
[167917:167917:0324/164208.945885:INFO:CONSOLE(4293)] "Uncaught SyntaxError: Invalid or unexpected token", source: file:///home/dhia/browser-fuzzer/Dissertation/logger/run_20250324_064826/round_059/mutations/mutated_0004.html (4293)
[167917:167917:0324/164208.964104:INFO:CONSOLE(4314)] "Uncaught SyntaxError: Invalid or unexpected token", source: file:///home/dhia/browser-fuzzer/Dissertation/logger/run_20250324_064826/round_059/mutations/mutated_0004.html (4314)
[167917:167917:0324/164209.230861:INFO:CONSOLE(4315)] "Uncaught SyntaxError: Invalid or unexpected token", source: file:///home/dhia/browser-fuzzer/Dissertation/logger/run_20250324_064826/round_059/mutations/mutated_0004.html (4315)
[167917:167917:0324/164209.243399:INFO:CONSOLE(4317)] "Uncaught SyntaxError: Invalid or unexpected token", source: file:///home/dhia/browser-fuzzer/Dissertation/logger/run_20250324_064826/round_059/mutations/mutated_0004.html (4317)
[167917:167917:0324/164209.262143:INFO:CONSOLE(4318)] "Uncaught SyntaxError: Invalid or unexpected token", source: file:///home/dhia/browser-fuzzer/Dissertation/logger/run_20250324_064826/round_059/mutations/mutated_0004.html (4318)
[167917:167917:0324/164209.527100:INFO:CONSOLE(4320)] "Uncaught SyntaxError: Invalid or unexpected token", source: file:///home/dhia/browser-fuzzer/Dissertation/logger/run_20250324_064826/round_059/mutations/mutated_0004.html (4320)
[167917:167917:0324/164209.533270:INFO:CONSOLE(4321)] "Uncaught SyntaxError: Invalid or unexpected token", source: file:///home/dhia/browser-fuzzer/Dissertation/logger/run_20250324_064826/round_059/mutations/mutated_0004.html (4321)
[167917:167917:0324/164209.537889:INFO:CONSOLE(4322)] "Uncaught SyntaxError: Invalid or unexpected token", source: file:///home/dhia/browser-fuzzer/Dissertation/logger/run_20250324_064826/round_059/mutations/mutated_0004.html (4322)
[167917:167917:0324/164209.764676:INFO:CONSOLE(4324)] "Uncaught SyntaxError: Invalid or unexpected token", source: file:///home/dhia/browser-fuzzer/Dissertation/logger/run_20250324_064826/round_059/mutations/mutated_0004.html (4324)
[167917:167917:0324/164209.768312:INFO:CONSOLE(4325)] "Uncaught SyntaxError: Invalid or unexpected token", source: file:///home/dhia/browser-fuzzer/Dissertation/logger/run_20250324_064826/round_059/mutations/mutated_0004.html (4325)
[167917:167917:0324/164210.738521:ERROR:background_mode_manager_aura.cc(12)] Not implemented reached in virtual void BackgroundModeManager::EnableLaunchOnStartup(bool)
[167917:167917:0324/164210.936885:ERROR:kill_posix.cc(33)] waitpid(167990): No child processes (10)
[167917:167959:0324/164210.967403:WARNING:discardable_shared_memory_manager.cc(452)] Some MojoDiscardableSharedMemoryManagerImpls are still alive. They will be leaked.
