[216047:216047:0324/194512.109100:ERROR:cursor_factory.cc(96)] Not implemented reached in virtual void ui::CursorFactory::ObserveThemeChanges()
[216117:216117:0324/194512.558196:WARNING:sandbox_linux.cc(415)] InitializeSandbox() called with multiple threads in process gpu-process.
[216117:216117:0324/194512.576797:WARNING:viz_main_impl.cc(85)] VizNullHypothesis is disabled (not a warning)
[216047:216047:0324/194512.704849:WARNING:account_consistency_mode_manager.cc(72)] Desktop Identity Consistency cannot be enabled as no OAuth client ID and client secret have been configured.
[216116:216116:0324/194512.747401:WARNING:sandbox_linux.cc(415)] InitializeSandbox() called with multiple threads in process gpu-process.
[216116:216116:0324/194512.774150:WARNING:viz_main_impl.cc(85)] VizNullHypothesis is disabled (not a warning)
[216047:216047:0324/194514.132387:ERROR:platform_screen.cc(45)] Not implemented reached in virtual bool ui::PlatformScreen::IsScreenSaverActive() const
[216047:216047:0324/194514.132524:ERROR:platform_screen.cc(50)] Not implemented reached in virtual base::TimeDelta ui::PlatformScreen::CalculateIdleTime() const
[216047:216047:0324/194514.140035:WARNING:compose_enabling.cc(64)] Couldn't get country info.
[216047:216047:0324/194527.049340:INFO:CONSOLE(216)] "Uncaught SyntaxError: Invalid or unexpected token", source: file:///home/dhia/browser-fuzzer/Dissertation/logger/run_20250324_064826/round_081/mutations/mutated_0004.html (216)
[216047:216047:0324/194533.704779:INFO:CONSOLE(294)] "Uncaught SyntaxError: Unexpected end of input", source: file:///home/dhia/browser-fuzzer/Dissertation/logger/run_20250324_064826/round_081/mutations/mutated_0004.html (294)
[216047:216047:0324/194533.970434:INFO:CONSOLE(375)] "Uncaught SyntaxError: Unexpected end of input", source: file:///home/dhia/browser-fuzzer/Dissertation/logger/run_20250324_064826/round_081/mutations/mutated_0004.html (375)
[216047:216047:0324/194533.977327:INFO:CONSOLE(376)] "Uncaught SyntaxError: Unexpected end of input", source: file:///home/dhia/browser-fuzzer/Dissertation/logger/run_20250324_064826/round_081/mutations/mutated_0004.html (376)
[216047:216047:0324/194540.360618:INFO:CONSOLE(436)] "Uncaught SyntaxError: Invalid or unexpected token", source: file:///home/dhia/browser-fuzzer/Dissertation/logger/run_20250324_064826/round_081/mutations/mutated_0004.html (436)
[216047:216047:0324/194540.370064:INFO:CONSOLE(437)] "Uncaught SyntaxError: Invalid or unexpected token", source: file:///home/dhia/browser-fuzzer/Dissertation/logger/run_20250324_064826/round_081/mutations/mutated_0004.html (437)
[216047:216047:0324/194540.376103:INFO:CONSOLE(438)] "Uncaught SyntaxError: Invalid or unexpected token", source: file:///home/dhia/browser-fuzzer/Dissertation/logger/run_20250324_064826/round_081/mutations/mutated_0004.html (438)
[216047:216047:0324/194540.593188:INFO:CONSOLE(439)] "Uncaught SyntaxError: Invalid or unexpected token", source: file:///home/dhia/browser-fuzzer/Dissertation/logger/run_20250324_064826/round_081/mutations/mutated_0004.html (439)
[216047:216047:0324/194540.609157:INFO:CONSOLE(440)] "Uncaught SyntaxError: Invalid or unexpected token", source: file:///home/dhia/browser-fuzzer/Dissertation/logger/run_20250324_064826/round_081/mutations/mutated_0004.html (440)
[216047:216047:0324/194540.617014:INFO:CONSOLE(441)] "Uncaught SyntaxError: Invalid or unexpected token", source: file:///home/dhia/browser-fuzzer/Dissertation/logger/run_20250324_064826/round_081/mutations/mutated_0004.html (441)
[216047:216047:0324/194540.847686:INFO:CONSOLE(511)] "Uncaught SyntaxError: Invalid or unexpected token", source: file:///home/dhia/browser-fuzzer/Dissertation/logger/run_20250324_064826/round_081/mutations/mutated_0004.html (511)
[216047:216047:0324/194540.856925:INFO:CONSOLE(512)] "Uncaught SyntaxError: Invalid or unexpected token", source: file:///home/dhia/browser-fuzzer/Dissertation/logger/run_20250324_064826/round_081/mutations/mutated_0004.html (512)
[216047:216047:0324/194540.865438:INFO:CONSOLE(513)] "Uncaught SyntaxError: Invalid or unexpected token", source: file:///home/dhia/browser-fuzzer/Dissertation/logger/run_20250324_064826/round_081/mutations/mutated_0004.html (513)
[216047:216047:0324/194541.106672:INFO:CONSOLE(514)] "Uncaught SyntaxError: Invalid or unexpected token", source: file:///home/dhia/browser-fuzzer/Dissertation/logger/run_20250324_064826/round_081/mutations/mutated_0004.html (514)
[216047:216047:0324/194541.111279:INFO:CONSOLE(515)] "Uncaught SyntaxError: Invalid or unexpected token", source: file:///home/dhia/browser-fuzzer/Dissertation/logger/run_20250324_064826/round_081/mutations/mutated_0004.html (515)
[216047:216047:0324/194541.334512:INFO:CONSOLE(523)] "Uncaught SyntaxError: Invalid or unexpected token", source: file:///home/dhia/browser-fuzzer/Dissertation/logger/run_20250324_064826/round_081/mutations/mutated_0004.html (523)
[216047:216047:0324/194541.344003:INFO:CONSOLE(524)] "Uncaught SyntaxError: Invalid or unexpected token", source: file:///home/dhia/browser-fuzzer/Dissertation/logger/run_20250324_064826/round_081/mutations/mutated_0004.html (524)
[216047:216047:0324/194541.354091:INFO:CONSOLE(525)] "Uncaught SyntaxError: Invalid or unexpected token", source: file:///home/dhia/browser-fuzzer/Dissertation/logger/run_20250324_064826/round_081/mutations/mutated_0004.html (525)
[216047:216047:0324/194542.012260:INFO:CONSOLE(597)] "Uncaught SyntaxError: Invalid or unexpected token", source: file:///home/dhia/browser-fuzzer/Dissertation/logger/run_20250324_064826/round_081/mutations/mutated_0004.html (597)
[216047:216047:0324/194542.021468:INFO:CONSOLE(598)] "Uncaught SyntaxError: Invalid or unexpected token", source: file:///home/dhia/browser-fuzzer/Dissertation/logger/run_20250324_064826/round_081/mutations/mutated_0004.html (598)
[216047:216047:0324/194542.147475:INFO:CONSOLE(640)] "Uncaught SyntaxError: Invalid or unexpected token", source: file:///home/dhia/browser-fuzzer/Dissertation/logger/run_20250324_064826/round_081/mutations/mutated_0004.html (640)
[216047:216047:0324/194542.164770:INFO:CONSOLE(641)] "Uncaught SyntaxError: Invalid or unexpected token", source: file:///home/dhia/browser-fuzzer/Dissertation/logger/run_20250324_064826/round_081/mutations/mutated_0004.html (641)
[216047:216047:0324/194542.174294:INFO:CONSOLE(642)] "Uncaught SyntaxError: Invalid or unexpected token", source: file:///home/dhia/browser-fuzzer/Dissertation/logger/run_20250324_064826/round_081/mutations/mutated_0004.html (642)
[216047:216047:0324/194542.286002:INFO:CONSOLE(643)] "Uncaught SyntaxError: Invalid or unexpected token", source: file:///home/dhia/browser-fuzzer/Dissertation/logger/run_20250324_064826/round_081/mutations/mutated_0004.html (643)
[216047:216047:0324/194542.296624:INFO:CONSOLE(644)] "Uncaught SyntaxError: Invalid or unexpected token", source: file:///home/dhia/browser-fuzzer/Dissertation/logger/run_20250324_064826/round_081/mutations/mutated_0004.html (644)
[216047:216047:0324/194542.325364:INFO:CONSOLE(645)] "Uncaught SyntaxError: Invalid or unexpected token", source: file:///home/dhia/browser-fuzzer/Dissertation/logger/run_20250324_064826/round_081/mutations/mutated_0004.html (645)
[216047:216047:0324/194542.433481:INFO:CONSOLE(739)] "Uncaught SyntaxError: Invalid or unexpected token", source: file:///home/dhia/browser-fuzzer/Dissertation/logger/run_20250324_064826/round_081/mutations/mutated_0004.html (739)
[216047:216047:0324/194546.862244:INFO:CONSOLE(748)] "Uncaught SyntaxError: Invalid or unexpected token", source: file:///home/dhia/browser-fuzzer/Dissertation/logger/run_20250324_064826/round_081/mutations/mutated_0004.html (748)
[216047:216047:0324/194546.872499:INFO:CONSOLE(749)] "Uncaught SyntaxError: Invalid or unexpected token", source: file:///home/dhia/browser-fuzzer/Dissertation/logger/run_20250324_064826/round_081/mutations/mutated_0004.html (749)
[216047:216047:0324/194546.889773:INFO:CONSOLE(820)] "Uncaught SyntaxError: Unexpected end of input", source: file:///home/dhia/browser-fuzzer/Dissertation/logger/run_20250324_064826/round_081/mutations/mutated_0004.html (820)
[216047:216047:0324/194546.900784:INFO:CONSOLE(823)] "Uncaught SyntaxError: Invalid or unexpected token", source: file:///home/dhia/browser-fuzzer/Dissertation/logger/run_20250324_064826/round_081/mutations/mutated_0004.html (823)
[216047:216047:0324/194546.910962:INFO:CONSOLE(824)] "Uncaught SyntaxError: Invalid or unexpected token", source: file:///home/dhia/browser-fuzzer/Dissertation/logger/run_20250324_064826/round_081/mutations/mutated_0004.html (824)
[216047:216047:0324/194546.969352:INFO:CONSOLE(893)] "Uncaught SyntaxError: Unexpected end of input", source: file:///home/dhia/browser-fuzzer/Dissertation/logger/run_20250324_064826/round_081/mutations/mutated_0004.html (893)
[216047:216047:0324/194547.151564:INFO:CONSOLE(929)] "Uncaught SyntaxError: Invalid or unexpected token", source: file:///home/dhia/browser-fuzzer/Dissertation/logger/run_20250324_064826/round_081/mutations/mutated_0004.html (929)
[216047:216047:0324/194547.155802:INFO:CONSOLE(930)] "Uncaught SyntaxError: Invalid or unexpected token", source: file:///home/dhia/browser-fuzzer/Dissertation/logger/run_20250324_064826/round_081/mutations/mutated_0004.html (930)
[216047:216047:0324/194547.242315:INFO:CONSOLE(931)] "Uncaught SyntaxError: Invalid or unexpected token", source: file:///home/dhia/browser-fuzzer/Dissertation/logger/run_20250324_064826/round_081/mutations/mutated_0004.html (931)
[216047:216047:0324/194547.247729:INFO:CONSOLE(932)] "Uncaught SyntaxError: Invalid or unexpected token", source: file:///home/dhia/browser-fuzzer/Dissertation/logger/run_20250324_064826/round_081/mutations/mutated_0004.html (932)
[216047:216047:0324/194547.259367:INFO:CONSOLE(933)] "Uncaught SyntaxError: Invalid or unexpected token", source: file:///home/dhia/browser-fuzzer/Dissertation/logger/run_20250324_064826/round_081/mutations/mutated_0004.html (933)
[216047:216047:0324/194547.361094:INFO:CONSOLE(934)] "Uncaught SyntaxError: Invalid or unexpected token", source: file:///home/dhia/browser-fuzzer/Dissertation/logger/run_20250324_064826/round_081/mutations/mutated_0004.html (934)
[216047:216047:0324/194547.374590:INFO:CONSOLE(942)] "Uncaught SyntaxError: Invalid or unexpected token", source: file:///home/dhia/browser-fuzzer/Dissertation/logger/run_20250324_064826/round_081/mutations/mutated_0004.html (942)
[216047:216047:0324/194547.470592:INFO:CONSOLE(943)] "Uncaught SyntaxError: Invalid or unexpected token", source: file:///home/dhia/browser-fuzzer/Dissertation/logger/run_20250324_064826/round_081/mutations/mutated_0004.html (943)
[216047:216047:0324/194547.475014:INFO:CONSOLE(1015)] "Uncaught SyntaxError: Invalid or unexpected token", source: file:///home/dhia/browser-fuzzer/Dissertation/logger/run_20250324_064826/round_081/mutations/mutated_0004.html (1015)
[216047:216047:0324/194547.490539:INFO:CONSOLE(1016)] "Uncaught SyntaxError: Invalid or unexpected token", source: file:///home/dhia/browser-fuzzer/Dissertation/logger/run_20250324_064826/round_081/mutations/mutated_0004.html (1016)
[216047:216047:0324/194547.617023:INFO:CONSOLE(1043)] "Uncaught SyntaxError: Invalid or unexpected token", source: file:///home/dhia/browser-fuzzer/Dissertation/logger/run_20250324_064826/round_081/mutations/mutated_0004.html (1043)
[216047:216047:0324/194547.625062:INFO:CONSOLE(1044)] "Uncaught SyntaxError: Invalid or unexpected token", source: file:///home/dhia/browser-fuzzer/Dissertation/logger/run_20250324_064826/round_081/mutations/mutated_0004.html (1044)
[216047:216047:0324/194547.762041:INFO:CONSOLE(1045)] "Uncaught SyntaxError: Invalid or unexpected token", source: file:///home/dhia/browser-fuzzer/Dissertation/logger/run_20250324_064826/round_081/mutations/mutated_0004.html (1045)
[216047:216047:0324/194547.766494:INFO:CONSOLE(1046)] "Uncaught SyntaxError: Invalid or unexpected token", source: file:///home/dhia/browser-fuzzer/Dissertation/logger/run_20250324_064826/round_081/mutations/mutated_0004.html (1046)
[216047:216047:0324/194547.774955:INFO:CONSOLE(1047)] "Uncaught SyntaxError: Invalid or unexpected token", source: file:///home/dhia/browser-fuzzer/Dissertation/logger/run_20250324_064826/round_081/mutations/mutated_0004.html (1047)
[216047:216047:0324/194547.865777:INFO:CONSOLE(1048)] "Uncaught SyntaxError: Invalid or unexpected token", source: file:///home/dhia/browser-fuzzer/Dissertation/logger/run_20250324_064826/round_081/mutations/mutated_0004.html (1048)
[216047:216047:0324/194547.929028:INFO:CONSOLE(1130)] "Uncaught SyntaxError: Invalid or unexpected token", source: file:///home/dhia/browser-fuzzer/Dissertation/logger/run_20250324_064826/round_081/mutations/mutated_0004.html (1130)
[216047:216047:0324/194548.279047:INFO:CONSOLE(1139)] "Uncaught SyntaxError: Invalid or unexpected token", source: file:///home/dhia/browser-fuzzer/Dissertation/logger/run_20250324_064826/round_081/mutations/mutated_0004.html (1139)
[216047:216047:0324/194548.293753:INFO:CONSOLE(1140)] "Uncaught SyntaxError: Invalid or unexpected token", source: file:///home/dhia/browser-fuzzer/Dissertation/logger/run_20250324_064826/round_081/mutations/mutated_0004.html (1140)
[216047:216047:0324/194548.458872:INFO:CONSOLE(1220)] "Uncaught SyntaxError: Unexpected end of input", source: file:///home/dhia/browser-fuzzer/Dissertation/logger/run_20250324_064826/round_081/mutations/mutated_0004.html (1220)
[216047:216047:0324/194548.469799:INFO:CONSOLE(1223)] "Uncaught SyntaxError: Invalid or unexpected token", source: file:///home/dhia/browser-fuzzer/Dissertation/logger/run_20250324_064826/round_081/mutations/mutated_0004.html (1223)
[216047:216047:0324/194548.474697:INFO:CONSOLE(1224)] "Uncaught SyntaxError: Invalid or unexpected token", source: file:///home/dhia/browser-fuzzer/Dissertation/logger/run_20250324_064826/round_081/mutations/mutated_0004.html (1224)
[216047:216047:0324/194548.651255:INFO:CONSOLE(1293)] "Uncaught SyntaxError: Unexpected end of input", source: file:///home/dhia/browser-fuzzer/Dissertation/logger/run_20250324_064826/round_081/mutations/mutated_0004.html (1293)
[216047:216047:0324/194549.281208:INFO:CONSOLE(1319)] "Uncaught SyntaxError: Invalid or unexpected token", source: file:///home/dhia/browser-fuzzer/Dissertation/logger/run_20250324_064826/round_081/mutations/mutated_0004.html (1319)
[216047:216047:0324/194549.306717:INFO:CONSOLE(1320)] "Uncaught SyntaxError: Invalid or unexpected token", source: file:///home/dhia/browser-fuzzer/Dissertation/logger/run_20250324_064826/round_081/mutations/mutated_0004.html (1320)
[216047:216047:0324/194549.437633:INFO:CONSOLE(1321)] "Uncaught SyntaxError: Invalid or unexpected token", source: file:///home/dhia/browser-fuzzer/Dissertation/logger/run_20250324_064826/round_081/mutations/mutated_0004.html (1321)
[216047:216047:0324/194549.665141:INFO:CONSOLE(1330)] "Uncaught SyntaxError: Invalid or unexpected token", source: file:///home/dhia/browser-fuzzer/Dissertation/logger/run_20250324_064826/round_081/mutations/mutated_0004.html (1330)
[216047:216047:0324/194549.677121:INFO:CONSOLE(1331)] "Uncaught SyntaxError: Invalid or unexpected token", source: file:///home/dhia/browser-fuzzer/Dissertation/logger/run_20250324_064826/round_081/mutations/mutated_0004.html (1331)
[216047:216047:0324/194549.906653:INFO:CONSOLE(1461)] "Uncaught SyntaxError: Unexpected end of input", source: file:///home/dhia/browser-fuzzer/Dissertation/logger/run_20250324_064826/round_081/mutations/mutated_0004.html (1461)
[216047:216047:0324/194549.921797:INFO:CONSOLE(1464)] "Uncaught SyntaxError: Invalid or unexpected token", source: file:///home/dhia/browser-fuzzer/Dissertation/logger/run_20250324_064826/round_081/mutations/mutated_0004.html (1464)
[216047:216047:0324/194549.934621:INFO:CONSOLE(1465)] "Uncaught SyntaxError: Invalid or unexpected token", source: file:///home/dhia/browser-fuzzer/Dissertation/logger/run_20250324_064826/round_081/mutations/mutated_0004.html (1465)
[216047:216047:0324/194550.158703:INFO:CONSOLE(1466)] "Uncaught SyntaxError: Invalid or unexpected token", source: file:///home/dhia/browser-fuzzer/Dissertation/logger/run_20250324_064826/round_081/mutations/mutated_0004.html (1466)
[216047:216047:0324/194550.184636:INFO:CONSOLE(1474)] "Uncaught SyntaxError: Invalid or unexpected token", source: file:///home/dhia/browser-fuzzer/Dissertation/logger/run_20250324_064826/round_081/mutations/mutated_0004.html (1474)
[216047:216047:0324/194550.291143:INFO:CONSOLE(1475)] "Uncaught SyntaxError: Invalid or unexpected token", source: file:///home/dhia/browser-fuzzer/Dissertation/logger/run_20250324_064826/round_081/mutations/mutated_0004.html (1475)
[216047:216047:0324/194550.308418:INFO:CONSOLE(1547)] "Uncaught SyntaxError: Invalid or unexpected token", source: file:///home/dhia/browser-fuzzer/Dissertation/logger/run_20250324_064826/round_081/mutations/mutated_0004.html (1547)
[216047:216047:0324/194550.511977:INFO:CONSOLE(1548)] "Uncaught SyntaxError: Invalid or unexpected token", source: file:///home/dhia/browser-fuzzer/Dissertation/logger/run_20250324_064826/round_081/mutations/mutated_0004.html (1548)
[216047:216047:0324/194550.517287:INFO:CONSOLE(1549)] "Uncaught SyntaxError: Invalid or unexpected token", source: file:///home/dhia/browser-fuzzer/Dissertation/logger/run_20250324_064826/round_081/mutations/mutated_0004.html (1549)
[216047:216047:0324/194550.635660:INFO:CONSOLE(1576)] "Uncaught SyntaxError: Invalid or unexpected token", source: file:///home/dhia/browser-fuzzer/Dissertation/logger/run_20250324_064826/round_081/mutations/mutated_0004.html (1576)
[216047:216047:0324/194550.651985:INFO:CONSOLE(1577)] "Uncaught SyntaxError: Invalid or unexpected token", source: file:///home/dhia/browser-fuzzer/Dissertation/logger/run_20250324_064826/round_081/mutations/mutated_0004.html (1577)
[216047:216047:0324/194550.922830:INFO:CONSOLE(1668)] "Uncaught SyntaxError: Unexpected end of input", source: file:///home/dhia/browser-fuzzer/Dissertation/logger/run_20250324_064826/round_081/mutations/mutated_0004.html (1668)
[216047:216047:0324/194551.258393:INFO:CONSOLE(1772)] "Uncaught SyntaxError: Unexpected end of input", source: file:///home/dhia/browser-fuzzer/Dissertation/logger/run_20250324_064826/round_081/mutations/mutated_0004.html (1772)
[216047:216047:0324/194551.494594:INFO:CONSOLE(1803)] "Uncaught SyntaxError: Invalid or unexpected token", source: file:///home/dhia/browser-fuzzer/Dissertation/logger/run_20250324_064826/round_081/mutations/mutated_0004.html (1803)
[216047:216047:0324/194551.700119:INFO:CONSOLE(1860)] "Uncaught SyntaxError: Invalid or unexpected token", source: file:///home/dhia/browser-fuzzer/Dissertation/logger/run_20250324_064826/round_081/mutations/mutated_0004.html (1860)
[216047:216047:0324/194552.061717:INFO:CONSOLE(2069)] "Uncaught SyntaxError: Invalid or unexpected token", source: file:///home/dhia/browser-fuzzer/Dissertation/logger/run_20250324_064826/round_081/mutations/mutated_0004.html (2069)
[216047:216047:0324/194552.077922:INFO:CONSOLE(2070)] "Uncaught SyntaxError: Invalid or unexpected token", source: file:///home/dhia/browser-fuzzer/Dissertation/logger/run_20250324_064826/round_081/mutations/mutated_0004.html (2070)
[216047:216047:0324/194552.091156:INFO:CONSOLE(2071)] "Uncaught SyntaxError: Invalid or unexpected token", source: file:///home/dhia/browser-fuzzer/Dissertation/logger/run_20250324_064826/round_081/mutations/mutated_0004.html (2071)
[216047:216047:0324/194552.485613:INFO:CONSOLE(2072)] "Uncaught SyntaxError: Invalid or unexpected token", source: file:///home/dhia/browser-fuzzer/Dissertation/logger/run_20250324_064826/round_081/mutations/mutated_0004.html (2072)
[216047:216047:0324/194552.489349:INFO:CONSOLE(2073)] "Uncaught SyntaxError: Invalid or unexpected token", source: file:///home/dhia/browser-fuzzer/Dissertation/logger/run_20250324_064826/round_081/mutations/mutated_0004.html (2073)
[216047:216047:0324/194552.493764:INFO:CONSOLE(2074)] "Uncaught SyntaxError: Invalid or unexpected token", source: file:///home/dhia/browser-fuzzer/Dissertation/logger/run_20250324_064826/round_081/mutations/mutated_0004.html (2074)
[216047:216047:0324/194552.646473:INFO:CONSOLE(2081)] "Uncaught SyntaxError: Invalid or unexpected token", source: file:///home/dhia/browser-fuzzer/Dissertation/logger/run_20250324_064826/round_081/mutations/mutated_0004.html (2081)
[216047:216047:0324/194552.670541:INFO:CONSOLE(2082)] "Uncaught SyntaxError: Invalid or unexpected token", source: file:///home/dhia/browser-fuzzer/Dissertation/logger/run_20250324_064826/round_081/mutations/mutated_0004.html (2082)
[216047:216047:0324/194552.789655:INFO:CONSOLE(2154)] "Uncaught SyntaxError: Invalid or unexpected token", source: file:///home/dhia/browser-fuzzer/Dissertation/logger/run_20250324_064826/round_081/mutations/mutated_0004.html (2154)
[216047:216047:0324/194552.809993:INFO:CONSOLE(2155)] "Uncaught SyntaxError: Invalid or unexpected token", source: file:///home/dhia/browser-fuzzer/Dissertation/logger/run_20250324_064826/round_081/mutations/mutated_0004.html (2155)
[216047:216047:0324/194553.189871:INFO:CONSOLE(2169)] "Uncaught SyntaxError: Invalid or unexpected token", source: file:///home/dhia/browser-fuzzer/Dissertation/logger/run_20250324_064826/round_081/mutations/mutated_0004.html (2169)
[216047:216047:0324/194553.380032:INFO:CONSOLE(2223)] "Uncaught SyntaxError: Invalid or unexpected token", source: file:///home/dhia/browser-fuzzer/Dissertation/logger/run_20250324_064826/round_081/mutations/mutated_0004.html (2223)
[216047:216047:0324/194553.680676:INFO:CONSOLE(2301)] "Uncaught SyntaxError: Invalid or unexpected token", source: file:///home/dhia/browser-fuzzer/Dissertation/logger/run_20250324_064826/round_081/mutations/mutated_0004.html (2301)
[216047:216047:0324/194554.247491:INFO:CONSOLE(2369)] "Uncaught SyntaxError: Invalid or unexpected token", source: file:///home/dhia/browser-fuzzer/Dissertation/logger/run_20250324_064826/round_081/mutations/mutated_0004.html (2369)
[216047:216047:0324/194554.254259:INFO:CONSOLE(2370)] "Uncaught SyntaxError: Invalid or unexpected token", source: file:///home/dhia/browser-fuzzer/Dissertation/logger/run_20250324_064826/round_081/mutations/mutated_0004.html (2370)
[216047:216047:0324/194554.702128:INFO:CONSOLE(2378)] "Uncaught SyntaxError: Invalid or unexpected token", source: file:///home/dhia/browser-fuzzer/Dissertation/logger/run_20250324_064826/round_081/mutations/mutated_0004.html (2378)
[216047:216047:0324/194554.706068:INFO:CONSOLE(2379)] "Uncaught SyntaxError: Invalid or unexpected token", source: file:///home/dhia/browser-fuzzer/Dissertation/logger/run_20250324_064826/round_081/mutations/mutated_0004.html (2379)
[216047:216047:0324/194554.870634:INFO:CONSOLE(2417)] "Uncaught SyntaxError: Invalid or unexpected token", source: file:///home/dhia/browser-fuzzer/Dissertation/logger/run_20250324_064826/round_081/mutations/mutated_0004.html (2417)
[216047:216047:0324/194555.075438:INFO:CONSOLE(2431)] "Uncaught SyntaxError: Invalid or unexpected token", source: file:///home/dhia/browser-fuzzer/Dissertation/logger/run_20250324_064826/round_081/mutations/mutated_0004.html (2431)
[216047:216047:0324/194555.088538:INFO:CONSOLE(2442)] "Uncaught SyntaxError: Invalid or unexpected token", source: file:///home/dhia/browser-fuzzer/Dissertation/logger/run_20250324_064826/round_081/mutations/mutated_0004.html (2442)
[216047:216047:0324/194555.253372:INFO:CONSOLE(2443)] "Uncaught SyntaxError: Invalid or unexpected token", source: file:///home/dhia/browser-fuzzer/Dissertation/logger/run_20250324_064826/round_081/mutations/mutated_0004.html (2443)
[216047:216047:0324/194555.263823:INFO:CONSOLE(2444)] "Uncaught SyntaxError: Invalid or unexpected token", source: file:///home/dhia/browser-fuzzer/Dissertation/logger/run_20250324_064826/round_081/mutations/mutated_0004.html (2444)
[216047:216047:0324/194555.273916:INFO:CONSOLE(2445)] "Uncaught SyntaxError: Invalid or unexpected token", source: file:///home/dhia/browser-fuzzer/Dissertation/logger/run_20250324_064826/round_081/mutations/mutated_0004.html (2445)
[216047:216047:0324/194555.406935:INFO:CONSOLE(2446)] "Uncaught SyntaxError: Invalid or unexpected token", source: file:///home/dhia/browser-fuzzer/Dissertation/logger/run_20250324_064826/round_081/mutations/mutated_0004.html (2446)
[216047:216047:0324/194555.679793:INFO:CONSOLE(2462)] "Uncaught SyntaxError: Invalid or unexpected token", source: file:///home/dhia/browser-fuzzer/Dissertation/logger/run_20250324_064826/round_081/mutations/mutated_0004.html (2462)
[216047:216047:0324/194555.688375:INFO:CONSOLE(2463)] "Uncaught SyntaxError: Invalid or unexpected token", source: file:///home/dhia/browser-fuzzer/Dissertation/logger/run_20250324_064826/round_081/mutations/mutated_0004.html (2463)
[216047:216047:0324/194555.841719:INFO:CONSOLE(2477)] "Uncaught SyntaxError: Invalid or unexpected token", source: file:///home/dhia/browser-fuzzer/Dissertation/logger/run_20250324_064826/round_081/mutations/mutated_0004.html (2477)
[216047:216047:0324/194555.860768:INFO:CONSOLE(2490)] "Uncaught SyntaxError: Invalid or unexpected token", source: file:///home/dhia/browser-fuzzer/Dissertation/logger/run_20250324_064826/round_081/mutations/mutated_0004.html (2490)
[216047:216047:0324/194556.020949:INFO:CONSOLE(2491)] "Uncaught SyntaxError: Invalid or unexpected token", source: file:///home/dhia/browser-fuzzer/Dissertation/logger/run_20250324_064826/round_081/mutations/mutated_0004.html (2491)
[216047:216047:0324/194556.034885:INFO:CONSOLE(2502)] "Uncaught SyntaxError: Invalid or unexpected token", source: file:///home/dhia/browser-fuzzer/Dissertation/logger/run_20250324_064826/round_081/mutations/mutated_0004.html (2502)
[216047:216047:0324/194556.041003:INFO:CONSOLE(2503)] "Uncaught SyntaxError: Invalid or unexpected token", source: file:///home/dhia/browser-fuzzer/Dissertation/logger/run_20250324_064826/round_081/mutations/mutated_0004.html (2503)
[216047:216047:0324/194556.197959:INFO:CONSOLE(2507)] "Uncaught SyntaxError: Invalid or unexpected token", source: file:///home/dhia/browser-fuzzer/Dissertation/logger/run_20250324_064826/round_081/mutations/mutated_0004.html (2507)
[216047:216047:0324/194556.205079:INFO:CONSOLE(2508)] "Uncaught SyntaxError: Invalid or unexpected token", source: file:///home/dhia/browser-fuzzer/Dissertation/logger/run_20250324_064826/round_081/mutations/mutated_0004.html (2508)
[216047:216047:0324/194556.215666:INFO:CONSOLE(2509)] "Uncaught SyntaxError: Invalid or unexpected token", source: file:///home/dhia/browser-fuzzer/Dissertation/logger/run_20250324_064826/round_081/mutations/mutated_0004.html (2509)
[216047:216047:0324/194556.388414:INFO:CONSOLE(2510)] "Uncaught SyntaxError: Invalid or unexpected token", source: file:///home/dhia/browser-fuzzer/Dissertation/logger/run_20250324_064826/round_081/mutations/mutated_0004.html (2510)
[216047:216047:0324/194556.403527:INFO:CONSOLE(2511)] "Uncaught SyntaxError: Invalid or unexpected token", source: file:///home/dhia/browser-fuzzer/Dissertation/logger/run_20250324_064826/round_081/mutations/mutated_0004.html (2511)
[216047:216047:0324/194556.412377:INFO:CONSOLE(2512)] "Uncaught SyntaxError: Invalid or unexpected token", source: file:///home/dhia/browser-fuzzer/Dissertation/logger/run_20250324_064826/round_081/mutations/mutated_0004.html (2512)
[216047:216047:0324/194556.613258:INFO:CONSOLE(2513)] "Uncaught SyntaxError: Invalid or unexpected token", source: file:///home/dhia/browser-fuzzer/Dissertation/logger/run_20250324_064826/round_081/mutations/mutated_0004.html (2513)
[216047:216047:0324/194556.629307:INFO:CONSOLE(2514)] "Uncaught SyntaxError: Invalid or unexpected token", source: file:///home/dhia/browser-fuzzer/Dissertation/logger/run_20250324_064826/round_081/mutations/mutated_0004.html (2514)
[216047:216047:0324/194556.783244:INFO:CONSOLE(2515)] "Uncaught SyntaxError: Invalid or unexpected token", source: file:///home/dhia/browser-fuzzer/Dissertation/logger/run_20250324_064826/round_081/mutations/mutated_0004.html (2515)
[216047:216047:0324/194556.809605:INFO:CONSOLE(2516)] "Uncaught SyntaxError: Invalid or unexpected token", source: file:///home/dhia/browser-fuzzer/Dissertation/logger/run_20250324_064826/round_081/mutations/mutated_0004.html (2516)
[216047:216047:0324/194556.819656:INFO:CONSOLE(2517)] "Uncaught SyntaxError: Invalid or unexpected token", source: file:///home/dhia/browser-fuzzer/Dissertation/logger/run_20250324_064826/round_081/mutations/mutated_0004.html (2517)
[216047:216047:0324/194556.975330:INFO:CONSOLE(2518)] "Uncaught SyntaxError: Invalid or unexpected token", source: file:///home/dhia/browser-fuzzer/Dissertation/logger/run_20250324_064826/round_081/mutations/mutated_0004.html (2518)
[216047:216047:0324/194556.981750:INFO:CONSOLE(2519)] "Uncaught SyntaxError: Invalid or unexpected token", source: file:///home/dhia/browser-fuzzer/Dissertation/logger/run_20250324_064826/round_081/mutations/mutated_0004.html (2519)
[216047:216047:0324/194557.116719:INFO:CONSOLE(2520)] "Uncaught SyntaxError: Invalid or unexpected token", source: file:///home/dhia/browser-fuzzer/Dissertation/logger/run_20250324_064826/round_081/mutations/mutated_0004.html (2520)
[216047:216047:0324/194557.122581:INFO:CONSOLE(2531)] "Uncaught SyntaxError: Invalid or unexpected token", source: file:///home/dhia/browser-fuzzer/Dissertation/logger/run_20250324_064826/round_081/mutations/mutated_0004.html (2531)
[216047:216047:0324/194557.314221:INFO:CONSOLE(2532)] "Uncaught SyntaxError: Invalid or unexpected token", source: file:///home/dhia/browser-fuzzer/Dissertation/logger/run_20250324_064826/round_081/mutations/mutated_0004.html (2532)
[216047:216047:0324/194557.324371:INFO:CONSOLE(2533)] "Uncaught SyntaxError: Invalid or unexpected token", source: file:///home/dhia/browser-fuzzer/Dissertation/logger/run_20250324_064826/round_081/mutations/mutated_0004.html (2533)
[216047:216047:0324/194557.759779:INFO:CONSOLE(2611)] "Uncaught SyntaxError: Unexpected end of input", source: file:///home/dhia/browser-fuzzer/Dissertation/logger/run_20250324_064826/round_081/mutations/mutated_0004.html (2611)
[216047:216047:0324/194558.142565:INFO:CONSOLE(2692)] "Uncaught SyntaxError: Unexpected end of input", source: file:///home/dhia/browser-fuzzer/Dissertation/logger/run_20250324_064826/round_081/mutations/mutated_0004.html (2692)
[216047:216047:0324/194558.146013:INFO:CONSOLE(2693)] "Uncaught SyntaxError: Unexpected end of input", source: file:///home/dhia/browser-fuzzer/Dissertation/logger/run_20250324_064826/round_081/mutations/mutated_0004.html (2693)
[216047:216047:0324/194558.684805:INFO:CONSOLE(2729)] "Uncaught SyntaxError: Invalid or unexpected token", source: file:///home/dhia/browser-fuzzer/Dissertation/logger/run_20250324_064826/round_081/mutations/mutated_0004.html (2729)
[216047:216047:0324/194558.691887:INFO:CONSOLE(2730)] "Uncaught SyntaxError: Invalid or unexpected token", source: file:///home/dhia/browser-fuzzer/Dissertation/logger/run_20250324_064826/round_081/mutations/mutated_0004.html (2730)
[216047:216047:0324/194558.706759:INFO:CONSOLE(2731)] "Uncaught SyntaxError: Invalid or unexpected token", source: file:///home/dhia/browser-fuzzer/Dissertation/logger/run_20250324_064826/round_081/mutations/mutated_0004.html (2731)
[216047:216047:0324/194558.920202:INFO:CONSOLE(2732)] "Uncaught SyntaxError: Invalid or unexpected token", source: file:///home/dhia/browser-fuzzer/Dissertation/logger/run_20250324_064826/round_081/mutations/mutated_0004.html (2732)
[216047:216047:0324/194558.924407:INFO:CONSOLE(2733)] "Uncaught SyntaxError: Invalid or unexpected token", source: file:///home/dhia/browser-fuzzer/Dissertation/logger/run_20250324_064826/round_081/mutations/mutated_0004.html (2733)
[216047:216047:0324/194558.930984:INFO:CONSOLE(2734)] "Uncaught SyntaxError: Invalid or unexpected token", source: file:///home/dhia/browser-fuzzer/Dissertation/logger/run_20250324_064826/round_081/mutations/mutated_0004.html (2734)
[216047:216047:0324/194559.118032:INFO:CONSOLE(2804)] "Uncaught SyntaxError: Invalid or unexpected token", source: file:///home/dhia/browser-fuzzer/Dissertation/logger/run_20250324_064826/round_081/mutations/mutated_0004.html (2804)
[216047:216047:0324/194559.129891:INFO:CONSOLE(2805)] "Uncaught SyntaxError: Invalid or unexpected token", source: file:///home/dhia/browser-fuzzer/Dissertation/logger/run_20250324_064826/round_081/mutations/mutated_0004.html (2805)
[216047:216047:0324/194559.141617:INFO:CONSOLE(2806)] "Uncaught SyntaxError: Invalid or unexpected token", source: file:///home/dhia/browser-fuzzer/Dissertation/logger/run_20250324_064826/round_081/mutations/mutated_0004.html (2806)
[216047:216047:0324/194559.620389:INFO:CONSOLE(2807)] "Uncaught SyntaxError: Invalid or unexpected token", source: file:///home/dhia/browser-fuzzer/Dissertation/logger/run_20250324_064826/round_081/mutations/mutated_0004.html (2807)
[216047:216047:0324/194559.639932:INFO:CONSOLE(2808)] "Uncaught SyntaxError: Invalid or unexpected token", source: file:///home/dhia/browser-fuzzer/Dissertation/logger/run_20250324_064826/round_081/mutations/mutated_0004.html (2808)
[216047:216047:0324/194559.656615:INFO:CONSOLE(2816)] "Uncaught SyntaxError: Invalid or unexpected token", source: file:///home/dhia/browser-fuzzer/Dissertation/logger/run_20250324_064826/round_081/mutations/mutated_0004.html (2816)
[216047:216047:0324/194559.666698:INFO:CONSOLE(2817)] "Uncaught SyntaxError: Invalid or unexpected token", source: file:///home/dhia/browser-fuzzer/Dissertation/logger/run_20250324_064826/round_081/mutations/mutated_0004.html (2817)
[216047:216047:0324/194559.671610:INFO:CONSOLE(2818)] "Uncaught SyntaxError: Invalid or unexpected token", source: file:///home/dhia/browser-fuzzer/Dissertation/logger/run_20250324_064826/round_081/mutations/mutated_0004.html (2818)
[216047:216047:0324/194559.846249:INFO:CONSOLE(2890)] "Uncaught SyntaxError: Invalid or unexpected token", source: file:///home/dhia/browser-fuzzer/Dissertation/logger/run_20250324_064826/round_081/mutations/mutated_0004.html (2890)
[216047:216047:0324/194559.859509:INFO:CONSOLE(2891)] "Uncaught SyntaxError: Invalid or unexpected token", source: file:///home/dhia/browser-fuzzer/Dissertation/logger/run_20250324_064826/round_081/mutations/mutated_0004.html (2891)
[216047:216047:0324/194600.637072:INFO:CONSOLE(2921)] "Uncaught SyntaxError: Invalid or unexpected token", source: file:///home/dhia/browser-fuzzer/Dissertation/logger/run_20250324_064826/round_081/mutations/mutated_0004.html (2921)
[216047:216047:0324/194600.644299:INFO:CONSOLE(2922)] "Uncaught SyntaxError: Invalid or unexpected token", source: file:///home/dhia/browser-fuzzer/Dissertation/logger/run_20250324_064826/round_081/mutations/mutated_0004.html (2922)
[216047:216047:0324/194600.891252:INFO:CONSOLE(2923)] "Uncaught SyntaxError: Invalid or unexpected token", source: file:///home/dhia/browser-fuzzer/Dissertation/logger/run_20250324_064826/round_081/mutations/mutated_0004.html (2923)
[216047:216047:0324/194600.896681:INFO:CONSOLE(2924)] "Uncaught SyntaxError: Invalid or unexpected token", source: file:///home/dhia/browser-fuzzer/Dissertation/logger/run_20250324_064826/round_081/mutations/mutated_0004.html (2924)
[216047:216047:0324/194600.902655:INFO:CONSOLE(2925)] "Uncaught SyntaxError: Invalid or unexpected token", source: file:///home/dhia/browser-fuzzer/Dissertation/logger/run_20250324_064826/round_081/mutations/mutated_0004.html (2925)
[216047:216047:0324/194601.094930:INFO:CONSOLE(2926)] "Uncaught SyntaxError: Invalid or unexpected token", source: file:///home/dhia/browser-fuzzer/Dissertation/logger/run_20250324_064826/round_081/mutations/mutated_0004.html (2926)
[216047:216047:0324/194601.355402:INFO:CONSOLE(3020)] "Uncaught SyntaxError: Invalid or unexpected token", source: file:///home/dhia/browser-fuzzer/Dissertation/logger/run_20250324_064826/round_081/mutations/mutated_0004.html (3020)
[216047:216047:0324/194601.805877:INFO:CONSOLE(3029)] "Uncaught SyntaxError: Invalid or unexpected token", source: file:///home/dhia/browser-fuzzer/Dissertation/logger/run_20250324_064826/round_081/mutations/mutated_0004.html (3029)
[216047:216047:0324/194601.821574:INFO:CONSOLE(3030)] "Uncaught SyntaxError: Invalid or unexpected token", source: file:///home/dhia/browser-fuzzer/Dissertation/logger/run_20250324_064826/round_081/mutations/mutated_0004.html (3030)
[216047:216047:0324/194602.061918:INFO:CONSOLE(3101)] "Uncaught SyntaxError: Unexpected end of input", source: file:///home/dhia/browser-fuzzer/Dissertation/logger/run_20250324_064826/round_081/mutations/mutated_0004.html (3101)
[216047:216047:0324/194602.072200:INFO:CONSOLE(3104)] "Uncaught SyntaxError: Invalid or unexpected token", source: file:///home/dhia/browser-fuzzer/Dissertation/logger/run_20250324_064826/round_081/mutations/mutated_0004.html (3104)
[216047:216047:0324/194602.467306:INFO:CONSOLE(3105)] "Uncaught SyntaxError: Invalid or unexpected token", source: file:///home/dhia/browser-fuzzer/Dissertation/logger/run_20250324_064826/round_081/mutations/mutated_0004.html (3105)
[216047:216047:0324/194602.873262:INFO:CONSOLE(3184)] "Uncaught SyntaxError: Unexpected end of input", source: file:///home/dhia/browser-fuzzer/Dissertation/logger/run_20250324_064826/round_081/mutations/mutated_0004.html (3184)
[216047:216047:0324/194603.539698:INFO:CONSOLE(3210)] "Uncaught SyntaxError: Invalid or unexpected token", source: file:///home/dhia/browser-fuzzer/Dissertation/logger/run_20250324_064826/round_081/mutations/mutated_0004.html (3210)
[216047:216047:0324/194603.545272:INFO:CONSOLE(3211)] "Uncaught SyntaxError: Invalid or unexpected token", source: file:///home/dhia/browser-fuzzer/Dissertation/logger/run_20250324_064826/round_081/mutations/mutated_0004.html (3211)
[216047:216047:0324/194603.553927:INFO:CONSOLE(3212)] "Uncaught SyntaxError: Invalid or unexpected token", source: file:///home/dhia/browser-fuzzer/Dissertation/logger/run_20250324_064826/round_081/mutations/mutated_0004.html (3212)
[216047:216047:0324/194603.697380:INFO:CONSOLE(3213)] "Uncaught SyntaxError: Invalid or unexpected token", source: file:///home/dhia/browser-fuzzer/Dissertation/logger/run_20250324_064826/round_081/mutations/mutated_0004.html (3213)
[216047:216047:0324/194603.708180:INFO:CONSOLE(3214)] "Uncaught SyntaxError: Invalid or unexpected token", source: file:///home/dhia/browser-fuzzer/Dissertation/logger/run_20250324_064826/round_081/mutations/mutated_0004.html (3214)
[216047:216047:0324/194603.715501:INFO:CONSOLE(3215)] "Uncaught SyntaxError: Invalid or unexpected token", source: file:///home/dhia/browser-fuzzer/Dissertation/logger/run_20250324_064826/round_081/mutations/mutated_0004.html (3215)
[216047:216047:0324/194603.930092:INFO:CONSOLE(3223)] "Uncaught SyntaxError: Invalid or unexpected token", source: file:///home/dhia/browser-fuzzer/Dissertation/logger/run_20250324_064826/round_081/mutations/mutated_0004.html (3223)
[216047:216047:0324/194603.943655:INFO:CONSOLE(3224)] "Uncaught SyntaxError: Invalid or unexpected token", source: file:///home/dhia/browser-fuzzer/Dissertation/logger/run_20250324_064826/round_081/mutations/mutated_0004.html (3224)
[216047:216047:0324/194604.138147:INFO:CONSOLE(3296)] "Uncaught SyntaxError: Invalid or unexpected token", source: file:///home/dhia/browser-fuzzer/Dissertation/logger/run_20250324_064826/round_081/mutations/mutated_0004.html (3296)
[216047:216047:0324/194604.148154:INFO:CONSOLE(3297)] "Uncaught SyntaxError: Invalid or unexpected token", source: file:///home/dhia/browser-fuzzer/Dissertation/logger/run_20250324_064826/round_081/mutations/mutated_0004.html (3297)
[216047:216047:0324/194604.657762:INFO:CONSOLE(3324)] "Uncaught SyntaxError: Invalid or unexpected token", source: file:///home/dhia/browser-fuzzer/Dissertation/logger/run_20250324_064826/round_081/mutations/mutated_0004.html (3324)
[216047:216047:0324/194604.664218:INFO:CONSOLE(3325)] "Uncaught SyntaxError: Invalid or unexpected token", source: file:///home/dhia/browser-fuzzer/Dissertation/logger/run_20250324_064826/round_081/mutations/mutated_0004.html (3325)
[216047:216047:0324/194604.860601:INFO:CONSOLE(3326)] "Uncaught SyntaxError: Invalid or unexpected token", source: file:///home/dhia/browser-fuzzer/Dissertation/logger/run_20250324_064826/round_081/mutations/mutated_0004.html (3326)
[216047:216047:0324/194604.876377:INFO:CONSOLE(3337)] "Uncaught SyntaxError: Invalid or unexpected token", source: file:///home/dhia/browser-fuzzer/Dissertation/logger/run_20250324_064826/round_081/mutations/mutated_0004.html (3337)
[216047:216047:0324/194604.882845:INFO:CONSOLE(3338)] "Uncaught SyntaxError: Invalid or unexpected token", source: file:///home/dhia/browser-fuzzer/Dissertation/logger/run_20250324_064826/round_081/mutations/mutated_0004.html (3338)
[216047:216047:0324/194605.078729:INFO:CONSOLE(3339)] "Uncaught SyntaxError: Invalid or unexpected token", source: file:///home/dhia/browser-fuzzer/Dissertation/logger/run_20250324_064826/round_081/mutations/mutated_0004.html (3339)
[216047:216047:0324/194605.346902:INFO:CONSOLE(3421)] "Uncaught SyntaxError: Invalid or unexpected token", source: file:///home/dhia/browser-fuzzer/Dissertation/logger/run_20250324_064826/round_081/mutations/mutated_0004.html (3421)
[216047:216047:0324/194605.851596:INFO:CONSOLE(3430)] "Uncaught SyntaxError: Invalid or unexpected token", source: file:///home/dhia/browser-fuzzer/Dissertation/logger/run_20250324_064826/round_081/mutations/mutated_0004.html (3430)
[216047:216047:0324/194605.859135:INFO:CONSOLE(3431)] "Uncaught SyntaxError: Invalid or unexpected token", source: file:///home/dhia/browser-fuzzer/Dissertation/logger/run_20250324_064826/round_081/mutations/mutated_0004.html (3431)
[216047:216047:0324/194606.375584:INFO:CONSOLE(3501)] "Uncaught SyntaxError: Unexpected end of input", source: file:///home/dhia/browser-fuzzer/Dissertation/logger/run_20250324_064826/round_081/mutations/mutated_0004.html (3501)
[216047:216047:0324/194606.381066:INFO:CONSOLE(3504)] "Uncaught SyntaxError: Invalid or unexpected token", source: file:///home/dhia/browser-fuzzer/Dissertation/logger/run_20250324_064826/round_081/mutations/mutated_0004.html (3504)
[216047:216047:0324/194606.388301:INFO:CONSOLE(3505)] "Uncaught SyntaxError: Invalid or unexpected token", source: file:///home/dhia/browser-fuzzer/Dissertation/logger/run_20250324_064826/round_081/mutations/mutated_0004.html (3505)
[216047:216047:0324/194606.676338:INFO:CONSOLE(3574)] "Uncaught SyntaxError: Unexpected end of input", source: file:///home/dhia/browser-fuzzer/Dissertation/logger/run_20250324_064826/round_081/mutations/mutated_0004.html (3574)
[216047:216047:0324/194607.721253:INFO:CONSOLE(3612)] "Uncaught SyntaxError: Invalid or unexpected token", source: file:///home/dhia/browser-fuzzer/Dissertation/logger/run_20250324_064826/round_081/mutations/mutated_0004.html (3612)
[216047:216047:0324/194607.734661:INFO:CONSOLE(3613)] "Uncaught SyntaxError: Invalid or unexpected token", source: file:///home/dhia/browser-fuzzer/Dissertation/logger/run_20250324_064826/round_081/mutations/mutated_0004.html (3613)
[216047:216047:0324/194607.916726:INFO:CONSOLE(3614)] "Uncaught SyntaxError: Invalid or unexpected token", source: file:///home/dhia/browser-fuzzer/Dissertation/logger/run_20250324_064826/round_081/mutations/mutated_0004.html (3614)
[216047:216047:0324/194608.314904:INFO:CONSOLE(3623)] "Uncaught SyntaxError: Invalid or unexpected token", source: file:///home/dhia/browser-fuzzer/Dissertation/logger/run_20250324_064826/round_081/mutations/mutated_0004.html (3623)
[216047:216047:0324/194608.318904:INFO:CONSOLE(3624)] "Uncaught SyntaxError: Invalid or unexpected token", source: file:///home/dhia/browser-fuzzer/Dissertation/logger/run_20250324_064826/round_081/mutations/mutated_0004.html (3624)
[216047:216047:0324/194608.794632:INFO:CONSOLE(3742)] "Uncaught SyntaxError: Unexpected end of input", source: file:///home/dhia/browser-fuzzer/Dissertation/logger/run_20250324_064826/round_081/mutations/mutated_0004.html (3742)
[216047:216047:0324/194608.802823:INFO:CONSOLE(3745)] "Uncaught SyntaxError: Invalid or unexpected token", source: file:///home/dhia/browser-fuzzer/Dissertation/logger/run_20250324_064826/round_081/mutations/mutated_0004.html (3745)
[216047:216047:0324/194608.806355:INFO:CONSOLE(3746)] "Uncaught SyntaxError: Invalid or unexpected token", source: file:///home/dhia/browser-fuzzer/Dissertation/logger/run_20250324_064826/round_081/mutations/mutated_0004.html (3746)
[216047:216047:0324/194609.018701:INFO:CONSOLE(3747)] "Uncaught SyntaxError: Invalid or unexpected token", source: file:///home/dhia/browser-fuzzer/Dissertation/logger/run_20250324_064826/round_081/mutations/mutated_0004.html (3747)
[216047:216047:0324/194609.036741:INFO:CONSOLE(3755)] "Uncaught SyntaxError: Invalid or unexpected token", source: file:///home/dhia/browser-fuzzer/Dissertation/logger/run_20250324_064826/round_081/mutations/mutated_0004.html (3755)
[216047:216047:0324/194609.211067:INFO:CONSOLE(3756)] "Uncaught SyntaxError: Invalid or unexpected token", source: file:///home/dhia/browser-fuzzer/Dissertation/logger/run_20250324_064826/round_081/mutations/mutated_0004.html (3756)
[216047:216047:0324/194609.222855:INFO:CONSOLE(3828)] "Uncaught SyntaxError: Invalid or unexpected token", source: file:///home/dhia/browser-fuzzer/Dissertation/logger/run_20250324_064826/round_081/mutations/mutated_0004.html (3828)
[216047:216047:0324/194609.237658:INFO:CONSOLE(3829)] "Uncaught SyntaxError: Invalid or unexpected token", source: file:///home/dhia/browser-fuzzer/Dissertation/logger/run_20250324_064826/round_081/mutations/mutated_0004.html (3829)
[216047:216047:0324/194609.794100:INFO:CONSOLE(3830)] "Uncaught SyntaxError: Invalid or unexpected token", source: file:///home/dhia/browser-fuzzer/Dissertation/logger/run_20250324_064826/round_081/mutations/mutated_0004.html (3830)
[216047:216047:0324/194610.045295:INFO:CONSOLE(3857)] "Uncaught SyntaxError: Invalid or unexpected token", source: file:///home/dhia/browser-fuzzer/Dissertation/logger/run_20250324_064826/round_081/mutations/mutated_0004.html (3857)
[216047:216047:0324/194610.050964:INFO:CONSOLE(3858)] "Uncaught SyntaxError: Invalid or unexpected token", source: file:///home/dhia/browser-fuzzer/Dissertation/logger/run_20250324_064826/round_081/mutations/mutated_0004.html (3858)
[216047:216047:0324/194610.618885:INFO:CONSOLE(3949)] "Uncaught SyntaxError: Unexpected end of input", source: file:///home/dhia/browser-fuzzer/Dissertation/logger/run_20250324_064826/round_081/mutations/mutated_0004.html (3949)
[216047:216047:0324/194611.200527:INFO:CONSOLE(4043)] "Uncaught SyntaxError: Unexpected end of input", source: file:///home/dhia/browser-fuzzer/Dissertation/logger/run_20250324_064826/round_081/mutations/mutated_0004.html (4043)
[216047:216047:0324/194611.503405:INFO:CONSOLE(4062)] "Uncaught SyntaxError: Invalid or unexpected token", source: file:///home/dhia/browser-fuzzer/Dissertation/logger/run_20250324_064826/round_081/mutations/mutated_0004.html (4062)
[216047:216047:0324/194611.836896:INFO:CONSOLE(4119)] "Uncaught SyntaxError: Invalid or unexpected token", source: file:///home/dhia/browser-fuzzer/Dissertation/logger/run_20250324_064826/round_081/mutations/mutated_0004.html (4119)
[216047:216047:0324/194612.270012:INFO:CONSOLE(4318)] "Uncaught SyntaxError: Invalid or unexpected token", source: file:///home/dhia/browser-fuzzer/Dissertation/logger/run_20250324_064826/round_081/mutations/mutated_0004.html (4318)
[216047:216047:0324/194612.275107:INFO:CONSOLE(4319)] "Uncaught SyntaxError: Invalid or unexpected token", source: file:///home/dhia/browser-fuzzer/Dissertation/logger/run_20250324_064826/round_081/mutations/mutated_0004.html (4319)
[216047:216047:0324/194613.239929:INFO:CONSOLE(4320)] "Uncaught SyntaxError: Invalid or unexpected token", source: file:///home/dhia/browser-fuzzer/Dissertation/logger/run_20250324_064826/round_081/mutations/mutated_0004.html (4320)
[216047:216047:0324/194613.254734:INFO:CONSOLE(4321)] "Uncaught SyntaxError: Invalid or unexpected token", source: file:///home/dhia/browser-fuzzer/Dissertation/logger/run_20250324_064826/round_081/mutations/mutated_0004.html (4321)
[216047:216047:0324/194613.488952:INFO:CONSOLE(4322)] "Uncaught SyntaxError: Invalid or unexpected token", source: file:///home/dhia/browser-fuzzer/Dissertation/logger/run_20250324_064826/round_081/mutations/mutated_0004.html (4322)
[216047:216047:0324/194613.504099:INFO:CONSOLE(4323)] "Uncaught SyntaxError: Invalid or unexpected token", source: file:///home/dhia/browser-fuzzer/Dissertation/logger/run_20250324_064826/round_081/mutations/mutated_0004.html (4323)
[216047:216047:0324/194613.707957:INFO:CONSOLE(4330)] "Uncaught SyntaxError: Invalid or unexpected token", source: file:///home/dhia/browser-fuzzer/Dissertation/logger/run_20250324_064826/round_081/mutations/mutated_0004.html (4330)
[216047:216047:0324/194613.716764:INFO:CONSOLE(4331)] "Uncaught SyntaxError: Invalid or unexpected token", source: file:///home/dhia/browser-fuzzer/Dissertation/logger/run_20250324_064826/round_081/mutations/mutated_0004.html (4331)
[216047:216047:0324/194613.723890:INFO:CONSOLE(4403)] "Uncaught SyntaxError: Invalid or unexpected token", source: file:///home/dhia/browser-fuzzer/Dissertation/logger/run_20250324_064826/round_081/mutations/mutated_0004.html (4403)
[216047:216047:0324/194614.526698:INFO:CONSOLE(4404)] "Uncaught SyntaxError: Invalid or unexpected token", source: file:///home/dhia/browser-fuzzer/Dissertation/logger/run_20250324_064826/round_081/mutations/mutated_0004.html (4404)
[216047:216047:0324/194614.551533:INFO:CONSOLE(4418)] "Uncaught SyntaxError: Invalid or unexpected token", source: file:///home/dhia/browser-fuzzer/Dissertation/logger/run_20250324_064826/round_081/mutations/mutated_0004.html (4418)
[216047:216047:0324/194614.884101:INFO:CONSOLE(4492)] "Uncaught SyntaxError: Invalid or unexpected token", source: file:///home/dhia/browser-fuzzer/Dissertation/logger/run_20250324_064826/round_081/mutations/mutated_0004.html (4492)
[216047:216047:0324/194615.594022:INFO:CONSOLE(4558)] "Uncaught SyntaxError: Invalid or unexpected token", source: file:///home/dhia/browser-fuzzer/Dissertation/logger/run_20250324_064826/round_081/mutations/mutated_0004.html (4558)
[216047:216047:0324/194616.603891:INFO:CONSOLE(4626)] "Uncaught SyntaxError: Invalid or unexpected token", source: file:///home/dhia/browser-fuzzer/Dissertation/logger/run_20250324_064826/round_081/mutations/mutated_0004.html (4626)
[216047:216047:0324/194616.610374:INFO:CONSOLE(4627)] "Uncaught SyntaxError: Invalid or unexpected token", source: file:///home/dhia/browser-fuzzer/Dissertation/logger/run_20250324_064826/round_081/mutations/mutated_0004.html (4627)
[216047:216047:0324/194617.245237:INFO:CONSOLE(4647)] "Uncaught SyntaxError: Invalid or unexpected token", source: file:///home/dhia/browser-fuzzer/Dissertation/logger/run_20250324_064826/round_081/mutations/mutated_0004.html (4647)
[216047:216047:0324/194617.258002:INFO:CONSOLE(4648)] "Uncaught SyntaxError: Invalid or unexpected token", source: file:///home/dhia/browser-fuzzer/Dissertation/logger/run_20250324_064826/round_081/mutations/mutated_0004.html (4648)
[216047:216047:0324/194617.464201:INFO:CONSOLE(4676)] "Uncaught SyntaxError: Invalid or unexpected token", source: file:///home/dhia/browser-fuzzer/Dissertation/logger/run_20250324_064826/round_081/mutations/mutated_0004.html (4676)
[216047:216047:0324/194617.698418:INFO:CONSOLE(4690)] "Uncaught SyntaxError: Invalid or unexpected token", source: file:///home/dhia/browser-fuzzer/Dissertation/logger/run_20250324_064826/round_081/mutations/mutated_0004.html (4690)
[216047:216047:0324/194617.709565:INFO:CONSOLE(4691)] "Uncaught SyntaxError: Invalid or unexpected token", source: file:///home/dhia/browser-fuzzer/Dissertation/logger/run_20250324_064826/round_081/mutations/mutated_0004.html (4691)
[216047:216047:0324/194617.934524:INFO:CONSOLE(4692)] "Uncaught SyntaxError: Invalid or unexpected token", source: file:///home/dhia/browser-fuzzer/Dissertation/logger/run_20250324_064826/round_081/mutations/mutated_0004.html (4692)
[216047:216047:0324/194617.949209:INFO:CONSOLE(4693)] "Uncaught SyntaxError: Invalid or unexpected token", source: file:///home/dhia/browser-fuzzer/Dissertation/logger/run_20250324_064826/round_081/mutations/mutated_0004.html (4693)
[216047:216047:0324/194618.186403:INFO:CONSOLE(4694)] "Uncaught SyntaxError: Invalid or unexpected token", source: file:///home/dhia/browser-fuzzer/Dissertation/logger/run_20250324_064826/round_081/mutations/mutated_0004.html (4694)
[216047:216047:0324/194618.192580:INFO:CONSOLE(4695)] "Uncaught SyntaxError: Invalid or unexpected token", source: file:///home/dhia/browser-fuzzer/Dissertation/logger/run_20250324_064826/round_081/mutations/mutated_0004.html (4695)
[216047:216047:0324/194618.473615:INFO:CONSOLE(4723)] "Uncaught SyntaxError: Invalid or unexpected token", source: file:///home/dhia/browser-fuzzer/Dissertation/logger/run_20250324_064826/round_081/mutations/mutated_0004.html (4723)
[216047:216047:0324/194618.479741:INFO:CONSOLE(4724)] "Uncaught SyntaxError: Invalid or unexpected token", source: file:///home/dhia/browser-fuzzer/Dissertation/logger/run_20250324_064826/round_081/mutations/mutated_0004.html (4724)
[216047:216047:0324/194618.735356:INFO:CONSOLE(4738)] "Uncaught SyntaxError: Invalid or unexpected token", source: file:///home/dhia/browser-fuzzer/Dissertation/logger/run_20250324_064826/round_081/mutations/mutated_0004.html (4738)
[216047:216047:0324/194618.780245:INFO:CONSOLE(4751)] "Uncaught SyntaxError: Invalid or unexpected token", source: file:///home/dhia/browser-fuzzer/Dissertation/logger/run_20250324_064826/round_081/mutations/mutated_0004.html (4751)
[216047:216047:0324/194618.791058:INFO:CONSOLE(4752)] "Uncaught SyntaxError: Invalid or unexpected token", source: file:///home/dhia/browser-fuzzer/Dissertation/logger/run_20250324_064826/round_081/mutations/mutated_0004.html (4752)
[216047:216047:0324/194619.043835:INFO:CONSOLE(4753)] "Uncaught SyntaxError: Invalid or unexpected token", source: file:///home/dhia/browser-fuzzer/Dissertation/logger/run_20250324_064826/round_081/mutations/mutated_0004.html (4753)
[216047:216047:0324/194619.057866:INFO:CONSOLE(4754)] "Uncaught SyntaxError: Invalid or unexpected token", source: file:///home/dhia/browser-fuzzer/Dissertation/logger/run_20250324_064826/round_081/mutations/mutated_0004.html (4754)
[216047:216047:0324/194619.301062:INFO:CONSOLE(4758)] "Uncaught SyntaxError: Invalid or unexpected token", source: file:///home/dhia/browser-fuzzer/Dissertation/logger/run_20250324_064826/round_081/mutations/mutated_0004.html (4758)
[216047:216047:0324/194619.313641:INFO:CONSOLE(4759)] "Uncaught SyntaxError: Invalid or unexpected token", source: file:///home/dhia/browser-fuzzer/Dissertation/logger/run_20250324_064826/round_081/mutations/mutated_0004.html (4759)
[216047:216047:0324/194619.318836:INFO:CONSOLE(4760)] "Uncaught SyntaxError: Invalid or unexpected token", source: file:///home/dhia/browser-fuzzer/Dissertation/logger/run_20250324_064826/round_081/mutations/mutated_0004.html (4760)
[216047:216047:0324/194619.545005:INFO:CONSOLE(4761)] "Uncaught SyntaxError: Invalid or unexpected token", source: file:///home/dhia/browser-fuzzer/Dissertation/logger/run_20250324_064826/round_081/mutations/mutated_0004.html (4761)
[216047:216047:0324/194619.553983:INFO:CONSOLE(4762)] "Uncaught SyntaxError: Invalid or unexpected token", source: file:///home/dhia/browser-fuzzer/Dissertation/logger/run_20250324_064826/round_081/mutations/mutated_0004.html (4762)
[216047:216047:0324/194619.805062:INFO:CONSOLE(4763)] "Uncaught SyntaxError: Invalid or unexpected token", source: file:///home/dhia/browser-fuzzer/Dissertation/logger/run_20250324_064826/round_081/mutations/mutated_0004.html (4763)
[216047:216047:0324/194619.813831:INFO:CONSOLE(4764)] "Uncaught SyntaxError: Invalid or unexpected token", source: file:///home/dhia/browser-fuzzer/Dissertation/logger/run_20250324_064826/round_081/mutations/mutated_0004.html (4764)
[216047:216047:0324/194620.056208:INFO:CONSOLE(4765)] "Uncaught SyntaxError: Invalid or unexpected token", source: file:///home/dhia/browser-fuzzer/Dissertation/logger/run_20250324_064826/round_081/mutations/mutated_0004.html (4765)
[216047:216047:0324/194620.077307:INFO:CONSOLE(4766)] "Uncaught SyntaxError: Invalid or unexpected token", source: file:///home/dhia/browser-fuzzer/Dissertation/logger/run_20250324_064826/round_081/mutations/mutated_0004.html (4766)
[216047:216047:0324/194620.317005:INFO:CONSOLE(4767)] "Uncaught SyntaxError: Invalid or unexpected token", source: file:///home/dhia/browser-fuzzer/Dissertation/logger/run_20250324_064826/round_081/mutations/mutated_0004.html (4767)
[216047:216047:0324/194620.327218:INFO:CONSOLE(4768)] "Uncaught SyntaxError: Invalid or unexpected token", source: file:///home/dhia/browser-fuzzer/Dissertation/logger/run_20250324_064826/round_081/mutations/mutated_0004.html (4768)
[216047:216047:0324/194620.357850:INFO:CONSOLE(4781)] "Uncaught SyntaxError: Invalid or unexpected token", source: file:///home/dhia/browser-fuzzer/Dissertation/logger/run_20250324_064826/round_081/mutations/mutated_0004.html (4781)
[216047:216047:0324/194620.364563:INFO:CONSOLE(4782)] "Uncaught SyntaxError: Invalid or unexpected token", source: file:///home/dhia/browser-fuzzer/Dissertation/logger/run_20250324_064826/round_081/mutations/mutated_0004.html (4782)
[216047:216047:0324/194620.378204:INFO:CONSOLE(4783)] "Uncaught SyntaxError: Invalid or unexpected token", source: file:///home/dhia/browser-fuzzer/Dissertation/logger/run_20250324_064826/round_081/mutations/mutated_0004.html (4783)
[216047:216047:0324/194620.389939:INFO:CONSOLE(4794)] "Uncaught SyntaxError: Invalid or unexpected token", source: file:///home/dhia/browser-fuzzer/Dissertation/logger/run_20250324_064826/round_081/mutations/mutated_0004.html (4794)
[216047:216047:0324/194620.624396:INFO:CONSOLE(4795)] "Uncaught SyntaxError: Invalid or unexpected token", source: file:///home/dhia/browser-fuzzer/Dissertation/logger/run_20250324_064826/round_081/mutations/mutated_0004.html (4795)
[216047:216047:0324/194620.643024:INFO:CONSOLE(4877)] "Uncaught SyntaxError: Invalid or unexpected token", source: file:///home/dhia/browser-fuzzer/Dissertation/logger/run_20250324_064826/round_081/mutations/mutated_0004.html (4877)
[216047:216047:0324/194621.486934:INFO:CONSOLE(4878)] "Uncaught SyntaxError: Invalid or unexpected token", source: file:///home/dhia/browser-fuzzer/Dissertation/logger/run_20250324_064826/round_081/mutations/mutated_0004.html (4878)
[216047:216047:0324/194621.492874:INFO:CONSOLE(4879)] "Uncaught SyntaxError: Invalid or unexpected token", source: file:///home/dhia/browser-fuzzer/Dissertation/logger/run_20250324_064826/round_081/mutations/mutated_0004.html (4879)
[216047:216047:0324/194621.514932:INFO:CONSOLE(4880)] "Uncaught SyntaxError: Invalid or unexpected token", source: file:///home/dhia/browser-fuzzer/Dissertation/logger/run_20250324_064826/round_081/mutations/mutated_0004.html (4880)
[216047:216047:0324/194621.723478:INFO:CONSOLE(4881)] "Uncaught SyntaxError: Invalid or unexpected token", source: file:///home/dhia/browser-fuzzer/Dissertation/logger/run_20250324_064826/round_081/mutations/mutated_0004.html (4881)
[216047:216047:0324/194621.737143:INFO:CONSOLE(4889)] "Uncaught SyntaxError: Invalid or unexpected token", source: file:///home/dhia/browser-fuzzer/Dissertation/logger/run_20250324_064826/round_081/mutations/mutated_0004.html (4889)
[216047:216047:0324/194621.934310:INFO:CONSOLE(4890)] "Uncaught SyntaxError: Invalid or unexpected token", source: file:///home/dhia/browser-fuzzer/Dissertation/logger/run_20250324_064826/round_081/mutations/mutated_0004.html (4890)
[216047:216047:0324/194621.943551:INFO:CONSOLE(4891)] "Uncaught SyntaxError: Invalid or unexpected token", source: file:///home/dhia/browser-fuzzer/Dissertation/logger/run_20250324_064826/round_081/mutations/mutated_0004.html (4891)
[216047:216047:0324/194621.954190:INFO:CONSOLE(4963)] "Uncaught SyntaxError: Invalid or unexpected token", source: file:///home/dhia/browser-fuzzer/Dissertation/logger/run_20250324_064826/round_081/mutations/mutated_0004.html (4963)
[216047:216047:0324/194622.811576:INFO:CONSOLE(4964)] "Uncaught SyntaxError: Invalid or unexpected token", source: file:///home/dhia/browser-fuzzer/Dissertation/logger/run_20250324_064826/round_081/mutations/mutated_0004.html (4964)
[216047:216047:0324/194623.125647:INFO:CONSOLE(4994)] "Uncaught SyntaxError: Invalid or unexpected token", source: file:///home/dhia/browser-fuzzer/Dissertation/logger/run_20250324_064826/round_081/mutations/mutated_0004.html (4994)
[216047:216047:0324/194623.138539:INFO:CONSOLE(4995)] "Uncaught SyntaxError: Invalid or unexpected token", source: file:///home/dhia/browser-fuzzer/Dissertation/logger/run_20250324_064826/round_081/mutations/mutated_0004.html (4995)
[216047:216047:0324/194623.466550:INFO:CONSOLE(4996)] "Uncaught SyntaxError: Invalid or unexpected token", source: file:///home/dhia/browser-fuzzer/Dissertation/logger/run_20250324_064826/round_081/mutations/mutated_0004.html (4996)
[216047:216047:0324/194623.472092:INFO:CONSOLE(4997)] "Uncaught SyntaxError: Invalid or unexpected token", source: file:///home/dhia/browser-fuzzer/Dissertation/logger/run_20250324_064826/round_081/mutations/mutated_0004.html (4997)
[216047:216047:0324/194623.476167:INFO:CONSOLE(4998)] "Uncaught SyntaxError: Invalid or unexpected token", source: file:///home/dhia/browser-fuzzer/Dissertation/logger/run_20250324_064826/round_081/mutations/mutated_0004.html (4998)
[216047:216047:0324/194623.710442:INFO:CONSOLE(4999)] "Uncaught SyntaxError: Invalid or unexpected token", source: file:///home/dhia/browser-fuzzer/Dissertation/logger/run_20250324_064826/round_081/mutations/mutated_0004.html (4999)
[216047:216047:0324/194624.042578:INFO:CONSOLE(5081)] "Uncaught SyntaxError: Invalid or unexpected token", source: file:///home/dhia/browser-fuzzer/Dissertation/logger/run_20250324_064826/round_081/mutations/mutated_0004.html (5081)
[216047:216047:0324/194624.586356:INFO:CONSOLE(5088)] "Uncaught SyntaxError: Invalid or unexpected token", source: file:///home/dhia/browser-fuzzer/Dissertation/logger/run_20250324_064826/round_081/mutations/mutated_0004.html (5088)
[216047:216047:0324/194624.590402:INFO:CONSOLE(5090)] "Uncaught SyntaxError: Invalid or unexpected token", source: file:///home/dhia/browser-fuzzer/Dissertation/logger/run_20250324_064826/round_081/mutations/mutated_0004.html (5090)
[216047:216047:0324/194624.604386:INFO:CONSOLE(5091)] "Uncaught SyntaxError: Invalid or unexpected token", source: file:///home/dhia/browser-fuzzer/Dissertation/logger/run_20250324_064826/round_081/mutations/mutated_0004.html (5091)
[216047:216047:0324/194624.837405:INFO:CONSOLE(5162)] "Uncaught SyntaxError: Unexpected end of input", source: file:///home/dhia/browser-fuzzer/Dissertation/logger/run_20250324_064826/round_081/mutations/mutated_0004.html (5162)
[216047:216047:0324/194624.847084:INFO:CONSOLE(5165)] "Uncaught SyntaxError: Invalid or unexpected token", source: file:///home/dhia/browser-fuzzer/Dissertation/logger/run_20250324_064826/round_081/mutations/mutated_0004.html (5165)
[216047:216047:0324/194624.852344:INFO:CONSOLE(5178)] "Uncaught SyntaxError: Invalid or unexpected token", source: file:///home/dhia/browser-fuzzer/Dissertation/logger/run_20250324_064826/round_081/mutations/mutated_0004.html (5178)
[216047:216047:0324/194625.513224:INFO:CONSOLE(5259)] "Uncaught SyntaxError: Unexpected end of input", source: file:///home/dhia/browser-fuzzer/Dissertation/logger/run_20250324_064826/round_081/mutations/mutated_0004.html (5259)
[216047:216047:0324/194626.573956:ERROR:background_mode_manager_aura.cc(12)] Not implemented reached in virtual void BackgroundModeManager::EnableLaunchOnStartup(bool)
[216047:216047:0324/194626.782686:ERROR:kill_posix.cc(33)] waitpid(216119): No child processes (10)
[216047:216089:0324/194626.791336:WARNING:discardable_shared_memory_manager.cc(452)] Some MojoDiscardableSharedMemoryManagerImpls are still alive. They will be leaked.
