[00:16:03][INFO] detection-advanced: [DETECTION] Deep & Detailed Reporting.
[00:16:03][INFO] detection-advanced: Processing batch 1 (1 files)
[00:16:03][INFO] detection-advanced: Resource throttling disabled, forcing concurrency to 1
[00:16:03][INFO] detection-advanced: [DETECTION] Start => mutated_0001.html
/home/dhia/browser-fuzzer/Dissertation/logger/fuzzing/detection.py:479: DeprecationWarning: set_timeout() in RemoteConnection is deprecated, set timeout to ClientConfig instance in constructor instead
  RemoteConnection.set_timeout(720)
[00:16:18][INFO] detection-advanced: Testing file: file:///home/dhia/browser-fuzzer/Dissertation/logger/run_20250327_001557/round_001/mutations/mutated_0001.html
[00:16:19][INFO] detection-advanced: Document readyState: complete
[00:16:41][INFO] detection-advanced: Resource Usage: CPU=8.00%, Memory=0.00 MB, Disk Read=10.22 MB, Disk Write=5.30 MB
[00:16:47][DEBUG] detection-advanced: [COVERAGE] start_js_coverage: Starting coverage collection...
[00:16:47][DEBUG] detection-advanced: [COVERAGE] start_js_coverage: Coverage collection started successfully.
[00:16:47][DEBUG] detection-advanced: [COVERAGE] stop_js_coverage: Stopping coverage and taking data...
[00:16:47][DEBUG] detection-advanced: [COVERAGE] stop_js_coverage: Coverage data collected, 8 scripts.
[00:18:29][WARNING] detection-advanced:  => anomaly => console_errors_warnings => {'errors_warnings': [{'level': 'SEVERE', 'type': 'javascript_error', 'message': "file:///home/dhia/browser-fuzzer/Dissertation/logger/run_20250327_001557/round_001/mutations/mutated_0001.html 24:811 Uncaught SyntaxError: Unexpected token '<'", 'source': 'javascript', 'url': ''}, {'level': 'SEVERE', 'type': 'javascript_error', 'message': "file:///home/dhia/browser-fuzzer/Dissertation/logger/run_20250327_001557/round_001/mutations/mutated_0001.html 24:1008 Uncaught SyntaxError: Unexpected token '<'", 'source': 'javascript', 'url': ''}, {'level': 'SEVERE', 'type': 'javascript_error', 'message': "file:///home/dhia/browser-fuzzer/Dissertation/logger/run_20250327_001557/round_001/mutations/mutated_0001.html 24:1287 Uncaught SyntaxError: Unexpected token '<'", 'source': 'javascript', 'url': ''}, {'level': 'SEVERE', 'type': 'javascript_error', 'message': "file:///home/dhia/browser-fuzzer/Dissertation/logger/run_20250327_001557/round_001/mutations/mutated_0001.html 41:0 Uncaught SyntaxError: Unexpected token '<'", 'source': 'javascript', 'url': ''}, {'level': 'SEVERE', 'type': 'javascript_error', 'message': "file:///home/dhia/browser-fuzzer/Dissertation/logger/run_20250327_001557/round_001/mutations/mutated_0001.html 71:220 Uncaught SyntaxError: Unexpected token '<'", 'source': 'javascript', 'url': ''}, {'level': 'SEVERE', 'type': 'javascript_error', 'message': "file:///home/dhia/browser-fuzzer/Dissertation/logger/run_20250327_001557/round_001/mutations/mutated_0001.html 90:186 Uncaught SyntaxError: Unexpected token '<'", 'source': 'javascript', 'url': ''}, {'level': 'SEVERE', 'type': 'javascript_error', 'message': "file:///home/dhia/browser-fuzzer/Dissertation/logger/run_20250327_001557/round_001/mutations/mutated_0001.html 135:185 Uncaught SyntaxError: Unexpected token '<'", 'source': 'javascript', 'url': ''}, {'level': 'SEVERE', 'type': 'javascript_error', 'message': "file:///home/dhia/browser-fuzzer/Dissertation/logger/run_20250327_001557/round_001/mutations/mutated_0001.html 138:524 Uncaught SyntaxError: Unexpected token '<'", 'source': 'javascript', 'url': ''}], 'error_counts': {'javascript_error': 8}}
[00:18:29][WARNING] detection-advanced:  => anomaly => missing_or_invalid_security_headers => {'x-content-type-options': 'Missing', 'x-frame-options': 'Missing', 'strict-transport-security': 'Missing', 'content-security-policy': 'Missing', 'x-xss-protection': 'Missing'}
[00:18:29][WARNING] detection-advanced:  => anomaly => blocking_scripts_in_body => {'scripts': ["<script>console.log('recursive script at step 0');</script>", '<script data-uncovered-attr="fuzz" onabort="triggerFuzz()">console.log(\'recursive script at step 0\');<coverage-gap-fill data-depth="5"><script>console.log(\'recursive script at step 0\');</script>', '<script data-uncovered-attr="fuzz" onblur="triggerFuzz()">console.log(\'Mutation: \');<coverage-gap-fill data-depth="3"><script>console.log(\'recursive script at step 0\');</script>', '<script data-uncovered-attr="fuzz" onerror="triggerFuzz()">console.log(\'recursive script at step 0\');<coverage-gap-fill data-depth="4"><script>console.log(\'recursive script at step 0\');</script>', "<script>console.log('recursive script at step 0');</script>", '<script data-uncovered-attr="fuzz" onblur="triggerFuzz()">console.log(\'Mutation: \');</script>', "<script>console.log('recursive script at step 0');</script>", '<script>function triggerFuzz() {}</script>', "<script>console.log('recursive script at step 0');</script>", '<script data-uncovered-attr="fuzz" onabort="triggerFuzz()" onerror="triggerFuzz()">\n<!-- Temporary fix --><coverage-gap-fill data-depth="4"><script>console.log(\'recursive script at step 0\');</script>', '<script data-uncovered-attr="fuzz" onabort="triggerFuzz()" onblur="triggerFuzz()">\nsetup({explicit_done:true});\nwindow.onmessage = function(e) {\n    test(function() {\n        assert_equals(e.data, "Big255", \'Expected Big5\');\n    }, "Check detection result");\n    w.close();\n    done();\n};\nvar w = window.open("support/zh-Big5-late.sub.html");\n<coverage-gap-fill data-depth="4"><script>console.log(\'recursive script at step 0\');</script>', '<script data-uncovered-attr="fuzz" onabort="triggerFuzz()">console.log(\'recursive script at step 0\');<coverage-gap-fill data-depth="6"><script>console.log(\'recursive script at step 0\');</script>', "<script>console.log('recursive script at step 0');</script>", '<script data-uncovered-attr="fuzz" onerror="triggerFuzz()">console.log(\'recursive script at step 0\');</script>', "<script>console.log('recursive script at step 0');</script>", '<script data-uncovered-attr="fuzz" onerror="triggerFuzz()">console.log(\'recursive script at step 0\');<coverage-gap-fill data-depth="5"><script>console.log(\'recursive script at step 0\');</script>', "<script>console.log('recursive script at step 0');</script>", '<script data-uncovered-attr="fuzz" onerror="triggerFuzz()">console.log(\'recursive script at step 0\');</script>', "<script>console.log('recursive script at step 0');</script>", '<script data-uncovered-attr="fuzz" onblur="triggerFuzz()">console.log(\'recursive script at step 0\');<coverage-gap-fill data-depth="5"><script>console.log(\'recursive script at step 0\');</script>', "<script>console.log('recursive script at step 0');</script>", '<script data-uncovered-attr="fuzz" onerror="triggerFuzz()">console.log(\'recursive script at step 0\');</script>', "<script>console.log('recursive script at step 0');</script>", '<script data-uncovered-attr="fuzz" onblur="triggerFuzz()">console.log(\'recursive script at step 0\');</script>', "<script>console.log('recursive script at step 0');</script>", '<script data-uncovered-attr="fuzz" onblur="triggerFuzz()">console.log(\'recursive script at step 0\');<coverage-gap-fill data-depth="3"><script>console.log(\'recursive script at step 0\');</script>', "<script>console.log('recursive script at step 0');</script>"]}
[00:18:29][WARNING] detection-advanced:  => anomaly => storage_error => Message: invalid cookie domain
  (Session info: chrome=135.0.7019.0)
Stacktrace:
#0 0x61c07dc120b6 <unknown>
#1 0x61c080e9ace8 <unknown>
#2 0x61c080e5f7c9 <unknown>
#3 0x61c07dd1ee80 <unknown>
#4 0x61c07de95b90 <unknown>
#5 0x61c07de25a25 <unknown>
#6 0x61c07de7a58e <unknown>
#7 0x61c07de795d9 <unknown>
#8 0x61c07de28b62 <unknown>
#9 0x61c07ddc2fc9 <unknown>
#10 0x61c07ddbfb21 <unknown>
#11 0x61c07ddc266d <unknown>
#12 0x61c07dcded67 <unknown>
#13 0x61c080c93bac <unknown>
#14 0x61c080d55dd2 <unknown>
#15 0x61c080d541bc <unknown>
#16 0x61c080d570eb <unknown>
#17 0x61c080cd5459 <unknown>
#18 0x61c080d583f0 <unknown>
#19 0x61c080c54a31 <unknown>
#20 0x61c080e0795c <unknown>
#21 0x61c080e081e0 <unknown>
#22 0x61c080e4dada <unknown>
#23 0x61c07dc68b87 <unknown>
#24 0x77ad2ac94ac3 <unknown>
#25 0x77ad2ad26850 <unknown>

[00:18:29][WARNING] detection-advanced:  => anomaly => mouseover_event_failed => Mouseover event handler not executed on element
[00:18:29][WARNING] detection-advanced:  => anomaly => missing_lang_attribute => The 'lang' attribute is missing from the <html> tag.
[00:18:29][WARNING] detection-advanced:  => anomaly => potential_xss_in_html => [{'pattern': '<script[^>]*>[^<]*</script>', 'match': "<script>console.log('recursive script at step 0');</script>"}, {'pattern': '<script[^>]*>[^<]*</script>', 'match': "<script>console.log('recursive script at step 0');</script>"}, {'pattern': '<script[^>]*>[^<]*</script>', 'match': "<script>console.log('recursive script at step 0');</script>"}, {'pattern': '<script[^>]*>[^<]*</script>', 'match': "<script>console.log('recursive script at step 0');</script>"}, {'pattern': '<script[^>]*>[^<]*</script>', 'match': "<script>console.log('recursive script at step 0');</script>"}, {'pattern': '<script[^>]*>[^<]*</script>', 'match': "<script>console.log('recursive script at step 0');</script>"}, {'pattern': '<script[^>]*>[^<]*</script>', 'match': "<script>console.log('recursive script at step 0');</script>"}, {'pattern': '<script[^>]*>[^<]*</script>', 'match': '<script data-uncovered-attr="fuzz" onblur="triggerFuzz()">console.log(\'Mutation: \');</script>'}, {'pattern': '<script[^>]*>[^<]*</script>', 'match': "<script>console.log('recursive script at step 0');</script>"}, {'pattern': '<script[^>]*>[^<]*</script>', 'match': '<script>function triggerFuzz() {}</script>'}, {'pattern': '<script[^>]*>[^<]*</script>', 'match': '<script async="">\n        window.__jsCoverage = new Proxy({}, {\n            get(t, p) { return t[p] || 0 },\n            set(t, p, v) { t[p] = (t[p] || 0) + 1; return true }\n        });\n        </script>'}, {'pattern': '<script[^>]*>[^<]*</script>', 'match': "<script>console.log('recursive script at step 0');</script>"}, {'pattern': '<script[^>]*>[^<]*</script>', 'match': "<script>console.log('recursive script at step 0');</script>"}, {'pattern': '<script[^>]*>[^<]*</script>', 'match': "<script>console.log('recursive script at step 0');</script>"}, {'pattern': '<script[^>]*>[^<]*</script>', 'match': "<script>console.log('recursive script at step 0');</script>"}, {'pattern': '<script[^>]*>[^<]*</script>', 'match': "<script>console.log('recursive script at step 0');</script>"}, {'pattern': '<script[^>]*>[^<]*</script>', 'match': "<script>console.log('recursive script at step 0');</script>"}, {'pattern': '<script[^>]*>[^<]*</script>', 'match': "<script>console.log('recursive script at step 0');</script>"}, {'pattern': '<script[^>]*>[^<]*</script>', 'match': '<script data-uncovered-attr="fuzz" onerror="triggerFuzz()">console.log(\'recursive script at step 0\');</script>'}, {'pattern': '<script[^>]*>[^<]*</script>', 'match': "<script>console.log('recursive script at step 0');</script>"}, {'pattern': '<script[^>]*>[^<]*</script>', 'match': "<script>console.log('recursive script at step 0');</script>"}, {'pattern': '<script[^>]*>[^<]*</script>', 'match': "<script>console.log('recursive script at step 0');</script>"}, {'pattern': '<script[^>]*>[^<]*</script>', 'match': '<script data-uncovered-attr="fuzz" onerror="triggerFuzz()">console.log(\'recursive script at step 0\');</script>'}, {'pattern': '<script[^>]*>[^<]*</script>', 'match': "<script>console.log('recursive script at step 0');</script>"}, {'pattern': '<script[^>]*>[^<]*</script>', 'match': "<script>console.log('recursive script at step 0');</script>"}, {'pattern': '<script[^>]*>[^<]*</script>', 'match': "<script>console.log('recursive script at step 0');</script>"}, {'pattern': '<script[^>]*>[^<]*</script>', 'match': "<script>console.log('recursive script at step 0');</script>"}, {'pattern': '<script[^>]*>[^<]*</script>', 'match': "<script>console.log('recursive script at step 0');</script>"}, {'pattern': '<script[^>]*>[^<]*</script>', 'match': '<script data-uncovered-attr="fuzz" onerror="triggerFuzz()">console.log(\'recursive script at step 0\');</script>'}, {'pattern': '<script[^>]*>[^<]*</script>', 'match': "<script>console.log('recursive script at step 0');</script>"}, {'pattern': '<script[^>]*>[^<]*</script>', 'match': '<script data-uncovered-attr="fuzz" onblur="triggerFuzz()">console.log(\'recursive script at step 0\');</script>'}, {'pattern': '<script[^>]*>[^<]*</script>', 'match': "<script>console.log('recursive script at step 0');</script>"}, {'pattern': '<script[^>]*>[^<]*</script>', 'match': "<script>console.log('recursive script at step 0');</script>"}, {'pattern': '<script[^>]*>[^<]*</script>', 'match': "<script>console.log('recursive script at step 0');</script>"}]
[00:18:29][INFO] detection-advanced: Finished => mutated_0001.html, took 146.58s
[00:18:29][DEBUG] detection-advanced: [write_coverage_summary] self.coverage_map keys: dict_keys(['mutated_0001.html'])
[00:18:29][DEBUG] detection-advanced: [write_coverage_summary] Processing file: mutated_0001.html, Coverage Data: [{'functions': [{'functionName': '', 'isBlockCoverage': False, 'ranges': [{'count': 1, 'endOffset': 1, 'startOffset': 0}]}], 'scriptId': '758', 'url': ''}, {'functions': [{'functionName': '', 'isBlockCoverage': False, 'ranges': [{'count': 1, 'endOffset': 1, 'startOffset': 0}]}], 'scriptId': '759', 'url': ''}, {'functions': [{'functionName': '', 'isBlockCoverage': False, 'ranges': [{'count': 1, 'endOffset': 1, 'startOffset': 0}]}], 'scriptId': '760', 'url': ''}, {'functions': [{'functionName': '', 'isBlockCoverage': False, 'ranges': [{'count': 1, 'endOffset': 1, 'startOffset': 0}]}], 'scriptId': '761', 'url': ''}, {'functions': [{'functionName': '', 'isBlockCoverage': False, 'ranges': [{'count': 1, 'endOffset': 13937, 'startOffset': 0}]}, {'functionName': '', 'isBlockCoverage': False, 'ranges': [{'count': 1, 'endOffset': 13936, 'startOffset': 1}]}, {'functionName': '', 'isBlockCoverage': False, 'ranges': [{'count': 1, 'endOffset': 12985, 'startOffset': 21}]}, {'functionName': 'newError', 'isBlockCoverage': False, 'ranges': [{'count': 0, 'endOffset': 1616, 'startOffset': 1507}]}, {'functionName': 'isNodeReachable', 'isBlockCoverage': False, 'ranges': [{'count': 0, 'endOffset': 1881, 'startOffset': 1618}]}, {'functionName': 'getNodeRoot', 'isBlockCoverage': False, 'ranges': [{'count': 0, 'endOffset': 2250, 'startOffset': 2137}]}, {'functionName': 'getNodeRootThroughAnyShadows', 'isBlockCoverage': False, 'ranges': [{'count': 0, 'endOffset': 2548, 'startOffset': 2354}]}, {'functionName': 'isElement', 'isBlockCoverage': False, 'ranges': [{'count': 0, 'endOffset': 3660, 'startOffset': 2716}]}, {'functionName': 'isCollection', 'isBlockCoverage': False, 'ranges': [{'count': 1, 'endOffset': 4114, 'startOffset': 3876}]}, {'functionName': 'cloneWithAlgorithm', 'isBlockCoverage': False, 'ranges': [{'count': 1, 'endOffset': 5281, 'startOffset': 4622}]}, {'functionName': 'maybeCopyProperty', 'isBlockCoverage': False, 'ranges': [{'count': 1, 'endOffset': 4949, 'startOffset': 4697}]}, {'functionName': 'cloneWithCircularCheck', 'isBlockCoverage': False, 'ranges': [{'count': 0, 'endOffset': 5981, 'startOffset': 5710}]}, {'functionName': 'serializationGuard', 'isBlockCoverage': False, 'ranges': [{'count': 0, 'endOffset': 6684, 'startOffset': 6037}]}, {'functionName': 'preprocessResult', 'isBlockCoverage': False, 'ranges': [{'count': 1, 'endOffset': 8931, 'startOffset': 7053}]}, {'functionName': 'resolveReferencesRecursive', 'isBlockCoverage': False, 'ranges': [{'count': 1, 'endOffset': 10157, 'startOffset': 9315}]}, {'functionName': 'resolveReferences', 'isBlockCoverage': False, 'ranges': [{'count': 1, 'endOffset': 10953, 'startOffset': 10467}]}, {'functionName': 'callFunction', 'isBlockCoverage': False, 'ranges': [{'count': 1, 'endOffset': 12938, 'startOffset': 11809}]}, {'functionName': 'buildError', 'isBlockCoverage': False, 'ranges': [{'count': 0, 'endOffset': 12232, 'startOffset': 11935}]}, {'functionName': '', 'isBlockCoverage': False, 'ranges': [{'count': 1, 'endOffset': 12845, 'startOffset': 12567}]}, {'functionName': '', 'isBlockCoverage': False, 'ranges': [{'count': 1, 'endOffset': 13888, 'startOffset': 13001}]}, {'functionName': 'executeScript', 'isBlockCoverage': False, 'ranges': [{'count': 1, 'endOffset': 13840, 'startOffset': 13477}]}], 'scriptId': '762', 'url': ''}, {'functions': [{'functionName': '', 'isBlockCoverage': False, 'ranges': [{'count': 1, 'endOffset': 69, 'startOffset': 0}]}, {'functionName': '', 'isBlockCoverage': False, 'ranges': [{'count': 1, 'endOffset': 68, 'startOffset': 1}]}, {'functionName': '', 'isBlockCoverage': False, 'ranges': [{'count': 1, 'endOffset': 66, 'startOffset': 32}]}], 'scriptId': '763', 'url': ''}, {'functions': [{'functionName': '', 'isBlockCoverage': False, 'ranges': [{'count': 1, 'endOffset': 1, 'startOffset': 0}]}], 'scriptId': '764', 'url': ''}, {'functions': [{'functionName': '', 'isBlockCoverage': False, 'ranges': [{'count': 1, 'endOffset': 1, 'startOffset': 0}]}], 'scriptId': '765', 'url': ''}]
[00:18:29][INFO] detection-advanced: [COVERAGE] coverage_summary => /home/dhia/browser-fuzzer/Dissertation/logger/run_20250327_001557/round_001/crash_results/coverage_summary.json
[00:18:29][INFO] detection-advanced: [REPORT] Text report generated: /home/dhia/browser-fuzzer/Dissertation/logger/run_20250327_001557/round_001/crash_results/reports/full_report.txt
[00:18:32][INFO] detection-advanced: [REPORT] JSON report generated: /home/dhia/browser-fuzzer/Dissertation/logger/run_20250327_001557/round_001/crash_results/reports/detailed_report.json

+-----------------+---------+
| Metric          |   Value |
|-----------------+---------|
| Total Tests     |       1 |
| Passed          |       0 |
| Failed          |       1 |
| Critical Issues |       0 |
| High Severity   |       0 |
| Medium Severity |       0 |
| Low Severity    |       0 |
| Info            |       1 |
+-----------------+---------+
[00:18:32][INFO] detection-advanced: Cleaning up 0 temporary files
[00:18:32][INFO] detection-advanced: System cleanup completed
