[1741745583.351][INFO]: Starting ChromeDriver 135.0.7019.0 (0000000000000000000000000000000000000000-0000000000000000000000000000000000000000) on port 33339
[1741745583.351][INFO]: Please see https://chromedriver.chromium.org/security-considerations for suggestions on keeping ChromeDriver safe.
[1741745583.495][INFO]: ChromeDriver was started successfully on port 33339
[1741745583.630][INFO]: [f9eb2931e5e15938e7540edba3347442] COMMAND InitSession {
   "capabilities": {
      "alwaysMatch": {
         "browserName": "chrome",
         "goog:chromeOptions": {
            "args": [ "--headless", "--disable-gpu", "--no-sandbox", "--enable-features=AddressSanitizer", "--disable-dev-shm-usage", "--enable-logging", "--v=1", "--disable-software-rasterizer", "--renderer-process-limit=1", "--disable-threaded-animation", "--window-size=800,600", "--disable-accelerated-2d-canvas", "--use-gl=desktop" ],
            "binary": "/home/dhia/chromium/src/out/asan/chrome",
            "extensions": [  ]
         },
         "goog:loggingPrefs": {
            "performance": "ALL"
         },
         "pageLoadStrategy": "normal"
      },
      "firstMatch": [ {
      } ]
   }
}
[1741745583.637][INFO]: Populating Preferences file: {
   "alternate_error_pages": {
      "enabled": false
   },
   "autofill": {
      "enabled": false
   },
   "browser": {
      "check_default_browser": false
   },
   "distribution": {
      "import_bookmarks": false,
      "import_history": false,
      "import_search_engine": false,
      "make_chrome_default_for_user": false,
      "skip_first_run_ui": true
   },
   "dns_prefetching": {
      "enabled": false
   },
   "profile": {
      "content_settings": {
         "pattern_pairs": {
            "https://*,*": {
               "media-stream": {
                  "audio": "Default",
                  "video": "Default"
               }
            }
         }
      },
      "default_content_setting_values": {
         "geolocation": 1
      },
      "default_content_settings": {
         "geolocation": 1,
         "mouselock": 1,
         "notifications": 1,
         "popups": 1,
         "ppapi-broker": 1
      },
      "password_manager_enabled": false
   },
   "safebrowsing": {
      "enabled": false
   },
   "search": {
      "suggest_enabled": false
   },
   "translate": {
      "enabled": false
   }
}
[1741745583.638][INFO]: Populating Local State file: {
   "background_mode": {
      "enabled": false
   },
   "ssl": {
      "rev_checking": {
         "enabled": false
      }
   }
}
[1741745583.639][INFO]: ChromeDriver supports communication with Chrome via pipes. This is more reliable and more secure.
[1741745583.640][INFO]: Use the --remote-debugging-pipe Chrome switch instead of the default --remote-debugging-port to enable this communication mode.
[1741745583.640][INFO]: Launching chrome: /home/dhia/chromium/src/out/asan/chrome --allow-pre-commit-input --disable-accelerated-2d-canvas --disable-background-networking --disable-client-side-phishing-detection --disable-default-apps --disable-dev-shm-usage --disable-gpu --disable-hang-monitor --disable-popup-blocking --disable-prompt-on-repost --disable-software-rasterizer --disable-sync --disable-threaded-animation --enable-automation --enable-features=AddressSanitizer --enable-logging --headless --log-level=0 --no-first-run --no-sandbox --no-service-autorun --password-store=basic --remote-debugging-port=0 --renderer-process-limit=1 --test-type=webdriver --use-gl=desktop --use-mock-keychain --user-data-dir=/tmp/.org.chromium.Chromium.mzaRSF --v=1 --window-size=800,600 data:,
[1741745588.268][INFO]: resolved localhost to ["127.0.0.1"]
[1741745588.731][INFO]: [f9eb2931e5e15938e7540edba3347442] RESPONSE InitSession {
   "capabilities": {
      "acceptInsecureCerts": false,
      "browserName": "chrome",
      "browserVersion": "135.0.7019.0",
      "chrome": {
         "chromedriverVersion": "135.0.7019.0 (0000000000000000000000000000000000000000-0000000000000000000000000000000000000000)",
         "userDataDir": "/tmp/.org.chromium.Chromium.mzaRSF"
      },
      "fedcm:accounts": true,
      "goog:chromeOptions": {
         "debuggerAddress": "localhost:38533"
      },
      "networkConnectionEnabled": false,
      "pageLoadStrategy": "normal",
      "platformName": "linux",
      "proxy": {
      },
      "setWindowRect": true,
      "strictFileInteractability": false,
      "timeouts": {
         "implicit": 0,
         "pageLoad": 300000,
         "script": 30000
      },
      "unhandledPromptBehavior": "dismiss and notify",
      "webauthn:extension:credBlob": true,
      "webauthn:extension:largeBlob": true,
      "webauthn:extension:minPinLength": true,
      "webauthn:extension:prf": true,
      "webauthn:virtualAuthenticators": true
   },
   "sessionId": "f9eb2931e5e15938e7540edba3347442"
}
[1741745588.737][INFO]: [f9eb2931e5e15938e7540edba3347442] COMMAND SetTimeouts {
   "pageLoad": 900000
}
[1741745588.738][INFO]: [f9eb2931e5e15938e7540edba3347442] RESPONSE SetTimeouts
[1741745588.741][INFO]: [f9eb2931e5e15938e7540edba3347442] COMMAND SetTimeouts {
   "script": 900000
}
[1741745588.742][INFO]: [f9eb2931e5e15938e7540edba3347442] RESPONSE SetTimeouts
[1741745588.751][INFO]: [f9eb2931e5e15938e7540edba3347442] COMMAND ExecuteCDP {
   "cmd": "Profiler.enable",
   "params": {
   }
}
[1741745588.751][INFO]: Waiting for pending navigations...
[1741745588.803][INFO]: Done waiting for pending navigations. Status: ok
[1741745588.807][INFO]: Waiting for pending navigations...
[1741745588.811][INFO]: Done waiting for pending navigations. Status: ok
[1741745588.811][INFO]: [f9eb2931e5e15938e7540edba3347442] RESPONSE ExecuteCDP {
}
[1741745588.816][INFO]: [f9eb2931e5e15938e7540edba3347442] COMMAND ExecuteCDP {
   "cmd": "Profiler.startPreciseCoverage",
   "params": {
      "callCount": true,
      "detailed": true
   }
}
[1741745588.816][INFO]: Waiting for pending navigations...
[1741745588.820][INFO]: Done waiting for pending navigations. Status: ok
[1741745588.858][INFO]: Waiting for pending navigations...
[1741745588.864][INFO]: Done waiting for pending navigations. Status: ok
[1741745588.865][INFO]: [f9eb2931e5e15938e7540edba3347442] RESPONSE ExecuteCDP {
   "timestamp": 12055.345827
}
[1741745588.868][INFO]: [f9eb2931e5e15938e7540edba3347442] COMMAND Navigate {
   "url": "file:///home/dhia/browser-fuzzer/Dissertation/logger/run_20250312_021259/round_001/mutations/mutated_0001.html"
}
[1741745588.868][INFO]: Waiting for pending navigations...
[1741745588.876][INFO]: Done waiting for pending navigations. Status: ok
[1741745588.985][INFO]: Waiting for pending navigations...
[1741745825.630][INFO]: Done waiting for pending navigations. Status: ok
[1741745825.630][INFO]: [f9eb2931e5e15938e7540edba3347442] RESPONSE Navigate
[1741745825.646][INFO]: [f9eb2931e5e15938e7540edba3347442] COMMAND Quit {
}
[1741745825.798][INFO]: [f9eb2931e5e15938e7540edba3347442] RESPONSE Quit
