[1743068262.601][INFO]: Starting ChromeDriver 135.0.7019.0 (0000000000000000000000000000000000000000-0000000000000000000000000000000000000000) on port 45985
[1743068262.601][INFO]: Please see https://chromedriver.chromium.org/security-considerations for suggestions on keeping ChromeDriver safe.
[1743068262.621][INFO]: ChromeDriver was started successfully on port 45985
[1743068262.721][INFO]: [f65011fd29f598ffa407b7a6d133d1c9] COMMAND InitSession {
   "capabilities": {
      "alwaysMatch": {
         "browserName": "chrome",
         "goog:chromeOptions": {
            "args": [ "--user-data-dir=/tmp/chrome_user_data__p73202r", "--headless=new", "--no-sandbox", "--disable-dev-shm-usage", "--js-flags=--max-old-space-size=8192", "--disable-blink-features=AutomationControlled", "--allow-file-access-from-files", "--disable-media-session-api", "--autoplay-policy=no-user-gesture-required", "--enable-crash-reporter", "--disable-extensions", "--crash-dumps-dir=/home/dhia/browser-fuzzer/Dissertation/logger/run_20250327_080734/round_002/crash_results/crash_dumps" ],
            "binary": "/home/dhia/chromium/src/out/asan/chrome",
            "extensions": [  ]
         },
         "goog:loggingPrefs": {
            "browser": "ALL",
            "performance": "ALL"
         },
         "pageLoadStrategy": "normal"
      },
      "firstMatch": [ {
      } ]
   }
}
[1743068262.724][INFO]: Populating Preferences file: {
   "alternate_error_pages": {
      "enabled": false
   },
   "autofill": {
      "enabled": false
   },
   "browser": {
      "check_default_browser": false
   },
   "distribution": {
      "import_bookmarks": false,
      "import_history": false,
      "import_search_engine": false,
      "make_chrome_default_for_user": false,
      "skip_first_run_ui": true
   },
   "dns_prefetching": {
      "enabled": false
   },
   "profile": {
      "content_settings": {
         "pattern_pairs": {
            "https://*,*": {
               "media-stream": {
                  "audio": "Default",
                  "video": "Default"
               }
            }
         }
      },
      "default_content_setting_values": {
         "geolocation": 1
      },
      "default_content_settings": {
         "geolocation": 1,
         "mouselock": 1,
         "notifications": 1,
         "popups": 1,
         "ppapi-broker": 1
      },
      "password_manager_enabled": false
   },
   "safebrowsing": {
      "enabled": false
   },
   "search": {
      "suggest_enabled": false
   },
   "translate": {
      "enabled": false
   }
}
[1743068262.724][INFO]: Populating Local State file: {
   "background_mode": {
      "enabled": false
   },
   "ssl": {
      "rev_checking": {
         "enabled": false
      }
   }
}
[1743068262.725][INFO]: ChromeDriver supports communication with Chrome via pipes. This is more reliable and more secure.
[1743068262.725][INFO]: Use the --remote-debugging-pipe Chrome switch instead of the default --remote-debugging-port to enable this communication mode.
[1743068262.725][INFO]: Launching chrome: /home/dhia/chromium/src/out/asan/chrome --allow-file-access-from-files --allow-pre-commit-input --autoplay-policy=no-user-gesture-required --crash-dumps-dir=/home/dhia/browser-fuzzer/Dissertation/logger/run_20250327_080734/round_002/crash_results/crash_dumps --disable-background-networking --disable-blink-features=AutomationControlled --disable-client-side-phishing-detection --disable-default-apps --disable-dev-shm-usage --disable-extensions --disable-hang-monitor --disable-media-session-api --disable-popup-blocking --disable-prompt-on-repost --disable-sync --enable-automation --enable-crash-reporter --enable-logging --headless=new --js-flags=--max-old-space-size=8192 --log-level=0 --no-first-run --no-sandbox --no-service-autorun --password-store=basic --remote-debugging-port=0 --test-type=webdriver --use-mock-keychain --user-data-dir=/tmp/chrome_user_data__p73202r
[1743068266.109][INFO]: resolved localhost to ["127.0.0.1"]
[1743068267.647][INFO]: [f65011fd29f598ffa407b7a6d133d1c9] RESPONSE InitSession {
   "capabilities": {
      "acceptInsecureCerts": false,
      "browserName": "chrome",
      "browserVersion": "135.0.7019.0",
      "chrome": {
         "chromedriverVersion": "135.0.7019.0 (0000000000000000000000000000000000000000-0000000000000000000000000000000000000000)",
         "userDataDir": "/tmp/chrome_user_data__p73202r"
      },
      "fedcm:accounts": true,
      "goog:chromeOptions": {
         "debuggerAddress": "localhost:39955"
      },
      "networkConnectionEnabled": false,
      "pageLoadStrategy": "normal",
      "platformName": "linux",
      "proxy": {
      },
      "setWindowRect": true,
      "strictFileInteractability": false,
      "timeouts": {
         "implicit": 0,
         "pageLoad": 300000,
         "script": 30000
      },
      "unhandledPromptBehavior": "dismiss and notify",
      "webauthn:extension:credBlob": true,
      "webauthn:extension:largeBlob": true,
      "webauthn:extension:minPinLength": true,
      "webauthn:extension:prf": true,
      "webauthn:virtualAuthenticators": true
   },
   "sessionId": "f65011fd29f598ffa407b7a6d133d1c9"
}
[1743068267.655][INFO]: [f65011fd29f598ffa407b7a6d133d1c9] COMMAND ExecuteCDP {
   "cmd": "Network.enable",
   "params": {
   }
}
[1743068267.656][INFO]: Waiting for pending navigations...
[1743068269.909][INFO]: Done waiting for pending navigations. Status: ok
[1743068270.058][INFO]: Waiting for pending navigations...
[1743068270.097][INFO]: Done waiting for pending navigations. Status: ok
[1743068270.097][INFO]: [f65011fd29f598ffa407b7a6d133d1c9] RESPONSE ExecuteCDP {
}
[1743068270.111][INFO]: [f65011fd29f598ffa407b7a6d133d1c9] COMMAND ExecuteCDP {
   "cmd": "Network.setBlockedURLs",
   "params": {
      "urls": [ "*.mp4", "*.mp3", "*.avi", "*.webm", "*.ogg", "*.wav", "*.png", "*.jpg", "*.jpeg", "*.gif", "*.woff", "*.ttf" ]
   }
}
[1743068270.113][INFO]: Waiting for pending navigations...
[1743068270.720][INFO]: Done waiting for pending navigations. Status: ok
[1743068271.379][INFO]: Waiting for pending navigations...
[1743068271.431][INFO]: Done waiting for pending navigations. Status: ok
[1743068271.431][INFO]: [f65011fd29f598ffa407b7a6d133d1c9] RESPONSE ExecuteCDP {
}
[1743068271.438][INFO]: [f65011fd29f598ffa407b7a6d133d1c9] COMMAND ExecuteCDP {
   "cmd": "Performance.enable",
   "params": {
   }
}
[1743068271.439][INFO]: Waiting for pending navigations...
[1743068271.486][INFO]: Done waiting for pending navigations. Status: ok
[1743068271.495][INFO]: Waiting for pending navigations...
[1743068271.499][INFO]: Done waiting for pending navigations. Status: ok
[1743068271.499][INFO]: [f65011fd29f598ffa407b7a6d133d1c9] RESPONSE ExecuteCDP {
}
[1743068271.502][INFO]: [f65011fd29f598ffa407b7a6d133d1c9] COMMAND SetTimeouts {
   "pageLoad": 120000
}
[1743068271.502][INFO]: [f65011fd29f598ffa407b7a6d133d1c9] RESPONSE SetTimeouts
[1743068271.506][INFO]: [f65011fd29f598ffa407b7a6d133d1c9] COMMAND SetTimeouts {
   "script": 30000
}
[1743068271.506][INFO]: [f65011fd29f598ffa407b7a6d133d1c9] RESPONSE SetTimeouts
[1743068271.509][INFO]: [f65011fd29f598ffa407b7a6d133d1c9] COMMAND SetTimeouts {
   "pageLoad": 600000
}
[1743068271.509][INFO]: [f65011fd29f598ffa407b7a6d133d1c9] RESPONSE SetTimeouts
[1743068271.512][INFO]: [f65011fd29f598ffa407b7a6d133d1c9] COMMAND SetTimeouts {
   "script": 600000
}
[1743068271.512][INFO]: [f65011fd29f598ffa407b7a6d133d1c9] RESPONSE SetTimeouts
[1743068271.514][INFO]: [f65011fd29f598ffa407b7a6d133d1c9] COMMAND ExecuteScript {
   "args": [  ],
   "script": "return !!window;"
}
[1743068271.514][INFO]: Waiting for pending navigations...
[1743068271.519][INFO]: Done waiting for pending navigations. Status: ok
[1743068271.553][INFO]: Waiting for pending navigations...
[1743068271.558][INFO]: Done waiting for pending navigations. Status: ok
[1743068271.558][INFO]: [f65011fd29f598ffa407b7a6d133d1c9] RESPONSE ExecuteScript true
[1743068271.562][INFO]: [f65011fd29f598ffa407b7a6d133d1c9] COMMAND ExecuteCDP {
   "cmd": "Runtime.enable",
   "params": {
   }
}
[1743068271.562][INFO]: Waiting for pending navigations...
[1743068271.567][INFO]: Done waiting for pending navigations. Status: ok
[1743068271.571][INFO]: Waiting for pending navigations...
[1743068271.575][INFO]: Done waiting for pending navigations. Status: ok
[1743068271.575][INFO]: [f65011fd29f598ffa407b7a6d133d1c9] RESPONSE ExecuteCDP {
}
[1743068271.579][INFO]: [f65011fd29f598ffa407b7a6d133d1c9] COMMAND ExecuteCDP {
   "cmd": "Debugger.enable",
   "params": {
   }
}
[1743068271.580][INFO]: Waiting for pending navigations...
[1743068271.584][INFO]: Done waiting for pending navigations. Status: ok
[1743068272.471][INFO]: Waiting for pending navigations...
[1743068272.500][INFO]: Done waiting for pending navigations. Status: ok
[1743068272.501][INFO]: [f65011fd29f598ffa407b7a6d133d1c9] RESPONSE ExecuteCDP {
   "debuggerId": "4230385988145563146.-3285913280332662351"
}
[1743068272.505][INFO]: [f65011fd29f598ffa407b7a6d133d1c9] COMMAND ExecuteCDP {
   "cmd": "Debugger.setAsyncCallStackDepth",
   "params": {
      "maxDepth": 32
   }
}
[1743068272.505][INFO]: Waiting for pending navigations...
[1743068272.510][INFO]: Done waiting for pending navigations. Status: ok
[1743068272.514][INFO]: Waiting for pending navigations...
[1743068272.519][INFO]: Done waiting for pending navigations. Status: ok
[1743068272.519][INFO]: [f65011fd29f598ffa407b7a6d133d1c9] RESPONSE ExecuteCDP {
}
[1743068272.524][INFO]: [f65011fd29f598ffa407b7a6d133d1c9] COMMAND ExecuteCDP {
   "cmd": "Runtime.discardConsoleEntries",
   "params": {
   }
}
[1743068272.524][INFO]: Waiting for pending navigations...
[1743068272.529][INFO]: Done waiting for pending navigations. Status: ok
[1743068272.533][INFO]: Waiting for pending navigations...
[1743068272.538][INFO]: Done waiting for pending navigations. Status: ok
[1743068272.538][INFO]: [f65011fd29f598ffa407b7a6d133d1c9] RESPONSE ExecuteCDP {
}
[1743068272.542][INFO]: [f65011fd29f598ffa407b7a6d133d1c9] COMMAND ExecuteCDP {
   "cmd": "Performance.enable",
   "params": {
   }
}
[1743068272.542][INFO]: Waiting for pending navigations...
[1743068272.547][INFO]: Done waiting for pending navigations. Status: ok
[1743068272.551][INFO]: Waiting for pending navigations...
[1743068272.556][INFO]: Done waiting for pending navigations. Status: ok
[1743068272.556][INFO]: [f65011fd29f598ffa407b7a6d133d1c9] RESPONSE ExecuteCDP {
}
[1743068272.558][INFO]: [f65011fd29f598ffa407b7a6d133d1c9] COMMAND Navigate {
   "url": "file:///home/dhia/browser-fuzzer/Dissertation/logger/run_20250327_080734/round_002/mutations/mutated_0002.html"
}
[1743068272.558][INFO]: Waiting for pending navigations...
[1743068272.564][INFO]: Done waiting for pending navigations. Status: ok
[1743068272.772][INFO]: Waiting for pending navigations...
[1743068344.037][INFO]: Done waiting for pending navigations. Status: ok
[1743068344.037][INFO]: [f65011fd29f598ffa407b7a6d133d1c9] RESPONSE Navigate
[1743068344.080][INFO]: [f65011fd29f598ffa407b7a6d133d1c9] COMMAND ExecuteScript {
   "args": [  ],
   "script": "return document.readyState"
}
[1743068344.081][INFO]: Waiting for pending navigations...
[1743068425.124][INFO]: Done waiting for pending navigations. Status: ok
