[01:23:08][INFO] detection-advanced: [DETECTION] Deep & Detailed Reporting.
[01:23:08][INFO] detection-advanced: Processing batch 1 (2 files)
[01:23:08][INFO] detection-advanced: [DETECTION] Start => mutated_0001.html
[01:23:08][INFO] detection-advanced: [DETECTION] Start => mutated_0002.html
/home/dhia/browser-fuzzer/Dissertation/logger/fuzzing/detection.py:418: DeprecationWarning: set_timeout() in RemoteConnection is deprecated, set timeout to ClientConfig instance in constructor instead
  RemoteConnection.set_timeout(1800)
[01:23:24][INFO] detection-advanced: Testing file: file:///home/dhia/browser-fuzzer/Dissertation/logger/run_20250318_012252/round_001/mutations/mutated_0002.html
[01:23:25][INFO] detection-advanced: Testing file: file:///home/dhia/browser-fuzzer/Dissertation/logger/run_20250318_012252/round_001/mutations/mutated_0001.html
[01:25:01][INFO] detection-advanced: Document readyState: complete
[01:25:04][INFO] detection-advanced: [REPORT] Updated => mutated_0001.html
[01:25:05][INFO] detection-advanced: [REPORT] Updated => mutated_0001.html
[01:25:07][INFO] detection-advanced: [REPORT] Updated => mutated_0001.html
[01:25:07][WARNING] detection-advanced: Skipping extended checks due to resource constraints
[01:25:08][INFO] detection-advanced: [REPORT] Updated => mutated_0001.html
[01:25:08][INFO] detection-advanced: [REPORT] Updated => mutated_0001.html
[01:25:08][INFO] detection-advanced: [REPORT] Updated => mutated_0001.html
[01:25:08][INFO] detection-advanced: [REPORT] Updated => mutated_0001.html
[01:25:08][INFO] detection-advanced: [REPORT] Updated => mutated_0001.html
[01:25:08][INFO] detection-advanced: [REPORT] Updated => mutated_0001.html
[01:25:08][INFO] detection-advanced: [REPORT] Updated => mutated_0001.html
[01:25:08][INFO] detection-advanced: [REPORT] Updated => mutated_0001.html
[01:25:08][INFO] detection-advanced: [REPORT] Updated => mutated_0001.html
[01:25:08][INFO] detection-advanced: [REPORT] Updated => mutated_0001.html
[01:25:08][INFO] detection-advanced: [REPORT] Updated => mutated_0001.html
[01:25:08][INFO] detection-advanced: [REPORT] Updated => mutated_0001.html
[01:25:08][INFO] detection-advanced: [REPORT] Updated => mutated_0001.html
[01:25:08][INFO] detection-advanced: [REPORT] Updated => mutated_0001.html
[01:25:08][INFO] detection-advanced: [REPORT] Updated => mutated_0001.html
[01:25:08][INFO] detection-advanced: [REPORT] Updated => mutated_0001.html
[01:25:10][INFO] detection-advanced: [REPORT] Updated => mutated_0001.html
[01:25:14][INFO] detection-advanced: [REPORT] Updated => mutated_0001.html
[01:25:16][INFO] detection-advanced: [REPORT] Updated => mutated_0001.html
/home/dhia/browser-fuzzer/Dissertation/logger/fuzzing/detection.py:898: DeprecationWarning: __array__ implementation doesn't accept a copy keyword, so passing copy=False failed. __array__ must implement 'dtype' and 'copy' keyword arguments. To learn more, see the migration guide https://numpy.org/devdocs/numpy_2_0_migration_guide.html#adapting-to-changes-in-the-copy-keyword
  diffs.append(float(np.mean(np.array(d))))
[01:25:29][INFO] detection-advanced: [REPORT] Updated => mutated_0001.html
[01:25:29][WARNING] detection-advanced:  => anomaly => console_errors => {'count': 12, 'messages': ["file:///home/dhia/browser-fuzzer/Dissertation/logger/run_20250318_012252/round_001/mutations/mutated_0001.html 107 The Content Security Policy 'default-src 'self' 'unsafe-inline'' was delivered via a <meta> element outside the document's <head>, which is disallowed. The policy has been ignored.", "file:///home/dhia/browser-fuzzer/Dissertation/logger/run_20250318_012252/round_001/mutations/mutated_0001.html 121:806 Uncaught SyntaxError: Unexpected token '<'", "file:///home/dhia/browser-fuzzer/Dissertation/logger/run_20250318_012252/round_001/mutations/mutated_0001.html 121:2247 Uncaught SyntaxError: Unexpected token '<'", "file:///home/dhia/browser-fuzzer/Dissertation/logger/run_20250318_012252/round_001/mutations/mutated_0001.html 237:2 Uncaught SyntaxError: Unexpected token '<'", "file:///home/dhia/browser-fuzzer/Dissertation/logger/run_20250318_012252/round_001/mutations/mutated_0001.html 281:2 Uncaught SyntaxError: Unexpected token '<'", "file:///home/dhia/browser-fuzzer/Dissertation/logger/run_20250318_012252/round_001/mutations/mutated_0001.html 326:806 Uncaught SyntaxError: Unexpected token '<'", "file:///home/dhia/browser-fuzzer/Dissertation/logger/run_20250318_012252/round_001/mutations/mutated_0001.html 412:2 Uncaught SyntaxError: Unexpected token '<'", "file:///home/dhia/browser-fuzzer/Dissertation/logger/run_20250318_012252/round_001/mutations/mutated_0001.html 456:2 Uncaught SyntaxError: Unexpected token '<'", 'file:///home/dhia/browser-fuzzer/Dissertation/logger/run_20250318_012252/round_001/mutations/mutated_0001.html 576:12 "Simulated error on Page 2."', 'file:///home/dhia/browser-fuzzer/Dissertation/logger/run_20250318_012252/round_001/mutations/mutated_0001.html 647:12 "Simulated console error on Page 1."', 'file:///home/dhia/browser-fuzzer/Dissertation/logger/run_20250318_012252/round_001/mutations/mutated_0001.html 767:12 "Simulated console error on Page 1."', "file:///home/dhia/browser-fuzzer/Dissertation/logger/run_20250318_012252/round_001/mutations/mutated_0001.html 846:452 Uncaught SyntaxError: Unexpected token '<'"]}
[01:25:29][WARNING] detection-advanced:  => anomaly => mixed_content => {'count': 6}
[01:25:29][WARNING] detection-advanced:  => anomaly => security_header => {'missing': ['x-content-type-options', 'x-frame-options', 'permissions-policy']}
[01:25:29][WARNING] detection-advanced:  => anomaly => media_playback => {'error': {'MEDIA_ERR_ABORTED': 1, 'MEDIA_ERR_DECODE': 3, 'MEDIA_ERR_NETWORK': 2, 'MEDIA_ERR_SRC_NOT_SUPPORTED': 4, 'code': 4, 'message': 'MEDIA_ELEMENT_ERROR: Format error'}, 'paused': True, 'readyState': 0}
[01:25:29][WARNING] detection-advanced:  => anomaly => media_playback => {'error': {'MEDIA_ERR_ABORTED': 1, 'MEDIA_ERR_DECODE': 3, 'MEDIA_ERR_NETWORK': 2, 'MEDIA_ERR_SRC_NOT_SUPPORTED': 4, 'code': 4, 'message': 'MEDIA_ELEMENT_ERROR: Format error'}, 'paused': True, 'readyState': 0}
[01:25:29][WARNING] detection-advanced:  => anomaly => media_playback => {'error': {'MEDIA_ERR_ABORTED': 1, 'MEDIA_ERR_DECODE': 3, 'MEDIA_ERR_NETWORK': 2, 'MEDIA_ERR_SRC_NOT_SUPPORTED': 4, 'code': 4, 'message': 'MEDIA_ELEMENT_ERROR: Format error'}, 'paused': True, 'readyState': 0}
[01:25:29][WARNING] detection-advanced:  => anomaly => media_playback => {'error': {'MEDIA_ERR_ABORTED': 1, 'MEDIA_ERR_DECODE': 3, 'MEDIA_ERR_NETWORK': 2, 'MEDIA_ERR_SRC_NOT_SUPPORTED': 4, 'code': 4, 'message': 'MEDIA_ELEMENT_ERROR: Format error'}, 'paused': True, 'readyState': 0}
[01:25:29][WARNING] detection-advanced:  => anomaly => media_playback => {'error': {'MEDIA_ERR_ABORTED': 1, 'MEDIA_ERR_DECODE': 3, 'MEDIA_ERR_NETWORK': 2, 'MEDIA_ERR_SRC_NOT_SUPPORTED': 4, 'code': 4, 'message': 'MEDIA_ELEMENT_ERROR: Format error'}, 'paused': True, 'readyState': 0}
[01:25:29][WARNING] detection-advanced:  => anomaly => media_playback => {'error': {'MEDIA_ERR_ABORTED': 1, 'MEDIA_ERR_DECODE': 3, 'MEDIA_ERR_NETWORK': 2, 'MEDIA_ERR_SRC_NOT_SUPPORTED': 4, 'code': 4, 'message': 'MEDIA_ELEMENT_ERROR: Format error'}, 'paused': True, 'readyState': 0}
[01:25:29][WARNING] detection-advanced:  => anomaly => media_playback => {'error': {'MEDIA_ERR_ABORTED': 1, 'MEDIA_ERR_DECODE': 3, 'MEDIA_ERR_NETWORK': 2, 'MEDIA_ERR_SRC_NOT_SUPPORTED': 4, 'code': 4, 'message': 'MEDIA_ELEMENT_ERROR: Format error'}, 'paused': True, 'readyState': 0}
[01:25:29][WARNING] detection-advanced:  => anomaly => media_playback => {'error': {'MEDIA_ERR_ABORTED': 1, 'MEDIA_ERR_DECODE': 3, 'MEDIA_ERR_NETWORK': 2, 'MEDIA_ERR_SRC_NOT_SUPPORTED': 4, 'code': 4, 'message': 'MEDIA_ELEMENT_ERROR: Format error'}, 'paused': True, 'readyState': 0}
[01:25:29][WARNING] detection-advanced:  => anomaly => media_playback => {'error': {'MEDIA_ERR_ABORTED': 1, 'MEDIA_ERR_DECODE': 3, 'MEDIA_ERR_NETWORK': 2, 'MEDIA_ERR_SRC_NOT_SUPPORTED': 4, 'code': 4, 'message': 'MEDIA_ELEMENT_ERROR: Format error'}, 'paused': True, 'readyState': 0}
[01:25:29][WARNING] detection-advanced:  => anomaly => media_playback => {'error': {'MEDIA_ERR_ABORTED': 1, 'MEDIA_ERR_DECODE': 3, 'MEDIA_ERR_NETWORK': 2, 'MEDIA_ERR_SRC_NOT_SUPPORTED': 4, 'code': 4, 'message': 'MEDIA_ELEMENT_ERROR: Format error'}, 'paused': True, 'readyState': 0}
[01:25:29][WARNING] detection-advanced:  => anomaly => media_playback => {'error': {'MEDIA_ERR_ABORTED': 1, 'MEDIA_ERR_DECODE': 3, 'MEDIA_ERR_NETWORK': 2, 'MEDIA_ERR_SRC_NOT_SUPPORTED': 4, 'code': 4, 'message': 'MEDIA_ELEMENT_ERROR: Format error'}, 'paused': True, 'readyState': 0}
[01:25:29][WARNING] detection-advanced:  => anomaly => media_playback => {'error': {'MEDIA_ERR_ABORTED': 1, 'MEDIA_ERR_DECODE': 3, 'MEDIA_ERR_NETWORK': 2, 'MEDIA_ERR_SRC_NOT_SUPPORTED': 4, 'code': 4, 'message': 'MEDIA_ELEMENT_ERROR: Format error'}, 'paused': True, 'readyState': 0}
[01:25:29][WARNING] detection-advanced:  => anomaly => media_playback => {'error': {'MEDIA_ERR_ABORTED': 1, 'MEDIA_ERR_DECODE': 3, 'MEDIA_ERR_NETWORK': 2, 'MEDIA_ERR_SRC_NOT_SUPPORTED': 4, 'code': 4, 'message': 'MEDIA_ELEMENT_ERROR: Format error'}, 'paused': True, 'readyState': 0}
[01:25:29][WARNING] detection-advanced:  => anomaly => media_playback => {'error': {'MEDIA_ERR_ABORTED': 1, 'MEDIA_ERR_DECODE': 3, 'MEDIA_ERR_NETWORK': 2, 'MEDIA_ERR_SRC_NOT_SUPPORTED': 4, 'code': 4, 'message': 'MEDIA_ELEMENT_ERROR: Format error'}, 'paused': True, 'readyState': 0}
[01:25:29][WARNING] detection-advanced:  => anomaly => media_playback => {'error': {'MEDIA_ERR_ABORTED': 1, 'MEDIA_ERR_DECODE': 3, 'MEDIA_ERR_NETWORK': 2, 'MEDIA_ERR_SRC_NOT_SUPPORTED': 4, 'code': 4, 'message': 'MEDIA_ELEMENT_ERROR: Format error'}, 'paused': True, 'readyState': 0}
[01:25:29][WARNING] detection-advanced:  => anomaly => media_playback => {'error': {'MEDIA_ERR_ABORTED': 1, 'MEDIA_ERR_DECODE': 3, 'MEDIA_ERR_NETWORK': 2, 'MEDIA_ERR_SRC_NOT_SUPPORTED': 4, 'code': 4, 'message': 'MEDIA_ELEMENT_ERROR: Format error'}, 'paused': True, 'readyState': 0}
[01:25:29][WARNING] detection-advanced:  => anomaly => storage_anomaly => {'expected': 'testValue', 'got': 'wrong_value'}
[01:25:29][WARNING] detection-advanced:  => anomaly => event_failure => No click event on body
[01:25:29][WARNING] detection-advanced:  => anomaly => slow_execution => Load time=91580
[01:25:29][INFO] detection-advanced: Finished => mutated_0001.html, took 140.94s
[01:53:24][ERROR] detection-advanced: Test mutated_0002.html => Exception: HTTPConnectionPool(host='localhost', port=39559): Read timed out. (read timeout=1800)
[02:17:02][INFO] detection-advanced: [REPORT] Updated => mutated_0002.html
[02:17:05][INFO] detection-advanced: [REPORT] Updated => mutated_0002.html
[02:17:07][INFO] detection-advanced: [REPORT] Updated => mutated_0002.html
[02:17:07][WARNING] detection-advanced:  => anomaly => mixed_content => {'count': 33}
[02:17:07][WARNING] detection-advanced:  => anomaly => security_header => {'missing': ['x-content-type-options', 'x-frame-options', 'permissions-policy']}
[02:17:07][INFO] detection-advanced: Finished => mutated_0002.html, took 3239.12s
[02:17:07][INFO] detection-advanced: [COVERAGE] coverage_summary => /home/dhia/browser-fuzzer/Dissertation/logger/run_20250318_012252/round_001/crash_results/coverage_summary.json
libEGL warning: DRI2: failed to authenticate
[02:17:07][INFO] detection-advanced: [COVERAGE] Chart => /home/dhia/browser-fuzzer/Dissertation/logger/run_20250318_012252/round_001/crash_results/coverage_chart.png
[02:17:07][INFO] detection-advanced: [REPORT] Interactive HTML report generated: /home/dhia/browser-fuzzer/Dissertation/logger/run_20250318_012252/round_001/crash_results/reports/interactive_report.html

+-----------------+---------+
| Metric          |   Value |
|-----------------+---------|
| Total Tests     |       2 |
| Passed          |       0 |
| Failed          |       2 |
| Critical Issues |       0 |
| High Severity   |       2 |
| Medium Severity |       0 |
| Low Severity    |       0 |
| Info            |       0 |
+-----------------+---------+
[02:17:07][INFO] detection-advanced: Cleaning up 0 temporary files
[02:17:07][INFO] detection-advanced: System cleanup completed
