[01:17:42][INFO] mutation-deterministic: [ADV-DETERMINISTIC] Using forced seeds => A=/home/dhia/browser-fuzzer/Dissertation/tests/testing_seeds/combined/complex/trigger2.html, B=/home/dhia/browser-fuzzer/Dissertation/tests/testing_seeds/combined/complex/trigger1.html
[01:17:42][WARNING] mutation-deterministic: Complexity validation failed, enforcing aggressive mutations.
Traceback (most recent call last):
  File "/home/dhia/browser-fuzzer/Dissertation/logger/fuzzing/mutation_pipeline_deterministic.py", line 1047, in <module>
    main()
  File "/home/dhia/browser-fuzzer/Dissertation/logger/fuzzing/mutation_pipeline_deterministic.py", line 994, in main
    mutated = mutator.generate_next()
  File "/home/dhia/browser-fuzzer/Dissertation/logger/fuzzing/mutation_pipeline_deterministic.py", line 882, in generate_next
    result = super().generate_next()
  File "/home/dhia/browser-fuzzer/Dissertation/logger/fuzzing/mutation_pipeline_deterministic.py", line 697, in generate_next
    result = super().generate_next()
  File "/home/dhia/browser-fuzzer/Dissertation/logger/fuzzing/mutation_pipeline_deterministic.py", line 572, in generate_next
    self._apply_aggressive_mutations(soup)
  File "/home/dhia/browser-fuzzer/Dissertation/logger/fuzzing/mutation_pipeline_deterministic.py", line 682, in _apply_aggressive_mutations
    engine.mutate(soup)
  File "/home/dhia/browser-fuzzer/Dissertation/logger/fuzzing/mutation_pipeline_deterministic.py", line 314, in mutate
    self._base_mutations(soup)
  File "/home/dhia/browser-fuzzer/Dissertation/logger/fuzzing/mutation_pipeline_deterministic.py", line 325, in _base_mutations
    insert_grammar_snippet(soup, self.intensity)
  File "/home/dhia/browser-fuzzer/Dissertation/logger/fuzzing/mutation_pipeline_deterministic.py", line 235, in insert_grammar_snippet
    script.string = safe_content
NameError: name 'safe_content' is not defined
