[1740578873.781][INFO]: Starting ChromeDriver 135.0.7019.0 (0000000000000000000000000000000000000000-0000000000000000000000000000000000000000) on port 34763
[1740578873.781][INFO]: Please see https://chromedriver.chromium.org/security-considerations for suggestions on keeping ChromeDriver safe.
[1740578873.822][INFO]: ChromeDriver was started successfully on port 34763
[1740578873.979][INFO]: [9e179075a6c5756d80a82f004aa93ae6] COMMAND InitSession {
   "capabilities": {
      "alwaysMatch": {
         "browserName": "chrome",
         "goog:chromeOptions": {
            "args": [ "--headless", "--disable-gpu", "--no-sandbox", "--enable-features=AddressSanitizer", "--disable-dev-shm-usage", "--auto-open-devtools-for-tabs", "--enable-logging", "--v=1", "--enable-gpu-rasterization", "--force-color-profile=srgb" ],
            "binary": "/home/dhia/chromium/src/out/asan/chrome",
            "extensions": [  ]
         },
         "goog:loggingPrefs": {
            "performance": "ALL"
         },
         "pageLoadStrategy": "normal"
      },
      "firstMatch": [ {
      } ]
   }
}
[1740578873.992][INFO]: Populating Preferences file: {
   "alternate_error_pages": {
      "enabled": false
   },
   "autofill": {
      "enabled": false
   },
   "browser": {
      "check_default_browser": false
   },
   "distribution": {
      "import_bookmarks": false,
      "import_history": false,
      "import_search_engine": false,
      "make_chrome_default_for_user": false,
      "skip_first_run_ui": true
   },
   "dns_prefetching": {
      "enabled": false
   },
   "profile": {
      "content_settings": {
         "pattern_pairs": {
            "https://*,*": {
               "media-stream": {
                  "audio": "Default",
                  "video": "Default"
               }
            }
         }
      },
      "default_content_setting_values": {
         "geolocation": 1
      },
      "default_content_settings": {
         "geolocation": 1,
         "mouselock": 1,
         "notifications": 1,
         "popups": 1,
         "ppapi-broker": 1
      },
      "password_manager_enabled": false
   },
   "safebrowsing": {
      "enabled": false
   },
   "search": {
      "suggest_enabled": false
   },
   "translate": {
      "enabled": false
   }
}
[1740578873.993][INFO]: Populating Local State file: {
   "background_mode": {
      "enabled": false
   },
   "ssl": {
      "rev_checking": {
         "enabled": false
      }
   }
}
[1740578874.003][INFO]: ChromeDriver supports communication with Chrome via pipes. This is more reliable and more secure.
[1740578874.003][INFO]: Use the --remote-debugging-pipe Chrome switch instead of the default --remote-debugging-port to enable this communication mode.
[1740578874.004][INFO]: Launching chrome: /home/dhia/chromium/src/out/asan/chrome --allow-pre-commit-input --auto-open-devtools-for-tabs --disable-background-networking --disable-client-side-phishing-detection --disable-default-apps --disable-dev-shm-usage --disable-gpu --disable-hang-monitor --disable-popup-blocking --disable-prompt-on-repost --disable-sync --enable-automation --enable-features=AddressSanitizer --enable-gpu-rasterization --enable-logging --force-color-profile=srgb --headless --log-level=0 --no-first-run --no-sandbox --no-service-autorun --password-store=basic --remote-debugging-port=0 --test-type=webdriver --use-mock-keychain --user-data-dir=/tmp/.org.chromium.Chromium.gh6DT7 --v=1 data:,
[1740578887.986][INFO]: resolved localhost to ["127.0.0.1"]
[1740578899.256][INFO]: [9e179075a6c5756d80a82f004aa93ae6] RESPONSE InitSession {
   "capabilities": {
      "acceptInsecureCerts": false,
      "browserName": "chrome",
      "browserVersion": "135.0.7019.0",
      "chrome": {
         "chromedriverVersion": "135.0.7019.0 (0000000000000000000000000000000000000000-0000000000000000000000000000000000000000)",
         "userDataDir": "/tmp/.org.chromium.Chromium.gh6DT7"
      },
      "fedcm:accounts": true,
      "goog:chromeOptions": {
         "debuggerAddress": "localhost:37957"
      },
      "networkConnectionEnabled": false,
      "pageLoadStrategy": "normal",
      "platformName": "linux",
      "proxy": {
      },
      "setWindowRect": true,
      "strictFileInteractability": false,
      "timeouts": {
         "implicit": 0,
         "pageLoad": 300000,
         "script": 30000
      },
      "unhandledPromptBehavior": "dismiss and notify",
      "webauthn:extension:credBlob": true,
      "webauthn:extension:largeBlob": true,
      "webauthn:extension:minPinLength": true,
      "webauthn:extension:prf": true,
      "webauthn:virtualAuthenticators": true
   },
   "sessionId": "9e179075a6c5756d80a82f004aa93ae6"
}
[1740578899.271][INFO]: [9e179075a6c5756d80a82f004aa93ae6] COMMAND Navigate {
   "url": "file:///home/dhia/browser-fuzzer/Dissertation/logger/run_20250226_140750/round_001/mutations/mutated_0001.html"
}
[1740578899.272][INFO]: Waiting for pending navigations...
[1740578899.333][INFO]: Done waiting for pending navigations. Status: ok
[1740578900.148][INFO]: Waiting for pending navigations...
[1740579199.273][SEVERE]: Timed out receiving message from renderer: 299.123
[1740579199.285][INFO]: Timed out. Stopping navigation...
[1740579199.309][SEVERE]: Timed out receiving message from renderer: 299.123
[1740579199.327][INFO]: Done waiting for pending navigations. Status: timeout: Timed out receiving message from renderer: 299.123
[1740579199.327][INFO]: [9e179075a6c5756d80a82f004aa93ae6] RESPONSE Navigate ERROR timeout: Timed out receiving message from renderer: 299.123
  (Session info: chrome=135.0.7019.0)
[1740579199.508][INFO]: [9e179075a6c5756d80a82f004aa93ae6] COMMAND Quit {
}
[1740579199.918][INFO]: [9e179075a6c5756d80a82f004aa93ae6] RESPONSE Quit
