[05:23:41][INFO] detection-advanced: [DETECTION] Deep & Detailed Reporting.
[05:23:41][INFO] detection-advanced: Processing batch 1 (2 files)
[05:23:41][INFO] detection-advanced: [DETECTION] Start => mutated_0002.html
[05:23:41][INFO] detection-advanced: [DETECTION] Start => mutated_0001.html
/home/dhia/browser-fuzzer/Dissertation/logger/fuzzing/detection.py:418: DeprecationWarning: set_timeout() in RemoteConnection is deprecated, set timeout to ClientConfig instance in constructor instead
  RemoteConnection.set_timeout(1800)
[05:23:57][INFO] detection-advanced: Testing file: file:///home/dhia/browser-fuzzer/Dissertation/logger/run_20250318_041949/round_002/mutations/mutated_0001.html
[05:23:58][INFO] detection-advanced: Testing file: file:///home/dhia/browser-fuzzer/Dissertation/logger/run_20250318_041949/round_002/mutations/mutated_0002.html
[05:25:58][ERROR] detection-advanced: Test mutated_0002.html => Exception: HTTPConnectionPool(host='localhost', port=56585): Read timed out. (read timeout=120)
[05:26:54][INFO] detection-advanced: Document readyState: complete
[05:26:56][INFO] detection-advanced: [REPORT] Updated => mutated_0001.html
[05:26:56][INFO] detection-advanced: [REPORT] Updated => mutated_0001.html
[05:26:57][INFO] detection-advanced: [REPORT] Updated => mutated_0001.html
[05:26:57][WARNING] detection-advanced: Skipping extended checks due to resource constraints
[05:26:58][INFO] detection-advanced: [REPORT] Updated => mutated_0001.html
[05:26:58][INFO] detection-advanced: [REPORT] Updated => mutated_0001.html
[05:26:58][INFO] detection-advanced: [REPORT] Updated => mutated_0001.html
[05:26:58][INFO] detection-advanced: [REPORT] Updated => mutated_0001.html
[05:26:58][INFO] detection-advanced: [REPORT] Updated => mutated_0001.html
[05:26:58][INFO] detection-advanced: [REPORT] Updated => mutated_0001.html
[05:26:58][INFO] detection-advanced: [REPORT] Updated => mutated_0001.html
[05:26:58][INFO] detection-advanced: [REPORT] Updated => mutated_0001.html
[05:26:58][INFO] detection-advanced: [REPORT] Updated => mutated_0001.html
[05:26:58][INFO] detection-advanced: [REPORT] Updated => mutated_0001.html
[05:26:59][INFO] detection-advanced: [REPORT] Updated => mutated_0001.html
[05:27:01][INFO] detection-advanced: [REPORT] Updated => mutated_0001.html
[05:27:02][INFO] detection-advanced: [REPORT] Updated => mutated_0001.html
[05:27:02][INFO] detection-advanced: [REPORT] Updated => mutated_0001.html
/home/dhia/browser-fuzzer/Dissertation/logger/fuzzing/detection.py:898: DeprecationWarning: __array__ implementation doesn't accept a copy keyword, so passing copy=False failed. __array__ must implement 'dtype' and 'copy' keyword arguments. To learn more, see the migration guide https://numpy.org/devdocs/numpy_2_0_migration_guide.html#adapting-to-changes-in-the-copy-keyword
  diffs.append(float(np.mean(np.array(d))))
[05:27:10][INFO] detection-advanced: [REPORT] Updated => mutated_0001.html
[05:27:10][WARNING] detection-advanced:  => anomaly => console_errors => {'count': 15, 'messages': ["file:///home/dhia/browser-fuzzer/Dissertation/logger/run_20250318_041949/round_002/mutations/mutated_0001.html 68 The Content Security Policy 'default-src 'self' 'unsafe-inline'' was delivered via a <meta> element outside the document's <head>, which is disallowed. The policy has been ignored.", 'file:///home/dhia/browser-fuzzer/Dissertation/logger/run_20250318_041949/round_002/mutations/mutated_0001.html 114:12 "Simulated console error on Page 1."', 'file:///home/dhia/browser-fuzzer/Dissertation/logger/run_20250318_041949/round_002/mutations/mutated_0001.html 162:12 "Simulated console error on Page 1."', 'file:///home/dhia/browser-fuzzer/Dissertation/logger/run_20250318_041949/round_002/mutations/mutated_0001.html 304:12 "Simulated error on Page 2."', 'file:///home/dhia/browser-fuzzer/Dissertation/logger/run_20250318_041949/round_002/mutations/mutated_0001.html 348:12 "Simulated error on Page 2."', 'file:///home/dhia/browser-fuzzer/Dissertation/logger/run_20250318_041949/round_002/mutations/mutated_0001.html 392:12 "Simulated error on Page 2."', 'file:///home/dhia/browser-fuzzer/Dissertation/logger/run_20250318_041949/round_002/mutations/mutated_0001.html 473:12 "Simulated error on Page 2."', 'file:///home/dhia/browser-fuzzer/Dissertation/logger/run_20250318_041949/round_002/mutations/mutated_0001.html 544:12 "Simulated error on Page 2."', 'file:///home/dhia/browser-fuzzer/Dissertation/logger/run_20250318_041949/round_002/mutations/mutated_0001.html 647:12 "Simulated error on Page 2."', 'file:///home/dhia/browser-fuzzer/Dissertation/logger/run_20250318_041949/round_002/mutations/mutated_0001.html 691:12 "Simulated error on Page 2."', 'file:///home/dhia/browser-fuzzer/Dissertation/logger/run_20250318_041949/round_002/mutations/mutated_0001.html 762:12 "Simulated error on Page 2."', 'file:///home/dhia/browser-fuzzer/Dissertation/logger/run_20250318_041949/round_002/mutations/mutated_0001.html 877:12 "Simulated error on Page 2."', 'file:///home/dhia/browser-fuzzer/Dissertation/logger/run_20250318_041949/round_002/mutations/mutated_0001.html 948:12 "Simulated error on Page 2."', 'file:///home/dhia/browser-fuzzer/Dissertation/logger/run_20250318_041949/round_002/mutations/mutated_0001.html 1019:12 "Simulated error on Page 2."', 'file:///home/dhia/browser-fuzzer/Dissertation/logger/run_20250318_041949/round_002/mutations/mutated_0001.html 1090:12 "Simulated error on Page 2."']}
[05:27:10][WARNING] detection-advanced:  => anomaly => mixed_content => {'count': 16}
[05:27:10][WARNING] detection-advanced:  => anomaly => security_header => {'missing': ['x-content-type-options', 'x-frame-options', 'permissions-policy']}
[05:27:10][WARNING] detection-advanced:  => anomaly => media_playback => {'error': {'MEDIA_ERR_ABORTED': 1, 'MEDIA_ERR_DECODE': 3, 'MEDIA_ERR_NETWORK': 2, 'MEDIA_ERR_SRC_NOT_SUPPORTED': 4, 'code': 4, 'message': 'MEDIA_ELEMENT_ERROR: Format error'}, 'paused': True, 'readyState': 0}
[05:27:10][WARNING] detection-advanced:  => anomaly => media_playback => {'error': {'MEDIA_ERR_ABORTED': 1, 'MEDIA_ERR_DECODE': 3, 'MEDIA_ERR_NETWORK': 2, 'MEDIA_ERR_SRC_NOT_SUPPORTED': 4, 'code': 4, 'message': 'MEDIA_ELEMENT_ERROR: Format error'}, 'paused': True, 'readyState': 0}
[05:27:10][WARNING] detection-advanced:  => anomaly => media_playback => {'error': {'MEDIA_ERR_ABORTED': 1, 'MEDIA_ERR_DECODE': 3, 'MEDIA_ERR_NETWORK': 2, 'MEDIA_ERR_SRC_NOT_SUPPORTED': 4, 'code': 4, 'message': 'MEDIA_ELEMENT_ERROR: Format error'}, 'paused': True, 'readyState': 0}
[05:27:10][WARNING] detection-advanced:  => anomaly => media_playback => {'error': {'MEDIA_ERR_ABORTED': 1, 'MEDIA_ERR_DECODE': 3, 'MEDIA_ERR_NETWORK': 2, 'MEDIA_ERR_SRC_NOT_SUPPORTED': 4, 'code': 4, 'message': 'MEDIA_ELEMENT_ERROR: Format error'}, 'paused': True, 'readyState': 0}
[05:27:10][WARNING] detection-advanced:  => anomaly => media_playback => {'error': {'MEDIA_ERR_ABORTED': 1, 'MEDIA_ERR_DECODE': 3, 'MEDIA_ERR_NETWORK': 2, 'MEDIA_ERR_SRC_NOT_SUPPORTED': 4, 'code': 4, 'message': 'MEDIA_ELEMENT_ERROR: Format error'}, 'paused': True, 'readyState': 0}
[05:27:10][WARNING] detection-advanced:  => anomaly => media_playback => {'error': {'MEDIA_ERR_ABORTED': 1, 'MEDIA_ERR_DECODE': 3, 'MEDIA_ERR_NETWORK': 2, 'MEDIA_ERR_SRC_NOT_SUPPORTED': 4, 'code': 4, 'message': 'MEDIA_ELEMENT_ERROR: Format error'}, 'paused': True, 'readyState': 0}
[05:27:10][WARNING] detection-advanced:  => anomaly => media_playback => {'error': {'MEDIA_ERR_ABORTED': 1, 'MEDIA_ERR_DECODE': 3, 'MEDIA_ERR_NETWORK': 2, 'MEDIA_ERR_SRC_NOT_SUPPORTED': 4, 'code': 4, 'message': 'MEDIA_ELEMENT_ERROR: Format error'}, 'paused': True, 'readyState': 0}
[05:27:10][WARNING] detection-advanced:  => anomaly => media_playback => {'error': {'MEDIA_ERR_ABORTED': 1, 'MEDIA_ERR_DECODE': 3, 'MEDIA_ERR_NETWORK': 2, 'MEDIA_ERR_SRC_NOT_SUPPORTED': 4, 'code': 4, 'message': 'MEDIA_ELEMENT_ERROR: Format error'}, 'paused': True, 'readyState': 0}
[05:27:10][WARNING] detection-advanced:  => anomaly => media_playback => {'error': {'MEDIA_ERR_ABORTED': 1, 'MEDIA_ERR_DECODE': 3, 'MEDIA_ERR_NETWORK': 2, 'MEDIA_ERR_SRC_NOT_SUPPORTED': 4, 'code': 4, 'message': 'MEDIA_ELEMENT_ERROR: Format error'}, 'paused': True, 'readyState': 0}
[05:27:10][WARNING] detection-advanced:  => anomaly => media_playback => {'error': {'MEDIA_ERR_ABORTED': 1, 'MEDIA_ERR_DECODE': 3, 'MEDIA_ERR_NETWORK': 2, 'MEDIA_ERR_SRC_NOT_SUPPORTED': 4, 'code': 4, 'message': 'MEDIA_ELEMENT_ERROR: Format error'}, 'paused': True, 'readyState': 0}
[05:27:10][WARNING] detection-advanced:  => anomaly => storage_anomaly => {'expected': 'testValue', 'got': 'incorrect_result'}
[05:27:10][WARNING] detection-advanced:  => anomaly => event_failure => No click event on body
[05:27:10][WARNING] detection-advanced:  => anomaly => i18n_issue => missing lang
[05:27:10][WARNING] detection-advanced:  => anomaly => slow_execution => Load time=175857
[05:27:10][INFO] detection-advanced: Finished => mutated_0001.html, took 208.49s
[05:27:58][WARNING] detection-advanced: Failed to capture crash artifacts: HTTPConnectionPool(host='localhost', port=56585): Read timed out. (read timeout=120)
[05:29:58][INFO] detection-advanced: [REPORT] Updated => mutated_0002.html
[05:31:58][INFO] detection-advanced: [REPORT] Updated => mutated_0002.html
[05:33:58][WARNING] urllib3.connectionpool: Retrying (Retry(total=2, connect=None, read=None, redirect=None, status=None)) after connection broken by 'ReadTimeoutError("HTTPConnectionPool(host='localhost', port=56585): Read timed out. (read timeout=120)")': /session/58d81ee087fc842b72e44c5a366cbe58
[05:35:58][WARNING] urllib3.connectionpool: Retrying (Retry(total=1, connect=None, read=None, redirect=None, status=None)) after connection broken by 'ReadTimeoutError("HTTPConnectionPool(host='localhost', port=56585): Read timed out. (read timeout=120)")': /session/58d81ee087fc842b72e44c5a366cbe58
[05:37:59][WARNING] urllib3.connectionpool: Retrying (Retry(total=0, connect=None, read=None, redirect=None, status=None)) after connection broken by 'ReadTimeoutError("HTTPConnectionPool(host='localhost', port=56585): Read timed out. (read timeout=120)")': /session/58d81ee087fc842b72e44c5a366cbe58
[05:40:09][INFO] detection-advanced: [REPORT] Updated => mutated_0002.html
[05:40:09][WARNING] detection-advanced:  => anomaly => console_error => HTTPConnectionPool(host='localhost', port=56585): Read timed out. (read timeout=120)
[05:40:09][WARNING] detection-advanced:  => anomaly => security_check_error => HTTPConnectionPool(host='localhost', port=56585): Read timed out. (read timeout=120)
[05:40:09][INFO] detection-advanced: Finished => mutated_0002.html, took 987.37s
[05:40:09][INFO] detection-advanced: [COVERAGE] coverage_summary => /home/dhia/browser-fuzzer/Dissertation/logger/run_20250318_041949/round_002/crash_results/coverage_summary.json
libEGL warning: DRI2: failed to authenticate
[05:40:09][INFO] detection-advanced: [COVERAGE] Chart => /home/dhia/browser-fuzzer/Dissertation/logger/run_20250318_041949/round_002/crash_results/coverage_chart.png
[05:40:10][INFO] detection-advanced: [REPORT] Interactive HTML report generated: /home/dhia/browser-fuzzer/Dissertation/logger/run_20250318_041949/round_002/crash_results/reports/interactive_report.html

+-----------------+---------+
| Metric          |   Value |
|-----------------+---------|
| Total Tests     |       2 |
| Passed          |       0 |
| Failed          |       2 |
| Critical Issues |       0 |
| High Severity   |       1 |
| Medium Severity |       0 |
| Low Severity    |       0 |
| Info            |       1 |
+-----------------+---------+
[05:40:10][INFO] detection-advanced: Cleaning up 0 temporary files
[05:40:10][INFO] detection-advanced: System cleanup completed
