[220369:220369:0324/200158.960367:ERROR:cursor_factory.cc(96)] Not implemented reached in virtual void ui::CursorFactory::ObserveThemeChanges()
[220435:220435:0324/200159.547946:WARNING:sandbox_linux.cc(415)] InitializeSandbox() called with multiple threads in process gpu-process.
[220435:220435:0324/200159.579723:WARNING:viz_main_impl.cc(85)] VizNullHypothesis is disabled (not a warning)
[220369:220369:0324/200159.750855:WARNING:account_consistency_mode_manager.cc(72)] Desktop Identity Consistency cannot be enabled as no OAuth client ID and client secret have been configured.
[220436:220436:0324/200159.757845:WARNING:sandbox_linux.cc(415)] InitializeSandbox() called with multiple threads in process gpu-process.
[220436:220436:0324/200159.793070:WARNING:viz_main_impl.cc(85)] VizNullHypothesis is disabled (not a warning)
[220369:220369:0324/200201.040106:ERROR:platform_screen.cc(45)] Not implemented reached in virtual bool ui::PlatformScreen::IsScreenSaverActive() const
[220369:220369:0324/200201.040209:ERROR:platform_screen.cc(50)] Not implemented reached in virtual base::TimeDelta ui::PlatformScreen::CalculateIdleTime() const
[220369:220369:0324/200201.044868:WARNING:compose_enabling.cc(64)] Couldn't get country info.
[220369:220369:0324/200215.637476:INFO:CONSOLE(469)] "Uncaught SyntaxError: Invalid or unexpected token", source: file:///home/dhia/browser-fuzzer/Dissertation/logger/run_20250324_064826/round_083/mutations/mutated_0004.html (469)
[220369:220369:0324/200215.981201:INFO:CONSOLE(528)] "Uncaught SyntaxError: Invalid or unexpected token", source: file:///home/dhia/browser-fuzzer/Dissertation/logger/run_20250324_064826/round_083/mutations/mutated_0004.html (528)
[220369:220369:0324/200216.414852:INFO:CONSOLE(834)] "Uncaught SyntaxError: Invalid or unexpected token", source: file:///home/dhia/browser-fuzzer/Dissertation/logger/run_20250324_064826/round_083/mutations/mutated_0004.html (834)
[220369:220369:0324/200216.425396:INFO:CONSOLE(835)] "Uncaught SyntaxError: Invalid or unexpected token", source: file:///home/dhia/browser-fuzzer/Dissertation/logger/run_20250324_064826/round_083/mutations/mutated_0004.html (835)
[220369:220369:0324/200216.431605:INFO:CONSOLE(836)] "Uncaught SyntaxError: Invalid or unexpected token", source: file:///home/dhia/browser-fuzzer/Dissertation/logger/run_20250324_064826/round_083/mutations/mutated_0004.html (836)
[220369:220369:0324/200216.807104:INFO:CONSOLE(837)] "Uncaught SyntaxError: Invalid or unexpected token", source: file:///home/dhia/browser-fuzzer/Dissertation/logger/run_20250324_064826/round_083/mutations/mutated_0004.html (837)
[220369:220369:0324/200216.828285:INFO:CONSOLE(839)] "Uncaught SyntaxError: Invalid or unexpected token", source: file:///home/dhia/browser-fuzzer/Dissertation/logger/run_20250324_064826/round_083/mutations/mutated_0004.html (839)
[220369:220369:0324/200217.019417:INFO:CONSOLE(849)] "Uncaught SyntaxError: Invalid or unexpected token", source: file:///home/dhia/browser-fuzzer/Dissertation/logger/run_20250324_064826/round_083/mutations/mutated_0004.html (849)
[220369:220369:0324/200217.042293:INFO:CONSOLE(886)] "Uncaught SyntaxError: Invalid or unexpected token", source: file:///home/dhia/browser-fuzzer/Dissertation/logger/run_20250324_064826/round_083/mutations/mutated_0004.html (886)
[220369:220369:0324/200217.304799:INFO:CONSOLE(887)] "Uncaught SyntaxError: Invalid or unexpected token", source: file:///home/dhia/browser-fuzzer/Dissertation/logger/run_20250324_064826/round_083/mutations/mutated_0004.html (887)
[220369:220369:0324/200217.332122:INFO:CONSOLE(889)] "Uncaught SyntaxError: Invalid or unexpected token", source: file:///home/dhia/browser-fuzzer/Dissertation/logger/run_20250324_064826/round_083/mutations/mutated_0004.html (889)
[220369:220369:0324/200217.335874:INFO:CONSOLE(890)] "Uncaught SyntaxError: Invalid or unexpected token", source: file:///home/dhia/browser-fuzzer/Dissertation/logger/run_20250324_064826/round_083/mutations/mutated_0004.html (890)
[220369:220369:0324/200217.521695:INFO:CONSOLE(909)] "Uncaught SyntaxError: Invalid or unexpected token", source: file:///home/dhia/browser-fuzzer/Dissertation/logger/run_20250324_064826/round_083/mutations/mutated_0004.html (909)
[220369:220369:0324/200217.528370:INFO:CONSOLE(910)] "Uncaught SyntaxError: Invalid or unexpected token", source: file:///home/dhia/browser-fuzzer/Dissertation/logger/run_20250324_064826/round_083/mutations/mutated_0004.html (910)
[220369:220369:0324/200217.738802:INFO:CONSOLE(915)] "Uncaught SyntaxError: Invalid or unexpected token", source: file:///home/dhia/browser-fuzzer/Dissertation/logger/run_20250324_064826/round_083/mutations/mutated_0004.html (915)
[220369:220369:0324/200217.755419:INFO:CONSOLE(916)] "Uncaught SyntaxError: Invalid or unexpected token", source: file:///home/dhia/browser-fuzzer/Dissertation/logger/run_20250324_064826/round_083/mutations/mutated_0004.html (916)
[220369:220369:0324/200217.957791:INFO:CONSOLE(922)] "Uncaught SyntaxError: Invalid or unexpected token", source: file:///home/dhia/browser-fuzzer/Dissertation/logger/run_20250324_064826/round_083/mutations/mutated_0004.html (922)
[220369:220369:0324/200217.974125:INFO:CONSOLE(994)] "Uncaught SyntaxError: Invalid or unexpected token", source: file:///home/dhia/browser-fuzzer/Dissertation/logger/run_20250324_064826/round_083/mutations/mutated_0004.html (994)
[220369:220369:0324/200218.265497:INFO:CONSOLE(995)] "Uncaught SyntaxError: Invalid or unexpected token", source: file:///home/dhia/browser-fuzzer/Dissertation/logger/run_20250324_064826/round_083/mutations/mutated_0004.html (995)
[220369:220369:0324/200218.272603:INFO:CONSOLE(1010)] "Uncaught SyntaxError: Invalid or unexpected token", source: file:///home/dhia/browser-fuzzer/Dissertation/logger/run_20250324_064826/round_083/mutations/mutated_0004.html (1010)
[220369:220369:0324/200218.278648:INFO:CONSOLE(1011)] "Uncaught SyntaxError: Invalid or unexpected token", source: file:///home/dhia/browser-fuzzer/Dissertation/logger/run_20250324_064826/round_083/mutations/mutated_0004.html (1011)
[220369:220369:0324/200218.509065:INFO:CONSOLE(1012)] "Uncaught SyntaxError: Invalid or unexpected token", source: file:///home/dhia/browser-fuzzer/Dissertation/logger/run_20250324_064826/round_083/mutations/mutated_0004.html (1012)
[220369:220369:0324/200218.989002:INFO:CONSOLE(1036)] "Uncaught SyntaxError: Invalid or unexpected token", source: file:///home/dhia/browser-fuzzer/Dissertation/logger/run_20250324_064826/round_083/mutations/mutated_0004.html (1036)
[220369:220369:0324/200218.994541:INFO:CONSOLE(1037)] "Uncaught SyntaxError: Invalid or unexpected token", source: file:///home/dhia/browser-fuzzer/Dissertation/logger/run_20250324_064826/round_083/mutations/mutated_0004.html (1037)
[220369:220369:0324/200218.998885:INFO:CONSOLE(1039)] "Uncaught SyntaxError: Invalid or unexpected token", source: file:///home/dhia/browser-fuzzer/Dissertation/logger/run_20250324_064826/round_083/mutations/mutated_0004.html (1039)
[220369:220369:0324/200219.101853:INFO:CONSOLE(1040)] "Uncaught SyntaxError: Invalid or unexpected token", source: file:///home/dhia/browser-fuzzer/Dissertation/logger/run_20250324_064826/round_083/mutations/mutated_0004.html (1040)
[220369:220369:0324/200219.118624:INFO:CONSOLE(1041)] "Uncaught SyntaxError: Invalid or unexpected token", source: file:///home/dhia/browser-fuzzer/Dissertation/logger/run_20250324_064826/round_083/mutations/mutated_0004.html (1041)
[220369:220369:0324/200219.129907:INFO:CONSOLE(1055)] "Uncaught SyntaxError: Invalid or unexpected token", source: file:///home/dhia/browser-fuzzer/Dissertation/logger/run_20250324_064826/round_083/mutations/mutated_0004.html (1055)
[220369:220369:0324/200219.196951:INFO:CONSOLE(1056)] "Uncaught SyntaxError: Invalid or unexpected token", source: file:///home/dhia/browser-fuzzer/Dissertation/logger/run_20250324_064826/round_083/mutations/mutated_0004.html (1056)
[220369:220369:0324/200219.378235:INFO:CONSOLE(1102)] "Uncaught SyntaxError: Invalid or unexpected token", source: file:///home/dhia/browser-fuzzer/Dissertation/logger/run_20250324_064826/round_083/mutations/mutated_0004.html (1102)
[220369:220369:0324/200219.398770:INFO:CONSOLE(1103)] "Uncaught SyntaxError: Invalid or unexpected token", source: file:///home/dhia/browser-fuzzer/Dissertation/logger/run_20250324_064826/round_083/mutations/mutated_0004.html (1103)
[220369:220369:0324/200219.410413:INFO:CONSOLE(1104)] "Uncaught SyntaxError: Invalid or unexpected token", source: file:///home/dhia/browser-fuzzer/Dissertation/logger/run_20250324_064826/round_083/mutations/mutated_0004.html (1104)
[220369:220369:0324/200219.552911:INFO:CONSOLE(1105)] "Uncaught SyntaxError: Invalid or unexpected token", source: file:///home/dhia/browser-fuzzer/Dissertation/logger/run_20250324_064826/round_083/mutations/mutated_0004.html (1105)
[220369:220369:0324/200219.559673:INFO:CONSOLE(1106)] "Uncaught SyntaxError: Invalid or unexpected token", source: file:///home/dhia/browser-fuzzer/Dissertation/logger/run_20250324_064826/round_083/mutations/mutated_0004.html (1106)
[220369:220369:0324/200219.691587:INFO:CONSOLE(1181)] "Uncaught SyntaxError: Invalid or unexpected token", source: file:///home/dhia/browser-fuzzer/Dissertation/logger/run_20250324_064826/round_083/mutations/mutated_0004.html (1181)
[220369:220369:0324/200219.695258:INFO:CONSOLE(1182)] "Uncaught SyntaxError: Invalid or unexpected token", source: file:///home/dhia/browser-fuzzer/Dissertation/logger/run_20250324_064826/round_083/mutations/mutated_0004.html (1182)
[220369:220369:0324/200219.705481:INFO:CONSOLE(1183)] "Uncaught SyntaxError: Invalid or unexpected token", source: file:///home/dhia/browser-fuzzer/Dissertation/logger/run_20250324_064826/round_083/mutations/mutated_0004.html (1183)
[220369:220369:0324/200219.906537:INFO:CONSOLE(1184)] "Uncaught SyntaxError: Invalid or unexpected token", source: file:///home/dhia/browser-fuzzer/Dissertation/logger/run_20250324_064826/round_083/mutations/mutated_0004.html (1184)
[220369:220369:0324/200219.916929:INFO:CONSOLE(1185)] "Uncaught SyntaxError: Invalid or unexpected token", source: file:///home/dhia/browser-fuzzer/Dissertation/logger/run_20250324_064826/round_083/mutations/mutated_0004.html (1185)
[220369:220369:0324/200220.027862:INFO:CONSOLE(1186)] "Uncaught SyntaxError: Invalid or unexpected token", source: file:///home/dhia/browser-fuzzer/Dissertation/logger/run_20250324_064826/round_083/mutations/mutated_0004.html (1186)
[220369:220369:0324/200220.034665:INFO:CONSOLE(1187)] "Uncaught SyntaxError: Invalid or unexpected token", source: file:///home/dhia/browser-fuzzer/Dissertation/logger/run_20250324_064826/round_083/mutations/mutated_0004.html (1187)
[220369:220369:0324/200220.052493:INFO:CONSOLE(1188)] "Uncaught SyntaxError: Invalid or unexpected token", source: file:///home/dhia/browser-fuzzer/Dissertation/logger/run_20250324_064826/round_083/mutations/mutated_0004.html (1188)
[220369:220369:0324/200220.132053:INFO:CONSOLE(1190)] "Uncaught SyntaxError: Invalid or unexpected token", source: file:///home/dhia/browser-fuzzer/Dissertation/logger/run_20250324_064826/round_083/mutations/mutated_0004.html (1190)
[220369:220369:0324/200220.137652:INFO:CONSOLE(1191)] "Uncaught SyntaxError: Invalid or unexpected token", source: file:///home/dhia/browser-fuzzer/Dissertation/logger/run_20250324_064826/round_083/mutations/mutated_0004.html (1191)
[220369:220369:0324/200220.264264:INFO:CONSOLE(1201)] "Uncaught SyntaxError: Invalid or unexpected token", source: file:///home/dhia/browser-fuzzer/Dissertation/logger/run_20250324_064826/round_083/mutations/mutated_0004.html (1201)
[220369:220369:0324/200220.282314:INFO:CONSOLE(1266)] "Uncaught SyntaxError: Invalid or unexpected token", source: file:///home/dhia/browser-fuzzer/Dissertation/logger/run_20250324_064826/round_083/mutations/mutated_0004.html (1266)
[220369:220369:0324/200220.435231:INFO:CONSOLE(1267)] "Uncaught SyntaxError: Invalid or unexpected token", source: file:///home/dhia/browser-fuzzer/Dissertation/logger/run_20250324_064826/round_083/mutations/mutated_0004.html (1267)
[220369:220369:0324/200220.454581:INFO:CONSOLE(1268)] "Uncaught SyntaxError: Invalid or unexpected token", source: file:///home/dhia/browser-fuzzer/Dissertation/logger/run_20250324_064826/round_083/mutations/mutated_0004.html (1268)
[220369:220369:0324/200220.460602:INFO:CONSOLE(1270)] "Uncaught SyntaxError: Invalid or unexpected token", source: file:///home/dhia/browser-fuzzer/Dissertation/logger/run_20250324_064826/round_083/mutations/mutated_0004.html (1270)
[220369:220369:0324/200220.563862:INFO:CONSOLE(1271)] "Uncaught SyntaxError: Invalid or unexpected token", source: file:///home/dhia/browser-fuzzer/Dissertation/logger/run_20250324_064826/round_083/mutations/mutated_0004.html (1271)
[220369:220369:0324/200220.576171:INFO:CONSOLE(1278)] "Uncaught SyntaxError: Invalid or unexpected token", source: file:///home/dhia/browser-fuzzer/Dissertation/logger/run_20250324_064826/round_083/mutations/mutated_0004.html (1278)
[220369:220369:0324/200220.687256:INFO:CONSOLE(1279)] "Uncaught SyntaxError: Invalid or unexpected token", source: file:///home/dhia/browser-fuzzer/Dissertation/logger/run_20250324_064826/round_083/mutations/mutated_0004.html (1279)
[220369:220369:0324/200220.704054:INFO:CONSOLE(1284)] "Uncaught SyntaxError: Invalid or unexpected token", source: file:///home/dhia/browser-fuzzer/Dissertation/logger/run_20250324_064826/round_083/mutations/mutated_0004.html (1284)
[220369:220369:0324/200220.719122:INFO:CONSOLE(1285)] "Uncaught SyntaxError: Invalid or unexpected token", source: file:///home/dhia/browser-fuzzer/Dissertation/logger/run_20250324_064826/round_083/mutations/mutated_0004.html (1285)
[220369:220369:0324/200220.834047:INFO:CONSOLE(1291)] "Uncaught SyntaxError: Invalid or unexpected token", source: file:///home/dhia/browser-fuzzer/Dissertation/logger/run_20250324_064826/round_083/mutations/mutated_0004.html (1291)
[220369:220369:0324/200220.840016:INFO:CONSOLE(1363)] "Uncaught SyntaxError: Invalid or unexpected token", source: file:///home/dhia/browser-fuzzer/Dissertation/logger/run_20250324_064826/round_083/mutations/mutated_0004.html (1363)
[220369:220369:0324/200220.848995:INFO:CONSOLE(1364)] "Uncaught SyntaxError: Invalid or unexpected token", source: file:///home/dhia/browser-fuzzer/Dissertation/logger/run_20250324_064826/round_083/mutations/mutated_0004.html (1364)
[220369:220369:0324/200221.085022:INFO:CONSOLE(1365)] "Uncaught SyntaxError: Invalid or unexpected token", source: file:///home/dhia/browser-fuzzer/Dissertation/logger/run_20250324_064826/round_083/mutations/mutated_0004.html (1365)
[220369:220369:0324/200221.103703:INFO:CONSOLE(1380)] "Uncaught SyntaxError: Invalid or unexpected token", source: file:///home/dhia/browser-fuzzer/Dissertation/logger/run_20250324_064826/round_083/mutations/mutated_0004.html (1380)
[220369:220369:0324/200221.108119:INFO:CONSOLE(1381)] "Uncaught SyntaxError: Invalid or unexpected token", source: file:///home/dhia/browser-fuzzer/Dissertation/logger/run_20250324_064826/round_083/mutations/mutated_0004.html (1381)
[220369:220369:0324/200221.183159:INFO:CONSOLE(1394)] "Uncaught SyntaxError: Invalid or unexpected token", source: file:///home/dhia/browser-fuzzer/Dissertation/logger/run_20250324_064826/round_083/mutations/mutated_0004.html (1394)
[220369:220369:0324/200221.191096:INFO:CONSOLE(1395)] "Uncaught SyntaxError: Invalid or unexpected token", source: file:///home/dhia/browser-fuzzer/Dissertation/logger/run_20250324_064826/round_083/mutations/mutated_0004.html (1395)
[220369:220369:0324/200221.323581:INFO:CONSOLE(1431)] "Uncaught SyntaxError: Invalid or unexpected token", source: file:///home/dhia/browser-fuzzer/Dissertation/logger/run_20250324_064826/round_083/mutations/mutated_0004.html (1431)
[220369:220369:0324/200221.347837:INFO:CONSOLE(1432)] "Uncaught SyntaxError: Invalid or unexpected token", source: file:///home/dhia/browser-fuzzer/Dissertation/logger/run_20250324_064826/round_083/mutations/mutated_0004.html (1432)
[220369:220369:0324/200221.352507:INFO:CONSOLE(1433)] "Uncaught SyntaxError: Invalid or unexpected token", source: file:///home/dhia/browser-fuzzer/Dissertation/logger/run_20250324_064826/round_083/mutations/mutated_0004.html (1433)
[220369:220369:0324/200221.495412:INFO:CONSOLE(1435)] "Uncaught SyntaxError: Invalid or unexpected token", source: file:///home/dhia/browser-fuzzer/Dissertation/logger/run_20250324_064826/round_083/mutations/mutated_0004.html (1435)
[220369:220369:0324/200221.506627:INFO:CONSOLE(1436)] "Uncaught SyntaxError: Invalid or unexpected token", source: file:///home/dhia/browser-fuzzer/Dissertation/logger/run_20250324_064826/round_083/mutations/mutated_0004.html (1436)
[220369:220369:0324/200221.516869:INFO:CONSOLE(1449)] "Uncaught SyntaxError: Invalid or unexpected token", source: file:///home/dhia/browser-fuzzer/Dissertation/logger/run_20250324_064826/round_083/mutations/mutated_0004.html (1449)
[220369:220369:0324/200221.613384:INFO:CONSOLE(1451)] "Uncaught SyntaxError: Invalid or unexpected token", source: file:///home/dhia/browser-fuzzer/Dissertation/logger/run_20250324_064826/round_083/mutations/mutated_0004.html (1451)
[220369:220369:0324/200221.633265:INFO:CONSOLE(1452)] "Uncaught SyntaxError: Invalid or unexpected token", source: file:///home/dhia/browser-fuzzer/Dissertation/logger/run_20250324_064826/round_083/mutations/mutated_0004.html (1452)
[220369:220369:0324/200221.639656:INFO:CONSOLE(1453)] "Uncaught SyntaxError: Invalid or unexpected token", source: file:///home/dhia/browser-fuzzer/Dissertation/logger/run_20250324_064826/round_083/mutations/mutated_0004.html (1453)
[220369:220369:0324/200221.751677:INFO:CONSOLE(1487)] "Uncaught SyntaxError: Invalid or unexpected token", source: file:///home/dhia/browser-fuzzer/Dissertation/logger/run_20250324_064826/round_083/mutations/mutated_0004.html (1487)
[220369:220369:0324/200221.762390:INFO:CONSOLE(1488)] "Uncaught SyntaxError: Invalid or unexpected token", source: file:///home/dhia/browser-fuzzer/Dissertation/logger/run_20250324_064826/round_083/mutations/mutated_0004.html (1488)
[220369:220369:0324/200221.767031:INFO:CONSOLE(1489)] "Uncaught SyntaxError: Invalid or unexpected token", source: file:///home/dhia/browser-fuzzer/Dissertation/logger/run_20250324_064826/round_083/mutations/mutated_0004.html (1489)
[220369:220369:0324/200221.902861:INFO:CONSOLE(1490)] "Uncaught SyntaxError: Invalid or unexpected token", source: file:///home/dhia/browser-fuzzer/Dissertation/logger/run_20250324_064826/round_083/mutations/mutated_0004.html (1490)
[220369:220369:0324/200221.910881:INFO:CONSOLE(1491)] "Uncaught SyntaxError: Invalid or unexpected token", source: file:///home/dhia/browser-fuzzer/Dissertation/logger/run_20250324_064826/round_083/mutations/mutated_0004.html (1491)
[220369:220369:0324/200221.916633:INFO:CONSOLE(1492)] "Uncaught SyntaxError: Invalid or unexpected token", source: file:///home/dhia/browser-fuzzer/Dissertation/logger/run_20250324_064826/round_083/mutations/mutated_0004.html (1492)
[220369:220369:0324/200221.996623:INFO:CONSOLE(1572)] "Uncaught SyntaxError: Invalid or unexpected token", source: file:///home/dhia/browser-fuzzer/Dissertation/logger/run_20250324_064826/round_083/mutations/mutated_0004.html (1572)
[220369:220369:0324/200222.004914:INFO:CONSOLE(1573)] "Uncaught SyntaxError: Invalid or unexpected token", source: file:///home/dhia/browser-fuzzer/Dissertation/logger/run_20250324_064826/round_083/mutations/mutated_0004.html (1573)
[220369:220369:0324/200222.313767:INFO:CONSOLE(1574)] "Uncaught SyntaxError: Invalid or unexpected token", source: file:///home/dhia/browser-fuzzer/Dissertation/logger/run_20250324_064826/round_083/mutations/mutated_0004.html (1574)
[220369:220369:0324/200222.320321:INFO:CONSOLE(1579)] "Uncaught SyntaxError: Invalid or unexpected token", source: file:///home/dhia/browser-fuzzer/Dissertation/logger/run_20250324_064826/round_083/mutations/mutated_0004.html (1579)
[220369:220369:0324/200222.336040:INFO:CONSOLE(1580)] "Uncaught SyntaxError: Invalid or unexpected token", source: file:///home/dhia/browser-fuzzer/Dissertation/logger/run_20250324_064826/round_083/mutations/mutated_0004.html (1580)
[220369:220369:0324/200222.342052:INFO:CONSOLE(1581)] "Uncaught SyntaxError: Invalid or unexpected token", source: file:///home/dhia/browser-fuzzer/Dissertation/logger/run_20250324_064826/round_083/mutations/mutated_0004.html (1581)
[220369:220369:0324/200222.517398:INFO:CONSOLE(1587)] "Uncaught SyntaxError: Invalid or unexpected token", source: file:///home/dhia/browser-fuzzer/Dissertation/logger/run_20250324_064826/round_083/mutations/mutated_0004.html (1587)
[220369:220369:0324/200222.526060:INFO:CONSOLE(1659)] "Uncaught SyntaxError: Invalid or unexpected token", source: file:///home/dhia/browser-fuzzer/Dissertation/logger/run_20250324_064826/round_083/mutations/mutated_0004.html (1659)
[220369:220369:0324/200222.868789:INFO:CONSOLE(1660)] "Uncaught SyntaxError: Invalid or unexpected token", source: file:///home/dhia/browser-fuzzer/Dissertation/logger/run_20250324_064826/round_083/mutations/mutated_0004.html (1660)
[220369:220369:0324/200222.873645:INFO:CONSOLE(1662)] "Uncaught SyntaxError: Invalid or unexpected token", source: file:///home/dhia/browser-fuzzer/Dissertation/logger/run_20250324_064826/round_083/mutations/mutated_0004.html (1662)
[220369:220369:0324/200222.880375:INFO:CONSOLE(1663)] "Uncaught SyntaxError: Invalid or unexpected token", source: file:///home/dhia/browser-fuzzer/Dissertation/logger/run_20250324_064826/round_083/mutations/mutated_0004.html (1663)
[220369:220369:0324/200222.998121:INFO:CONSOLE(1664)] "Uncaught SyntaxError: Invalid or unexpected token", source: file:///home/dhia/browser-fuzzer/Dissertation/logger/run_20250324_064826/round_083/mutations/mutated_0004.html (1664)
[220369:220369:0324/200223.014778:INFO:CONSOLE(1665)] "Uncaught SyntaxError: Invalid or unexpected token", source: file:///home/dhia/browser-fuzzer/Dissertation/logger/run_20250324_064826/round_083/mutations/mutated_0004.html (1665)
[220369:220369:0324/200223.019115:INFO:CONSOLE(1667)] "Uncaught SyntaxError: Invalid or unexpected token", source: file:///home/dhia/browser-fuzzer/Dissertation/logger/run_20250324_064826/round_083/mutations/mutated_0004.html (1667)
[220369:220369:0324/200223.144347:INFO:CONSOLE(1668)] "Uncaught SyntaxError: Invalid or unexpected token", source: file:///home/dhia/browser-fuzzer/Dissertation/logger/run_20250324_064826/round_083/mutations/mutated_0004.html (1668)
[220369:220369:0324/200223.327966:INFO:CONSOLE(1701)] "Uncaught SyntaxError: Invalid or unexpected token", source: file:///home/dhia/browser-fuzzer/Dissertation/logger/run_20250324_064826/round_083/mutations/mutated_0004.html (1701)
[220369:220369:0324/200223.340778:INFO:CONSOLE(1702)] "Uncaught SyntaxError: Invalid or unexpected token", source: file:///home/dhia/browser-fuzzer/Dissertation/logger/run_20250324_064826/round_083/mutations/mutated_0004.html (1702)
[220369:220369:0324/200223.360278:INFO:CONSOLE(1703)] "Uncaught SyntaxError: Invalid or unexpected token", source: file:///home/dhia/browser-fuzzer/Dissertation/logger/run_20250324_064826/round_083/mutations/mutated_0004.html (1703)
[220369:220369:0324/200223.569094:INFO:CONSOLE(1717)] "Uncaught SyntaxError: Invalid or unexpected token", source: file:///home/dhia/browser-fuzzer/Dissertation/logger/run_20250324_064826/round_083/mutations/mutated_0004.html (1717)
[220369:220369:0324/200223.589163:INFO:CONSOLE(1718)] "Uncaught SyntaxError: Invalid or unexpected token", source: file:///home/dhia/browser-fuzzer/Dissertation/logger/run_20250324_064826/round_083/mutations/mutated_0004.html (1718)
[220369:220369:0324/200223.759431:INFO:CONSOLE(1742)] "Uncaught SyntaxError: Invalid or unexpected token", source: file:///home/dhia/browser-fuzzer/Dissertation/logger/run_20250324_064826/round_083/mutations/mutated_0004.html (1742)
[220369:220369:0324/200223.765026:INFO:CONSOLE(1743)] "Uncaught SyntaxError: Invalid or unexpected token", source: file:///home/dhia/browser-fuzzer/Dissertation/logger/run_20250324_064826/round_083/mutations/mutated_0004.html (1743)
[220369:220369:0324/200223.769444:INFO:CONSOLE(1745)] "Uncaught SyntaxError: Invalid or unexpected token", source: file:///home/dhia/browser-fuzzer/Dissertation/logger/run_20250324_064826/round_083/mutations/mutated_0004.html (1745)
[220369:220369:0324/200223.944085:INFO:CONSOLE(1754)] "Uncaught SyntaxError: Invalid or unexpected token", source: file:///home/dhia/browser-fuzzer/Dissertation/logger/run_20250324_064826/round_083/mutations/mutated_0004.html (1754)
[220369:220369:0324/200223.950084:INFO:CONSOLE(1791)] "Uncaught SyntaxError: Invalid or unexpected token", source: file:///home/dhia/browser-fuzzer/Dissertation/logger/run_20250324_064826/round_083/mutations/mutated_0004.html (1791)
[220369:220369:0324/200224.162923:INFO:CONSOLE(1792)] "Uncaught SyntaxError: Invalid or unexpected token", source: file:///home/dhia/browser-fuzzer/Dissertation/logger/run_20250324_064826/round_083/mutations/mutated_0004.html (1792)
[220369:220369:0324/200224.193892:INFO:CONSOLE(1805)] "Uncaught SyntaxError: Invalid or unexpected token", source: file:///home/dhia/browser-fuzzer/Dissertation/logger/run_20250324_064826/round_083/mutations/mutated_0004.html (1805)
[220369:220369:0324/200224.199901:INFO:CONSOLE(1819)] "Uncaught SyntaxError: Invalid or unexpected token", source: file:///home/dhia/browser-fuzzer/Dissertation/logger/run_20250324_064826/round_083/mutations/mutated_0004.html (1819)
[220369:220369:0324/200224.335782:INFO:CONSOLE(1820)] "Uncaught SyntaxError: Invalid or unexpected token", source: file:///home/dhia/browser-fuzzer/Dissertation/logger/run_20250324_064826/round_083/mutations/mutated_0004.html (1820)
[220369:220369:0324/200224.345337:INFO:CONSOLE(1821)] "Uncaught SyntaxError: Invalid or unexpected token", source: file:///home/dhia/browser-fuzzer/Dissertation/logger/run_20250324_064826/round_083/mutations/mutated_0004.html (1821)
[220369:220369:0324/200224.479828:INFO:CONSOLE(1825)] "Uncaught SyntaxError: Invalid or unexpected token", source: file:///home/dhia/browser-fuzzer/Dissertation/logger/run_20250324_064826/round_083/mutations/mutated_0004.html (1825)
[220369:220369:0324/200224.487014:INFO:CONSOLE(1838)] "Uncaught SyntaxError: Invalid or unexpected token", source: file:///home/dhia/browser-fuzzer/Dissertation/logger/run_20250324_064826/round_083/mutations/mutated_0004.html (1838)
[220369:220369:0324/200224.612802:INFO:CONSOLE(1854)] "Uncaught SyntaxError: Invalid or unexpected token", source: file:///home/dhia/browser-fuzzer/Dissertation/logger/run_20250324_064826/round_083/mutations/mutated_0004.html (1854)
[220369:220369:0324/200224.629050:INFO:CONSOLE(1926)] "Uncaught SyntaxError: Invalid or unexpected token", source: file:///home/dhia/browser-fuzzer/Dissertation/logger/run_20250324_064826/round_083/mutations/mutated_0004.html (1926)
[220369:220369:0324/200224.645796:INFO:CONSOLE(1939)] "Uncaught SyntaxError: Invalid or unexpected token", source: file:///home/dhia/browser-fuzzer/Dissertation/logger/run_20250324_064826/round_083/mutations/mutated_0004.html (1939)
[220369:220369:0324/200225.114644:INFO:CONSOLE(2081)] "Uncaught SyntaxError: Invalid or unexpected token", source: file:///home/dhia/browser-fuzzer/Dissertation/logger/run_20250324_064826/round_083/mutations/mutated_0004.html (2081)
[220369:220369:0324/200225.120426:INFO:CONSOLE(2082)] "Uncaught SyntaxError: Invalid or unexpected token", source: file:///home/dhia/browser-fuzzer/Dissertation/logger/run_20250324_064826/round_083/mutations/mutated_0004.html (2082)
[220369:220369:0324/200225.637434:INFO:CONSOLE(2170)] "Uncaught SyntaxError: Invalid or unexpected token", source: file:///home/dhia/browser-fuzzer/Dissertation/logger/run_20250324_064826/round_083/mutations/mutated_0004.html (2170)
[220369:220369:0324/200225.654333:INFO:CONSOLE(2171)] "Uncaught SyntaxError: Invalid or unexpected token", source: file:///home/dhia/browser-fuzzer/Dissertation/logger/run_20250324_064826/round_083/mutations/mutated_0004.html (2171)
[220369:220369:0324/200225.665725:INFO:CONSOLE(2172)] "Uncaught SyntaxError: Invalid or unexpected token", source: file:///home/dhia/browser-fuzzer/Dissertation/logger/run_20250324_064826/round_083/mutations/mutated_0004.html (2172)
[220369:220369:0324/200226.250900:INFO:CONSOLE(2173)] "Uncaught SyntaxError: Invalid or unexpected token", source: file:///home/dhia/browser-fuzzer/Dissertation/logger/run_20250324_064826/round_083/mutations/mutated_0004.html (2173)
[220369:220369:0324/200226.258784:INFO:CONSOLE(2174)] "Uncaught SyntaxError: Invalid or unexpected token", source: file:///home/dhia/browser-fuzzer/Dissertation/logger/run_20250324_064826/round_083/mutations/mutated_0004.html (2174)
[220369:220369:0324/200226.266714:INFO:CONSOLE(2175)] "Uncaught SyntaxError: Invalid or unexpected token", source: file:///home/dhia/browser-fuzzer/Dissertation/logger/run_20250324_064826/round_083/mutations/mutated_0004.html (2175)
[220369:220369:0324/200226.535507:INFO:CONSOLE(2274)] "Uncaught SyntaxError: Invalid or unexpected token", source: file:///home/dhia/browser-fuzzer/Dissertation/logger/run_20250324_064826/round_083/mutations/mutated_0004.html (2274)
[220369:220369:0324/200227.071108:INFO:CONSOLE(2368)] "Uncaught SyntaxError: Invalid or unexpected token", source: file:///home/dhia/browser-fuzzer/Dissertation/logger/run_20250324_064826/round_083/mutations/mutated_0004.html (2368)
[220369:220369:0324/200227.395556:INFO:CONSOLE(2393)] "Uncaught SyntaxError: Invalid or unexpected token", source: file:///home/dhia/browser-fuzzer/Dissertation/logger/run_20250324_064826/round_083/mutations/mutated_0004.html (2393)
[220369:220369:0324/200227.402731:INFO:CONSOLE(2394)] "Uncaught SyntaxError: Invalid or unexpected token", source: file:///home/dhia/browser-fuzzer/Dissertation/logger/run_20250324_064826/round_083/mutations/mutated_0004.html (2394)
[220369:220369:0324/200227.613264:INFO:CONSOLE(2411)] "Uncaught SyntaxError: Invalid or unexpected token", source: file:///home/dhia/browser-fuzzer/Dissertation/logger/run_20250324_064826/round_083/mutations/mutated_0004.html (2411)
[220369:220369:0324/200227.629408:INFO:CONSOLE(2412)] "Uncaught SyntaxError: Invalid or unexpected token", source: file:///home/dhia/browser-fuzzer/Dissertation/logger/run_20250324_064826/round_083/mutations/mutated_0004.html (2412)
[220369:220369:0324/200227.635910:INFO:CONSOLE(2443)] "Uncaught SyntaxError: Invalid or unexpected token", source: file:///home/dhia/browser-fuzzer/Dissertation/logger/run_20250324_064826/round_083/mutations/mutated_0004.html (2443)
[220369:220369:0324/200227.852528:INFO:CONSOLE(2444)] "Uncaught SyntaxError: Invalid or unexpected token", source: file:///home/dhia/browser-fuzzer/Dissertation/logger/run_20250324_064826/round_083/mutations/mutated_0004.html (2444)
[220369:220369:0324/200227.863000:INFO:CONSOLE(2445)] "Uncaught SyntaxError: Invalid or unexpected token", source: file:///home/dhia/browser-fuzzer/Dissertation/logger/run_20250324_064826/round_083/mutations/mutated_0004.html (2445)
[220369:220369:0324/200228.077480:INFO:CONSOLE(2452)] "Uncaught SyntaxError: Invalid or unexpected token", source: file:///home/dhia/browser-fuzzer/Dissertation/logger/run_20250324_064826/round_083/mutations/mutated_0004.html (2452)
[220369:220369:0324/200228.086543:INFO:CONSOLE(2453)] "Uncaught SyntaxError: Invalid or unexpected token", source: file:///home/dhia/browser-fuzzer/Dissertation/logger/run_20250324_064826/round_083/mutations/mutated_0004.html (2453)
[220369:220369:0324/200228.097586:INFO:CONSOLE(2460)] "Uncaught SyntaxError: Invalid or unexpected token", source: file:///home/dhia/browser-fuzzer/Dissertation/logger/run_20250324_064826/round_083/mutations/mutated_0004.html (2460)
[220369:220369:0324/200228.312559:INFO:CONSOLE(2461)] "Uncaught SyntaxError: Invalid or unexpected token", source: file:///home/dhia/browser-fuzzer/Dissertation/logger/run_20250324_064826/round_083/mutations/mutated_0004.html (2461)
[220369:220369:0324/200228.336998:INFO:CONSOLE(2480)] "Uncaught SyntaxError: Invalid or unexpected token", source: file:///home/dhia/browser-fuzzer/Dissertation/logger/run_20250324_064826/round_083/mutations/mutated_0004.html (2480)
[220369:220369:0324/200228.510150:INFO:CONSOLE(2490)] "Uncaught SyntaxError: Invalid or unexpected token", source: file:///home/dhia/browser-fuzzer/Dissertation/logger/run_20250324_064826/round_083/mutations/mutated_0004.html (2490)
[220369:220369:0324/200228.742778:INFO:CONSOLE(2500)] "Uncaught SyntaxError: Invalid or unexpected token", source: file:///home/dhia/browser-fuzzer/Dissertation/logger/run_20250324_064826/round_083/mutations/mutated_0004.html (2500)
[220369:220369:0324/200228.760600:INFO:CONSOLE(2511)] "Uncaught SyntaxError: Invalid or unexpected token", source: file:///home/dhia/browser-fuzzer/Dissertation/logger/run_20250324_064826/round_083/mutations/mutated_0004.html (2511)
[220369:220369:0324/200229.005422:INFO:CONSOLE(2536)] "Uncaught SyntaxError: Invalid or unexpected token", source: file:///home/dhia/browser-fuzzer/Dissertation/logger/run_20250324_064826/round_083/mutations/mutated_0004.html (2536)
[220369:220369:0324/200229.257768:INFO:CONSOLE(2552)] "Uncaught SyntaxError: Invalid or unexpected token", source: file:///home/dhia/browser-fuzzer/Dissertation/logger/run_20250324_064826/round_083/mutations/mutated_0004.html (2552)
[220369:220369:0324/200229.269343:INFO:CONSOLE(2553)] "Uncaught SyntaxError: Invalid or unexpected token", source: file:///home/dhia/browser-fuzzer/Dissertation/logger/run_20250324_064826/round_083/mutations/mutated_0004.html (2553)
[220369:220369:0324/200229.280870:INFO:CONSOLE(2554)] "Uncaught SyntaxError: Invalid or unexpected token", source: file:///home/dhia/browser-fuzzer/Dissertation/logger/run_20250324_064826/round_083/mutations/mutated_0004.html (2554)
[220369:220369:0324/200229.521998:INFO:CONSOLE(2555)] "Uncaught SyntaxError: Invalid or unexpected token", source: file:///home/dhia/browser-fuzzer/Dissertation/logger/run_20250324_064826/round_083/mutations/mutated_0004.html (2555)
[220369:220369:0324/200229.533194:INFO:CONSOLE(2580)] "Uncaught SyntaxError: Invalid or unexpected token", source: file:///home/dhia/browser-fuzzer/Dissertation/logger/run_20250324_064826/round_083/mutations/mutated_0004.html (2580)
[220369:220369:0324/200229.542065:INFO:CONSOLE(2581)] "Uncaught SyntaxError: Invalid or unexpected token", source: file:///home/dhia/browser-fuzzer/Dissertation/logger/run_20250324_064826/round_083/mutations/mutated_0004.html (2581)
[220369:220369:0324/200229.766399:INFO:CONSOLE(2582)] "Uncaught SyntaxError: Invalid or unexpected token", source: file:///home/dhia/browser-fuzzer/Dissertation/logger/run_20250324_064826/round_083/mutations/mutated_0004.html (2582)
[220369:220369:0324/200229.774880:INFO:CONSOLE(2583)] "Uncaught SyntaxError: Invalid or unexpected token", source: file:///home/dhia/browser-fuzzer/Dissertation/logger/run_20250324_064826/round_083/mutations/mutated_0004.html (2583)
[220369:220369:0324/200229.782526:INFO:CONSOLE(2589)] "Uncaught SyntaxError: Invalid or unexpected token", source: file:///home/dhia/browser-fuzzer/Dissertation/logger/run_20250324_064826/round_083/mutations/mutated_0004.html (2589)
[220369:220369:0324/200229.805613:INFO:CONSOLE(2614)] "Uncaught SyntaxError: Invalid or unexpected token", source: file:///home/dhia/browser-fuzzer/Dissertation/logger/run_20250324_064826/round_083/mutations/mutated_0004.html (2614)
[220369:220369:0324/200229.826393:INFO:CONSOLE(2632)] "Uncaught SyntaxError: Invalid or unexpected token", source: file:///home/dhia/browser-fuzzer/Dissertation/logger/run_20250324_064826/round_083/mutations/mutated_0004.html (2632)
[220369:220369:0324/200230.107979:INFO:CONSOLE(2633)] "Uncaught SyntaxError: Invalid or unexpected token", source: file:///home/dhia/browser-fuzzer/Dissertation/logger/run_20250324_064826/round_083/mutations/mutated_0004.html (2633)
[220369:220369:0324/200230.113318:INFO:CONSOLE(2646)] "Uncaught SyntaxError: Invalid or unexpected token", source: file:///home/dhia/browser-fuzzer/Dissertation/logger/run_20250324_064826/round_083/mutations/mutated_0004.html (2646)
[220369:220369:0324/200230.116660:INFO:CONSOLE(2647)] "Uncaught SyntaxError: Invalid or unexpected token", source: file:///home/dhia/browser-fuzzer/Dissertation/logger/run_20250324_064826/round_083/mutations/mutated_0004.html (2647)
[220369:220369:0324/200230.336899:INFO:CONSOLE(2648)] "Uncaught SyntaxError: Invalid or unexpected token", source: file:///home/dhia/browser-fuzzer/Dissertation/logger/run_20250324_064826/round_083/mutations/mutated_0004.html (2648)
[220369:220369:0324/200230.547832:INFO:CONSOLE(2652)] "Uncaught SyntaxError: Invalid or unexpected token", source: file:///home/dhia/browser-fuzzer/Dissertation/logger/run_20250324_064826/round_083/mutations/mutated_0004.html (2652)
[220369:220369:0324/200230.557083:INFO:CONSOLE(2663)] "Uncaught SyntaxError: Invalid or unexpected token", source: file:///home/dhia/browser-fuzzer/Dissertation/logger/run_20250324_064826/round_083/mutations/mutated_0004.html (2663)
[220369:220369:0324/200230.817431:INFO:CONSOLE(2664)] "Uncaught SyntaxError: Invalid or unexpected token", source: file:///home/dhia/browser-fuzzer/Dissertation/logger/run_20250324_064826/round_083/mutations/mutated_0004.html (2664)
[220369:220369:0324/200230.829189:INFO:CONSOLE(2678)] "Uncaught SyntaxError: Invalid or unexpected token", source: file:///home/dhia/browser-fuzzer/Dissertation/logger/run_20250324_064826/round_083/mutations/mutated_0004.html (2678)
[220369:220369:0324/200231.012145:INFO:CONSOLE(2682)] "Uncaught SyntaxError: Invalid or unexpected token", source: file:///home/dhia/browser-fuzzer/Dissertation/logger/run_20250324_064826/round_083/mutations/mutated_0004.html (2682)
[220369:220369:0324/200231.026166:INFO:CONSOLE(2683)] "Uncaught SyntaxError: Invalid or unexpected token", source: file:///home/dhia/browser-fuzzer/Dissertation/logger/run_20250324_064826/round_083/mutations/mutated_0004.html (2683)
[220369:220369:0324/200231.262274:INFO:CONSOLE(2874)] "Uncaught SyntaxError: Invalid or unexpected token", source: file:///home/dhia/browser-fuzzer/Dissertation/logger/run_20250324_064826/round_083/mutations/mutated_0004.html (2874)
[220369:220369:0324/200231.269140:INFO:CONSOLE(2875)] "Uncaught SyntaxError: Invalid or unexpected token", source: file:///home/dhia/browser-fuzzer/Dissertation/logger/run_20250324_064826/round_083/mutations/mutated_0004.html (2875)
[220369:220369:0324/200232.075290:INFO:CONSOLE(2948)] "Uncaught SyntaxError: Invalid or unexpected token", source: file:///home/dhia/browser-fuzzer/Dissertation/logger/run_20250324_064826/round_083/mutations/mutated_0004.html (2948)
[220369:220369:0324/200232.464521:INFO:CONSOLE(3180)] "Uncaught SyntaxError: Invalid or unexpected token", source: file:///home/dhia/browser-fuzzer/Dissertation/logger/run_20250324_064826/round_083/mutations/mutated_0004.html (3180)
[220369:220369:0324/200232.474054:INFO:CONSOLE(3181)] "Uncaught SyntaxError: Invalid or unexpected token", source: file:///home/dhia/browser-fuzzer/Dissertation/logger/run_20250324_064826/round_083/mutations/mutated_0004.html (3181)
[220369:220369:0324/200232.488485:INFO:CONSOLE(3182)] "Uncaught SyntaxError: Invalid or unexpected token", source: file:///home/dhia/browser-fuzzer/Dissertation/logger/run_20250324_064826/round_083/mutations/mutated_0004.html (3182)
[220369:220369:0324/200233.837301:INFO:CONSOLE(3183)] "Uncaught SyntaxError: Invalid or unexpected token", source: file:///home/dhia/browser-fuzzer/Dissertation/logger/run_20250324_064826/round_083/mutations/mutated_0004.html (3183)
[220369:220369:0324/200233.847535:INFO:CONSOLE(3185)] "Uncaught SyntaxError: Invalid or unexpected token", source: file:///home/dhia/browser-fuzzer/Dissertation/logger/run_20250324_064826/round_083/mutations/mutated_0004.html (3185)
[220369:220369:0324/200233.889092:INFO:CONSOLE(3195)] "Uncaught SyntaxError: Invalid or unexpected token", source: file:///home/dhia/browser-fuzzer/Dissertation/logger/run_20250324_064826/round_083/mutations/mutated_0004.html (3195)
[220369:220369:0324/200233.899623:INFO:CONSOLE(3232)] "Uncaught SyntaxError: Invalid or unexpected token", source: file:///home/dhia/browser-fuzzer/Dissertation/logger/run_20250324_064826/round_083/mutations/mutated_0004.html (3232)
[220369:220369:0324/200234.114546:INFO:CONSOLE(3233)] "Uncaught SyntaxError: Invalid or unexpected token", source: file:///home/dhia/browser-fuzzer/Dissertation/logger/run_20250324_064826/round_083/mutations/mutated_0004.html (3233)
[220369:220369:0324/200234.133301:INFO:CONSOLE(3235)] "Uncaught SyntaxError: Invalid or unexpected token", source: file:///home/dhia/browser-fuzzer/Dissertation/logger/run_20250324_064826/round_083/mutations/mutated_0004.html (3235)
[220369:220369:0324/200234.142480:INFO:CONSOLE(3236)] "Uncaught SyntaxError: Invalid or unexpected token", source: file:///home/dhia/browser-fuzzer/Dissertation/logger/run_20250324_064826/round_083/mutations/mutated_0004.html (3236)
[220369:220369:0324/200234.341616:INFO:CONSOLE(3243)] "Uncaught SyntaxError: Invalid or unexpected token", source: file:///home/dhia/browser-fuzzer/Dissertation/logger/run_20250324_064826/round_083/mutations/mutated_0004.html (3243)
[220369:220369:0324/200234.346465:INFO:CONSOLE(3244)] "Uncaught SyntaxError: Invalid or unexpected token", source: file:///home/dhia/browser-fuzzer/Dissertation/logger/run_20250324_064826/round_083/mutations/mutated_0004.html (3244)
[220369:220369:0324/200234.350744:INFO:CONSOLE(3249)] "Uncaught SyntaxError: Invalid or unexpected token", source: file:///home/dhia/browser-fuzzer/Dissertation/logger/run_20250324_064826/round_083/mutations/mutated_0004.html (3249)
[220369:220369:0324/200234.566960:INFO:CONSOLE(3250)] "Uncaught SyntaxError: Invalid or unexpected token", source: file:///home/dhia/browser-fuzzer/Dissertation/logger/run_20250324_064826/round_083/mutations/mutated_0004.html (3250)
[220369:220369:0324/200234.570557:INFO:CONSOLE(3251)] "Uncaught SyntaxError: Invalid or unexpected token", source: file:///home/dhia/browser-fuzzer/Dissertation/logger/run_20250324_064826/round_083/mutations/mutated_0004.html (3251)
[220369:220369:0324/200234.782591:INFO:CONSOLE(3257)] "Uncaught SyntaxError: Invalid or unexpected token", source: file:///home/dhia/browser-fuzzer/Dissertation/logger/run_20250324_064826/round_083/mutations/mutated_0004.html (3257)
[220369:220369:0324/200234.786485:INFO:CONSOLE(3329)] "Uncaught SyntaxError: Invalid or unexpected token", source: file:///home/dhia/browser-fuzzer/Dissertation/logger/run_20250324_064826/round_083/mutations/mutated_0004.html (3329)
[220369:220369:0324/200234.807314:INFO:CONSOLE(3330)] "Uncaught SyntaxError: Invalid or unexpected token", source: file:///home/dhia/browser-fuzzer/Dissertation/logger/run_20250324_064826/round_083/mutations/mutated_0004.html (3330)
[220369:220369:0324/200235.669767:INFO:CONSOLE(3331)] "Uncaught SyntaxError: Invalid or unexpected token", source: file:///home/dhia/browser-fuzzer/Dissertation/logger/run_20250324_064826/round_083/mutations/mutated_0004.html (3331)
[220369:220369:0324/200235.679165:INFO:CONSOLE(3346)] "Uncaught SyntaxError: Invalid or unexpected token", source: file:///home/dhia/browser-fuzzer/Dissertation/logger/run_20250324_064826/round_083/mutations/mutated_0004.html (3346)
[220369:220369:0324/200235.684990:INFO:CONSOLE(3347)] "Uncaught SyntaxError: Invalid or unexpected token", source: file:///home/dhia/browser-fuzzer/Dissertation/logger/run_20250324_064826/round_083/mutations/mutated_0004.html (3347)
[220369:220369:0324/200235.920007:INFO:CONSOLE(3371)] "Uncaught SyntaxError: Invalid or unexpected token", source: file:///home/dhia/browser-fuzzer/Dissertation/logger/run_20250324_064826/round_083/mutations/mutated_0004.html (3371)
[220369:220369:0324/200235.930035:INFO:CONSOLE(3372)] "Uncaught SyntaxError: Invalid or unexpected token", source: file:///home/dhia/browser-fuzzer/Dissertation/logger/run_20250324_064826/round_083/mutations/mutated_0004.html (3372)
[220369:220369:0324/200235.945748:INFO:CONSOLE(3374)] "Uncaught SyntaxError: Invalid or unexpected token", source: file:///home/dhia/browser-fuzzer/Dissertation/logger/run_20250324_064826/round_083/mutations/mutated_0004.html (3374)
[220369:220369:0324/200236.216355:INFO:CONSOLE(3375)] "Uncaught SyntaxError: Invalid or unexpected token", source: file:///home/dhia/browser-fuzzer/Dissertation/logger/run_20250324_064826/round_083/mutations/mutated_0004.html (3375)
[220369:220369:0324/200236.234231:INFO:CONSOLE(3376)] "Uncaught SyntaxError: Invalid or unexpected token", source: file:///home/dhia/browser-fuzzer/Dissertation/logger/run_20250324_064826/round_083/mutations/mutated_0004.html (3376)
[220369:220369:0324/200236.484277:INFO:CONSOLE(3390)] "Uncaught SyntaxError: Invalid or unexpected token", source: file:///home/dhia/browser-fuzzer/Dissertation/logger/run_20250324_064826/round_083/mutations/mutated_0004.html (3390)
[220369:220369:0324/200236.496905:INFO:CONSOLE(3391)] "Uncaught SyntaxError: Invalid or unexpected token", source: file:///home/dhia/browser-fuzzer/Dissertation/logger/run_20250324_064826/round_083/mutations/mutated_0004.html (3391)
[220369:220369:0324/200236.810553:INFO:CONSOLE(3437)] "Uncaught SyntaxError: Invalid or unexpected token", source: file:///home/dhia/browser-fuzzer/Dissertation/logger/run_20250324_064826/round_083/mutations/mutated_0004.html (3437)
[220369:220369:0324/200236.817604:INFO:CONSOLE(3438)] "Uncaught SyntaxError: Invalid or unexpected token", source: file:///home/dhia/browser-fuzzer/Dissertation/logger/run_20250324_064826/round_083/mutations/mutated_0004.html (3438)
[220369:220369:0324/200236.821111:INFO:CONSOLE(3439)] "Uncaught SyntaxError: Invalid or unexpected token", source: file:///home/dhia/browser-fuzzer/Dissertation/logger/run_20250324_064826/round_083/mutations/mutated_0004.html (3439)
[220369:220369:0324/200237.171481:INFO:CONSOLE(3440)] "Uncaught SyntaxError: Invalid or unexpected token", source: file:///home/dhia/browser-fuzzer/Dissertation/logger/run_20250324_064826/round_083/mutations/mutated_0004.html (3440)
[220369:220369:0324/200237.186028:INFO:CONSOLE(3441)] "Uncaught SyntaxError: Invalid or unexpected token", source: file:///home/dhia/browser-fuzzer/Dissertation/logger/run_20250324_064826/round_083/mutations/mutated_0004.html (3441)
[220369:220369:0324/200237.245198:INFO:CONSOLE(3509)] "Uncaught SyntaxError: Invalid or unexpected token", source: file:///home/dhia/browser-fuzzer/Dissertation/logger/run_20250324_064826/round_083/mutations/mutated_0004.html (3509)
[220369:220369:0324/200237.252496:INFO:CONSOLE(3510)] "Uncaught SyntaxError: Invalid or unexpected token", source: file:///home/dhia/browser-fuzzer/Dissertation/logger/run_20250324_064826/round_083/mutations/mutated_0004.html (3510)
[220369:220369:0324/200237.632314:INFO:CONSOLE(3511)] "Uncaught SyntaxError: Invalid or unexpected token", source: file:///home/dhia/browser-fuzzer/Dissertation/logger/run_20250324_064826/round_083/mutations/mutated_0004.html (3511)
[220369:220369:0324/200237.636210:INFO:CONSOLE(3512)] "Uncaught SyntaxError: Invalid or unexpected token", source: file:///home/dhia/browser-fuzzer/Dissertation/logger/run_20250324_064826/round_083/mutations/mutated_0004.html (3512)
[220369:220369:0324/200237.861844:INFO:CONSOLE(3513)] "Uncaught SyntaxError: Invalid or unexpected token", source: file:///home/dhia/browser-fuzzer/Dissertation/logger/run_20250324_064826/round_083/mutations/mutated_0004.html (3513)
[220369:220369:0324/200237.867652:INFO:CONSOLE(3514)] "Uncaught SyntaxError: Invalid or unexpected token", source: file:///home/dhia/browser-fuzzer/Dissertation/logger/run_20250324_064826/round_083/mutations/mutated_0004.html (3514)
[220369:220369:0324/200237.880685:INFO:CONSOLE(3515)] "Uncaught SyntaxError: Invalid or unexpected token", source: file:///home/dhia/browser-fuzzer/Dissertation/logger/run_20250324_064826/round_083/mutations/mutated_0004.html (3515)
[220369:220369:0324/200238.086931:INFO:CONSOLE(3516)] "Uncaught SyntaxError: Invalid or unexpected token", source: file:///home/dhia/browser-fuzzer/Dissertation/logger/run_20250324_064826/round_083/mutations/mutated_0004.html (3516)
[220369:220369:0324/200238.096163:INFO:CONSOLE(3517)] "Uncaught SyntaxError: Invalid or unexpected token", source: file:///home/dhia/browser-fuzzer/Dissertation/logger/run_20250324_064826/round_083/mutations/mutated_0004.html (3517)
[220369:220369:0324/200238.410079:INFO:CONSOLE(3519)] "Uncaught SyntaxError: Invalid or unexpected token", source: file:///home/dhia/browser-fuzzer/Dissertation/logger/run_20250324_064826/round_083/mutations/mutated_0004.html (3519)
[220369:220369:0324/200238.415890:INFO:CONSOLE(3520)] "Uncaught SyntaxError: Invalid or unexpected token", source: file:///home/dhia/browser-fuzzer/Dissertation/logger/run_20250324_064826/round_083/mutations/mutated_0004.html (3520)
[220369:220369:0324/200238.673650:INFO:CONSOLE(3529)] "Uncaught SyntaxError: Invalid or unexpected token", source: file:///home/dhia/browser-fuzzer/Dissertation/logger/run_20250324_064826/round_083/mutations/mutated_0004.html (3529)
[220369:220369:0324/200238.694542:INFO:CONSOLE(3594)] "Uncaught SyntaxError: Invalid or unexpected token", source: file:///home/dhia/browser-fuzzer/Dissertation/logger/run_20250324_064826/round_083/mutations/mutated_0004.html (3594)
[220369:220369:0324/200239.351170:INFO:CONSOLE(3595)] "Uncaught SyntaxError: Invalid or unexpected token", source: file:///home/dhia/browser-fuzzer/Dissertation/logger/run_20250324_064826/round_083/mutations/mutated_0004.html (3595)
[220369:220369:0324/200239.370768:INFO:CONSOLE(3596)] "Uncaught SyntaxError: Invalid or unexpected token", source: file:///home/dhia/browser-fuzzer/Dissertation/logger/run_20250324_064826/round_083/mutations/mutated_0004.html (3596)
[220369:220369:0324/200239.383567:INFO:CONSOLE(3597)] "Uncaught SyntaxError: Invalid or unexpected token", source: file:///home/dhia/browser-fuzzer/Dissertation/logger/run_20250324_064826/round_083/mutations/mutated_0004.html (3597)
[220369:220369:0324/200239.627140:INFO:CONSOLE(3599)] "Uncaught SyntaxError: Invalid or unexpected token", source: file:///home/dhia/browser-fuzzer/Dissertation/logger/run_20250324_064826/round_083/mutations/mutated_0004.html (3599)
[220369:220369:0324/200239.630558:INFO:CONSOLE(3600)] "Uncaught SyntaxError: Invalid or unexpected token", source: file:///home/dhia/browser-fuzzer/Dissertation/logger/run_20250324_064826/round_083/mutations/mutated_0004.html (3600)
[220369:220369:0324/200239.877411:INFO:CONSOLE(3607)] "Uncaught SyntaxError: Invalid or unexpected token", source: file:///home/dhia/browser-fuzzer/Dissertation/logger/run_20250324_064826/round_083/mutations/mutated_0004.html (3607)
[220369:220369:0324/200239.883687:INFO:CONSOLE(3608)] "Uncaught SyntaxError: Invalid or unexpected token", source: file:///home/dhia/browser-fuzzer/Dissertation/logger/run_20250324_064826/round_083/mutations/mutated_0004.html (3608)
[220369:220369:0324/200239.896889:INFO:CONSOLE(3613)] "Uncaught SyntaxError: Invalid or unexpected token", source: file:///home/dhia/browser-fuzzer/Dissertation/logger/run_20250324_064826/round_083/mutations/mutated_0004.html (3613)
[220369:220369:0324/200240.145942:INFO:CONSOLE(3614)] "Uncaught SyntaxError: Invalid or unexpected token", source: file:///home/dhia/browser-fuzzer/Dissertation/logger/run_20250324_064826/round_083/mutations/mutated_0004.html (3614)
[220369:220369:0324/200240.164207:INFO:CONSOLE(3620)] "Uncaught SyntaxError: Invalid or unexpected token", source: file:///home/dhia/browser-fuzzer/Dissertation/logger/run_20250324_064826/round_083/mutations/mutated_0004.html (3620)
[220369:220369:0324/200240.414356:INFO:CONSOLE(3692)] "Uncaught SyntaxError: Invalid or unexpected token", source: file:///home/dhia/browser-fuzzer/Dissertation/logger/run_20250324_064826/round_083/mutations/mutated_0004.html (3692)
[220369:220369:0324/200240.418919:INFO:CONSOLE(3693)] "Uncaught SyntaxError: Invalid or unexpected token", source: file:///home/dhia/browser-fuzzer/Dissertation/logger/run_20250324_064826/round_083/mutations/mutated_0004.html (3693)
[220369:220369:0324/200240.438323:INFO:CONSOLE(3694)] "Uncaught SyntaxError: Invalid or unexpected token", source: file:///home/dhia/browser-fuzzer/Dissertation/logger/run_20250324_064826/round_083/mutations/mutated_0004.html (3694)
[220369:220369:0324/200241.394598:INFO:CONSOLE(3721)] "Uncaught SyntaxError: Invalid or unexpected token", source: file:///home/dhia/browser-fuzzer/Dissertation/logger/run_20250324_064826/round_083/mutations/mutated_0004.html (3721)
[220369:220369:0324/200241.403050:INFO:CONSOLE(3722)] "Uncaught SyntaxError: Invalid or unexpected token", source: file:///home/dhia/browser-fuzzer/Dissertation/logger/run_20250324_064826/round_083/mutations/mutated_0004.html (3722)
[220369:220369:0324/200241.415948:INFO:CONSOLE(3735)] "Uncaught SyntaxError: Invalid or unexpected token", source: file:///home/dhia/browser-fuzzer/Dissertation/logger/run_20250324_064826/round_083/mutations/mutated_0004.html (3735)
[220369:220369:0324/200241.672492:INFO:CONSOLE(3736)] "Uncaught SyntaxError: Invalid or unexpected token", source: file:///home/dhia/browser-fuzzer/Dissertation/logger/run_20250324_064826/round_083/mutations/mutated_0004.html (3736)
[220369:220369:0324/200241.948976:INFO:CONSOLE(3781)] "Uncaught SyntaxError: Invalid or unexpected token", source: file:///home/dhia/browser-fuzzer/Dissertation/logger/run_20250324_064826/round_083/mutations/mutated_0004.html (3781)
[220369:220369:0324/200241.965470:INFO:CONSOLE(3782)] "Uncaught SyntaxError: Invalid or unexpected token", source: file:///home/dhia/browser-fuzzer/Dissertation/logger/run_20250324_064826/round_083/mutations/mutated_0004.html (3782)
[220369:220369:0324/200241.969345:INFO:CONSOLE(3784)] "Uncaught SyntaxError: Invalid or unexpected token", source: file:///home/dhia/browser-fuzzer/Dissertation/logger/run_20250324_064826/round_083/mutations/mutated_0004.html (3784)
[220369:220369:0324/200242.304034:INFO:CONSOLE(3785)] "Uncaught SyntaxError: Invalid or unexpected token", source: file:///home/dhia/browser-fuzzer/Dissertation/logger/run_20250324_064826/round_083/mutations/mutated_0004.html (3785)
[220369:220369:0324/200242.313753:INFO:CONSOLE(3786)] "Uncaught SyntaxError: Invalid or unexpected token", source: file:///home/dhia/browser-fuzzer/Dissertation/logger/run_20250324_064826/round_083/mutations/mutated_0004.html (3786)
[220369:220369:0324/200242.338816:INFO:CONSOLE(3788)] "Uncaught SyntaxError: Invalid or unexpected token", source: file:///home/dhia/browser-fuzzer/Dissertation/logger/run_20250324_064826/round_083/mutations/mutated_0004.html (3788)
[220369:220369:0324/200242.346222:INFO:CONSOLE(3789)] "Uncaught SyntaxError: Invalid or unexpected token", source: file:///home/dhia/browser-fuzzer/Dissertation/logger/run_20250324_064826/round_083/mutations/mutated_0004.html (3789)
[220369:220369:0324/200242.633087:INFO:CONSOLE(3813)] "Uncaught SyntaxError: Invalid or unexpected token", source: file:///home/dhia/browser-fuzzer/Dissertation/logger/run_20250324_064826/round_083/mutations/mutated_0004.html (3813)
[220369:220369:0324/200242.636416:INFO:CONSOLE(3814)] "Uncaught SyntaxError: Invalid or unexpected token", source: file:///home/dhia/browser-fuzzer/Dissertation/logger/run_20250324_064826/round_083/mutations/mutated_0004.html (3814)
[220369:220369:0324/200242.639873:INFO:CONSOLE(3815)] "Uncaught SyntaxError: Invalid or unexpected token", source: file:///home/dhia/browser-fuzzer/Dissertation/logger/run_20250324_064826/round_083/mutations/mutated_0004.html (3815)
[220369:220369:0324/200242.909536:INFO:CONSOLE(3816)] "Uncaught SyntaxError: Invalid or unexpected token", source: file:///home/dhia/browser-fuzzer/Dissertation/logger/run_20250324_064826/round_083/mutations/mutated_0004.html (3816)
[220369:220369:0324/200242.920301:INFO:CONSOLE(3817)] "Uncaught SyntaxError: Invalid or unexpected token", source: file:///home/dhia/browser-fuzzer/Dissertation/logger/run_20250324_064826/round_083/mutations/mutated_0004.html (3817)
[220369:220369:0324/200243.140430:INFO:CONSOLE(3818)] "Uncaught SyntaxError: Invalid or unexpected token", source: file:///home/dhia/browser-fuzzer/Dissertation/logger/run_20250324_064826/round_083/mutations/mutated_0004.html (3818)
[220369:220369:0324/200243.468600:INFO:CONSOLE(3885)] "Uncaught SyntaxError: Invalid or unexpected token", source: file:///home/dhia/browser-fuzzer/Dissertation/logger/run_20250324_064826/round_083/mutations/mutated_0004.html (3885)
[220369:220369:0324/200243.474870:INFO:CONSOLE(3886)] "Uncaught SyntaxError: Invalid or unexpected token", source: file:///home/dhia/browser-fuzzer/Dissertation/logger/run_20250324_064826/round_083/mutations/mutated_0004.html (3886)
[220369:220369:0324/200243.482990:INFO:CONSOLE(3887)] "Uncaught SyntaxError: Invalid or unexpected token", source: file:///home/dhia/browser-fuzzer/Dissertation/logger/run_20250324_064826/round_083/mutations/mutated_0004.html (3887)
[220369:220369:0324/200243.883747:INFO:CONSOLE(3892)] "Uncaught SyntaxError: Invalid or unexpected token", source: file:///home/dhia/browser-fuzzer/Dissertation/logger/run_20250324_064826/round_083/mutations/mutated_0004.html (3892)
[220369:220369:0324/200243.890551:INFO:CONSOLE(3893)] "Uncaught SyntaxError: Invalid or unexpected token", source: file:///home/dhia/browser-fuzzer/Dissertation/logger/run_20250324_064826/round_083/mutations/mutated_0004.html (3893)
[220369:220369:0324/200244.149476:INFO:CONSOLE(3899)] "Uncaught SyntaxError: Invalid or unexpected token", source: file:///home/dhia/browser-fuzzer/Dissertation/logger/run_20250324_064826/round_083/mutations/mutated_0004.html (3899)
[220369:220369:0324/200244.159601:INFO:CONSOLE(3971)] "Uncaught SyntaxError: Invalid or unexpected token", source: file:///home/dhia/browser-fuzzer/Dissertation/logger/run_20250324_064826/round_083/mutations/mutated_0004.html (3971)
[220369:220369:0324/200245.299220:INFO:CONSOLE(3972)] "Uncaught SyntaxError: Invalid or unexpected token", source: file:///home/dhia/browser-fuzzer/Dissertation/logger/run_20250324_064826/round_083/mutations/mutated_0004.html (3972)
[220369:220369:0324/200245.317769:INFO:CONSOLE(3987)] "Uncaught SyntaxError: Invalid or unexpected token", source: file:///home/dhia/browser-fuzzer/Dissertation/logger/run_20250324_064826/round_083/mutations/mutated_0004.html (3987)
[220369:220369:0324/200245.324399:INFO:CONSOLE(3988)] "Uncaught SyntaxError: Invalid or unexpected token", source: file:///home/dhia/browser-fuzzer/Dissertation/logger/run_20250324_064826/round_083/mutations/mutated_0004.html (3988)
[220369:220369:0324/200245.534188:INFO:CONSOLE(3989)] "Uncaught SyntaxError: Invalid or unexpected token", source: file:///home/dhia/browser-fuzzer/Dissertation/logger/run_20250324_064826/round_083/mutations/mutated_0004.html (3989)
[220369:220369:0324/200245.793217:INFO:CONSOLE(4013)] "Uncaught SyntaxError: Invalid or unexpected token", source: file:///home/dhia/browser-fuzzer/Dissertation/logger/run_20250324_064826/round_083/mutations/mutated_0004.html (4013)
[220369:220369:0324/200245.799717:INFO:CONSOLE(4014)] "Uncaught SyntaxError: Invalid or unexpected token", source: file:///home/dhia/browser-fuzzer/Dissertation/logger/run_20250324_064826/round_083/mutations/mutated_0004.html (4014)
[220369:220369:0324/200245.805954:INFO:CONSOLE(4015)] "Uncaught SyntaxError: Invalid or unexpected token", source: file:///home/dhia/browser-fuzzer/Dissertation/logger/run_20250324_064826/round_083/mutations/mutated_0004.html (4015)
[220369:220369:0324/200246.068656:INFO:CONSOLE(4017)] "Uncaught SyntaxError: Invalid or unexpected token", source: file:///home/dhia/browser-fuzzer/Dissertation/logger/run_20250324_064826/round_083/mutations/mutated_0004.html (4017)
[220369:220369:0324/200246.083068:INFO:CONSOLE(4018)] "Uncaught SyntaxError: Invalid or unexpected token", source: file:///home/dhia/browser-fuzzer/Dissertation/logger/run_20250324_064826/round_083/mutations/mutated_0004.html (4018)
[220369:220369:0324/200246.087966:INFO:CONSOLE(4019)] "Uncaught SyntaxError: Invalid or unexpected token", source: file:///home/dhia/browser-fuzzer/Dissertation/logger/run_20250324_064826/round_083/mutations/mutated_0004.html (4019)
[220369:220369:0324/200246.348143:INFO:CONSOLE(4020)] "Uncaught SyntaxError: Invalid or unexpected token", source: file:///home/dhia/browser-fuzzer/Dissertation/logger/run_20250324_064826/round_083/mutations/mutated_0004.html (4020)
[220369:220369:0324/200246.365001:INFO:CONSOLE(4022)] "Uncaught SyntaxError: Invalid or unexpected token", source: file:///home/dhia/browser-fuzzer/Dissertation/logger/run_20250324_064826/round_083/mutations/mutated_0004.html (4022)
[220369:220369:0324/200246.368441:INFO:CONSOLE(4023)] "Uncaught SyntaxError: Invalid or unexpected token", source: file:///home/dhia/browser-fuzzer/Dissertation/logger/run_20250324_064826/round_083/mutations/mutated_0004.html (4023)
[220369:220369:0324/200246.639494:INFO:CONSOLE(4047)] "Uncaught SyntaxError: Invalid or unexpected token", source: file:///home/dhia/browser-fuzzer/Dissertation/logger/run_20250324_064826/round_083/mutations/mutated_0004.html (4047)
[220369:220369:0324/200246.649129:INFO:CONSOLE(4048)] "Uncaught SyntaxError: Invalid or unexpected token", source: file:///home/dhia/browser-fuzzer/Dissertation/logger/run_20250324_064826/round_083/mutations/mutated_0004.html (4048)
[220369:220369:0324/200246.652673:INFO:CONSOLE(4049)] "Uncaught SyntaxError: Invalid or unexpected token", source: file:///home/dhia/browser-fuzzer/Dissertation/logger/run_20250324_064826/round_083/mutations/mutated_0004.html (4049)
[220369:220369:0324/200246.945346:INFO:CONSOLE(4050)] "Uncaught SyntaxError: Invalid or unexpected token", source: file:///home/dhia/browser-fuzzer/Dissertation/logger/run_20250324_064826/round_083/mutations/mutated_0004.html (4050)
[220369:220369:0324/200246.951759:INFO:CONSOLE(4064)] "Uncaught SyntaxError: Invalid or unexpected token", source: file:///home/dhia/browser-fuzzer/Dissertation/logger/run_20250324_064826/round_083/mutations/mutated_0004.html (4064)
[220369:220369:0324/200246.964027:INFO:CONSOLE(4065)] "Uncaught SyntaxError: Invalid or unexpected token", source: file:///home/dhia/browser-fuzzer/Dissertation/logger/run_20250324_064826/round_083/mutations/mutated_0004.html (4065)
[220369:220369:0324/200247.231595:INFO:CONSOLE(4089)] "Uncaught SyntaxError: Invalid or unexpected token", source: file:///home/dhia/browser-fuzzer/Dissertation/logger/run_20250324_064826/round_083/mutations/mutated_0004.html (4089)
[220369:220369:0324/200247.235377:INFO:CONSOLE(4090)] "Uncaught SyntaxError: Invalid or unexpected token", source: file:///home/dhia/browser-fuzzer/Dissertation/logger/run_20250324_064826/round_083/mutations/mutated_0004.html (4090)
[220369:220369:0324/200247.239514:INFO:CONSOLE(4092)] "Uncaught SyntaxError: Invalid or unexpected token", source: file:///home/dhia/browser-fuzzer/Dissertation/logger/run_20250324_064826/round_083/mutations/mutated_0004.html (4092)
[220369:220369:0324/200247.538929:INFO:CONSOLE(4101)] "Uncaught SyntaxError: Invalid or unexpected token", source: file:///home/dhia/browser-fuzzer/Dissertation/logger/run_20250324_064826/round_083/mutations/mutated_0004.html (4101)
[220369:220369:0324/200247.543496:INFO:CONSOLE(4102)] "Uncaught SyntaxError: Invalid or unexpected token", source: file:///home/dhia/browser-fuzzer/Dissertation/logger/run_20250324_064826/round_083/mutations/mutated_0004.html (4102)
[220369:220369:0324/200247.807247:INFO:CONSOLE(4151)] "Uncaught SyntaxError: Invalid or unexpected token", source: file:///home/dhia/browser-fuzzer/Dissertation/logger/run_20250324_064826/round_083/mutations/mutated_0004.html (4151)
[220369:220369:0324/200247.815643:INFO:CONSOLE(4152)] "Uncaught SyntaxError: Invalid or unexpected token", source: file:///home/dhia/browser-fuzzer/Dissertation/logger/run_20250324_064826/round_083/mutations/mutated_0004.html (4152)
[220369:220369:0324/200247.830332:INFO:CONSOLE(4153)] "Uncaught SyntaxError: Invalid or unexpected token", source: file:///home/dhia/browser-fuzzer/Dissertation/logger/run_20250324_064826/round_083/mutations/mutated_0004.html (4153)
[220369:220369:0324/200248.131003:INFO:CONSOLE(4167)] "Uncaught SyntaxError: Invalid or unexpected token", source: file:///home/dhia/browser-fuzzer/Dissertation/logger/run_20250324_064826/round_083/mutations/mutated_0004.html (4167)
[220369:220369:0324/200248.150373:INFO:CONSOLE(4168)] "Uncaught SyntaxError: Invalid or unexpected token", source: file:///home/dhia/browser-fuzzer/Dissertation/logger/run_20250324_064826/round_083/mutations/mutated_0004.html (4168)
[220369:220369:0324/200248.159178:INFO:CONSOLE(4169)] "Uncaught SyntaxError: Invalid or unexpected token", source: file:///home/dhia/browser-fuzzer/Dissertation/logger/run_20250324_064826/round_083/mutations/mutated_0004.html (4169)
[220369:220369:0324/200248.174572:INFO:CONSOLE(4173)] "Uncaught SyntaxError: Invalid or unexpected token", source: file:///home/dhia/browser-fuzzer/Dissertation/logger/run_20250324_064826/round_083/mutations/mutated_0004.html (4173)
[220369:220369:0324/200248.185363:INFO:CONSOLE(4186)] "Uncaught SyntaxError: Invalid or unexpected token", source: file:///home/dhia/browser-fuzzer/Dissertation/logger/run_20250324_064826/round_083/mutations/mutated_0004.html (4186)
[220369:220369:0324/200248.196874:INFO:CONSOLE(4189)] "Uncaught SyntaxError: Invalid or unexpected token", source: file:///home/dhia/browser-fuzzer/Dissertation/logger/run_20250324_064826/round_083/mutations/mutated_0004.html (4189)
[220369:220369:0324/200248.444704:INFO:CONSOLE(4202)] "Uncaught SyntaxError: Invalid or unexpected token", source: file:///home/dhia/browser-fuzzer/Dissertation/logger/run_20250324_064826/round_083/mutations/mutated_0004.html (4202)
[220369:220369:0324/200248.451109:INFO:CONSOLE(4218)] "Uncaught SyntaxError: Invalid or unexpected token", source: file:///home/dhia/browser-fuzzer/Dissertation/logger/run_20250324_064826/round_083/mutations/mutated_0004.html (4218)
[220369:220369:0324/200248.702991:INFO:CONSOLE(4290)] "Uncaught SyntaxError: Invalid or unexpected token", source: file:///home/dhia/browser-fuzzer/Dissertation/logger/run_20250324_064826/round_083/mutations/mutated_0004.html (4290)
[220369:220369:0324/200248.719210:INFO:CONSOLE(4303)] "Uncaught SyntaxError: Invalid or unexpected token", source: file:///home/dhia/browser-fuzzer/Dissertation/logger/run_20250324_064826/round_083/mutations/mutated_0004.html (4303)
[220369:220369:0324/200249.881968:INFO:CONSOLE(4448)] "Uncaught SyntaxError: Invalid or unexpected token", source: file:///home/dhia/browser-fuzzer/Dissertation/logger/run_20250324_064826/round_083/mutations/mutated_0004.html (4448)
[220369:220369:0324/200249.886812:INFO:CONSOLE(4449)] "Uncaught SyntaxError: Invalid or unexpected token", source: file:///home/dhia/browser-fuzzer/Dissertation/logger/run_20250324_064826/round_083/mutations/mutated_0004.html (4449)
[220369:220369:0324/200250.450962:INFO:CONSOLE(4534)] "Uncaught SyntaxError: Invalid or unexpected token", source: file:///home/dhia/browser-fuzzer/Dissertation/logger/run_20250324_064826/round_083/mutations/mutated_0004.html (4534)
[220369:220369:0324/200250.465087:INFO:CONSOLE(4535)] "Uncaught SyntaxError: Invalid or unexpected token", source: file:///home/dhia/browser-fuzzer/Dissertation/logger/run_20250324_064826/round_083/mutations/mutated_0004.html (4535)
[220369:220369:0324/200250.474991:INFO:CONSOLE(4536)] "Uncaught SyntaxError: Invalid or unexpected token", source: file:///home/dhia/browser-fuzzer/Dissertation/logger/run_20250324_064826/round_083/mutations/mutated_0004.html (4536)
[220369:220369:0324/200251.699243:INFO:CONSOLE(4537)] "Uncaught SyntaxError: Invalid or unexpected token", source: file:///home/dhia/browser-fuzzer/Dissertation/logger/run_20250324_064826/round_083/mutations/mutated_0004.html (4537)
[220369:220369:0324/200251.710463:INFO:CONSOLE(4538)] "Uncaught SyntaxError: Invalid or unexpected token", source: file:///home/dhia/browser-fuzzer/Dissertation/logger/run_20250324_064826/round_083/mutations/mutated_0004.html (4538)
[220369:220369:0324/200251.719083:INFO:CONSOLE(4539)] "Uncaught SyntaxError: Invalid or unexpected token", source: file:///home/dhia/browser-fuzzer/Dissertation/logger/run_20250324_064826/round_083/mutations/mutated_0004.html (4539)
[220369:220369:0324/200252.044171:INFO:CONSOLE(4607)] "Uncaught SyntaxError: Invalid or unexpected token", source: file:///home/dhia/browser-fuzzer/Dissertation/logger/run_20250324_064826/round_083/mutations/mutated_0004.html (4607)
[220369:220369:0324/200252.573831:INFO:CONSOLE(4707)] "Uncaught SyntaxError: Invalid or unexpected token", source: file:///home/dhia/browser-fuzzer/Dissertation/logger/run_20250324_064826/round_083/mutations/mutated_0004.html (4707)
[220369:220369:0324/200253.026242:INFO:CONSOLE(4756)] "Uncaught SyntaxError: Invalid or unexpected token", source: file:///home/dhia/browser-fuzzer/Dissertation/logger/run_20250324_064826/round_083/mutations/mutated_0004.html (4756)
[220369:220369:0324/200253.035313:INFO:CONSOLE(4757)] "Uncaught SyntaxError: Invalid or unexpected token", source: file:///home/dhia/browser-fuzzer/Dissertation/logger/run_20250324_064826/round_083/mutations/mutated_0004.html (4757)
[220369:220369:0324/200253.045201:INFO:CONSOLE(4774)] "Uncaught SyntaxError: Invalid or unexpected token", source: file:///home/dhia/browser-fuzzer/Dissertation/logger/run_20250324_064826/round_083/mutations/mutated_0004.html (4774)
[220369:220369:0324/200253.308688:INFO:CONSOLE(4775)] "Uncaught SyntaxError: Invalid or unexpected token", source: file:///home/dhia/browser-fuzzer/Dissertation/logger/run_20250324_064826/round_083/mutations/mutated_0004.html (4775)
[220369:220369:0324/200253.314341:INFO:CONSOLE(4791)] "Uncaught SyntaxError: Invalid or unexpected token", source: file:///home/dhia/browser-fuzzer/Dissertation/logger/run_20250324_064826/round_083/mutations/mutated_0004.html (4791)
[220369:220369:0324/200253.317520:INFO:CONSOLE(4792)] "Uncaught SyntaxError: Invalid or unexpected token", source: file:///home/dhia/browser-fuzzer/Dissertation/logger/run_20250324_064826/round_083/mutations/mutated_0004.html (4792)
[220369:220369:0324/200253.527203:INFO:CONSOLE(4793)] "Uncaught SyntaxError: Invalid or unexpected token", source: file:///home/dhia/browser-fuzzer/Dissertation/logger/run_20250324_064826/round_083/mutations/mutated_0004.html (4793)
[220369:220369:0324/200253.550650:INFO:CONSOLE(4800)] "Uncaught SyntaxError: Invalid or unexpected token", source: file:///home/dhia/browser-fuzzer/Dissertation/logger/run_20250324_064826/round_083/mutations/mutated_0004.html (4800)
[220369:220369:0324/200253.786504:INFO:CONSOLE(4801)] "Uncaught SyntaxError: Invalid or unexpected token", source: file:///home/dhia/browser-fuzzer/Dissertation/logger/run_20250324_064826/round_083/mutations/mutated_0004.html (4801)
[220369:220369:0324/200253.797646:INFO:CONSOLE(4830)] "Uncaught SyntaxError: Invalid or unexpected token", source: file:///home/dhia/browser-fuzzer/Dissertation/logger/run_20250324_064826/round_083/mutations/mutated_0004.html (4830)
[220369:220369:0324/200254.102802:INFO:CONSOLE(4840)] "Uncaught SyntaxError: Invalid or unexpected token", source: file:///home/dhia/browser-fuzzer/Dissertation/logger/run_20250324_064826/round_083/mutations/mutated_0004.html (4840)
[220369:220369:0324/200254.396888:INFO:CONSOLE(4850)] "Uncaught SyntaxError: Invalid or unexpected token", source: file:///home/dhia/browser-fuzzer/Dissertation/logger/run_20250324_064826/round_083/mutations/mutated_0004.html (4850)
[220369:220369:0324/200254.416876:INFO:CONSOLE(4861)] "Uncaught SyntaxError: Invalid or unexpected token", source: file:///home/dhia/browser-fuzzer/Dissertation/logger/run_20250324_064826/round_083/mutations/mutated_0004.html (4861)
[220369:220369:0324/200254.684438:INFO:CONSOLE(4886)] "Uncaught SyntaxError: Invalid or unexpected token", source: file:///home/dhia/browser-fuzzer/Dissertation/logger/run_20250324_064826/round_083/mutations/mutated_0004.html (4886)
[220369:220369:0324/200254.716321:INFO:CONSOLE(4904)] "Uncaught SyntaxError: Invalid or unexpected token", source: file:///home/dhia/browser-fuzzer/Dissertation/logger/run_20250324_064826/round_083/mutations/mutated_0004.html (4904)
[220369:220369:0324/200254.720758:INFO:CONSOLE(4905)] "Uncaught SyntaxError: Invalid or unexpected token", source: file:///home/dhia/browser-fuzzer/Dissertation/logger/run_20250324_064826/round_083/mutations/mutated_0004.html (4905)
[220369:220369:0324/200255.051256:INFO:CONSOLE(4906)] "Uncaught SyntaxError: Invalid or unexpected token", source: file:///home/dhia/browser-fuzzer/Dissertation/logger/run_20250324_064826/round_083/mutations/mutated_0004.html (4906)
[220369:220369:0324/200255.062419:INFO:CONSOLE(4907)] "Uncaught SyntaxError: Invalid or unexpected token", source: file:///home/dhia/browser-fuzzer/Dissertation/logger/run_20250324_064826/round_083/mutations/mutated_0004.html (4907)
[220369:220369:0324/200255.066808:INFO:CONSOLE(4920)] "Uncaught SyntaxError: Invalid or unexpected token", source: file:///home/dhia/browser-fuzzer/Dissertation/logger/run_20250324_064826/round_083/mutations/mutated_0004.html (4920)
[220369:220369:0324/200255.330202:INFO:CONSOLE(4921)] "Uncaught SyntaxError: Invalid or unexpected token", source: file:///home/dhia/browser-fuzzer/Dissertation/logger/run_20250324_064826/round_083/mutations/mutated_0004.html (4921)
[220369:220369:0324/200255.349096:INFO:CONSOLE(4922)] "Uncaught SyntaxError: Invalid or unexpected token", source: file:///home/dhia/browser-fuzzer/Dissertation/logger/run_20250324_064826/round_083/mutations/mutated_0004.html (4922)
[220369:220369:0324/200255.361637:INFO:CONSOLE(4923)] "Uncaught SyntaxError: Invalid or unexpected token", source: file:///home/dhia/browser-fuzzer/Dissertation/logger/run_20250324_064826/round_083/mutations/mutated_0004.html (4923)
[220369:220369:0324/200255.623720:INFO:CONSOLE(4928)] "Uncaught SyntaxError: Invalid or unexpected token", source: file:///home/dhia/browser-fuzzer/Dissertation/logger/run_20250324_064826/round_083/mutations/mutated_0004.html (4928)
[220369:220369:0324/200255.639658:INFO:CONSOLE(4953)] "Uncaught SyntaxError: Invalid or unexpected token", source: file:///home/dhia/browser-fuzzer/Dissertation/logger/run_20250324_064826/round_083/mutations/mutated_0004.html (4953)
[220369:220369:0324/200255.944662:INFO:CONSOLE(4971)] "Uncaught SyntaxError: Invalid or unexpected token", source: file:///home/dhia/browser-fuzzer/Dissertation/logger/run_20250324_064826/round_083/mutations/mutated_0004.html (4971)
[220369:220369:0324/200255.949411:INFO:CONSOLE(4972)] "Uncaught SyntaxError: Invalid or unexpected token", source: file:///home/dhia/browser-fuzzer/Dissertation/logger/run_20250324_064826/round_083/mutations/mutated_0004.html (4972)
[220369:220369:0324/200255.960197:INFO:CONSOLE(4985)] "Uncaught SyntaxError: Invalid or unexpected token", source: file:///home/dhia/browser-fuzzer/Dissertation/logger/run_20250324_064826/round_083/mutations/mutated_0004.html (4985)
[220369:220369:0324/200256.289052:INFO:CONSOLE(4986)] "Uncaught SyntaxError: Invalid or unexpected token", source: file:///home/dhia/browser-fuzzer/Dissertation/logger/run_20250324_064826/round_083/mutations/mutated_0004.html (4986)
[220369:220369:0324/200256.302193:INFO:CONSOLE(4987)] "Uncaught SyntaxError: Invalid or unexpected token", source: file:///home/dhia/browser-fuzzer/Dissertation/logger/run_20250324_064826/round_083/mutations/mutated_0004.html (4987)
[220369:220369:0324/200256.653910:INFO:CONSOLE(4991)] "Uncaught SyntaxError: Invalid or unexpected token", source: file:///home/dhia/browser-fuzzer/Dissertation/logger/run_20250324_064826/round_083/mutations/mutated_0004.html (4991)
[220369:220369:0324/200256.658797:INFO:CONSOLE(4992)] "Uncaught SyntaxError: Invalid or unexpected token", source: file:///home/dhia/browser-fuzzer/Dissertation/logger/run_20250324_064826/round_083/mutations/mutated_0004.html (4992)
[220369:220369:0324/200256.926722:INFO:CONSOLE(5006)] "Uncaught SyntaxError: Invalid or unexpected token", source: file:///home/dhia/browser-fuzzer/Dissertation/logger/run_20250324_064826/round_083/mutations/mutated_0004.html (5006)
[220369:220369:0324/200256.959565:INFO:CONSOLE(5010)] "Uncaught SyntaxError: Invalid or unexpected token", source: file:///home/dhia/browser-fuzzer/Dissertation/logger/run_20250324_064826/round_083/mutations/mutated_0004.html (5010)
[220369:220369:0324/200257.282248:INFO:CONSOLE(5011)] "Uncaught SyntaxError: Invalid or unexpected token", source: file:///home/dhia/browser-fuzzer/Dissertation/logger/run_20250324_064826/round_083/mutations/mutated_0004.html (5011)
[220369:220369:0324/200257.287617:INFO:CONSOLE(5102)] "Uncaught SyntaxError: Invalid or unexpected token", source: file:///home/dhia/browser-fuzzer/Dissertation/logger/run_20250324_064826/round_083/mutations/mutated_0004.html (5102)
[220369:220369:0324/200258.767120:INFO:CONSOLE(5103)] "Uncaught SyntaxError: Invalid or unexpected token", source: file:///home/dhia/browser-fuzzer/Dissertation/logger/run_20250324_064826/round_083/mutations/mutated_0004.html (5103)
[220369:220369:0324/200258.771893:INFO:CONSOLE(5104)] "Uncaught SyntaxError: Invalid or unexpected token", source: file:///home/dhia/browser-fuzzer/Dissertation/logger/run_20250324_064826/round_083/mutations/mutated_0004.html (5104)
[220369:220369:0324/200259.024384:INFO:CONSOLE(5105)] "Uncaught SyntaxError: Invalid or unexpected token", source: file:///home/dhia/browser-fuzzer/Dissertation/logger/run_20250324_064826/round_083/mutations/mutated_0004.html (5105)
[220369:220369:0324/200259.037319:INFO:CONSOLE(5107)] "Uncaught SyntaxError: Invalid or unexpected token", source: file:///home/dhia/browser-fuzzer/Dissertation/logger/run_20250324_064826/round_083/mutations/mutated_0004.html (5107)
[220369:220369:0324/200259.388656:INFO:CONSOLE(5118)] "Uncaught SyntaxError: Invalid or unexpected token", source: file:///home/dhia/browser-fuzzer/Dissertation/logger/run_20250324_064826/round_083/mutations/mutated_0004.html (5118)
[220369:220369:0324/200259.408153:INFO:CONSOLE(5155)] "Uncaught SyntaxError: Invalid or unexpected token", source: file:///home/dhia/browser-fuzzer/Dissertation/logger/run_20250324_064826/round_083/mutations/mutated_0004.html (5155)
[220369:220369:0324/200259.930129:INFO:CONSOLE(5156)] "Uncaught SyntaxError: Invalid or unexpected token", source: file:///home/dhia/browser-fuzzer/Dissertation/logger/run_20250324_064826/round_083/mutations/mutated_0004.html (5156)
[220369:220369:0324/200259.936611:INFO:CONSOLE(5158)] "Uncaught SyntaxError: Invalid or unexpected token", source: file:///home/dhia/browser-fuzzer/Dissertation/logger/run_20250324_064826/round_083/mutations/mutated_0004.html (5158)
[220369:220369:0324/200259.941175:INFO:CONSOLE(5159)] "Uncaught SyntaxError: Invalid or unexpected token", source: file:///home/dhia/browser-fuzzer/Dissertation/logger/run_20250324_064826/round_083/mutations/mutated_0004.html (5159)
[220369:220369:0324/200300.232633:INFO:CONSOLE(5166)] "Uncaught SyntaxError: Invalid or unexpected token", source: file:///home/dhia/browser-fuzzer/Dissertation/logger/run_20250324_064826/round_083/mutations/mutated_0004.html (5166)
[220369:220369:0324/200300.248268:INFO:CONSOLE(5167)] "Uncaught SyntaxError: Invalid or unexpected token", source: file:///home/dhia/browser-fuzzer/Dissertation/logger/run_20250324_064826/round_083/mutations/mutated_0004.html (5167)
[220369:220369:0324/200300.253877:INFO:CONSOLE(5174)] "Uncaught SyntaxError: Invalid or unexpected token", source: file:///home/dhia/browser-fuzzer/Dissertation/logger/run_20250324_064826/round_083/mutations/mutated_0004.html (5174)
[220369:220369:0324/200300.552973:INFO:CONSOLE(5175)] "Uncaught SyntaxError: Invalid or unexpected token", source: file:///home/dhia/browser-fuzzer/Dissertation/logger/run_20250324_064826/round_083/mutations/mutated_0004.html (5175)
[220369:220369:0324/200300.565742:INFO:CONSOLE(5176)] "Uncaught SyntaxError: Invalid or unexpected token", source: file:///home/dhia/browser-fuzzer/Dissertation/logger/run_20250324_064826/round_083/mutations/mutated_0004.html (5176)
[220369:220369:0324/200300.861123:INFO:CONSOLE(5182)] "Uncaught SyntaxError: Invalid or unexpected token", source: file:///home/dhia/browser-fuzzer/Dissertation/logger/run_20250324_064826/round_083/mutations/mutated_0004.html (5182)
[220369:220369:0324/200300.868310:INFO:CONSOLE(5254)] "Uncaught SyntaxError: Invalid or unexpected token", source: file:///home/dhia/browser-fuzzer/Dissertation/logger/run_20250324_064826/round_083/mutations/mutated_0004.html (5254)
[220369:220369:0324/200300.880055:INFO:CONSOLE(5255)] "Uncaught SyntaxError: Invalid or unexpected token", source: file:///home/dhia/browser-fuzzer/Dissertation/logger/run_20250324_064826/round_083/mutations/mutated_0004.html (5255)
[220369:220369:0324/200302.812722:INFO:CONSOLE(5270)] "Uncaught SyntaxError: Invalid or unexpected token", source: file:///home/dhia/browser-fuzzer/Dissertation/logger/run_20250324_064826/round_083/mutations/mutated_0004.html (5270)
[220369:220369:0324/200302.820393:INFO:CONSOLE(5271)] "Uncaught SyntaxError: Invalid or unexpected token", source: file:///home/dhia/browser-fuzzer/Dissertation/logger/run_20250324_064826/round_083/mutations/mutated_0004.html (5271)
[220369:220369:0324/200303.128376:INFO:CONSOLE(5295)] "Uncaught SyntaxError: Invalid or unexpected token", source: file:///home/dhia/browser-fuzzer/Dissertation/logger/run_20250324_064826/round_083/mutations/mutated_0004.html (5295)
[220369:220369:0324/200303.139808:INFO:CONSOLE(5296)] "Uncaught SyntaxError: Invalid or unexpected token", source: file:///home/dhia/browser-fuzzer/Dissertation/logger/run_20250324_064826/round_083/mutations/mutated_0004.html (5296)
[220369:220369:0324/200303.153609:INFO:CONSOLE(5298)] "Uncaught SyntaxError: Invalid or unexpected token", source: file:///home/dhia/browser-fuzzer/Dissertation/logger/run_20250324_064826/round_083/mutations/mutated_0004.html (5298)
[220369:220369:0324/200303.504281:INFO:CONSOLE(5299)] "Uncaught SyntaxError: Invalid or unexpected token", source: file:///home/dhia/browser-fuzzer/Dissertation/logger/run_20250324_064826/round_083/mutations/mutated_0004.html (5299)
[220369:220369:0324/200303.521887:INFO:CONSOLE(5300)] "Uncaught SyntaxError: Invalid or unexpected token", source: file:///home/dhia/browser-fuzzer/Dissertation/logger/run_20250324_064826/round_083/mutations/mutated_0004.html (5300)
[220369:220369:0324/200303.799003:INFO:CONSOLE(5314)] "Uncaught SyntaxError: Invalid or unexpected token", source: file:///home/dhia/browser-fuzzer/Dissertation/logger/run_20250324_064826/round_083/mutations/mutated_0004.html (5314)
[220369:220369:0324/200303.807893:INFO:CONSOLE(5315)] "Uncaught SyntaxError: Invalid or unexpected token", source: file:///home/dhia/browser-fuzzer/Dissertation/logger/run_20250324_064826/round_083/mutations/mutated_0004.html (5315)
[220369:220369:0324/200303.815110:INFO:CONSOLE(5316)] "Uncaught SyntaxError: Invalid or unexpected token", source: file:///home/dhia/browser-fuzzer/Dissertation/logger/run_20250324_064826/round_083/mutations/mutated_0004.html (5316)
[220369:220369:0324/200304.134017:INFO:CONSOLE(5362)] "Uncaught SyntaxError: Invalid or unexpected token", source: file:///home/dhia/browser-fuzzer/Dissertation/logger/run_20250324_064826/round_083/mutations/mutated_0004.html (5362)
[220369:220369:0324/200304.141416:INFO:CONSOLE(5363)] "Uncaught SyntaxError: Invalid or unexpected token", source: file:///home/dhia/browser-fuzzer/Dissertation/logger/run_20250324_064826/round_083/mutations/mutated_0004.html (5363)
[220369:220369:0324/200304.149267:INFO:CONSOLE(5364)] "Uncaught SyntaxError: Invalid or unexpected token", source: file:///home/dhia/browser-fuzzer/Dissertation/logger/run_20250324_064826/round_083/mutations/mutated_0004.html (5364)
[220369:220369:0324/200304.480151:INFO:CONSOLE(5365)] "Uncaught SyntaxError: Invalid or unexpected token", source: file:///home/dhia/browser-fuzzer/Dissertation/logger/run_20250324_064826/round_083/mutations/mutated_0004.html (5365)
[220369:220369:0324/200304.484572:INFO:CONSOLE(5366)] "Uncaught SyntaxError: Invalid or unexpected token", source: file:///home/dhia/browser-fuzzer/Dissertation/logger/run_20250324_064826/round_083/mutations/mutated_0004.html (5366)
[220369:220369:0324/200304.914188:INFO:CONSOLE(5441)] "Uncaught SyntaxError: Invalid or unexpected token", source: file:///home/dhia/browser-fuzzer/Dissertation/logger/run_20250324_064826/round_083/mutations/mutated_0004.html (5441)
[220369:220369:0324/200304.933163:INFO:CONSOLE(5442)] "Uncaught SyntaxError: Invalid or unexpected token", source: file:///home/dhia/browser-fuzzer/Dissertation/logger/run_20250324_064826/round_083/mutations/mutated_0004.html (5442)
[220369:220369:0324/200305.311814:INFO:CONSOLE(5443)] "Uncaught SyntaxError: Invalid or unexpected token", source: file:///home/dhia/browser-fuzzer/Dissertation/logger/run_20250324_064826/round_083/mutations/mutated_0004.html (5443)
[220369:220369:0324/200305.323698:INFO:CONSOLE(5444)] "Uncaught SyntaxError: Invalid or unexpected token", source: file:///home/dhia/browser-fuzzer/Dissertation/logger/run_20250324_064826/round_083/mutations/mutated_0004.html (5444)
[220369:220369:0324/200305.575031:INFO:CONSOLE(5445)] "Uncaught SyntaxError: Invalid or unexpected token", source: file:///home/dhia/browser-fuzzer/Dissertation/logger/run_20250324_064826/round_083/mutations/mutated_0004.html (5445)
[220369:220369:0324/200305.588287:INFO:CONSOLE(5446)] "Uncaught SyntaxError: Invalid or unexpected token", source: file:///home/dhia/browser-fuzzer/Dissertation/logger/run_20250324_064826/round_083/mutations/mutated_0004.html (5446)
[220369:220369:0324/200305.609025:INFO:CONSOLE(5447)] "Uncaught SyntaxError: Invalid or unexpected token", source: file:///home/dhia/browser-fuzzer/Dissertation/logger/run_20250324_064826/round_083/mutations/mutated_0004.html (5447)
[220369:220369:0324/200305.895957:INFO:CONSOLE(5449)] "Uncaught SyntaxError: Invalid or unexpected token", source: file:///home/dhia/browser-fuzzer/Dissertation/logger/run_20250324_064826/round_083/mutations/mutated_0004.html (5449)
[220369:220369:0324/200305.913682:INFO:CONSOLE(5470)] "Uncaught SyntaxError: Invalid or unexpected token", source: file:///home/dhia/browser-fuzzer/Dissertation/logger/run_20250324_064826/round_083/mutations/mutated_0004.html (5470)
[220369:220369:0324/200306.201424:INFO:CONSOLE(5507)] "Uncaught SyntaxError: Invalid or unexpected token", source: file:///home/dhia/browser-fuzzer/Dissertation/logger/run_20250324_064826/round_083/mutations/mutated_0004.html (5507)
[220369:220369:0324/200306.206426:INFO:CONSOLE(5508)] "Uncaught SyntaxError: Invalid or unexpected token", source: file:///home/dhia/browser-fuzzer/Dissertation/logger/run_20250324_064826/round_083/mutations/mutated_0004.html (5508)
[220369:220369:0324/200306.213187:INFO:CONSOLE(5510)] "Uncaught SyntaxError: Invalid or unexpected token", source: file:///home/dhia/browser-fuzzer/Dissertation/logger/run_20250324_064826/round_083/mutations/mutated_0004.html (5510)
[220369:220369:0324/200306.625080:INFO:CONSOLE(5511)] "Uncaught SyntaxError: Invalid or unexpected token", source: file:///home/dhia/browser-fuzzer/Dissertation/logger/run_20250324_064826/round_083/mutations/mutated_0004.html (5511)
[220369:220369:0324/200306.936509:INFO:CONSOLE(5518)] "Uncaught SyntaxError: Invalid or unexpected token", source: file:///home/dhia/browser-fuzzer/Dissertation/logger/run_20250324_064826/round_083/mutations/mutated_0004.html (5518)
[220369:220369:0324/200306.952904:INFO:CONSOLE(5519)] "Uncaught SyntaxError: Invalid or unexpected token", source: file:///home/dhia/browser-fuzzer/Dissertation/logger/run_20250324_064826/round_083/mutations/mutated_0004.html (5519)
[220369:220369:0324/200306.959092:INFO:CONSOLE(5524)] "Uncaught SyntaxError: Invalid or unexpected token", source: file:///home/dhia/browser-fuzzer/Dissertation/logger/run_20250324_064826/round_083/mutations/mutated_0004.html (5524)
[220369:220369:0324/200307.258551:INFO:CONSOLE(5525)] "Uncaught SyntaxError: Invalid or unexpected token", source: file:///home/dhia/browser-fuzzer/Dissertation/logger/run_20250324_064826/round_083/mutations/mutated_0004.html (5525)
[220369:220369:0324/200307.565001:INFO:CONSOLE(5531)] "Uncaught SyntaxError: Invalid or unexpected token", source: file:///home/dhia/browser-fuzzer/Dissertation/logger/run_20250324_064826/round_083/mutations/mutated_0004.html (5531)
[220369:220369:0324/200307.584782:INFO:CONSOLE(5532)] "Uncaught SyntaxError: Invalid or unexpected token", source: file:///home/dhia/browser-fuzzer/Dissertation/logger/run_20250324_064826/round_083/mutations/mutated_0004.html (5532)
[220369:220369:0324/200307.593484:INFO:CONSOLE(5604)] "Uncaught SyntaxError: Invalid or unexpected token", source: file:///home/dhia/browser-fuzzer/Dissertation/logger/run_20250324_064826/round_083/mutations/mutated_0004.html (5604)
[220369:220369:0324/200308.981761:INFO:CONSOLE(5605)] "Uncaught SyntaxError: Invalid or unexpected token", source: file:///home/dhia/browser-fuzzer/Dissertation/logger/run_20250324_064826/round_083/mutations/mutated_0004.html (5605)
[220369:220369:0324/200308.990544:INFO:CONSOLE(5620)] "Uncaught SyntaxError: Invalid or unexpected token", source: file:///home/dhia/browser-fuzzer/Dissertation/logger/run_20250324_064826/round_083/mutations/mutated_0004.html (5620)
[220369:220369:0324/200309.006426:INFO:CONSOLE(5621)] "Uncaught SyntaxError: Invalid or unexpected token", source: file:///home/dhia/browser-fuzzer/Dissertation/logger/run_20250324_064826/round_083/mutations/mutated_0004.html (5621)
[220369:220369:0324/200309.320962:INFO:CONSOLE(5645)] "Uncaught SyntaxError: Invalid or unexpected token", source: file:///home/dhia/browser-fuzzer/Dissertation/logger/run_20250324_064826/round_083/mutations/mutated_0004.html (5645)
[220369:220369:0324/200309.345071:INFO:CONSOLE(5646)] "Uncaught SyntaxError: Invalid or unexpected token", source: file:///home/dhia/browser-fuzzer/Dissertation/logger/run_20250324_064826/round_083/mutations/mutated_0004.html (5646)
[220369:220369:0324/200309.354867:INFO:CONSOLE(5648)] "Uncaught SyntaxError: Invalid or unexpected token", source: file:///home/dhia/browser-fuzzer/Dissertation/logger/run_20250324_064826/round_083/mutations/mutated_0004.html (5648)
[220369:220369:0324/200309.662474:INFO:CONSOLE(5649)] "Uncaught SyntaxError: Invalid or unexpected token", source: file:///home/dhia/browser-fuzzer/Dissertation/logger/run_20250324_064826/round_083/mutations/mutated_0004.html (5649)
[220369:220369:0324/200309.671223:INFO:CONSOLE(5650)] "Uncaught SyntaxError: Invalid or unexpected token", source: file:///home/dhia/browser-fuzzer/Dissertation/logger/run_20250324_064826/round_083/mutations/mutated_0004.html (5650)
[220369:220369:0324/200309.678831:INFO:CONSOLE(5651)] "Uncaught SyntaxError: Invalid or unexpected token", source: file:///home/dhia/browser-fuzzer/Dissertation/logger/run_20250324_064826/round_083/mutations/mutated_0004.html (5651)
[220369:220369:0324/200309.914731:INFO:CONSOLE(5665)] "Uncaught SyntaxError: Invalid or unexpected token", source: file:///home/dhia/browser-fuzzer/Dissertation/logger/run_20250324_064826/round_083/mutations/mutated_0004.html (5665)
[220369:220369:0324/200309.919715:INFO:CONSOLE(5666)] "Uncaught SyntaxError: Invalid or unexpected token", source: file:///home/dhia/browser-fuzzer/Dissertation/logger/run_20250324_064826/round_083/mutations/mutated_0004.html (5666)
[220369:220369:0324/200310.238061:INFO:CONSOLE(5712)] "Uncaught SyntaxError: Invalid or unexpected token", source: file:///home/dhia/browser-fuzzer/Dissertation/logger/run_20250324_064826/round_083/mutations/mutated_0004.html (5712)
[220369:220369:0324/200310.253242:INFO:CONSOLE(5713)] "Uncaught SyntaxError: Invalid or unexpected token", source: file:///home/dhia/browser-fuzzer/Dissertation/logger/run_20250324_064826/round_083/mutations/mutated_0004.html (5713)
[220369:220369:0324/200310.631362:INFO:CONSOLE(5714)] "Uncaught SyntaxError: Invalid or unexpected token", source: file:///home/dhia/browser-fuzzer/Dissertation/logger/run_20250324_064826/round_083/mutations/mutated_0004.html (5714)
[220369:220369:0324/200310.641535:INFO:CONSOLE(5715)] "Uncaught SyntaxError: Invalid or unexpected token", source: file:///home/dhia/browser-fuzzer/Dissertation/logger/run_20250324_064826/round_083/mutations/mutated_0004.html (5715)
[220369:220369:0324/200310.656067:INFO:CONSOLE(5716)] "Uncaught SyntaxError: Invalid or unexpected token", source: file:///home/dhia/browser-fuzzer/Dissertation/logger/run_20250324_064826/round_083/mutations/mutated_0004.html (5716)
[220369:220369:0324/200310.971238:INFO:CONSOLE(5717)] "Uncaught SyntaxError: Invalid or unexpected token", source: file:///home/dhia/browser-fuzzer/Dissertation/logger/run_20250324_064826/round_083/mutations/mutated_0004.html (5717)
[220369:220369:0324/200311.397061:INFO:CONSOLE(5791)] "Uncaught SyntaxError: Invalid or unexpected token", source: file:///home/dhia/browser-fuzzer/Dissertation/logger/run_20250324_064826/round_083/mutations/mutated_0004.html (5791)
[220369:220369:0324/200311.409871:INFO:CONSOLE(5792)] "Uncaught SyntaxError: Invalid or unexpected token", source: file:///home/dhia/browser-fuzzer/Dissertation/logger/run_20250324_064826/round_083/mutations/mutated_0004.html (5792)
[220369:220369:0324/200311.423392:INFO:CONSOLE(5793)] "Uncaught SyntaxError: Invalid or unexpected token", source: file:///home/dhia/browser-fuzzer/Dissertation/logger/run_20250324_064826/round_083/mutations/mutated_0004.html (5793)
[220369:220369:0324/200311.768745:INFO:CONSOLE(5794)] "Uncaught SyntaxError: Invalid or unexpected token", source: file:///home/dhia/browser-fuzzer/Dissertation/logger/run_20250324_064826/round_083/mutations/mutated_0004.html (5794)
[220369:220369:0324/200311.792588:INFO:CONSOLE(5795)] "Uncaught SyntaxError: Invalid or unexpected token", source: file:///home/dhia/browser-fuzzer/Dissertation/logger/run_20250324_064826/round_083/mutations/mutated_0004.html (5795)
[220369:220369:0324/200312.071715:INFO:CONSOLE(5797)] "Uncaught SyntaxError: Invalid or unexpected token", source: file:///home/dhia/browser-fuzzer/Dissertation/logger/run_20250324_064826/round_083/mutations/mutated_0004.html (5797)
[220369:220369:0324/200312.085228:INFO:CONSOLE(5798)] "Uncaught SyntaxError: Invalid or unexpected token", source: file:///home/dhia/browser-fuzzer/Dissertation/logger/run_20250324_064826/round_083/mutations/mutated_0004.html (5798)
[220369:220369:0324/200312.094193:INFO:CONSOLE(5807)] "Uncaught SyntaxError: Invalid or unexpected token", source: file:///home/dhia/browser-fuzzer/Dissertation/logger/run_20250324_064826/round_083/mutations/mutated_0004.html (5807)
[220369:220369:0324/200312.398427:INFO:CONSOLE(5872)] "Uncaught SyntaxError: Invalid or unexpected token", source: file:///home/dhia/browser-fuzzer/Dissertation/logger/run_20250324_064826/round_083/mutations/mutated_0004.html (5872)
[220369:220369:0324/200312.406654:INFO:CONSOLE(5873)] "Uncaught SyntaxError: Invalid or unexpected token", source: file:///home/dhia/browser-fuzzer/Dissertation/logger/run_20250324_064826/round_083/mutations/mutated_0004.html (5873)
[220369:220369:0324/200312.422837:INFO:CONSOLE(5874)] "Uncaught SyntaxError: Invalid or unexpected token", source: file:///home/dhia/browser-fuzzer/Dissertation/logger/run_20250324_064826/round_083/mutations/mutated_0004.html (5874)
[220369:220369:0324/200312.891083:INFO:CONSOLE(5881)] "Uncaught SyntaxError: Invalid or unexpected token", source: file:///home/dhia/browser-fuzzer/Dissertation/logger/run_20250324_064826/round_083/mutations/mutated_0004.html (5881)
[220369:220369:0324/200312.901905:INFO:CONSOLE(5882)] "Uncaught SyntaxError: Invalid or unexpected token", source: file:///home/dhia/browser-fuzzer/Dissertation/logger/run_20250324_064826/round_083/mutations/mutated_0004.html (5882)
[220369:220369:0324/200313.647438:ERROR:background_mode_manager_aura.cc(12)] Not implemented reached in virtual void BackgroundModeManager::EnableLaunchOnStartup(bool)
[220369:220369:0324/200313.921562:ERROR:kill_posix.cc(33)] waitpid(220437): No child processes (10)
[220369:220393:0324/200313.939535:WARNING:discardable_shared_memory_manager.cc(452)] Some MojoDiscardableSharedMemoryManagerImpls are still alive. They will be leaked.
