[06:35:25][INFO] detection-advanced: [DETECTION] Deep & Detailed Reporting.
[06:35:25][INFO] detection-advanced: Processing batch 1 (2 files)
[06:35:25][INFO] detection-advanced: [DETECTION] Start => mutated_0001.html
[06:35:25][INFO] detection-advanced: [DETECTION] Start => mutated_0002.html
/home/dhia/browser-fuzzer/Dissertation/logger/fuzzing/detection.py:418: DeprecationWarning: set_timeout() in RemoteConnection is deprecated, set timeout to ClientConfig instance in constructor instead
  RemoteConnection.set_timeout(1800)
[06:35:41][INFO] detection-advanced: Testing file: file:///home/dhia/browser-fuzzer/Dissertation/logger/run_20250318_041949/round_004/mutations/mutated_0001.html
[06:35:42][INFO] detection-advanced: Testing file: file:///home/dhia/browser-fuzzer/Dissertation/logger/run_20250318_041949/round_004/mutations/mutated_0002.html
[06:37:21][INFO] detection-advanced: Document readyState: complete
[06:37:23][INFO] detection-advanced: [REPORT] Updated => mutated_0001.html
[06:37:23][INFO] detection-advanced: [REPORT] Updated => mutated_0001.html
[06:37:24][INFO] detection-advanced: [REPORT] Updated => mutated_0001.html
[06:37:24][WARNING] detection-advanced: Skipping extended checks due to resource constraints
[06:37:24][INFO] detection-advanced: [REPORT] Updated => mutated_0001.html
[06:37:24][INFO] detection-advanced: [REPORT] Updated => mutated_0001.html
[06:37:24][INFO] detection-advanced: [REPORT] Updated => mutated_0001.html
[06:37:24][INFO] detection-advanced: [REPORT] Updated => mutated_0001.html
[06:37:24][INFO] detection-advanced: [REPORT] Updated => mutated_0001.html
[06:37:24][INFO] detection-advanced: [REPORT] Updated => mutated_0001.html
[06:37:24][INFO] detection-advanced: [REPORT] Updated => mutated_0001.html
[06:37:24][INFO] detection-advanced: [REPORT] Updated => mutated_0001.html
[06:37:24][INFO] detection-advanced: [REPORT] Updated => mutated_0001.html
[06:37:24][INFO] detection-advanced: [REPORT] Updated => mutated_0001.html
[06:37:25][INFO] detection-advanced: [REPORT] Updated => mutated_0001.html
[06:37:27][INFO] detection-advanced: [REPORT] Updated => mutated_0001.html
[06:37:28][INFO] detection-advanced: [REPORT] Updated => mutated_0001.html
/home/dhia/browser-fuzzer/Dissertation/logger/fuzzing/detection.py:898: DeprecationWarning: __array__ implementation doesn't accept a copy keyword, so passing copy=False failed. __array__ must implement 'dtype' and 'copy' keyword arguments. To learn more, see the migration guide https://numpy.org/devdocs/numpy_2_0_migration_guide.html#adapting-to-changes-in-the-copy-keyword
  diffs.append(float(np.mean(np.array(d))))
[06:37:36][INFO] detection-advanced: [REPORT] Updated => mutated_0001.html
[06:37:36][WARNING] detection-advanced:  => anomaly => console_errors => {'count': 20, 'messages': ['file:///home/dhia/browser-fuzzer/Dissertation/logger/run_20250318_041949/round_004/mutations/mutated_0001.html - Refused to load the script \'http://localhost/missing.js\' because it violates the following Content Security Policy directive: "default-src \'self\' \'unsafe-inline\'". Note that \'script-src-elem\' was not explicitly set, so \'default-src\' is used as a fallback.\n', 'file:///home/dhia/browser-fuzzer/Dissertation/logger/run_20250318_041949/round_004/mutations/mutated_0001.html - Refused to load the script \'http://example.com/missing.js\' because it violates the following Content Security Policy directive: "default-src \'self\' \'unsafe-inline\'". Note that \'script-src-elem\' was not explicitly set, so \'default-src\' is used as a fallback.\n', 'file:///home/dhia/browser-fuzzer/Dissertation/logger/run_20250318_041949/round_004/mutations/mutated_0001.html 103:12 "Simulated error on Page 2."', 'file:///home/dhia/browser-fuzzer/Dissertation/logger/run_20250318_041949/round_004/mutations/mutated_0001.html - Refused to load the script \'http://localhost/missing.js\' because it violates the following Content Security Policy directive: "default-src \'self\' \'unsafe-inline\'". Note that \'script-src-elem\' was not explicitly set, so \'default-src\' is used as a fallback.\n', 'file:///home/dhia/browser-fuzzer/Dissertation/logger/run_20250318_041949/round_004/mutations/mutated_0001.html 198:12 "Simulated error on Page 2."', 'file:///home/dhia/browser-fuzzer/Dissertation/logger/run_20250318_041949/round_004/mutations/mutated_0001.html 242:12 "Simulated error on Page 2."', 'file:///home/dhia/browser-fuzzer/Dissertation/logger/run_20250318_041949/round_004/mutations/mutated_0001.html - Refused to load the script \'http://example.com/missing.js\' because it violates the following Content Security Policy directive: "default-src \'self\' \'unsafe-inline\'". Note that \'script-src-elem\' was not explicitly set, so \'default-src\' is used as a fallback.\n', 'file:///home/dhia/browser-fuzzer/Dissertation/logger/run_20250318_041949/round_004/mutations/mutated_0001.html 377:12 "Simulated error on Page 2."', 'file:///home/dhia/browser-fuzzer/Dissertation/logger/run_20250318_041949/round_004/mutations/mutated_0001.html 421:12 "Simulated error on Page 2."', 'file:///home/dhia/browser-fuzzer/Dissertation/logger/run_20250318_041949/round_004/mutations/mutated_0001.html - Refused to load the script \'http://example.com/missing.js\' because it violates the following Content Security Policy directive: "default-src \'self\' \'unsafe-inline\'". Note that \'script-src-elem\' was not explicitly set, so \'default-src\' is used as a fallback.\n', 'file:///home/dhia/browser-fuzzer/Dissertation/logger/run_20250318_041949/round_004/mutations/mutated_0001.html 512:12 "Simulated error on Page 2."', 'file:///home/dhia/browser-fuzzer/Dissertation/logger/run_20250318_041949/round_004/mutations/mutated_0001.html - Refused to load the script \'http://example.com/fail.js\' because it violates the following Content Security Policy directive: "default-src \'self\' \'unsafe-inline\'". Note that \'script-src-elem\' was not explicitly set, so \'default-src\' is used as a fallback.\n', 'file:///home/dhia/browser-fuzzer/Dissertation/logger/run_20250318_041949/round_004/mutations/mutated_0001.html - Refused to load the script \'http://localhost/fail.js\' because it violates the following Content Security Policy directive: "default-src \'self\' \'unsafe-inline\'". Note that \'script-src-elem\' was not explicitly set, so \'default-src\' is used as a fallback.\n', "file:///home/dhia/browser-fuzzer/Dissertation/logger/run_20250318_041949/round_004/mutations/mutated_0001.html 659:2 Uncaught SyntaxError: Unexpected token '<'", 'file:///home/dhia/browser-fuzzer/Dissertation/logger/run_20250318_041949/round_004/mutations/mutated_0001.html - Refused to load the script \'http://example.com/fail.js\' because it violates the following Content Security Policy directive: "default-src \'self\' \'unsafe-inline\'". Note that \'script-src-elem\' was not explicitly set, so \'default-src\' is used as a fallback.\n', 'file:///home/dhia/browser-fuzzer/Dissertation/logger/run_20250318_041949/round_004/mutations/mutated_0001.html 705:12 "Simulated console error on Page 1."', 'file:///home/dhia/browser-fuzzer/Dissertation/logger/run_20250318_041949/round_004/mutations/mutated_0001.html - Refused to load the script \'http://localhost/fail.js\' because it violates the following Content Security Policy directive: "default-src \'self\' \'unsafe-inline\'". Note that \'script-src-elem\' was not explicitly set, so \'default-src\' is used as a fallback.\n', 'file:///home/dhia/browser-fuzzer/Dissertation/logger/run_20250318_041949/round_004/mutations/mutated_0001.html 780:12 "Simulated console error on Page 1."', "file:///home/dhia/browser-fuzzer/Dissertation/logger/run_20250318_041949/round_004/mutations/mutated_0001.html 830:2 Uncaught SyntaxError: Unexpected token '<'", "file:///home/dhia/browser-fuzzer/Dissertation/logger/run_20250318_041949/round_004/mutations/mutated_0001.html 851:2 Uncaught SyntaxError: Unexpected token '<'"]}
[06:37:36][WARNING] detection-advanced:  => anomaly => mixed_content => {'count': 9}
[06:37:36][WARNING] detection-advanced:  => anomaly => security_header => {'missing': ['x-content-type-options', 'x-frame-options', 'permissions-policy']}
[06:37:36][WARNING] detection-advanced:  => anomaly => media_playback => {'error': {'MEDIA_ERR_ABORTED': 1, 'MEDIA_ERR_DECODE': 3, 'MEDIA_ERR_NETWORK': 2, 'MEDIA_ERR_SRC_NOT_SUPPORTED': 4, 'code': 4, 'message': 'MEDIA_ELEMENT_ERROR: Format error'}, 'paused': True, 'readyState': 0}
[06:37:36][WARNING] detection-advanced:  => anomaly => media_playback => {'error': {'MEDIA_ERR_ABORTED': 1, 'MEDIA_ERR_DECODE': 3, 'MEDIA_ERR_NETWORK': 2, 'MEDIA_ERR_SRC_NOT_SUPPORTED': 4, 'code': 4, 'message': 'MEDIA_ELEMENT_ERROR: Format error'}, 'paused': True, 'readyState': 0}
[06:37:36][WARNING] detection-advanced:  => anomaly => media_playback => {'error': {'MEDIA_ERR_ABORTED': 1, 'MEDIA_ERR_DECODE': 3, 'MEDIA_ERR_NETWORK': 2, 'MEDIA_ERR_SRC_NOT_SUPPORTED': 4, 'code': 4, 'message': 'MEDIA_ELEMENT_ERROR: Format error'}, 'paused': True, 'readyState': 0}
[06:37:36][WARNING] detection-advanced:  => anomaly => media_playback => {'error': {'MEDIA_ERR_ABORTED': 1, 'MEDIA_ERR_DECODE': 3, 'MEDIA_ERR_NETWORK': 2, 'MEDIA_ERR_SRC_NOT_SUPPORTED': 4, 'code': 4, 'message': 'MEDIA_ELEMENT_ERROR: Format error'}, 'paused': True, 'readyState': 0}
[06:37:36][WARNING] detection-advanced:  => anomaly => media_playback => {'error': {'MEDIA_ERR_ABORTED': 1, 'MEDIA_ERR_DECODE': 3, 'MEDIA_ERR_NETWORK': 2, 'MEDIA_ERR_SRC_NOT_SUPPORTED': 4, 'code': 4, 'message': 'MEDIA_ELEMENT_ERROR: Format error'}, 'paused': True, 'readyState': 0}
[06:37:36][WARNING] detection-advanced:  => anomaly => media_playback => {'error': {'MEDIA_ERR_ABORTED': 1, 'MEDIA_ERR_DECODE': 3, 'MEDIA_ERR_NETWORK': 2, 'MEDIA_ERR_SRC_NOT_SUPPORTED': 4, 'code': 4, 'message': 'MEDIA_ELEMENT_ERROR: Format error'}, 'paused': True, 'readyState': 0}
[06:37:36][WARNING] detection-advanced:  => anomaly => media_playback => {'error': {'MEDIA_ERR_ABORTED': 1, 'MEDIA_ERR_DECODE': 3, 'MEDIA_ERR_NETWORK': 2, 'MEDIA_ERR_SRC_NOT_SUPPORTED': 4, 'code': 4, 'message': 'MEDIA_ELEMENT_ERROR: Format error'}, 'paused': True, 'readyState': 0}
[06:37:36][WARNING] detection-advanced:  => anomaly => media_playback => {'error': {'MEDIA_ERR_ABORTED': 1, 'MEDIA_ERR_DECODE': 3, 'MEDIA_ERR_NETWORK': 2, 'MEDIA_ERR_SRC_NOT_SUPPORTED': 4, 'code': 4, 'message': 'MEDIA_ELEMENT_ERROR: Format error'}, 'paused': True, 'readyState': 0}
[06:37:36][WARNING] detection-advanced:  => anomaly => media_playback => {'error': {'MEDIA_ERR_ABORTED': 1, 'MEDIA_ERR_DECODE': 3, 'MEDIA_ERR_NETWORK': 2, 'MEDIA_ERR_SRC_NOT_SUPPORTED': 4, 'code': 4, 'message': 'MEDIA_ELEMENT_ERROR: Format error'}, 'paused': True, 'readyState': 0}
[06:37:36][WARNING] detection-advanced:  => anomaly => media_playback => {'error': {'MEDIA_ERR_ABORTED': 1, 'MEDIA_ERR_DECODE': 3, 'MEDIA_ERR_NETWORK': 2, 'MEDIA_ERR_SRC_NOT_SUPPORTED': 4, 'code': 4, 'message': 'MEDIA_ELEMENT_ERROR: Format error'}, 'paused': True, 'readyState': 0}
[06:37:36][WARNING] detection-advanced:  => anomaly => storage_anomaly => {'expected': 'testValue', 'got': 'wrong_value'}
[06:37:36][WARNING] detection-advanced:  => anomaly => event_failure => No click event on body
[06:37:36][WARNING] detection-advanced:  => anomaly => slow_execution => Load time=97860
[06:37:36][INFO] detection-advanced: Finished => mutated_0001.html, took 130.97s
[07:05:42][ERROR] detection-advanced: Test mutated_0002.html => Exception: HTTPConnectionPool(host='localhost', port=46195): Read timed out. (read timeout=1800)
[07:29:14][INFO] detection-advanced: [REPORT] Updated => mutated_0002.html
[07:29:16][INFO] detection-advanced: [REPORT] Updated => mutated_0002.html
[07:29:16][WARNING] detection-advanced:  => anomaly => security_header => {'missing': ['x-content-type-options', 'x-frame-options', 'permissions-policy']}
[07:29:16][INFO] detection-advanced: Finished => mutated_0002.html, took 3231.01s
[07:29:16][INFO] detection-advanced: [COVERAGE] coverage_summary => /home/dhia/browser-fuzzer/Dissertation/logger/run_20250318_041949/round_004/crash_results/coverage_summary.json
libEGL warning: DRI2: failed to authenticate
[07:29:16][INFO] detection-advanced: [COVERAGE] Chart => /home/dhia/browser-fuzzer/Dissertation/logger/run_20250318_041949/round_004/crash_results/coverage_chart.png
[07:29:16][INFO] detection-advanced: [REPORT] Interactive HTML report generated: /home/dhia/browser-fuzzer/Dissertation/logger/run_20250318_041949/round_004/crash_results/reports/interactive_report.html

+-----------------+---------+
| Metric          |   Value |
|-----------------+---------|
| Total Tests     |       2 |
| Passed          |       0 |
| Failed          |       2 |
| Critical Issues |       0 |
| High Severity   |       2 |
| Medium Severity |       0 |
| Low Severity    |       0 |
| Info            |       0 |
+-----------------+---------+
[07:29:16][INFO] detection-advanced: Cleaning up 0 temporary files
[07:29:17][INFO] detection-advanced: System cleanup completed
