[01:17:46][INFO] mutation-deterministic: [ADV-DETERMINISTIC] Using forced seeds => A=/home/dhia/browser-fuzzer/Dissertation/tests/testing_seeds/combined/complex/trigger1.html, B=/home/dhia/browser-fuzzer/Dissertation/tests/testing_seeds/combined/complex/trigger2.html
[01:17:47][WARNING] mutation-deterministic: Complexity validation failed, enforcing aggressive mutations.
[01:17:47][WARNING] mutation-deterministic: Script content contains HTML; removing invalid JS.
[01:17:47][WARNING] mutation-deterministic: Script content contains HTML; removing invalid JS.
[01:17:47][INFO] mutation-deterministic: Generated advanced deterministic mutation 1 => /home/dhia/browser-fuzzer/Dissertation/logger/run_20250318_011741/round_002/mutations/mutated_0001.html
[01:17:49][WARNING] mutation-deterministic: Complexity validation failed, enforcing aggressive mutations.
[01:17:52][WARNING] mutation-deterministic: Invalid JavaScript detected: Line 10: Unexpected token <
[01:17:52][WARNING] mutation-deterministic: Invalid JavaScript detected: Line 1: Unexpected token <
[01:17:52][WARNING] mutation-deterministic: Invalid JavaScript detected: Line 1: Unexpected token <
[01:17:52][WARNING] mutation-deterministic: Invalid JavaScript detected: Line 1: Unexpected token <
[01:17:52][WARNING] mutation-deterministic: Invalid JavaScript detected: Line 1: Unexpected token <
[01:17:52][WARNING] mutation-deterministic: Invalid JavaScript detected: Line 1: Unexpected token <
[01:17:52][WARNING] mutation-deterministic: Script content contains HTML; removing invalid JS.
[01:17:52][WARNING] mutation-deterministic: Script content contains HTML; removing invalid JS.
[01:17:52][WARNING] mutation-deterministic: Script content contains HTML; removing invalid JS.
[01:17:52][WARNING] mutation-deterministic: Script content contains HTML; removing invalid JS.
[01:17:52][WARNING] mutation-deterministic: Script content contains HTML; removing invalid JS.
[01:17:52][WARNING] mutation-deterministic: Script content contains HTML; removing invalid JS.
[01:17:52][WARNING] mutation-deterministic: Script content contains HTML; removing invalid JS.
[01:17:52][WARNING] mutation-deterministic: Script content contains HTML; removing invalid JS.
[01:17:52][WARNING] mutation-deterministic: Script content contains HTML; removing invalid JS.
[01:17:52][WARNING] mutation-deterministic: Script content contains HTML; removing invalid JS.
[01:17:52][WARNING] mutation-deterministic: Script content contains HTML; removing invalid JS.
[01:17:52][WARNING] mutation-deterministic: Script content contains HTML; removing invalid JS.
[01:17:52][WARNING] mutation-deterministic: Script content contains HTML; removing invalid JS.
[01:17:52][WARNING] mutation-deterministic: Script content contains HTML; removing invalid JS.
[01:17:52][WARNING] mutation-deterministic: Script content contains HTML; removing invalid JS.
[01:17:52][WARNING] mutation-deterministic: Script content contains HTML; removing invalid JS.
[01:17:52][WARNING] mutation-deterministic: Script content contains HTML; removing invalid JS.
[01:17:52][WARNING] mutation-deterministic: Script content contains HTML; removing invalid JS.
[01:17:52][WARNING] mutation-deterministic: Script content contains HTML; removing invalid JS.
[01:17:52][WARNING] mutation-deterministic: Script content contains HTML; removing invalid JS.
[01:17:52][WARNING] mutation-deterministic: Script content contains HTML; removing invalid JS.
[01:17:52][WARNING] mutation-deterministic: Invalid JavaScript detected: Line 1: Unexpected token <
[01:17:52][WARNING] mutation-deterministic: Invalid JavaScript detected: Line 1: Unexpected token <
[01:17:52][WARNING] mutation-deterministic: Invalid JavaScript detected: Line 1: Unexpected token <
[01:17:52][WARNING] mutation-deterministic: Invalid JavaScript detected: Line 10: Unexpected token <
[01:17:52][WARNING] mutation-deterministic: Invalid JavaScript detected: Line 1: Unexpected token <
[01:17:52][WARNING] mutation-deterministic: Invalid JavaScript detected: Line 1: Unexpected token <
[01:17:52][WARNING] mutation-deterministic: Invalid JavaScript detected: Line 1: Unexpected token <
[01:17:52][WARNING] mutation-deterministic: Script content contains HTML; removing invalid JS.
[01:17:52][WARNING] mutation-deterministic: Script content contains HTML; removing invalid JS.
[01:17:52][WARNING] mutation-deterministic: Script content contains HTML; removing invalid JS.
[01:17:52][WARNING] mutation-deterministic: Script content contains HTML; removing invalid JS.
[01:17:52][WARNING] mutation-deterministic: Script content contains HTML; removing invalid JS.
[01:17:52][WARNING] mutation-deterministic: Script content contains HTML; removing invalid JS.
[01:17:52][WARNING] mutation-deterministic: Script content contains HTML; removing invalid JS.
[01:17:52][WARNING] mutation-deterministic: Script content contains HTML; removing invalid JS.
[01:17:52][WARNING] mutation-deterministic: Script content contains HTML; removing invalid JS.
[01:17:52][WARNING] mutation-deterministic: Script content contains HTML; removing invalid JS.
[01:17:52][WARNING] mutation-deterministic: Script content contains HTML; removing invalid JS.
[01:17:52][WARNING] mutation-deterministic: Script content contains HTML; removing invalid JS.
[01:17:52][WARNING] mutation-deterministic: Script content contains HTML; removing invalid JS.
[01:17:52][WARNING] mutation-deterministic: Script content contains HTML; removing invalid JS.
[01:17:52][WARNING] mutation-deterministic: Script content contains HTML; removing invalid JS.
[01:17:52][WARNING] mutation-deterministic: Script content contains HTML; removing invalid JS.
[01:17:52][WARNING] mutation-deterministic: Invalid JavaScript detected: Line 1: Unexpected token <
[01:17:52][WARNING] mutation-deterministic: Invalid JavaScript detected: Line 1: Unexpected token <
[01:17:53][WARNING] mutation-deterministic: Invalid JavaScript detected: Line 1: Unexpected token <
[01:17:53][WARNING] mutation-deterministic: Invalid JavaScript detected: Line 9: Unexpected token <
[01:17:53][WARNING] mutation-deterministic: Invalid JavaScript detected: Line 9: Unexpected token <
[01:17:53][WARNING] mutation-deterministic: Invalid JavaScript detected: Line 9: Unexpected token <
[01:17:53][WARNING] mutation-deterministic: Invalid JavaScript detected: Line 9: Unexpected token <
[01:17:53][WARNING] mutation-deterministic: Invalid JavaScript detected: Line 1: Unexpected token <
[01:17:53][WARNING] mutation-deterministic: Script content contains HTML; removing invalid JS.
[01:17:53][WARNING] mutation-deterministic: Script content contains HTML; removing invalid JS.
[01:17:53][WARNING] mutation-deterministic: Script content contains HTML; removing invalid JS.
[01:17:53][WARNING] mutation-deterministic: Script content contains HTML; removing invalid JS.
[01:17:53][WARNING] mutation-deterministic: Invalid JavaScript detected: Line 1: Unexpected token <
[01:17:53][WARNING] mutation-deterministic: Script content contains HTML; removing invalid JS.
[01:17:53][WARNING] mutation-deterministic: Script content contains HTML; removing invalid JS.
[01:17:53][WARNING] mutation-deterministic: Script content contains HTML; removing invalid JS.
[01:17:53][WARNING] mutation-deterministic: Script content contains HTML; removing invalid JS.
[01:17:53][WARNING] mutation-deterministic: Invalid JavaScript detected: Line 1: Unexpected token <
[01:17:53][WARNING] mutation-deterministic: Invalid JavaScript detected: Line 1: Unexpected token <
[01:17:53][WARNING] mutation-deterministic: Script content contains HTML; removing invalid JS.
[01:17:53][WARNING] mutation-deterministic: Script content contains HTML; removing invalid JS.
[01:17:53][WARNING] mutation-deterministic: Script content contains HTML; removing invalid JS.
[01:17:53][WARNING] mutation-deterministic: Script content contains HTML; removing invalid JS.
[01:17:53][WARNING] mutation-deterministic: Script content contains HTML; removing invalid JS.
[01:17:53][WARNING] mutation-deterministic: Script content contains HTML; removing invalid JS.
[01:17:53][WARNING] mutation-deterministic: Invalid JavaScript detected: Line 1: Unexpected token <
[01:17:53][WARNING] mutation-deterministic: Invalid JavaScript detected: Line 1: Unexpected token <
[01:17:53][WARNING] mutation-deterministic: Invalid JavaScript detected: Line 1: Unexpected token <
[01:17:53][WARNING] mutation-deterministic: Invalid JavaScript detected: Line 1: Unexpected token <
[01:17:53][WARNING] mutation-deterministic: Invalid JavaScript detected: Line 1: Unexpected token <
[01:17:53][WARNING] mutation-deterministic: Invalid JavaScript detected: Line 1: Unexpected token <
[01:17:53][WARNING] mutation-deterministic: Invalid JavaScript detected: Line 1: Unexpected token <
[01:17:53][WARNING] mutation-deterministic: Invalid JavaScript detected: Line 1: Unexpected token <
[01:17:53][WARNING] mutation-deterministic: Invalid JavaScript detected: Line 1: Unexpected token <
[01:17:53][WARNING] mutation-deterministic: Invalid JavaScript detected: Line 1: Unexpected token <
[01:17:53][WARNING] mutation-deterministic: Invalid JavaScript detected: Line 1: Unexpected token <
[01:17:53][WARNING] mutation-deterministic: Invalid JavaScript detected: Line 1: Unexpected token <
[01:17:53][WARNING] mutation-deterministic: Invalid JavaScript detected: Line 1: Unexpected token <
[01:17:53][WARNING] mutation-deterministic: Invalid JavaScript detected: Line 1: Unexpected token <
[01:17:53][WARNING] mutation-deterministic: Invalid JavaScript detected: Line 1: Unexpected token <
[01:17:53][WARNING] mutation-deterministic: Invalid JavaScript detected: Line 1: Unexpected token <
[01:17:53][WARNING] mutation-deterministic: Invalid JavaScript detected: Line 1: Unexpected token <
[01:17:53][WARNING] mutation-deterministic: Invalid JavaScript detected: Line 1: Unexpected token <
[01:17:53][WARNING] mutation-deterministic: Invalid JavaScript detected: Line 1: Unexpected token <
[01:17:53][WARNING] mutation-deterministic: Script content contains HTML; removing invalid JS.
[01:17:53][WARNING] mutation-deterministic: Invalid JavaScript detected: Line 1: Unexpected token <
[01:17:53][WARNING] mutation-deterministic: Invalid JavaScript detected: Line 1: Unexpected token <
[01:17:53][WARNING] mutation-deterministic: Script content contains HTML; removing invalid JS.
[01:17:54][WARNING] mutation-deterministic: Invalid JavaScript detected: Line 1: Unexpected token <
[01:17:54][WARNING] mutation-deterministic: Invalid JavaScript detected: Line 1: Unexpected token <
[01:17:54][WARNING] mutation-deterministic: Script content contains HTML; removing invalid JS.
[01:17:54][WARNING] mutation-deterministic: Script content contains HTML; removing invalid JS.
[01:17:54][WARNING] mutation-deterministic: Invalid JavaScript detected: Line 1: Unexpected token <
[01:17:54][WARNING] mutation-deterministic: Invalid JavaScript detected: Line 1: Unexpected token <
[01:17:54][WARNING] mutation-deterministic: Invalid JavaScript detected: Line 1: Unexpected token <
[01:17:54][WARNING] mutation-deterministic: Invalid JavaScript detected: Line 1: Unexpected token <
[01:17:54][WARNING] mutation-deterministic: Invalid JavaScript detected: Line 1: Unexpected token <
[01:17:54][WARNING] mutation-deterministic: Invalid JavaScript detected: Line 1: Unexpected token <
[01:17:54][WARNING] mutation-deterministic: Invalid JavaScript detected: Line 1: Unexpected token <
[01:17:54][WARNING] mutation-deterministic: Script content contains HTML; removing invalid JS.
[01:17:54][WARNING] mutation-deterministic: Script content contains HTML; removing invalid JS.
[01:17:54][WARNING] mutation-deterministic: Script content contains HTML; removing invalid JS.
[01:17:54][WARNING] mutation-deterministic: Script content contains HTML; removing invalid JS.
[01:17:54][WARNING] mutation-deterministic: Script content contains HTML; removing invalid JS.
[01:17:54][WARNING] mutation-deterministic: Invalid JavaScript detected: Line 1: Unexpected token <
[01:17:54][WARNING] mutation-deterministic: Invalid JavaScript detected: Line 1: Unexpected token <
[01:17:54][WARNING] mutation-deterministic: Script content contains HTML; removing invalid JS.
[01:17:54][WARNING] mutation-deterministic: Script content contains HTML; removing invalid JS.
[01:17:54][WARNING] mutation-deterministic: Invalid JavaScript detected: Line 45: Unexpected token <
[01:17:54][WARNING] mutation-deterministic: Invalid JavaScript detected: Line 45: Unexpected token <
[01:17:54][INFO] mutation-deterministic: Generated advanced deterministic mutation 2 => /home/dhia/browser-fuzzer/Dissertation/logger/run_20250318_011741/round_002/mutations/mutated_0002.html
