[204366:204366:0324/185849.877575:ERROR:cursor_factory.cc(96)] Not implemented reached in virtual void ui::CursorFactory::ObserveThemeChanges()
[204431:204431:0324/185850.612417:WARNING:sandbox_linux.cc(415)] InitializeSandbox() called with multiple threads in process gpu-process.
[204431:204431:0324/185850.640042:WARNING:viz_main_impl.cc(85)] VizNullHypothesis is disabled (not a warning)
[204428:204428:0324/185850.676370:WARNING:sandbox_linux.cc(415)] InitializeSandbox() called with multiple threads in process gpu-process.
[204428:204428:0324/185850.708917:WARNING:viz_main_impl.cc(85)] VizNullHypothesis is disabled (not a warning)
[204366:204366:0324/185850.732982:WARNING:account_consistency_mode_manager.cc(72)] Desktop Identity Consistency cannot be enabled as no OAuth client ID and client secret have been configured.
[204366:204366:0324/185852.922543:ERROR:platform_screen.cc(45)] Not implemented reached in virtual bool ui::PlatformScreen::IsScreenSaverActive() const
[204366:204366:0324/185852.922659:ERROR:platform_screen.cc(50)] Not implemented reached in virtual base::TimeDelta ui::PlatformScreen::CalculateIdleTime() const
[204366:204366:0324/185852.932130:WARNING:compose_enabling.cc(64)] Couldn't get country info.
[204366:204366:0324/185909.554356:INFO:CONSOLE(99)] "Uncaught SyntaxError: Invalid or unexpected token", source: file:///home/dhia/browser-fuzzer/Dissertation/logger/run_20250324_064826/round_076/mutations/mutated_0004.html (99)
[204366:204366:0324/185909.933749:INFO:CONSOLE(100)] "Uncaught SyntaxError: Invalid or unexpected token", source: file:///home/dhia/browser-fuzzer/Dissertation/logger/run_20250324_064826/round_076/mutations/mutated_0004.html (100)
[204366:204366:0324/185910.858136:INFO:CONSOLE(177)] "Uncaught SyntaxError: Invalid or unexpected token", source: file:///home/dhia/browser-fuzzer/Dissertation/logger/run_20250324_064826/round_076/mutations/mutated_0004.html (177)
[204366:204366:0324/185910.894752:INFO:CONSOLE(178)] "Uncaught SyntaxError: Invalid or unexpected token", source: file:///home/dhia/browser-fuzzer/Dissertation/logger/run_20250324_064826/round_076/mutations/mutated_0004.html (178)
[204366:204366:0324/185910.911441:INFO:CONSOLE(179)] "Uncaught SyntaxError: Invalid or unexpected token", source: file:///home/dhia/browser-fuzzer/Dissertation/logger/run_20250324_064826/round_076/mutations/mutated_0004.html (179)
[204366:204366:0324/185910.966727:INFO:CONSOLE(180)] "Uncaught SyntaxError: Invalid or unexpected token", source: file:///home/dhia/browser-fuzzer/Dissertation/logger/run_20250324_064826/round_076/mutations/mutated_0004.html (180)
[204366:204366:0324/185910.979412:INFO:CONSOLE(181)] "Uncaught SyntaxError: Invalid or unexpected token", source: file:///home/dhia/browser-fuzzer/Dissertation/logger/run_20250324_064826/round_076/mutations/mutated_0004.html (181)
[204366:204366:0324/185910.995242:INFO:CONSOLE(182)] "Uncaught SyntaxError: Invalid or unexpected token", source: file:///home/dhia/browser-fuzzer/Dissertation/logger/run_20250324_064826/round_076/mutations/mutated_0004.html (182)
[204366:204366:0324/185911.010253:INFO:CONSOLE(188)] "Uncaught SyntaxError: Invalid or unexpected token", source: file:///home/dhia/browser-fuzzer/Dissertation/logger/run_20250324_064826/round_076/mutations/mutated_0004.html (188)
[204366:204366:0324/185911.014318:INFO:CONSOLE(189)] "Uncaught SyntaxError: Invalid or unexpected token", source: file:///home/dhia/browser-fuzzer/Dissertation/logger/run_20250324_064826/round_076/mutations/mutated_0004.html (189)
[204366:204366:0324/185911.020662:INFO:CONSOLE(190)] "Uncaught SyntaxError: Invalid or unexpected token", source: file:///home/dhia/browser-fuzzer/Dissertation/logger/run_20250324_064826/round_076/mutations/mutated_0004.html (190)
[204366:204366:0324/185911.085419:INFO:CONSOLE(191)] "Uncaught SyntaxError: Invalid or unexpected token", source: file:///home/dhia/browser-fuzzer/Dissertation/logger/run_20250324_064826/round_076/mutations/mutated_0004.html (191)
[204366:204366:0324/185911.103128:INFO:CONSOLE(192)] "Uncaught SyntaxError: Invalid or unexpected token", source: file:///home/dhia/browser-fuzzer/Dissertation/logger/run_20250324_064826/round_076/mutations/mutated_0004.html (192)
[204366:204366:0324/185911.116732:INFO:CONSOLE(197)] "Uncaught SyntaxError: Invalid or unexpected token", source: file:///home/dhia/browser-fuzzer/Dissertation/logger/run_20250324_064826/round_076/mutations/mutated_0004.html (197)
[204366:204366:0324/185911.134984:INFO:CONSOLE(202)] "Uncaught SyntaxError: Invalid or unexpected token", source: file:///home/dhia/browser-fuzzer/Dissertation/logger/run_20250324_064826/round_076/mutations/mutated_0004.html (202)
[204366:204366:0324/185911.143890:INFO:CONSOLE(204)] "Uncaught SyntaxError: Invalid or unexpected token", source: file:///home/dhia/browser-fuzzer/Dissertation/logger/run_20250324_064826/round_076/mutations/mutated_0004.html (204)
[204366:204366:0324/185911.176857:INFO:CONSOLE(205)] "Uncaught SyntaxError: Invalid or unexpected token", source: file:///home/dhia/browser-fuzzer/Dissertation/logger/run_20250324_064826/round_076/mutations/mutated_0004.html (205)
[204366:204366:0324/185911.187783:INFO:CONSOLE(207)] "Uncaught SyntaxError: Invalid or unexpected token", source: file:///home/dhia/browser-fuzzer/Dissertation/logger/run_20250324_064826/round_076/mutations/mutated_0004.html (207)
[204366:204366:0324/185911.192399:INFO:CONSOLE(209)] "Uncaught SyntaxError: Invalid or unexpected token", source: file:///home/dhia/browser-fuzzer/Dissertation/logger/run_20250324_064826/round_076/mutations/mutated_0004.html (209)
[204366:204366:0324/185911.211285:INFO:CONSOLE(210)] "Uncaught SyntaxError: Invalid or unexpected token", source: file:///home/dhia/browser-fuzzer/Dissertation/logger/run_20250324_064826/round_076/mutations/mutated_0004.html (210)
[204366:204366:0324/185911.234807:INFO:CONSOLE(212)] "Uncaught SyntaxError: Invalid or unexpected token", source: file:///home/dhia/browser-fuzzer/Dissertation/logger/run_20250324_064826/round_076/mutations/mutated_0004.html (212)
[204366:204366:0324/185911.245422:INFO:CONSOLE(249)] "Uncaught SyntaxError: Invalid or unexpected token", source: file:///home/dhia/browser-fuzzer/Dissertation/logger/run_20250324_064826/round_076/mutations/mutated_0004.html (249)
[204366:204366:0324/185911.381188:INFO:CONSOLE(250)] "Uncaught SyntaxError: Invalid or unexpected token", source: file:///home/dhia/browser-fuzzer/Dissertation/logger/run_20250324_064826/round_076/mutations/mutated_0004.html (250)
[204366:204366:0324/185911.398703:INFO:CONSOLE(252)] "Uncaught SyntaxError: Invalid or unexpected token", source: file:///home/dhia/browser-fuzzer/Dissertation/logger/run_20250324_064826/round_076/mutations/mutated_0004.html (252)
[204366:204366:0324/185911.487365:INFO:CONSOLE(253)] "Uncaught SyntaxError: Invalid or unexpected token", source: file:///home/dhia/browser-fuzzer/Dissertation/logger/run_20250324_064826/round_076/mutations/mutated_0004.html (253)
[204366:204366:0324/185911.502401:INFO:CONSOLE(254)] "Uncaught SyntaxError: Invalid or unexpected token", source: file:///home/dhia/browser-fuzzer/Dissertation/logger/run_20250324_064826/round_076/mutations/mutated_0004.html (254)
[204366:204366:0324/185911.575566:INFO:CONSOLE(261)] "Uncaught SyntaxError: Invalid or unexpected token", source: file:///home/dhia/browser-fuzzer/Dissertation/logger/run_20250324_064826/round_076/mutations/mutated_0004.html (261)
[204366:204366:0324/185911.588283:INFO:CONSOLE(262)] "Uncaught SyntaxError: Invalid or unexpected token", source: file:///home/dhia/browser-fuzzer/Dissertation/logger/run_20250324_064826/round_076/mutations/mutated_0004.html (262)
[204366:204366:0324/185911.604669:INFO:CONSOLE(263)] "Uncaught SyntaxError: Invalid or unexpected token", source: file:///home/dhia/browser-fuzzer/Dissertation/logger/run_20250324_064826/round_076/mutations/mutated_0004.html (263)
[204366:204366:0324/185911.673713:INFO:CONSOLE(274)] "Uncaught SyntaxError: Invalid or unexpected token", source: file:///home/dhia/browser-fuzzer/Dissertation/logger/run_20250324_064826/round_076/mutations/mutated_0004.html (274)
[204366:204366:0324/185911.711103:INFO:CONSOLE(275)] "Uncaught SyntaxError: Invalid or unexpected token", source: file:///home/dhia/browser-fuzzer/Dissertation/logger/run_20250324_064826/round_076/mutations/mutated_0004.html (275)
[204366:204366:0324/185911.735058:INFO:CONSOLE(276)] "Uncaught SyntaxError: Invalid or unexpected token", source: file:///home/dhia/browser-fuzzer/Dissertation/logger/run_20250324_064826/round_076/mutations/mutated_0004.html (276)
[204366:204366:0324/185911.767337:INFO:CONSOLE(277)] "Uncaught SyntaxError: Invalid or unexpected token", source: file:///home/dhia/browser-fuzzer/Dissertation/logger/run_20250324_064826/round_076/mutations/mutated_0004.html (277)
[204366:204366:0324/185911.828133:INFO:CONSOLE(278)] "Uncaught SyntaxError: Invalid or unexpected token", source: file:///home/dhia/browser-fuzzer/Dissertation/logger/run_20250324_064826/round_076/mutations/mutated_0004.html (278)
[204366:204366:0324/185911.841508:INFO:CONSOLE(279)] "Uncaught SyntaxError: Invalid or unexpected token", source: file:///home/dhia/browser-fuzzer/Dissertation/logger/run_20250324_064826/round_076/mutations/mutated_0004.html (279)
[204366:204366:0324/185911.933179:INFO:CONSOLE(280)] "Uncaught SyntaxError: Invalid or unexpected token", source: file:///home/dhia/browser-fuzzer/Dissertation/logger/run_20250324_064826/round_076/mutations/mutated_0004.html (280)
[204366:204366:0324/185911.958687:INFO:CONSOLE(281)] "Uncaught SyntaxError: Invalid or unexpected token", source: file:///home/dhia/browser-fuzzer/Dissertation/logger/run_20250324_064826/round_076/mutations/mutated_0004.html (281)
[204366:204366:0324/185912.028802:INFO:CONSOLE(282)] "Uncaught SyntaxError: Invalid or unexpected token", source: file:///home/dhia/browser-fuzzer/Dissertation/logger/run_20250324_064826/round_076/mutations/mutated_0004.html (282)
[204366:204366:0324/185912.045268:INFO:CONSOLE(288)] "Uncaught SyntaxError: Invalid or unexpected token", source: file:///home/dhia/browser-fuzzer/Dissertation/logger/run_20250324_064826/round_076/mutations/mutated_0004.html (288)
[204366:204366:0324/185912.137819:INFO:CONSOLE(289)] "Uncaught SyntaxError: Invalid or unexpected token", source: file:///home/dhia/browser-fuzzer/Dissertation/logger/run_20250324_064826/round_076/mutations/mutated_0004.html (289)
[204366:204366:0324/185912.149111:INFO:CONSOLE(290)] "Uncaught SyntaxError: Invalid or unexpected token", source: file:///home/dhia/browser-fuzzer/Dissertation/logger/run_20250324_064826/round_076/mutations/mutated_0004.html (290)
[204366:204366:0324/185912.217604:INFO:CONSOLE(291)] "Uncaught SyntaxError: Invalid or unexpected token", source: file:///home/dhia/browser-fuzzer/Dissertation/logger/run_20250324_064826/round_076/mutations/mutated_0004.html (291)
[204366:204366:0324/185912.227567:INFO:CONSOLE(292)] "Uncaught SyntaxError: Invalid or unexpected token", source: file:///home/dhia/browser-fuzzer/Dissertation/logger/run_20250324_064826/round_076/mutations/mutated_0004.html (292)
[204366:204366:0324/185912.240463:INFO:CONSOLE(297)] "Uncaught SyntaxError: Invalid or unexpected token", source: file:///home/dhia/browser-fuzzer/Dissertation/logger/run_20250324_064826/round_076/mutations/mutated_0004.html (297)
[204366:204366:0324/185912.322968:INFO:CONSOLE(302)] "Uncaught SyntaxError: Invalid or unexpected token", source: file:///home/dhia/browser-fuzzer/Dissertation/logger/run_20250324_064826/round_076/mutations/mutated_0004.html (302)
[204366:204366:0324/185912.345523:INFO:CONSOLE(304)] "Uncaught SyntaxError: Invalid or unexpected token", source: file:///home/dhia/browser-fuzzer/Dissertation/logger/run_20250324_064826/round_076/mutations/mutated_0004.html (304)
[204366:204366:0324/185912.415322:INFO:CONSOLE(305)] "Uncaught SyntaxError: Invalid or unexpected token", source: file:///home/dhia/browser-fuzzer/Dissertation/logger/run_20250324_064826/round_076/mutations/mutated_0004.html (305)
[204366:204366:0324/185912.437556:INFO:CONSOLE(307)] "Uncaught SyntaxError: Invalid or unexpected token", source: file:///home/dhia/browser-fuzzer/Dissertation/logger/run_20250324_064826/round_076/mutations/mutated_0004.html (307)
[204366:204366:0324/185912.530708:INFO:CONSOLE(309)] "Uncaught SyntaxError: Invalid or unexpected token", source: file:///home/dhia/browser-fuzzer/Dissertation/logger/run_20250324_064826/round_076/mutations/mutated_0004.html (309)
[204366:204366:0324/185912.543500:INFO:CONSOLE(311)] "Uncaught SyntaxError: Invalid or unexpected token", source: file:///home/dhia/browser-fuzzer/Dissertation/logger/run_20250324_064826/round_076/mutations/mutated_0004.html (311)
[204366:204366:0324/185912.611062:INFO:CONSOLE(348)] "Uncaught SyntaxError: Invalid or unexpected token", source: file:///home/dhia/browser-fuzzer/Dissertation/logger/run_20250324_064826/round_076/mutations/mutated_0004.html (348)
[204366:204366:0324/185912.622996:INFO:CONSOLE(349)] "Uncaught SyntaxError: Invalid or unexpected token", source: file:///home/dhia/browser-fuzzer/Dissertation/logger/run_20250324_064826/round_076/mutations/mutated_0004.html (349)
[204366:204366:0324/185912.765133:INFO:CONSOLE(356)] "Uncaught SyntaxError: Invalid or unexpected token", source: file:///home/dhia/browser-fuzzer/Dissertation/logger/run_20250324_064826/round_076/mutations/mutated_0004.html (356)
[204366:204366:0324/185912.773213:INFO:CONSOLE(357)] "Uncaught SyntaxError: Invalid or unexpected token", source: file:///home/dhia/browser-fuzzer/Dissertation/logger/run_20250324_064826/round_076/mutations/mutated_0004.html (357)
[204366:204366:0324/185912.866524:INFO:CONSOLE(359)] "Uncaught SyntaxError: Invalid or unexpected token", source: file:///home/dhia/browser-fuzzer/Dissertation/logger/run_20250324_064826/round_076/mutations/mutated_0004.html (359)
[204366:204366:0324/185912.880340:INFO:CONSOLE(360)] "Uncaught SyntaxError: Invalid or unexpected token", source: file:///home/dhia/browser-fuzzer/Dissertation/logger/run_20250324_064826/round_076/mutations/mutated_0004.html (360)
[204366:204366:0324/185912.948962:INFO:CONSOLE(361)] "Uncaught SyntaxError: Invalid or unexpected token", source: file:///home/dhia/browser-fuzzer/Dissertation/logger/run_20250324_064826/round_076/mutations/mutated_0004.html (361)
[204366:204366:0324/185913.041310:INFO:CONSOLE(378)] "Uncaught SyntaxError: Invalid or unexpected token", source: file:///home/dhia/browser-fuzzer/Dissertation/logger/run_20250324_064826/round_076/mutations/mutated_0004.html (378)
[204366:204366:0324/185913.058184:INFO:CONSOLE(379)] "Uncaught SyntaxError: Invalid or unexpected token", source: file:///home/dhia/browser-fuzzer/Dissertation/logger/run_20250324_064826/round_076/mutations/mutated_0004.html (379)
[204366:204366:0324/185913.079271:INFO:CONSOLE(380)] "Uncaught SyntaxError: Invalid or unexpected token", source: file:///home/dhia/browser-fuzzer/Dissertation/logger/run_20250324_064826/round_076/mutations/mutated_0004.html (380)
[204366:204366:0324/185913.098024:INFO:CONSOLE(381)] "Uncaught SyntaxError: Invalid or unexpected token", source: file:///home/dhia/browser-fuzzer/Dissertation/logger/run_20250324_064826/round_076/mutations/mutated_0004.html (381)
[204366:204366:0324/185913.122950:INFO:CONSOLE(382)] "Uncaught SyntaxError: Invalid or unexpected token", source: file:///home/dhia/browser-fuzzer/Dissertation/logger/run_20250324_064826/round_076/mutations/mutated_0004.html (382)
[204366:204366:0324/185913.146544:INFO:CONSOLE(383)] "Uncaught SyntaxError: Invalid or unexpected token", source: file:///home/dhia/browser-fuzzer/Dissertation/logger/run_20250324_064826/round_076/mutations/mutated_0004.html (383)
[204366:204366:0324/185913.159722:INFO:CONSOLE(384)] "Uncaught SyntaxError: Invalid or unexpected token", source: file:///home/dhia/browser-fuzzer/Dissertation/logger/run_20250324_064826/round_076/mutations/mutated_0004.html (384)
[204366:204366:0324/185913.167339:INFO:CONSOLE(385)] "Uncaught SyntaxError: Invalid or unexpected token", source: file:///home/dhia/browser-fuzzer/Dissertation/logger/run_20250324_064826/round_076/mutations/mutated_0004.html (385)
[204366:204366:0324/185913.258110:INFO:CONSOLE(386)] "Uncaught SyntaxError: Invalid or unexpected token", source: file:///home/dhia/browser-fuzzer/Dissertation/logger/run_20250324_064826/round_076/mutations/mutated_0004.html (386)
[204366:204366:0324/185913.272328:INFO:CONSOLE(387)] "Uncaught SyntaxError: Invalid or unexpected token", source: file:///home/dhia/browser-fuzzer/Dissertation/logger/run_20250324_064826/round_076/mutations/mutated_0004.html (387)
[204366:204366:0324/185913.341417:INFO:CONSOLE(388)] "Uncaught SyntaxError: Invalid or unexpected token", source: file:///home/dhia/browser-fuzzer/Dissertation/logger/run_20250324_064826/round_076/mutations/mutated_0004.html (388)
[204366:204366:0324/185913.355350:INFO:CONSOLE(390)] "Uncaught SyntaxError: Invalid or unexpected token", source: file:///home/dhia/browser-fuzzer/Dissertation/logger/run_20250324_064826/round_076/mutations/mutated_0004.html (390)
[204366:204366:0324/185913.430581:INFO:CONSOLE(395)] "Uncaught SyntaxError: Invalid or unexpected token", source: file:///home/dhia/browser-fuzzer/Dissertation/logger/run_20250324_064826/round_076/mutations/mutated_0004.html (395)
[204366:204366:0324/185913.449631:INFO:CONSOLE(397)] "Uncaught SyntaxError: Invalid or unexpected token", source: file:///home/dhia/browser-fuzzer/Dissertation/logger/run_20250324_064826/round_076/mutations/mutated_0004.html (397)
[204366:204366:0324/185913.459345:INFO:CONSOLE(398)] "Uncaught SyntaxError: Invalid or unexpected token", source: file:///home/dhia/browser-fuzzer/Dissertation/logger/run_20250324_064826/round_076/mutations/mutated_0004.html (398)
[204366:204366:0324/185913.521334:INFO:CONSOLE(400)] "Uncaught SyntaxError: Invalid or unexpected token", source: file:///home/dhia/browser-fuzzer/Dissertation/logger/run_20250324_064826/round_076/mutations/mutated_0004.html (400)
[204366:204366:0324/185913.541062:INFO:CONSOLE(402)] "Uncaught SyntaxError: Invalid or unexpected token", source: file:///home/dhia/browser-fuzzer/Dissertation/logger/run_20250324_064826/round_076/mutations/mutated_0004.html (402)
[204366:204366:0324/185913.646571:INFO:CONSOLE(404)] "Uncaught SyntaxError: Invalid or unexpected token", source: file:///home/dhia/browser-fuzzer/Dissertation/logger/run_20250324_064826/round_076/mutations/mutated_0004.html (404)
[204366:204366:0324/185913.659188:INFO:CONSOLE(453)] "Uncaught SyntaxError: Invalid or unexpected token", source: file:///home/dhia/browser-fuzzer/Dissertation/logger/run_20250324_064826/round_076/mutations/mutated_0004.html (453)
[204366:204366:0324/185913.780384:INFO:CONSOLE(454)] "Uncaught SyntaxError: Invalid or unexpected token", source: file:///home/dhia/browser-fuzzer/Dissertation/logger/run_20250324_064826/round_076/mutations/mutated_0004.html (454)
[204366:204366:0324/185913.795755:INFO:CONSOLE(456)] "Uncaught SyntaxError: Invalid or unexpected token", source: file:///home/dhia/browser-fuzzer/Dissertation/logger/run_20250324_064826/round_076/mutations/mutated_0004.html (456)
[204366:204366:0324/185913.835933:INFO:CONSOLE(457)] "Uncaught SyntaxError: Invalid or unexpected token", source: file:///home/dhia/browser-fuzzer/Dissertation/logger/run_20250324_064826/round_076/mutations/mutated_0004.html (457)
[204366:204366:0324/185913.848361:INFO:CONSOLE(464)] "Uncaught SyntaxError: Invalid or unexpected token", source: file:///home/dhia/browser-fuzzer/Dissertation/logger/run_20250324_064826/round_076/mutations/mutated_0004.html (464)
[204366:204366:0324/185913.955578:INFO:CONSOLE(465)] "Uncaught SyntaxError: Invalid or unexpected token", source: file:///home/dhia/browser-fuzzer/Dissertation/logger/run_20250324_064826/round_076/mutations/mutated_0004.html (465)
[204366:204366:0324/185913.964700:INFO:CONSOLE(472)] "Uncaught SyntaxError: Invalid or unexpected token", source: file:///home/dhia/browser-fuzzer/Dissertation/logger/run_20250324_064826/round_076/mutations/mutated_0004.html (472)
[204366:204366:0324/185913.971117:INFO:CONSOLE(473)] "Uncaught SyntaxError: Invalid or unexpected token", source: file:///home/dhia/browser-fuzzer/Dissertation/logger/run_20250324_064826/round_076/mutations/mutated_0004.html (473)
[204366:204366:0324/185914.060028:INFO:CONSOLE(474)] "Uncaught SyntaxError: Invalid or unexpected token", source: file:///home/dhia/browser-fuzzer/Dissertation/logger/run_20250324_064826/round_076/mutations/mutated_0004.html (474)
[204366:204366:0324/185914.078543:INFO:CONSOLE(475)] "Uncaught SyntaxError: Invalid or unexpected token", source: file:///home/dhia/browser-fuzzer/Dissertation/logger/run_20250324_064826/round_076/mutations/mutated_0004.html (475)
[204366:204366:0324/185914.164422:INFO:CONSOLE(476)] "Uncaught SyntaxError: Invalid or unexpected token", source: file:///home/dhia/browser-fuzzer/Dissertation/logger/run_20250324_064826/round_076/mutations/mutated_0004.html (476)
[204366:204366:0324/185914.179595:INFO:CONSOLE(477)] "Uncaught SyntaxError: Invalid or unexpected token", source: file:///home/dhia/browser-fuzzer/Dissertation/logger/run_20250324_064826/round_076/mutations/mutated_0004.html (477)
[204366:204366:0324/185914.182739:INFO:CONSOLE(478)] "Uncaught SyntaxError: Invalid or unexpected token", source: file:///home/dhia/browser-fuzzer/Dissertation/logger/run_20250324_064826/round_076/mutations/mutated_0004.html (478)
[204366:204366:0324/185914.272437:INFO:CONSOLE(479)] "Uncaught SyntaxError: Invalid or unexpected token", source: file:///home/dhia/browser-fuzzer/Dissertation/logger/run_20250324_064826/round_076/mutations/mutated_0004.html (479)
[204366:204366:0324/185914.314275:INFO:CONSOLE(480)] "Uncaught SyntaxError: Invalid or unexpected token", source: file:///home/dhia/browser-fuzzer/Dissertation/logger/run_20250324_064826/round_076/mutations/mutated_0004.html (480)
[204366:204366:0324/185914.420898:INFO:CONSOLE(481)] "Uncaught SyntaxError: Invalid or unexpected token", source: file:///home/dhia/browser-fuzzer/Dissertation/logger/run_20250324_064826/round_076/mutations/mutated_0004.html (481)
[204366:204366:0324/185914.433544:INFO:CONSOLE(494)] "Uncaught SyntaxError: Invalid or unexpected token", source: file:///home/dhia/browser-fuzzer/Dissertation/logger/run_20250324_064826/round_076/mutations/mutated_0004.html (494)
[204366:204366:0324/185914.549934:INFO:CONSOLE(495)] "Uncaught SyntaxError: Invalid or unexpected token", source: file:///home/dhia/browser-fuzzer/Dissertation/logger/run_20250324_064826/round_076/mutations/mutated_0004.html (495)
[204366:204366:0324/185914.572008:INFO:CONSOLE(496)] "Uncaught SyntaxError: Invalid or unexpected token", source: file:///home/dhia/browser-fuzzer/Dissertation/logger/run_20250324_064826/round_076/mutations/mutated_0004.html (496)
[204366:204366:0324/185914.580104:INFO:CONSOLE(497)] "Uncaught SyntaxError: Invalid or unexpected token", source: file:///home/dhia/browser-fuzzer/Dissertation/logger/run_20250324_064826/round_076/mutations/mutated_0004.html (497)
[204366:204366:0324/185914.676577:INFO:CONSOLE(500)] "Uncaught SyntaxError: Invalid or unexpected token", source: file:///home/dhia/browser-fuzzer/Dissertation/logger/run_20250324_064826/round_076/mutations/mutated_0004.html (500)
[204366:204366:0324/185914.696777:INFO:CONSOLE(501)] "Uncaught SyntaxError: Invalid or unexpected token", source: file:///home/dhia/browser-fuzzer/Dissertation/logger/run_20250324_064826/round_076/mutations/mutated_0004.html (501)
[204366:204366:0324/185914.774892:INFO:CONSOLE(512)] "Uncaught SyntaxError: Invalid or unexpected token", source: file:///home/dhia/browser-fuzzer/Dissertation/logger/run_20250324_064826/round_076/mutations/mutated_0004.html (512)
[204366:204366:0324/185914.786148:INFO:CONSOLE(513)] "Uncaught SyntaxError: Invalid or unexpected token", source: file:///home/dhia/browser-fuzzer/Dissertation/logger/run_20250324_064826/round_076/mutations/mutated_0004.html (513)
[204366:204366:0324/185914.893886:INFO:CONSOLE(514)] "Uncaught SyntaxError: Invalid or unexpected token", source: file:///home/dhia/browser-fuzzer/Dissertation/logger/run_20250324_064826/round_076/mutations/mutated_0004.html (514)
[204366:204366:0324/185914.909502:INFO:CONSOLE(521)] "Uncaught SyntaxError: Invalid or unexpected token", source: file:///home/dhia/browser-fuzzer/Dissertation/logger/run_20250324_064826/round_076/mutations/mutated_0004.html (521)
[204366:204366:0324/185914.992753:INFO:CONSOLE(522)] "Uncaught SyntaxError: Invalid or unexpected token", source: file:///home/dhia/browser-fuzzer/Dissertation/logger/run_20250324_064826/round_076/mutations/mutated_0004.html (522)
[204366:204366:0324/185915.004381:INFO:CONSOLE(523)] "Uncaught SyntaxError: Invalid or unexpected token", source: file:///home/dhia/browser-fuzzer/Dissertation/logger/run_20250324_064826/round_076/mutations/mutated_0004.html (523)
[204366:204366:0324/185915.109032:INFO:CONSOLE(524)] "Uncaught SyntaxError: Invalid or unexpected token", source: file:///home/dhia/browser-fuzzer/Dissertation/logger/run_20250324_064826/round_076/mutations/mutated_0004.html (524)
[204366:204366:0324/185915.121111:INFO:CONSOLE(525)] "Uncaught SyntaxError: Invalid or unexpected token", source: file:///home/dhia/browser-fuzzer/Dissertation/logger/run_20250324_064826/round_076/mutations/mutated_0004.html (525)
[204366:204366:0324/185915.137076:INFO:CONSOLE(526)] "Uncaught SyntaxError: Invalid or unexpected token", source: file:///home/dhia/browser-fuzzer/Dissertation/logger/run_20250324_064826/round_076/mutations/mutated_0004.html (526)
[204366:204366:0324/185915.204730:INFO:CONSOLE(527)] "Uncaught SyntaxError: Invalid or unexpected token", source: file:///home/dhia/browser-fuzzer/Dissertation/logger/run_20250324_064826/round_076/mutations/mutated_0004.html (527)
[204366:204366:0324/185915.219307:INFO:CONSOLE(528)] "Uncaught SyntaxError: Invalid or unexpected token", source: file:///home/dhia/browser-fuzzer/Dissertation/logger/run_20250324_064826/round_076/mutations/mutated_0004.html (528)
[204366:204366:0324/185915.252216:INFO:CONSOLE(529)] "Uncaught SyntaxError: Invalid or unexpected token", source: file:///home/dhia/browser-fuzzer/Dissertation/logger/run_20250324_064826/round_076/mutations/mutated_0004.html (529)
[204366:204366:0324/185915.306034:INFO:CONSOLE(530)] "Uncaught SyntaxError: Invalid or unexpected token", source: file:///home/dhia/browser-fuzzer/Dissertation/logger/run_20250324_064826/round_076/mutations/mutated_0004.html (530)
[204366:204366:0324/185915.321022:INFO:CONSOLE(531)] "Uncaught SyntaxError: Invalid or unexpected token", source: file:///home/dhia/browser-fuzzer/Dissertation/logger/run_20250324_064826/round_076/mutations/mutated_0004.html (531)
[204366:204366:0324/185915.334152:INFO:CONSOLE(532)] "Uncaught SyntaxError: Invalid or unexpected token", source: file:///home/dhia/browser-fuzzer/Dissertation/logger/run_20250324_064826/round_076/mutations/mutated_0004.html (532)
[204366:204366:0324/185915.429911:INFO:CONSOLE(533)] "Uncaught SyntaxError: Invalid or unexpected token", source: file:///home/dhia/browser-fuzzer/Dissertation/logger/run_20250324_064826/round_076/mutations/mutated_0004.html (533)
[204366:204366:0324/185915.435196:INFO:CONSOLE(534)] "Uncaught SyntaxError: Invalid or unexpected token", source: file:///home/dhia/browser-fuzzer/Dissertation/logger/run_20250324_064826/round_076/mutations/mutated_0004.html (534)
[204366:204366:0324/185915.449831:INFO:CONSOLE(535)] "Uncaught SyntaxError: Invalid or unexpected token", source: file:///home/dhia/browser-fuzzer/Dissertation/logger/run_20250324_064826/round_076/mutations/mutated_0004.html (535)
[204366:204366:0324/185915.521385:INFO:CONSOLE(536)] "Uncaught SyntaxError: Invalid or unexpected token", source: file:///home/dhia/browser-fuzzer/Dissertation/logger/run_20250324_064826/round_076/mutations/mutated_0004.html (536)
[204366:204366:0324/185915.533984:INFO:CONSOLE(537)] "Uncaught SyntaxError: Invalid or unexpected token", source: file:///home/dhia/browser-fuzzer/Dissertation/logger/run_20250324_064826/round_076/mutations/mutated_0004.html (537)
[204366:204366:0324/185915.622736:INFO:CONSOLE(538)] "Uncaught SyntaxError: Invalid or unexpected token", source: file:///home/dhia/browser-fuzzer/Dissertation/logger/run_20250324_064826/round_076/mutations/mutated_0004.html (538)
[204366:204366:0324/185915.647703:INFO:CONSOLE(539)] "Uncaught SyntaxError: Invalid or unexpected token", source: file:///home/dhia/browser-fuzzer/Dissertation/logger/run_20250324_064826/round_076/mutations/mutated_0004.html (539)
[204366:204366:0324/185915.653035:INFO:CONSOLE(540)] "Uncaught SyntaxError: Invalid or unexpected token", source: file:///home/dhia/browser-fuzzer/Dissertation/logger/run_20250324_064826/round_076/mutations/mutated_0004.html (540)
[204366:204366:0324/185915.720493:INFO:CONSOLE(541)] "Uncaught SyntaxError: Invalid or unexpected token", source: file:///home/dhia/browser-fuzzer/Dissertation/logger/run_20250324_064826/round_076/mutations/mutated_0004.html (541)
[204366:204366:0324/185915.736842:INFO:CONSOLE(542)] "Uncaught SyntaxError: Invalid or unexpected token", source: file:///home/dhia/browser-fuzzer/Dissertation/logger/run_20250324_064826/round_076/mutations/mutated_0004.html (542)
[204366:204366:0324/185915.755548:INFO:CONSOLE(543)] "Uncaught SyntaxError: Invalid or unexpected token", source: file:///home/dhia/browser-fuzzer/Dissertation/logger/run_20250324_064826/round_076/mutations/mutated_0004.html (543)
[204366:204366:0324/185915.814688:INFO:CONSOLE(544)] "Uncaught SyntaxError: Invalid or unexpected token", source: file:///home/dhia/browser-fuzzer/Dissertation/logger/run_20250324_064826/round_076/mutations/mutated_0004.html (544)
[204366:204366:0324/185915.827303:INFO:CONSOLE(545)] "Uncaught SyntaxError: Invalid or unexpected token", source: file:///home/dhia/browser-fuzzer/Dissertation/logger/run_20250324_064826/round_076/mutations/mutated_0004.html (545)
[204366:204366:0324/185915.844561:INFO:CONSOLE(546)] "Uncaught SyntaxError: Invalid or unexpected token", source: file:///home/dhia/browser-fuzzer/Dissertation/logger/run_20250324_064826/round_076/mutations/mutated_0004.html (546)
[204366:204366:0324/185915.915285:INFO:CONSOLE(547)] "Uncaught SyntaxError: Invalid or unexpected token", source: file:///home/dhia/browser-fuzzer/Dissertation/logger/run_20250324_064826/round_076/mutations/mutated_0004.html (547)
[204366:204366:0324/185915.932491:INFO:CONSOLE(548)] "Uncaught SyntaxError: Invalid or unexpected token", source: file:///home/dhia/browser-fuzzer/Dissertation/logger/run_20250324_064826/round_076/mutations/mutated_0004.html (548)
[204366:204366:0324/185916.027030:INFO:CONSOLE(635)] "Uncaught SyntaxError: Invalid or unexpected token", source: file:///home/dhia/browser-fuzzer/Dissertation/logger/run_20250324_064826/round_076/mutations/mutated_0004.html (635)
[204366:204366:0324/185916.035861:INFO:CONSOLE(636)] "Uncaught SyntaxError: Invalid or unexpected token", source: file:///home/dhia/browser-fuzzer/Dissertation/logger/run_20250324_064826/round_076/mutations/mutated_0004.html (636)
[204366:204366:0324/185916.051651:INFO:CONSOLE(637)] "Uncaught SyntaxError: Invalid or unexpected token", source: file:///home/dhia/browser-fuzzer/Dissertation/logger/run_20250324_064826/round_076/mutations/mutated_0004.html (637)
[204366:204366:0324/190008.570915:ERROR:background_mode_manager_aura.cc(12)] Not implemented reached in virtual void BackgroundModeManager::EnableLaunchOnStartup(bool)
[204366:204366:0324/190008.788528:ERROR:kill_posix.cc(33)] waitpid(204430): No child processes (10)
[204366:204390:0324/190008.799323:WARNING:discardable_shared_memory_manager.cc(452)] Some MojoDiscardableSharedMemoryManagerImpls are still alive. They will be leaked.
