[1740177605.053][INFO]: Starting ChromeDriver 135.0.7019.0 (0000000000000000000000000000000000000000-0000000000000000000000000000000000000000) on port 38069
[1740177605.053][INFO]: Please see https://chromedriver.chromium.org/security-considerations for suggestions on keeping ChromeDriver safe.
[1740177605.189][INFO]: ChromeDriver was started successfully on port 38069
[1740177605.467][INFO]: [40402aa3d96592b153de9f117586b9a8] COMMAND InitSession {
   "capabilities": {
      "alwaysMatch": {
         "browserName": "chrome",
         "goog:chromeOptions": {
            "args": [ "--headless=new", "--disable-gpu", "--no-sandbox", "--enable-features=AddressSanitizer", "--disable-dev-shm-usage", "--auto-open-devtools-for-tabs", "--enable-logging", "--v=1", "--enable-gpu-rasterization", "--force-color-profile=srgb" ],
            "binary": "/home/dhia/chromium/src/out/asan/chrome",
            "extensions": [  ]
         },
         "goog:loggingPrefs": {
            "performance": "ALL"
         },
         "pageLoadStrategy": "normal"
      },
      "firstMatch": [ {
      } ]
   }
}
[1740177605.484][INFO]: Populating Preferences file: {
   "alternate_error_pages": {
      "enabled": false
   },
   "autofill": {
      "enabled": false
   },
   "browser": {
      "check_default_browser": false
   },
   "distribution": {
      "import_bookmarks": false,
      "import_history": false,
      "import_search_engine": false,
      "make_chrome_default_for_user": false,
      "skip_first_run_ui": true
   },
   "dns_prefetching": {
      "enabled": false
   },
   "profile": {
      "content_settings": {
         "pattern_pairs": {
            "https://*,*": {
               "media-stream": {
                  "audio": "Default",
                  "video": "Default"
               }
            }
         }
      },
      "default_content_setting_values": {
         "geolocation": 1
      },
      "default_content_settings": {
         "geolocation": 1,
         "mouselock": 1,
         "notifications": 1,
         "popups": 1,
         "ppapi-broker": 1
      },
      "password_manager_enabled": false
   },
   "safebrowsing": {
      "enabled": false
   },
   "search": {
      "suggest_enabled": false
   },
   "translate": {
      "enabled": false
   }
}
[1740177605.491][INFO]: Populating Local State file: {
   "background_mode": {
      "enabled": false
   },
   "ssl": {
      "rev_checking": {
         "enabled": false
      }
   }
}
[1740177605.492][INFO]: ChromeDriver supports communication with Chrome via pipes. This is more reliable and more secure.
[1740177605.492][INFO]: Use the --remote-debugging-pipe Chrome switch instead of the default --remote-debugging-port to enable this communication mode.
[1740177605.492][INFO]: Launching chrome: /home/dhia/chromium/src/out/asan/chrome --allow-pre-commit-input --auto-open-devtools-for-tabs --disable-background-networking --disable-client-side-phishing-detection --disable-default-apps --disable-dev-shm-usage --disable-gpu --disable-hang-monitor --disable-popup-blocking --disable-prompt-on-repost --disable-sync --enable-automation --enable-features=AddressSanitizer --enable-gpu-rasterization --enable-logging --force-color-profile=srgb --headless=new --log-level=0 --no-first-run --no-sandbox --no-service-autorun --password-store=basic --remote-debugging-port=0 --test-type=webdriver --use-mock-keychain --user-data-dir=/tmp/.org.chromium.Chromium.0F5ult --v=1 data:,
